# output generated by /home/rgomez/anaconda3/bin/gat-run.py --segments=analysis/20220621_LocationPatterns/GATfiles/Segments/NAHRinvs.bed --annotations=analysis/20220621_LocationPatterns/GATfiles/Annotations/annotations_CEUSpence.bed --output-counts-pattern=analysis/20220621_LocationPatterns/GATresults/AllIsochores0.1/counts/NAHRinvs_CEUSpence_%s.tsv.gz --isochores=analysis/20220621_LocationPatterns/GATfiles/Isochores/genomicSuperDups_COzones_0.1/windows.txt --workspace=analysis/20220621_LocationPatterns/GATfiles/Workspace/workspace_CEUSpence.bed --num-samples=100 --log=analysis/20220621_LocationPatterns/GATresults/AllIsochores0.1/log/NAHRinvs_CEUSpence.log --stdout=analysis/20220621_LocationPatterns/GATresults/AllIsochores0.1/tsv/NAHRinvs_CEUSpence.tsv
# job started at Tue Jun 21 08:59:03 2022 on rgomez-pc -- f22b5efa-b02e-467a-93de-a17d4ba762be
# pid: 12507, system: Linux 5.3.0-7648-generic #41~1586790036~18.04~600aeb5-Ubuntu SMP Mon Apr 13 17:47:15 UTC  x86_64
# annotation_files                        : ['analysis/20220621_LocationPatterns/GATfiles/Annotations/annotations_CEUSpence.bed']
# annotations_label                       : None
# annotations_to_points                   : None
# bucket_size                             : 0
# cache                                   : None
# conditional                             : unconditional
# conditional_expansion                   : None
# conditional_extension                   : None
# counters                                : []
# enable_split_tracks                     : False
# ignore_segment_tracks                   : True
# input_filename_counts                   : None
# input_filename_descriptions             : None
# input_filename_results                  : None
# isochore_files                          : ['analysis/20220621_LocationPatterns/GATfiles/Isochores/genomicSuperDups_COzones_0.1/windows.txt']
# loglevel                                : 1
# nbuckets                                : 100000
# null                                    : default
# num_samples                             : 100
# num_threads                             : 0
# output_bed                              : []
# output_counts_pattern                   : analysis/20220621_LocationPatterns/GATresults/AllIsochores0.1/counts/NAHRinvs_CEUSpence_%s.tsv.gz
# output_filename_pattern                 : %s
# output_force                            : False
# output_order                            : fold
# output_plots_pattern                    : None
# output_samples_pattern                  : None
# output_stats                            : []
# output_tables_pattern                   : %s.tsv.gz
# overlapping_annotations                 : False
# pseudo_count                            : 1.0
# pvalue_method                           : empirical
# qvalue_lambda                           : None
# qvalue_method                           : BH
# qvalue_pi0_method                       : smoother
# random_seed                             : None
# restrict_workspace                      : False
# sample_files                            : []
# sampler                                 : annotator
# segment_files                           : ['analysis/20220621_LocationPatterns/GATfiles/Segments/NAHRinvs.bed']
# shift_expansion                         : 2.0
# shift_extension                         : 0
# short_help                              : None
# stderr                                  : <_io.TextIOWrapper name='<stderr>' mode='w' encoding='utf-8'>
# stdin                                   : <_io.TextIOWrapper name='<stdin>' mode='r' encoding='utf-8'>
# stdlog                                  : <_io.TextIOWrapper name='analysis/20220621_LocationPatterns/GATresults/AllIsochores0.1/log/NAHRinvs_CEUSpence.log' mode='a' encoding='UTF-8'>
# stdout                                  : <_io.TextIOWrapper name='analysis/20220621_LocationPatterns/GATresults/AllIsochores0.1/tsv/NAHRinvs_CEUSpence.tsv' mode='w' encoding='UTF-8'>
# timeit_file                             : None
# timeit_header                           : None
# timeit_name                             : all
# truncate_segments_to_workspace          : False
# truncate_workspace_to_annotations       : False
# workspace_files                         : ['analysis/20220621_LocationPatterns/GATfiles/Workspace/workspace_CEUSpence.bed']
2022-06-21 08:59:03,240 INFO segments: reading tracks from 1 files
2022-06-21 08:59:03,240 INFO segments: read 1 tracks from 1 files
2022-06-21 08:59:03,240 INFO annotations: reading tracks from 1 files
2022-06-21 08:59:03,578 INFO annotations: read 6 tracks from 1 files
2022-06-21 08:59:03,583 INFO workspaces: reading tracks from 1 files
2022-06-21 08:59:03,583 INFO workspaces: read 1 tracks from 1 files
2022-06-21 08:59:03,583 INFO collapsing workspaces
2022-06-21 08:59:03,583 INFO isochores: reading isochores from 1 files
2022-06-21 08:59:03,584 INFO intervals loaded in 0 seconds
2022-06-21 08:59:03,584 INFO adding isochores to workspace
2022-06-21 08:59:03,586 INFO collecting observed counts
2022-06-21 08:59:03,586 INFO starting sampling
2022-06-21 08:59:03,586 INFO sampling: merged: 1/1
2022-06-21 08:59:03,586 INFO performing unconditional sampling
2022-06-21 08:59:03,593 INFO workspace without conditioning: 90 segments, 2698883317 nucleotides
2022-06-21 08:59:03,593 INFO workspace after conditioning: 90 segments, 2698883317 nucleotides
2022-06-21 08:59:03,593 INFO sampling started
2022-06-21 08:59:03,598 INFO 0/100 done ( 0.00)
2022-06-21 08:59:04,027 INFO sampling completed
2022-06-21 08:59:04,027 INFO sampling finished
2022-06-21 08:59:04,027 INFO computing PValue statistics
2022-06-21 08:59:04,029 INFO writing counts to analysis/20220621_LocationPatterns/GATresults/AllIsochores0.1/counts/NAHRinvs_CEUSpence_nucleotide-overlap.tsv.gz
2022-06-21 08:59:04,030 INFO computing FDR statistics
# job finished in 0 seconds at Tue Jun 21 08:59:04 2022 --  1.52  0.04  0.00  0.00 -- f22b5efa-b02e-467a-93de-a17d4ba762be
