# output generated by /home/rgomez/anaconda3/bin/gat-run.py --segments=analysis/20220622_LocationPatterns/GATfiles/Segments/HFNAHR_Big.bed --isochores=analysis/20220622_LocationPatterns/GATfiles/Isochores/isochores_NAHR_Big.bed --annotations=analysis/20220622_LocationPatterns/GATfiles/Annotations/annotations_repeats.bed --workspace=analysis/20220622_LocationPatterns/GATfiles/Workspace/workspace_avgBherer.bed --num-samples=1000 --log=analysis/20220622_LocationPatterns/GATresults/NAHR_Big/log/HFNAHR_Big_annotations_repeats.log --stdout=analysis/20220622_LocationPatterns/GATresults/NAHR_Big/tsv/HFNAHR_Big_annotations_repeats.tsv
# job started at Wed Jun 22 23:04:18 2022 on rgomez-pc -- 226feaba-e0e9-4f28-a602-16d334129b75
# pid: 26424, system: Linux 5.3.0-7648-generic #41~1586790036~18.04~600aeb5-Ubuntu SMP Mon Apr 13 17:47:15 UTC  x86_64
# annotation_files                        : ['analysis/20220622_LocationPatterns/GATfiles/Annotations/annotations_repeats.bed']
# annotations_label                       : None
# annotations_to_points                   : None
# bucket_size                             : 0
# cache                                   : None
# conditional                             : unconditional
# conditional_expansion                   : None
# conditional_extension                   : None
# counters                                : []
# enable_split_tracks                     : False
# ignore_segment_tracks                   : True
# input_filename_counts                   : None
# input_filename_descriptions             : None
# input_filename_results                  : None
# isochore_files                          : ['analysis/20220622_LocationPatterns/GATfiles/Isochores/isochores_NAHR_Big.bed']
# loglevel                                : 1
# nbuckets                                : 100000
# null                                    : default
# num_samples                             : 1000
# num_threads                             : 0
# output_bed                              : []
# output_counts_pattern                   : None
# output_filename_pattern                 : %s
# output_force                            : False
# output_order                            : fold
# output_plots_pattern                    : None
# output_samples_pattern                  : None
# output_stats                            : []
# output_tables_pattern                   : %s.tsv.gz
# overlapping_annotations                 : False
# pseudo_count                            : 1.0
# pvalue_method                           : empirical
# qvalue_lambda                           : None
# qvalue_method                           : BH
# qvalue_pi0_method                       : smoother
# random_seed                             : None
# restrict_workspace                      : False
# sample_files                            : []
# sampler                                 : annotator
# segment_files                           : ['analysis/20220622_LocationPatterns/GATfiles/Segments/HFNAHR_Big.bed']
# shift_expansion                         : 2.0
# shift_extension                         : 0
# short_help                              : None
# stderr                                  : <_io.TextIOWrapper name='<stderr>' mode='w' encoding='utf-8'>
# stdin                                   : <_io.TextIOWrapper name='<stdin>' mode='r' encoding='utf-8'>
# stdlog                                  : <_io.TextIOWrapper name='analysis/20220622_LocationPatterns/GATresults/NAHR_Big/log/HFNAHR_Big_annotations_repeats.log' mode='a' encoding='UTF-8'>
# stdout                                  : <_io.TextIOWrapper name='analysis/20220622_LocationPatterns/GATresults/NAHR_Big/tsv/HFNAHR_Big_annotations_repeats.tsv' mode='w' encoding='UTF-8'>
# timeit_file                             : None
# timeit_header                           : None
# timeit_name                             : all
# truncate_segments_to_workspace          : False
# truncate_workspace_to_annotations       : False
# workspace_files                         : ['analysis/20220622_LocationPatterns/GATfiles/Workspace/workspace_avgBherer.bed']
2022-06-22 23:04:18,914 INFO segments: reading tracks from 1 files
2022-06-22 23:04:18,914 INFO segments: read 1 tracks from 1 files
2022-06-22 23:04:18,914 INFO annotations: reading tracks from 1 files
2022-06-22 23:04:19,029 INFO annotations: read 1 tracks from 1 files
2022-06-22 23:04:19,034 INFO workspaces: reading tracks from 1 files
2022-06-22 23:04:19,034 INFO workspaces: read 1 tracks from 1 files
2022-06-22 23:04:19,034 INFO collapsing workspaces
2022-06-22 23:04:19,034 INFO isochores: reading isochores from 1 files
2022-06-22 23:04:19,036 INFO intervals loaded in 0 seconds
2022-06-22 23:04:19,036 INFO adding isochores to workspace
2022-06-22 23:04:19,036 INFO collecting observed counts
2022-06-22 23:04:19,036 INFO starting sampling
2022-06-22 23:04:19,037 INFO sampling: merged: 1/1
2022-06-22 23:04:19,037 INFO performing unconditional sampling
2022-06-22 23:04:19,037 INFO workspace without conditioning: 1090 segments, 2678195140 nucleotides
2022-06-22 23:04:19,037 INFO workspace after conditioning: 1090 segments, 2678195140 nucleotides
2022-06-22 23:04:19,038 INFO sampling started
2022-06-22 23:04:19,039 INFO 0/1000 done ( 0.00)
2022-06-22 23:04:19,081 INFO 100/1000 done (10.00)
2022-06-22 23:04:19,124 INFO 200/1000 done (20.00)
2022-06-22 23:04:19,165 INFO 300/1000 done (30.00)
2022-06-22 23:04:19,206 INFO 400/1000 done (40.00)
2022-06-22 23:04:19,247 INFO 500/1000 done (50.00)
2022-06-22 23:04:19,288 INFO 600/1000 done (60.00)
2022-06-22 23:04:19,329 INFO 700/1000 done (70.00)
2022-06-22 23:04:19,369 INFO 800/1000 done (80.00)
2022-06-22 23:04:19,410 INFO 900/1000 done (90.00)
2022-06-22 23:04:19,450 INFO sampling completed
2022-06-22 23:04:19,450 INFO sampling finished
2022-06-22 23:04:19,450 INFO computing PValue statistics
2022-06-22 23:04:19,451 INFO computing FDR statistics
# job finished in 0 seconds at Wed Jun 22 23:04:19 2022 --  1.35  0.02  0.00  0.00 -- 226feaba-e0e9-4f28-a602-16d334129b75
# output generated by /home/rgomez/anaconda3/bin/gat-run.py --segments=analysis/20220622_LocationPatterns/GATfiles/Segments/HFNAHR_Big.bed --isochores=analysis/20220622_LocationPatterns/GATfiles/Isochores/isochores_NAHR_Big.bed --annotations=analysis/20220622_LocationPatterns/GATfiles/Annotations/annotations_repeats.bed --workspace=analysis/20220622_LocationPatterns/GATfiles/Workspace/workspace_avgBherer.bed --num-samples=1000 --log=analysis/20220622_LocationPatterns/GATresults/NAHR_Big/log/HFNAHR_Big_annotations_repeats.log --stdout=analysis/20220622_LocationPatterns/GATresults/NAHR_Big/tsv/HFNAHR_Big_annotations_repeats.tsv
# job started at Wed Jun 22 23:04:21 2022 on rgomez-pc -- a3c92b24-9e43-4c95-92cb-232586d2f6d7
# pid: 26431, system: Linux 5.3.0-7648-generic #41~1586790036~18.04~600aeb5-Ubuntu SMP Mon Apr 13 17:47:15 UTC  x86_64
# annotation_files                        : ['analysis/20220622_LocationPatterns/GATfiles/Annotations/annotations_repeats.bed']
# annotations_label                       : None
# annotations_to_points                   : None
# bucket_size                             : 0
# cache                                   : None
# conditional                             : unconditional
# conditional_expansion                   : None
# conditional_extension                   : None
# counters                                : []
# enable_split_tracks                     : False
# ignore_segment_tracks                   : True
# input_filename_counts                   : None
# input_filename_descriptions             : None
# input_filename_results                  : None
# isochore_files                          : ['analysis/20220622_LocationPatterns/GATfiles/Isochores/isochores_NAHR_Big.bed']
# loglevel                                : 1
# nbuckets                                : 100000
# null                                    : default
# num_samples                             : 1000
# num_threads                             : 0
# output_bed                              : []
# output_counts_pattern                   : None
# output_filename_pattern                 : %s
# output_force                            : False
# output_order                            : fold
# output_plots_pattern                    : None
# output_samples_pattern                  : None
# output_stats                            : []
# output_tables_pattern                   : %s.tsv.gz
# overlapping_annotations                 : False
# pseudo_count                            : 1.0
# pvalue_method                           : empirical
# qvalue_lambda                           : None
# qvalue_method                           : BH
# qvalue_pi0_method                       : smoother
# random_seed                             : None
# restrict_workspace                      : False
# sample_files                            : []
# sampler                                 : annotator
# segment_files                           : ['analysis/20220622_LocationPatterns/GATfiles/Segments/HFNAHR_Big.bed']
# shift_expansion                         : 2.0
# shift_extension                         : 0
# short_help                              : None
# stderr                                  : <_io.TextIOWrapper name='<stderr>' mode='w' encoding='utf-8'>
# stdin                                   : <_io.TextIOWrapper name='<stdin>' mode='r' encoding='utf-8'>
# stdlog                                  : <_io.TextIOWrapper name='analysis/20220622_LocationPatterns/GATresults/NAHR_Big/log/HFNAHR_Big_annotations_repeats.log' mode='a' encoding='UTF-8'>
# stdout                                  : <_io.TextIOWrapper name='analysis/20220622_LocationPatterns/GATresults/NAHR_Big/tsv/HFNAHR_Big_annotations_repeats.tsv' mode='w' encoding='UTF-8'>
# timeit_file                             : None
# timeit_header                           : None
# timeit_name                             : all
# truncate_segments_to_workspace          : False
# truncate_workspace_to_annotations       : False
# workspace_files                         : ['analysis/20220622_LocationPatterns/GATfiles/Workspace/workspace_avgBherer.bed']
2022-06-22 23:04:21,755 INFO segments: reading tracks from 1 files
2022-06-22 23:04:21,755 INFO segments: read 1 tracks from 1 files
2022-06-22 23:04:21,755 INFO annotations: reading tracks from 1 files
2022-06-22 23:04:21,867 INFO annotations: read 1 tracks from 1 files
2022-06-22 23:04:21,872 INFO workspaces: reading tracks from 1 files
2022-06-22 23:04:21,872 INFO workspaces: read 1 tracks from 1 files
2022-06-22 23:04:21,872 INFO collapsing workspaces
2022-06-22 23:04:21,872 INFO isochores: reading isochores from 1 files
2022-06-22 23:04:21,874 INFO intervals loaded in 0 seconds
2022-06-22 23:04:21,874 INFO adding isochores to workspace
2022-06-22 23:04:21,875 INFO collecting observed counts
2022-06-22 23:04:21,875 INFO starting sampling
2022-06-22 23:04:21,875 INFO sampling: merged: 1/1
2022-06-22 23:04:21,875 INFO performing unconditional sampling
2022-06-22 23:04:21,876 INFO workspace without conditioning: 1090 segments, 2678195140 nucleotides
2022-06-22 23:04:21,876 INFO workspace after conditioning: 1090 segments, 2678195140 nucleotides
2022-06-22 23:04:21,876 INFO sampling started
2022-06-22 23:04:21,878 INFO 0/1000 done ( 0.00)
2022-06-22 23:04:21,920 INFO 100/1000 done (10.00)
2022-06-22 23:04:21,960 INFO 200/1000 done (20.00)
2022-06-22 23:04:22,001 INFO 300/1000 done (30.00)
2022-06-22 23:04:22,043 INFO 400/1000 done (40.00)
2022-06-22 23:04:22,085 INFO 500/1000 done (50.00)
2022-06-22 23:04:22,125 INFO 600/1000 done (60.00)
2022-06-22 23:04:22,166 INFO 700/1000 done (70.00)
2022-06-22 23:04:22,205 INFO 800/1000 done (80.00)
2022-06-22 23:04:22,245 INFO 900/1000 done (90.00)
2022-06-22 23:04:22,286 INFO sampling completed
2022-06-22 23:04:22,287 INFO sampling finished
2022-06-22 23:04:22,287 INFO computing PValue statistics
2022-06-22 23:04:22,287 INFO computing FDR statistics
# job finished in 0 seconds at Wed Jun 22 23:04:22 2022 --  1.32  0.04  0.00  0.00 -- a3c92b24-9e43-4c95-92cb-232586d2f6d7
