# output generated by /home/rgomez/anaconda3/bin/gat-run.py --segments=analysis/20220622_LocationPatterns/GATfiles/Segments/LFNAHR_Big.bed --isochores=analysis/20220622_LocationPatterns/GATfiles/Isochores/isochores_NAHR_Big.bed --annotations=analysis/20220622_LocationPatterns/GATfiles/Annotations/annotations_repeats.bed --workspace=analysis/20220622_LocationPatterns/GATfiles/Workspace/workspace_avgBherer.bed --num-samples=1000 --log=analysis/20220622_LocationPatterns/GATresults/NAHR_Big/log/LFNAHR_Big_annotations_repeats.log --stdout=analysis/20220622_LocationPatterns/GATresults/NAHR_Big/tsv/LFNAHR_Big_annotations_repeats.tsv
# job started at Wed Jun 22 23:04:22 2022 on rgomez-pc -- cdd07faa-b833-4267-8101-b5ecb69faa88
# pid: 26433, system: Linux 5.3.0-7648-generic #41~1586790036~18.04~600aeb5-Ubuntu SMP Mon Apr 13 17:47:15 UTC  x86_64
# annotation_files                        : ['analysis/20220622_LocationPatterns/GATfiles/Annotations/annotations_repeats.bed']
# annotations_label                       : None
# annotations_to_points                   : None
# bucket_size                             : 0
# cache                                   : None
# conditional                             : unconditional
# conditional_expansion                   : None
# conditional_extension                   : None
# counters                                : []
# enable_split_tracks                     : False
# ignore_segment_tracks                   : True
# input_filename_counts                   : None
# input_filename_descriptions             : None
# input_filename_results                  : None
# isochore_files                          : ['analysis/20220622_LocationPatterns/GATfiles/Isochores/isochores_NAHR_Big.bed']
# loglevel                                : 1
# nbuckets                                : 100000
# null                                    : default
# num_samples                             : 1000
# num_threads                             : 0
# output_bed                              : []
# output_counts_pattern                   : None
# output_filename_pattern                 : %s
# output_force                            : False
# output_order                            : fold
# output_plots_pattern                    : None
# output_samples_pattern                  : None
# output_stats                            : []
# output_tables_pattern                   : %s.tsv.gz
# overlapping_annotations                 : False
# pseudo_count                            : 1.0
# pvalue_method                           : empirical
# qvalue_lambda                           : None
# qvalue_method                           : BH
# qvalue_pi0_method                       : smoother
# random_seed                             : None
# restrict_workspace                      : False
# sample_files                            : []
# sampler                                 : annotator
# segment_files                           : ['analysis/20220622_LocationPatterns/GATfiles/Segments/LFNAHR_Big.bed']
# shift_expansion                         : 2.0
# shift_extension                         : 0
# short_help                              : None
# stderr                                  : <_io.TextIOWrapper name='<stderr>' mode='w' encoding='utf-8'>
# stdin                                   : <_io.TextIOWrapper name='<stdin>' mode='r' encoding='utf-8'>
# stdlog                                  : <_io.TextIOWrapper name='analysis/20220622_LocationPatterns/GATresults/NAHR_Big/log/LFNAHR_Big_annotations_repeats.log' mode='a' encoding='UTF-8'>
# stdout                                  : <_io.TextIOWrapper name='analysis/20220622_LocationPatterns/GATresults/NAHR_Big/tsv/LFNAHR_Big_annotations_repeats.tsv' mode='w' encoding='UTF-8'>
# timeit_file                             : None
# timeit_header                           : None
# timeit_name                             : all
# truncate_segments_to_workspace          : False
# truncate_workspace_to_annotations       : False
# workspace_files                         : ['analysis/20220622_LocationPatterns/GATfiles/Workspace/workspace_avgBherer.bed']
2022-06-22 23:04:22,023 INFO segments: reading tracks from 1 files
2022-06-22 23:04:22,023 INFO segments: read 1 tracks from 1 files
2022-06-22 23:04:22,023 INFO annotations: reading tracks from 1 files
2022-06-22 23:04:22,137 INFO annotations: read 1 tracks from 1 files
2022-06-22 23:04:22,141 INFO workspaces: reading tracks from 1 files
2022-06-22 23:04:22,141 INFO workspaces: read 1 tracks from 1 files
2022-06-22 23:04:22,141 INFO collapsing workspaces
2022-06-22 23:04:22,141 INFO isochores: reading isochores from 1 files
2022-06-22 23:04:22,143 INFO intervals loaded in 0 seconds
2022-06-22 23:04:22,143 INFO adding isochores to workspace
2022-06-22 23:04:22,143 INFO collecting observed counts
2022-06-22 23:04:22,144 INFO starting sampling
2022-06-22 23:04:22,144 INFO sampling: merged: 1/1
2022-06-22 23:04:22,144 INFO performing unconditional sampling
2022-06-22 23:04:22,144 INFO workspace without conditioning: 1090 segments, 2678195140 nucleotides
2022-06-22 23:04:22,144 INFO workspace after conditioning: 1090 segments, 2678195140 nucleotides
2022-06-22 23:04:22,145 INFO sampling started
2022-06-22 23:04:22,145 INFO 0/1000 done ( 0.00)
2022-06-22 23:04:22,164 INFO 100/1000 done (10.00)
2022-06-22 23:04:22,182 INFO 200/1000 done (20.00)
2022-06-22 23:04:22,201 INFO 300/1000 done (30.00)
2022-06-22 23:04:22,219 INFO 400/1000 done (40.00)
2022-06-22 23:04:22,238 INFO 500/1000 done (50.00)
2022-06-22 23:04:22,256 INFO 600/1000 done (60.00)
2022-06-22 23:04:22,275 INFO 700/1000 done (70.00)
2022-06-22 23:04:22,293 INFO 800/1000 done (80.00)
2022-06-22 23:04:22,313 INFO 900/1000 done (90.00)
2022-06-22 23:04:22,332 INFO sampling completed
2022-06-22 23:04:22,333 INFO sampling finished
2022-06-22 23:04:22,333 INFO computing PValue statistics
2022-06-22 23:04:22,334 INFO computing FDR statistics
# job finished in 0 seconds at Wed Jun 22 23:04:22 2022 --  1.07  0.03  0.00  0.00 -- cdd07faa-b833-4267-8101-b5ecb69faa88
# output generated by /home/rgomez/anaconda3/bin/gat-run.py --segments=analysis/20220622_LocationPatterns/GATfiles/Segments/LFNAHR_Big.bed --isochores=analysis/20220622_LocationPatterns/GATfiles/Isochores/isochores_NAHR_Big.bed --annotations=analysis/20220622_LocationPatterns/GATfiles/Annotations/annotations_repeats.bed --workspace=analysis/20220622_LocationPatterns/GATfiles/Workspace/workspace_avgBherer.bed --num-samples=1000 --log=analysis/20220622_LocationPatterns/GATresults/NAHR_Big/log/LFNAHR_Big_annotations_repeats.log --stdout=analysis/20220622_LocationPatterns/GATresults/NAHR_Big/tsv/LFNAHR_Big_annotations_repeats.tsv
# job started at Wed Jun 22 23:04:24 2022 on rgomez-pc -- 61385840-1b40-4ad0-9603-a38e3410a4c9
# pid: 26505, system: Linux 5.3.0-7648-generic #41~1586790036~18.04~600aeb5-Ubuntu SMP Mon Apr 13 17:47:15 UTC  x86_64
# annotation_files                        : ['analysis/20220622_LocationPatterns/GATfiles/Annotations/annotations_repeats.bed']
# annotations_label                       : None
# annotations_to_points                   : None
# bucket_size                             : 0
# cache                                   : None
# conditional                             : unconditional
# conditional_expansion                   : None
# conditional_extension                   : None
# counters                                : []
# enable_split_tracks                     : False
# ignore_segment_tracks                   : True
# input_filename_counts                   : None
# input_filename_descriptions             : None
# input_filename_results                  : None
# isochore_files                          : ['analysis/20220622_LocationPatterns/GATfiles/Isochores/isochores_NAHR_Big.bed']
# loglevel                                : 1
# nbuckets                                : 100000
# null                                    : default
# num_samples                             : 1000
# num_threads                             : 0
# output_bed                              : []
# output_counts_pattern                   : None
# output_filename_pattern                 : %s
# output_force                            : False
# output_order                            : fold
# output_plots_pattern                    : None
# output_samples_pattern                  : None
# output_stats                            : []
# output_tables_pattern                   : %s.tsv.gz
# overlapping_annotations                 : False
# pseudo_count                            : 1.0
# pvalue_method                           : empirical
# qvalue_lambda                           : None
# qvalue_method                           : BH
# qvalue_pi0_method                       : smoother
# random_seed                             : None
# restrict_workspace                      : False
# sample_files                            : []
# sampler                                 : annotator
# segment_files                           : ['analysis/20220622_LocationPatterns/GATfiles/Segments/LFNAHR_Big.bed']
# shift_expansion                         : 2.0
# shift_extension                         : 0
# short_help                              : None
# stderr                                  : <_io.TextIOWrapper name='<stderr>' mode='w' encoding='utf-8'>
# stdin                                   : <_io.TextIOWrapper name='<stdin>' mode='r' encoding='utf-8'>
# stdlog                                  : <_io.TextIOWrapper name='analysis/20220622_LocationPatterns/GATresults/NAHR_Big/log/LFNAHR_Big_annotations_repeats.log' mode='a' encoding='UTF-8'>
# stdout                                  : <_io.TextIOWrapper name='analysis/20220622_LocationPatterns/GATresults/NAHR_Big/tsv/LFNAHR_Big_annotations_repeats.tsv' mode='w' encoding='UTF-8'>
# timeit_file                             : None
# timeit_header                           : None
# timeit_name                             : all
# truncate_segments_to_workspace          : False
# truncate_workspace_to_annotations       : False
# workspace_files                         : ['analysis/20220622_LocationPatterns/GATfiles/Workspace/workspace_avgBherer.bed']
2022-06-22 23:04:24,915 INFO segments: reading tracks from 1 files
2022-06-22 23:04:24,915 INFO segments: read 1 tracks from 1 files
2022-06-22 23:04:24,915 INFO annotations: reading tracks from 1 files
2022-06-22 23:04:25,030 INFO annotations: read 1 tracks from 1 files
2022-06-22 23:04:25,034 INFO workspaces: reading tracks from 1 files
2022-06-22 23:04:25,034 INFO workspaces: read 1 tracks from 1 files
2022-06-22 23:04:25,034 INFO collapsing workspaces
2022-06-22 23:04:25,034 INFO isochores: reading isochores from 1 files
2022-06-22 23:04:25,036 INFO intervals loaded in 0 seconds
2022-06-22 23:04:25,036 INFO adding isochores to workspace
2022-06-22 23:04:25,036 INFO collecting observed counts
2022-06-22 23:04:25,036 INFO starting sampling
2022-06-22 23:04:25,036 INFO sampling: merged: 1/1
2022-06-22 23:04:25,036 INFO performing unconditional sampling
2022-06-22 23:04:25,037 INFO workspace without conditioning: 1090 segments, 2678195140 nucleotides
2022-06-22 23:04:25,037 INFO workspace after conditioning: 1090 segments, 2678195140 nucleotides
2022-06-22 23:04:25,037 INFO sampling started
2022-06-22 23:04:25,038 INFO 0/1000 done ( 0.00)
2022-06-22 23:04:25,057 INFO 100/1000 done (10.00)
2022-06-22 23:04:25,075 INFO 200/1000 done (20.00)
2022-06-22 23:04:25,094 INFO 300/1000 done (30.00)
2022-06-22 23:04:25,112 INFO 400/1000 done (40.00)
2022-06-22 23:04:25,131 INFO 500/1000 done (50.00)
2022-06-22 23:04:25,148 INFO 600/1000 done (60.00)
2022-06-22 23:04:25,167 INFO 700/1000 done (70.00)
2022-06-22 23:04:25,185 INFO 800/1000 done (80.00)
2022-06-22 23:04:25,204 INFO 900/1000 done (90.00)
2022-06-22 23:04:25,222 INFO sampling completed
2022-06-22 23:04:25,223 INFO sampling finished
2022-06-22 23:04:25,223 INFO computing PValue statistics
2022-06-22 23:04:25,224 INFO computing FDR statistics
# job finished in 0 seconds at Wed Jun 22 23:04:25 2022 --  1.13  0.03  0.00  0.00 -- 61385840-1b40-4ad0-9603-a38e3410a4c9
