# output generated by /home/rgomez/anaconda3/bin/gat-run.py --segments=analysis/20220622_LocationPatterns/GATfiles/Segments/NAHR_Big.bed --isochores=analysis/20220622_LocationPatterns/GATfiles/Isochores/isochores_NAHR_Big.bed --annotations=analysis/20220622_LocationPatterns/GATfiles/Annotations/annotations_avgBherer.bed --workspace=analysis/20220622_LocationPatterns/GATfiles/Workspace/workspace_avgBherer.bed --num-samples=1000 --log=analysis/20220622_LocationPatterns/GATresults/NAHR_Big/log/NAHR_Big_annotations_avgBherer.log --stdout=analysis/20220622_LocationPatterns/GATresults/NAHR_Big/tsv/NAHR_Big_annotations_avgBherer.tsv
# job started at Wed Jun 22 23:04:16 2022 on rgomez-pc -- 81c7f2eb-8e4d-473c-b0db-e9d4784fcd52
# pid: 25265, system: Linux 5.3.0-7648-generic #41~1586790036~18.04~600aeb5-Ubuntu SMP Mon Apr 13 17:47:15 UTC  x86_64
# annotation_files                        : ['analysis/20220622_LocationPatterns/GATfiles/Annotations/annotations_avgBherer.bed']
# annotations_label                       : None
# annotations_to_points                   : None
# bucket_size                             : 0
# cache                                   : None
# conditional                             : unconditional
# conditional_expansion                   : None
# conditional_extension                   : None
# counters                                : []
# enable_split_tracks                     : False
# ignore_segment_tracks                   : True
# input_filename_counts                   : None
# input_filename_descriptions             : None
# input_filename_results                  : None
# isochore_files                          : ['analysis/20220622_LocationPatterns/GATfiles/Isochores/isochores_NAHR_Big.bed']
# loglevel                                : 1
# nbuckets                                : 100000
# null                                    : default
# num_samples                             : 1000
# num_threads                             : 0
# output_bed                              : []
# output_counts_pattern                   : None
# output_filename_pattern                 : %s
# output_force                            : False
# output_order                            : fold
# output_plots_pattern                    : None
# output_samples_pattern                  : None
# output_stats                            : []
# output_tables_pattern                   : %s.tsv.gz
# overlapping_annotations                 : False
# pseudo_count                            : 1.0
# pvalue_method                           : empirical
# qvalue_lambda                           : None
# qvalue_method                           : BH
# qvalue_pi0_method                       : smoother
# random_seed                             : None
# restrict_workspace                      : False
# sample_files                            : []
# sampler                                 : annotator
# segment_files                           : ['analysis/20220622_LocationPatterns/GATfiles/Segments/NAHR_Big.bed']
# shift_expansion                         : 2.0
# shift_extension                         : 0
# short_help                              : None
# stderr                                  : <_io.TextIOWrapper name='<stderr>' mode='w' encoding='utf-8'>
# stdin                                   : <_io.TextIOWrapper name='<stdin>' mode='r' encoding='utf-8'>
# stdlog                                  : <_io.TextIOWrapper name='analysis/20220622_LocationPatterns/GATresults/NAHR_Big/log/NAHR_Big_annotations_avgBherer.log' mode='a' encoding='UTF-8'>
# stdout                                  : <_io.TextIOWrapper name='analysis/20220622_LocationPatterns/GATresults/NAHR_Big/tsv/NAHR_Big_annotations_avgBherer.tsv' mode='w' encoding='UTF-8'>
# timeit_file                             : None
# timeit_header                           : None
# timeit_name                             : all
# truncate_segments_to_workspace          : False
# truncate_workspace_to_annotations       : False
# workspace_files                         : ['analysis/20220622_LocationPatterns/GATfiles/Workspace/workspace_avgBherer.bed']
2022-06-22 23:04:16,863 INFO segments: reading tracks from 1 files
2022-06-22 23:04:16,864 INFO segments: read 1 tracks from 1 files
2022-06-22 23:04:16,864 INFO annotations: reading tracks from 1 files
2022-06-22 23:04:17,240 INFO annotations: read 6 tracks from 1 files
2022-06-22 23:04:17,245 INFO workspaces: reading tracks from 1 files
2022-06-22 23:04:17,245 INFO workspaces: read 1 tracks from 1 files
2022-06-22 23:04:17,245 INFO collapsing workspaces
2022-06-22 23:04:17,246 INFO isochores: reading isochores from 1 files
2022-06-22 23:04:17,248 INFO intervals loaded in 0 seconds
2022-06-22 23:04:17,248 INFO adding isochores to workspace
2022-06-22 23:04:17,250 INFO collecting observed counts
2022-06-22 23:04:17,250 INFO starting sampling
2022-06-22 23:04:17,251 INFO sampling: merged: 1/1
2022-06-22 23:04:17,251 INFO performing unconditional sampling
2022-06-22 23:04:17,257 INFO workspace without conditioning: 1090 segments, 2678195140 nucleotides
2022-06-22 23:04:17,258 INFO workspace after conditioning: 1090 segments, 2678195140 nucleotides
2022-06-22 23:04:17,258 INFO sampling started
2022-06-22 23:04:17,259 INFO 0/1000 done ( 0.00)
2022-06-22 23:04:17,330 INFO 100/1000 done (10.00)
2022-06-22 23:04:17,393 INFO 200/1000 done (20.00)
2022-06-22 23:04:17,469 INFO 300/1000 done (30.00)
2022-06-22 23:04:17,569 INFO 400/1000 done (40.00)
2022-06-22 23:04:17,626 INFO 500/1000 done (50.00)
2022-06-22 23:04:17,686 INFO 600/1000 done (60.00)
2022-06-22 23:04:17,753 INFO 700/1000 done (70.00)
2022-06-22 23:04:17,808 INFO 800/1000 done (80.00)
2022-06-22 23:04:17,882 INFO 900/1000 done (90.00)
2022-06-22 23:04:17,940 INFO sampling completed
2022-06-22 23:04:17,941 INFO sampling finished
2022-06-22 23:04:17,941 INFO computing PValue statistics
2022-06-22 23:04:17,945 INFO computing FDR statistics
# job finished in 1 seconds at Wed Jun 22 23:04:17 2022 --  1.97  0.03  0.00  0.00 -- 81c7f2eb-8e4d-473c-b0db-e9d4784fcd52
# output generated by /home/rgomez/anaconda3/bin/gat-run.py --segments=analysis/20220622_LocationPatterns/GATfiles/Segments/NAHR_Big.bed --isochores=analysis/20220622_LocationPatterns/GATfiles/Isochores/isochores_NAHR_Big.bed --annotations=analysis/20220622_LocationPatterns/GATfiles/Annotations/annotations_avgBherer.bed --workspace=analysis/20220622_LocationPatterns/GATfiles/Workspace/workspace_avgBherer.bed --num-samples=1000 --log=analysis/20220622_LocationPatterns/GATresults/NAHR_Big/log/NAHR_Big_annotations_avgBherer.log --stdout=analysis/20220622_LocationPatterns/GATresults/NAHR_Big/tsv/NAHR_Big_annotations_avgBherer.tsv
# job started at Wed Jun 22 23:04:19 2022 on rgomez-pc -- b1db14b0-5294-488e-a9b8-a9410a7da46b
# pid: 26426, system: Linux 5.3.0-7648-generic #41~1586790036~18.04~600aeb5-Ubuntu SMP Mon Apr 13 17:47:15 UTC  x86_64
# annotation_files                        : ['analysis/20220622_LocationPatterns/GATfiles/Annotations/annotations_avgBherer.bed']
# annotations_label                       : None
# annotations_to_points                   : None
# bucket_size                             : 0
# cache                                   : None
# conditional                             : unconditional
# conditional_expansion                   : None
# conditional_extension                   : None
# counters                                : []
# enable_split_tracks                     : False
# ignore_segment_tracks                   : True
# input_filename_counts                   : None
# input_filename_descriptions             : None
# input_filename_results                  : None
# isochore_files                          : ['analysis/20220622_LocationPatterns/GATfiles/Isochores/isochores_NAHR_Big.bed']
# loglevel                                : 1
# nbuckets                                : 100000
# null                                    : default
# num_samples                             : 1000
# num_threads                             : 0
# output_bed                              : []
# output_counts_pattern                   : None
# output_filename_pattern                 : %s
# output_force                            : False
# output_order                            : fold
# output_plots_pattern                    : None
# output_samples_pattern                  : None
# output_stats                            : []
# output_tables_pattern                   : %s.tsv.gz
# overlapping_annotations                 : False
# pseudo_count                            : 1.0
# pvalue_method                           : empirical
# qvalue_lambda                           : None
# qvalue_method                           : BH
# qvalue_pi0_method                       : smoother
# random_seed                             : None
# restrict_workspace                      : False
# sample_files                            : []
# sampler                                 : annotator
# segment_files                           : ['analysis/20220622_LocationPatterns/GATfiles/Segments/NAHR_Big.bed']
# shift_expansion                         : 2.0
# shift_extension                         : 0
# short_help                              : None
# stderr                                  : <_io.TextIOWrapper name='<stderr>' mode='w' encoding='utf-8'>
# stdin                                   : <_io.TextIOWrapper name='<stdin>' mode='r' encoding='utf-8'>
# stdlog                                  : <_io.TextIOWrapper name='analysis/20220622_LocationPatterns/GATresults/NAHR_Big/log/NAHR_Big_annotations_avgBherer.log' mode='a' encoding='UTF-8'>
# stdout                                  : <_io.TextIOWrapper name='analysis/20220622_LocationPatterns/GATresults/NAHR_Big/tsv/NAHR_Big_annotations_avgBherer.tsv' mode='w' encoding='UTF-8'>
# timeit_file                             : None
# timeit_header                           : None
# timeit_name                             : all
# truncate_segments_to_workspace          : False
# truncate_workspace_to_annotations       : False
# workspace_files                         : ['analysis/20220622_LocationPatterns/GATfiles/Workspace/workspace_avgBherer.bed']
2022-06-22 23:04:19,954 INFO segments: reading tracks from 1 files
2022-06-22 23:04:19,954 INFO segments: read 1 tracks from 1 files
2022-06-22 23:04:19,954 INFO annotations: reading tracks from 1 files
2022-06-22 23:04:20,235 INFO annotations: read 6 tracks from 1 files
2022-06-22 23:04:20,239 INFO workspaces: reading tracks from 1 files
2022-06-22 23:04:20,239 INFO workspaces: read 1 tracks from 1 files
2022-06-22 23:04:20,240 INFO collapsing workspaces
2022-06-22 23:04:20,240 INFO isochores: reading isochores from 1 files
2022-06-22 23:04:20,242 INFO intervals loaded in 0 seconds
2022-06-22 23:04:20,242 INFO adding isochores to workspace
2022-06-22 23:04:20,244 INFO collecting observed counts
2022-06-22 23:04:20,244 INFO starting sampling
2022-06-22 23:04:20,244 INFO sampling: merged: 1/1
2022-06-22 23:04:20,244 INFO performing unconditional sampling
2022-06-22 23:04:20,249 INFO workspace without conditioning: 1090 segments, 2678195140 nucleotides
2022-06-22 23:04:20,249 INFO workspace after conditioning: 1090 segments, 2678195140 nucleotides
2022-06-22 23:04:20,250 INFO sampling started
2022-06-22 23:04:20,251 INFO 0/1000 done ( 0.00)
2022-06-22 23:04:20,304 INFO 100/1000 done (10.00)
2022-06-22 23:04:20,358 INFO 200/1000 done (20.00)
2022-06-22 23:04:20,414 INFO 300/1000 done (30.00)
2022-06-22 23:04:20,471 INFO 400/1000 done (40.00)
2022-06-22 23:04:20,526 INFO 500/1000 done (50.00)
2022-06-22 23:04:20,579 INFO 600/1000 done (60.00)
2022-06-22 23:04:20,632 INFO 700/1000 done (70.00)
2022-06-22 23:04:20,685 INFO 800/1000 done (80.00)
2022-06-22 23:04:20,739 INFO 900/1000 done (90.00)
2022-06-22 23:04:20,793 INFO sampling completed
2022-06-22 23:04:20,794 INFO sampling finished
2022-06-22 23:04:20,794 INFO computing PValue statistics
2022-06-22 23:04:20,798 INFO computing FDR statistics
# job finished in 0 seconds at Wed Jun 22 23:04:20 2022 --  1.63  0.02  0.00  0.00 -- b1db14b0-5294-488e-a9b8-a9410a7da46b
