# output generated by /home/rgomez/anaconda3/bin/gat-run.py --segments=analysis/20220621_LocationPatterns/GATfiles/Segments/HFinvs.bed --annotations=analysis/20220621_LocationPatterns/GATfiles/Annotations/genomicSuperDups_coords_normal.bed --output-counts-pattern=analysis/20220621_LocationPatterns/GATresults/WorkspaceHigh0.1_noX/counts/HFinvs_avgBherer_%s.tsv.gz --workspace=analysis/20220621_LocationPatterns/GATfiles/Isochores/genomicSuperDups_COzones_0.1/High.txt --num-samples=100 --log=analysis/20220621_LocationPatterns/GATresults/WorkspaceHigh0.1_noX/log/HFinvs_avgBherer.log --stdout=analysis/20220621_LocationPatterns/GATresults/WorkspaceHigh0.1_noX/tsv/HFinvs_avgBherer.tsv
# job started at Tue Jun 21 09:47:56 2022 on rgomez-pc -- 7aa65076-7d16-4a45-b856-045e5dc00333
# pid: 20554, system: Linux 5.3.0-7648-generic #41~1586790036~18.04~600aeb5-Ubuntu SMP Mon Apr 13 17:47:15 UTC  x86_64
# annotation_files                        : ['analysis/20220621_LocationPatterns/GATfiles/Annotations/genomicSuperDups_coords_normal.bed']
# annotations_label                       : None
# annotations_to_points                   : None
# bucket_size                             : 0
# cache                                   : None
# conditional                             : unconditional
# conditional_expansion                   : None
# conditional_extension                   : None
# counters                                : []
# enable_split_tracks                     : False
# ignore_segment_tracks                   : True
# input_filename_counts                   : None
# input_filename_descriptions             : None
# input_filename_results                  : None
# isochore_files                          : None
# loglevel                                : 1
# nbuckets                                : 100000
# null                                    : default
# num_samples                             : 100
# num_threads                             : 0
# output_bed                              : []
# output_counts_pattern                   : analysis/20220621_LocationPatterns/GATresults/WorkspaceHigh0.1_noX/counts/HFinvs_avgBherer_%s.tsv.gz
# output_filename_pattern                 : %s
# output_force                            : False
# output_order                            : fold
# output_plots_pattern                    : None
# output_samples_pattern                  : None
# output_stats                            : []
# output_tables_pattern                   : %s.tsv.gz
# overlapping_annotations                 : False
# pseudo_count                            : 1.0
# pvalue_method                           : empirical
# qvalue_lambda                           : None
# qvalue_method                           : BH
# qvalue_pi0_method                       : smoother
# random_seed                             : None
# restrict_workspace                      : False
# sample_files                            : []
# sampler                                 : annotator
# segment_files                           : ['analysis/20220621_LocationPatterns/GATfiles/Segments/HFinvs.bed']
# shift_expansion                         : 2.0
# shift_extension                         : 0
# short_help                              : None
# stderr                                  : <_io.TextIOWrapper name='<stderr>' mode='w' encoding='utf-8'>
# stdin                                   : <_io.TextIOWrapper name='<stdin>' mode='r' encoding='utf-8'>
# stdlog                                  : <_io.TextIOWrapper name='analysis/20220621_LocationPatterns/GATresults/WorkspaceHigh0.1_noX/log/HFinvs_avgBherer.log' mode='a' encoding='UTF-8'>
# stdout                                  : <_io.TextIOWrapper name='analysis/20220621_LocationPatterns/GATresults/WorkspaceHigh0.1_noX/tsv/HFinvs_avgBherer.tsv' mode='w' encoding='UTF-8'>
# timeit_file                             : None
# timeit_header                           : None
# timeit_name                             : all
# truncate_segments_to_workspace          : False
# truncate_workspace_to_annotations       : False
# workspace_files                         : ['analysis/20220621_LocationPatterns/GATfiles/Isochores/genomicSuperDups_COzones_0.1/High.txt']
2022-06-21 09:47:56,786 INFO segments: reading tracks from 1 files
2022-06-21 09:47:56,786 INFO segments: read 1 tracks from 1 files
2022-06-21 09:47:56,786 INFO annotations: reading tracks from 1 files
2022-06-21 09:47:56,952 INFO annotations: read 1 tracks from 1 files
2022-06-21 09:47:56,956 INFO workspaces: reading tracks from 1 files
2022-06-21 09:47:56,956 INFO workspaces: read 1 tracks from 1 files
2022-06-21 09:47:56,956 INFO collapsing workspaces
2022-06-21 09:47:56,956 INFO intervals loaded in 0 seconds
2022-06-21 09:47:56,956 INFO collecting observed counts
2022-06-21 09:47:56,957 INFO starting sampling
2022-06-21 09:47:56,957 INFO sampling: merged: 1/1
2022-06-21 09:47:56,957 INFO performing unconditional sampling
2022-06-21 09:47:56,957 INFO workspace without conditioning: 37 segments, 754475325 nucleotides
2022-06-21 09:47:56,957 INFO workspace after conditioning: 37 segments, 754475325 nucleotides
2022-06-21 09:47:56,957 INFO sampling started
2022-06-21 09:47:56,960 INFO 0/100 done ( 0.00)
# output generated by /home/rgomez/anaconda3/bin/gat-run.py --segments=analysis/20220621_LocationPatterns/GATfiles/Segments/HFinvs.bed --annotations=analysis/20220621_LocationPatterns/GATfiles/Annotations/genomicSuperDups_coords_normal.bed --output-counts-pattern=analysis/20220621_LocationPatterns/GATresults/WorkspaceHigh0.1_noX/counts/HFinvs_avgBherer_%s.tsv.gz --workspace=analysis/20220621_LocationPatterns/GATfiles/Isochores/genomicSuperDups_COzones_0.1/High_noX.txt --num-samples=100 --log=analysis/20220621_LocationPatterns/GATresults/WorkspaceHigh0.1_noX/log/HFinvs_avgBherer.log --stdout=analysis/20220621_LocationPatterns/GATresults/WorkspaceHigh0.1_noX/tsv/HFinvs_avgBherer.tsv
# job started at Tue Jun 21 09:48:05 2022 on rgomez-pc -- 7b3fc1ae-61aa-492a-9145-610c49e8c01a
# pid: 20572, system: Linux 5.3.0-7648-generic #41~1586790036~18.04~600aeb5-Ubuntu SMP Mon Apr 13 17:47:15 UTC  x86_64
# annotation_files                        : ['analysis/20220621_LocationPatterns/GATfiles/Annotations/genomicSuperDups_coords_normal.bed']
# annotations_label                       : None
# annotations_to_points                   : None
# bucket_size                             : 0
# cache                                   : None
# conditional                             : unconditional
# conditional_expansion                   : None
# conditional_extension                   : None
# counters                                : []
# enable_split_tracks                     : False
# ignore_segment_tracks                   : True
# input_filename_counts                   : None
# input_filename_descriptions             : None
# input_filename_results                  : None
# isochore_files                          : None
# loglevel                                : 1
# nbuckets                                : 100000
# null                                    : default
# num_samples                             : 100
# num_threads                             : 0
# output_bed                              : []
# output_counts_pattern                   : analysis/20220621_LocationPatterns/GATresults/WorkspaceHigh0.1_noX/counts/HFinvs_avgBherer_%s.tsv.gz
# output_filename_pattern                 : %s
# output_force                            : False
# output_order                            : fold
# output_plots_pattern                    : None
# output_samples_pattern                  : None
# output_stats                            : []
# output_tables_pattern                   : %s.tsv.gz
# overlapping_annotations                 : False
# pseudo_count                            : 1.0
# pvalue_method                           : empirical
# qvalue_lambda                           : None
# qvalue_method                           : BH
# qvalue_pi0_method                       : smoother
# random_seed                             : None
# restrict_workspace                      : False
# sample_files                            : []
# sampler                                 : annotator
# segment_files                           : ['analysis/20220621_LocationPatterns/GATfiles/Segments/HFinvs.bed']
# shift_expansion                         : 2.0
# shift_extension                         : 0
# short_help                              : None
# stderr                                  : <_io.TextIOWrapper name='<stderr>' mode='w' encoding='utf-8'>
# stdin                                   : <_io.TextIOWrapper name='<stdin>' mode='r' encoding='utf-8'>
# stdlog                                  : <_io.TextIOWrapper name='analysis/20220621_LocationPatterns/GATresults/WorkspaceHigh0.1_noX/log/HFinvs_avgBherer.log' mode='a' encoding='UTF-8'>
# stdout                                  : <_io.TextIOWrapper name='analysis/20220621_LocationPatterns/GATresults/WorkspaceHigh0.1_noX/tsv/HFinvs_avgBherer.tsv' mode='w' encoding='UTF-8'>
# timeit_file                             : None
# timeit_header                           : None
# timeit_name                             : all
# truncate_segments_to_workspace          : False
# truncate_workspace_to_annotations       : False
# workspace_files                         : ['analysis/20220621_LocationPatterns/GATfiles/Isochores/genomicSuperDups_COzones_0.1/High_noX.txt']
2022-06-21 09:48:05,168 INFO segments: reading tracks from 1 files
2022-06-21 09:48:05,168 INFO segments: read 1 tracks from 1 files
2022-06-21 09:48:05,168 INFO annotations: reading tracks from 1 files
2022-06-21 09:48:05,288 INFO annotations: read 1 tracks from 1 files
2022-06-21 09:48:05,293 INFO workspaces: reading tracks from 1 files
2022-06-21 09:48:05,293 INFO workspaces: read 1 tracks from 1 files
2022-06-21 09:48:05,293 INFO collapsing workspaces
2022-06-21 09:48:05,293 INFO intervals loaded in 0 seconds
2022-06-21 09:48:05,293 INFO collecting observed counts
2022-06-21 09:48:05,293 INFO starting sampling
2022-06-21 09:48:05,293 INFO sampling: merged: 1/1
2022-06-21 09:48:05,293 INFO performing unconditional sampling
2022-06-21 09:48:05,293 INFO workspace without conditioning: 35 segments, 699577771 nucleotides
2022-06-21 09:48:05,293 INFO workspace after conditioning: 35 segments, 699577771 nucleotides
2022-06-21 09:48:05,293 INFO sampling started
2022-06-21 09:48:05,297 INFO 0/100 done ( 0.00)
2022-06-21 09:48:05,615 INFO sampling completed
2022-06-21 09:48:05,615 INFO sampling finished
2022-06-21 09:48:05,615 INFO computing PValue statistics
2022-06-21 09:48:05,616 INFO writing counts to analysis/20220621_LocationPatterns/GATresults/WorkspaceHigh0.1_noX/counts/HFinvs_avgBherer_nucleotide-overlap.tsv.gz
2022-06-21 09:48:05,616 INFO computing FDR statistics
# job finished in 0 seconds at Tue Jun 21 09:48:05 2022 --  1.19  0.05  0.00  0.00 -- 7b3fc1ae-61aa-492a-9145-610c49e8c01a
# output generated by /home/rgomez/anaconda3/bin/gat-run.py --segments=analysis/20220621_LocationPatterns/GATfiles/Segments/HFinvs.bed --annotations=analysis/20220621_LocationPatterns/GATfiles/Annotations/genomicSuperDups_coords_normal.bed --output-counts-pattern=analysis/20220621_LocationPatterns/GATresults/WorkspaceHigh0.1_noX/counts/HFinvs_avgBherer_%s.tsv.gz --workspace=analysis/20220621_LocationPatterns/GATfiles/Isochores/genomicSuperDups_COzones_0.1/High_noX.txt --num-samples=100 --log=analysis/20220621_LocationPatterns/GATresults/WorkspaceHigh0.1_noX/log/HFinvs_avgBherer.log --stdout=analysis/20220621_LocationPatterns/GATresults/WorkspaceHigh0.1_noX/tsv/HFinvs_avgBherer.tsv
# job started at Tue Jun 21 09:51:33 2022 on rgomez-pc -- 9546e212-d6dd-437f-9eb4-7ab209b6f286
# pid: 21278, system: Linux 5.3.0-7648-generic #41~1586790036~18.04~600aeb5-Ubuntu SMP Mon Apr 13 17:47:15 UTC  x86_64
# annotation_files                        : ['analysis/20220621_LocationPatterns/GATfiles/Annotations/genomicSuperDups_coords_normal.bed']
# annotations_label                       : None
# annotations_to_points                   : None
# bucket_size                             : 0
# cache                                   : None
# conditional                             : unconditional
# conditional_expansion                   : None
# conditional_extension                   : None
# counters                                : []
# enable_split_tracks                     : False
# ignore_segment_tracks                   : True
# input_filename_counts                   : None
# input_filename_descriptions             : None
# input_filename_results                  : None
# isochore_files                          : None
# loglevel                                : 1
# nbuckets                                : 100000
# null                                    : default
# num_samples                             : 100
# num_threads                             : 0
# output_bed                              : []
# output_counts_pattern                   : analysis/20220621_LocationPatterns/GATresults/WorkspaceHigh0.1_noX/counts/HFinvs_avgBherer_%s.tsv.gz
# output_filename_pattern                 : %s
# output_force                            : False
# output_order                            : fold
# output_plots_pattern                    : None
# output_samples_pattern                  : None
# output_stats                            : []
# output_tables_pattern                   : %s.tsv.gz
# overlapping_annotations                 : False
# pseudo_count                            : 1.0
# pvalue_method                           : empirical
# qvalue_lambda                           : None
# qvalue_method                           : BH
# qvalue_pi0_method                       : smoother
# random_seed                             : None
# restrict_workspace                      : False
# sample_files                            : []
# sampler                                 : annotator
# segment_files                           : ['analysis/20220621_LocationPatterns/GATfiles/Segments/HFinvs.bed']
# shift_expansion                         : 2.0
# shift_extension                         : 0
# short_help                              : None
# stderr                                  : <_io.TextIOWrapper name='<stderr>' mode='w' encoding='utf-8'>
# stdin                                   : <_io.TextIOWrapper name='<stdin>' mode='r' encoding='utf-8'>
# stdlog                                  : <_io.TextIOWrapper name='analysis/20220621_LocationPatterns/GATresults/WorkspaceHigh0.1_noX/log/HFinvs_avgBherer.log' mode='a' encoding='UTF-8'>
# stdout                                  : <_io.TextIOWrapper name='analysis/20220621_LocationPatterns/GATresults/WorkspaceHigh0.1_noX/tsv/HFinvs_avgBherer.tsv' mode='w' encoding='UTF-8'>
# timeit_file                             : None
# timeit_header                           : None
# timeit_name                             : all
# truncate_segments_to_workspace          : False
# truncate_workspace_to_annotations       : False
# workspace_files                         : ['analysis/20220621_LocationPatterns/GATfiles/Isochores/genomicSuperDups_COzones_0.1/High_noX.txt']
2022-06-21 09:51:33,929 INFO segments: reading tracks from 1 files
2022-06-21 09:51:33,930 INFO segments: read 1 tracks from 1 files
2022-06-21 09:51:33,930 INFO annotations: reading tracks from 1 files
2022-06-21 09:51:34,044 INFO annotations: read 1 tracks from 1 files
2022-06-21 09:51:34,048 INFO workspaces: reading tracks from 1 files
2022-06-21 09:51:34,048 INFO workspaces: read 1 tracks from 1 files
2022-06-21 09:51:34,049 INFO collapsing workspaces
2022-06-21 09:51:34,049 INFO intervals loaded in 0 seconds
2022-06-21 09:51:34,049 INFO collecting observed counts
2022-06-21 09:51:34,049 INFO starting sampling
2022-06-21 09:51:34,049 INFO sampling: merged: 1/1
2022-06-21 09:51:34,049 INFO performing unconditional sampling
2022-06-21 09:51:34,049 INFO workspace without conditioning: 35 segments, 699577771 nucleotides
2022-06-21 09:51:34,049 INFO workspace after conditioning: 35 segments, 699577771 nucleotides
2022-06-21 09:51:34,049 INFO sampling started
2022-06-21 09:51:34,053 INFO 0/100 done ( 0.00)
2022-06-21 09:51:34,337 INFO sampling completed
2022-06-21 09:51:34,337 INFO sampling finished
2022-06-21 09:51:34,337 INFO computing PValue statistics
2022-06-21 09:51:34,337 INFO writing counts to analysis/20220621_LocationPatterns/GATresults/WorkspaceHigh0.1_noX/counts/HFinvs_avgBherer_nucleotide-overlap.tsv.gz
2022-06-21 09:51:34,338 INFO computing FDR statistics
# job finished in 0 seconds at Tue Jun 21 09:51:34 2022 --  1.13  0.06  0.00  0.00 -- 9546e212-d6dd-437f-9eb4-7ab209b6f286
