# output generated by /home/rgomez/anaconda3/bin/gat-run.py --segments=analysis/20220621_LocationPatterns/GATfiles/Segments/HFinvs.bed --annotations=analysis/20220621_LocationPatterns/GATfiles/Annotations/genomicSuperDups_coords_normal.bed --output-counts-pattern=analysis/20220621_LocationPatterns/GATresults/WorkspaceHigh0.1_noX/counts/HFinvs_CEUSpence_%s.tsv.gz --workspace=analysis/20220621_LocationPatterns/GATfiles/Isochores/genomicSuperDups_COzones_0.1/High.txt --num-samples=100 --log=analysis/20220621_LocationPatterns/GATresults/WorkspaceHigh0.1_noX/log/HFinvs_CEUSpence.log --stdout=analysis/20220621_LocationPatterns/GATresults/WorkspaceHigh0.1_noX/tsv/HFinvs_CEUSpence.tsv
# job started at Tue Jun 21 09:47:55 2022 on rgomez-pc -- b15f30a2-e2b8-4ed5-85c3-a87a0ea9ab1f
# pid: 20551, system: Linux 5.3.0-7648-generic #41~1586790036~18.04~600aeb5-Ubuntu SMP Mon Apr 13 17:47:15 UTC  x86_64
# annotation_files                        : ['analysis/20220621_LocationPatterns/GATfiles/Annotations/genomicSuperDups_coords_normal.bed']
# annotations_label                       : None
# annotations_to_points                   : None
# bucket_size                             : 0
# cache                                   : None
# conditional                             : unconditional
# conditional_expansion                   : None
# conditional_extension                   : None
# counters                                : []
# enable_split_tracks                     : False
# ignore_segment_tracks                   : True
# input_filename_counts                   : None
# input_filename_descriptions             : None
# input_filename_results                  : None
# isochore_files                          : None
# loglevel                                : 1
# nbuckets                                : 100000
# null                                    : default
# num_samples                             : 100
# num_threads                             : 0
# output_bed                              : []
# output_counts_pattern                   : analysis/20220621_LocationPatterns/GATresults/WorkspaceHigh0.1_noX/counts/HFinvs_CEUSpence_%s.tsv.gz
# output_filename_pattern                 : %s
# output_force                            : False
# output_order                            : fold
# output_plots_pattern                    : None
# output_samples_pattern                  : None
# output_stats                            : []
# output_tables_pattern                   : %s.tsv.gz
# overlapping_annotations                 : False
# pseudo_count                            : 1.0
# pvalue_method                           : empirical
# qvalue_lambda                           : None
# qvalue_method                           : BH
# qvalue_pi0_method                       : smoother
# random_seed                             : None
# restrict_workspace                      : False
# sample_files                            : []
# sampler                                 : annotator
# segment_files                           : ['analysis/20220621_LocationPatterns/GATfiles/Segments/HFinvs.bed']
# shift_expansion                         : 2.0
# shift_extension                         : 0
# short_help                              : None
# stderr                                  : <_io.TextIOWrapper name='<stderr>' mode='w' encoding='utf-8'>
# stdin                                   : <_io.TextIOWrapper name='<stdin>' mode='r' encoding='utf-8'>
# stdlog                                  : <_io.TextIOWrapper name='analysis/20220621_LocationPatterns/GATresults/WorkspaceHigh0.1_noX/log/HFinvs_CEUSpence.log' mode='a' encoding='UTF-8'>
# stdout                                  : <_io.TextIOWrapper name='analysis/20220621_LocationPatterns/GATresults/WorkspaceHigh0.1_noX/tsv/HFinvs_CEUSpence.tsv' mode='w' encoding='UTF-8'>
# timeit_file                             : None
# timeit_header                           : None
# timeit_name                             : all
# truncate_segments_to_workspace          : False
# truncate_workspace_to_annotations       : False
# workspace_files                         : ['analysis/20220621_LocationPatterns/GATfiles/Isochores/genomicSuperDups_COzones_0.1/High.txt']
2022-06-21 09:47:55,422 INFO segments: reading tracks from 1 files
2022-06-21 09:47:55,423 INFO segments: read 1 tracks from 1 files
2022-06-21 09:47:55,423 INFO annotations: reading tracks from 1 files
2022-06-21 09:47:55,546 INFO annotations: read 1 tracks from 1 files
2022-06-21 09:47:55,550 INFO workspaces: reading tracks from 1 files
2022-06-21 09:47:55,550 INFO workspaces: read 1 tracks from 1 files
2022-06-21 09:47:55,550 INFO collapsing workspaces
2022-06-21 09:47:55,551 INFO intervals loaded in 0 seconds
2022-06-21 09:47:55,551 INFO collecting observed counts
2022-06-21 09:47:55,551 INFO starting sampling
2022-06-21 09:47:55,551 INFO sampling: merged: 1/1
2022-06-21 09:47:55,551 INFO performing unconditional sampling
2022-06-21 09:47:55,551 INFO workspace without conditioning: 37 segments, 754475325 nucleotides
2022-06-21 09:47:55,551 INFO workspace after conditioning: 37 segments, 754475325 nucleotides
2022-06-21 09:47:55,551 INFO sampling started
2022-06-21 09:47:55,554 INFO 0/100 done ( 0.00)
2022-06-21 09:47:55,875 INFO sampling completed
2022-06-21 09:47:55,875 INFO sampling finished
2022-06-21 09:47:55,876 INFO computing PValue statistics
2022-06-21 09:47:55,876 INFO writing counts to analysis/20220621_LocationPatterns/GATresults/WorkspaceHigh0.1_noX/counts/HFinvs_CEUSpence_nucleotide-overlap.tsv.gz
2022-06-21 09:47:55,876 INFO computing FDR statistics
# job finished in 0 seconds at Tue Jun 21 09:47:55 2022 --  1.27  0.02  0.00  0.00 -- b15f30a2-e2b8-4ed5-85c3-a87a0ea9ab1f
# output generated by /home/rgomez/anaconda3/bin/gat-run.py --segments=analysis/20220621_LocationPatterns/GATfiles/Segments/HFinvs.bed --annotations=analysis/20220621_LocationPatterns/GATfiles/Annotations/genomicSuperDups_coords_normal.bed --output-counts-pattern=analysis/20220621_LocationPatterns/GATresults/WorkspaceHigh0.1_noX/counts/HFinvs_CEUSpence_%s.tsv.gz --workspace=analysis/20220621_LocationPatterns/GATfiles/Isochores/genomicSuperDups_COzones_0.1/High_noX.txt --num-samples=100 --log=analysis/20220621_LocationPatterns/GATresults/WorkspaceHigh0.1_noX/log/HFinvs_CEUSpence.log --stdout=analysis/20220621_LocationPatterns/GATresults/WorkspaceHigh0.1_noX/tsv/HFinvs_CEUSpence.tsv
# job started at Tue Jun 21 09:48:03 2022 on rgomez-pc -- 6cea5c7a-9606-4a2d-ac46-f2060e39851e
# pid: 20570, system: Linux 5.3.0-7648-generic #41~1586790036~18.04~600aeb5-Ubuntu SMP Mon Apr 13 17:47:15 UTC  x86_64
# annotation_files                        : ['analysis/20220621_LocationPatterns/GATfiles/Annotations/genomicSuperDups_coords_normal.bed']
# annotations_label                       : None
# annotations_to_points                   : None
# bucket_size                             : 0
# cache                                   : None
# conditional                             : unconditional
# conditional_expansion                   : None
# conditional_extension                   : None
# counters                                : []
# enable_split_tracks                     : False
# ignore_segment_tracks                   : True
# input_filename_counts                   : None
# input_filename_descriptions             : None
# input_filename_results                  : None
# isochore_files                          : None
# loglevel                                : 1
# nbuckets                                : 100000
# null                                    : default
# num_samples                             : 100
# num_threads                             : 0
# output_bed                              : []
# output_counts_pattern                   : analysis/20220621_LocationPatterns/GATresults/WorkspaceHigh0.1_noX/counts/HFinvs_CEUSpence_%s.tsv.gz
# output_filename_pattern                 : %s
# output_force                            : False
# output_order                            : fold
# output_plots_pattern                    : None
# output_samples_pattern                  : None
# output_stats                            : []
# output_tables_pattern                   : %s.tsv.gz
# overlapping_annotations                 : False
# pseudo_count                            : 1.0
# pvalue_method                           : empirical
# qvalue_lambda                           : None
# qvalue_method                           : BH
# qvalue_pi0_method                       : smoother
# random_seed                             : None
# restrict_workspace                      : False
# sample_files                            : []
# sampler                                 : annotator
# segment_files                           : ['analysis/20220621_LocationPatterns/GATfiles/Segments/HFinvs.bed']
# shift_expansion                         : 2.0
# shift_extension                         : 0
# short_help                              : None
# stderr                                  : <_io.TextIOWrapper name='<stderr>' mode='w' encoding='utf-8'>
# stdin                                   : <_io.TextIOWrapper name='<stdin>' mode='r' encoding='utf-8'>
# stdlog                                  : <_io.TextIOWrapper name='analysis/20220621_LocationPatterns/GATresults/WorkspaceHigh0.1_noX/log/HFinvs_CEUSpence.log' mode='a' encoding='UTF-8'>
# stdout                                  : <_io.TextIOWrapper name='analysis/20220621_LocationPatterns/GATresults/WorkspaceHigh0.1_noX/tsv/HFinvs_CEUSpence.tsv' mode='w' encoding='UTF-8'>
# timeit_file                             : None
# timeit_header                           : None
# timeit_name                             : all
# truncate_segments_to_workspace          : False
# truncate_workspace_to_annotations       : False
# workspace_files                         : ['analysis/20220621_LocationPatterns/GATfiles/Isochores/genomicSuperDups_COzones_0.1/High_noX.txt']
2022-06-21 09:48:03,837 INFO segments: reading tracks from 1 files
2022-06-21 09:48:03,837 INFO segments: read 1 tracks from 1 files
2022-06-21 09:48:03,837 INFO annotations: reading tracks from 1 files
2022-06-21 09:48:03,960 INFO annotations: read 1 tracks from 1 files
2022-06-21 09:48:03,964 INFO workspaces: reading tracks from 1 files
2022-06-21 09:48:03,964 INFO workspaces: read 1 tracks from 1 files
2022-06-21 09:48:03,964 INFO collapsing workspaces
2022-06-21 09:48:03,964 INFO intervals loaded in 0 seconds
2022-06-21 09:48:03,964 INFO collecting observed counts
2022-06-21 09:48:03,965 INFO starting sampling
2022-06-21 09:48:03,965 INFO sampling: merged: 1/1
2022-06-21 09:48:03,965 INFO performing unconditional sampling
2022-06-21 09:48:03,965 INFO workspace without conditioning: 35 segments, 699577771 nucleotides
2022-06-21 09:48:03,965 INFO workspace after conditioning: 35 segments, 699577771 nucleotides
2022-06-21 09:48:03,965 INFO sampling started
2022-06-21 09:48:03,968 INFO 0/100 done ( 0.00)
2022-06-21 09:48:04,263 INFO sampling completed
2022-06-21 09:48:04,263 INFO sampling finished
2022-06-21 09:48:04,263 INFO computing PValue statistics
2022-06-21 09:48:04,263 INFO writing counts to analysis/20220621_LocationPatterns/GATresults/WorkspaceHigh0.1_noX/counts/HFinvs_CEUSpence_nucleotide-overlap.tsv.gz
2022-06-21 09:48:04,264 INFO computing FDR statistics
# job finished in 0 seconds at Tue Jun 21 09:48:04 2022 --  1.16  0.05  0.00  0.00 -- 6cea5c7a-9606-4a2d-ac46-f2060e39851e
# output generated by /home/rgomez/anaconda3/bin/gat-run.py --segments=analysis/20220621_LocationPatterns/GATfiles/Segments/HFinvs.bed --annotations=analysis/20220621_LocationPatterns/GATfiles/Annotations/genomicSuperDups_coords_normal.bed --output-counts-pattern=analysis/20220621_LocationPatterns/GATresults/WorkspaceHigh0.1_noX/counts/HFinvs_CEUSpence_%s.tsv.gz --workspace=analysis/20220621_LocationPatterns/GATfiles/Isochores/genomicSuperDups_COzones_0.1/High_noX.txt --num-samples=100 --log=analysis/20220621_LocationPatterns/GATresults/WorkspaceHigh0.1_noX/log/HFinvs_CEUSpence.log --stdout=analysis/20220621_LocationPatterns/GATresults/WorkspaceHigh0.1_noX/tsv/HFinvs_CEUSpence.tsv
# job started at Tue Jun 21 09:51:32 2022 on rgomez-pc -- b55c8a23-cd31-4871-87fd-c65b736edb0e
# pid: 21276, system: Linux 5.3.0-7648-generic #41~1586790036~18.04~600aeb5-Ubuntu SMP Mon Apr 13 17:47:15 UTC  x86_64
# annotation_files                        : ['analysis/20220621_LocationPatterns/GATfiles/Annotations/genomicSuperDups_coords_normal.bed']
# annotations_label                       : None
# annotations_to_points                   : None
# bucket_size                             : 0
# cache                                   : None
# conditional                             : unconditional
# conditional_expansion                   : None
# conditional_extension                   : None
# counters                                : []
# enable_split_tracks                     : False
# ignore_segment_tracks                   : True
# input_filename_counts                   : None
# input_filename_descriptions             : None
# input_filename_results                  : None
# isochore_files                          : None
# loglevel                                : 1
# nbuckets                                : 100000
# null                                    : default
# num_samples                             : 100
# num_threads                             : 0
# output_bed                              : []
# output_counts_pattern                   : analysis/20220621_LocationPatterns/GATresults/WorkspaceHigh0.1_noX/counts/HFinvs_CEUSpence_%s.tsv.gz
# output_filename_pattern                 : %s
# output_force                            : False
# output_order                            : fold
# output_plots_pattern                    : None
# output_samples_pattern                  : None
# output_stats                            : []
# output_tables_pattern                   : %s.tsv.gz
# overlapping_annotations                 : False
# pseudo_count                            : 1.0
# pvalue_method                           : empirical
# qvalue_lambda                           : None
# qvalue_method                           : BH
# qvalue_pi0_method                       : smoother
# random_seed                             : None
# restrict_workspace                      : False
# sample_files                            : []
# sampler                                 : annotator
# segment_files                           : ['analysis/20220621_LocationPatterns/GATfiles/Segments/HFinvs.bed']
# shift_expansion                         : 2.0
# shift_extension                         : 0
# short_help                              : None
# stderr                                  : <_io.TextIOWrapper name='<stderr>' mode='w' encoding='utf-8'>
# stdin                                   : <_io.TextIOWrapper name='<stdin>' mode='r' encoding='utf-8'>
# stdlog                                  : <_io.TextIOWrapper name='analysis/20220621_LocationPatterns/GATresults/WorkspaceHigh0.1_noX/log/HFinvs_CEUSpence.log' mode='a' encoding='UTF-8'>
# stdout                                  : <_io.TextIOWrapper name='analysis/20220621_LocationPatterns/GATresults/WorkspaceHigh0.1_noX/tsv/HFinvs_CEUSpence.tsv' mode='w' encoding='UTF-8'>
# timeit_file                             : None
# timeit_header                           : None
# timeit_name                             : all
# truncate_segments_to_workspace          : False
# truncate_workspace_to_annotations       : False
# workspace_files                         : ['analysis/20220621_LocationPatterns/GATfiles/Isochores/genomicSuperDups_COzones_0.1/High_noX.txt']
2022-06-21 09:51:32,630 INFO segments: reading tracks from 1 files
2022-06-21 09:51:32,631 INFO segments: read 1 tracks from 1 files
2022-06-21 09:51:32,631 INFO annotations: reading tracks from 1 files
2022-06-21 09:51:32,743 INFO annotations: read 1 tracks from 1 files
2022-06-21 09:51:32,746 INFO workspaces: reading tracks from 1 files
2022-06-21 09:51:32,747 INFO workspaces: read 1 tracks from 1 files
2022-06-21 09:51:32,747 INFO collapsing workspaces
2022-06-21 09:51:32,747 INFO intervals loaded in 0 seconds
2022-06-21 09:51:32,747 INFO collecting observed counts
2022-06-21 09:51:32,747 INFO starting sampling
2022-06-21 09:51:32,747 INFO sampling: merged: 1/1
2022-06-21 09:51:32,747 INFO performing unconditional sampling
2022-06-21 09:51:32,747 INFO workspace without conditioning: 35 segments, 699577771 nucleotides
2022-06-21 09:51:32,747 INFO workspace after conditioning: 35 segments, 699577771 nucleotides
2022-06-21 09:51:32,747 INFO sampling started
2022-06-21 09:51:32,751 INFO 0/100 done ( 0.00)
2022-06-21 09:51:33,037 INFO sampling completed
2022-06-21 09:51:33,038 INFO sampling finished
2022-06-21 09:51:33,038 INFO computing PValue statistics
2022-06-21 09:51:33,038 INFO writing counts to analysis/20220621_LocationPatterns/GATresults/WorkspaceHigh0.1_noX/counts/HFinvs_CEUSpence_nucleotide-overlap.tsv.gz
2022-06-21 09:51:33,038 INFO computing FDR statistics
# job finished in 0 seconds at Tue Jun 21 09:51:33 2022 --  1.15  0.05  0.00  0.00 -- b55c8a23-cd31-4871-87fd-c65b736edb0e
