# output generated by /home/rgomez/anaconda3/bin/gat-run.py --segments=analysis/20220621_LocationPatterns/GATfiles/Segments/invs.bed --annotations=analysis/20220621_LocationPatterns/GATfiles/Annotations/genomicSuperDups_coords_normal.bed --output-counts-pattern=analysis/20220621_LocationPatterns/GATresults/WorkspaceHigh0.1_noX/counts/invs_CEUSpence_%s.tsv.gz --workspace=analysis/20220621_LocationPatterns/GATfiles/Isochores/genomicSuperDups_COzones_0.1/High_noX.txt --num-samples=100 --log=analysis/20220621_LocationPatterns/GATresults/WorkspaceHigh0.1_noX/log/invs_CEUSpence.log --stdout=analysis/20220621_LocationPatterns/GATresults/WorkspaceHigh0.1_noX/tsv/invs_CEUSpence.tsv
# job started at Tue Jun 21 09:48:22 2022 on rgomez-pc -- d2057d8a-5206-4c81-87fc-690197aad2c8
# pid: 20644, system: Linux 5.3.0-7648-generic #41~1586790036~18.04~600aeb5-Ubuntu SMP Mon Apr 13 17:47:15 UTC  x86_64
# annotation_files                        : ['analysis/20220621_LocationPatterns/GATfiles/Annotations/genomicSuperDups_coords_normal.bed']
# annotations_label                       : None
# annotations_to_points                   : None
# bucket_size                             : 0
# cache                                   : None
# conditional                             : unconditional
# conditional_expansion                   : None
# conditional_extension                   : None
# counters                                : []
# enable_split_tracks                     : False
# ignore_segment_tracks                   : True
# input_filename_counts                   : None
# input_filename_descriptions             : None
# input_filename_results                  : None
# isochore_files                          : None
# loglevel                                : 1
# nbuckets                                : 100000
# null                                    : default
# num_samples                             : 100
# num_threads                             : 0
# output_bed                              : []
# output_counts_pattern                   : analysis/20220621_LocationPatterns/GATresults/WorkspaceHigh0.1_noX/counts/invs_CEUSpence_%s.tsv.gz
# output_filename_pattern                 : %s
# output_force                            : False
# output_order                            : fold
# output_plots_pattern                    : None
# output_samples_pattern                  : None
# output_stats                            : []
# output_tables_pattern                   : %s.tsv.gz
# overlapping_annotations                 : False
# pseudo_count                            : 1.0
# pvalue_method                           : empirical
# qvalue_lambda                           : None
# qvalue_method                           : BH
# qvalue_pi0_method                       : smoother
# random_seed                             : None
# restrict_workspace                      : False
# sample_files                            : []
# sampler                                 : annotator
# segment_files                           : ['analysis/20220621_LocationPatterns/GATfiles/Segments/invs.bed']
# shift_expansion                         : 2.0
# shift_extension                         : 0
# short_help                              : None
# stderr                                  : <_io.TextIOWrapper name='<stderr>' mode='w' encoding='utf-8'>
# stdin                                   : <_io.TextIOWrapper name='<stdin>' mode='r' encoding='utf-8'>
# stdlog                                  : <_io.TextIOWrapper name='analysis/20220621_LocationPatterns/GATresults/WorkspaceHigh0.1_noX/log/invs_CEUSpence.log' mode='a' encoding='UTF-8'>
# stdout                                  : <_io.TextIOWrapper name='analysis/20220621_LocationPatterns/GATresults/WorkspaceHigh0.1_noX/tsv/invs_CEUSpence.tsv' mode='w' encoding='UTF-8'>
# timeit_file                             : None
# timeit_header                           : None
# timeit_name                             : all
# truncate_segments_to_workspace          : False
# truncate_workspace_to_annotations       : False
# workspace_files                         : ['analysis/20220621_LocationPatterns/GATfiles/Isochores/genomicSuperDups_COzones_0.1/High_noX.txt']
2022-06-21 09:48:22,604 INFO segments: reading tracks from 1 files
2022-06-21 09:48:22,605 INFO segments: read 1 tracks from 1 files
2022-06-21 09:48:22,605 INFO annotations: reading tracks from 1 files
2022-06-21 09:48:22,735 INFO annotations: read 1 tracks from 1 files
2022-06-21 09:48:22,739 INFO workspaces: reading tracks from 1 files
2022-06-21 09:48:22,739 INFO workspaces: read 1 tracks from 1 files
2022-06-21 09:48:22,739 INFO collapsing workspaces
2022-06-21 09:48:22,740 INFO intervals loaded in 0 seconds
2022-06-21 09:48:22,740 INFO collecting observed counts
2022-06-21 09:48:22,740 INFO starting sampling
2022-06-21 09:48:22,740 INFO sampling: merged: 1/1
2022-06-21 09:48:22,740 INFO performing unconditional sampling
2022-06-21 09:48:22,740 INFO workspace without conditioning: 35 segments, 699577771 nucleotides
2022-06-21 09:48:22,740 INFO workspace after conditioning: 35 segments, 699577771 nucleotides
2022-06-21 09:48:22,740 INFO sampling started
2022-06-21 09:48:22,743 INFO 0/100 done ( 0.00)
2022-06-21 09:48:23,010 INFO sampling completed
2022-06-21 09:48:23,010 INFO sampling finished
2022-06-21 09:48:23,010 INFO computing PValue statistics
2022-06-21 09:48:23,011 INFO writing counts to analysis/20220621_LocationPatterns/GATresults/WorkspaceHigh0.1_noX/counts/invs_CEUSpence_nucleotide-overlap.tsv.gz
2022-06-21 09:48:23,011 INFO computing FDR statistics
# job finished in 0 seconds at Tue Jun 21 09:48:23 2022 --  1.15  0.04  0.00  0.00 -- d2057d8a-5206-4c81-87fc-690197aad2c8
# output generated by /home/rgomez/anaconda3/bin/gat-run.py --segments=analysis/20220621_LocationPatterns/GATfiles/Segments/invs.bed --annotations=analysis/20220621_LocationPatterns/GATfiles/Annotations/genomicSuperDups_coords_normal.bed --output-counts-pattern=analysis/20220621_LocationPatterns/GATresults/WorkspaceHigh0.1_noX/counts/invs_CEUSpence_%s.tsv.gz --workspace=analysis/20220621_LocationPatterns/GATfiles/Isochores/genomicSuperDups_COzones_0.1/High_noX.txt --num-samples=100 --log=analysis/20220621_LocationPatterns/GATresults/WorkspaceHigh0.1_noX/log/invs_CEUSpence.log --stdout=analysis/20220621_LocationPatterns/GATresults/WorkspaceHigh0.1_noX/tsv/invs_CEUSpence.tsv
# job started at Tue Jun 21 09:51:51 2022 on rgomez-pc -- 472ca4ed-44f3-40eb-b62a-82fb74fabf68
# pid: 21341, system: Linux 5.3.0-7648-generic #41~1586790036~18.04~600aeb5-Ubuntu SMP Mon Apr 13 17:47:15 UTC  x86_64
# annotation_files                        : ['analysis/20220621_LocationPatterns/GATfiles/Annotations/genomicSuperDups_coords_normal.bed']
# annotations_label                       : None
# annotations_to_points                   : None
# bucket_size                             : 0
# cache                                   : None
# conditional                             : unconditional
# conditional_expansion                   : None
# conditional_extension                   : None
# counters                                : []
# enable_split_tracks                     : False
# ignore_segment_tracks                   : True
# input_filename_counts                   : None
# input_filename_descriptions             : None
# input_filename_results                  : None
# isochore_files                          : None
# loglevel                                : 1
# nbuckets                                : 100000
# null                                    : default
# num_samples                             : 100
# num_threads                             : 0
# output_bed                              : []
# output_counts_pattern                   : analysis/20220621_LocationPatterns/GATresults/WorkspaceHigh0.1_noX/counts/invs_CEUSpence_%s.tsv.gz
# output_filename_pattern                 : %s
# output_force                            : False
# output_order                            : fold
# output_plots_pattern                    : None
# output_samples_pattern                  : None
# output_stats                            : []
# output_tables_pattern                   : %s.tsv.gz
# overlapping_annotations                 : False
# pseudo_count                            : 1.0
# pvalue_method                           : empirical
# qvalue_lambda                           : None
# qvalue_method                           : BH
# qvalue_pi0_method                       : smoother
# random_seed                             : None
# restrict_workspace                      : False
# sample_files                            : []
# sampler                                 : annotator
# segment_files                           : ['analysis/20220621_LocationPatterns/GATfiles/Segments/invs.bed']
# shift_expansion                         : 2.0
# shift_extension                         : 0
# short_help                              : None
# stderr                                  : <_io.TextIOWrapper name='<stderr>' mode='w' encoding='utf-8'>
# stdin                                   : <_io.TextIOWrapper name='<stdin>' mode='r' encoding='utf-8'>
# stdlog                                  : <_io.TextIOWrapper name='analysis/20220621_LocationPatterns/GATresults/WorkspaceHigh0.1_noX/log/invs_CEUSpence.log' mode='a' encoding='UTF-8'>
# stdout                                  : <_io.TextIOWrapper name='analysis/20220621_LocationPatterns/GATresults/WorkspaceHigh0.1_noX/tsv/invs_CEUSpence.tsv' mode='w' encoding='UTF-8'>
# timeit_file                             : None
# timeit_header                           : None
# timeit_name                             : all
# truncate_segments_to_workspace          : False
# truncate_workspace_to_annotations       : False
# workspace_files                         : ['analysis/20220621_LocationPatterns/GATfiles/Isochores/genomicSuperDups_COzones_0.1/High_noX.txt']
2022-06-21 09:51:51,159 INFO segments: reading tracks from 1 files
2022-06-21 09:51:51,159 INFO segments: read 1 tracks from 1 files
2022-06-21 09:51:51,159 INFO annotations: reading tracks from 1 files
2022-06-21 09:51:51,278 INFO annotations: read 1 tracks from 1 files
2022-06-21 09:51:51,282 INFO workspaces: reading tracks from 1 files
2022-06-21 09:51:51,282 INFO workspaces: read 1 tracks from 1 files
2022-06-21 09:51:51,282 INFO collapsing workspaces
2022-06-21 09:51:51,282 INFO intervals loaded in 0 seconds
2022-06-21 09:51:51,282 INFO collecting observed counts
2022-06-21 09:51:51,282 INFO starting sampling
2022-06-21 09:51:51,282 INFO sampling: merged: 1/1
2022-06-21 09:51:51,282 INFO performing unconditional sampling
2022-06-21 09:51:51,282 INFO workspace without conditioning: 35 segments, 699577771 nucleotides
2022-06-21 09:51:51,283 INFO workspace after conditioning: 35 segments, 699577771 nucleotides
2022-06-21 09:51:51,283 INFO sampling started
2022-06-21 09:51:51,286 INFO 0/100 done ( 0.00)
2022-06-21 09:51:51,555 INFO sampling completed
2022-06-21 09:51:51,555 INFO sampling finished
2022-06-21 09:51:51,555 INFO computing PValue statistics
2022-06-21 09:51:51,556 INFO writing counts to analysis/20220621_LocationPatterns/GATresults/WorkspaceHigh0.1_noX/counts/invs_CEUSpence_nucleotide-overlap.tsv.gz
2022-06-21 09:51:51,556 INFO computing FDR statistics
# job finished in 0 seconds at Tue Jun 21 09:51:51 2022 --  1.13  0.05  0.00  0.00 -- 472ca4ed-44f3-40eb-b62a-82fb74fabf68
