# output generated by /home/rgomez/anaconda3/bin/gat-run.py --segments=analysis/20220622_LocationPatterns/GATfiles/Segments/HFNAHR_All.bed --isochores=analysis/20220622_LocationPatterns/GATfiles/Isochores/isochores_NAHR_All.bed --annotations=analysis/20220622_LocationPatterns/GATfiles/Annotations/annotations_repeats.bed --workspace=analysis/20220622_LocationPatterns/GATfiles/Workspace/workspace_avgBherer.bed --num-samples=1000 --log=analysis/20220622_LocationPatterns/GATresults/NAHR_All/log/HFNAHR_All_annotations_repeats.log --stdout=analysis/20220622_LocationPatterns/GATresults/NAHR_All/tsv/HFNAHR_All_annotations_repeats.tsv
# job started at Wed Jun 22 23:43:55 2022 on rgomez-pc -- 84c430dc-8376-471c-8ea8-e9d5c3ac3089
# pid: 29991, system: Linux 5.3.0-7648-generic #41~1586790036~18.04~600aeb5-Ubuntu SMP Mon Apr 13 17:47:15 UTC  x86_64
# annotation_files                        : ['analysis/20220622_LocationPatterns/GATfiles/Annotations/annotations_repeats.bed']
# annotations_label                       : None
# annotations_to_points                   : None
# bucket_size                             : 0
# cache                                   : None
# conditional                             : unconditional
# conditional_expansion                   : None
# conditional_extension                   : None
# counters                                : []
# enable_split_tracks                     : False
# ignore_segment_tracks                   : True
# input_filename_counts                   : None
# input_filename_descriptions             : None
# input_filename_results                  : None
# isochore_files                          : ['analysis/20220622_LocationPatterns/GATfiles/Isochores/isochores_NAHR_All.bed']
# loglevel                                : 1
# nbuckets                                : 100000
# null                                    : default
# num_samples                             : 1000
# num_threads                             : 0
# output_bed                              : []
# output_counts_pattern                   : None
# output_filename_pattern                 : %s
# output_force                            : False
# output_order                            : fold
# output_plots_pattern                    : None
# output_samples_pattern                  : None
# output_stats                            : []
# output_tables_pattern                   : %s.tsv.gz
# overlapping_annotations                 : False
# pseudo_count                            : 1.0
# pvalue_method                           : empirical
# qvalue_lambda                           : None
# qvalue_method                           : BH
# qvalue_pi0_method                       : smoother
# random_seed                             : None
# restrict_workspace                      : False
# sample_files                            : []
# sampler                                 : annotator
# segment_files                           : ['analysis/20220622_LocationPatterns/GATfiles/Segments/HFNAHR_All.bed']
# shift_expansion                         : 2.0
# shift_extension                         : 0
# short_help                              : None
# stderr                                  : <_io.TextIOWrapper name='<stderr>' mode='w' encoding='utf-8'>
# stdin                                   : <_io.TextIOWrapper name='<stdin>' mode='r' encoding='utf-8'>
# stdlog                                  : <_io.TextIOWrapper name='analysis/20220622_LocationPatterns/GATresults/NAHR_All/log/HFNAHR_All_annotations_repeats.log' mode='a' encoding='UTF-8'>
# stdout                                  : <_io.TextIOWrapper name='analysis/20220622_LocationPatterns/GATresults/NAHR_All/tsv/HFNAHR_All_annotations_repeats.tsv' mode='w' encoding='UTF-8'>
# timeit_file                             : None
# timeit_header                           : None
# timeit_name                             : all
# truncate_segments_to_workspace          : False
# truncate_workspace_to_annotations       : False
# workspace_files                         : ['analysis/20220622_LocationPatterns/GATfiles/Workspace/workspace_avgBherer.bed']
2022-06-22 23:43:55,678 INFO segments: reading tracks from 1 files
2022-06-22 23:43:55,678 INFO segments: read 1 tracks from 1 files
2022-06-22 23:43:55,678 INFO annotations: reading tracks from 1 files
2022-06-22 23:43:55,795 INFO annotations: read 1 tracks from 1 files
2022-06-22 23:43:55,799 INFO workspaces: reading tracks from 1 files
2022-06-22 23:43:55,799 INFO workspaces: read 1 tracks from 1 files
2022-06-22 23:43:55,799 INFO collapsing workspaces
2022-06-22 23:43:55,799 INFO isochores: reading isochores from 1 files
2022-06-22 23:43:55,801 INFO intervals loaded in 0 seconds
2022-06-22 23:43:55,801 INFO adding isochores to workspace
2022-06-22 23:43:55,801 INFO collecting observed counts
2022-06-22 23:43:55,802 INFO starting sampling
2022-06-22 23:43:55,802 INFO sampling: merged: 1/1
2022-06-22 23:43:55,802 INFO performing unconditional sampling
2022-06-22 23:43:55,802 INFO workspace without conditioning: 1090 segments, 2678195140 nucleotides
2022-06-22 23:43:55,802 INFO workspace after conditioning: 1090 segments, 2678195140 nucleotides
2022-06-22 23:43:55,803 INFO sampling started
2022-06-22 23:43:55,807 INFO 0/1000 done ( 0.00)
2022-06-22 23:43:56,120 INFO 100/1000 done (10.00)
2022-06-22 23:43:56,439 INFO 200/1000 done (20.00)
2022-06-22 23:43:56,729 INFO 300/1000 done (30.00)
2022-06-22 23:43:57,029 INFO 400/1000 done (40.00)
2022-06-22 23:43:57,320 INFO 500/1000 done (50.00)
2022-06-22 23:43:57,595 INFO 600/1000 done (60.00)
2022-06-22 23:43:57,891 INFO 700/1000 done (70.00)
2022-06-22 23:43:58,171 INFO 800/1000 done (80.00)
2022-06-22 23:43:58,468 INFO 900/1000 done (90.00)
2022-06-22 23:43:58,766 INFO sampling completed
2022-06-22 23:43:58,767 INFO sampling finished
2022-06-22 23:43:58,767 INFO computing PValue statistics
2022-06-22 23:43:58,768 INFO computing FDR statistics
# job finished in 3 seconds at Wed Jun 22 23:43:58 2022 --  3.87  0.02  0.00  0.00 -- 84c430dc-8376-471c-8ea8-e9d5c3ac3089
# output generated by /home/rgomez/anaconda3/bin/gat-run.py --segments=analysis/20220622_LocationPatterns/GATfiles/Segments/HFNAHR_All.bed --isochores=analysis/20220622_LocationPatterns/GATfiles/Isochores/isochores_NAHR_All.bed --annotations=analysis/20220622_LocationPatterns/GATfiles/Annotations/annotations_repeats.bed --workspace=analysis/20220622_LocationPatterns/GATfiles/Workspace/workspace_avgBherer.bed --num-samples=1000 --log=analysis/20220622_LocationPatterns/GATresults/NAHR_All/log/HFNAHR_All_annotations_repeats.log --stdout=analysis/20220622_LocationPatterns/GATresults/NAHR_All/tsv/HFNAHR_All_annotations_repeats.tsv
# job started at Wed Jun 22 23:47:07 2022 on rgomez-pc -- 6777d6f2-dd93-4e43-ad65-2de7177feee0
# pid: 30190, system: Linux 5.3.0-7648-generic #41~1586790036~18.04~600aeb5-Ubuntu SMP Mon Apr 13 17:47:15 UTC  x86_64
# annotation_files                        : ['analysis/20220622_LocationPatterns/GATfiles/Annotations/annotations_repeats.bed']
# annotations_label                       : None
# annotations_to_points                   : None
# bucket_size                             : 0
# cache                                   : None
# conditional                             : unconditional
# conditional_expansion                   : None
# conditional_extension                   : None
# counters                                : []
# enable_split_tracks                     : False
# ignore_segment_tracks                   : True
# input_filename_counts                   : None
# input_filename_descriptions             : None
# input_filename_results                  : None
# isochore_files                          : ['analysis/20220622_LocationPatterns/GATfiles/Isochores/isochores_NAHR_All.bed']
# loglevel                                : 1
# nbuckets                                : 100000
# null                                    : default
# num_samples                             : 1000
# num_threads                             : 0
# output_bed                              : []
# output_counts_pattern                   : None
# output_filename_pattern                 : %s
# output_force                            : False
# output_order                            : fold
# output_plots_pattern                    : None
# output_samples_pattern                  : None
# output_stats                            : []
# output_tables_pattern                   : %s.tsv.gz
# overlapping_annotations                 : False
# pseudo_count                            : 1.0
# pvalue_method                           : empirical
# qvalue_lambda                           : None
# qvalue_method                           : BH
# qvalue_pi0_method                       : smoother
# random_seed                             : None
# restrict_workspace                      : False
# sample_files                            : []
# sampler                                 : annotator
# segment_files                           : ['analysis/20220622_LocationPatterns/GATfiles/Segments/HFNAHR_All.bed']
# shift_expansion                         : 2.0
# shift_extension                         : 0
# short_help                              : None
# stderr                                  : <_io.TextIOWrapper name='<stderr>' mode='w' encoding='utf-8'>
# stdin                                   : <_io.TextIOWrapper name='<stdin>' mode='r' encoding='utf-8'>
# stdlog                                  : <_io.TextIOWrapper name='analysis/20220622_LocationPatterns/GATresults/NAHR_All/log/HFNAHR_All_annotations_repeats.log' mode='a' encoding='UTF-8'>
# stdout                                  : <_io.TextIOWrapper name='analysis/20220622_LocationPatterns/GATresults/NAHR_All/tsv/HFNAHR_All_annotations_repeats.tsv' mode='w' encoding='UTF-8'>
# timeit_file                             : None
# timeit_header                           : None
# timeit_name                             : all
# truncate_segments_to_workspace          : False
# truncate_workspace_to_annotations       : False
# workspace_files                         : ['analysis/20220622_LocationPatterns/GATfiles/Workspace/workspace_avgBherer.bed']
2022-06-22 23:47:07,804 INFO segments: reading tracks from 1 files
2022-06-22 23:47:07,804 INFO segments: read 1 tracks from 1 files
2022-06-22 23:47:07,804 INFO annotations: reading tracks from 1 files
2022-06-22 23:47:07,930 INFO annotations: read 1 tracks from 1 files
2022-06-22 23:47:07,934 INFO workspaces: reading tracks from 1 files
2022-06-22 23:47:07,934 INFO workspaces: read 1 tracks from 1 files
2022-06-22 23:47:07,934 INFO collapsing workspaces
2022-06-22 23:47:07,935 INFO isochores: reading isochores from 1 files
2022-06-22 23:47:07,937 INFO intervals loaded in 0 seconds
2022-06-22 23:47:07,937 INFO adding isochores to workspace
2022-06-22 23:47:07,937 INFO collecting observed counts
2022-06-22 23:47:07,937 INFO starting sampling
2022-06-22 23:47:07,937 INFO sampling: merged: 1/1
2022-06-22 23:47:07,937 INFO performing unconditional sampling
2022-06-22 23:47:07,938 INFO workspace without conditioning: 1090 segments, 2678195140 nucleotides
2022-06-22 23:47:07,938 INFO workspace after conditioning: 1090 segments, 2678195140 nucleotides
2022-06-22 23:47:07,938 INFO sampling started
2022-06-22 23:47:07,941 INFO 0/1000 done ( 0.00)
2022-06-22 23:47:08,262 INFO 100/1000 done (10.00)
2022-06-22 23:47:08,614 INFO 200/1000 done (20.00)
2022-06-22 23:47:08,976 INFO 300/1000 done (30.00)
2022-06-22 23:47:09,313 INFO 400/1000 done (40.00)
2022-06-22 23:47:09,649 INFO 500/1000 done (50.00)
2022-06-22 23:47:09,988 INFO 600/1000 done (60.00)
2022-06-22 23:47:10,320 INFO 700/1000 done (70.00)
2022-06-22 23:47:10,646 INFO 800/1000 done (80.00)
2022-06-22 23:47:10,951 INFO 900/1000 done (90.00)
2022-06-22 23:47:11,286 INFO sampling completed
2022-06-22 23:47:11,287 INFO sampling finished
2022-06-22 23:47:11,287 INFO computing PValue statistics
2022-06-22 23:47:11,288 INFO computing FDR statistics
# job finished in 3 seconds at Wed Jun 22 23:47:11 2022 --  4.34  0.07  0.00  0.00 -- 6777d6f2-dd93-4e43-ad65-2de7177feee0
# output generated by /home/rgomez/anaconda3/bin/gat-run.py --segments=analysis/20220622_LocationPatterns/GATfiles/Segments/HFNAHR_All.bed --isochores=analysis/20220622_LocationPatterns/GATfiles/Isochores/isochores_NAHR_All.bed --annotations=analysis/20220622_LocationPatterns/GATfiles/Annotations/annotations_repeats.bed --workspace=analysis/20220622_LocationPatterns/GATfiles/Workspace/workspace_avgBherer.bed --num-samples=1000 --log=analysis/20220622_LocationPatterns/GATresults/NAHR_All/log/HFNAHR_All_annotations_repeats.log --stdout=analysis/20220622_LocationPatterns/GATresults/NAHR_All/tsv/HFNAHR_All_annotations_repeats.tsv
# job started at Wed Jun 22 23:48:50 2022 on rgomez-pc -- 1c8c28eb-73a2-407f-8581-d2551ccce01a
# pid: 30407, system: Linux 5.3.0-7648-generic #41~1586790036~18.04~600aeb5-Ubuntu SMP Mon Apr 13 17:47:15 UTC  x86_64
# annotation_files                        : ['analysis/20220622_LocationPatterns/GATfiles/Annotations/annotations_repeats.bed']
# annotations_label                       : None
# annotations_to_points                   : None
# bucket_size                             : 0
# cache                                   : None
# conditional                             : unconditional
# conditional_expansion                   : None
# conditional_extension                   : None
# counters                                : []
# enable_split_tracks                     : False
# ignore_segment_tracks                   : True
# input_filename_counts                   : None
# input_filename_descriptions             : None
# input_filename_results                  : None
# isochore_files                          : ['analysis/20220622_LocationPatterns/GATfiles/Isochores/isochores_NAHR_All.bed']
# loglevel                                : 1
# nbuckets                                : 100000
# null                                    : default
# num_samples                             : 1000
# num_threads                             : 0
# output_bed                              : []
# output_counts_pattern                   : None
# output_filename_pattern                 : %s
# output_force                            : False
# output_order                            : fold
# output_plots_pattern                    : None
# output_samples_pattern                  : None
# output_stats                            : []
# output_tables_pattern                   : %s.tsv.gz
# overlapping_annotations                 : False
# pseudo_count                            : 1.0
# pvalue_method                           : empirical
# qvalue_lambda                           : None
# qvalue_method                           : BH
# qvalue_pi0_method                       : smoother
# random_seed                             : None
# restrict_workspace                      : False
# sample_files                            : []
# sampler                                 : annotator
# segment_files                           : ['analysis/20220622_LocationPatterns/GATfiles/Segments/HFNAHR_All.bed']
# shift_expansion                         : 2.0
# shift_extension                         : 0
# short_help                              : None
# stderr                                  : <_io.TextIOWrapper name='<stderr>' mode='w' encoding='utf-8'>
# stdin                                   : <_io.TextIOWrapper name='<stdin>' mode='r' encoding='utf-8'>
# stdlog                                  : <_io.TextIOWrapper name='analysis/20220622_LocationPatterns/GATresults/NAHR_All/log/HFNAHR_All_annotations_repeats.log' mode='a' encoding='UTF-8'>
# stdout                                  : <_io.TextIOWrapper name='analysis/20220622_LocationPatterns/GATresults/NAHR_All/tsv/HFNAHR_All_annotations_repeats.tsv' mode='w' encoding='UTF-8'>
# timeit_file                             : None
# timeit_header                           : None
# timeit_name                             : all
# truncate_segments_to_workspace          : False
# truncate_workspace_to_annotations       : False
# workspace_files                         : ['analysis/20220622_LocationPatterns/GATfiles/Workspace/workspace_avgBherer.bed']
2022-06-22 23:48:50,334 INFO segments: reading tracks from 1 files
2022-06-22 23:48:50,335 INFO segments: read 1 tracks from 1 files
2022-06-22 23:48:50,335 INFO annotations: reading tracks from 1 files
2022-06-22 23:48:50,458 INFO annotations: read 1 tracks from 1 files
2022-06-22 23:48:50,462 INFO workspaces: reading tracks from 1 files
2022-06-22 23:48:50,463 INFO workspaces: read 1 tracks from 1 files
2022-06-22 23:48:50,463 INFO collapsing workspaces
2022-06-22 23:48:50,463 INFO isochores: reading isochores from 1 files
2022-06-22 23:48:50,465 INFO intervals loaded in 0 seconds
2022-06-22 23:48:50,465 INFO adding isochores to workspace
2022-06-22 23:48:50,466 INFO collecting observed counts
2022-06-22 23:48:50,466 INFO starting sampling
2022-06-22 23:48:50,466 INFO sampling: merged: 1/1
2022-06-22 23:48:50,466 INFO performing unconditional sampling
2022-06-22 23:48:50,466 INFO workspace without conditioning: 1090 segments, 2678195140 nucleotides
2022-06-22 23:48:50,466 INFO workspace after conditioning: 1090 segments, 2678195140 nucleotides
2022-06-22 23:48:50,467 INFO sampling started
2022-06-22 23:48:50,471 INFO 0/1000 done ( 0.00)
2022-06-22 23:48:50,800 INFO 100/1000 done (10.00)
2022-06-22 23:48:51,147 INFO 200/1000 done (20.00)
2022-06-22 23:48:51,494 INFO 300/1000 done (30.00)
2022-06-22 23:48:51,845 INFO 400/1000 done (40.00)
2022-06-22 23:48:52,218 INFO 500/1000 done (50.00)
2022-06-22 23:48:52,584 INFO 600/1000 done (60.00)
2022-06-22 23:48:52,921 INFO 700/1000 done (70.00)
2022-06-22 23:48:53,261 INFO 800/1000 done (80.00)
2022-06-22 23:48:53,599 INFO 900/1000 done (90.00)
2022-06-22 23:48:53,930 INFO sampling completed
2022-06-22 23:48:53,930 INFO sampling finished
2022-06-22 23:48:53,930 INFO computing PValue statistics
2022-06-22 23:48:53,931 INFO computing FDR statistics
# job finished in 3 seconds at Wed Jun 22 23:48:53 2022 --  4.43  0.05  0.00  0.00 -- 1c8c28eb-73a2-407f-8581-d2551ccce01a
# output generated by /home/rgomez/anaconda3/bin/gat-run.py --segments=analysis/20220622_LocationPatterns/GATfiles/Segments/HFNAHR_All.bed --isochores=analysis/20220622_LocationPatterns/GATfiles/Isochores/isochores_NAHR_All.bed --annotations=analysis/20220622_LocationPatterns/GATfiles/Annotations/annotations_repeats.bed --workspace=analysis/20220622_LocationPatterns/GATfiles/Workspace/workspace_avgBherer.bed --num-samples=1000 --log=analysis/20220622_LocationPatterns/GATresults/NAHR_All/log/HFNAHR_All_annotations_repeats.log --stdout=analysis/20220622_LocationPatterns/GATresults/NAHR_All/tsv/HFNAHR_All_annotations_repeats.tsv
# job started at Wed Jun 22 23:49:42 2022 on rgomez-pc -- 7b7d2ffb-dd28-4288-976a-cc209e301a17
# pid: 30553, system: Linux 5.3.0-7648-generic #41~1586790036~18.04~600aeb5-Ubuntu SMP Mon Apr 13 17:47:15 UTC  x86_64
# annotation_files                        : ['analysis/20220622_LocationPatterns/GATfiles/Annotations/annotations_repeats.bed']
# annotations_label                       : None
# annotations_to_points                   : None
# bucket_size                             : 0
# cache                                   : None
# conditional                             : unconditional
# conditional_expansion                   : None
# conditional_extension                   : None
# counters                                : []
# enable_split_tracks                     : False
# ignore_segment_tracks                   : True
# input_filename_counts                   : None
# input_filename_descriptions             : None
# input_filename_results                  : None
# isochore_files                          : ['analysis/20220622_LocationPatterns/GATfiles/Isochores/isochores_NAHR_All.bed']
# loglevel                                : 1
# nbuckets                                : 100000
# null                                    : default
# num_samples                             : 1000
# num_threads                             : 0
# output_bed                              : []
# output_counts_pattern                   : None
# output_filename_pattern                 : %s
# output_force                            : False
# output_order                            : fold
# output_plots_pattern                    : None
# output_samples_pattern                  : None
# output_stats                            : []
# output_tables_pattern                   : %s.tsv.gz
# overlapping_annotations                 : False
# pseudo_count                            : 1.0
# pvalue_method                           : empirical
# qvalue_lambda                           : None
# qvalue_method                           : BH
# qvalue_pi0_method                       : smoother
# random_seed                             : None
# restrict_workspace                      : False
# sample_files                            : []
# sampler                                 : annotator
# segment_files                           : ['analysis/20220622_LocationPatterns/GATfiles/Segments/HFNAHR_All.bed']
# shift_expansion                         : 2.0
# shift_extension                         : 0
# short_help                              : None
# stderr                                  : <_io.TextIOWrapper name='<stderr>' mode='w' encoding='utf-8'>
# stdin                                   : <_io.TextIOWrapper name='<stdin>' mode='r' encoding='utf-8'>
# stdlog                                  : <_io.TextIOWrapper name='analysis/20220622_LocationPatterns/GATresults/NAHR_All/log/HFNAHR_All_annotations_repeats.log' mode='a' encoding='UTF-8'>
# stdout                                  : <_io.TextIOWrapper name='analysis/20220622_LocationPatterns/GATresults/NAHR_All/tsv/HFNAHR_All_annotations_repeats.tsv' mode='w' encoding='UTF-8'>
# timeit_file                             : None
# timeit_header                           : None
# timeit_name                             : all
# truncate_segments_to_workspace          : False
# truncate_workspace_to_annotations       : False
# workspace_files                         : ['analysis/20220622_LocationPatterns/GATfiles/Workspace/workspace_avgBherer.bed']
2022-06-22 23:49:42,057 INFO segments: reading tracks from 1 files
2022-06-22 23:49:42,058 INFO segments: read 1 tracks from 1 files
2022-06-22 23:49:42,058 INFO annotations: reading tracks from 1 files
2022-06-22 23:49:42,173 INFO annotations: read 1 tracks from 1 files
2022-06-22 23:49:42,177 INFO workspaces: reading tracks from 1 files
2022-06-22 23:49:42,177 INFO workspaces: read 1 tracks from 1 files
2022-06-22 23:49:42,177 INFO collapsing workspaces
2022-06-22 23:49:42,177 INFO isochores: reading isochores from 1 files
2022-06-22 23:49:42,179 INFO intervals loaded in 0 seconds
2022-06-22 23:49:42,179 INFO adding isochores to workspace
2022-06-22 23:49:42,179 INFO collecting observed counts
2022-06-22 23:49:42,179 INFO starting sampling
2022-06-22 23:49:42,180 INFO sampling: merged: 1/1
2022-06-22 23:49:42,180 INFO performing unconditional sampling
2022-06-22 23:49:42,180 INFO workspace without conditioning: 1090 segments, 2678195140 nucleotides
2022-06-22 23:49:42,180 INFO workspace after conditioning: 1090 segments, 2678195140 nucleotides
2022-06-22 23:49:42,181 INFO sampling started
2022-06-22 23:49:42,184 INFO 0/1000 done ( 0.00)
2022-06-22 23:49:42,480 INFO 100/1000 done (10.00)
2022-06-22 23:49:42,770 INFO 200/1000 done (20.00)
2022-06-22 23:49:43,055 INFO 300/1000 done (30.00)
2022-06-22 23:49:43,328 INFO 400/1000 done (40.00)
2022-06-22 23:49:43,635 INFO 500/1000 done (50.00)
2022-06-22 23:49:43,931 INFO 600/1000 done (60.00)
2022-06-22 23:49:44,236 INFO 700/1000 done (70.00)
2022-06-22 23:49:44,522 INFO 800/1000 done (80.00)
2022-06-22 23:49:44,824 INFO 900/1000 done (90.00)
2022-06-22 23:49:45,119 INFO sampling completed
2022-06-22 23:49:45,120 INFO sampling finished
2022-06-22 23:49:45,120 INFO computing PValue statistics
2022-06-22 23:49:45,121 INFO computing FDR statistics
# job finished in 3 seconds at Wed Jun 22 23:49:45 2022 --  3.80  0.03  0.00  0.00 -- 7b7d2ffb-dd28-4288-976a-cc209e301a17
# output generated by /home/rgomez/anaconda3/bin/gat-run.py --segments=analysis/20220622_LocationPatterns/GATfiles/Segments/HFNAHR_All.bed --isochores=analysis/20220622_LocationPatterns/GATfiles/Isochores/isochores_NAHR_All.bed --annotations=analysis/20220622_LocationPatterns/GATfiles/Annotations/annotations_repeats.bed --workspace=analysis/20220622_LocationPatterns/GATfiles/Workspace/workspace_avgBherer.bed --num-samples=1000 --log=analysis/20220622_LocationPatterns/GATresults/NAHR_All/log/HFNAHR_All_annotations_repeats.log --stdout=analysis/20220622_LocationPatterns/GATresults/NAHR_All/tsv/HFNAHR_All_annotations_repeats.tsv
# job started at Wed Jun 22 23:50:53 2022 on rgomez-pc -- 4639716a-54f6-4f81-b871-9694b412c381
# pid: 30742, system: Linux 5.3.0-7648-generic #41~1586790036~18.04~600aeb5-Ubuntu SMP Mon Apr 13 17:47:15 UTC  x86_64
# annotation_files                        : ['analysis/20220622_LocationPatterns/GATfiles/Annotations/annotations_repeats.bed']
# annotations_label                       : None
# annotations_to_points                   : None
# bucket_size                             : 0
# cache                                   : None
# conditional                             : unconditional
# conditional_expansion                   : None
# conditional_extension                   : None
# counters                                : []
# enable_split_tracks                     : False
# ignore_segment_tracks                   : True
# input_filename_counts                   : None
# input_filename_descriptions             : None
# input_filename_results                  : None
# isochore_files                          : ['analysis/20220622_LocationPatterns/GATfiles/Isochores/isochores_NAHR_All.bed']
# loglevel                                : 1
# nbuckets                                : 100000
# null                                    : default
# num_samples                             : 1000
# num_threads                             : 0
# output_bed                              : []
# output_counts_pattern                   : None
# output_filename_pattern                 : %s
# output_force                            : False
# output_order                            : fold
# output_plots_pattern                    : None
# output_samples_pattern                  : None
# output_stats                            : []
# output_tables_pattern                   : %s.tsv.gz
# overlapping_annotations                 : False
# pseudo_count                            : 1.0
# pvalue_method                           : empirical
# qvalue_lambda                           : None
# qvalue_method                           : BH
# qvalue_pi0_method                       : smoother
# random_seed                             : None
# restrict_workspace                      : False
# sample_files                            : []
# sampler                                 : annotator
# segment_files                           : ['analysis/20220622_LocationPatterns/GATfiles/Segments/HFNAHR_All.bed']
# shift_expansion                         : 2.0
# shift_extension                         : 0
# short_help                              : None
# stderr                                  : <_io.TextIOWrapper name='<stderr>' mode='w' encoding='utf-8'>
# stdin                                   : <_io.TextIOWrapper name='<stdin>' mode='r' encoding='utf-8'>
# stdlog                                  : <_io.TextIOWrapper name='analysis/20220622_LocationPatterns/GATresults/NAHR_All/log/HFNAHR_All_annotations_repeats.log' mode='a' encoding='UTF-8'>
# stdout                                  : <_io.TextIOWrapper name='analysis/20220622_LocationPatterns/GATresults/NAHR_All/tsv/HFNAHR_All_annotations_repeats.tsv' mode='w' encoding='UTF-8'>
# timeit_file                             : None
# timeit_header                           : None
# timeit_name                             : all
# truncate_segments_to_workspace          : False
# truncate_workspace_to_annotations       : False
# workspace_files                         : ['analysis/20220622_LocationPatterns/GATfiles/Workspace/workspace_avgBherer.bed']
2022-06-22 23:50:53,784 INFO segments: reading tracks from 1 files
2022-06-22 23:50:53,784 INFO segments: read 1 tracks from 1 files
2022-06-22 23:50:53,784 INFO annotations: reading tracks from 1 files
2022-06-22 23:50:53,901 INFO annotations: read 1 tracks from 1 files
2022-06-22 23:50:53,905 INFO workspaces: reading tracks from 1 files
2022-06-22 23:50:53,905 INFO workspaces: read 1 tracks from 1 files
2022-06-22 23:50:53,905 INFO collapsing workspaces
2022-06-22 23:50:53,906 INFO isochores: reading isochores from 1 files
2022-06-22 23:50:53,908 INFO intervals loaded in 0 seconds
2022-06-22 23:50:53,908 INFO adding isochores to workspace
2022-06-22 23:50:53,908 INFO collecting observed counts
2022-06-22 23:50:53,909 INFO starting sampling
2022-06-22 23:50:53,909 INFO sampling: merged: 1/1
2022-06-22 23:50:53,909 INFO performing unconditional sampling
2022-06-22 23:50:53,909 INFO workspace without conditioning: 1090 segments, 2678195140 nucleotides
2022-06-22 23:50:53,909 INFO workspace after conditioning: 1090 segments, 2678195140 nucleotides
2022-06-22 23:50:53,910 INFO sampling started
2022-06-22 23:50:53,913 INFO 0/1000 done ( 0.00)
2022-06-22 23:50:54,254 INFO 100/1000 done (10.00)
2022-06-22 23:50:54,580 INFO 200/1000 done (20.00)
2022-06-22 23:50:54,918 INFO 300/1000 done (30.00)
2022-06-22 23:50:55,269 INFO 400/1000 done (40.00)
2022-06-22 23:50:55,612 INFO 500/1000 done (50.00)
2022-06-22 23:50:55,949 INFO 600/1000 done (60.00)
2022-06-22 23:50:56,281 INFO 700/1000 done (70.00)
2022-06-22 23:50:56,620 INFO 800/1000 done (80.00)
2022-06-22 23:50:56,917 INFO 900/1000 done (90.00)
2022-06-22 23:50:57,201 INFO sampling completed
2022-06-22 23:50:57,201 INFO sampling finished
2022-06-22 23:50:57,201 INFO computing PValue statistics
2022-06-22 23:50:57,202 INFO computing FDR statistics
# job finished in 3 seconds at Wed Jun 22 23:50:57 2022 --  4.30  0.05  0.00  0.00 -- 4639716a-54f6-4f81-b871-9694b412c381
# output generated by /home/rgomez/anaconda3/bin/gat-run.py --segments=analysis/20220622_LocationPatterns/GATfiles/Segments/HFNAHR_All.bed --isochores=analysis/20220622_LocationPatterns/GATfiles/Isochores/isochores_NAHR_All.bed --annotations=analysis/20220622_LocationPatterns/GATfiles/Annotations/annotations_repeats.bed --workspace=analysis/20220622_LocationPatterns/GATfiles/Workspace/workspace_avgBherer.bed --num-samples=1000 --log=analysis/20220622_LocationPatterns/GATresults/NAHR_All/log/HFNAHR_All_annotations_repeats.log --stdout=analysis/20220622_LocationPatterns/GATresults/NAHR_All/tsv/HFNAHR_All_annotations_repeats.tsv
# job started at Wed Jun 22 23:51:43 2022 on rgomez-pc -- 90b39fca-5d98-4a8c-b779-057f928a0172
# pid: 30942, system: Linux 5.3.0-7648-generic #41~1586790036~18.04~600aeb5-Ubuntu SMP Mon Apr 13 17:47:15 UTC  x86_64
# annotation_files                        : ['analysis/20220622_LocationPatterns/GATfiles/Annotations/annotations_repeats.bed']
# annotations_label                       : None
# annotations_to_points                   : None
# bucket_size                             : 0
# cache                                   : None
# conditional                             : unconditional
# conditional_expansion                   : None
# conditional_extension                   : None
# counters                                : []
# enable_split_tracks                     : False
# ignore_segment_tracks                   : True
# input_filename_counts                   : None
# input_filename_descriptions             : None
# input_filename_results                  : None
# isochore_files                          : ['analysis/20220622_LocationPatterns/GATfiles/Isochores/isochores_NAHR_All.bed']
# loglevel                                : 1
# nbuckets                                : 100000
# null                                    : default
# num_samples                             : 1000
# num_threads                             : 0
# output_bed                              : []
# output_counts_pattern                   : None
# output_filename_pattern                 : %s
# output_force                            : False
# output_order                            : fold
# output_plots_pattern                    : None
# output_samples_pattern                  : None
# output_stats                            : []
# output_tables_pattern                   : %s.tsv.gz
# overlapping_annotations                 : False
# pseudo_count                            : 1.0
# pvalue_method                           : empirical
# qvalue_lambda                           : None
# qvalue_method                           : BH
# qvalue_pi0_method                       : smoother
# random_seed                             : None
# restrict_workspace                      : False
# sample_files                            : []
# sampler                                 : annotator
# segment_files                           : ['analysis/20220622_LocationPatterns/GATfiles/Segments/HFNAHR_All.bed']
# shift_expansion                         : 2.0
# shift_extension                         : 0
# short_help                              : None
# stderr                                  : <_io.TextIOWrapper name='<stderr>' mode='w' encoding='utf-8'>
# stdin                                   : <_io.TextIOWrapper name='<stdin>' mode='r' encoding='utf-8'>
# stdlog                                  : <_io.TextIOWrapper name='analysis/20220622_LocationPatterns/GATresults/NAHR_All/log/HFNAHR_All_annotations_repeats.log' mode='a' encoding='UTF-8'>
# stdout                                  : <_io.TextIOWrapper name='analysis/20220622_LocationPatterns/GATresults/NAHR_All/tsv/HFNAHR_All_annotations_repeats.tsv' mode='w' encoding='UTF-8'>
# timeit_file                             : None
# timeit_header                           : None
# timeit_name                             : all
# truncate_segments_to_workspace          : False
# truncate_workspace_to_annotations       : False
# workspace_files                         : ['analysis/20220622_LocationPatterns/GATfiles/Workspace/workspace_avgBherer.bed']
2022-06-22 23:51:43,386 INFO segments: reading tracks from 1 files
2022-06-22 23:51:43,386 INFO segments: read 1 tracks from 1 files
2022-06-22 23:51:43,386 INFO annotations: reading tracks from 1 files
2022-06-22 23:51:43,498 INFO annotations: read 1 tracks from 1 files
2022-06-22 23:51:43,502 INFO workspaces: reading tracks from 1 files
2022-06-22 23:51:43,502 INFO workspaces: read 1 tracks from 1 files
2022-06-22 23:51:43,502 INFO collapsing workspaces
2022-06-22 23:51:43,502 INFO isochores: reading isochores from 1 files
2022-06-22 23:51:43,504 INFO intervals loaded in 0 seconds
2022-06-22 23:51:43,504 INFO adding isochores to workspace
2022-06-22 23:51:43,505 INFO collecting observed counts
2022-06-22 23:51:43,505 INFO starting sampling
2022-06-22 23:51:43,505 INFO sampling: merged: 1/1
2022-06-22 23:51:43,505 INFO performing unconditional sampling
2022-06-22 23:51:43,506 INFO workspace without conditioning: 1090 segments, 2678195140 nucleotides
2022-06-22 23:51:43,506 INFO workspace after conditioning: 1090 segments, 2678195140 nucleotides
2022-06-22 23:51:43,506 INFO sampling started
2022-06-22 23:51:43,509 INFO 0/1000 done ( 0.00)
2022-06-22 23:51:43,823 INFO 100/1000 done (10.00)
2022-06-22 23:51:44,097 INFO 200/1000 done (20.00)
2022-06-22 23:51:44,403 INFO 300/1000 done (30.00)
2022-06-22 23:51:44,709 INFO 400/1000 done (40.00)
2022-06-22 23:51:45,007 INFO 500/1000 done (50.00)
2022-06-22 23:51:45,301 INFO 600/1000 done (60.00)
2022-06-22 23:51:45,610 INFO 700/1000 done (70.00)
2022-06-22 23:51:45,915 INFO 800/1000 done (80.00)
2022-06-22 23:51:46,238 INFO 900/1000 done (90.00)
2022-06-22 23:51:46,529 INFO sampling completed
2022-06-22 23:51:46,529 INFO sampling finished
2022-06-22 23:51:46,529 INFO computing PValue statistics
2022-06-22 23:51:46,530 INFO computing FDR statistics
# job finished in 3 seconds at Wed Jun 22 23:51:46 2022 --  3.87  0.05  0.00  0.00 -- 90b39fca-5d98-4a8c-b779-057f928a0172
# output generated by /home/rgomez/anaconda3/bin/gat-run.py --segments=analysis/20220622_LocationPatterns/GATfiles/Segments/HFNAHR_All.bed --isochores=analysis/20220622_LocationPatterns/GATfiles/Isochores/isochores_NAHR_All.bed --annotations=analysis/20220622_LocationPatterns/GATfiles/Annotations/annotations_repeats.bed --workspace=analysis/20220622_LocationPatterns/GATfiles/Workspace/workspace_avgBherer.bed --num-samples=1000 --log=analysis/20220622_LocationPatterns/GATresults/NAHR_All/log/HFNAHR_All_annotations_repeats.log --stdout=analysis/20220622_LocationPatterns/GATresults/NAHR_All/tsv/HFNAHR_All_annotations_repeats.tsv
# job started at Wed Jun 22 23:53:38 2022 on rgomez-pc -- 64369443-3968-4055-a209-40e53fb986e5
# pid: 31128, system: Linux 5.3.0-7648-generic #41~1586790036~18.04~600aeb5-Ubuntu SMP Mon Apr 13 17:47:15 UTC  x86_64
# annotation_files                        : ['analysis/20220622_LocationPatterns/GATfiles/Annotations/annotations_repeats.bed']
# annotations_label                       : None
# annotations_to_points                   : None
# bucket_size                             : 0
# cache                                   : None
# conditional                             : unconditional
# conditional_expansion                   : None
# conditional_extension                   : None
# counters                                : []
# enable_split_tracks                     : False
# ignore_segment_tracks                   : True
# input_filename_counts                   : None
# input_filename_descriptions             : None
# input_filename_results                  : None
# isochore_files                          : ['analysis/20220622_LocationPatterns/GATfiles/Isochores/isochores_NAHR_All.bed']
# loglevel                                : 1
# nbuckets                                : 100000
# null                                    : default
# num_samples                             : 1000
# num_threads                             : 0
# output_bed                              : []
# output_counts_pattern                   : None
# output_filename_pattern                 : %s
# output_force                            : False
# output_order                            : fold
# output_plots_pattern                    : None
# output_samples_pattern                  : None
# output_stats                            : []
# output_tables_pattern                   : %s.tsv.gz
# overlapping_annotations                 : False
# pseudo_count                            : 1.0
# pvalue_method                           : empirical
# qvalue_lambda                           : None
# qvalue_method                           : BH
# qvalue_pi0_method                       : smoother
# random_seed                             : None
# restrict_workspace                      : False
# sample_files                            : []
# sampler                                 : annotator
# segment_files                           : ['analysis/20220622_LocationPatterns/GATfiles/Segments/HFNAHR_All.bed']
# shift_expansion                         : 2.0
# shift_extension                         : 0
# short_help                              : None
# stderr                                  : <_io.TextIOWrapper name='<stderr>' mode='w' encoding='utf-8'>
# stdin                                   : <_io.TextIOWrapper name='<stdin>' mode='r' encoding='utf-8'>
# stdlog                                  : <_io.TextIOWrapper name='analysis/20220622_LocationPatterns/GATresults/NAHR_All/log/HFNAHR_All_annotations_repeats.log' mode='a' encoding='UTF-8'>
# stdout                                  : <_io.TextIOWrapper name='analysis/20220622_LocationPatterns/GATresults/NAHR_All/tsv/HFNAHR_All_annotations_repeats.tsv' mode='w' encoding='UTF-8'>
# timeit_file                             : None
# timeit_header                           : None
# timeit_name                             : all
# truncate_segments_to_workspace          : False
# truncate_workspace_to_annotations       : False
# workspace_files                         : ['analysis/20220622_LocationPatterns/GATfiles/Workspace/workspace_avgBherer.bed']
2022-06-22 23:53:38,777 INFO segments: reading tracks from 1 files
2022-06-22 23:53:38,777 INFO segments: read 1 tracks from 1 files
2022-06-22 23:53:38,777 INFO annotations: reading tracks from 1 files
2022-06-22 23:53:38,892 INFO annotations: read 1 tracks from 1 files
2022-06-22 23:53:38,895 INFO workspaces: reading tracks from 1 files
2022-06-22 23:53:38,896 INFO workspaces: read 1 tracks from 1 files
2022-06-22 23:53:38,896 INFO collapsing workspaces
2022-06-22 23:53:38,896 INFO isochores: reading isochores from 1 files
2022-06-22 23:53:38,898 INFO intervals loaded in 0 seconds
2022-06-22 23:53:38,898 INFO adding isochores to workspace
2022-06-22 23:53:38,898 INFO collecting observed counts
2022-06-22 23:53:38,898 INFO starting sampling
2022-06-22 23:53:38,898 INFO sampling: merged: 1/1
2022-06-22 23:53:38,899 INFO performing unconditional sampling
2022-06-22 23:53:38,899 INFO workspace without conditioning: 1090 segments, 2678195140 nucleotides
2022-06-22 23:53:38,899 INFO workspace after conditioning: 1090 segments, 2678195140 nucleotides
2022-06-22 23:53:38,900 INFO sampling started
2022-06-22 23:53:38,904 INFO 0/1000 done ( 0.00)
2022-06-22 23:53:39,218 INFO 100/1000 done (10.00)
2022-06-22 23:53:39,523 INFO 200/1000 done (20.00)
2022-06-22 23:53:39,820 INFO 300/1000 done (30.00)
2022-06-22 23:53:40,111 INFO 400/1000 done (40.00)
2022-06-22 23:53:40,416 INFO 500/1000 done (50.00)
2022-06-22 23:53:40,718 INFO 600/1000 done (60.00)
2022-06-22 23:53:41,032 INFO 700/1000 done (70.00)
2022-06-22 23:53:41,327 INFO 800/1000 done (80.00)
2022-06-22 23:53:41,643 INFO 900/1000 done (90.00)
2022-06-22 23:53:41,943 INFO sampling completed
2022-06-22 23:53:41,944 INFO sampling finished
2022-06-22 23:53:41,944 INFO computing PValue statistics
2022-06-22 23:53:41,945 INFO computing FDR statistics
# job finished in 3 seconds at Wed Jun 22 23:53:41 2022 --  3.86  0.06  0.00  0.00 -- 64369443-3968-4055-a209-40e53fb986e5
# output generated by /home/rgomez/anaconda3/bin/gat-run.py --segments=analysis/20220622_LocationPatterns/GATfiles/Segments/HFNAHR_All.bed --isochores=analysis/20220622_LocationPatterns/GATfiles/Isochores/isochores_NAHR_All.bed --annotations=analysis/20220622_LocationPatterns/GATfiles/Annotations/annotations_repeats.bed --workspace=analysis/20220622_LocationPatterns/GATfiles/Workspace/workspace_avgBherer.bed --num-samples=1000 --log=analysis/20220622_LocationPatterns/GATresults/NAHR_All/log/HFNAHR_All_annotations_repeats.log --stdout=analysis/20220622_LocationPatterns/GATresults/NAHR_All/tsv/HFNAHR_All_annotations_repeats.tsv
# job started at Wed Jun 22 23:55:15 2022 on rgomez-pc -- 0b876cfe-b028-4508-9cba-21aadde08b81
# pid: 31301, system: Linux 5.3.0-7648-generic #41~1586790036~18.04~600aeb5-Ubuntu SMP Mon Apr 13 17:47:15 UTC  x86_64
# annotation_files                        : ['analysis/20220622_LocationPatterns/GATfiles/Annotations/annotations_repeats.bed']
# annotations_label                       : None
# annotations_to_points                   : None
# bucket_size                             : 0
# cache                                   : None
# conditional                             : unconditional
# conditional_expansion                   : None
# conditional_extension                   : None
# counters                                : []
# enable_split_tracks                     : False
# ignore_segment_tracks                   : True
# input_filename_counts                   : None
# input_filename_descriptions             : None
# input_filename_results                  : None
# isochore_files                          : ['analysis/20220622_LocationPatterns/GATfiles/Isochores/isochores_NAHR_All.bed']
# loglevel                                : 1
# nbuckets                                : 100000
# null                                    : default
# num_samples                             : 1000
# num_threads                             : 0
# output_bed                              : []
# output_counts_pattern                   : None
# output_filename_pattern                 : %s
# output_force                            : False
# output_order                            : fold
# output_plots_pattern                    : None
# output_samples_pattern                  : None
# output_stats                            : []
# output_tables_pattern                   : %s.tsv.gz
# overlapping_annotations                 : False
# pseudo_count                            : 1.0
# pvalue_method                           : empirical
# qvalue_lambda                           : None
# qvalue_method                           : BH
# qvalue_pi0_method                       : smoother
# random_seed                             : None
# restrict_workspace                      : False
# sample_files                            : []
# sampler                                 : annotator
# segment_files                           : ['analysis/20220622_LocationPatterns/GATfiles/Segments/HFNAHR_All.bed']
# shift_expansion                         : 2.0
# shift_extension                         : 0
# short_help                              : None
# stderr                                  : <_io.TextIOWrapper name='<stderr>' mode='w' encoding='utf-8'>
# stdin                                   : <_io.TextIOWrapper name='<stdin>' mode='r' encoding='utf-8'>
# stdlog                                  : <_io.TextIOWrapper name='analysis/20220622_LocationPatterns/GATresults/NAHR_All/log/HFNAHR_All_annotations_repeats.log' mode='a' encoding='UTF-8'>
# stdout                                  : <_io.TextIOWrapper name='analysis/20220622_LocationPatterns/GATresults/NAHR_All/tsv/HFNAHR_All_annotations_repeats.tsv' mode='w' encoding='UTF-8'>
# timeit_file                             : None
# timeit_header                           : None
# timeit_name                             : all
# truncate_segments_to_workspace          : False
# truncate_workspace_to_annotations       : False
# workspace_files                         : ['analysis/20220622_LocationPatterns/GATfiles/Workspace/workspace_avgBherer.bed']
2022-06-22 23:55:15,542 INFO segments: reading tracks from 1 files
2022-06-22 23:55:15,542 INFO segments: read 1 tracks from 1 files
2022-06-22 23:55:15,542 INFO annotations: reading tracks from 1 files
2022-06-22 23:55:15,684 INFO annotations: read 1 tracks from 1 files
2022-06-22 23:55:15,688 INFO workspaces: reading tracks from 1 files
2022-06-22 23:55:15,689 INFO workspaces: read 1 tracks from 1 files
2022-06-22 23:55:15,689 INFO collapsing workspaces
2022-06-22 23:55:15,689 INFO isochores: reading isochores from 1 files
2022-06-22 23:55:15,691 INFO intervals loaded in 0 seconds
2022-06-22 23:55:15,691 INFO adding isochores to workspace
2022-06-22 23:55:15,692 INFO collecting observed counts
2022-06-22 23:55:15,692 INFO starting sampling
2022-06-22 23:55:15,692 INFO sampling: merged: 1/1
2022-06-22 23:55:15,692 INFO performing unconditional sampling
2022-06-22 23:55:15,693 INFO workspace without conditioning: 1090 segments, 2678195140 nucleotides
2022-06-22 23:55:15,693 INFO workspace after conditioning: 1090 segments, 2678195140 nucleotides
2022-06-22 23:55:15,693 INFO sampling started
2022-06-22 23:55:15,698 INFO 0/1000 done ( 0.00)
2022-06-22 23:55:16,080 INFO 100/1000 done (10.00)
2022-06-22 23:55:16,455 INFO 200/1000 done (20.00)
2022-06-22 23:55:16,802 INFO 300/1000 done (30.00)
2022-06-22 23:55:17,169 INFO 400/1000 done (40.00)
2022-06-22 23:55:17,535 INFO 500/1000 done (50.00)
2022-06-22 23:55:17,919 INFO 600/1000 done (60.00)
2022-06-22 23:55:18,284 INFO 700/1000 done (70.00)
2022-06-22 23:55:18,650 INFO 800/1000 done (80.00)
2022-06-22 23:55:19,024 INFO 900/1000 done (90.00)
2022-06-22 23:55:19,390 INFO sampling completed
2022-06-22 23:55:19,390 INFO sampling finished
2022-06-22 23:55:19,391 INFO computing PValue statistics
2022-06-22 23:55:19,392 INFO computing FDR statistics
# job finished in 3 seconds at Wed Jun 22 23:55:19 2022 --  4.70  0.06  0.00  0.00 -- 0b876cfe-b028-4508-9cba-21aadde08b81
# output generated by /home/rgomez/anaconda3/bin/gat-run.py --segments=analysis/20220622_LocationPatterns/GATfiles/Segments/HFNAHR_All.bed --isochores=analysis/20220622_LocationPatterns/GATfiles/Isochores/isochores_NAHR_All.bed --annotations=analysis/20220622_LocationPatterns/GATfiles/Annotations/annotations_repeats.bed --workspace=analysis/20220622_LocationPatterns/GATfiles/Workspace/workspace_avgBherer.bed --num-samples=1000 --log=analysis/20220622_LocationPatterns/GATresults/NAHR_All/log/HFNAHR_All_annotations_repeats.log --stdout=analysis/20220622_LocationPatterns/GATresults/NAHR_All/tsv/HFNAHR_All_annotations_repeats.tsv
# job started at Wed Jun 22 23:56:44 2022 on rgomez-pc -- 52e2d42a-7901-46f2-aa57-65e74adae087
# pid: 31474, system: Linux 5.3.0-7648-generic #41~1586790036~18.04~600aeb5-Ubuntu SMP Mon Apr 13 17:47:15 UTC  x86_64
# annotation_files                        : ['analysis/20220622_LocationPatterns/GATfiles/Annotations/annotations_repeats.bed']
# annotations_label                       : None
# annotations_to_points                   : None
# bucket_size                             : 0
# cache                                   : None
# conditional                             : unconditional
# conditional_expansion                   : None
# conditional_extension                   : None
# counters                                : []
# enable_split_tracks                     : False
# ignore_segment_tracks                   : True
# input_filename_counts                   : None
# input_filename_descriptions             : None
# input_filename_results                  : None
# isochore_files                          : ['analysis/20220622_LocationPatterns/GATfiles/Isochores/isochores_NAHR_All.bed']
# loglevel                                : 1
# nbuckets                                : 100000
# null                                    : default
# num_samples                             : 1000
# num_threads                             : 0
# output_bed                              : []
# output_counts_pattern                   : None
# output_filename_pattern                 : %s
# output_force                            : False
# output_order                            : fold
# output_plots_pattern                    : None
# output_samples_pattern                  : None
# output_stats                            : []
# output_tables_pattern                   : %s.tsv.gz
# overlapping_annotations                 : False
# pseudo_count                            : 1.0
# pvalue_method                           : empirical
# qvalue_lambda                           : None
# qvalue_method                           : BH
# qvalue_pi0_method                       : smoother
# random_seed                             : None
# restrict_workspace                      : False
# sample_files                            : []
# sampler                                 : annotator
# segment_files                           : ['analysis/20220622_LocationPatterns/GATfiles/Segments/HFNAHR_All.bed']
# shift_expansion                         : 2.0
# shift_extension                         : 0
# short_help                              : None
# stderr                                  : <_io.TextIOWrapper name='<stderr>' mode='w' encoding='utf-8'>
# stdin                                   : <_io.TextIOWrapper name='<stdin>' mode='r' encoding='utf-8'>
# stdlog                                  : <_io.TextIOWrapper name='analysis/20220622_LocationPatterns/GATresults/NAHR_All/log/HFNAHR_All_annotations_repeats.log' mode='a' encoding='UTF-8'>
# stdout                                  : <_io.TextIOWrapper name='analysis/20220622_LocationPatterns/GATresults/NAHR_All/tsv/HFNAHR_All_annotations_repeats.tsv' mode='w' encoding='UTF-8'>
# timeit_file                             : None
# timeit_header                           : None
# timeit_name                             : all
# truncate_segments_to_workspace          : False
# truncate_workspace_to_annotations       : False
# workspace_files                         : ['analysis/20220622_LocationPatterns/GATfiles/Workspace/workspace_avgBherer.bed']
2022-06-22 23:56:44,962 INFO segments: reading tracks from 1 files
2022-06-22 23:56:44,962 INFO segments: read 1 tracks from 1 files
2022-06-22 23:56:44,962 INFO annotations: reading tracks from 1 files
2022-06-22 23:56:45,081 INFO annotations: read 1 tracks from 1 files
2022-06-22 23:56:45,085 INFO workspaces: reading tracks from 1 files
2022-06-22 23:56:45,085 INFO workspaces: read 1 tracks from 1 files
2022-06-22 23:56:45,085 INFO collapsing workspaces
2022-06-22 23:56:45,085 INFO isochores: reading isochores from 1 files
2022-06-22 23:56:45,087 INFO intervals loaded in 0 seconds
2022-06-22 23:56:45,087 INFO adding isochores to workspace
2022-06-22 23:56:45,088 INFO collecting observed counts
2022-06-22 23:56:45,088 INFO starting sampling
2022-06-22 23:56:45,088 INFO sampling: merged: 1/1
2022-06-22 23:56:45,088 INFO performing unconditional sampling
2022-06-22 23:56:45,088 INFO workspace without conditioning: 1090 segments, 2678195140 nucleotides
2022-06-22 23:56:45,089 INFO workspace after conditioning: 1090 segments, 2678195140 nucleotides
2022-06-22 23:56:45,089 INFO sampling started
2022-06-22 23:56:45,095 INFO 0/1000 done ( 0.00)
2022-06-22 23:56:45,444 INFO 100/1000 done (10.00)
2022-06-22 23:56:45,783 INFO 200/1000 done (20.00)
2022-06-22 23:56:46,139 INFO 300/1000 done (30.00)
2022-06-22 23:56:46,491 INFO 400/1000 done (40.00)
2022-06-22 23:56:46,847 INFO 500/1000 done (50.00)
2022-06-22 23:56:47,188 INFO 600/1000 done (60.00)
2022-06-22 23:56:47,535 INFO 700/1000 done (70.00)
2022-06-22 23:56:47,900 INFO 800/1000 done (80.00)
2022-06-22 23:56:48,247 INFO 900/1000 done (90.00)
2022-06-22 23:56:48,597 INFO sampling completed
2022-06-22 23:56:48,598 INFO sampling finished
2022-06-22 23:56:48,598 INFO computing PValue statistics
2022-06-22 23:56:48,599 INFO computing FDR statistics
# job finished in 3 seconds at Wed Jun 22 23:56:48 2022 --  4.42  0.05  0.00  0.00 -- 52e2d42a-7901-46f2-aa57-65e74adae087
# output generated by /home/rgomez/anaconda3/bin/gat-run.py --segments=analysis/20220622_LocationPatterns/GATfiles/Segments/HFNAHR_All.bed --isochores=analysis/20220622_LocationPatterns/GATfiles/Isochores/isochores_NAHR_All.bed --annotations=analysis/20220622_LocationPatterns/GATfiles/Annotations/annotations_repeats.bed --workspace=analysis/20220622_LocationPatterns/GATfiles/Workspace/workspace_avgBherer.bed --num-samples=1000 --log=analysis/20220622_LocationPatterns/GATresults/NAHR_All/log/HFNAHR_All_annotations_repeats.log --stdout=analysis/20220622_LocationPatterns/GATresults/NAHR_All/tsv/HFNAHR_All_annotations_repeats.tsv
# job started at Wed Jun 22 23:59:55 2022 on rgomez-pc -- fdb8845e-135f-4fef-8f5f-af5564f8791e
# pid: 31673, system: Linux 5.3.0-7648-generic #41~1586790036~18.04~600aeb5-Ubuntu SMP Mon Apr 13 17:47:15 UTC  x86_64
# annotation_files                        : ['analysis/20220622_LocationPatterns/GATfiles/Annotations/annotations_repeats.bed']
# annotations_label                       : None
# annotations_to_points                   : None
# bucket_size                             : 0
# cache                                   : None
# conditional                             : unconditional
# conditional_expansion                   : None
# conditional_extension                   : None
# counters                                : []
# enable_split_tracks                     : False
# ignore_segment_tracks                   : True
# input_filename_counts                   : None
# input_filename_descriptions             : None
# input_filename_results                  : None
# isochore_files                          : ['analysis/20220622_LocationPatterns/GATfiles/Isochores/isochores_NAHR_All.bed']
# loglevel                                : 1
# nbuckets                                : 100000
# null                                    : default
# num_samples                             : 1000
# num_threads                             : 0
# output_bed                              : []
# output_counts_pattern                   : None
# output_filename_pattern                 : %s
# output_force                            : False
# output_order                            : fold
# output_plots_pattern                    : None
# output_samples_pattern                  : None
# output_stats                            : []
# output_tables_pattern                   : %s.tsv.gz
# overlapping_annotations                 : False
# pseudo_count                            : 1.0
# pvalue_method                           : empirical
# qvalue_lambda                           : None
# qvalue_method                           : BH
# qvalue_pi0_method                       : smoother
# random_seed                             : None
# restrict_workspace                      : False
# sample_files                            : []
# sampler                                 : annotator
# segment_files                           : ['analysis/20220622_LocationPatterns/GATfiles/Segments/HFNAHR_All.bed']
# shift_expansion                         : 2.0
# shift_extension                         : 0
# short_help                              : None
# stderr                                  : <_io.TextIOWrapper name='<stderr>' mode='w' encoding='utf-8'>
# stdin                                   : <_io.TextIOWrapper name='<stdin>' mode='r' encoding='utf-8'>
# stdlog                                  : <_io.TextIOWrapper name='analysis/20220622_LocationPatterns/GATresults/NAHR_All/log/HFNAHR_All_annotations_repeats.log' mode='a' encoding='UTF-8'>
# stdout                                  : <_io.TextIOWrapper name='analysis/20220622_LocationPatterns/GATresults/NAHR_All/tsv/HFNAHR_All_annotations_repeats.tsv' mode='w' encoding='UTF-8'>
# timeit_file                             : None
# timeit_header                           : None
# timeit_name                             : all
# truncate_segments_to_workspace          : False
# truncate_workspace_to_annotations       : False
# workspace_files                         : ['analysis/20220622_LocationPatterns/GATfiles/Workspace/workspace_avgBherer.bed']
2022-06-22 23:59:55,659 INFO segments: reading tracks from 1 files
2022-06-22 23:59:55,659 INFO segments: read 1 tracks from 1 files
2022-06-22 23:59:55,659 INFO annotations: reading tracks from 1 files
2022-06-22 23:59:55,784 INFO annotations: read 1 tracks from 1 files
2022-06-22 23:59:55,788 INFO workspaces: reading tracks from 1 files
2022-06-22 23:59:55,788 INFO workspaces: read 1 tracks from 1 files
2022-06-22 23:59:55,788 INFO collapsing workspaces
2022-06-22 23:59:55,788 INFO isochores: reading isochores from 1 files
2022-06-22 23:59:55,790 INFO intervals loaded in 0 seconds
2022-06-22 23:59:55,790 INFO adding isochores to workspace
2022-06-22 23:59:55,791 INFO collecting observed counts
2022-06-22 23:59:55,791 INFO starting sampling
2022-06-22 23:59:55,791 INFO sampling: merged: 1/1
2022-06-22 23:59:55,791 INFO performing unconditional sampling
2022-06-22 23:59:55,792 INFO workspace without conditioning: 1090 segments, 2678195140 nucleotides
2022-06-22 23:59:55,792 INFO workspace after conditioning: 1090 segments, 2678195140 nucleotides
2022-06-22 23:59:55,792 INFO sampling started
2022-06-22 23:59:55,797 INFO 0/1000 done ( 0.00)
2022-06-22 23:59:56,153 INFO 100/1000 done (10.00)
2022-06-22 23:59:56,529 INFO 200/1000 done (20.00)
2022-06-22 23:59:56,919 INFO 300/1000 done (30.00)
2022-06-22 23:59:57,302 INFO 400/1000 done (40.00)
2022-06-22 23:59:57,677 INFO 500/1000 done (50.00)
2022-06-22 23:59:58,068 INFO 600/1000 done (60.00)
2022-06-22 23:59:58,442 INFO 700/1000 done (70.00)
2022-06-22 23:59:58,825 INFO 800/1000 done (80.00)
2022-06-22 23:59:59,263 INFO 900/1000 done (90.00)
2022-06-22 23:59:59,637 INFO sampling completed
2022-06-22 23:59:59,638 INFO sampling finished
2022-06-22 23:59:59,638 INFO computing PValue statistics
2022-06-22 23:59:59,639 INFO computing FDR statistics
# job finished in 3 seconds at Wed Jun 22 23:59:59 2022 --  4.83  0.05  0.00  0.00 -- fdb8845e-135f-4fef-8f5f-af5564f8791e
# output generated by /home/rgomez/anaconda3/bin/gat-run.py --segments=analysis/20220622_LocationPatterns/GATfiles/Segments/HFNAHR_All.bed --isochores=analysis/20220622_LocationPatterns/GATfiles/Isochores/isochores_NAHR_All.bed --annotations=analysis/20220622_LocationPatterns/GATfiles/Annotations/annotations_repeats.bed --workspace=analysis/20220622_LocationPatterns/GATfiles/Workspace/workspace_avgBherer.bed --num-samples=1000 --log=analysis/20220622_LocationPatterns/GATresults/NAHR_All/log/HFNAHR_All_annotations_repeats.log --stdout=analysis/20220622_LocationPatterns/GATresults/NAHR_All/tsv/HFNAHR_All_annotations_repeats.tsv
# job started at Thu Jun 23 00:07:48 2022 on rgomez-pc -- b99ca2d6-db4c-40f7-9d6a-06bbbad7b2ea
# pid: 32696, system: Linux 5.3.0-7648-generic #41~1586790036~18.04~600aeb5-Ubuntu SMP Mon Apr 13 17:47:15 UTC  x86_64
# annotation_files                        : ['analysis/20220622_LocationPatterns/GATfiles/Annotations/annotations_repeats.bed']
# annotations_label                       : None
# annotations_to_points                   : None
# bucket_size                             : 0
# cache                                   : None
# conditional                             : unconditional
# conditional_expansion                   : None
# conditional_extension                   : None
# counters                                : []
# enable_split_tracks                     : False
# ignore_segment_tracks                   : True
# input_filename_counts                   : None
# input_filename_descriptions             : None
# input_filename_results                  : None
# isochore_files                          : ['analysis/20220622_LocationPatterns/GATfiles/Isochores/isochores_NAHR_All.bed']
# loglevel                                : 1
# nbuckets                                : 100000
# null                                    : default
# num_samples                             : 1000
# num_threads                             : 0
# output_bed                              : []
# output_counts_pattern                   : None
# output_filename_pattern                 : %s
# output_force                            : False
# output_order                            : fold
# output_plots_pattern                    : None
# output_samples_pattern                  : None
# output_stats                            : []
# output_tables_pattern                   : %s.tsv.gz
# overlapping_annotations                 : False
# pseudo_count                            : 1.0
# pvalue_method                           : empirical
# qvalue_lambda                           : None
# qvalue_method                           : BH
# qvalue_pi0_method                       : smoother
# random_seed                             : None
# restrict_workspace                      : False
# sample_files                            : []
# sampler                                 : annotator
# segment_files                           : ['analysis/20220622_LocationPatterns/GATfiles/Segments/HFNAHR_All.bed']
# shift_expansion                         : 2.0
# shift_extension                         : 0
# short_help                              : None
# stderr                                  : <_io.TextIOWrapper name='<stderr>' mode='w' encoding='utf-8'>
# stdin                                   : <_io.TextIOWrapper name='<stdin>' mode='r' encoding='utf-8'>
# stdlog                                  : <_io.TextIOWrapper name='analysis/20220622_LocationPatterns/GATresults/NAHR_All/log/HFNAHR_All_annotations_repeats.log' mode='a' encoding='UTF-8'>
# stdout                                  : <_io.TextIOWrapper name='analysis/20220622_LocationPatterns/GATresults/NAHR_All/tsv/HFNAHR_All_annotations_repeats.tsv' mode='w' encoding='UTF-8'>
# timeit_file                             : None
# timeit_header                           : None
# timeit_name                             : all
# truncate_segments_to_workspace          : False
# truncate_workspace_to_annotations       : False
# workspace_files                         : ['analysis/20220622_LocationPatterns/GATfiles/Workspace/workspace_avgBherer.bed']
2022-06-23 00:07:48,697 INFO segments: reading tracks from 1 files
2022-06-23 00:07:48,697 INFO segments: read 1 tracks from 1 files
2022-06-23 00:07:48,698 INFO annotations: reading tracks from 1 files
2022-06-23 00:07:48,824 INFO annotations: read 1 tracks from 1 files
2022-06-23 00:07:48,828 INFO workspaces: reading tracks from 1 files
2022-06-23 00:07:48,828 INFO workspaces: read 1 tracks from 1 files
2022-06-23 00:07:48,828 INFO collapsing workspaces
2022-06-23 00:07:48,828 INFO isochores: reading isochores from 1 files
2022-06-23 00:07:48,830 INFO intervals loaded in 0 seconds
2022-06-23 00:07:48,830 INFO adding isochores to workspace
2022-06-23 00:07:48,831 INFO collecting observed counts
2022-06-23 00:07:48,831 INFO starting sampling
2022-06-23 00:07:48,831 INFO sampling: merged: 1/1
2022-06-23 00:07:48,831 INFO performing unconditional sampling
2022-06-23 00:07:48,831 INFO workspace without conditioning: 1090 segments, 2678195140 nucleotides
2022-06-23 00:07:48,831 INFO workspace after conditioning: 1090 segments, 2678195140 nucleotides
2022-06-23 00:07:48,832 INFO sampling started
2022-06-23 00:07:48,836 INFO 0/1000 done ( 0.00)
2022-06-23 00:07:49,236 INFO 100/1000 done (10.00)
2022-06-23 00:07:49,567 INFO 200/1000 done (20.00)
2022-06-23 00:07:49,896 INFO 300/1000 done (30.00)
2022-06-23 00:07:50,231 INFO 400/1000 done (40.00)
2022-06-23 00:07:50,686 INFO 500/1000 done (50.00)
2022-06-23 00:07:51,150 INFO 600/1000 done (60.00)
2022-06-23 00:07:51,498 INFO 700/1000 done (70.00)
2022-06-23 00:07:51,901 INFO 800/1000 done (80.00)
2022-06-23 00:07:52,243 INFO 900/1000 done (90.00)
2022-06-23 00:07:52,584 INFO sampling completed
2022-06-23 00:07:52,585 INFO sampling finished
2022-06-23 00:07:52,585 INFO computing PValue statistics
2022-06-23 00:07:52,586 INFO computing FDR statistics
# job finished in 3 seconds at Thu Jun 23 00:07:52 2022 --  4.68  0.05  0.00  0.00 -- b99ca2d6-db4c-40f7-9d6a-06bbbad7b2ea
# output generated by /home/rgomez/anaconda3/bin/gat-run.py --segments=analysis/20220622_LocationPatterns/GATfiles/Segments/HFNAHR_All.bed --isochores=analysis/20220622_LocationPatterns/GATfiles/Isochores/isochores_NAHR_All.bed --annotations=analysis/20220622_LocationPatterns/GATfiles/Annotations/annotations_repeats.bed --workspace=analysis/20220622_LocationPatterns/GATfiles/Workspace/workspace_avgBherer.bed --num-samples=1000 --log=analysis/20220622_LocationPatterns/GATresults/NAHR_All/log/HFNAHR_All_annotations_repeats.log --stdout=analysis/20220622_LocationPatterns/GATresults/NAHR_All/tsv/HFNAHR_All_annotations_repeats.tsv
# job started at Thu Jun 23 00:09:07 2022 on rgomez-pc -- cca41961-14df-49ae-8f20-b0a11fd617eb
# pid: 682, system: Linux 5.3.0-7648-generic #41~1586790036~18.04~600aeb5-Ubuntu SMP Mon Apr 13 17:47:15 UTC  x86_64
# annotation_files                        : ['analysis/20220622_LocationPatterns/GATfiles/Annotations/annotations_repeats.bed']
# annotations_label                       : None
# annotations_to_points                   : None
# bucket_size                             : 0
# cache                                   : None
# conditional                             : unconditional
# conditional_expansion                   : None
# conditional_extension                   : None
# counters                                : []
# enable_split_tracks                     : False
# ignore_segment_tracks                   : True
# input_filename_counts                   : None
# input_filename_descriptions             : None
# input_filename_results                  : None
# isochore_files                          : ['analysis/20220622_LocationPatterns/GATfiles/Isochores/isochores_NAHR_All.bed']
# loglevel                                : 1
# nbuckets                                : 100000
# null                                    : default
# num_samples                             : 1000
# num_threads                             : 0
# output_bed                              : []
# output_counts_pattern                   : None
# output_filename_pattern                 : %s
# output_force                            : False
# output_order                            : fold
# output_plots_pattern                    : None
# output_samples_pattern                  : None
# output_stats                            : []
# output_tables_pattern                   : %s.tsv.gz
# overlapping_annotations                 : False
# pseudo_count                            : 1.0
# pvalue_method                           : empirical
# qvalue_lambda                           : None
# qvalue_method                           : BH
# qvalue_pi0_method                       : smoother
# random_seed                             : None
# restrict_workspace                      : False
# sample_files                            : []
# sampler                                 : annotator
# segment_files                           : ['analysis/20220622_LocationPatterns/GATfiles/Segments/HFNAHR_All.bed']
# shift_expansion                         : 2.0
# shift_extension                         : 0
# short_help                              : None
# stderr                                  : <_io.TextIOWrapper name='<stderr>' mode='w' encoding='utf-8'>
# stdin                                   : <_io.TextIOWrapper name='<stdin>' mode='r' encoding='utf-8'>
# stdlog                                  : <_io.TextIOWrapper name='analysis/20220622_LocationPatterns/GATresults/NAHR_All/log/HFNAHR_All_annotations_repeats.log' mode='a' encoding='UTF-8'>
# stdout                                  : <_io.TextIOWrapper name='analysis/20220622_LocationPatterns/GATresults/NAHR_All/tsv/HFNAHR_All_annotations_repeats.tsv' mode='w' encoding='UTF-8'>
# timeit_file                             : None
# timeit_header                           : None
# timeit_name                             : all
# truncate_segments_to_workspace          : False
# truncate_workspace_to_annotations       : False
# workspace_files                         : ['analysis/20220622_LocationPatterns/GATfiles/Workspace/workspace_avgBherer.bed']
2022-06-23 00:09:07,158 INFO segments: reading tracks from 1 files
2022-06-23 00:09:07,158 INFO segments: read 1 tracks from 1 files
2022-06-23 00:09:07,158 INFO annotations: reading tracks from 1 files
2022-06-23 00:09:07,274 INFO annotations: read 1 tracks from 1 files
2022-06-23 00:09:07,278 INFO workspaces: reading tracks from 1 files
2022-06-23 00:09:07,278 INFO workspaces: read 1 tracks from 1 files
2022-06-23 00:09:07,278 INFO collapsing workspaces
2022-06-23 00:09:07,278 INFO isochores: reading isochores from 1 files
2022-06-23 00:09:07,280 INFO intervals loaded in 0 seconds
2022-06-23 00:09:07,280 INFO adding isochores to workspace
2022-06-23 00:09:07,281 INFO collecting observed counts
2022-06-23 00:09:07,281 INFO starting sampling
2022-06-23 00:09:07,281 INFO sampling: merged: 1/1
2022-06-23 00:09:07,281 INFO performing unconditional sampling
2022-06-23 00:09:07,281 INFO workspace without conditioning: 1090 segments, 2678195140 nucleotides
2022-06-23 00:09:07,282 INFO workspace after conditioning: 1090 segments, 2678195140 nucleotides
2022-06-23 00:09:07,282 INFO sampling started
2022-06-23 00:09:07,287 INFO 0/1000 done ( 0.00)
2022-06-23 00:09:07,595 INFO 100/1000 done (10.00)
2022-06-23 00:09:07,903 INFO 200/1000 done (20.00)
2022-06-23 00:09:08,207 INFO 300/1000 done (30.00)
2022-06-23 00:09:08,513 INFO 400/1000 done (40.00)
2022-06-23 00:09:08,843 INFO 500/1000 done (50.00)
2022-06-23 00:09:09,156 INFO 600/1000 done (60.00)
2022-06-23 00:09:09,466 INFO 700/1000 done (70.00)
2022-06-23 00:09:09,780 INFO 800/1000 done (80.00)
2022-06-23 00:09:10,091 INFO 900/1000 done (90.00)
2022-06-23 00:09:10,399 INFO sampling completed
2022-06-23 00:09:10,399 INFO sampling finished
2022-06-23 00:09:10,400 INFO computing PValue statistics
2022-06-23 00:09:10,400 INFO computing FDR statistics
# job finished in 3 seconds at Thu Jun 23 00:09:10 2022 --  3.96  0.07  0.00  0.00 -- cca41961-14df-49ae-8f20-b0a11fd617eb
