# output generated by /home/rgomez/anaconda3/bin/gat-run.py --segments=analysis/20220622_LocationPatterns/GATfiles/Segments/NAHR_All.bed --isochores=analysis/20220622_LocationPatterns/GATfiles/Isochores/isochores_NAHR_All.bed --annotations=analysis/20220622_LocationPatterns/GATfiles/Annotations/annotations_repeats.bed --workspace=analysis/20220622_LocationPatterns/GATfiles/Workspace/workspace_avgBherer.bed --num-samples=1000 --log=analysis/20220622_LocationPatterns/GATresults/NAHR_All/log/NAHR_All_annotations_repeats.log --stdout=analysis/20220622_LocationPatterns/GATresults/NAHR_All/tsv/NAHR_All_annotations_repeats.tsv
# job started at Wed Jun 22 23:43:43 2022 on rgomez-pc -- 00c52736-527e-491e-92f9-978f5676565e
# pid: 29983, system: Linux 5.3.0-7648-generic #41~1586790036~18.04~600aeb5-Ubuntu SMP Mon Apr 13 17:47:15 UTC  x86_64
# annotation_files                        : ['analysis/20220622_LocationPatterns/GATfiles/Annotations/annotations_repeats.bed']
# annotations_label                       : None
# annotations_to_points                   : None
# bucket_size                             : 0
# cache                                   : None
# conditional                             : unconditional
# conditional_expansion                   : None
# conditional_extension                   : None
# counters                                : []
# enable_split_tracks                     : False
# ignore_segment_tracks                   : True
# input_filename_counts                   : None
# input_filename_descriptions             : None
# input_filename_results                  : None
# isochore_files                          : ['analysis/20220622_LocationPatterns/GATfiles/Isochores/isochores_NAHR_All.bed']
# loglevel                                : 1
# nbuckets                                : 100000
# null                                    : default
# num_samples                             : 1000
# num_threads                             : 0
# output_bed                              : []
# output_counts_pattern                   : None
# output_filename_pattern                 : %s
# output_force                            : False
# output_order                            : fold
# output_plots_pattern                    : None
# output_samples_pattern                  : None
# output_stats                            : []
# output_tables_pattern                   : %s.tsv.gz
# overlapping_annotations                 : False
# pseudo_count                            : 1.0
# pvalue_method                           : empirical
# qvalue_lambda                           : None
# qvalue_method                           : BH
# qvalue_pi0_method                       : smoother
# random_seed                             : None
# restrict_workspace                      : False
# sample_files                            : []
# sampler                                 : annotator
# segment_files                           : ['analysis/20220622_LocationPatterns/GATfiles/Segments/NAHR_All.bed']
# shift_expansion                         : 2.0
# shift_extension                         : 0
# short_help                              : None
# stderr                                  : <_io.TextIOWrapper name='<stderr>' mode='w' encoding='utf-8'>
# stdin                                   : <_io.TextIOWrapper name='<stdin>' mode='r' encoding='utf-8'>
# stdlog                                  : <_io.TextIOWrapper name='analysis/20220622_LocationPatterns/GATresults/NAHR_All/log/NAHR_All_annotations_repeats.log' mode='a' encoding='UTF-8'>
# stdout                                  : <_io.TextIOWrapper name='analysis/20220622_LocationPatterns/GATresults/NAHR_All/tsv/NAHR_All_annotations_repeats.tsv' mode='w' encoding='UTF-8'>
# timeit_file                             : None
# timeit_header                           : None
# timeit_name                             : all
# truncate_segments_to_workspace          : False
# truncate_workspace_to_annotations       : False
# workspace_files                         : ['analysis/20220622_LocationPatterns/GATfiles/Workspace/workspace_avgBherer.bed']
2022-06-22 23:43:43,398 INFO segments: reading tracks from 1 files
2022-06-22 23:43:43,398 INFO segments: read 1 tracks from 1 files
2022-06-22 23:43:43,399 INFO annotations: reading tracks from 1 files
2022-06-22 23:43:43,511 INFO annotations: read 1 tracks from 1 files
2022-06-22 23:43:43,515 INFO workspaces: reading tracks from 1 files
2022-06-22 23:43:43,515 INFO workspaces: read 1 tracks from 1 files
2022-06-22 23:43:43,516 INFO collapsing workspaces
2022-06-22 23:43:43,516 INFO isochores: reading isochores from 1 files
2022-06-22 23:43:43,518 INFO intervals loaded in 0 seconds
2022-06-22 23:43:43,518 INFO adding isochores to workspace
2022-06-22 23:43:43,518 INFO collecting observed counts
2022-06-22 23:43:43,518 INFO starting sampling
2022-06-22 23:43:43,518 INFO sampling: merged: 1/1
2022-06-22 23:43:43,518 INFO performing unconditional sampling
2022-06-22 23:43:43,519 INFO workspace without conditioning: 1090 segments, 2678195140 nucleotides
2022-06-22 23:43:43,519 INFO workspace after conditioning: 1090 segments, 2678195140 nucleotides
2022-06-22 23:43:43,520 INFO sampling started
2022-06-22 23:43:43,524 INFO 0/1000 done ( 0.00)
2022-06-22 23:43:44,027 INFO 100/1000 done (10.00)
2022-06-22 23:43:44,534 INFO 200/1000 done (20.00)
2022-06-22 23:43:45,023 INFO 300/1000 done (30.00)
2022-06-22 23:43:45,516 INFO 400/1000 done (40.00)
2022-06-22 23:43:45,998 INFO 500/1000 done (50.00)
2022-06-22 23:43:46,490 INFO 600/1000 done (60.00)
2022-06-22 23:43:46,979 INFO 700/1000 done (70.00)
2022-06-22 23:43:47,457 INFO 800/1000 done (80.00)
2022-06-22 23:43:47,952 INFO 900/1000 done (90.00)
2022-06-22 23:43:48,433 INFO sampling completed
2022-06-22 23:43:48,434 INFO sampling finished
2022-06-22 23:43:48,434 INFO computing PValue statistics
2022-06-22 23:43:48,435 INFO computing FDR statistics
# job finished in 5 seconds at Wed Jun 22 23:43:48 2022 --  5.95  0.06  0.00  0.00 -- 00c52736-527e-491e-92f9-978f5676565e
# output generated by /home/rgomez/anaconda3/bin/gat-run.py --segments=analysis/20220622_LocationPatterns/GATfiles/Segments/NAHR_All.bed --isochores=analysis/20220622_LocationPatterns/GATfiles/Isochores/isochores_NAHR_All.bed --annotations=analysis/20220622_LocationPatterns/GATfiles/Annotations/annotations_repeats.bed --workspace=analysis/20220622_LocationPatterns/GATfiles/Workspace/workspace_avgBherer.bed --num-samples=1000 --log=analysis/20220622_LocationPatterns/GATresults/NAHR_All/log/NAHR_All_annotations_repeats.log --stdout=analysis/20220622_LocationPatterns/GATresults/NAHR_All/tsv/NAHR_All_annotations_repeats.tsv
# job started at Wed Jun 22 23:46:53 2022 on rgomez-pc -- 59128cf6-afa6-4f69-81e3-189686675713
# pid: 30180, system: Linux 5.3.0-7648-generic #41~1586790036~18.04~600aeb5-Ubuntu SMP Mon Apr 13 17:47:15 UTC  x86_64
# annotation_files                        : ['analysis/20220622_LocationPatterns/GATfiles/Annotations/annotations_repeats.bed']
# annotations_label                       : None
# annotations_to_points                   : None
# bucket_size                             : 0
# cache                                   : None
# conditional                             : unconditional
# conditional_expansion                   : None
# conditional_extension                   : None
# counters                                : []
# enable_split_tracks                     : False
# ignore_segment_tracks                   : True
# input_filename_counts                   : None
# input_filename_descriptions             : None
# input_filename_results                  : None
# isochore_files                          : ['analysis/20220622_LocationPatterns/GATfiles/Isochores/isochores_NAHR_All.bed']
# loglevel                                : 1
# nbuckets                                : 100000
# null                                    : default
# num_samples                             : 1000
# num_threads                             : 0
# output_bed                              : []
# output_counts_pattern                   : None
# output_filename_pattern                 : %s
# output_force                            : False
# output_order                            : fold
# output_plots_pattern                    : None
# output_samples_pattern                  : None
# output_stats                            : []
# output_tables_pattern                   : %s.tsv.gz
# overlapping_annotations                 : False
# pseudo_count                            : 1.0
# pvalue_method                           : empirical
# qvalue_lambda                           : None
# qvalue_method                           : BH
# qvalue_pi0_method                       : smoother
# random_seed                             : None
# restrict_workspace                      : False
# sample_files                            : []
# sampler                                 : annotator
# segment_files                           : ['analysis/20220622_LocationPatterns/GATfiles/Segments/NAHR_All.bed']
# shift_expansion                         : 2.0
# shift_extension                         : 0
# short_help                              : None
# stderr                                  : <_io.TextIOWrapper name='<stderr>' mode='w' encoding='utf-8'>
# stdin                                   : <_io.TextIOWrapper name='<stdin>' mode='r' encoding='utf-8'>
# stdlog                                  : <_io.TextIOWrapper name='analysis/20220622_LocationPatterns/GATresults/NAHR_All/log/NAHR_All_annotations_repeats.log' mode='a' encoding='UTF-8'>
# stdout                                  : <_io.TextIOWrapper name='analysis/20220622_LocationPatterns/GATresults/NAHR_All/tsv/NAHR_All_annotations_repeats.tsv' mode='w' encoding='UTF-8'>
# timeit_file                             : None
# timeit_header                           : None
# timeit_name                             : all
# truncate_segments_to_workspace          : False
# truncate_workspace_to_annotations       : False
# workspace_files                         : ['analysis/20220622_LocationPatterns/GATfiles/Workspace/workspace_avgBherer.bed']
2022-06-22 23:46:53,893 INFO segments: reading tracks from 1 files
2022-06-22 23:46:53,893 INFO segments: read 1 tracks from 1 files
2022-06-22 23:46:53,893 INFO annotations: reading tracks from 1 files
2022-06-22 23:46:54,011 INFO annotations: read 1 tracks from 1 files
2022-06-22 23:46:54,014 INFO workspaces: reading tracks from 1 files
2022-06-22 23:46:54,015 INFO workspaces: read 1 tracks from 1 files
2022-06-22 23:46:54,015 INFO collapsing workspaces
2022-06-22 23:46:54,015 INFO isochores: reading isochores from 1 files
2022-06-22 23:46:54,017 INFO intervals loaded in 0 seconds
2022-06-22 23:46:54,017 INFO adding isochores to workspace
2022-06-22 23:46:54,017 INFO collecting observed counts
2022-06-22 23:46:54,018 INFO starting sampling
2022-06-22 23:46:54,018 INFO sampling: merged: 1/1
2022-06-22 23:46:54,018 INFO performing unconditional sampling
2022-06-22 23:46:54,018 INFO workspace without conditioning: 1090 segments, 2678195140 nucleotides
2022-06-22 23:46:54,018 INFO workspace after conditioning: 1090 segments, 2678195140 nucleotides
2022-06-22 23:46:54,019 INFO sampling started
2022-06-22 23:46:54,024 INFO 0/1000 done ( 0.00)
2022-06-22 23:46:54,537 INFO 100/1000 done (10.00)
2022-06-22 23:46:55,033 INFO 200/1000 done (20.00)
2022-06-22 23:46:55,540 INFO 300/1000 done (30.00)
2022-06-22 23:46:56,059 INFO 400/1000 done (40.00)
2022-06-22 23:46:56,609 INFO 500/1000 done (50.00)
2022-06-22 23:46:57,231 INFO 600/1000 done (60.00)
2022-06-22 23:46:57,795 INFO 700/1000 done (70.00)
2022-06-22 23:46:58,402 INFO 800/1000 done (80.00)
2022-06-22 23:46:58,999 INFO 900/1000 done (90.00)
2022-06-22 23:46:59,583 INFO sampling completed
2022-06-22 23:46:59,584 INFO sampling finished
2022-06-22 23:46:59,584 INFO computing PValue statistics
2022-06-22 23:46:59,585 INFO computing FDR statistics
# job finished in 5 seconds at Wed Jun 22 23:46:59 2022 --  6.60  0.08  0.00  0.00 -- 59128cf6-afa6-4f69-81e3-189686675713
# output generated by /home/rgomez/anaconda3/bin/gat-run.py --segments=analysis/20220622_LocationPatterns/GATfiles/Segments/NAHR_All.bed --isochores=analysis/20220622_LocationPatterns/GATfiles/Isochores/isochores_NAHR_All.bed --annotations=analysis/20220622_LocationPatterns/GATfiles/Annotations/annotations_repeats.bed --workspace=analysis/20220622_LocationPatterns/GATfiles/Workspace/workspace_avgBherer.bed --num-samples=1000 --log=analysis/20220622_LocationPatterns/GATresults/NAHR_All/log/NAHR_All_annotations_repeats.log --stdout=analysis/20220622_LocationPatterns/GATresults/NAHR_All/tsv/NAHR_All_annotations_repeats.tsv
# job started at Wed Jun 22 23:48:36 2022 on rgomez-pc -- 618d4699-fc1e-4f21-b8c1-ca404a1803c2
# pid: 30398, system: Linux 5.3.0-7648-generic #41~1586790036~18.04~600aeb5-Ubuntu SMP Mon Apr 13 17:47:15 UTC  x86_64
# annotation_files                        : ['analysis/20220622_LocationPatterns/GATfiles/Annotations/annotations_repeats.bed']
# annotations_label                       : None
# annotations_to_points                   : None
# bucket_size                             : 0
# cache                                   : None
# conditional                             : unconditional
# conditional_expansion                   : None
# conditional_extension                   : None
# counters                                : []
# enable_split_tracks                     : False
# ignore_segment_tracks                   : True
# input_filename_counts                   : None
# input_filename_descriptions             : None
# input_filename_results                  : None
# isochore_files                          : ['analysis/20220622_LocationPatterns/GATfiles/Isochores/isochores_NAHR_All.bed']
# loglevel                                : 1
# nbuckets                                : 100000
# null                                    : default
# num_samples                             : 1000
# num_threads                             : 0
# output_bed                              : []
# output_counts_pattern                   : None
# output_filename_pattern                 : %s
# output_force                            : False
# output_order                            : fold
# output_plots_pattern                    : None
# output_samples_pattern                  : None
# output_stats                            : []
# output_tables_pattern                   : %s.tsv.gz
# overlapping_annotations                 : False
# pseudo_count                            : 1.0
# pvalue_method                           : empirical
# qvalue_lambda                           : None
# qvalue_method                           : BH
# qvalue_pi0_method                       : smoother
# random_seed                             : None
# restrict_workspace                      : False
# sample_files                            : []
# sampler                                 : annotator
# segment_files                           : ['analysis/20220622_LocationPatterns/GATfiles/Segments/NAHR_All.bed']
# shift_expansion                         : 2.0
# shift_extension                         : 0
# short_help                              : None
# stderr                                  : <_io.TextIOWrapper name='<stderr>' mode='w' encoding='utf-8'>
# stdin                                   : <_io.TextIOWrapper name='<stdin>' mode='r' encoding='utf-8'>
# stdlog                                  : <_io.TextIOWrapper name='analysis/20220622_LocationPatterns/GATresults/NAHR_All/log/NAHR_All_annotations_repeats.log' mode='a' encoding='UTF-8'>
# stdout                                  : <_io.TextIOWrapper name='analysis/20220622_LocationPatterns/GATresults/NAHR_All/tsv/NAHR_All_annotations_repeats.tsv' mode='w' encoding='UTF-8'>
# timeit_file                             : None
# timeit_header                           : None
# timeit_name                             : all
# truncate_segments_to_workspace          : False
# truncate_workspace_to_annotations       : False
# workspace_files                         : ['analysis/20220622_LocationPatterns/GATfiles/Workspace/workspace_avgBherer.bed']
2022-06-22 23:48:36,370 INFO segments: reading tracks from 1 files
2022-06-22 23:48:36,370 INFO segments: read 1 tracks from 1 files
2022-06-22 23:48:36,371 INFO annotations: reading tracks from 1 files
2022-06-22 23:48:36,491 INFO annotations: read 1 tracks from 1 files
2022-06-22 23:48:36,495 INFO workspaces: reading tracks from 1 files
2022-06-22 23:48:36,496 INFO workspaces: read 1 tracks from 1 files
2022-06-22 23:48:36,496 INFO collapsing workspaces
2022-06-22 23:48:36,496 INFO isochores: reading isochores from 1 files
2022-06-22 23:48:36,498 INFO intervals loaded in 0 seconds
2022-06-22 23:48:36,498 INFO adding isochores to workspace
2022-06-22 23:48:36,498 INFO collecting observed counts
2022-06-22 23:48:36,498 INFO starting sampling
2022-06-22 23:48:36,499 INFO sampling: merged: 1/1
2022-06-22 23:48:36,499 INFO performing unconditional sampling
2022-06-22 23:48:36,499 INFO workspace without conditioning: 1090 segments, 2678195140 nucleotides
2022-06-22 23:48:36,499 INFO workspace after conditioning: 1090 segments, 2678195140 nucleotides
2022-06-22 23:48:36,500 INFO sampling started
2022-06-22 23:48:36,505 INFO 0/1000 done ( 0.00)
2022-06-22 23:48:37,021 INFO 100/1000 done (10.00)
2022-06-22 23:48:37,530 INFO 200/1000 done (20.00)
2022-06-22 23:48:38,034 INFO 300/1000 done (30.00)
2022-06-22 23:48:38,582 INFO 400/1000 done (40.00)
2022-06-22 23:48:39,147 INFO 500/1000 done (50.00)
2022-06-22 23:48:39,738 INFO 600/1000 done (60.00)
2022-06-22 23:48:40,278 INFO 700/1000 done (70.00)
2022-06-22 23:48:40,827 INFO 800/1000 done (80.00)
2022-06-22 23:48:41,395 INFO 900/1000 done (90.00)
2022-06-22 23:48:41,972 INFO sampling completed
2022-06-22 23:48:41,973 INFO sampling finished
2022-06-22 23:48:41,973 INFO computing PValue statistics
2022-06-22 23:48:41,974 INFO computing FDR statistics
# job finished in 5 seconds at Wed Jun 22 23:48:41 2022 --  6.49  0.10  0.00  0.00 -- 618d4699-fc1e-4f21-b8c1-ca404a1803c2
# output generated by /home/rgomez/anaconda3/bin/gat-run.py --segments=analysis/20220622_LocationPatterns/GATfiles/Segments/NAHR_All.bed --isochores=analysis/20220622_LocationPatterns/GATfiles/Isochores/isochores_NAHR_All.bed --annotations=analysis/20220622_LocationPatterns/GATfiles/Annotations/annotations_repeats.bed --workspace=analysis/20220622_LocationPatterns/GATfiles/Workspace/workspace_avgBherer.bed --num-samples=1000 --log=analysis/20220622_LocationPatterns/GATresults/NAHR_All/log/NAHR_All_annotations_repeats.log --stdout=analysis/20220622_LocationPatterns/GATresults/NAHR_All/tsv/NAHR_All_annotations_repeats.tsv
# job started at Wed Jun 22 23:49:29 2022 on rgomez-pc -- abeda1b5-8c97-4705-be16-a777b0e987db
# pid: 30542, system: Linux 5.3.0-7648-generic #41~1586790036~18.04~600aeb5-Ubuntu SMP Mon Apr 13 17:47:15 UTC  x86_64
# annotation_files                        : ['analysis/20220622_LocationPatterns/GATfiles/Annotations/annotations_repeats.bed']
# annotations_label                       : None
# annotations_to_points                   : None
# bucket_size                             : 0
# cache                                   : None
# conditional                             : unconditional
# conditional_expansion                   : None
# conditional_extension                   : None
# counters                                : []
# enable_split_tracks                     : False
# ignore_segment_tracks                   : True
# input_filename_counts                   : None
# input_filename_descriptions             : None
# input_filename_results                  : None
# isochore_files                          : ['analysis/20220622_LocationPatterns/GATfiles/Isochores/isochores_NAHR_All.bed']
# loglevel                                : 1
# nbuckets                                : 100000
# null                                    : default
# num_samples                             : 1000
# num_threads                             : 0
# output_bed                              : []
# output_counts_pattern                   : None
# output_filename_pattern                 : %s
# output_force                            : False
# output_order                            : fold
# output_plots_pattern                    : None
# output_samples_pattern                  : None
# output_stats                            : []
# output_tables_pattern                   : %s.tsv.gz
# overlapping_annotations                 : False
# pseudo_count                            : 1.0
# pvalue_method                           : empirical
# qvalue_lambda                           : None
# qvalue_method                           : BH
# qvalue_pi0_method                       : smoother
# random_seed                             : None
# restrict_workspace                      : False
# sample_files                            : []
# sampler                                 : annotator
# segment_files                           : ['analysis/20220622_LocationPatterns/GATfiles/Segments/NAHR_All.bed']
# shift_expansion                         : 2.0
# shift_extension                         : 0
# short_help                              : None
# stderr                                  : <_io.TextIOWrapper name='<stderr>' mode='w' encoding='utf-8'>
# stdin                                   : <_io.TextIOWrapper name='<stdin>' mode='r' encoding='utf-8'>
# stdlog                                  : <_io.TextIOWrapper name='analysis/20220622_LocationPatterns/GATresults/NAHR_All/log/NAHR_All_annotations_repeats.log' mode='a' encoding='UTF-8'>
# stdout                                  : <_io.TextIOWrapper name='analysis/20220622_LocationPatterns/GATresults/NAHR_All/tsv/NAHR_All_annotations_repeats.tsv' mode='w' encoding='UTF-8'>
# timeit_file                             : None
# timeit_header                           : None
# timeit_name                             : all
# truncate_segments_to_workspace          : False
# truncate_workspace_to_annotations       : False
# workspace_files                         : ['analysis/20220622_LocationPatterns/GATfiles/Workspace/workspace_avgBherer.bed']
2022-06-22 23:49:29,631 INFO segments: reading tracks from 1 files
2022-06-22 23:49:29,631 INFO segments: read 1 tracks from 1 files
2022-06-22 23:49:29,631 INFO annotations: reading tracks from 1 files
2022-06-22 23:49:29,746 INFO annotations: read 1 tracks from 1 files
2022-06-22 23:49:29,750 INFO workspaces: reading tracks from 1 files
2022-06-22 23:49:29,750 INFO workspaces: read 1 tracks from 1 files
2022-06-22 23:49:29,750 INFO collapsing workspaces
2022-06-22 23:49:29,750 INFO isochores: reading isochores from 1 files
2022-06-22 23:49:29,752 INFO intervals loaded in 0 seconds
2022-06-22 23:49:29,753 INFO adding isochores to workspace
2022-06-22 23:49:29,753 INFO collecting observed counts
2022-06-22 23:49:29,753 INFO starting sampling
2022-06-22 23:49:29,753 INFO sampling: merged: 1/1
2022-06-22 23:49:29,753 INFO performing unconditional sampling
2022-06-22 23:49:29,754 INFO workspace without conditioning: 1090 segments, 2678195140 nucleotides
2022-06-22 23:49:29,754 INFO workspace after conditioning: 1090 segments, 2678195140 nucleotides
2022-06-22 23:49:29,754 INFO sampling started
2022-06-22 23:49:29,759 INFO 0/1000 done ( 0.00)
2022-06-22 23:49:30,254 INFO 100/1000 done (10.00)
2022-06-22 23:49:30,762 INFO 200/1000 done (20.00)
2022-06-22 23:49:31,287 INFO 300/1000 done (30.00)
2022-06-22 23:49:31,799 INFO 400/1000 done (40.00)
2022-06-22 23:49:32,301 INFO 500/1000 done (50.00)
2022-06-22 23:49:32,809 INFO 600/1000 done (60.00)
2022-06-22 23:49:33,337 INFO 700/1000 done (70.00)
2022-06-22 23:49:33,855 INFO 800/1000 done (80.00)
2022-06-22 23:49:34,362 INFO 900/1000 done (90.00)
2022-06-22 23:49:34,851 INFO sampling completed
2022-06-22 23:49:34,852 INFO sampling finished
2022-06-22 23:49:34,852 INFO computing PValue statistics
2022-06-22 23:49:34,853 INFO computing FDR statistics
# job finished in 5 seconds at Wed Jun 22 23:49:34 2022 --  6.12  0.08  0.00  0.00 -- abeda1b5-8c97-4705-be16-a777b0e987db
# output generated by /home/rgomez/anaconda3/bin/gat-run.py --segments=analysis/20220622_LocationPatterns/GATfiles/Segments/NAHR_All.bed --isochores=analysis/20220622_LocationPatterns/GATfiles/Isochores/isochores_NAHR_All.bed --annotations=analysis/20220622_LocationPatterns/GATfiles/Annotations/annotations_repeats.bed --workspace=analysis/20220622_LocationPatterns/GATfiles/Workspace/workspace_avgBherer.bed --num-samples=1000 --log=analysis/20220622_LocationPatterns/GATresults/NAHR_All/log/NAHR_All_annotations_repeats.log --stdout=analysis/20220622_LocationPatterns/GATresults/NAHR_All/tsv/NAHR_All_annotations_repeats.tsv
# job started at Wed Jun 22 23:50:41 2022 on rgomez-pc -- 8f1315b4-6fb6-4903-b9d7-811bb9e5efde
# pid: 30730, system: Linux 5.3.0-7648-generic #41~1586790036~18.04~600aeb5-Ubuntu SMP Mon Apr 13 17:47:15 UTC  x86_64
# annotation_files                        : ['analysis/20220622_LocationPatterns/GATfiles/Annotations/annotations_repeats.bed']
# annotations_label                       : None
# annotations_to_points                   : None
# bucket_size                             : 0
# cache                                   : None
# conditional                             : unconditional
# conditional_expansion                   : None
# conditional_extension                   : None
# counters                                : []
# enable_split_tracks                     : False
# ignore_segment_tracks                   : True
# input_filename_counts                   : None
# input_filename_descriptions             : None
# input_filename_results                  : None
# isochore_files                          : ['analysis/20220622_LocationPatterns/GATfiles/Isochores/isochores_NAHR_All.bed']
# loglevel                                : 1
# nbuckets                                : 100000
# null                                    : default
# num_samples                             : 1000
# num_threads                             : 0
# output_bed                              : []
# output_counts_pattern                   : None
# output_filename_pattern                 : %s
# output_force                            : False
# output_order                            : fold
# output_plots_pattern                    : None
# output_samples_pattern                  : None
# output_stats                            : []
# output_tables_pattern                   : %s.tsv.gz
# overlapping_annotations                 : False
# pseudo_count                            : 1.0
# pvalue_method                           : empirical
# qvalue_lambda                           : None
# qvalue_method                           : BH
# qvalue_pi0_method                       : smoother
# random_seed                             : None
# restrict_workspace                      : False
# sample_files                            : []
# sampler                                 : annotator
# segment_files                           : ['analysis/20220622_LocationPatterns/GATfiles/Segments/NAHR_All.bed']
# shift_expansion                         : 2.0
# shift_extension                         : 0
# short_help                              : None
# stderr                                  : <_io.TextIOWrapper name='<stderr>' mode='w' encoding='utf-8'>
# stdin                                   : <_io.TextIOWrapper name='<stdin>' mode='r' encoding='utf-8'>
# stdlog                                  : <_io.TextIOWrapper name='analysis/20220622_LocationPatterns/GATresults/NAHR_All/log/NAHR_All_annotations_repeats.log' mode='a' encoding='UTF-8'>
# stdout                                  : <_io.TextIOWrapper name='analysis/20220622_LocationPatterns/GATresults/NAHR_All/tsv/NAHR_All_annotations_repeats.tsv' mode='w' encoding='UTF-8'>
# timeit_file                             : None
# timeit_header                           : None
# timeit_name                             : all
# truncate_segments_to_workspace          : False
# truncate_workspace_to_annotations       : False
# workspace_files                         : ['analysis/20220622_LocationPatterns/GATfiles/Workspace/workspace_avgBherer.bed']
2022-06-22 23:50:41,060 INFO segments: reading tracks from 1 files
2022-06-22 23:50:41,060 INFO segments: read 1 tracks from 1 files
2022-06-22 23:50:41,060 INFO annotations: reading tracks from 1 files
2022-06-22 23:50:41,175 INFO annotations: read 1 tracks from 1 files
2022-06-22 23:50:41,179 INFO workspaces: reading tracks from 1 files
2022-06-22 23:50:41,180 INFO workspaces: read 1 tracks from 1 files
2022-06-22 23:50:41,180 INFO collapsing workspaces
2022-06-22 23:50:41,180 INFO isochores: reading isochores from 1 files
2022-06-22 23:50:41,182 INFO intervals loaded in 0 seconds
2022-06-22 23:50:41,182 INFO adding isochores to workspace
2022-06-22 23:50:41,183 INFO collecting observed counts
2022-06-22 23:50:41,183 INFO starting sampling
2022-06-22 23:50:41,183 INFO sampling: merged: 1/1
2022-06-22 23:50:41,183 INFO performing unconditional sampling
2022-06-22 23:50:41,183 INFO workspace without conditioning: 1090 segments, 2678195140 nucleotides
2022-06-22 23:50:41,183 INFO workspace after conditioning: 1090 segments, 2678195140 nucleotides
2022-06-22 23:50:41,184 INFO sampling started
2022-06-22 23:50:41,190 INFO 0/1000 done ( 0.00)
2022-06-22 23:50:41,703 INFO 100/1000 done (10.00)
2022-06-22 23:50:42,201 INFO 200/1000 done (20.00)
2022-06-22 23:50:42,720 INFO 300/1000 done (30.00)
2022-06-22 23:50:43,346 INFO 400/1000 done (40.00)
2022-06-22 23:50:43,912 INFO 500/1000 done (50.00)
2022-06-22 23:50:44,423 INFO 600/1000 done (60.00)
2022-06-22 23:50:44,939 INFO 700/1000 done (70.00)
2022-06-22 23:50:45,432 INFO 800/1000 done (80.00)
2022-06-22 23:50:45,920 INFO 900/1000 done (90.00)
2022-06-22 23:50:46,387 INFO sampling completed
2022-06-22 23:50:46,387 INFO sampling finished
2022-06-22 23:50:46,388 INFO computing PValue statistics
2022-06-22 23:50:46,388 INFO computing FDR statistics
# job finished in 5 seconds at Wed Jun 22 23:50:46 2022 --  6.34  0.03  0.00  0.00 -- 8f1315b4-6fb6-4903-b9d7-811bb9e5efde
# output generated by /home/rgomez/anaconda3/bin/gat-run.py --segments=analysis/20220622_LocationPatterns/GATfiles/Segments/NAHR_All.bed --isochores=analysis/20220622_LocationPatterns/GATfiles/Isochores/isochores_NAHR_All.bed --annotations=analysis/20220622_LocationPatterns/GATfiles/Annotations/annotations_repeats.bed --workspace=analysis/20220622_LocationPatterns/GATfiles/Workspace/workspace_avgBherer.bed --num-samples=1000 --log=analysis/20220622_LocationPatterns/GATresults/NAHR_All/log/NAHR_All_annotations_repeats.log --stdout=analysis/20220622_LocationPatterns/GATresults/NAHR_All/tsv/NAHR_All_annotations_repeats.tsv
# job started at Wed Jun 22 23:51:31 2022 on rgomez-pc -- a4381317-ab06-4694-b13a-2a6fcabcb125
# pid: 30935, system: Linux 5.3.0-7648-generic #41~1586790036~18.04~600aeb5-Ubuntu SMP Mon Apr 13 17:47:15 UTC  x86_64
# annotation_files                        : ['analysis/20220622_LocationPatterns/GATfiles/Annotations/annotations_repeats.bed']
# annotations_label                       : None
# annotations_to_points                   : None
# bucket_size                             : 0
# cache                                   : None
# conditional                             : unconditional
# conditional_expansion                   : None
# conditional_extension                   : None
# counters                                : []
# enable_split_tracks                     : False
# ignore_segment_tracks                   : True
# input_filename_counts                   : None
# input_filename_descriptions             : None
# input_filename_results                  : None
# isochore_files                          : ['analysis/20220622_LocationPatterns/GATfiles/Isochores/isochores_NAHR_All.bed']
# loglevel                                : 1
# nbuckets                                : 100000
# null                                    : default
# num_samples                             : 1000
# num_threads                             : 0
# output_bed                              : []
# output_counts_pattern                   : None
# output_filename_pattern                 : %s
# output_force                            : False
# output_order                            : fold
# output_plots_pattern                    : None
# output_samples_pattern                  : None
# output_stats                            : []
# output_tables_pattern                   : %s.tsv.gz
# overlapping_annotations                 : False
# pseudo_count                            : 1.0
# pvalue_method                           : empirical
# qvalue_lambda                           : None
# qvalue_method                           : BH
# qvalue_pi0_method                       : smoother
# random_seed                             : None
# restrict_workspace                      : False
# sample_files                            : []
# sampler                                 : annotator
# segment_files                           : ['analysis/20220622_LocationPatterns/GATfiles/Segments/NAHR_All.bed']
# shift_expansion                         : 2.0
# shift_extension                         : 0
# short_help                              : None
# stderr                                  : <_io.TextIOWrapper name='<stderr>' mode='w' encoding='utf-8'>
# stdin                                   : <_io.TextIOWrapper name='<stdin>' mode='r' encoding='utf-8'>
# stdlog                                  : <_io.TextIOWrapper name='analysis/20220622_LocationPatterns/GATresults/NAHR_All/log/NAHR_All_annotations_repeats.log' mode='a' encoding='UTF-8'>
# stdout                                  : <_io.TextIOWrapper name='analysis/20220622_LocationPatterns/GATresults/NAHR_All/tsv/NAHR_All_annotations_repeats.tsv' mode='w' encoding='UTF-8'>
# timeit_file                             : None
# timeit_header                           : None
# timeit_name                             : all
# truncate_segments_to_workspace          : False
# truncate_workspace_to_annotations       : False
# workspace_files                         : ['analysis/20220622_LocationPatterns/GATfiles/Workspace/workspace_avgBherer.bed']
2022-06-22 23:51:31,024 INFO segments: reading tracks from 1 files
2022-06-22 23:51:31,025 INFO segments: read 1 tracks from 1 files
2022-06-22 23:51:31,025 INFO annotations: reading tracks from 1 files
2022-06-22 23:51:31,136 INFO annotations: read 1 tracks from 1 files
2022-06-22 23:51:31,140 INFO workspaces: reading tracks from 1 files
2022-06-22 23:51:31,140 INFO workspaces: read 1 tracks from 1 files
2022-06-22 23:51:31,140 INFO collapsing workspaces
2022-06-22 23:51:31,140 INFO isochores: reading isochores from 1 files
2022-06-22 23:51:31,142 INFO intervals loaded in 0 seconds
2022-06-22 23:51:31,142 INFO adding isochores to workspace
2022-06-22 23:51:31,142 INFO collecting observed counts
2022-06-22 23:51:31,142 INFO starting sampling
2022-06-22 23:51:31,143 INFO sampling: merged: 1/1
2022-06-22 23:51:31,143 INFO performing unconditional sampling
2022-06-22 23:51:31,143 INFO workspace without conditioning: 1090 segments, 2678195140 nucleotides
2022-06-22 23:51:31,143 INFO workspace after conditioning: 1090 segments, 2678195140 nucleotides
2022-06-22 23:51:31,144 INFO sampling started
2022-06-22 23:51:31,149 INFO 0/1000 done ( 0.00)
2022-06-22 23:51:31,642 INFO 100/1000 done (10.00)
2022-06-22 23:51:32,134 INFO 200/1000 done (20.00)
2022-06-22 23:51:32,642 INFO 300/1000 done (30.00)
2022-06-22 23:51:33,153 INFO 400/1000 done (40.00)
2022-06-22 23:51:33,648 INFO 500/1000 done (50.00)
2022-06-22 23:51:34,137 INFO 600/1000 done (60.00)
2022-06-22 23:51:34,624 INFO 700/1000 done (70.00)
2022-06-22 23:51:35,112 INFO 800/1000 done (80.00)
2022-06-22 23:51:35,626 INFO 900/1000 done (90.00)
2022-06-22 23:51:36,133 INFO sampling completed
2022-06-22 23:51:36,134 INFO sampling finished
2022-06-22 23:51:36,134 INFO computing PValue statistics
2022-06-22 23:51:36,135 INFO computing FDR statistics
# job finished in 5 seconds at Wed Jun 22 23:51:36 2022 --  6.00  0.06  0.00  0.00 -- a4381317-ab06-4694-b13a-2a6fcabcb125
# output generated by /home/rgomez/anaconda3/bin/gat-run.py --segments=analysis/20220622_LocationPatterns/GATfiles/Segments/NAHR_All.bed --isochores=analysis/20220622_LocationPatterns/GATfiles/Isochores/isochores_NAHR_All.bed --annotations=analysis/20220622_LocationPatterns/GATfiles/Annotations/annotations_repeats.bed --workspace=analysis/20220622_LocationPatterns/GATfiles/Workspace/workspace_avgBherer.bed --num-samples=1000 --log=analysis/20220622_LocationPatterns/GATresults/NAHR_All/log/NAHR_All_annotations_repeats.log --stdout=analysis/20220622_LocationPatterns/GATresults/NAHR_All/tsv/NAHR_All_annotations_repeats.tsv
# job started at Wed Jun 22 23:53:25 2022 on rgomez-pc -- 1f08d183-aada-4c9f-898a-e50f1ba6ee39
# pid: 31119, system: Linux 5.3.0-7648-generic #41~1586790036~18.04~600aeb5-Ubuntu SMP Mon Apr 13 17:47:15 UTC  x86_64
# annotation_files                        : ['analysis/20220622_LocationPatterns/GATfiles/Annotations/annotations_repeats.bed']
# annotations_label                       : None
# annotations_to_points                   : None
# bucket_size                             : 0
# cache                                   : None
# conditional                             : unconditional
# conditional_expansion                   : None
# conditional_extension                   : None
# counters                                : []
# enable_split_tracks                     : False
# ignore_segment_tracks                   : True
# input_filename_counts                   : None
# input_filename_descriptions             : None
# input_filename_results                  : None
# isochore_files                          : ['analysis/20220622_LocationPatterns/GATfiles/Isochores/isochores_NAHR_All.bed']
# loglevel                                : 1
# nbuckets                                : 100000
# null                                    : default
# num_samples                             : 1000
# num_threads                             : 0
# output_bed                              : []
# output_counts_pattern                   : None
# output_filename_pattern                 : %s
# output_force                            : False
# output_order                            : fold
# output_plots_pattern                    : None
# output_samples_pattern                  : None
# output_stats                            : []
# output_tables_pattern                   : %s.tsv.gz
# overlapping_annotations                 : False
# pseudo_count                            : 1.0
# pvalue_method                           : empirical
# qvalue_lambda                           : None
# qvalue_method                           : BH
# qvalue_pi0_method                       : smoother
# random_seed                             : None
# restrict_workspace                      : False
# sample_files                            : []
# sampler                                 : annotator
# segment_files                           : ['analysis/20220622_LocationPatterns/GATfiles/Segments/NAHR_All.bed']
# shift_expansion                         : 2.0
# shift_extension                         : 0
# short_help                              : None
# stderr                                  : <_io.TextIOWrapper name='<stderr>' mode='w' encoding='utf-8'>
# stdin                                   : <_io.TextIOWrapper name='<stdin>' mode='r' encoding='utf-8'>
# stdlog                                  : <_io.TextIOWrapper name='analysis/20220622_LocationPatterns/GATresults/NAHR_All/log/NAHR_All_annotations_repeats.log' mode='a' encoding='UTF-8'>
# stdout                                  : <_io.TextIOWrapper name='analysis/20220622_LocationPatterns/GATresults/NAHR_All/tsv/NAHR_All_annotations_repeats.tsv' mode='w' encoding='UTF-8'>
# timeit_file                             : None
# timeit_header                           : None
# timeit_name                             : all
# truncate_segments_to_workspace          : False
# truncate_workspace_to_annotations       : False
# workspace_files                         : ['analysis/20220622_LocationPatterns/GATfiles/Workspace/workspace_avgBherer.bed']
2022-06-22 23:53:25,967 INFO segments: reading tracks from 1 files
2022-06-22 23:53:25,968 INFO segments: read 1 tracks from 1 files
2022-06-22 23:53:25,968 INFO annotations: reading tracks from 1 files
2022-06-22 23:53:26,080 INFO annotations: read 1 tracks from 1 files
2022-06-22 23:53:26,083 INFO workspaces: reading tracks from 1 files
2022-06-22 23:53:26,084 INFO workspaces: read 1 tracks from 1 files
2022-06-22 23:53:26,084 INFO collapsing workspaces
2022-06-22 23:53:26,084 INFO isochores: reading isochores from 1 files
2022-06-22 23:53:26,086 INFO intervals loaded in 0 seconds
2022-06-22 23:53:26,086 INFO adding isochores to workspace
2022-06-22 23:53:26,086 INFO collecting observed counts
2022-06-22 23:53:26,086 INFO starting sampling
2022-06-22 23:53:26,086 INFO sampling: merged: 1/1
2022-06-22 23:53:26,087 INFO performing unconditional sampling
2022-06-22 23:53:26,087 INFO workspace without conditioning: 1090 segments, 2678195140 nucleotides
2022-06-22 23:53:26,087 INFO workspace after conditioning: 1090 segments, 2678195140 nucleotides
2022-06-22 23:53:26,088 INFO sampling started
2022-06-22 23:53:26,095 INFO 0/1000 done ( 0.00)
2022-06-22 23:53:26,595 INFO 100/1000 done (10.00)
2022-06-22 23:53:27,118 INFO 200/1000 done (20.00)
2022-06-22 23:53:27,640 INFO 300/1000 done (30.00)
2022-06-22 23:53:28,217 INFO 400/1000 done (40.00)
2022-06-22 23:53:28,797 INFO 500/1000 done (50.00)
2022-06-22 23:53:29,388 INFO 600/1000 done (60.00)
2022-06-22 23:53:29,948 INFO 700/1000 done (70.00)
2022-06-22 23:53:30,460 INFO 800/1000 done (80.00)
2022-06-22 23:53:30,964 INFO 900/1000 done (90.00)
2022-06-22 23:53:31,469 INFO sampling completed
2022-06-22 23:53:31,469 INFO sampling finished
2022-06-22 23:53:31,469 INFO computing PValue statistics
2022-06-22 23:53:31,470 INFO computing FDR statistics
# job finished in 5 seconds at Wed Jun 22 23:53:31 2022 --  6.51  0.07  0.00  0.00 -- 1f08d183-aada-4c9f-898a-e50f1ba6ee39
# output generated by /home/rgomez/anaconda3/bin/gat-run.py --segments=analysis/20220622_LocationPatterns/GATfiles/Segments/NAHR_All.bed --isochores=analysis/20220622_LocationPatterns/GATfiles/Isochores/isochores_NAHR_All.bed --annotations=analysis/20220622_LocationPatterns/GATfiles/Annotations/annotations_repeats.bed --workspace=analysis/20220622_LocationPatterns/GATfiles/Workspace/workspace_avgBherer.bed --num-samples=1000 --log=analysis/20220622_LocationPatterns/GATresults/NAHR_All/log/NAHR_All_annotations_repeats.log --stdout=analysis/20220622_LocationPatterns/GATresults/NAHR_All/tsv/NAHR_All_annotations_repeats.tsv
# job started at Wed Jun 22 23:55:00 2022 on rgomez-pc -- 872df0cc-6eeb-4790-a30e-4fc83a246d3c
# pid: 31288, system: Linux 5.3.0-7648-generic #41~1586790036~18.04~600aeb5-Ubuntu SMP Mon Apr 13 17:47:15 UTC  x86_64
# annotation_files                        : ['analysis/20220622_LocationPatterns/GATfiles/Annotations/annotations_repeats.bed']
# annotations_label                       : None
# annotations_to_points                   : None
# bucket_size                             : 0
# cache                                   : None
# conditional                             : unconditional
# conditional_expansion                   : None
# conditional_extension                   : None
# counters                                : []
# enable_split_tracks                     : False
# ignore_segment_tracks                   : True
# input_filename_counts                   : None
# input_filename_descriptions             : None
# input_filename_results                  : None
# isochore_files                          : ['analysis/20220622_LocationPatterns/GATfiles/Isochores/isochores_NAHR_All.bed']
# loglevel                                : 1
# nbuckets                                : 100000
# null                                    : default
# num_samples                             : 1000
# num_threads                             : 0
# output_bed                              : []
# output_counts_pattern                   : None
# output_filename_pattern                 : %s
# output_force                            : False
# output_order                            : fold
# output_plots_pattern                    : None
# output_samples_pattern                  : None
# output_stats                            : []
# output_tables_pattern                   : %s.tsv.gz
# overlapping_annotations                 : False
# pseudo_count                            : 1.0
# pvalue_method                           : empirical
# qvalue_lambda                           : None
# qvalue_method                           : BH
# qvalue_pi0_method                       : smoother
# random_seed                             : None
# restrict_workspace                      : False
# sample_files                            : []
# sampler                                 : annotator
# segment_files                           : ['analysis/20220622_LocationPatterns/GATfiles/Segments/NAHR_All.bed']
# shift_expansion                         : 2.0
# shift_extension                         : 0
# short_help                              : None
# stderr                                  : <_io.TextIOWrapper name='<stderr>' mode='w' encoding='utf-8'>
# stdin                                   : <_io.TextIOWrapper name='<stdin>' mode='r' encoding='utf-8'>
# stdlog                                  : <_io.TextIOWrapper name='analysis/20220622_LocationPatterns/GATresults/NAHR_All/log/NAHR_All_annotations_repeats.log' mode='a' encoding='UTF-8'>
# stdout                                  : <_io.TextIOWrapper name='analysis/20220622_LocationPatterns/GATresults/NAHR_All/tsv/NAHR_All_annotations_repeats.tsv' mode='w' encoding='UTF-8'>
# timeit_file                             : None
# timeit_header                           : None
# timeit_name                             : all
# truncate_segments_to_workspace          : False
# truncate_workspace_to_annotations       : False
# workspace_files                         : ['analysis/20220622_LocationPatterns/GATfiles/Workspace/workspace_avgBherer.bed']
2022-06-22 23:55:00,869 INFO segments: reading tracks from 1 files
2022-06-22 23:55:00,869 INFO segments: read 1 tracks from 1 files
2022-06-22 23:55:00,869 INFO annotations: reading tracks from 1 files
2022-06-22 23:55:00,993 INFO annotations: read 1 tracks from 1 files
2022-06-22 23:55:00,997 INFO workspaces: reading tracks from 1 files
2022-06-22 23:55:00,997 INFO workspaces: read 1 tracks from 1 files
2022-06-22 23:55:00,997 INFO collapsing workspaces
2022-06-22 23:55:00,998 INFO isochores: reading isochores from 1 files
2022-06-22 23:55:01,000 INFO intervals loaded in 0 seconds
2022-06-22 23:55:01,000 INFO adding isochores to workspace
2022-06-22 23:55:01,000 INFO collecting observed counts
2022-06-22 23:55:01,000 INFO starting sampling
2022-06-22 23:55:01,000 INFO sampling: merged: 1/1
2022-06-22 23:55:01,000 INFO performing unconditional sampling
2022-06-22 23:55:01,001 INFO workspace without conditioning: 1090 segments, 2678195140 nucleotides
2022-06-22 23:55:01,001 INFO workspace after conditioning: 1090 segments, 2678195140 nucleotides
2022-06-22 23:55:01,001 INFO sampling started
2022-06-22 23:55:01,007 INFO 0/1000 done ( 0.00)
2022-06-22 23:55:01,546 INFO 100/1000 done (10.00)
2022-06-22 23:55:02,093 INFO 200/1000 done (20.00)
2022-06-22 23:55:02,650 INFO 300/1000 done (30.00)
2022-06-22 23:55:03,196 INFO 400/1000 done (40.00)
2022-06-22 23:55:03,774 INFO 500/1000 done (50.00)
2022-06-22 23:55:04,408 INFO 600/1000 done (60.00)
2022-06-22 23:55:05,032 INFO 700/1000 done (70.00)
2022-06-22 23:55:05,689 INFO 800/1000 done (80.00)
2022-06-22 23:55:06,314 INFO 900/1000 done (90.00)
2022-06-22 23:55:06,905 INFO sampling completed
2022-06-22 23:55:06,905 INFO sampling finished
2022-06-22 23:55:06,905 INFO computing PValue statistics
2022-06-22 23:55:06,906 INFO computing FDR statistics
# job finished in 6 seconds at Wed Jun 22 23:55:06 2022 --  6.95  0.06  0.00  0.00 -- 872df0cc-6eeb-4790-a30e-4fc83a246d3c
# output generated by /home/rgomez/anaconda3/bin/gat-run.py --segments=analysis/20220622_LocationPatterns/GATfiles/Segments/NAHR_All.bed --isochores=analysis/20220622_LocationPatterns/GATfiles/Isochores/isochores_NAHR_All.bed --annotations=analysis/20220622_LocationPatterns/GATfiles/Annotations/annotations_repeats.bed --workspace=analysis/20220622_LocationPatterns/GATfiles/Workspace/workspace_avgBherer.bed --num-samples=1000 --log=analysis/20220622_LocationPatterns/GATresults/NAHR_All/log/NAHR_All_annotations_repeats.log --stdout=analysis/20220622_LocationPatterns/GATresults/NAHR_All/tsv/NAHR_All_annotations_repeats.tsv
# job started at Wed Jun 22 23:56:31 2022 on rgomez-pc -- 26b09dba-9e04-4cbb-b934-e34db556d473
# pid: 31466, system: Linux 5.3.0-7648-generic #41~1586790036~18.04~600aeb5-Ubuntu SMP Mon Apr 13 17:47:15 UTC  x86_64
# annotation_files                        : ['analysis/20220622_LocationPatterns/GATfiles/Annotations/annotations_repeats.bed']
# annotations_label                       : None
# annotations_to_points                   : None
# bucket_size                             : 0
# cache                                   : None
# conditional                             : unconditional
# conditional_expansion                   : None
# conditional_extension                   : None
# counters                                : []
# enable_split_tracks                     : False
# ignore_segment_tracks                   : True
# input_filename_counts                   : None
# input_filename_descriptions             : None
# input_filename_results                  : None
# isochore_files                          : ['analysis/20220622_LocationPatterns/GATfiles/Isochores/isochores_NAHR_All.bed']
# loglevel                                : 1
# nbuckets                                : 100000
# null                                    : default
# num_samples                             : 1000
# num_threads                             : 0
# output_bed                              : []
# output_counts_pattern                   : None
# output_filename_pattern                 : %s
# output_force                            : False
# output_order                            : fold
# output_plots_pattern                    : None
# output_samples_pattern                  : None
# output_stats                            : []
# output_tables_pattern                   : %s.tsv.gz
# overlapping_annotations                 : False
# pseudo_count                            : 1.0
# pvalue_method                           : empirical
# qvalue_lambda                           : None
# qvalue_method                           : BH
# qvalue_pi0_method                       : smoother
# random_seed                             : None
# restrict_workspace                      : False
# sample_files                            : []
# sampler                                 : annotator
# segment_files                           : ['analysis/20220622_LocationPatterns/GATfiles/Segments/NAHR_All.bed']
# shift_expansion                         : 2.0
# shift_extension                         : 0
# short_help                              : None
# stderr                                  : <_io.TextIOWrapper name='<stderr>' mode='w' encoding='utf-8'>
# stdin                                   : <_io.TextIOWrapper name='<stdin>' mode='r' encoding='utf-8'>
# stdlog                                  : <_io.TextIOWrapper name='analysis/20220622_LocationPatterns/GATresults/NAHR_All/log/NAHR_All_annotations_repeats.log' mode='a' encoding='UTF-8'>
# stdout                                  : <_io.TextIOWrapper name='analysis/20220622_LocationPatterns/GATresults/NAHR_All/tsv/NAHR_All_annotations_repeats.tsv' mode='w' encoding='UTF-8'>
# timeit_file                             : None
# timeit_header                           : None
# timeit_name                             : all
# truncate_segments_to_workspace          : False
# truncate_workspace_to_annotations       : False
# workspace_files                         : ['analysis/20220622_LocationPatterns/GATfiles/Workspace/workspace_avgBherer.bed']
2022-06-22 23:56:31,779 INFO segments: reading tracks from 1 files
2022-06-22 23:56:31,780 INFO segments: read 1 tracks from 1 files
2022-06-22 23:56:31,780 INFO annotations: reading tracks from 1 files
2022-06-22 23:56:31,890 INFO annotations: read 1 tracks from 1 files
2022-06-22 23:56:31,894 INFO workspaces: reading tracks from 1 files
2022-06-22 23:56:31,894 INFO workspaces: read 1 tracks from 1 files
2022-06-22 23:56:31,895 INFO collapsing workspaces
2022-06-22 23:56:31,895 INFO isochores: reading isochores from 1 files
2022-06-22 23:56:31,897 INFO intervals loaded in 0 seconds
2022-06-22 23:56:31,897 INFO adding isochores to workspace
2022-06-22 23:56:31,897 INFO collecting observed counts
2022-06-22 23:56:31,897 INFO starting sampling
2022-06-22 23:56:31,897 INFO sampling: merged: 1/1
2022-06-22 23:56:31,897 INFO performing unconditional sampling
2022-06-22 23:56:31,898 INFO workspace without conditioning: 1090 segments, 2678195140 nucleotides
2022-06-22 23:56:31,898 INFO workspace after conditioning: 1090 segments, 2678195140 nucleotides
2022-06-22 23:56:31,899 INFO sampling started
2022-06-22 23:56:31,904 INFO 0/1000 done ( 0.00)
2022-06-22 23:56:32,475 INFO 100/1000 done (10.00)
2022-06-22 23:56:33,012 INFO 200/1000 done (20.00)
2022-06-22 23:56:33,547 INFO 300/1000 done (30.00)
2022-06-22 23:56:34,075 INFO 400/1000 done (40.00)
2022-06-22 23:56:34,608 INFO 500/1000 done (50.00)
2022-06-22 23:56:35,134 INFO 600/1000 done (60.00)
2022-06-22 23:56:35,670 INFO 700/1000 done (70.00)
2022-06-22 23:56:36,192 INFO 800/1000 done (80.00)
2022-06-22 23:56:36,720 INFO 900/1000 done (90.00)
2022-06-22 23:56:37,242 INFO sampling completed
2022-06-22 23:56:37,242 INFO sampling finished
2022-06-22 23:56:37,242 INFO computing PValue statistics
2022-06-22 23:56:37,243 INFO computing FDR statistics
# job finished in 5 seconds at Wed Jun 22 23:56:37 2022 --  6.35  0.08  0.00  0.00 -- 26b09dba-9e04-4cbb-b934-e34db556d473
# output generated by /home/rgomez/anaconda3/bin/gat-run.py --segments=analysis/20220622_LocationPatterns/GATfiles/Segments/NAHR_All.bed --isochores=analysis/20220622_LocationPatterns/GATfiles/Isochores/isochores_NAHR_All.bed --annotations=analysis/20220622_LocationPatterns/GATfiles/Annotations/annotations_repeats.bed --workspace=analysis/20220622_LocationPatterns/GATfiles/Workspace/workspace_avgBherer.bed --num-samples=1000 --log=analysis/20220622_LocationPatterns/GATresults/NAHR_All/log/NAHR_All_annotations_repeats.log --stdout=analysis/20220622_LocationPatterns/GATresults/NAHR_All/tsv/NAHR_All_annotations_repeats.tsv
# job started at Wed Jun 22 23:59:41 2022 on rgomez-pc -- 23fb8cbf-e384-456e-b236-4b3a9cdac482
# pid: 31658, system: Linux 5.3.0-7648-generic #41~1586790036~18.04~600aeb5-Ubuntu SMP Mon Apr 13 17:47:15 UTC  x86_64
# annotation_files                        : ['analysis/20220622_LocationPatterns/GATfiles/Annotations/annotations_repeats.bed']
# annotations_label                       : None
# annotations_to_points                   : None
# bucket_size                             : 0
# cache                                   : None
# conditional                             : unconditional
# conditional_expansion                   : None
# conditional_extension                   : None
# counters                                : []
# enable_split_tracks                     : False
# ignore_segment_tracks                   : True
# input_filename_counts                   : None
# input_filename_descriptions             : None
# input_filename_results                  : None
# isochore_files                          : ['analysis/20220622_LocationPatterns/GATfiles/Isochores/isochores_NAHR_All.bed']
# loglevel                                : 1
# nbuckets                                : 100000
# null                                    : default
# num_samples                             : 1000
# num_threads                             : 0
# output_bed                              : []
# output_counts_pattern                   : None
# output_filename_pattern                 : %s
# output_force                            : False
# output_order                            : fold
# output_plots_pattern                    : None
# output_samples_pattern                  : None
# output_stats                            : []
# output_tables_pattern                   : %s.tsv.gz
# overlapping_annotations                 : False
# pseudo_count                            : 1.0
# pvalue_method                           : empirical
# qvalue_lambda                           : None
# qvalue_method                           : BH
# qvalue_pi0_method                       : smoother
# random_seed                             : None
# restrict_workspace                      : False
# sample_files                            : []
# sampler                                 : annotator
# segment_files                           : ['analysis/20220622_LocationPatterns/GATfiles/Segments/NAHR_All.bed']
# shift_expansion                         : 2.0
# shift_extension                         : 0
# short_help                              : None
# stderr                                  : <_io.TextIOWrapper name='<stderr>' mode='w' encoding='utf-8'>
# stdin                                   : <_io.TextIOWrapper name='<stdin>' mode='r' encoding='utf-8'>
# stdlog                                  : <_io.TextIOWrapper name='analysis/20220622_LocationPatterns/GATresults/NAHR_All/log/NAHR_All_annotations_repeats.log' mode='a' encoding='UTF-8'>
# stdout                                  : <_io.TextIOWrapper name='analysis/20220622_LocationPatterns/GATresults/NAHR_All/tsv/NAHR_All_annotations_repeats.tsv' mode='w' encoding='UTF-8'>
# timeit_file                             : None
# timeit_header                           : None
# timeit_name                             : all
# truncate_segments_to_workspace          : False
# truncate_workspace_to_annotations       : False
# workspace_files                         : ['analysis/20220622_LocationPatterns/GATfiles/Workspace/workspace_avgBherer.bed']
2022-06-22 23:59:41,094 INFO segments: reading tracks from 1 files
2022-06-22 23:59:41,095 INFO segments: read 1 tracks from 1 files
2022-06-22 23:59:41,095 INFO annotations: reading tracks from 1 files
2022-06-22 23:59:41,207 INFO annotations: read 1 tracks from 1 files
2022-06-22 23:59:41,211 INFO workspaces: reading tracks from 1 files
2022-06-22 23:59:41,211 INFO workspaces: read 1 tracks from 1 files
2022-06-22 23:59:41,211 INFO collapsing workspaces
2022-06-22 23:59:41,211 INFO isochores: reading isochores from 1 files
2022-06-22 23:59:41,213 INFO intervals loaded in 0 seconds
2022-06-22 23:59:41,213 INFO adding isochores to workspace
2022-06-22 23:59:41,214 INFO collecting observed counts
2022-06-22 23:59:41,214 INFO starting sampling
2022-06-22 23:59:41,214 INFO sampling: merged: 1/1
2022-06-22 23:59:41,214 INFO performing unconditional sampling
2022-06-22 23:59:41,215 INFO workspace without conditioning: 1090 segments, 2678195140 nucleotides
2022-06-22 23:59:41,215 INFO workspace after conditioning: 1090 segments, 2678195140 nucleotides
2022-06-22 23:59:41,215 INFO sampling started
2022-06-22 23:59:41,221 INFO 0/1000 done ( 0.00)
2022-06-22 23:59:41,749 INFO 100/1000 done (10.00)
2022-06-22 23:59:42,296 INFO 200/1000 done (20.00)
2022-06-22 23:59:42,816 INFO 300/1000 done (30.00)
2022-06-22 23:59:43,372 INFO 400/1000 done (40.00)
2022-06-22 23:59:44,014 INFO 500/1000 done (50.00)
2022-06-22 23:59:44,609 INFO 600/1000 done (60.00)
2022-06-22 23:59:45,212 INFO 700/1000 done (70.00)
2022-06-22 23:59:45,790 INFO 800/1000 done (80.00)
2022-06-22 23:59:46,372 INFO 900/1000 done (90.00)
2022-06-22 23:59:46,940 INFO sampling completed
2022-06-22 23:59:46,941 INFO sampling finished
2022-06-22 23:59:46,941 INFO computing PValue statistics
2022-06-22 23:59:46,942 INFO computing FDR statistics
# job finished in 5 seconds at Wed Jun 22 23:59:46 2022 --  6.82  0.08  0.00  0.00 -- 23fb8cbf-e384-456e-b236-4b3a9cdac482
# output generated by /home/rgomez/anaconda3/bin/gat-run.py --segments=analysis/20220622_LocationPatterns/GATfiles/Segments/NAHR_All.bed --isochores=analysis/20220622_LocationPatterns/GATfiles/Isochores/isochores_NAHR_All.bed --annotations=analysis/20220622_LocationPatterns/GATfiles/Annotations/annotations_repeats.bed --workspace=analysis/20220622_LocationPatterns/GATfiles/Workspace/workspace_avgBherer.bed --num-samples=1000 --log=analysis/20220622_LocationPatterns/GATresults/NAHR_All/log/NAHR_All_annotations_repeats.log --stdout=analysis/20220622_LocationPatterns/GATresults/NAHR_All/tsv/NAHR_All_annotations_repeats.tsv
# job started at Thu Jun 23 00:07:34 2022 on rgomez-pc -- 0e1ec032-2a31-4c42-a317-61838242f36b
# pid: 32681, system: Linux 5.3.0-7648-generic #41~1586790036~18.04~600aeb5-Ubuntu SMP Mon Apr 13 17:47:15 UTC  x86_64
# annotation_files                        : ['analysis/20220622_LocationPatterns/GATfiles/Annotations/annotations_repeats.bed']
# annotations_label                       : None
# annotations_to_points                   : None
# bucket_size                             : 0
# cache                                   : None
# conditional                             : unconditional
# conditional_expansion                   : None
# conditional_extension                   : None
# counters                                : []
# enable_split_tracks                     : False
# ignore_segment_tracks                   : True
# input_filename_counts                   : None
# input_filename_descriptions             : None
# input_filename_results                  : None
# isochore_files                          : ['analysis/20220622_LocationPatterns/GATfiles/Isochores/isochores_NAHR_All.bed']
# loglevel                                : 1
# nbuckets                                : 100000
# null                                    : default
# num_samples                             : 1000
# num_threads                             : 0
# output_bed                              : []
# output_counts_pattern                   : None
# output_filename_pattern                 : %s
# output_force                            : False
# output_order                            : fold
# output_plots_pattern                    : None
# output_samples_pattern                  : None
# output_stats                            : []
# output_tables_pattern                   : %s.tsv.gz
# overlapping_annotations                 : False
# pseudo_count                            : 1.0
# pvalue_method                           : empirical
# qvalue_lambda                           : None
# qvalue_method                           : BH
# qvalue_pi0_method                       : smoother
# random_seed                             : None
# restrict_workspace                      : False
# sample_files                            : []
# sampler                                 : annotator
# segment_files                           : ['analysis/20220622_LocationPatterns/GATfiles/Segments/NAHR_All.bed']
# shift_expansion                         : 2.0
# shift_extension                         : 0
# short_help                              : None
# stderr                                  : <_io.TextIOWrapper name='<stderr>' mode='w' encoding='utf-8'>
# stdin                                   : <_io.TextIOWrapper name='<stdin>' mode='r' encoding='utf-8'>
# stdlog                                  : <_io.TextIOWrapper name='analysis/20220622_LocationPatterns/GATresults/NAHR_All/log/NAHR_All_annotations_repeats.log' mode='a' encoding='UTF-8'>
# stdout                                  : <_io.TextIOWrapper name='analysis/20220622_LocationPatterns/GATresults/NAHR_All/tsv/NAHR_All_annotations_repeats.tsv' mode='w' encoding='UTF-8'>
# timeit_file                             : None
# timeit_header                           : None
# timeit_name                             : all
# truncate_segments_to_workspace          : False
# truncate_workspace_to_annotations       : False
# workspace_files                         : ['analysis/20220622_LocationPatterns/GATfiles/Workspace/workspace_avgBherer.bed']
2022-06-23 00:07:34,935 INFO segments: reading tracks from 1 files
2022-06-23 00:07:34,935 INFO segments: read 1 tracks from 1 files
2022-06-23 00:07:34,935 INFO annotations: reading tracks from 1 files
2022-06-23 00:07:35,049 INFO annotations: read 1 tracks from 1 files
2022-06-23 00:07:35,053 INFO workspaces: reading tracks from 1 files
2022-06-23 00:07:35,053 INFO workspaces: read 1 tracks from 1 files
2022-06-23 00:07:35,054 INFO collapsing workspaces
2022-06-23 00:07:35,054 INFO isochores: reading isochores from 1 files
2022-06-23 00:07:35,056 INFO intervals loaded in 0 seconds
2022-06-23 00:07:35,056 INFO adding isochores to workspace
2022-06-23 00:07:35,056 INFO collecting observed counts
2022-06-23 00:07:35,057 INFO starting sampling
2022-06-23 00:07:35,057 INFO sampling: merged: 1/1
2022-06-23 00:07:35,057 INFO performing unconditional sampling
2022-06-23 00:07:35,057 INFO workspace without conditioning: 1090 segments, 2678195140 nucleotides
2022-06-23 00:07:35,057 INFO workspace after conditioning: 1090 segments, 2678195140 nucleotides
2022-06-23 00:07:35,058 INFO sampling started
2022-06-23 00:07:35,063 INFO 0/1000 done ( 0.00)
2022-06-23 00:07:35,601 INFO 100/1000 done (10.00)
2022-06-23 00:07:36,115 INFO 200/1000 done (20.00)
2022-06-23 00:07:36,633 INFO 300/1000 done (30.00)
2022-06-23 00:07:37,160 INFO 400/1000 done (40.00)
2022-06-23 00:07:37,668 INFO 500/1000 done (50.00)
2022-06-23 00:07:38,211 INFO 600/1000 done (60.00)
2022-06-23 00:07:38,837 INFO 700/1000 done (70.00)
2022-06-23 00:07:39,382 INFO 800/1000 done (80.00)
2022-06-23 00:07:40,042 INFO 900/1000 done (90.00)
2022-06-23 00:07:40,599 INFO sampling completed
2022-06-23 00:07:40,600 INFO sampling finished
2022-06-23 00:07:40,600 INFO computing PValue statistics
2022-06-23 00:07:40,601 INFO computing FDR statistics
# job finished in 5 seconds at Thu Jun 23 00:07:40 2022 --  6.57  0.07  0.00  0.00 -- 0e1ec032-2a31-4c42-a317-61838242f36b
# output generated by /home/rgomez/anaconda3/bin/gat-run.py --segments=analysis/20220622_LocationPatterns/GATfiles/Segments/NAHR_All.bed --isochores=analysis/20220622_LocationPatterns/GATfiles/Isochores/isochores_NAHR_All.bed --annotations=analysis/20220622_LocationPatterns/GATfiles/Annotations/annotations_repeats.bed --workspace=analysis/20220622_LocationPatterns/GATfiles/Workspace/workspace_avgBherer.bed --num-samples=1000 --log=analysis/20220622_LocationPatterns/GATresults/NAHR_All/log/NAHR_All_annotations_repeats.log --stdout=analysis/20220622_LocationPatterns/GATresults/NAHR_All/tsv/NAHR_All_annotations_repeats.tsv
# job started at Thu Jun 23 00:08:54 2022 on rgomez-pc -- 994022ca-79fe-470c-a691-310a1dd016f6
# pid: 470, system: Linux 5.3.0-7648-generic #41~1586790036~18.04~600aeb5-Ubuntu SMP Mon Apr 13 17:47:15 UTC  x86_64
# annotation_files                        : ['analysis/20220622_LocationPatterns/GATfiles/Annotations/annotations_repeats.bed']
# annotations_label                       : None
# annotations_to_points                   : None
# bucket_size                             : 0
# cache                                   : None
# conditional                             : unconditional
# conditional_expansion                   : None
# conditional_extension                   : None
# counters                                : []
# enable_split_tracks                     : False
# ignore_segment_tracks                   : True
# input_filename_counts                   : None
# input_filename_descriptions             : None
# input_filename_results                  : None
# isochore_files                          : ['analysis/20220622_LocationPatterns/GATfiles/Isochores/isochores_NAHR_All.bed']
# loglevel                                : 1
# nbuckets                                : 100000
# null                                    : default
# num_samples                             : 1000
# num_threads                             : 0
# output_bed                              : []
# output_counts_pattern                   : None
# output_filename_pattern                 : %s
# output_force                            : False
# output_order                            : fold
# output_plots_pattern                    : None
# output_samples_pattern                  : None
# output_stats                            : []
# output_tables_pattern                   : %s.tsv.gz
# overlapping_annotations                 : False
# pseudo_count                            : 1.0
# pvalue_method                           : empirical
# qvalue_lambda                           : None
# qvalue_method                           : BH
# qvalue_pi0_method                       : smoother
# random_seed                             : None
# restrict_workspace                      : False
# sample_files                            : []
# sampler                                 : annotator
# segment_files                           : ['analysis/20220622_LocationPatterns/GATfiles/Segments/NAHR_All.bed']
# shift_expansion                         : 2.0
# shift_extension                         : 0
# short_help                              : None
# stderr                                  : <_io.TextIOWrapper name='<stderr>' mode='w' encoding='utf-8'>
# stdin                                   : <_io.TextIOWrapper name='<stdin>' mode='r' encoding='utf-8'>
# stdlog                                  : <_io.TextIOWrapper name='analysis/20220622_LocationPatterns/GATresults/NAHR_All/log/NAHR_All_annotations_repeats.log' mode='a' encoding='UTF-8'>
# stdout                                  : <_io.TextIOWrapper name='analysis/20220622_LocationPatterns/GATresults/NAHR_All/tsv/NAHR_All_annotations_repeats.tsv' mode='w' encoding='UTF-8'>
# timeit_file                             : None
# timeit_header                           : None
# timeit_name                             : all
# truncate_segments_to_workspace          : False
# truncate_workspace_to_annotations       : False
# workspace_files                         : ['analysis/20220622_LocationPatterns/GATfiles/Workspace/workspace_avgBherer.bed']
2022-06-23 00:08:54,370 INFO segments: reading tracks from 1 files
2022-06-23 00:08:54,370 INFO segments: read 1 tracks from 1 files
2022-06-23 00:08:54,370 INFO annotations: reading tracks from 1 files
2022-06-23 00:08:54,483 INFO annotations: read 1 tracks from 1 files
2022-06-23 00:08:54,487 INFO workspaces: reading tracks from 1 files
2022-06-23 00:08:54,487 INFO workspaces: read 1 tracks from 1 files
2022-06-23 00:08:54,487 INFO collapsing workspaces
2022-06-23 00:08:54,487 INFO isochores: reading isochores from 1 files
2022-06-23 00:08:54,489 INFO intervals loaded in 0 seconds
2022-06-23 00:08:54,489 INFO adding isochores to workspace
2022-06-23 00:08:54,490 INFO collecting observed counts
2022-06-23 00:08:54,490 INFO starting sampling
2022-06-23 00:08:54,490 INFO sampling: merged: 1/1
2022-06-23 00:08:54,490 INFO performing unconditional sampling
2022-06-23 00:08:54,491 INFO workspace without conditioning: 1090 segments, 2678195140 nucleotides
2022-06-23 00:08:54,491 INFO workspace after conditioning: 1090 segments, 2678195140 nucleotides
2022-06-23 00:08:54,491 INFO sampling started
2022-06-23 00:08:54,497 INFO 0/1000 done ( 0.00)
2022-06-23 00:08:55,025 INFO 100/1000 done (10.00)
2022-06-23 00:08:55,525 INFO 200/1000 done (20.00)
2022-06-23 00:08:56,051 INFO 300/1000 done (30.00)
2022-06-23 00:08:56,563 INFO 400/1000 done (40.00)
2022-06-23 00:08:57,071 INFO 500/1000 done (50.00)
2022-06-23 00:08:57,588 INFO 600/1000 done (60.00)
2022-06-23 00:08:58,098 INFO 700/1000 done (70.00)
2022-06-23 00:08:58,618 INFO 800/1000 done (80.00)
2022-06-23 00:08:59,171 INFO 900/1000 done (90.00)
2022-06-23 00:08:59,707 INFO sampling completed
2022-06-23 00:08:59,708 INFO sampling finished
2022-06-23 00:08:59,708 INFO computing PValue statistics
2022-06-23 00:08:59,709 INFO computing FDR statistics
# job finished in 5 seconds at Thu Jun 23 00:08:59 2022 --  6.18  0.10  0.00  0.00 -- 994022ca-79fe-470c-a691-310a1dd016f6
