# output generated by /home/rgomez/anaconda3/bin/gat-run.py --segments=analysis/20220622_LocationPatterns/GATfiles/Segments/LFNAHR_All_comparable.bed --isochores=analysis/20220622_LocationPatterns/GATfiles/Isochores/isochores_NAHR_All_comparable.bed --annotations=analysis/20220622_LocationPatterns/GATfiles/Annotations/annotations_avgBherer.bed --output-counts-pattern=analysis/20220622_LocationPatterns/GATresults/NAHR_All_comparable/counts/LFNAHR_All_comparable_annotations_avgBherer%s.tsv.gz --workspace=analysis/20220622_LocationPatterns/GATfiles/Workspace/workspace_avgBherer.bed --num-samples=1000 --log=analysis/20220622_LocationPatterns/GATresults/NAHR_All_comparable/log/LFNAHR_All_comparable_annotations_avgBherer.log --stdout=analysis/20220622_LocationPatterns/GATresults/NAHR_All_comparable/tsv/LFNAHR_All_comparable_annotations_avgBherer.tsv
# job started at Thu Jun 23 12:57:27 2022 on rgomez-pc -- 861f9cd0-7353-4879-ad1e-be107d0c35b8
# pid: 27124, system: Linux 5.3.0-7648-generic #41~1586790036~18.04~600aeb5-Ubuntu SMP Mon Apr 13 17:47:15 UTC  x86_64
# annotation_files                        : ['analysis/20220622_LocationPatterns/GATfiles/Annotations/annotations_avgBherer.bed']
# annotations_label                       : None
# annotations_to_points                   : None
# bucket_size                             : 0
# cache                                   : None
# conditional                             : unconditional
# conditional_expansion                   : None
# conditional_extension                   : None
# counters                                : []
# enable_split_tracks                     : False
# ignore_segment_tracks                   : True
# input_filename_counts                   : None
# input_filename_descriptions             : None
# input_filename_results                  : None
# isochore_files                          : ['analysis/20220622_LocationPatterns/GATfiles/Isochores/isochores_NAHR_All_comparable.bed']
# loglevel                                : 1
# nbuckets                                : 100000
# null                                    : default
# num_samples                             : 1000
# num_threads                             : 0
# output_bed                              : []
# output_counts_pattern                   : analysis/20220622_LocationPatterns/GATresults/NAHR_All_comparable/counts/LFNAHR_All_comparable_annotations_avgBherer%s.tsv.gz
# output_filename_pattern                 : %s
# output_force                            : False
# output_order                            : fold
# output_plots_pattern                    : None
# output_samples_pattern                  : None
# output_stats                            : []
# output_tables_pattern                   : %s.tsv.gz
# overlapping_annotations                 : False
# pseudo_count                            : 1.0
# pvalue_method                           : empirical
# qvalue_lambda                           : None
# qvalue_method                           : BH
# qvalue_pi0_method                       : smoother
# random_seed                             : None
# restrict_workspace                      : False
# sample_files                            : []
# sampler                                 : annotator
# segment_files                           : ['analysis/20220622_LocationPatterns/GATfiles/Segments/LFNAHR_All_comparable.bed']
# shift_expansion                         : 2.0
# shift_extension                         : 0
# short_help                              : None
# stderr                                  : <_io.TextIOWrapper name='<stderr>' mode='w' encoding='utf-8'>
# stdin                                   : <_io.TextIOWrapper name='<stdin>' mode='r' encoding='utf-8'>
# stdlog                                  : <_io.TextIOWrapper name='analysis/20220622_LocationPatterns/GATresults/NAHR_All_comparable/log/LFNAHR_All_comparable_annotations_avgBherer.log' mode='a' encoding='UTF-8'>
# stdout                                  : <_io.TextIOWrapper name='analysis/20220622_LocationPatterns/GATresults/NAHR_All_comparable/tsv/LFNAHR_All_comparable_annotations_avgBherer.tsv' mode='w' encoding='UTF-8'>
# timeit_file                             : None
# timeit_header                           : None
# timeit_name                             : all
# truncate_segments_to_workspace          : False
# truncate_workspace_to_annotations       : False
# workspace_files                         : ['analysis/20220622_LocationPatterns/GATfiles/Workspace/workspace_avgBherer.bed']
2022-06-23 12:57:27,617 INFO segments: reading tracks from 1 files
2022-06-23 12:57:27,617 INFO segments: read 1 tracks from 1 files
2022-06-23 12:57:27,617 INFO annotations: reading tracks from 1 files
2022-06-23 12:57:27,910 INFO annotations: read 6 tracks from 1 files
2022-06-23 12:57:27,914 INFO workspaces: reading tracks from 1 files
2022-06-23 12:57:27,915 INFO workspaces: read 1 tracks from 1 files
2022-06-23 12:57:27,915 INFO collapsing workspaces
2022-06-23 12:57:27,915 INFO isochores: reading isochores from 1 files
2022-06-23 12:57:27,917 INFO intervals loaded in 0 seconds
2022-06-23 12:57:27,917 INFO adding isochores to workspace
2022-06-23 12:57:27,920 INFO collecting observed counts
2022-06-23 12:57:27,920 INFO starting sampling
2022-06-23 12:57:27,921 INFO sampling: merged: 1/1
2022-06-23 12:57:27,921 INFO performing unconditional sampling
2022-06-23 12:57:27,927 INFO workspace without conditioning: 1090 segments, 2678195140 nucleotides
2022-06-23 12:57:27,927 INFO workspace after conditioning: 1090 segments, 2678195140 nucleotides
2022-06-23 12:57:27,928 INFO sampling started
2022-06-23 12:57:27,930 INFO 0/1000 done ( 0.00)
2022-06-23 12:57:28,146 INFO 100/1000 done (10.00)
2022-06-23 12:57:28,367 INFO 200/1000 done (20.00)
2022-06-23 12:57:28,586 INFO 300/1000 done (30.00)
2022-06-23 12:57:28,805 INFO 400/1000 done (40.00)
2022-06-23 12:57:29,022 INFO 500/1000 done (50.00)
2022-06-23 12:57:29,237 INFO 600/1000 done (60.00)
2022-06-23 12:57:29,455 INFO 700/1000 done (70.00)
2022-06-23 12:57:29,672 INFO 800/1000 done (80.00)
2022-06-23 12:57:29,889 INFO 900/1000 done (90.00)
2022-06-23 12:57:30,102 INFO sampling completed
2022-06-23 12:57:30,103 INFO sampling finished
2022-06-23 12:57:30,103 INFO computing PValue statistics
2022-06-23 12:57:30,107 INFO writing counts to analysis/20220622_LocationPatterns/GATresults/NAHR_All_comparable/counts/LFNAHR_All_comparable_annotations_avgBherernucleotide-overlap.tsv.gz
2022-06-23 12:57:30,111 INFO computing FDR statistics
# job finished in 2 seconds at Thu Jun 23 12:57:30 2022 --  3.29  0.02  0.00  0.00 -- 861f9cd0-7353-4879-ad1e-be107d0c35b8
