# output generated by /home/rgomez/anaconda3/bin/gat-run.py --segments=analysis/20220622_LocationPatterns/GATfiles/Segments/NAHRinvs.bed --annotations=analysis/20220622_LocationPatterns/GATfiles/Annotations/genomicSuperDups_coords.bed --isochores=analysis/20220622_LocationPatterns/GATfiles/Isochores/isochores_calculated.bed --workspace=analysis/20220622_LocationPatterns/GATfiles/Workspace/workspace_avgBherer.bed --num-samples=100 --log=analysis/20220622_LocationPatterns/GATresults/Isochores_calculated/log/NAHRinvs_avgBherer.log --stdout=analysis/20220622_LocationPatterns/GATresults/Isochores_calculated/tsv/NAHRinvs_avgBherer.tsv
# job started at Wed Jun 22 08:04:38 2022 on rgomez-pc -- ea7b683a-4b03-4b33-b842-b6dd5bd86dd8
# pid: 26676, system: Linux 5.3.0-7648-generic #41~1586790036~18.04~600aeb5-Ubuntu SMP Mon Apr 13 17:47:15 UTC  x86_64
# annotation_files                        : ['analysis/20220622_LocationPatterns/GATfiles/Annotations/genomicSuperDups_coords.bed']
# annotations_label                       : None
# annotations_to_points                   : None
# bucket_size                             : 0
# cache                                   : None
# conditional                             : unconditional
# conditional_expansion                   : None
# conditional_extension                   : None
# counters                                : []
# enable_split_tracks                     : False
# ignore_segment_tracks                   : True
# input_filename_counts                   : None
# input_filename_descriptions             : None
# input_filename_results                  : None
# isochore_files                          : ['analysis/20220622_LocationPatterns/GATfiles/Isochores/isochores_calculated.bed']
# loglevel                                : 1
# nbuckets                                : 100000
# null                                    : default
# num_samples                             : 100
# num_threads                             : 0
# output_bed                              : []
# output_counts_pattern                   : None
# output_filename_pattern                 : %s
# output_force                            : False
# output_order                            : fold
# output_plots_pattern                    : None
# output_samples_pattern                  : None
# output_stats                            : []
# output_tables_pattern                   : %s.tsv.gz
# overlapping_annotations                 : False
# pseudo_count                            : 1.0
# pvalue_method                           : empirical
# qvalue_lambda                           : None
# qvalue_method                           : BH
# qvalue_pi0_method                       : smoother
# random_seed                             : None
# restrict_workspace                      : False
# sample_files                            : []
# sampler                                 : annotator
# segment_files                           : ['analysis/20220622_LocationPatterns/GATfiles/Segments/NAHRinvs.bed']
# shift_expansion                         : 2.0
# shift_extension                         : 0
# short_help                              : None
# stderr                                  : <_io.TextIOWrapper name='<stderr>' mode='w' encoding='utf-8'>
# stdin                                   : <_io.TextIOWrapper name='<stdin>' mode='r' encoding='utf-8'>
# stdlog                                  : <_io.TextIOWrapper name='analysis/20220622_LocationPatterns/GATresults/Isochores_calculated/log/NAHRinvs_avgBherer.log' mode='a' encoding='UTF-8'>
# stdout                                  : <_io.TextIOWrapper name='analysis/20220622_LocationPatterns/GATresults/Isochores_calculated/tsv/NAHRinvs_avgBherer.tsv' mode='w' encoding='UTF-8'>
# timeit_file                             : None
# timeit_header                           : None
# timeit_name                             : all
# truncate_segments_to_workspace          : False
# truncate_workspace_to_annotations       : False
# workspace_files                         : ['analysis/20220622_LocationPatterns/GATfiles/Workspace/workspace_avgBherer.bed']
2022-06-22 08:04:38,074 INFO segments: reading tracks from 1 files
2022-06-22 08:04:38,074 INFO segments: read 1 tracks from 1 files
2022-06-22 08:04:38,074 INFO annotations: reading tracks from 1 files
2022-06-22 08:04:38,200 INFO annotations: read 1 tracks from 1 files
2022-06-22 08:04:38,204 INFO workspaces: reading tracks from 1 files
2022-06-22 08:04:38,204 INFO workspaces: read 1 tracks from 1 files
2022-06-22 08:04:38,204 INFO collapsing workspaces
2022-06-22 08:04:38,204 INFO isochores: reading isochores from 1 files
2022-06-22 08:04:38,205 INFO intervals loaded in 0 seconds
2022-06-22 08:04:38,205 INFO adding isochores to workspace
2022-06-22 08:04:38,205 INFO collecting observed counts
2022-06-22 08:04:38,205 INFO starting sampling
2022-06-22 08:04:38,205 INFO sampling: merged: 1/1
2022-06-22 08:04:38,205 INFO performing unconditional sampling
2022-06-22 08:04:38,206 INFO workspace without conditioning: 71 segments, 2678195140 nucleotides
2022-06-22 08:04:38,206 INFO workspace after conditioning: 71 segments, 2678195140 nucleotides
2022-06-22 08:04:38,206 INFO sampling started
2022-06-22 08:04:38,210 INFO 0/100 done ( 0.00)
2022-06-22 08:04:38,661 INFO sampling completed
2022-06-22 08:04:38,661 INFO sampling finished
2022-06-22 08:04:38,661 INFO computing PValue statistics
2022-06-22 08:04:38,662 INFO computing FDR statistics
# job finished in 0 seconds at Wed Jun 22 08:04:38 2022 --  1.34  0.03  0.00  0.00 -- ea7b683a-4b03-4b33-b842-b6dd5bd86dd8
# output generated by /home/rgomez/anaconda3/bin/gat-run.py --segments=analysis/20220622_LocationPatterns/GATfiles/Segments/NAHRinvs.bed --annotations=analysis/20220622_LocationPatterns/GATfiles/Annotations/genomicSuperDups_coords.bed --isochores=analysis/20220622_LocationPatterns/GATfiles/Isochores/isochores_calculated.bed --workspace=analysis/20220622_LocationPatterns/GATfiles/Workspace/workspace_avgBherer.bed --num-samples=100 --log=analysis/20220622_LocationPatterns/GATresults/Isochores_calculated/log/NAHRinvs_avgBherer.log --stdout=analysis/20220622_LocationPatterns/GATresults/Isochores_calculated/tsv/NAHRinvs_avgBherer.tsv
# job started at Wed Jun 22 08:09:47 2022 on rgomez-pc -- a03b961a-2a20-4ced-bd2d-f5994f94aeb5
# pid: 27218, system: Linux 5.3.0-7648-generic #41~1586790036~18.04~600aeb5-Ubuntu SMP Mon Apr 13 17:47:15 UTC  x86_64
# annotation_files                        : ['analysis/20220622_LocationPatterns/GATfiles/Annotations/genomicSuperDups_coords.bed']
# annotations_label                       : None
# annotations_to_points                   : None
# bucket_size                             : 0
# cache                                   : None
# conditional                             : unconditional
# conditional_expansion                   : None
# conditional_extension                   : None
# counters                                : []
# enable_split_tracks                     : False
# ignore_segment_tracks                   : True
# input_filename_counts                   : None
# input_filename_descriptions             : None
# input_filename_results                  : None
# isochore_files                          : ['analysis/20220622_LocationPatterns/GATfiles/Isochores/isochores_calculated.bed']
# loglevel                                : 1
# nbuckets                                : 100000
# null                                    : default
# num_samples                             : 100
# num_threads                             : 0
# output_bed                              : []
# output_counts_pattern                   : None
# output_filename_pattern                 : %s
# output_force                            : False
# output_order                            : fold
# output_plots_pattern                    : None
# output_samples_pattern                  : None
# output_stats                            : []
# output_tables_pattern                   : %s.tsv.gz
# overlapping_annotations                 : False
# pseudo_count                            : 1.0
# pvalue_method                           : empirical
# qvalue_lambda                           : None
# qvalue_method                           : BH
# qvalue_pi0_method                       : smoother
# random_seed                             : None
# restrict_workspace                      : False
# sample_files                            : []
# sampler                                 : annotator
# segment_files                           : ['analysis/20220622_LocationPatterns/GATfiles/Segments/NAHRinvs.bed']
# shift_expansion                         : 2.0
# shift_extension                         : 0
# short_help                              : None
# stderr                                  : <_io.TextIOWrapper name='<stderr>' mode='w' encoding='utf-8'>
# stdin                                   : <_io.TextIOWrapper name='<stdin>' mode='r' encoding='utf-8'>
# stdlog                                  : <_io.TextIOWrapper name='analysis/20220622_LocationPatterns/GATresults/Isochores_calculated/log/NAHRinvs_avgBherer.log' mode='a' encoding='UTF-8'>
# stdout                                  : <_io.TextIOWrapper name='analysis/20220622_LocationPatterns/GATresults/Isochores_calculated/tsv/NAHRinvs_avgBherer.tsv' mode='w' encoding='UTF-8'>
# timeit_file                             : None
# timeit_header                           : None
# timeit_name                             : all
# truncate_segments_to_workspace          : False
# truncate_workspace_to_annotations       : False
# workspace_files                         : ['analysis/20220622_LocationPatterns/GATfiles/Workspace/workspace_avgBherer.bed']
2022-06-22 08:09:47,435 INFO segments: reading tracks from 1 files
2022-06-22 08:09:47,435 INFO segments: read 1 tracks from 1 files
2022-06-22 08:09:47,435 INFO annotations: reading tracks from 1 files
2022-06-22 08:09:47,567 INFO annotations: read 1 tracks from 1 files
2022-06-22 08:09:47,572 INFO workspaces: reading tracks from 1 files
2022-06-22 08:09:47,572 INFO workspaces: read 1 tracks from 1 files
2022-06-22 08:09:47,572 INFO collapsing workspaces
2022-06-22 08:09:47,572 INFO isochores: reading isochores from 1 files
2022-06-22 08:09:47,572 INFO intervals loaded in 0 seconds
2022-06-22 08:09:47,572 INFO adding isochores to workspace
2022-06-22 08:09:47,573 INFO collecting observed counts
2022-06-22 08:09:47,573 INFO starting sampling
2022-06-22 08:09:47,573 INFO sampling: merged: 1/1
2022-06-22 08:09:47,573 INFO performing unconditional sampling
2022-06-22 08:09:47,573 INFO workspace without conditioning: 90 segments, 2678195140 nucleotides
2022-06-22 08:09:47,573 INFO workspace after conditioning: 90 segments, 2678195140 nucleotides
2022-06-22 08:09:47,574 INFO sampling started
2022-06-22 08:09:47,578 INFO 0/100 done ( 0.00)
2022-06-22 08:09:47,963 INFO sampling completed
2022-06-22 08:09:47,964 INFO sampling finished
2022-06-22 08:09:47,964 INFO computing PValue statistics
2022-06-22 08:09:47,964 INFO computing FDR statistics
# job finished in 0 seconds at Wed Jun 22 08:09:47 2022 --  1.25  0.03  0.00  0.00 -- a03b961a-2a20-4ced-bd2d-f5994f94aeb5
# output generated by /home/rgomez/anaconda3/bin/gat-run.py --segments=analysis/20220622_LocationPatterns/GATfiles/Segments/NAHRinvs.bed --annotations=analysis/20220622_LocationPatterns/GATfiles/Annotations/genomicSuperDups_coords.bed --isochores=analysis/20220622_LocationPatterns/GATfiles/Isochores/isochores_calculated.bed --workspace=analysis/20220622_LocationPatterns/GATfiles/Workspace/workspace_avgBherer.bed --num-samples=100 --log=analysis/20220622_LocationPatterns/GATresults/Isochores_calculated/log/NAHRinvs_avgBherer.log --stdout=analysis/20220622_LocationPatterns/GATresults/Isochores_calculated/tsv/NAHRinvs_avgBherer.tsv
# job started at Wed Jun 22 08:11:39 2022 on rgomez-pc -- 4be970bc-0425-4458-86ce-e0a531069fef
# pid: 27445, system: Linux 5.3.0-7648-generic #41~1586790036~18.04~600aeb5-Ubuntu SMP Mon Apr 13 17:47:15 UTC  x86_64
# annotation_files                        : ['analysis/20220622_LocationPatterns/GATfiles/Annotations/genomicSuperDups_coords.bed']
# annotations_label                       : None
# annotations_to_points                   : None
# bucket_size                             : 0
# cache                                   : None
# conditional                             : unconditional
# conditional_expansion                   : None
# conditional_extension                   : None
# counters                                : []
# enable_split_tracks                     : False
# ignore_segment_tracks                   : True
# input_filename_counts                   : None
# input_filename_descriptions             : None
# input_filename_results                  : None
# isochore_files                          : ['analysis/20220622_LocationPatterns/GATfiles/Isochores/isochores_calculated.bed']
# loglevel                                : 1
# nbuckets                                : 100000
# null                                    : default
# num_samples                             : 100
# num_threads                             : 0
# output_bed                              : []
# output_counts_pattern                   : None
# output_filename_pattern                 : %s
# output_force                            : False
# output_order                            : fold
# output_plots_pattern                    : None
# output_samples_pattern                  : None
# output_stats                            : []
# output_tables_pattern                   : %s.tsv.gz
# overlapping_annotations                 : False
# pseudo_count                            : 1.0
# pvalue_method                           : empirical
# qvalue_lambda                           : None
# qvalue_method                           : BH
# qvalue_pi0_method                       : smoother
# random_seed                             : None
# restrict_workspace                      : False
# sample_files                            : []
# sampler                                 : annotator
# segment_files                           : ['analysis/20220622_LocationPatterns/GATfiles/Segments/NAHRinvs.bed']
# shift_expansion                         : 2.0
# shift_extension                         : 0
# short_help                              : None
# stderr                                  : <_io.TextIOWrapper name='<stderr>' mode='w' encoding='utf-8'>
# stdin                                   : <_io.TextIOWrapper name='<stdin>' mode='r' encoding='utf-8'>
# stdlog                                  : <_io.TextIOWrapper name='analysis/20220622_LocationPatterns/GATresults/Isochores_calculated/log/NAHRinvs_avgBherer.log' mode='a' encoding='UTF-8'>
# stdout                                  : <_io.TextIOWrapper name='analysis/20220622_LocationPatterns/GATresults/Isochores_calculated/tsv/NAHRinvs_avgBherer.tsv' mode='w' encoding='UTF-8'>
# timeit_file                             : None
# timeit_header                           : None
# timeit_name                             : all
# truncate_segments_to_workspace          : False
# truncate_workspace_to_annotations       : False
# workspace_files                         : ['analysis/20220622_LocationPatterns/GATfiles/Workspace/workspace_avgBherer.bed']
2022-06-22 08:11:39,677 INFO segments: reading tracks from 1 files
2022-06-22 08:11:39,678 INFO segments: read 1 tracks from 1 files
2022-06-22 08:11:39,678 INFO annotations: reading tracks from 1 files
2022-06-22 08:11:39,799 INFO annotations: read 1 tracks from 1 files
2022-06-22 08:11:39,803 INFO workspaces: reading tracks from 1 files
2022-06-22 08:11:39,803 INFO workspaces: read 1 tracks from 1 files
2022-06-22 08:11:39,803 INFO collapsing workspaces
2022-06-22 08:11:39,804 INFO isochores: reading isochores from 1 files
2022-06-22 08:11:39,804 INFO intervals loaded in 0 seconds
2022-06-22 08:11:39,804 INFO adding isochores to workspace
2022-06-22 08:11:39,804 INFO collecting observed counts
2022-06-22 08:11:39,804 INFO starting sampling
2022-06-22 08:11:39,804 INFO sampling: merged: 1/1
2022-06-22 08:11:39,804 INFO performing unconditional sampling
2022-06-22 08:11:39,805 INFO workspace without conditioning: 82 segments, 2678195140 nucleotides
2022-06-22 08:11:39,805 INFO workspace after conditioning: 82 segments, 2678195140 nucleotides
2022-06-22 08:11:39,805 INFO sampling started
2022-06-22 08:11:39,809 INFO 0/100 done ( 0.00)
2022-06-22 08:11:40,215 INFO sampling completed
2022-06-22 08:11:40,215 INFO sampling finished
2022-06-22 08:11:40,215 INFO computing PValue statistics
2022-06-22 08:11:40,216 INFO computing FDR statistics
# job finished in 0 seconds at Wed Jun 22 08:11:40 2022 --  1.31  0.03  0.00  0.00 -- 4be970bc-0425-4458-86ce-e0a531069fef
