# output generated by /home/rgomez/anaconda3/bin/gat-run.py --segments=analysis/20220622_LocationPatterns/GATfiles/Segments/NAHRno501invs.bed --annotations=analysis/20220622_LocationPatterns/GATfiles/Annotations/genomicSuperDups_coords.bed --isochores=analysis/20220622_LocationPatterns/GATfiles/Isochores/isochores_calculated.bed --workspace=analysis/20220622_LocationPatterns/GATfiles/Workspace/workspace_avgBherer.bed --num-samples=100 --log=analysis/20220622_LocationPatterns/GATresults/Isochores_calculated/log/NAHRno501invs_avgBherer.log --stdout=analysis/20220622_LocationPatterns/GATresults/Isochores_calculated/tsv/NAHRno501invs_avgBherer.tsv
# job started at Wed Jun 22 08:17:41 2022 on rgomez-pc -- 706c58ee-085b-440b-8178-41e0e2d65b25
# pid: 28016, system: Linux 5.3.0-7648-generic #41~1586790036~18.04~600aeb5-Ubuntu SMP Mon Apr 13 17:47:15 UTC  x86_64
# annotation_files                        : ['analysis/20220622_LocationPatterns/GATfiles/Annotations/genomicSuperDups_coords.bed']
# annotations_label                       : None
# annotations_to_points                   : None
# bucket_size                             : 0
# cache                                   : None
# conditional                             : unconditional
# conditional_expansion                   : None
# conditional_extension                   : None
# counters                                : []
# enable_split_tracks                     : False
# ignore_segment_tracks                   : True
# input_filename_counts                   : None
# input_filename_descriptions             : None
# input_filename_results                  : None
# isochore_files                          : ['analysis/20220622_LocationPatterns/GATfiles/Isochores/isochores_calculated.bed']
# loglevel                                : 1
# nbuckets                                : 100000
# null                                    : default
# num_samples                             : 100
# num_threads                             : 0
# output_bed                              : []
# output_counts_pattern                   : None
# output_filename_pattern                 : %s
# output_force                            : False
# output_order                            : fold
# output_plots_pattern                    : None
# output_samples_pattern                  : None
# output_stats                            : []
# output_tables_pattern                   : %s.tsv.gz
# overlapping_annotations                 : False
# pseudo_count                            : 1.0
# pvalue_method                           : empirical
# qvalue_lambda                           : None
# qvalue_method                           : BH
# qvalue_pi0_method                       : smoother
# random_seed                             : None
# restrict_workspace                      : False
# sample_files                            : []
# sampler                                 : annotator
# segment_files                           : ['analysis/20220622_LocationPatterns/GATfiles/Segments/NAHRno501invs.bed']
# shift_expansion                         : 2.0
# shift_extension                         : 0
# short_help                              : None
# stderr                                  : <_io.TextIOWrapper name='<stderr>' mode='w' encoding='utf-8'>
# stdin                                   : <_io.TextIOWrapper name='<stdin>' mode='r' encoding='utf-8'>
# stdlog                                  : <_io.TextIOWrapper name='analysis/20220622_LocationPatterns/GATresults/Isochores_calculated/log/NAHRno501invs_avgBherer.log' mode='a' encoding='UTF-8'>
# stdout                                  : <_io.TextIOWrapper name='analysis/20220622_LocationPatterns/GATresults/Isochores_calculated/tsv/NAHRno501invs_avgBherer.tsv' mode='w' encoding='UTF-8'>
# timeit_file                             : None
# timeit_header                           : None
# timeit_name                             : all
# truncate_segments_to_workspace          : False
# truncate_workspace_to_annotations       : False
# workspace_files                         : ['analysis/20220622_LocationPatterns/GATfiles/Workspace/workspace_avgBherer.bed']
2022-06-22 08:17:41,769 INFO segments: reading tracks from 1 files
2022-06-22 08:17:41,769 INFO segments: read 1 tracks from 1 files
2022-06-22 08:17:41,769 INFO annotations: reading tracks from 1 files
2022-06-22 08:17:41,892 INFO annotations: read 1 tracks from 1 files
2022-06-22 08:17:41,896 INFO workspaces: reading tracks from 1 files
2022-06-22 08:17:41,896 INFO workspaces: read 1 tracks from 1 files
2022-06-22 08:17:41,896 INFO collapsing workspaces
2022-06-22 08:17:41,896 INFO isochores: reading isochores from 1 files
2022-06-22 08:17:41,897 INFO intervals loaded in 0 seconds
2022-06-22 08:17:41,897 INFO adding isochores to workspace
2022-06-22 08:17:41,897 INFO collecting observed counts
2022-06-22 08:17:41,897 INFO starting sampling
2022-06-22 08:17:41,897 INFO sampling: merged: 1/1
2022-06-22 08:17:41,897 INFO performing unconditional sampling
2022-06-22 08:17:41,898 INFO workspace without conditioning: 90 segments, 2678195140 nucleotides
2022-06-22 08:17:41,898 INFO workspace after conditioning: 90 segments, 2678195140 nucleotides
2022-06-22 08:17:41,898 INFO sampling started
2022-06-22 08:17:41,902 INFO 0/100 done ( 0.00)
2022-06-22 08:17:42,245 INFO sampling completed
2022-06-22 08:17:42,245 INFO sampling finished
2022-06-22 08:17:42,245 INFO computing PValue statistics
2022-06-22 08:17:42,246 INFO computing FDR statistics
# job finished in 0 seconds at Wed Jun 22 08:17:42 2022 --  1.21  0.06  0.00  0.00 -- 706c58ee-085b-440b-8178-41e0e2d65b25
