# output generated by /home/rgomez/anaconda3/bin/gat-run.py --segments=analysis/20220621_LocationPatterns/GATfiles/Segments/LFNAHRinvs.bed --annotations=analysis/20220621_LocationPatterns/GATfiles/Annotations/genomicSuperDups_coords.bed --output-counts-pattern=analysis/20220621_LocationPatterns/GATresults/AllIsochores0.1/counts/LFNAHRinvs_CEUSpence_%s.tsv.gz --isochores=analysis/20220621_LocationPatterns/GATfiles/Isochores/genomicSuperDups_COzones_0.1/windows.txt --workspace=analysis/20220621_LocationPatterns/GATfiles/Workspace/workspace_CEUSpence.bed --num-samples=100 --log=analysis/20220621_LocationPatterns/GATresults/AllIsochores0.1/log/LFNAHRinvs_CEUSpence.log --stdout=analysis/20220621_LocationPatterns/GATresults/AllIsochores0.1/tsv/LFNAHRinvs_CEUSpence.tsv
# job started at Tue Jun 21 09:04:49 2022 on rgomez-pc -- 3bccf88f-1066-4306-a721-edb9fdfccb73
# pid: 13389, system: Linux 5.3.0-7648-generic #41~1586790036~18.04~600aeb5-Ubuntu SMP Mon Apr 13 17:47:15 UTC  x86_64
# annotation_files                        : ['analysis/20220621_LocationPatterns/GATfiles/Annotations/genomicSuperDups_coords.bed']
# annotations_label                       : None
# annotations_to_points                   : None
# bucket_size                             : 0
# cache                                   : None
# conditional                             : unconditional
# conditional_expansion                   : None
# conditional_extension                   : None
# counters                                : []
# enable_split_tracks                     : False
# ignore_segment_tracks                   : True
# input_filename_counts                   : None
# input_filename_descriptions             : None
# input_filename_results                  : None
# isochore_files                          : ['analysis/20220621_LocationPatterns/GATfiles/Isochores/genomicSuperDups_COzones_0.1/windows.txt']
# loglevel                                : 1
# nbuckets                                : 100000
# null                                    : default
# num_samples                             : 100
# num_threads                             : 0
# output_bed                              : []
# output_counts_pattern                   : analysis/20220621_LocationPatterns/GATresults/AllIsochores0.1/counts/LFNAHRinvs_CEUSpence_%s.tsv.gz
# output_filename_pattern                 : %s
# output_force                            : False
# output_order                            : fold
# output_plots_pattern                    : None
# output_samples_pattern                  : None
# output_stats                            : []
# output_tables_pattern                   : %s.tsv.gz
# overlapping_annotations                 : False
# pseudo_count                            : 1.0
# pvalue_method                           : empirical
# qvalue_lambda                           : None
# qvalue_method                           : BH
# qvalue_pi0_method                       : smoother
# random_seed                             : None
# restrict_workspace                      : False
# sample_files                            : []
# sampler                                 : annotator
# segment_files                           : ['analysis/20220621_LocationPatterns/GATfiles/Segments/LFNAHRinvs.bed']
# shift_expansion                         : 2.0
# shift_extension                         : 0
# short_help                              : None
# stderr                                  : <_io.TextIOWrapper name='<stderr>' mode='w' encoding='utf-8'>
# stdin                                   : <_io.TextIOWrapper name='<stdin>' mode='r' encoding='utf-8'>
# stdlog                                  : <_io.TextIOWrapper name='analysis/20220621_LocationPatterns/GATresults/AllIsochores0.1/log/LFNAHRinvs_CEUSpence.log' mode='a' encoding='UTF-8'>
# stdout                                  : <_io.TextIOWrapper name='analysis/20220621_LocationPatterns/GATresults/AllIsochores0.1/tsv/LFNAHRinvs_CEUSpence.tsv' mode='w' encoding='UTF-8'>
# timeit_file                             : None
# timeit_header                           : None
# timeit_name                             : all
# truncate_segments_to_workspace          : False
# truncate_workspace_to_annotations       : False
# workspace_files                         : ['analysis/20220621_LocationPatterns/GATfiles/Workspace/workspace_CEUSpence.bed']
2022-06-21 09:04:49,106 INFO segments: reading tracks from 1 files
2022-06-21 09:04:49,107 INFO segments: read 1 tracks from 1 files
2022-06-21 09:04:49,107 INFO annotations: reading tracks from 1 files
2022-06-21 09:04:49,231 INFO annotations: read 1 tracks from 1 files
2022-06-21 09:04:49,235 INFO workspaces: reading tracks from 1 files
2022-06-21 09:04:49,236 INFO workspaces: read 1 tracks from 1 files
2022-06-21 09:04:49,236 INFO collapsing workspaces
2022-06-21 09:04:49,236 INFO isochores: reading isochores from 1 files
2022-06-21 09:04:49,236 INFO intervals loaded in 0 seconds
2022-06-21 09:04:49,236 INFO adding isochores to workspace
2022-06-21 09:04:49,236 INFO collecting observed counts
2022-06-21 09:04:49,236 INFO starting sampling
2022-06-21 09:04:49,237 INFO sampling: merged: 1/1
2022-06-21 09:04:49,237 INFO performing unconditional sampling
2022-06-21 09:04:49,237 INFO workspace without conditioning: 90 segments, 2698883317 nucleotides
2022-06-21 09:04:49,237 INFO workspace after conditioning: 90 segments, 2698883317 nucleotides
2022-06-21 09:04:49,237 INFO sampling started
2022-06-21 09:04:49,240 INFO 0/100 done ( 0.00)
2022-06-21 09:04:49,451 INFO sampling completed
2022-06-21 09:04:49,451 INFO sampling finished
2022-06-21 09:04:49,451 INFO computing PValue statistics
2022-06-21 09:04:49,452 INFO writing counts to analysis/20220621_LocationPatterns/GATresults/AllIsochores0.1/counts/LFNAHRinvs_CEUSpence_nucleotide-overlap.tsv.gz
2022-06-21 09:04:49,452 INFO computing FDR statistics
# job finished in 0 seconds at Tue Jun 21 09:04:49 2022 --  1.09  0.05  0.00  0.00 -- 3bccf88f-1066-4306-a721-edb9fdfccb73
# output generated by /home/rgomez/anaconda3/bin/gat-run.py --segments=analysis/20220621_LocationPatterns/GATfiles/Segments/LFNAHRinvs.bed --annotations=analysis/20220621_LocationPatterns/GATfiles/Annotations/genomicSuperDups_coords_normal.bed --output-counts-pattern=analysis/20220621_LocationPatterns/GATresults/AllIsochores0.1/counts/LFNAHRinvs_CEUSpence_%s.tsv.gz --isochores=analysis/20220621_LocationPatterns/GATfiles/Isochores/genomicSuperDups_COzones_0.1/windows.txt --workspace=analysis/20220621_LocationPatterns/GATfiles/Workspace/workspace_CEUSpence.bed --num-samples=100 --log=analysis/20220621_LocationPatterns/GATresults/AllIsochores0.1/log/LFNAHRinvs_CEUSpence.log --stdout=analysis/20220621_LocationPatterns/GATresults/AllIsochores0.1/tsv/LFNAHRinvs_CEUSpence.tsv
# job started at Tue Jun 21 09:13:38 2022 on rgomez-pc -- 32b4b7b5-5b0b-4842-890f-603b32d4a567
# pid: 14565, system: Linux 5.3.0-7648-generic #41~1586790036~18.04~600aeb5-Ubuntu SMP Mon Apr 13 17:47:15 UTC  x86_64
# annotation_files                        : ['analysis/20220621_LocationPatterns/GATfiles/Annotations/genomicSuperDups_coords_normal.bed']
# annotations_label                       : None
# annotations_to_points                   : None
# bucket_size                             : 0
# cache                                   : None
# conditional                             : unconditional
# conditional_expansion                   : None
# conditional_extension                   : None
# counters                                : []
# enable_split_tracks                     : False
# ignore_segment_tracks                   : True
# input_filename_counts                   : None
# input_filename_descriptions             : None
# input_filename_results                  : None
# isochore_files                          : ['analysis/20220621_LocationPatterns/GATfiles/Isochores/genomicSuperDups_COzones_0.1/windows.txt']
# loglevel                                : 1
# nbuckets                                : 100000
# null                                    : default
# num_samples                             : 100
# num_threads                             : 0
# output_bed                              : []
# output_counts_pattern                   : analysis/20220621_LocationPatterns/GATresults/AllIsochores0.1/counts/LFNAHRinvs_CEUSpence_%s.tsv.gz
# output_filename_pattern                 : %s
# output_force                            : False
# output_order                            : fold
# output_plots_pattern                    : None
# output_samples_pattern                  : None
# output_stats                            : []
# output_tables_pattern                   : %s.tsv.gz
# overlapping_annotations                 : False
# pseudo_count                            : 1.0
# pvalue_method                           : empirical
# qvalue_lambda                           : None
# qvalue_method                           : BH
# qvalue_pi0_method                       : smoother
# random_seed                             : None
# restrict_workspace                      : False
# sample_files                            : []
# sampler                                 : annotator
# segment_files                           : ['analysis/20220621_LocationPatterns/GATfiles/Segments/LFNAHRinvs.bed']
# shift_expansion                         : 2.0
# shift_extension                         : 0
# short_help                              : None
# stderr                                  : <_io.TextIOWrapper name='<stderr>' mode='w' encoding='utf-8'>
# stdin                                   : <_io.TextIOWrapper name='<stdin>' mode='r' encoding='utf-8'>
# stdlog                                  : <_io.TextIOWrapper name='analysis/20220621_LocationPatterns/GATresults/AllIsochores0.1/log/LFNAHRinvs_CEUSpence.log' mode='a' encoding='UTF-8'>
# stdout                                  : <_io.TextIOWrapper name='analysis/20220621_LocationPatterns/GATresults/AllIsochores0.1/tsv/LFNAHRinvs_CEUSpence.tsv' mode='w' encoding='UTF-8'>
# timeit_file                             : None
# timeit_header                           : None
# timeit_name                             : all
# truncate_segments_to_workspace          : False
# truncate_workspace_to_annotations       : False
# workspace_files                         : ['analysis/20220621_LocationPatterns/GATfiles/Workspace/workspace_CEUSpence.bed']
2022-06-21 09:13:38,942 INFO segments: reading tracks from 1 files
2022-06-21 09:13:38,943 INFO segments: read 1 tracks from 1 files
2022-06-21 09:13:38,943 INFO annotations: reading tracks from 1 files
2022-06-21 09:13:38,943 INFO annotations: read 0 tracks from 1 files
2022-06-21 09:13:38,943 INFO workspaces: reading tracks from 1 files
2022-06-21 09:13:38,943 INFO workspaces: read 1 tracks from 1 files
2022-06-21 09:13:38,943 INFO collapsing workspaces
2022-06-21 09:13:38,943 INFO isochores: reading isochores from 1 files
2022-06-21 09:13:38,944 INFO intervals loaded in 0 seconds
2022-06-21 09:13:38,944 INFO adding isochores to workspace
# output generated by /home/rgomez/anaconda3/bin/gat-run.py --segments=analysis/20220621_LocationPatterns/GATfiles/Segments/LFNAHRinvs.bed --annotations=analysis/20220621_LocationPatterns/GATfiles/Annotations/genomicSuperDups_coords_normal.bed --output-counts-pattern=analysis/20220621_LocationPatterns/GATresults/AllIsochores0.1/counts/LFNAHRinvs_CEUSpence_%s.tsv.gz --isochores=analysis/20220621_LocationPatterns/GATfiles/Isochores/genomicSuperDups_COzones_0.1/windows.txt --workspace=analysis/20220621_LocationPatterns/GATfiles/Workspace/workspace_CEUSpence.bed --num-samples=100 --log=analysis/20220621_LocationPatterns/GATresults/AllIsochores0.1/log/LFNAHRinvs_CEUSpence.log --stdout=analysis/20220621_LocationPatterns/GATresults/AllIsochores0.1/tsv/LFNAHRinvs_CEUSpence.tsv
# job started at Tue Jun 21 09:15:17 2022 on rgomez-pc -- 96326ae9-f88c-43a8-82e8-a21bc1300745
# pid: 14904, system: Linux 5.3.0-7648-generic #41~1586790036~18.04~600aeb5-Ubuntu SMP Mon Apr 13 17:47:15 UTC  x86_64
# annotation_files                        : ['analysis/20220621_LocationPatterns/GATfiles/Annotations/genomicSuperDups_coords_normal.bed']
# annotations_label                       : None
# annotations_to_points                   : None
# bucket_size                             : 0
# cache                                   : None
# conditional                             : unconditional
# conditional_expansion                   : None
# conditional_extension                   : None
# counters                                : []
# enable_split_tracks                     : False
# ignore_segment_tracks                   : True
# input_filename_counts                   : None
# input_filename_descriptions             : None
# input_filename_results                  : None
# isochore_files                          : ['analysis/20220621_LocationPatterns/GATfiles/Isochores/genomicSuperDups_COzones_0.1/windows.txt']
# loglevel                                : 1
# nbuckets                                : 100000
# null                                    : default
# num_samples                             : 100
# num_threads                             : 0
# output_bed                              : []
# output_counts_pattern                   : analysis/20220621_LocationPatterns/GATresults/AllIsochores0.1/counts/LFNAHRinvs_CEUSpence_%s.tsv.gz
# output_filename_pattern                 : %s
# output_force                            : False
# output_order                            : fold
# output_plots_pattern                    : None
# output_samples_pattern                  : None
# output_stats                            : []
# output_tables_pattern                   : %s.tsv.gz
# overlapping_annotations                 : False
# pseudo_count                            : 1.0
# pvalue_method                           : empirical
# qvalue_lambda                           : None
# qvalue_method                           : BH
# qvalue_pi0_method                       : smoother
# random_seed                             : None
# restrict_workspace                      : False
# sample_files                            : []
# sampler                                 : annotator
# segment_files                           : ['analysis/20220621_LocationPatterns/GATfiles/Segments/LFNAHRinvs.bed']
# shift_expansion                         : 2.0
# shift_extension                         : 0
# short_help                              : None
# stderr                                  : <_io.TextIOWrapper name='<stderr>' mode='w' encoding='utf-8'>
# stdin                                   : <_io.TextIOWrapper name='<stdin>' mode='r' encoding='utf-8'>
# stdlog                                  : <_io.TextIOWrapper name='analysis/20220621_LocationPatterns/GATresults/AllIsochores0.1/log/LFNAHRinvs_CEUSpence.log' mode='a' encoding='UTF-8'>
# stdout                                  : <_io.TextIOWrapper name='analysis/20220621_LocationPatterns/GATresults/AllIsochores0.1/tsv/LFNAHRinvs_CEUSpence.tsv' mode='w' encoding='UTF-8'>
# timeit_file                             : None
# timeit_header                           : None
# timeit_name                             : all
# truncate_segments_to_workspace          : False
# truncate_workspace_to_annotations       : False
# workspace_files                         : ['analysis/20220621_LocationPatterns/GATfiles/Workspace/workspace_CEUSpence.bed']
2022-06-21 09:15:17,739 INFO segments: reading tracks from 1 files
2022-06-21 09:15:17,740 INFO segments: read 1 tracks from 1 files
2022-06-21 09:15:17,740 INFO annotations: reading tracks from 1 files
# output generated by /home/rgomez/anaconda3/bin/gat-run.py --segments=analysis/20220621_LocationPatterns/GATfiles/Segments/LFNAHRinvs.bed --annotations=analysis/20220621_LocationPatterns/GATfiles/Annotations/genomicSuperDups_coords_normal.bed --output-counts-pattern=analysis/20220621_LocationPatterns/GATresults/AllIsochores0.1/counts/LFNAHRinvs_CEUSpence_%s.tsv.gz --isochores=analysis/20220621_LocationPatterns/GATfiles/Isochores/genomicSuperDups_COzones_0.1/windows.txt --workspace=analysis/20220621_LocationPatterns/GATfiles/Workspace/workspace_CEUSpence.bed --num-samples=100 --log=analysis/20220621_LocationPatterns/GATresults/AllIsochores0.1/log/LFNAHRinvs_CEUSpence.log --stdout=analysis/20220621_LocationPatterns/GATresults/AllIsochores0.1/tsv/LFNAHRinvs_CEUSpence.tsv
# job started at Tue Jun 21 09:17:51 2022 on rgomez-pc -- df1510a8-3e54-4fef-8431-4acf0cd110d4
# pid: 15166, system: Linux 5.3.0-7648-generic #41~1586790036~18.04~600aeb5-Ubuntu SMP Mon Apr 13 17:47:15 UTC  x86_64
# annotation_files                        : ['analysis/20220621_LocationPatterns/GATfiles/Annotations/genomicSuperDups_coords_normal.bed']
# annotations_label                       : None
# annotations_to_points                   : None
# bucket_size                             : 0
# cache                                   : None
# conditional                             : unconditional
# conditional_expansion                   : None
# conditional_extension                   : None
# counters                                : []
# enable_split_tracks                     : False
# ignore_segment_tracks                   : True
# input_filename_counts                   : None
# input_filename_descriptions             : None
# input_filename_results                  : None
# isochore_files                          : ['analysis/20220621_LocationPatterns/GATfiles/Isochores/genomicSuperDups_COzones_0.1/windows.txt']
# loglevel                                : 1
# nbuckets                                : 100000
# null                                    : default
# num_samples                             : 100
# num_threads                             : 0
# output_bed                              : []
# output_counts_pattern                   : analysis/20220621_LocationPatterns/GATresults/AllIsochores0.1/counts/LFNAHRinvs_CEUSpence_%s.tsv.gz
# output_filename_pattern                 : %s
# output_force                            : False
# output_order                            : fold
# output_plots_pattern                    : None
# output_samples_pattern                  : None
# output_stats                            : []
# output_tables_pattern                   : %s.tsv.gz
# overlapping_annotations                 : False
# pseudo_count                            : 1.0
# pvalue_method                           : empirical
# qvalue_lambda                           : None
# qvalue_method                           : BH
# qvalue_pi0_method                       : smoother
# random_seed                             : None
# restrict_workspace                      : False
# sample_files                            : []
# sampler                                 : annotator
# segment_files                           : ['analysis/20220621_LocationPatterns/GATfiles/Segments/LFNAHRinvs.bed']
# shift_expansion                         : 2.0
# shift_extension                         : 0
# short_help                              : None
# stderr                                  : <_io.TextIOWrapper name='<stderr>' mode='w' encoding='utf-8'>
# stdin                                   : <_io.TextIOWrapper name='<stdin>' mode='r' encoding='utf-8'>
# stdlog                                  : <_io.TextIOWrapper name='analysis/20220621_LocationPatterns/GATresults/AllIsochores0.1/log/LFNAHRinvs_CEUSpence.log' mode='a' encoding='UTF-8'>
# stdout                                  : <_io.TextIOWrapper name='analysis/20220621_LocationPatterns/GATresults/AllIsochores0.1/tsv/LFNAHRinvs_CEUSpence.tsv' mode='w' encoding='UTF-8'>
# timeit_file                             : None
# timeit_header                           : None
# timeit_name                             : all
# truncate_segments_to_workspace          : False
# truncate_workspace_to_annotations       : False
# workspace_files                         : ['analysis/20220621_LocationPatterns/GATfiles/Workspace/workspace_CEUSpence.bed']
2022-06-21 09:17:51,102 INFO segments: reading tracks from 1 files
2022-06-21 09:17:51,102 INFO segments: read 1 tracks from 1 files
2022-06-21 09:17:51,102 INFO annotations: reading tracks from 1 files
2022-06-21 09:17:51,223 INFO annotations: read 1 tracks from 1 files
2022-06-21 09:17:51,227 INFO workspaces: reading tracks from 1 files
2022-06-21 09:17:51,228 INFO workspaces: read 1 tracks from 1 files
2022-06-21 09:17:51,228 INFO collapsing workspaces
2022-06-21 09:17:51,228 INFO isochores: reading isochores from 1 files
2022-06-21 09:17:51,228 INFO intervals loaded in 0 seconds
2022-06-21 09:17:51,228 INFO adding isochores to workspace
2022-06-21 09:17:51,228 INFO collecting observed counts
2022-06-21 09:17:51,229 INFO starting sampling
2022-06-21 09:17:51,229 INFO sampling: merged: 1/1
2022-06-21 09:17:51,229 INFO performing unconditional sampling
2022-06-21 09:17:51,229 INFO workspace without conditioning: 90 segments, 2698883317 nucleotides
2022-06-21 09:17:51,229 INFO workspace after conditioning: 90 segments, 2698883317 nucleotides
2022-06-21 09:17:51,229 INFO sampling started
2022-06-21 09:17:51,232 INFO 0/100 done ( 0.00)
2022-06-21 09:17:51,453 INFO sampling completed
2022-06-21 09:17:51,453 INFO sampling finished
2022-06-21 09:17:51,453 INFO computing PValue statistics
2022-06-21 09:17:51,453 INFO writing counts to analysis/20220621_LocationPatterns/GATresults/AllIsochores0.1/counts/LFNAHRinvs_CEUSpence_nucleotide-overlap.tsv.gz
2022-06-21 09:17:51,454 INFO computing FDR statistics
# job finished in 0 seconds at Tue Jun 21 09:17:51 2022 --  1.10  0.03  0.00  0.00 -- df1510a8-3e54-4fef-8431-4acf0cd110d4
