# output generated by /home/rgomez/anaconda3/bin/gat-run.py --segments=analysis/20220621_LocationPatterns/GATfiles/Segments/LFNHinvs.bed --annotations=analysis/20220621_LocationPatterns/GATfiles/Annotations/genomicSuperDups_coords.bed --output-counts-pattern=analysis/20220621_LocationPatterns/GATresults/AllIsochores0.1/counts/LFNHinvs_femBherer_%s.tsv.gz --isochores=analysis/20220621_LocationPatterns/GATfiles/Isochores/genomicSuperDups_COzones_0.1/windows.txt --workspace=analysis/20220621_LocationPatterns/GATfiles/Workspace/workspace_femBherer.bed --num-samples=100 --log=analysis/20220621_LocationPatterns/GATresults/AllIsochores0.1/log/LFNHinvs_femBherer.log --stdout=analysis/20220621_LocationPatterns/GATresults/AllIsochores0.1/tsv/LFNHinvs_femBherer.tsv
# job started at Tue Jun 21 09:04:55 2022 on rgomez-pc -- 100df956-4b3d-43a2-b3cf-42d5ff2c0997
# pid: 13409, system: Linux 5.3.0-7648-generic #41~1586790036~18.04~600aeb5-Ubuntu SMP Mon Apr 13 17:47:15 UTC  x86_64
# annotation_files                        : ['analysis/20220621_LocationPatterns/GATfiles/Annotations/genomicSuperDups_coords.bed']
# annotations_label                       : None
# annotations_to_points                   : None
# bucket_size                             : 0
# cache                                   : None
# conditional                             : unconditional
# conditional_expansion                   : None
# conditional_extension                   : None
# counters                                : []
# enable_split_tracks                     : False
# ignore_segment_tracks                   : True
# input_filename_counts                   : None
# input_filename_descriptions             : None
# input_filename_results                  : None
# isochore_files                          : ['analysis/20220621_LocationPatterns/GATfiles/Isochores/genomicSuperDups_COzones_0.1/windows.txt']
# loglevel                                : 1
# nbuckets                                : 100000
# null                                    : default
# num_samples                             : 100
# num_threads                             : 0
# output_bed                              : []
# output_counts_pattern                   : analysis/20220621_LocationPatterns/GATresults/AllIsochores0.1/counts/LFNHinvs_femBherer_%s.tsv.gz
# output_filename_pattern                 : %s
# output_force                            : False
# output_order                            : fold
# output_plots_pattern                    : None
# output_samples_pattern                  : None
# output_stats                            : []
# output_tables_pattern                   : %s.tsv.gz
# overlapping_annotations                 : False
# pseudo_count                            : 1.0
# pvalue_method                           : empirical
# qvalue_lambda                           : None
# qvalue_method                           : BH
# qvalue_pi0_method                       : smoother
# random_seed                             : None
# restrict_workspace                      : False
# sample_files                            : []
# sampler                                 : annotator
# segment_files                           : ['analysis/20220621_LocationPatterns/GATfiles/Segments/LFNHinvs.bed']
# shift_expansion                         : 2.0
# shift_extension                         : 0
# short_help                              : None
# stderr                                  : <_io.TextIOWrapper name='<stderr>' mode='w' encoding='utf-8'>
# stdin                                   : <_io.TextIOWrapper name='<stdin>' mode='r' encoding='utf-8'>
# stdlog                                  : <_io.TextIOWrapper name='analysis/20220621_LocationPatterns/GATresults/AllIsochores0.1/log/LFNHinvs_femBherer.log' mode='a' encoding='UTF-8'>
# stdout                                  : <_io.TextIOWrapper name='analysis/20220621_LocationPatterns/GATresults/AllIsochores0.1/tsv/LFNHinvs_femBherer.tsv' mode='w' encoding='UTF-8'>
# timeit_file                             : None
# timeit_header                           : None
# timeit_name                             : all
# truncate_segments_to_workspace          : False
# truncate_workspace_to_annotations       : False
# workspace_files                         : ['analysis/20220621_LocationPatterns/GATfiles/Workspace/workspace_femBherer.bed']
2022-06-21 09:04:55,560 INFO segments: reading tracks from 1 files
2022-06-21 09:04:55,561 INFO segments: read 1 tracks from 1 files
2022-06-21 09:04:55,561 INFO annotations: reading tracks from 1 files
2022-06-21 09:04:55,685 INFO annotations: read 1 tracks from 1 files
2022-06-21 09:04:55,689 INFO workspaces: reading tracks from 1 files
2022-06-21 09:04:55,689 INFO workspaces: read 1 tracks from 1 files
2022-06-21 09:04:55,690 INFO collapsing workspaces
2022-06-21 09:04:55,690 INFO isochores: reading isochores from 1 files
2022-06-21 09:04:55,690 INFO intervals loaded in 0 seconds
2022-06-21 09:04:55,690 INFO adding isochores to workspace
2022-06-21 09:04:55,690 INFO collecting observed counts
2022-06-21 09:04:55,690 INFO starting sampling
2022-06-21 09:04:55,690 INFO sampling: merged: 1/1
2022-06-21 09:04:55,691 INFO performing unconditional sampling
2022-06-21 09:04:55,691 INFO workspace without conditioning: 92 segments, 2826410475 nucleotides
2022-06-21 09:04:55,691 INFO workspace after conditioning: 92 segments, 2826410475 nucleotides
2022-06-21 09:04:55,691 INFO sampling started
2022-06-21 09:04:55,695 INFO 0/100 done ( 0.00)
2022-06-21 09:04:55,978 INFO sampling completed
2022-06-21 09:04:55,979 INFO sampling finished
2022-06-21 09:04:55,979 INFO computing PValue statistics
2022-06-21 09:04:55,979 INFO writing counts to analysis/20220621_LocationPatterns/GATresults/AllIsochores0.1/counts/LFNHinvs_femBherer_nucleotide-overlap.tsv.gz
2022-06-21 09:04:55,980 INFO computing FDR statistics
# job finished in 0 seconds at Tue Jun 21 09:04:55 2022 --  1.18  0.05  0.00  0.00 -- 100df956-4b3d-43a2-b3cf-42d5ff2c0997
# output generated by /home/rgomez/anaconda3/bin/gat-run.py --segments=analysis/20220621_LocationPatterns/GATfiles/Segments/LFNHinvs.bed --annotations=analysis/20220621_LocationPatterns/GATfiles/Annotations/genomicSuperDups_coords_normal.bed --output-counts-pattern=analysis/20220621_LocationPatterns/GATresults/AllIsochores0.1/counts/LFNHinvs_femBherer_%s.tsv.gz --isochores=analysis/20220621_LocationPatterns/GATfiles/Isochores/genomicSuperDups_COzones_0.1/windows.txt --workspace=analysis/20220621_LocationPatterns/GATfiles/Workspace/workspace_femBherer.bed --num-samples=100 --log=analysis/20220621_LocationPatterns/GATresults/AllIsochores0.1/log/LFNHinvs_femBherer.log --stdout=analysis/20220621_LocationPatterns/GATresults/AllIsochores0.1/tsv/LFNHinvs_femBherer.tsv
# job started at Tue Jun 21 09:13:43 2022 on rgomez-pc -- fba96f62-71a0-44bc-b227-e5da16f8045d
# pid: 14584, system: Linux 5.3.0-7648-generic #41~1586790036~18.04~600aeb5-Ubuntu SMP Mon Apr 13 17:47:15 UTC  x86_64
# annotation_files                        : ['analysis/20220621_LocationPatterns/GATfiles/Annotations/genomicSuperDups_coords_normal.bed']
# annotations_label                       : None
# annotations_to_points                   : None
# bucket_size                             : 0
# cache                                   : None
# conditional                             : unconditional
# conditional_expansion                   : None
# conditional_extension                   : None
# counters                                : []
# enable_split_tracks                     : False
# ignore_segment_tracks                   : True
# input_filename_counts                   : None
# input_filename_descriptions             : None
# input_filename_results                  : None
# isochore_files                          : ['analysis/20220621_LocationPatterns/GATfiles/Isochores/genomicSuperDups_COzones_0.1/windows.txt']
# loglevel                                : 1
# nbuckets                                : 100000
# null                                    : default
# num_samples                             : 100
# num_threads                             : 0
# output_bed                              : []
# output_counts_pattern                   : analysis/20220621_LocationPatterns/GATresults/AllIsochores0.1/counts/LFNHinvs_femBherer_%s.tsv.gz
# output_filename_pattern                 : %s
# output_force                            : False
# output_order                            : fold
# output_plots_pattern                    : None
# output_samples_pattern                  : None
# output_stats                            : []
# output_tables_pattern                   : %s.tsv.gz
# overlapping_annotations                 : False
# pseudo_count                            : 1.0
# pvalue_method                           : empirical
# qvalue_lambda                           : None
# qvalue_method                           : BH
# qvalue_pi0_method                       : smoother
# random_seed                             : None
# restrict_workspace                      : False
# sample_files                            : []
# sampler                                 : annotator
# segment_files                           : ['analysis/20220621_LocationPatterns/GATfiles/Segments/LFNHinvs.bed']
# shift_expansion                         : 2.0
# shift_extension                         : 0
# short_help                              : None
# stderr                                  : <_io.TextIOWrapper name='<stderr>' mode='w' encoding='utf-8'>
# stdin                                   : <_io.TextIOWrapper name='<stdin>' mode='r' encoding='utf-8'>
# stdlog                                  : <_io.TextIOWrapper name='analysis/20220621_LocationPatterns/GATresults/AllIsochores0.1/log/LFNHinvs_femBherer.log' mode='a' encoding='UTF-8'>
# stdout                                  : <_io.TextIOWrapper name='analysis/20220621_LocationPatterns/GATresults/AllIsochores0.1/tsv/LFNHinvs_femBherer.tsv' mode='w' encoding='UTF-8'>
# timeit_file                             : None
# timeit_header                           : None
# timeit_name                             : all
# truncate_segments_to_workspace          : False
# truncate_workspace_to_annotations       : False
# workspace_files                         : ['analysis/20220621_LocationPatterns/GATfiles/Workspace/workspace_femBherer.bed']
2022-06-21 09:13:43,435 INFO segments: reading tracks from 1 files
2022-06-21 09:13:43,436 INFO segments: read 1 tracks from 1 files
2022-06-21 09:13:43,436 INFO annotations: reading tracks from 1 files
2022-06-21 09:13:43,436 INFO annotations: read 0 tracks from 1 files
2022-06-21 09:13:43,436 INFO workspaces: reading tracks from 1 files
2022-06-21 09:13:43,436 INFO workspaces: read 1 tracks from 1 files
2022-06-21 09:13:43,436 INFO collapsing workspaces
2022-06-21 09:13:43,436 INFO isochores: reading isochores from 1 files
2022-06-21 09:13:43,437 INFO intervals loaded in 0 seconds
2022-06-21 09:13:43,437 INFO adding isochores to workspace
# output generated by /home/rgomez/anaconda3/bin/gat-run.py --segments=analysis/20220621_LocationPatterns/GATfiles/Segments/LFNHinvs.bed --annotations=analysis/20220621_LocationPatterns/GATfiles/Annotations/genomicSuperDups_coords_normal.bed --output-counts-pattern=analysis/20220621_LocationPatterns/GATresults/AllIsochores0.1/counts/LFNHinvs_femBherer_%s.tsv.gz --isochores=analysis/20220621_LocationPatterns/GATfiles/Isochores/genomicSuperDups_COzones_0.1/windows.txt --workspace=analysis/20220621_LocationPatterns/GATfiles/Workspace/workspace_femBherer.bed --num-samples=100 --log=analysis/20220621_LocationPatterns/GATresults/AllIsochores0.1/log/LFNHinvs_femBherer.log --stdout=analysis/20220621_LocationPatterns/GATresults/AllIsochores0.1/tsv/LFNHinvs_femBherer.tsv
# job started at Tue Jun 21 09:15:22 2022 on rgomez-pc -- 7acf78c9-d197-401f-950d-f9a8e6219929
# pid: 14948, system: Linux 5.3.0-7648-generic #41~1586790036~18.04~600aeb5-Ubuntu SMP Mon Apr 13 17:47:15 UTC  x86_64
# annotation_files                        : ['analysis/20220621_LocationPatterns/GATfiles/Annotations/genomicSuperDups_coords_normal.bed']
# annotations_label                       : None
# annotations_to_points                   : None
# bucket_size                             : 0
# cache                                   : None
# conditional                             : unconditional
# conditional_expansion                   : None
# conditional_extension                   : None
# counters                                : []
# enable_split_tracks                     : False
# ignore_segment_tracks                   : True
# input_filename_counts                   : None
# input_filename_descriptions             : None
# input_filename_results                  : None
# isochore_files                          : ['analysis/20220621_LocationPatterns/GATfiles/Isochores/genomicSuperDups_COzones_0.1/windows.txt']
# loglevel                                : 1
# nbuckets                                : 100000
# null                                    : default
# num_samples                             : 100
# num_threads                             : 0
# output_bed                              : []
# output_counts_pattern                   : analysis/20220621_LocationPatterns/GATresults/AllIsochores0.1/counts/LFNHinvs_femBherer_%s.tsv.gz
# output_filename_pattern                 : %s
# output_force                            : False
# output_order                            : fold
# output_plots_pattern                    : None
# output_samples_pattern                  : None
# output_stats                            : []
# output_tables_pattern                   : %s.tsv.gz
# overlapping_annotations                 : False
# pseudo_count                            : 1.0
# pvalue_method                           : empirical
# qvalue_lambda                           : None
# qvalue_method                           : BH
# qvalue_pi0_method                       : smoother
# random_seed                             : None
# restrict_workspace                      : False
# sample_files                            : []
# sampler                                 : annotator
# segment_files                           : ['analysis/20220621_LocationPatterns/GATfiles/Segments/LFNHinvs.bed']
# shift_expansion                         : 2.0
# shift_extension                         : 0
# short_help                              : None
# stderr                                  : <_io.TextIOWrapper name='<stderr>' mode='w' encoding='utf-8'>
# stdin                                   : <_io.TextIOWrapper name='<stdin>' mode='r' encoding='utf-8'>
# stdlog                                  : <_io.TextIOWrapper name='analysis/20220621_LocationPatterns/GATresults/AllIsochores0.1/log/LFNHinvs_femBherer.log' mode='a' encoding='UTF-8'>
# stdout                                  : <_io.TextIOWrapper name='analysis/20220621_LocationPatterns/GATresults/AllIsochores0.1/tsv/LFNHinvs_femBherer.tsv' mode='w' encoding='UTF-8'>
# timeit_file                             : None
# timeit_header                           : None
# timeit_name                             : all
# truncate_segments_to_workspace          : False
# truncate_workspace_to_annotations       : False
# workspace_files                         : ['analysis/20220621_LocationPatterns/GATfiles/Workspace/workspace_femBherer.bed']
2022-06-21 09:15:22,936 INFO segments: reading tracks from 1 files
2022-06-21 09:15:22,936 INFO segments: read 1 tracks from 1 files
2022-06-21 09:15:22,936 INFO annotations: reading tracks from 1 files
# output generated by /home/rgomez/anaconda3/bin/gat-run.py --segments=analysis/20220621_LocationPatterns/GATfiles/Segments/LFNHinvs.bed --annotations=analysis/20220621_LocationPatterns/GATfiles/Annotations/genomicSuperDups_coords_normal.bed --output-counts-pattern=analysis/20220621_LocationPatterns/GATresults/AllIsochores0.1/counts/LFNHinvs_femBherer_%s.tsv.gz --isochores=analysis/20220621_LocationPatterns/GATfiles/Isochores/genomicSuperDups_COzones_0.1/windows.txt --workspace=analysis/20220621_LocationPatterns/GATfiles/Workspace/workspace_femBherer.bed --num-samples=100 --log=analysis/20220621_LocationPatterns/GATresults/AllIsochores0.1/log/LFNHinvs_femBherer.log --stdout=analysis/20220621_LocationPatterns/GATresults/AllIsochores0.1/tsv/LFNHinvs_femBherer.tsv
# job started at Tue Jun 21 09:17:57 2022 on rgomez-pc -- aaab0c3a-c2c4-47a0-86a4-89b803a8edf4
# pid: 15186, system: Linux 5.3.0-7648-generic #41~1586790036~18.04~600aeb5-Ubuntu SMP Mon Apr 13 17:47:15 UTC  x86_64
# annotation_files                        : ['analysis/20220621_LocationPatterns/GATfiles/Annotations/genomicSuperDups_coords_normal.bed']
# annotations_label                       : None
# annotations_to_points                   : None
# bucket_size                             : 0
# cache                                   : None
# conditional                             : unconditional
# conditional_expansion                   : None
# conditional_extension                   : None
# counters                                : []
# enable_split_tracks                     : False
# ignore_segment_tracks                   : True
# input_filename_counts                   : None
# input_filename_descriptions             : None
# input_filename_results                  : None
# isochore_files                          : ['analysis/20220621_LocationPatterns/GATfiles/Isochores/genomicSuperDups_COzones_0.1/windows.txt']
# loglevel                                : 1
# nbuckets                                : 100000
# null                                    : default
# num_samples                             : 100
# num_threads                             : 0
# output_bed                              : []
# output_counts_pattern                   : analysis/20220621_LocationPatterns/GATresults/AllIsochores0.1/counts/LFNHinvs_femBherer_%s.tsv.gz
# output_filename_pattern                 : %s
# output_force                            : False
# output_order                            : fold
# output_plots_pattern                    : None
# output_samples_pattern                  : None
# output_stats                            : []
# output_tables_pattern                   : %s.tsv.gz
# overlapping_annotations                 : False
# pseudo_count                            : 1.0
# pvalue_method                           : empirical
# qvalue_lambda                           : None
# qvalue_method                           : BH
# qvalue_pi0_method                       : smoother
# random_seed                             : None
# restrict_workspace                      : False
# sample_files                            : []
# sampler                                 : annotator
# segment_files                           : ['analysis/20220621_LocationPatterns/GATfiles/Segments/LFNHinvs.bed']
# shift_expansion                         : 2.0
# shift_extension                         : 0
# short_help                              : None
# stderr                                  : <_io.TextIOWrapper name='<stderr>' mode='w' encoding='utf-8'>
# stdin                                   : <_io.TextIOWrapper name='<stdin>' mode='r' encoding='utf-8'>
# stdlog                                  : <_io.TextIOWrapper name='analysis/20220621_LocationPatterns/GATresults/AllIsochores0.1/log/LFNHinvs_femBherer.log' mode='a' encoding='UTF-8'>
# stdout                                  : <_io.TextIOWrapper name='analysis/20220621_LocationPatterns/GATresults/AllIsochores0.1/tsv/LFNHinvs_femBherer.tsv' mode='w' encoding='UTF-8'>
# timeit_file                             : None
# timeit_header                           : None
# timeit_name                             : all
# truncate_segments_to_workspace          : False
# truncate_workspace_to_annotations       : False
# workspace_files                         : ['analysis/20220621_LocationPatterns/GATfiles/Workspace/workspace_femBherer.bed']
2022-06-21 09:17:57,632 INFO segments: reading tracks from 1 files
2022-06-21 09:17:57,633 INFO segments: read 1 tracks from 1 files
2022-06-21 09:17:57,633 INFO annotations: reading tracks from 1 files
2022-06-21 09:17:57,759 INFO annotations: read 1 tracks from 1 files
2022-06-21 09:17:57,763 INFO workspaces: reading tracks from 1 files
2022-06-21 09:17:57,763 INFO workspaces: read 1 tracks from 1 files
2022-06-21 09:17:57,764 INFO collapsing workspaces
2022-06-21 09:17:57,764 INFO isochores: reading isochores from 1 files
2022-06-21 09:17:57,764 INFO intervals loaded in 0 seconds
2022-06-21 09:17:57,764 INFO adding isochores to workspace
2022-06-21 09:17:57,764 INFO collecting observed counts
2022-06-21 09:17:57,764 INFO starting sampling
2022-06-21 09:17:57,765 INFO sampling: merged: 1/1
2022-06-21 09:17:57,765 INFO performing unconditional sampling
2022-06-21 09:17:57,765 INFO workspace without conditioning: 92 segments, 2826410475 nucleotides
2022-06-21 09:17:57,765 INFO workspace after conditioning: 92 segments, 2826410475 nucleotides
2022-06-21 09:17:57,765 INFO sampling started
2022-06-21 09:17:57,769 INFO 0/100 done ( 0.00)
2022-06-21 09:17:58,059 INFO sampling completed
2022-06-21 09:17:58,059 INFO sampling finished
2022-06-21 09:17:58,059 INFO computing PValue statistics
2022-06-21 09:17:58,060 INFO writing counts to analysis/20220621_LocationPatterns/GATresults/AllIsochores0.1/counts/LFNHinvs_femBherer_nucleotide-overlap.tsv.gz
2022-06-21 09:17:58,060 INFO computing FDR statistics
# job finished in 0 seconds at Tue Jun 21 09:17:58 2022 --  1.18  0.03  0.00  0.00 -- aaab0c3a-c2c4-47a0-86a4-89b803a8edf4
