# output generated by /home/rgomez/anaconda3/bin/gat-run.py --segments=analysis/20220622_LocationPatterns/GATfiles/Segments/HFNAHR_Big.bed --isochores=analysis/20220622_LocationPatterns/GATfiles/Isochores/isochores_NAHR_Big.bed --annotations=analysis/20220622_LocationPatterns/GATfiles/Annotations/annotations_avgBherer.bed --workspace=analysis/20220622_LocationPatterns/GATfiles/Workspace/workspace_avgBherer.bed --num-samples=1000 --log=analysis/20220622_LocationPatterns/GATresults/NAHR_Big/log/HFNAHR_Big_annotations_avgBherer.log --stdout=analysis/20220622_LocationPatterns/GATresults/NAHR_Big/tsv/HFNAHR_Big_annotations_avgBherer.tsv
# job started at Wed Jun 22 23:04:20 2022 on rgomez-pc -- 9e73fa58-e860-4ea7-93f7-dfc67dfad4a8
# pid: 26428, system: Linux 5.3.0-7648-generic #41~1586790036~18.04~600aeb5-Ubuntu SMP Mon Apr 13 17:47:15 UTC  x86_64
# annotation_files                        : ['analysis/20220622_LocationPatterns/GATfiles/Annotations/annotations_avgBherer.bed']
# annotations_label                       : None
# annotations_to_points                   : None
# bucket_size                             : 0
# cache                                   : None
# conditional                             : unconditional
# conditional_expansion                   : None
# conditional_extension                   : None
# counters                                : []
# enable_split_tracks                     : False
# ignore_segment_tracks                   : True
# input_filename_counts                   : None
# input_filename_descriptions             : None
# input_filename_results                  : None
# isochore_files                          : ['analysis/20220622_LocationPatterns/GATfiles/Isochores/isochores_NAHR_Big.bed']
# loglevel                                : 1
# nbuckets                                : 100000
# null                                    : default
# num_samples                             : 1000
# num_threads                             : 0
# output_bed                              : []
# output_counts_pattern                   : None
# output_filename_pattern                 : %s
# output_force                            : False
# output_order                            : fold
# output_plots_pattern                    : None
# output_samples_pattern                  : None
# output_stats                            : []
# output_tables_pattern                   : %s.tsv.gz
# overlapping_annotations                 : False
# pseudo_count                            : 1.0
# pvalue_method                           : empirical
# qvalue_lambda                           : None
# qvalue_method                           : BH
# qvalue_pi0_method                       : smoother
# random_seed                             : None
# restrict_workspace                      : False
# sample_files                            : []
# sampler                                 : annotator
# segment_files                           : ['analysis/20220622_LocationPatterns/GATfiles/Segments/HFNAHR_Big.bed']
# shift_expansion                         : 2.0
# shift_extension                         : 0
# short_help                              : None
# stderr                                  : <_io.TextIOWrapper name='<stderr>' mode='w' encoding='utf-8'>
# stdin                                   : <_io.TextIOWrapper name='<stdin>' mode='r' encoding='utf-8'>
# stdlog                                  : <_io.TextIOWrapper name='analysis/20220622_LocationPatterns/GATresults/NAHR_Big/log/HFNAHR_Big_annotations_avgBherer.log' mode='a' encoding='UTF-8'>
# stdout                                  : <_io.TextIOWrapper name='analysis/20220622_LocationPatterns/GATresults/NAHR_Big/tsv/HFNAHR_Big_annotations_avgBherer.tsv' mode='w' encoding='UTF-8'>
# timeit_file                             : None
# timeit_header                           : None
# timeit_name                             : all
# truncate_segments_to_workspace          : False
# truncate_workspace_to_annotations       : False
# workspace_files                         : ['analysis/20220622_LocationPatterns/GATfiles/Workspace/workspace_avgBherer.bed']
2022-06-22 23:04:20,375 INFO segments: reading tracks from 1 files
2022-06-22 23:04:20,375 INFO segments: read 1 tracks from 1 files
2022-06-22 23:04:20,375 INFO annotations: reading tracks from 1 files
2022-06-22 23:04:20,666 INFO annotations: read 6 tracks from 1 files
2022-06-22 23:04:20,670 INFO workspaces: reading tracks from 1 files
2022-06-22 23:04:20,670 INFO workspaces: read 1 tracks from 1 files
2022-06-22 23:04:20,670 INFO collapsing workspaces
2022-06-22 23:04:20,671 INFO isochores: reading isochores from 1 files
2022-06-22 23:04:20,673 INFO intervals loaded in 0 seconds
2022-06-22 23:04:20,673 INFO adding isochores to workspace
2022-06-22 23:04:20,675 INFO collecting observed counts
2022-06-22 23:04:20,675 INFO starting sampling
2022-06-22 23:04:20,675 INFO sampling: merged: 1/1
2022-06-22 23:04:20,675 INFO performing unconditional sampling
2022-06-22 23:04:20,680 INFO workspace without conditioning: 1090 segments, 2678195140 nucleotides
2022-06-22 23:04:20,680 INFO workspace after conditioning: 1090 segments, 2678195140 nucleotides
2022-06-22 23:04:20,681 INFO sampling started
2022-06-22 23:04:20,682 INFO 0/1000 done ( 0.00)
2022-06-22 23:04:20,723 INFO 100/1000 done (10.00)
2022-06-22 23:04:20,764 INFO 200/1000 done (20.00)
2022-06-22 23:04:20,805 INFO 300/1000 done (30.00)
2022-06-22 23:04:20,846 INFO 400/1000 done (40.00)
2022-06-22 23:04:20,890 INFO 500/1000 done (50.00)
2022-06-22 23:04:20,933 INFO 600/1000 done (60.00)
2022-06-22 23:04:20,975 INFO 700/1000 done (70.00)
2022-06-22 23:04:21,016 INFO 800/1000 done (80.00)
2022-06-22 23:04:21,066 INFO 900/1000 done (90.00)
2022-06-22 23:04:21,108 INFO sampling completed
2022-06-22 23:04:21,110 INFO sampling finished
2022-06-22 23:04:21,110 INFO computing PValue statistics
2022-06-22 23:04:21,113 INFO computing FDR statistics
# job finished in 0 seconds at Wed Jun 22 23:04:21 2022 --  1.48  0.05  0.00  0.00 -- 9e73fa58-e860-4ea7-93f7-dfc67dfad4a8
# output generated by /home/rgomez/anaconda3/bin/gat-run.py --segments=analysis/20220622_LocationPatterns/GATfiles/Segments/HFNAHR_Big.bed --isochores=analysis/20220622_LocationPatterns/GATfiles/Isochores/isochores_NAHR_Big.bed --annotations=analysis/20220622_LocationPatterns/GATfiles/Annotations/annotations_avgBherer.bed --workspace=analysis/20220622_LocationPatterns/GATfiles/Workspace/workspace_avgBherer.bed --num-samples=1000 --log=analysis/20220622_LocationPatterns/GATresults/NAHR_Big/log/HFNAHR_Big_annotations_avgBherer.log --stdout=analysis/20220622_LocationPatterns/GATresults/NAHR_Big/tsv/HFNAHR_Big_annotations_avgBherer.tsv
# job started at Wed Jun 22 23:04:23 2022 on rgomez-pc -- 8315f78b-9286-4763-bd80-e903520b26ce
# pid: 26436, system: Linux 5.3.0-7648-generic #41~1586790036~18.04~600aeb5-Ubuntu SMP Mon Apr 13 17:47:15 UTC  x86_64
# annotation_files                        : ['analysis/20220622_LocationPatterns/GATfiles/Annotations/annotations_avgBherer.bed']
# annotations_label                       : None
# annotations_to_points                   : None
# bucket_size                             : 0
# cache                                   : None
# conditional                             : unconditional
# conditional_expansion                   : None
# conditional_extension                   : None
# counters                                : []
# enable_split_tracks                     : False
# ignore_segment_tracks                   : True
# input_filename_counts                   : None
# input_filename_descriptions             : None
# input_filename_results                  : None
# isochore_files                          : ['analysis/20220622_LocationPatterns/GATfiles/Isochores/isochores_NAHR_Big.bed']
# loglevel                                : 1
# nbuckets                                : 100000
# null                                    : default
# num_samples                             : 1000
# num_threads                             : 0
# output_bed                              : []
# output_counts_pattern                   : None
# output_filename_pattern                 : %s
# output_force                            : False
# output_order                            : fold
# output_plots_pattern                    : None
# output_samples_pattern                  : None
# output_stats                            : []
# output_tables_pattern                   : %s.tsv.gz
# overlapping_annotations                 : False
# pseudo_count                            : 1.0
# pvalue_method                           : empirical
# qvalue_lambda                           : None
# qvalue_method                           : BH
# qvalue_pi0_method                       : smoother
# random_seed                             : None
# restrict_workspace                      : False
# sample_files                            : []
# sampler                                 : annotator
# segment_files                           : ['analysis/20220622_LocationPatterns/GATfiles/Segments/HFNAHR_Big.bed']
# shift_expansion                         : 2.0
# shift_extension                         : 0
# short_help                              : None
# stderr                                  : <_io.TextIOWrapper name='<stderr>' mode='w' encoding='utf-8'>
# stdin                                   : <_io.TextIOWrapper name='<stdin>' mode='r' encoding='utf-8'>
# stdlog                                  : <_io.TextIOWrapper name='analysis/20220622_LocationPatterns/GATresults/NAHR_Big/log/HFNAHR_Big_annotations_avgBherer.log' mode='a' encoding='UTF-8'>
# stdout                                  : <_io.TextIOWrapper name='analysis/20220622_LocationPatterns/GATresults/NAHR_Big/tsv/HFNAHR_Big_annotations_avgBherer.tsv' mode='w' encoding='UTF-8'>
# timeit_file                             : None
# timeit_header                           : None
# timeit_name                             : all
# truncate_segments_to_workspace          : False
# truncate_workspace_to_annotations       : False
# workspace_files                         : ['analysis/20220622_LocationPatterns/GATfiles/Workspace/workspace_avgBherer.bed']
2022-06-22 23:04:23,208 INFO segments: reading tracks from 1 files
2022-06-22 23:04:23,208 INFO segments: read 1 tracks from 1 files
2022-06-22 23:04:23,208 INFO annotations: reading tracks from 1 files
2022-06-22 23:04:23,489 INFO annotations: read 6 tracks from 1 files
2022-06-22 23:04:23,496 INFO workspaces: reading tracks from 1 files
2022-06-22 23:04:23,496 INFO workspaces: read 1 tracks from 1 files
2022-06-22 23:04:23,497 INFO collapsing workspaces
2022-06-22 23:04:23,497 INFO isochores: reading isochores from 1 files
2022-06-22 23:04:23,498 INFO intervals loaded in 0 seconds
2022-06-22 23:04:23,499 INFO adding isochores to workspace
2022-06-22 23:04:23,500 INFO collecting observed counts
2022-06-22 23:04:23,501 INFO starting sampling
2022-06-22 23:04:23,501 INFO sampling: merged: 1/1
2022-06-22 23:04:23,501 INFO performing unconditional sampling
2022-06-22 23:04:23,506 INFO workspace without conditioning: 1090 segments, 2678195140 nucleotides
2022-06-22 23:04:23,506 INFO workspace after conditioning: 1090 segments, 2678195140 nucleotides
2022-06-22 23:04:23,507 INFO sampling started
2022-06-22 23:04:23,508 INFO 0/1000 done ( 0.00)
2022-06-22 23:04:23,550 INFO 100/1000 done (10.00)
2022-06-22 23:04:23,592 INFO 200/1000 done (20.00)
2022-06-22 23:04:23,632 INFO 300/1000 done (30.00)
2022-06-22 23:04:23,672 INFO 400/1000 done (40.00)
2022-06-22 23:04:23,712 INFO 500/1000 done (50.00)
2022-06-22 23:04:23,752 INFO 600/1000 done (60.00)
2022-06-22 23:04:23,794 INFO 700/1000 done (70.00)
2022-06-22 23:04:23,836 INFO 800/1000 done (80.00)
2022-06-22 23:04:23,881 INFO 900/1000 done (90.00)
2022-06-22 23:04:23,929 INFO sampling completed
2022-06-22 23:04:23,930 INFO sampling finished
2022-06-22 23:04:23,930 INFO computing PValue statistics
2022-06-22 23:04:23,934 INFO computing FDR statistics
# job finished in 0 seconds at Wed Jun 22 23:04:23 2022 --  1.45  0.06  0.00  0.00 -- 8315f78b-9286-4763-bd80-e903520b26ce
