# output generated by /home/rgomez/anaconda3/bin/gat-run.py --segments=analysis/20220622_LocationPatterns/GATfiles/Segments/LFNAHR_Big.bed --isochores=analysis/20220622_LocationPatterns/GATfiles/Isochores/isochores_NAHR_Big.bed --annotations=analysis/20220622_LocationPatterns/GATfiles/Annotations/annotations_avgBherer.bed --workspace=analysis/20220622_LocationPatterns/GATfiles/Workspace/workspace_avgBherer.bed --num-samples=1000 --log=analysis/20220622_LocationPatterns/GATresults/NAHR_Big/log/LFNAHR_Big_annotations_avgBherer.log --stdout=analysis/20220622_LocationPatterns/GATresults/NAHR_Big/tsv/LFNAHR_Big_annotations_avgBherer.tsv
# job started at Wed Jun 22 23:04:23 2022 on rgomez-pc -- 03aa2c6e-d1fa-4773-8404-0553c2c0d874
# pid: 26437, system: Linux 5.3.0-7648-generic #41~1586790036~18.04~600aeb5-Ubuntu SMP Mon Apr 13 17:47:15 UTC  x86_64
# annotation_files                        : ['analysis/20220622_LocationPatterns/GATfiles/Annotations/annotations_avgBherer.bed']
# annotations_label                       : None
# annotations_to_points                   : None
# bucket_size                             : 0
# cache                                   : None
# conditional                             : unconditional
# conditional_expansion                   : None
# conditional_extension                   : None
# counters                                : []
# enable_split_tracks                     : False
# ignore_segment_tracks                   : True
# input_filename_counts                   : None
# input_filename_descriptions             : None
# input_filename_results                  : None
# isochore_files                          : ['analysis/20220622_LocationPatterns/GATfiles/Isochores/isochores_NAHR_Big.bed']
# loglevel                                : 1
# nbuckets                                : 100000
# null                                    : default
# num_samples                             : 1000
# num_threads                             : 0
# output_bed                              : []
# output_counts_pattern                   : None
# output_filename_pattern                 : %s
# output_force                            : False
# output_order                            : fold
# output_plots_pattern                    : None
# output_samples_pattern                  : None
# output_stats                            : []
# output_tables_pattern                   : %s.tsv.gz
# overlapping_annotations                 : False
# pseudo_count                            : 1.0
# pvalue_method                           : empirical
# qvalue_lambda                           : None
# qvalue_method                           : BH
# qvalue_pi0_method                       : smoother
# random_seed                             : None
# restrict_workspace                      : False
# sample_files                            : []
# sampler                                 : annotator
# segment_files                           : ['analysis/20220622_LocationPatterns/GATfiles/Segments/LFNAHR_Big.bed']
# shift_expansion                         : 2.0
# shift_extension                         : 0
# short_help                              : None
# stderr                                  : <_io.TextIOWrapper name='<stderr>' mode='w' encoding='utf-8'>
# stdin                                   : <_io.TextIOWrapper name='<stdin>' mode='r' encoding='utf-8'>
# stdlog                                  : <_io.TextIOWrapper name='analysis/20220622_LocationPatterns/GATresults/NAHR_Big/log/LFNAHR_Big_annotations_avgBherer.log' mode='a' encoding='UTF-8'>
# stdout                                  : <_io.TextIOWrapper name='analysis/20220622_LocationPatterns/GATresults/NAHR_Big/tsv/LFNAHR_Big_annotations_avgBherer.tsv' mode='w' encoding='UTF-8'>
# timeit_file                             : None
# timeit_header                           : None
# timeit_name                             : all
# truncate_segments_to_workspace          : False
# truncate_workspace_to_annotations       : False
# workspace_files                         : ['analysis/20220622_LocationPatterns/GATfiles/Workspace/workspace_avgBherer.bed']
2022-06-22 23:04:23,261 INFO segments: reading tracks from 1 files
2022-06-22 23:04:23,261 INFO segments: read 1 tracks from 1 files
2022-06-22 23:04:23,261 INFO annotations: reading tracks from 1 files
2022-06-22 23:04:23,544 INFO annotations: read 6 tracks from 1 files
2022-06-22 23:04:23,548 INFO workspaces: reading tracks from 1 files
2022-06-22 23:04:23,549 INFO workspaces: read 1 tracks from 1 files
2022-06-22 23:04:23,549 INFO collapsing workspaces
2022-06-22 23:04:23,549 INFO isochores: reading isochores from 1 files
2022-06-22 23:04:23,551 INFO intervals loaded in 0 seconds
2022-06-22 23:04:23,551 INFO adding isochores to workspace
2022-06-22 23:04:23,553 INFO collecting observed counts
2022-06-22 23:04:23,553 INFO starting sampling
2022-06-22 23:04:23,553 INFO sampling: merged: 1/1
2022-06-22 23:04:23,553 INFO performing unconditional sampling
2022-06-22 23:04:23,559 INFO workspace without conditioning: 1090 segments, 2678195140 nucleotides
2022-06-22 23:04:23,559 INFO workspace after conditioning: 1090 segments, 2678195140 nucleotides
2022-06-22 23:04:23,560 INFO sampling started
2022-06-22 23:04:23,561 INFO 0/1000 done ( 0.00)
2022-06-22 23:04:23,579 INFO 100/1000 done (10.00)
2022-06-22 23:04:23,599 INFO 200/1000 done (20.00)
2022-06-22 23:04:23,618 INFO 300/1000 done (30.00)
2022-06-22 23:04:23,637 INFO 400/1000 done (40.00)
2022-06-22 23:04:23,656 INFO 500/1000 done (50.00)
2022-06-22 23:04:23,675 INFO 600/1000 done (60.00)
2022-06-22 23:04:23,694 INFO 700/1000 done (70.00)
2022-06-22 23:04:23,713 INFO 800/1000 done (80.00)
2022-06-22 23:04:23,732 INFO 900/1000 done (90.00)
2022-06-22 23:04:23,750 INFO sampling completed
2022-06-22 23:04:23,752 INFO sampling finished
2022-06-22 23:04:23,752 INFO computing PValue statistics
2022-06-22 23:04:23,755 INFO computing FDR statistics
# job finished in 0 seconds at Wed Jun 22 23:04:23 2022 --  1.27  0.02  0.00  0.00 -- 03aa2c6e-d1fa-4773-8404-0553c2c0d874
# output generated by /home/rgomez/anaconda3/bin/gat-run.py --segments=analysis/20220622_LocationPatterns/GATfiles/Segments/LFNAHR_Big.bed --isochores=analysis/20220622_LocationPatterns/GATfiles/Isochores/isochores_NAHR_Big.bed --annotations=analysis/20220622_LocationPatterns/GATfiles/Annotations/annotations_avgBherer.bed --workspace=analysis/20220622_LocationPatterns/GATfiles/Workspace/workspace_avgBherer.bed --num-samples=1000 --log=analysis/20220622_LocationPatterns/GATresults/NAHR_Big/log/LFNAHR_Big_annotations_avgBherer.log --stdout=analysis/20220622_LocationPatterns/GATresults/NAHR_Big/tsv/LFNAHR_Big_annotations_avgBherer.tsv
# job started at Wed Jun 22 23:04:26 2022 on rgomez-pc -- 2d89b820-2b7f-4743-b894-a296115cac3a
# pid: 26507, system: Linux 5.3.0-7648-generic #41~1586790036~18.04~600aeb5-Ubuntu SMP Mon Apr 13 17:47:15 UTC  x86_64
# annotation_files                        : ['analysis/20220622_LocationPatterns/GATfiles/Annotations/annotations_avgBherer.bed']
# annotations_label                       : None
# annotations_to_points                   : None
# bucket_size                             : 0
# cache                                   : None
# conditional                             : unconditional
# conditional_expansion                   : None
# conditional_extension                   : None
# counters                                : []
# enable_split_tracks                     : False
# ignore_segment_tracks                   : True
# input_filename_counts                   : None
# input_filename_descriptions             : None
# input_filename_results                  : None
# isochore_files                          : ['analysis/20220622_LocationPatterns/GATfiles/Isochores/isochores_NAHR_Big.bed']
# loglevel                                : 1
# nbuckets                                : 100000
# null                                    : default
# num_samples                             : 1000
# num_threads                             : 0
# output_bed                              : []
# output_counts_pattern                   : None
# output_filename_pattern                 : %s
# output_force                            : False
# output_order                            : fold
# output_plots_pattern                    : None
# output_samples_pattern                  : None
# output_stats                            : []
# output_tables_pattern                   : %s.tsv.gz
# overlapping_annotations                 : False
# pseudo_count                            : 1.0
# pvalue_method                           : empirical
# qvalue_lambda                           : None
# qvalue_method                           : BH
# qvalue_pi0_method                       : smoother
# random_seed                             : None
# restrict_workspace                      : False
# sample_files                            : []
# sampler                                 : annotator
# segment_files                           : ['analysis/20220622_LocationPatterns/GATfiles/Segments/LFNAHR_Big.bed']
# shift_expansion                         : 2.0
# shift_extension                         : 0
# short_help                              : None
# stderr                                  : <_io.TextIOWrapper name='<stderr>' mode='w' encoding='utf-8'>
# stdin                                   : <_io.TextIOWrapper name='<stdin>' mode='r' encoding='utf-8'>
# stdlog                                  : <_io.TextIOWrapper name='analysis/20220622_LocationPatterns/GATresults/NAHR_Big/log/LFNAHR_Big_annotations_avgBherer.log' mode='a' encoding='UTF-8'>
# stdout                                  : <_io.TextIOWrapper name='analysis/20220622_LocationPatterns/GATresults/NAHR_Big/tsv/LFNAHR_Big_annotations_avgBherer.tsv' mode='w' encoding='UTF-8'>
# timeit_file                             : None
# timeit_header                           : None
# timeit_name                             : all
# truncate_segments_to_workspace          : False
# truncate_workspace_to_annotations       : False
# workspace_files                         : ['analysis/20220622_LocationPatterns/GATfiles/Workspace/workspace_avgBherer.bed']
2022-06-22 23:04:26,275 INFO segments: reading tracks from 1 files
2022-06-22 23:04:26,276 INFO segments: read 1 tracks from 1 files
2022-06-22 23:04:26,276 INFO annotations: reading tracks from 1 files
2022-06-22 23:04:26,613 INFO annotations: read 6 tracks from 1 files
2022-06-22 23:04:26,618 INFO workspaces: reading tracks from 1 files
2022-06-22 23:04:26,618 INFO workspaces: read 1 tracks from 1 files
2022-06-22 23:04:26,618 INFO collapsing workspaces
2022-06-22 23:04:26,618 INFO isochores: reading isochores from 1 files
2022-06-22 23:04:26,620 INFO intervals loaded in 0 seconds
2022-06-22 23:04:26,620 INFO adding isochores to workspace
2022-06-22 23:04:26,623 INFO collecting observed counts
2022-06-22 23:04:26,623 INFO starting sampling
2022-06-22 23:04:26,623 INFO sampling: merged: 1/1
2022-06-22 23:04:26,623 INFO performing unconditional sampling
2022-06-22 23:04:26,629 INFO workspace without conditioning: 1090 segments, 2678195140 nucleotides
2022-06-22 23:04:26,629 INFO workspace after conditioning: 1090 segments, 2678195140 nucleotides
2022-06-22 23:04:26,629 INFO sampling started
2022-06-22 23:04:26,630 INFO 0/1000 done ( 0.00)
2022-06-22 23:04:26,653 INFO 100/1000 done (10.00)
2022-06-22 23:04:26,675 INFO 200/1000 done (20.00)
2022-06-22 23:04:26,697 INFO 300/1000 done (30.00)
2022-06-22 23:04:26,718 INFO 400/1000 done (40.00)
2022-06-22 23:04:26,740 INFO 500/1000 done (50.00)
2022-06-22 23:04:26,763 INFO 600/1000 done (60.00)
2022-06-22 23:04:26,784 INFO 700/1000 done (70.00)
2022-06-22 23:04:26,808 INFO 800/1000 done (80.00)
2022-06-22 23:04:26,830 INFO 900/1000 done (90.00)
2022-06-22 23:04:26,852 INFO sampling completed
2022-06-22 23:04:26,854 INFO sampling finished
2022-06-22 23:04:26,854 INFO computing PValue statistics
2022-06-22 23:04:26,858 INFO computing FDR statistics
# job finished in 0 seconds at Wed Jun 22 23:04:26 2022 --  1.35  0.08  0.00  0.00 -- 2d89b820-2b7f-4743-b894-a296115cac3a
