# output generated by /home/rgomez/anaconda3/bin/gat-run.py --segments=analysis/20220622_LocationPatterns/GATfiles/Segments/NAHR_Big.bed --isochores=analysis/20220622_LocationPatterns/GATfiles/Isochores/isochores_NAHR_Big.bed --annotations=analysis/20220622_LocationPatterns/GATfiles/Annotations/annotations_repeats.bed --workspace=analysis/20220622_LocationPatterns/GATfiles/Workspace/workspace_avgBherer.bed --num-samples=1000 --log=analysis/20220622_LocationPatterns/GATresults/NAHR_Big/log/NAHR_Big_annotations_repeats.log --stdout=analysis/20220622_LocationPatterns/GATresults/NAHR_Big/tsv/NAHR_Big_annotations_repeats.tsv
# job started at Wed Jun 22 23:04:15 2022 on rgomez-pc -- f2ceeaab-6615-4e88-b367-35a1b49a82dc
# pid: 25225, system: Linux 5.3.0-7648-generic #41~1586790036~18.04~600aeb5-Ubuntu SMP Mon Apr 13 17:47:15 UTC  x86_64
# annotation_files                        : ['analysis/20220622_LocationPatterns/GATfiles/Annotations/annotations_repeats.bed']
# annotations_label                       : None
# annotations_to_points                   : None
# bucket_size                             : 0
# cache                                   : None
# conditional                             : unconditional
# conditional_expansion                   : None
# conditional_extension                   : None
# counters                                : []
# enable_split_tracks                     : False
# ignore_segment_tracks                   : True
# input_filename_counts                   : None
# input_filename_descriptions             : None
# input_filename_results                  : None
# isochore_files                          : ['analysis/20220622_LocationPatterns/GATfiles/Isochores/isochores_NAHR_Big.bed']
# loglevel                                : 1
# nbuckets                                : 100000
# null                                    : default
# num_samples                             : 1000
# num_threads                             : 0
# output_bed                              : []
# output_counts_pattern                   : None
# output_filename_pattern                 : %s
# output_force                            : False
# output_order                            : fold
# output_plots_pattern                    : None
# output_samples_pattern                  : None
# output_stats                            : []
# output_tables_pattern                   : %s.tsv.gz
# overlapping_annotations                 : False
# pseudo_count                            : 1.0
# pvalue_method                           : empirical
# qvalue_lambda                           : None
# qvalue_method                           : BH
# qvalue_pi0_method                       : smoother
# random_seed                             : None
# restrict_workspace                      : False
# sample_files                            : []
# sampler                                 : annotator
# segment_files                           : ['analysis/20220622_LocationPatterns/GATfiles/Segments/NAHR_Big.bed']
# shift_expansion                         : 2.0
# shift_extension                         : 0
# short_help                              : None
# stderr                                  : <_io.TextIOWrapper name='<stderr>' mode='w' encoding='utf-8'>
# stdin                                   : <_io.TextIOWrapper name='<stdin>' mode='r' encoding='utf-8'>
# stdlog                                  : <_io.TextIOWrapper name='analysis/20220622_LocationPatterns/GATresults/NAHR_Big/log/NAHR_Big_annotations_repeats.log' mode='a' encoding='UTF-8'>
# stdout                                  : <_io.TextIOWrapper name='analysis/20220622_LocationPatterns/GATresults/NAHR_Big/tsv/NAHR_Big_annotations_repeats.tsv' mode='w' encoding='UTF-8'>
# timeit_file                             : None
# timeit_header                           : None
# timeit_name                             : all
# truncate_segments_to_workspace          : False
# truncate_workspace_to_annotations       : False
# workspace_files                         : ['analysis/20220622_LocationPatterns/GATfiles/Workspace/workspace_avgBherer.bed']
2022-06-22 23:04:15,074 INFO segments: reading tracks from 1 files
2022-06-22 23:04:15,074 INFO segments: read 1 tracks from 1 files
2022-06-22 23:04:15,075 INFO annotations: reading tracks from 1 files
2022-06-22 23:04:15,241 INFO annotations: read 1 tracks from 1 files
2022-06-22 23:04:15,245 INFO workspaces: reading tracks from 1 files
2022-06-22 23:04:15,245 INFO workspaces: read 1 tracks from 1 files
2022-06-22 23:04:15,245 INFO collapsing workspaces
2022-06-22 23:04:15,245 INFO isochores: reading isochores from 1 files
2022-06-22 23:04:15,249 INFO intervals loaded in 0 seconds
2022-06-22 23:04:15,249 INFO adding isochores to workspace
2022-06-22 23:04:15,250 INFO collecting observed counts
2022-06-22 23:04:15,250 INFO starting sampling
2022-06-22 23:04:15,250 INFO sampling: merged: 1/1
2022-06-22 23:04:15,250 INFO performing unconditional sampling
2022-06-22 23:04:15,251 INFO workspace without conditioning: 1090 segments, 2678195140 nucleotides
2022-06-22 23:04:15,251 INFO workspace after conditioning: 1090 segments, 2678195140 nucleotides
2022-06-22 23:04:15,252 INFO sampling started
2022-06-22 23:04:15,254 INFO 0/1000 done ( 0.00)
2022-06-22 23:04:15,307 INFO 100/1000 done (10.00)
2022-06-22 23:04:15,361 INFO 200/1000 done (20.00)
2022-06-22 23:04:15,414 INFO 300/1000 done (30.00)
2022-06-22 23:04:15,468 INFO 400/1000 done (40.00)
2022-06-22 23:04:15,521 INFO 500/1000 done (50.00)
2022-06-22 23:04:15,573 INFO 600/1000 done (60.00)
2022-06-22 23:04:15,636 INFO 700/1000 done (70.00)
2022-06-22 23:04:15,697 INFO 800/1000 done (80.00)
2022-06-22 23:04:15,751 INFO 900/1000 done (90.00)
2022-06-22 23:04:15,804 INFO sampling completed
2022-06-22 23:04:15,805 INFO sampling finished
2022-06-22 23:04:15,805 INFO computing PValue statistics
2022-06-22 23:04:15,806 INFO computing FDR statistics
# job finished in 0 seconds at Wed Jun 22 23:04:15 2022 --  1.59  0.07  0.00  0.00 -- f2ceeaab-6615-4e88-b367-35a1b49a82dc
# output generated by /home/rgomez/anaconda3/bin/gat-run.py --segments=analysis/20220622_LocationPatterns/GATfiles/Segments/NAHR_Big.bed --isochores=analysis/20220622_LocationPatterns/GATfiles/Isochores/isochores_NAHR_Big.bed --annotations=analysis/20220622_LocationPatterns/GATfiles/Annotations/annotations_repeats.bed --workspace=analysis/20220622_LocationPatterns/GATfiles/Workspace/workspace_avgBherer.bed --num-samples=1000 --log=analysis/20220622_LocationPatterns/GATresults/NAHR_Big/log/NAHR_Big_annotations_repeats.log --stdout=analysis/20220622_LocationPatterns/GATresults/NAHR_Big/tsv/NAHR_Big_annotations_repeats.tsv
# job started at Wed Jun 22 23:04:18 2022 on rgomez-pc -- 755f4f78-aeb8-4955-bae4-3fc4909173d1
# pid: 26359, system: Linux 5.3.0-7648-generic #41~1586790036~18.04~600aeb5-Ubuntu SMP Mon Apr 13 17:47:15 UTC  x86_64
# annotation_files                        : ['analysis/20220622_LocationPatterns/GATfiles/Annotations/annotations_repeats.bed']
# annotations_label                       : None
# annotations_to_points                   : None
# bucket_size                             : 0
# cache                                   : None
# conditional                             : unconditional
# conditional_expansion                   : None
# conditional_extension                   : None
# counters                                : []
# enable_split_tracks                     : False
# ignore_segment_tracks                   : True
# input_filename_counts                   : None
# input_filename_descriptions             : None
# input_filename_results                  : None
# isochore_files                          : ['analysis/20220622_LocationPatterns/GATfiles/Isochores/isochores_NAHR_Big.bed']
# loglevel                                : 1
# nbuckets                                : 100000
# null                                    : default
# num_samples                             : 1000
# num_threads                             : 0
# output_bed                              : []
# output_counts_pattern                   : None
# output_filename_pattern                 : %s
# output_force                            : False
# output_order                            : fold
# output_plots_pattern                    : None
# output_samples_pattern                  : None
# output_stats                            : []
# output_tables_pattern                   : %s.tsv.gz
# overlapping_annotations                 : False
# pseudo_count                            : 1.0
# pvalue_method                           : empirical
# qvalue_lambda                           : None
# qvalue_method                           : BH
# qvalue_pi0_method                       : smoother
# random_seed                             : None
# restrict_workspace                      : False
# sample_files                            : []
# sampler                                 : annotator
# segment_files                           : ['analysis/20220622_LocationPatterns/GATfiles/Segments/NAHR_Big.bed']
# shift_expansion                         : 2.0
# shift_extension                         : 0
# short_help                              : None
# stderr                                  : <_io.TextIOWrapper name='<stderr>' mode='w' encoding='utf-8'>
# stdin                                   : <_io.TextIOWrapper name='<stdin>' mode='r' encoding='utf-8'>
# stdlog                                  : <_io.TextIOWrapper name='analysis/20220622_LocationPatterns/GATresults/NAHR_Big/log/NAHR_Big_annotations_repeats.log' mode='a' encoding='UTF-8'>
# stdout                                  : <_io.TextIOWrapper name='analysis/20220622_LocationPatterns/GATresults/NAHR_Big/tsv/NAHR_Big_annotations_repeats.tsv' mode='w' encoding='UTF-8'>
# timeit_file                             : None
# timeit_header                           : None
# timeit_name                             : all
# truncate_segments_to_workspace          : False
# truncate_workspace_to_annotations       : False
# workspace_files                         : ['analysis/20220622_LocationPatterns/GATfiles/Workspace/workspace_avgBherer.bed']
2022-06-22 23:04:18,380 INFO segments: reading tracks from 1 files
2022-06-22 23:04:18,381 INFO segments: read 1 tracks from 1 files
2022-06-22 23:04:18,381 INFO annotations: reading tracks from 1 files
2022-06-22 23:04:18,496 INFO annotations: read 1 tracks from 1 files
2022-06-22 23:04:18,500 INFO workspaces: reading tracks from 1 files
2022-06-22 23:04:18,500 INFO workspaces: read 1 tracks from 1 files
2022-06-22 23:04:18,500 INFO collapsing workspaces
2022-06-22 23:04:18,500 INFO isochores: reading isochores from 1 files
2022-06-22 23:04:18,502 INFO intervals loaded in 0 seconds
2022-06-22 23:04:18,502 INFO adding isochores to workspace
2022-06-22 23:04:18,502 INFO collecting observed counts
2022-06-22 23:04:18,502 INFO starting sampling
2022-06-22 23:04:18,502 INFO sampling: merged: 1/1
2022-06-22 23:04:18,502 INFO performing unconditional sampling
2022-06-22 23:04:18,503 INFO workspace without conditioning: 1090 segments, 2678195140 nucleotides
2022-06-22 23:04:18,503 INFO workspace after conditioning: 1090 segments, 2678195140 nucleotides
2022-06-22 23:04:18,503 INFO sampling started
2022-06-22 23:04:18,505 INFO 0/1000 done ( 0.00)
2022-06-22 23:04:18,556 INFO 100/1000 done (10.00)
2022-06-22 23:04:18,606 INFO 200/1000 done (20.00)
2022-06-22 23:04:18,658 INFO 300/1000 done (30.00)
2022-06-22 23:04:18,711 INFO 400/1000 done (40.00)
2022-06-22 23:04:18,761 INFO 500/1000 done (50.00)
2022-06-22 23:04:18,814 INFO 600/1000 done (60.00)
2022-06-22 23:04:18,869 INFO 700/1000 done (70.00)
2022-06-22 23:04:18,923 INFO 800/1000 done (80.00)
2022-06-22 23:04:18,974 INFO 900/1000 done (90.00)
2022-06-22 23:04:19,026 INFO sampling completed
2022-06-22 23:04:19,027 INFO sampling finished
2022-06-22 23:04:19,027 INFO computing PValue statistics
2022-06-22 23:04:19,028 INFO computing FDR statistics
# job finished in 0 seconds at Wed Jun 22 23:04:19 2022 --  1.59  0.05  0.00  0.00 -- 755f4f78-aeb8-4955-bae4-3fc4909173d1
