# output generated by /home/rgomez/anaconda3/bin/gat-run.py --segments=analysis/20220622_LocationPatterns/GATfiles/Segments/HFNAHR_NHlike.bed --annotations=analysis/20220622_LocationPatterns/GATfiles/Annotations/annotations_avgBherer.bed --workspace=analysis/20220622_LocationPatterns/GATfiles/Workspace/workspace_avgBherer.bed --num-samples=1000 --log=analysis/20220622_LocationPatterns/GATresults/NAHR_NHlike/log/HFNAHR_NHlike_annotations_avgBherer.log --stdout=analysis/20220622_LocationPatterns/GATresults/NAHR_NHlike/tsv/HFNAHR_NHlike_annotations_avgBherer.tsv
# job started at Wed Jun 22 22:07:50 2022 on rgomez-pc -- cccb09a0-52df-422b-9148-c9de244a8f48
# pid: 21103, system: Linux 5.3.0-7648-generic #41~1586790036~18.04~600aeb5-Ubuntu SMP Mon Apr 13 17:47:15 UTC  x86_64
# annotation_files                        : ['analysis/20220622_LocationPatterns/GATfiles/Annotations/annotations_avgBherer.bed']
# annotations_label                       : None
# annotations_to_points                   : None
# bucket_size                             : 0
# cache                                   : None
# conditional                             : unconditional
# conditional_expansion                   : None
# conditional_extension                   : None
# counters                                : []
# enable_split_tracks                     : False
# ignore_segment_tracks                   : True
# input_filename_counts                   : None
# input_filename_descriptions             : None
# input_filename_results                  : None
# isochore_files                          : None
# loglevel                                : 1
# nbuckets                                : 100000
# null                                    : default
# num_samples                             : 1000
# num_threads                             : 0
# output_bed                              : []
# output_counts_pattern                   : None
# output_filename_pattern                 : %s
# output_force                            : False
# output_order                            : fold
# output_plots_pattern                    : None
# output_samples_pattern                  : None
# output_stats                            : []
# output_tables_pattern                   : %s.tsv.gz
# overlapping_annotations                 : False
# pseudo_count                            : 1.0
# pvalue_method                           : empirical
# qvalue_lambda                           : None
# qvalue_method                           : BH
# qvalue_pi0_method                       : smoother
# random_seed                             : None
# restrict_workspace                      : False
# sample_files                            : []
# sampler                                 : annotator
# segment_files                           : ['analysis/20220622_LocationPatterns/GATfiles/Segments/HFNAHR_NHlike.bed']
# shift_expansion                         : 2.0
# shift_extension                         : 0
# short_help                              : None
# stderr                                  : <_io.TextIOWrapper name='<stderr>' mode='w' encoding='utf-8'>
# stdin                                   : <_io.TextIOWrapper name='<stdin>' mode='r' encoding='utf-8'>
# stdlog                                  : <_io.TextIOWrapper name='analysis/20220622_LocationPatterns/GATresults/NAHR_NHlike/log/HFNAHR_NHlike_annotations_avgBherer.log' mode='a' encoding='UTF-8'>
# stdout                                  : <_io.TextIOWrapper name='analysis/20220622_LocationPatterns/GATresults/NAHR_NHlike/tsv/HFNAHR_NHlike_annotations_avgBherer.tsv' mode='w' encoding='UTF-8'>
# timeit_file                             : None
# timeit_header                           : None
# timeit_name                             : all
# truncate_segments_to_workspace          : False
# truncate_workspace_to_annotations       : False
# workspace_files                         : ['analysis/20220622_LocationPatterns/GATfiles/Workspace/workspace_avgBherer.bed']
2022-06-22 22:07:50,776 INFO segments: reading tracks from 1 files
2022-06-22 22:07:50,776 INFO segments: read 1 tracks from 1 files
2022-06-22 22:07:50,776 INFO annotations: reading tracks from 1 files
2022-06-22 22:07:51,059 INFO annotations: read 6 tracks from 1 files
2022-06-22 22:07:51,063 INFO workspaces: reading tracks from 1 files
2022-06-22 22:07:51,063 INFO workspaces: read 1 tracks from 1 files
2022-06-22 22:07:51,063 INFO collapsing workspaces
2022-06-22 22:07:51,063 INFO intervals loaded in 0 seconds
2022-06-22 22:07:51,064 INFO collecting observed counts
2022-06-22 22:07:51,064 INFO starting sampling
2022-06-22 22:07:51,064 INFO sampling: merged: 1/1
2022-06-22 22:07:51,064 INFO performing unconditional sampling
2022-06-22 22:07:51,065 INFO workspace without conditioning: 39 segments, 2678195140 nucleotides
2022-06-22 22:07:51,065 INFO workspace after conditioning: 39 segments, 2678195140 nucleotides
2022-06-22 22:07:51,066 INFO sampling started
2022-06-22 22:07:51,068 INFO 0/1000 done ( 0.00)
2022-06-22 22:07:51,155 INFO 100/1000 done (10.00)
2022-06-22 22:07:51,245 INFO 200/1000 done (20.00)
2022-06-22 22:07:51,332 INFO 300/1000 done (30.00)
2022-06-22 22:07:51,421 INFO 400/1000 done (40.00)
2022-06-22 22:07:51,510 INFO 500/1000 done (50.00)
2022-06-22 22:07:51,599 INFO 600/1000 done (60.00)
2022-06-22 22:07:51,689 INFO 700/1000 done (70.00)
2022-06-22 22:07:51,776 INFO 800/1000 done (80.00)
2022-06-22 22:07:51,863 INFO 900/1000 done (90.00)
2022-06-22 22:07:51,949 INFO sampling completed
2022-06-22 22:07:51,951 INFO sampling finished
2022-06-22 22:07:51,951 INFO computing PValue statistics
2022-06-22 22:07:51,954 INFO computing FDR statistics
# job finished in 1 seconds at Wed Jun 22 22:07:51 2022 --  2.00  0.02  0.00  0.00 -- cccb09a0-52df-422b-9148-c9de244a8f48
