# output generated by /home/rgomez/anaconda3/bin/gat-run.py --segments=analysis/20220622_LocationPatterns/GATfiles/Segments/LFNAHR_NHlike.bed --annotations=analysis/20220622_LocationPatterns/GATfiles/Annotations/annotations_repeats.bed --workspace=analysis/20220622_LocationPatterns/GATfiles/Workspace/workspace_avgBherer.bed --num-samples=1000 --log=analysis/20220622_LocationPatterns/GATresults/NAHR_NHlike/log/LFNAHR_NHlike_annotations_repeats.log --stdout=analysis/20220622_LocationPatterns/GATresults/NAHR_NHlike/tsv/LFNAHR_NHlike_annotations_repeats.tsv
# job started at Wed Jun 22 22:03:23 2022 on rgomez-pc -- 5bfa94c6-bd6f-4d2b-86ad-a5be116bd486
# pid: 20592, system: Linux 5.3.0-7648-generic #41~1586790036~18.04~600aeb5-Ubuntu SMP Mon Apr 13 17:47:15 UTC  x86_64
# annotation_files                        : ['analysis/20220622_LocationPatterns/GATfiles/Annotations/annotations_repeats.bed']
# annotations_label                       : None
# annotations_to_points                   : None
# bucket_size                             : 0
# cache                                   : None
# conditional                             : unconditional
# conditional_expansion                   : None
# conditional_extension                   : None
# counters                                : []
# enable_split_tracks                     : False
# ignore_segment_tracks                   : True
# input_filename_counts                   : None
# input_filename_descriptions             : None
# input_filename_results                  : None
# isochore_files                          : None
# loglevel                                : 1
# nbuckets                                : 100000
# null                                    : default
# num_samples                             : 1000
# num_threads                             : 0
# output_bed                              : []
# output_counts_pattern                   : None
# output_filename_pattern                 : %s
# output_force                            : False
# output_order                            : fold
# output_plots_pattern                    : None
# output_samples_pattern                  : None
# output_stats                            : []
# output_tables_pattern                   : %s.tsv.gz
# overlapping_annotations                 : False
# pseudo_count                            : 1.0
# pvalue_method                           : empirical
# qvalue_lambda                           : None
# qvalue_method                           : BH
# qvalue_pi0_method                       : smoother
# random_seed                             : None
# restrict_workspace                      : False
# sample_files                            : []
# sampler                                 : annotator
# segment_files                           : ['analysis/20220622_LocationPatterns/GATfiles/Segments/LFNAHR_NHlike.bed']
# shift_expansion                         : 2.0
# shift_extension                         : 0
# short_help                              : None
# stderr                                  : <_io.TextIOWrapper name='<stderr>' mode='w' encoding='utf-8'>
# stdin                                   : <_io.TextIOWrapper name='<stdin>' mode='r' encoding='utf-8'>
# stdlog                                  : <_io.TextIOWrapper name='analysis/20220622_LocationPatterns/GATresults/NAHR_NHlike/log/LFNAHR_NHlike_annotations_repeats.log' mode='a' encoding='UTF-8'>
# stdout                                  : <_io.TextIOWrapper name='analysis/20220622_LocationPatterns/GATresults/NAHR_NHlike/tsv/LFNAHR_NHlike_annotations_repeats.tsv' mode='w' encoding='UTF-8'>
# timeit_file                             : None
# timeit_header                           : None
# timeit_name                             : all
# truncate_segments_to_workspace          : False
# truncate_workspace_to_annotations       : False
# workspace_files                         : ['analysis/20220622_LocationPatterns/GATfiles/Workspace/workspace_avgBherer.bed']
# output generated by /home/rgomez/anaconda3/bin/gat-run.py --segments=analysis/20220622_LocationPatterns/GATfiles/Segments/LFNAHR_NHlike.bed --annotations=analysis/20220622_LocationPatterns/GATfiles/Annotations/annotations_repeats.bed --workspace=analysis/20220622_LocationPatterns/GATfiles/Workspace/workspace_avgBherer.bed --num-samples=1000 --log=analysis/20220622_LocationPatterns/GATresults/NAHR_NHlike/log/LFNAHR_NHlike_annotations_repeats.log --stdout=analysis/20220622_LocationPatterns/GATresults/NAHR_NHlike/tsv/LFNAHR_NHlike_annotations_repeats.tsv
# job started at Wed Jun 22 22:05:24 2022 on rgomez-pc -- 4f1e31e8-8c36-42b8-bdbb-c6e239023093
# pid: 20776, system: Linux 5.3.0-7648-generic #41~1586790036~18.04~600aeb5-Ubuntu SMP Mon Apr 13 17:47:15 UTC  x86_64
# annotation_files                        : ['analysis/20220622_LocationPatterns/GATfiles/Annotations/annotations_repeats.bed']
# annotations_label                       : None
# annotations_to_points                   : None
# bucket_size                             : 0
# cache                                   : None
# conditional                             : unconditional
# conditional_expansion                   : None
# conditional_extension                   : None
# counters                                : []
# enable_split_tracks                     : False
# ignore_segment_tracks                   : True
# input_filename_counts                   : None
# input_filename_descriptions             : None
# input_filename_results                  : None
# isochore_files                          : None
# loglevel                                : 1
# nbuckets                                : 100000
# null                                    : default
# num_samples                             : 1000
# num_threads                             : 0
# output_bed                              : []
# output_counts_pattern                   : None
# output_filename_pattern                 : %s
# output_force                            : False
# output_order                            : fold
# output_plots_pattern                    : None
# output_samples_pattern                  : None
# output_stats                            : []
# output_tables_pattern                   : %s.tsv.gz
# overlapping_annotations                 : False
# pseudo_count                            : 1.0
# pvalue_method                           : empirical
# qvalue_lambda                           : None
# qvalue_method                           : BH
# qvalue_pi0_method                       : smoother
# random_seed                             : None
# restrict_workspace                      : False
# sample_files                            : []
# sampler                                 : annotator
# segment_files                           : ['analysis/20220622_LocationPatterns/GATfiles/Segments/LFNAHR_NHlike.bed']
# shift_expansion                         : 2.0
# shift_extension                         : 0
# short_help                              : None
# stderr                                  : <_io.TextIOWrapper name='<stderr>' mode='w' encoding='utf-8'>
# stdin                                   : <_io.TextIOWrapper name='<stdin>' mode='r' encoding='utf-8'>
# stdlog                                  : <_io.TextIOWrapper name='analysis/20220622_LocationPatterns/GATresults/NAHR_NHlike/log/LFNAHR_NHlike_annotations_repeats.log' mode='a' encoding='UTF-8'>
# stdout                                  : <_io.TextIOWrapper name='analysis/20220622_LocationPatterns/GATresults/NAHR_NHlike/tsv/LFNAHR_NHlike_annotations_repeats.tsv' mode='w' encoding='UTF-8'>
# timeit_file                             : None
# timeit_header                           : None
# timeit_name                             : all
# truncate_segments_to_workspace          : False
# truncate_workspace_to_annotations       : False
# workspace_files                         : ['analysis/20220622_LocationPatterns/GATfiles/Workspace/workspace_avgBherer.bed']
2022-06-22 22:05:24,417 INFO segments: reading tracks from 1 files
2022-06-22 22:05:24,417 INFO segments: read 1 tracks from 1 files
2022-06-22 22:05:24,417 INFO annotations: reading tracks from 1 files
2022-06-22 22:05:24,527 INFO annotations: read 1 tracks from 1 files
2022-06-22 22:05:24,530 INFO workspaces: reading tracks from 1 files
2022-06-22 22:05:24,531 INFO workspaces: read 1 tracks from 1 files
2022-06-22 22:05:24,531 INFO collapsing workspaces
2022-06-22 22:05:24,531 INFO intervals loaded in 0 seconds
2022-06-22 22:05:24,531 INFO collecting observed counts
2022-06-22 22:05:24,531 INFO starting sampling
2022-06-22 22:05:24,531 INFO sampling: merged: 1/1
2022-06-22 22:05:24,531 INFO performing unconditional sampling
2022-06-22 22:05:24,531 INFO workspace without conditioning: 39 segments, 2678195140 nucleotides
2022-06-22 22:05:24,531 INFO workspace after conditioning: 39 segments, 2678195140 nucleotides
2022-06-22 22:05:24,532 INFO sampling started
2022-06-22 22:05:24,533 INFO 0/1000 done ( 0.00)
2022-06-22 22:05:24,591 INFO 100/1000 done (10.00)
2022-06-22 22:05:24,650 INFO 200/1000 done (20.00)
2022-06-22 22:05:24,708 INFO 300/1000 done (30.00)
2022-06-22 22:05:24,766 INFO 400/1000 done (40.00)
2022-06-22 22:05:24,825 INFO 500/1000 done (50.00)
2022-06-22 22:05:24,885 INFO 600/1000 done (60.00)
2022-06-22 22:05:24,945 INFO 700/1000 done (70.00)
2022-06-22 22:05:25,003 INFO 800/1000 done (80.00)
2022-06-22 22:05:25,061 INFO 900/1000 done (90.00)
2022-06-22 22:05:25,122 INFO sampling completed
2022-06-22 22:05:25,123 INFO sampling finished
2022-06-22 22:05:25,123 INFO computing PValue statistics
2022-06-22 22:05:25,124 INFO computing FDR statistics
# job finished in 0 seconds at Wed Jun 22 22:05:25 2022 --  1.46  0.03  0.00  0.00 -- 4f1e31e8-8c36-42b8-bdbb-c6e239023093
# output generated by /home/rgomez/anaconda3/bin/gat-run.py --segments=analysis/20220622_LocationPatterns/GATfiles/Segments/LFNAHR_NHlike.bed --annotations=analysis/20220622_LocationPatterns/GATfiles/Annotations/annotations_repeats.bed --workspace=analysis/20220622_LocationPatterns/GATfiles/Workspace/workspace_avgBherer.bed --num-samples=1000 --log=analysis/20220622_LocationPatterns/GATresults/NAHR_NHlike/log/LFNAHR_NHlike_annotations_repeats.log --stdout=analysis/20220622_LocationPatterns/GATresults/NAHR_NHlike/tsv/LFNAHR_NHlike_annotations_repeats.tsv
# job started at Wed Jun 22 22:07:07 2022 on rgomez-pc -- 98e7be01-6e05-42a4-b6b8-6829e3a0c3f0
# pid: 20995, system: Linux 5.3.0-7648-generic #41~1586790036~18.04~600aeb5-Ubuntu SMP Mon Apr 13 17:47:15 UTC  x86_64
# annotation_files                        : ['analysis/20220622_LocationPatterns/GATfiles/Annotations/annotations_repeats.bed']
# annotations_label                       : None
# annotations_to_points                   : None
# bucket_size                             : 0
# cache                                   : None
# conditional                             : unconditional
# conditional_expansion                   : None
# conditional_extension                   : None
# counters                                : []
# enable_split_tracks                     : False
# ignore_segment_tracks                   : True
# input_filename_counts                   : None
# input_filename_descriptions             : None
# input_filename_results                  : None
# isochore_files                          : None
# loglevel                                : 1
# nbuckets                                : 100000
# null                                    : default
# num_samples                             : 1000
# num_threads                             : 0
# output_bed                              : []
# output_counts_pattern                   : None
# output_filename_pattern                 : %s
# output_force                            : False
# output_order                            : fold
# output_plots_pattern                    : None
# output_samples_pattern                  : None
# output_stats                            : []
# output_tables_pattern                   : %s.tsv.gz
# overlapping_annotations                 : False
# pseudo_count                            : 1.0
# pvalue_method                           : empirical
# qvalue_lambda                           : None
# qvalue_method                           : BH
# qvalue_pi0_method                       : smoother
# random_seed                             : None
# restrict_workspace                      : False
# sample_files                            : []
# sampler                                 : annotator
# segment_files                           : ['analysis/20220622_LocationPatterns/GATfiles/Segments/LFNAHR_NHlike.bed']
# shift_expansion                         : 2.0
# shift_extension                         : 0
# short_help                              : None
# stderr                                  : <_io.TextIOWrapper name='<stderr>' mode='w' encoding='utf-8'>
# stdin                                   : <_io.TextIOWrapper name='<stdin>' mode='r' encoding='utf-8'>
# stdlog                                  : <_io.TextIOWrapper name='analysis/20220622_LocationPatterns/GATresults/NAHR_NHlike/log/LFNAHR_NHlike_annotations_repeats.log' mode='a' encoding='UTF-8'>
# stdout                                  : <_io.TextIOWrapper name='analysis/20220622_LocationPatterns/GATresults/NAHR_NHlike/tsv/LFNAHR_NHlike_annotations_repeats.tsv' mode='w' encoding='UTF-8'>
# timeit_file                             : None
# timeit_header                           : None
# timeit_name                             : all
# truncate_segments_to_workspace          : False
# truncate_workspace_to_annotations       : False
# workspace_files                         : ['analysis/20220622_LocationPatterns/GATfiles/Workspace/workspace_avgBherer.bed']
2022-06-22 22:07:07,905 INFO segments: reading tracks from 1 files
2022-06-22 22:07:07,906 INFO segments: read 1 tracks from 1 files
2022-06-22 22:07:07,906 INFO annotations: reading tracks from 1 files
2022-06-22 22:07:08,036 INFO annotations: read 1 tracks from 1 files
2022-06-22 22:07:08,040 INFO workspaces: reading tracks from 1 files
2022-06-22 22:07:08,041 INFO workspaces: read 1 tracks from 1 files
2022-06-22 22:07:08,041 INFO collapsing workspaces
2022-06-22 22:07:08,041 INFO intervals loaded in 0 seconds
2022-06-22 22:07:08,041 INFO collecting observed counts
2022-06-22 22:07:08,041 INFO starting sampling
2022-06-22 22:07:08,041 INFO sampling: merged: 1/1
2022-06-22 22:07:08,041 INFO performing unconditional sampling
2022-06-22 22:07:08,041 INFO workspace without conditioning: 39 segments, 2678195140 nucleotides
2022-06-22 22:07:08,042 INFO workspace after conditioning: 39 segments, 2678195140 nucleotides
2022-06-22 22:07:08,042 INFO sampling started
2022-06-22 22:07:08,044 INFO 0/1000 done ( 0.00)
2022-06-22 22:07:08,118 INFO 100/1000 done (10.00)
2022-06-22 22:07:08,182 INFO 200/1000 done (20.00)
2022-06-22 22:07:08,248 INFO 300/1000 done (30.00)
2022-06-22 22:07:08,317 INFO 400/1000 done (40.00)
2022-06-22 22:07:08,386 INFO 500/1000 done (50.00)
2022-06-22 22:07:08,458 INFO 600/1000 done (60.00)
2022-06-22 22:07:08,525 INFO 700/1000 done (70.00)
2022-06-22 22:07:08,593 INFO 800/1000 done (80.00)
2022-06-22 22:07:08,665 INFO 900/1000 done (90.00)
2022-06-22 22:07:08,735 INFO sampling completed
2022-06-22 22:07:08,735 INFO sampling finished
2022-06-22 22:07:08,736 INFO computing PValue statistics
2022-06-22 22:07:08,736 INFO computing FDR statistics
# job finished in 0 seconds at Wed Jun 22 22:07:08 2022 --  1.70  0.06  0.00  0.00 -- 98e7be01-6e05-42a4-b6b8-6829e3a0c3f0
# output generated by /home/rgomez/anaconda3/bin/gat-run.py --segments=analysis/20220622_LocationPatterns/GATfiles/Segments/LFNAHR_NHlike.bed --annotations=analysis/20220622_LocationPatterns/GATfiles/Annotations/annotations_repeats.bed --workspace=analysis/20220622_LocationPatterns/GATfiles/Workspace/workspace_avgBherer.bed --num-samples=1000 --log=analysis/20220622_LocationPatterns/GATresults/NAHR_NHlike/log/LFNAHR_NHlike_annotations_repeats.log --stdout=analysis/20220622_LocationPatterns/GATresults/NAHR_NHlike/tsv/LFNAHR_NHlike_annotations_repeats.tsv
# job started at Wed Jun 22 22:07:53 2022 on rgomez-pc -- 587a88b5-b4aa-45f1-87b8-f50b30e811b3
# pid: 21107, system: Linux 5.3.0-7648-generic #41~1586790036~18.04~600aeb5-Ubuntu SMP Mon Apr 13 17:47:15 UTC  x86_64
# annotation_files                        : ['analysis/20220622_LocationPatterns/GATfiles/Annotations/annotations_repeats.bed']
# annotations_label                       : None
# annotations_to_points                   : None
# bucket_size                             : 0
# cache                                   : None
# conditional                             : unconditional
# conditional_expansion                   : None
# conditional_extension                   : None
# counters                                : []
# enable_split_tracks                     : False
# ignore_segment_tracks                   : True
# input_filename_counts                   : None
# input_filename_descriptions             : None
# input_filename_results                  : None
# isochore_files                          : None
# loglevel                                : 1
# nbuckets                                : 100000
# null                                    : default
# num_samples                             : 1000
# num_threads                             : 0
# output_bed                              : []
# output_counts_pattern                   : None
# output_filename_pattern                 : %s
# output_force                            : False
# output_order                            : fold
# output_plots_pattern                    : None
# output_samples_pattern                  : None
# output_stats                            : []
# output_tables_pattern                   : %s.tsv.gz
# overlapping_annotations                 : False
# pseudo_count                            : 1.0
# pvalue_method                           : empirical
# qvalue_lambda                           : None
# qvalue_method                           : BH
# qvalue_pi0_method                       : smoother
# random_seed                             : None
# restrict_workspace                      : False
# sample_files                            : []
# sampler                                 : annotator
# segment_files                           : ['analysis/20220622_LocationPatterns/GATfiles/Segments/LFNAHR_NHlike.bed']
# shift_expansion                         : 2.0
# shift_extension                         : 0
# short_help                              : None
# stderr                                  : <_io.TextIOWrapper name='<stderr>' mode='w' encoding='utf-8'>
# stdin                                   : <_io.TextIOWrapper name='<stdin>' mode='r' encoding='utf-8'>
# stdlog                                  : <_io.TextIOWrapper name='analysis/20220622_LocationPatterns/GATresults/NAHR_NHlike/log/LFNAHR_NHlike_annotations_repeats.log' mode='a' encoding='UTF-8'>
# stdout                                  : <_io.TextIOWrapper name='analysis/20220622_LocationPatterns/GATresults/NAHR_NHlike/tsv/LFNAHR_NHlike_annotations_repeats.tsv' mode='w' encoding='UTF-8'>
# timeit_file                             : None
# timeit_header                           : None
# timeit_name                             : all
# truncate_segments_to_workspace          : False
# truncate_workspace_to_annotations       : False
# workspace_files                         : ['analysis/20220622_LocationPatterns/GATfiles/Workspace/workspace_avgBherer.bed']
2022-06-22 22:07:53,238 INFO segments: reading tracks from 1 files
2022-06-22 22:07:53,239 INFO segments: read 1 tracks from 1 files
2022-06-22 22:07:53,239 INFO annotations: reading tracks from 1 files
2022-06-22 22:07:53,358 INFO annotations: read 1 tracks from 1 files
2022-06-22 22:07:53,362 INFO workspaces: reading tracks from 1 files
2022-06-22 22:07:53,362 INFO workspaces: read 1 tracks from 1 files
2022-06-22 22:07:53,362 INFO collapsing workspaces
2022-06-22 22:07:53,362 INFO intervals loaded in 0 seconds
2022-06-22 22:07:53,363 INFO collecting observed counts
2022-06-22 22:07:53,363 INFO starting sampling
2022-06-22 22:07:53,363 INFO sampling: merged: 1/1
2022-06-22 22:07:53,363 INFO performing unconditional sampling
2022-06-22 22:07:53,363 INFO workspace without conditioning: 39 segments, 2678195140 nucleotides
2022-06-22 22:07:53,363 INFO workspace after conditioning: 39 segments, 2678195140 nucleotides
2022-06-22 22:07:53,363 INFO sampling started
2022-06-22 22:07:53,365 INFO 0/1000 done ( 0.00)
2022-06-22 22:07:53,432 INFO 100/1000 done (10.00)
2022-06-22 22:07:53,503 INFO 200/1000 done (20.00)
2022-06-22 22:07:53,569 INFO 300/1000 done (30.00)
2022-06-22 22:07:53,630 INFO 400/1000 done (40.00)
2022-06-22 22:07:53,693 INFO 500/1000 done (50.00)
2022-06-22 22:07:53,755 INFO 600/1000 done (60.00)
2022-06-22 22:07:53,817 INFO 700/1000 done (70.00)
2022-06-22 22:07:53,880 INFO 800/1000 done (80.00)
2022-06-22 22:07:53,943 INFO 900/1000 done (90.00)
2022-06-22 22:07:54,005 INFO sampling completed
2022-06-22 22:07:54,005 INFO sampling finished
2022-06-22 22:07:54,005 INFO computing PValue statistics
2022-06-22 22:07:54,006 INFO computing FDR statistics
# job finished in 0 seconds at Wed Jun 22 22:07:54 2022 --  1.82  0.05  0.00  0.00 -- 587a88b5-b4aa-45f1-87b8-f50b30e811b3
