# output generated by /home/rgomez/anaconda3/bin/gat-run.py --segments=analysis/20220622_LocationPatterns/GATfiles/Segments/NAHR_NHlike.bed --annotations=analysis/20220622_LocationPatterns/GATfiles/Annotations/annotations_avgBherer.bed --workspace=analysis/20220622_LocationPatterns/GATfiles/Workspace/workspace_avgBherer.bed --num-samples=1000 --log=analysis/20220622_LocationPatterns/GATresults/NAHR_NHlike/log/NAHR_NHlike_annotations_avgBherer.log --stdout=analysis/20220622_LocationPatterns/GATresults/NAHR_NHlike/tsv/NAHR_NHlike_annotations_avgBherer.tsv
# job started at Wed Jun 22 22:03:19 2022 on rgomez-pc -- cf41b68a-2b67-4879-970c-07da698a5fe5
# pid: 20581, system: Linux 5.3.0-7648-generic #41~1586790036~18.04~600aeb5-Ubuntu SMP Mon Apr 13 17:47:15 UTC  x86_64
# annotation_files                        : ['analysis/20220622_LocationPatterns/GATfiles/Annotations/annotations_avgBherer.bed']
# annotations_label                       : None
# annotations_to_points                   : None
# bucket_size                             : 0
# cache                                   : None
# conditional                             : unconditional
# conditional_expansion                   : None
# conditional_extension                   : None
# counters                                : []
# enable_split_tracks                     : False
# ignore_segment_tracks                   : True
# input_filename_counts                   : None
# input_filename_descriptions             : None
# input_filename_results                  : None
# isochore_files                          : None
# loglevel                                : 1
# nbuckets                                : 100000
# null                                    : default
# num_samples                             : 1000
# num_threads                             : 0
# output_bed                              : []
# output_counts_pattern                   : None
# output_filename_pattern                 : %s
# output_force                            : False
# output_order                            : fold
# output_plots_pattern                    : None
# output_samples_pattern                  : None
# output_stats                            : []
# output_tables_pattern                   : %s.tsv.gz
# overlapping_annotations                 : False
# pseudo_count                            : 1.0
# pvalue_method                           : empirical
# qvalue_lambda                           : None
# qvalue_method                           : BH
# qvalue_pi0_method                       : smoother
# random_seed                             : None
# restrict_workspace                      : False
# sample_files                            : []
# sampler                                 : annotator
# segment_files                           : ['analysis/20220622_LocationPatterns/GATfiles/Segments/NAHR_NHlike.bed']
# shift_expansion                         : 2.0
# shift_extension                         : 0
# short_help                              : None
# stderr                                  : <_io.TextIOWrapper name='<stderr>' mode='w' encoding='utf-8'>
# stdin                                   : <_io.TextIOWrapper name='<stdin>' mode='r' encoding='utf-8'>
# stdlog                                  : <_io.TextIOWrapper name='analysis/20220622_LocationPatterns/GATresults/NAHR_NHlike/log/NAHR_NHlike_annotations_avgBherer.log' mode='a' encoding='UTF-8'>
# stdout                                  : <_io.TextIOWrapper name='analysis/20220622_LocationPatterns/GATresults/NAHR_NHlike/tsv/NAHR_NHlike_annotations_avgBherer.tsv' mode='w' encoding='UTF-8'>
# timeit_file                             : None
# timeit_header                           : None
# timeit_name                             : all
# truncate_segments_to_workspace          : False
# truncate_workspace_to_annotations       : False
# workspace_files                         : ['analysis/20220622_LocationPatterns/GATfiles/Workspace/workspace_avgBherer.bed']
2022-06-22 22:03:19,039 INFO segments: reading tracks from 1 files
2022-06-22 22:03:19,039 INFO segments: read 1 tracks from 1 files
2022-06-22 22:03:19,039 INFO annotations: reading tracks from 1 files
2022-06-22 22:03:19,323 INFO annotations: read 6 tracks from 1 files
2022-06-22 22:03:19,327 INFO workspaces: reading tracks from 1 files
2022-06-22 22:03:19,327 INFO workspaces: read 1 tracks from 1 files
2022-06-22 22:03:19,327 INFO collapsing workspaces
2022-06-22 22:03:19,327 INFO intervals loaded in 0 seconds
2022-06-22 22:03:19,328 INFO collecting observed counts
2022-06-22 22:03:19,328 INFO starting sampling
2022-06-22 22:03:19,328 INFO sampling: merged: 1/1
2022-06-22 22:03:19,328 INFO performing unconditional sampling
2022-06-22 22:03:19,329 INFO workspace without conditioning: 39 segments, 2678195140 nucleotides
2022-06-22 22:03:19,329 INFO workspace after conditioning: 39 segments, 2678195140 nucleotides
2022-06-22 22:03:19,330 INFO sampling started
2022-06-22 22:03:19,331 INFO 0/1000 done ( 0.00)
2022-06-22 22:03:19,464 INFO 100/1000 done (10.00)
2022-06-22 22:03:19,598 INFO 200/1000 done (20.00)
2022-06-22 22:03:19,728 INFO 300/1000 done (30.00)
2022-06-22 22:03:19,859 INFO 400/1000 done (40.00)
2022-06-22 22:03:19,989 INFO 500/1000 done (50.00)
2022-06-22 22:03:20,124 INFO 600/1000 done (60.00)
2022-06-22 22:03:20,256 INFO 700/1000 done (70.00)
2022-06-22 22:03:20,387 INFO 800/1000 done (80.00)
2022-06-22 22:03:20,520 INFO 900/1000 done (90.00)
2022-06-22 22:03:20,649 INFO sampling completed
2022-06-22 22:03:20,650 INFO sampling finished
2022-06-22 22:03:20,650 INFO computing PValue statistics
2022-06-22 22:03:20,653 INFO computing FDR statistics
# job finished in 1 seconds at Wed Jun 22 22:03:20 2022 --  2.38  0.04  0.00  0.00 -- cf41b68a-2b67-4879-970c-07da698a5fe5
# output generated by /home/rgomez/anaconda3/bin/gat-run.py --segments=analysis/20220622_LocationPatterns/GATfiles/Segments/NAHR_NHlike.bed --annotations=analysis/20220622_LocationPatterns/GATfiles/Annotations/annotations_avgBherer.bed --workspace=analysis/20220622_LocationPatterns/GATfiles/Workspace/workspace_avgBherer.bed --num-samples=1000 --log=analysis/20220622_LocationPatterns/GATresults/NAHR_NHlike/log/NAHR_NHlike_annotations_avgBherer.log --stdout=analysis/20220622_LocationPatterns/GATresults/NAHR_NHlike/tsv/NAHR_NHlike_annotations_avgBherer.tsv
# job started at Wed Jun 22 22:05:19 2022 on rgomez-pc -- d2134f08-d259-4e65-9b43-039c006b5494
# pid: 20768, system: Linux 5.3.0-7648-generic #41~1586790036~18.04~600aeb5-Ubuntu SMP Mon Apr 13 17:47:15 UTC  x86_64
# annotation_files                        : ['analysis/20220622_LocationPatterns/GATfiles/Annotations/annotations_avgBherer.bed']
# annotations_label                       : None
# annotations_to_points                   : None
# bucket_size                             : 0
# cache                                   : None
# conditional                             : unconditional
# conditional_expansion                   : None
# conditional_extension                   : None
# counters                                : []
# enable_split_tracks                     : False
# ignore_segment_tracks                   : True
# input_filename_counts                   : None
# input_filename_descriptions             : None
# input_filename_results                  : None
# isochore_files                          : None
# loglevel                                : 1
# nbuckets                                : 100000
# null                                    : default
# num_samples                             : 1000
# num_threads                             : 0
# output_bed                              : []
# output_counts_pattern                   : None
# output_filename_pattern                 : %s
# output_force                            : False
# output_order                            : fold
# output_plots_pattern                    : None
# output_samples_pattern                  : None
# output_stats                            : []
# output_tables_pattern                   : %s.tsv.gz
# overlapping_annotations                 : False
# pseudo_count                            : 1.0
# pvalue_method                           : empirical
# qvalue_lambda                           : None
# qvalue_method                           : BH
# qvalue_pi0_method                       : smoother
# random_seed                             : None
# restrict_workspace                      : False
# sample_files                            : []
# sampler                                 : annotator
# segment_files                           : ['analysis/20220622_LocationPatterns/GATfiles/Segments/NAHR_NHlike.bed']
# shift_expansion                         : 2.0
# shift_extension                         : 0
# short_help                              : None
# stderr                                  : <_io.TextIOWrapper name='<stderr>' mode='w' encoding='utf-8'>
# stdin                                   : <_io.TextIOWrapper name='<stdin>' mode='r' encoding='utf-8'>
# stdlog                                  : <_io.TextIOWrapper name='analysis/20220622_LocationPatterns/GATresults/NAHR_NHlike/log/NAHR_NHlike_annotations_avgBherer.log' mode='a' encoding='UTF-8'>
# stdout                                  : <_io.TextIOWrapper name='analysis/20220622_LocationPatterns/GATresults/NAHR_NHlike/tsv/NAHR_NHlike_annotations_avgBherer.tsv' mode='w' encoding='UTF-8'>
# timeit_file                             : None
# timeit_header                           : None
# timeit_name                             : all
# truncate_segments_to_workspace          : False
# truncate_workspace_to_annotations       : False
# workspace_files                         : ['analysis/20220622_LocationPatterns/GATfiles/Workspace/workspace_avgBherer.bed']
2022-06-22 22:05:19,913 INFO segments: reading tracks from 1 files
2022-06-22 22:05:19,913 INFO segments: read 1 tracks from 1 files
2022-06-22 22:05:19,913 INFO annotations: reading tracks from 1 files
2022-06-22 22:05:20,194 INFO annotations: read 6 tracks from 1 files
2022-06-22 22:05:20,198 INFO workspaces: reading tracks from 1 files
2022-06-22 22:05:20,198 INFO workspaces: read 1 tracks from 1 files
2022-06-22 22:05:20,198 INFO collapsing workspaces
2022-06-22 22:05:20,198 INFO intervals loaded in 0 seconds
2022-06-22 22:05:20,199 INFO collecting observed counts
2022-06-22 22:05:20,200 INFO starting sampling
2022-06-22 22:05:20,200 INFO sampling: merged: 1/1
2022-06-22 22:05:20,200 INFO performing unconditional sampling
2022-06-22 22:05:20,200 INFO workspace without conditioning: 39 segments, 2678195140 nucleotides
2022-06-22 22:05:20,201 INFO workspace after conditioning: 39 segments, 2678195140 nucleotides
2022-06-22 22:05:20,201 INFO sampling started
2022-06-22 22:05:20,203 INFO 0/1000 done ( 0.00)
2022-06-22 22:05:20,375 INFO 100/1000 done (10.00)
2022-06-22 22:05:20,522 INFO 200/1000 done (20.00)
2022-06-22 22:05:20,706 INFO 300/1000 done (30.00)
2022-06-22 22:05:20,839 INFO 400/1000 done (40.00)
2022-06-22 22:05:21,006 INFO 500/1000 done (50.00)
2022-06-22 22:05:21,141 INFO 600/1000 done (60.00)
2022-06-22 22:05:21,273 INFO 700/1000 done (70.00)
2022-06-22 22:05:21,405 INFO 800/1000 done (80.00)
2022-06-22 22:05:21,538 INFO 900/1000 done (90.00)
2022-06-22 22:05:21,673 INFO sampling completed
2022-06-22 22:05:21,674 INFO sampling finished
2022-06-22 22:05:21,674 INFO computing PValue statistics
2022-06-22 22:05:21,677 INFO computing FDR statistics
# job finished in 1 seconds at Wed Jun 22 22:05:21 2022 --  2.58  0.04  0.00  0.00 -- d2134f08-d259-4e65-9b43-039c006b5494
# output generated by /home/rgomez/anaconda3/bin/gat-run.py --segments=analysis/20220622_LocationPatterns/GATfiles/Segments/NAHR_NHlike.bed --annotations=analysis/20220622_LocationPatterns/GATfiles/Annotations/annotations_avgBherer.bed --workspace=analysis/20220622_LocationPatterns/GATfiles/Workspace/workspace_avgBherer.bed --num-samples=1000 --log=analysis/20220622_LocationPatterns/GATresults/NAHR_NHlike/log/NAHR_NHlike_annotations_avgBherer.log --stdout=analysis/20220622_LocationPatterns/GATresults/NAHR_NHlike/tsv/NAHR_NHlike_annotations_avgBherer.tsv
# job started at Wed Jun 22 22:07:02 2022 on rgomez-pc -- aebd474f-a09d-4a9a-b55f-ecebe65efc4e
# pid: 20988, system: Linux 5.3.0-7648-generic #41~1586790036~18.04~600aeb5-Ubuntu SMP Mon Apr 13 17:47:15 UTC  x86_64
# annotation_files                        : ['analysis/20220622_LocationPatterns/GATfiles/Annotations/annotations_avgBherer.bed']
# annotations_label                       : None
# annotations_to_points                   : None
# bucket_size                             : 0
# cache                                   : None
# conditional                             : unconditional
# conditional_expansion                   : None
# conditional_extension                   : None
# counters                                : []
# enable_split_tracks                     : False
# ignore_segment_tracks                   : True
# input_filename_counts                   : None
# input_filename_descriptions             : None
# input_filename_results                  : None
# isochore_files                          : None
# loglevel                                : 1
# nbuckets                                : 100000
# null                                    : default
# num_samples                             : 1000
# num_threads                             : 0
# output_bed                              : []
# output_counts_pattern                   : None
# output_filename_pattern                 : %s
# output_force                            : False
# output_order                            : fold
# output_plots_pattern                    : None
# output_samples_pattern                  : None
# output_stats                            : []
# output_tables_pattern                   : %s.tsv.gz
# overlapping_annotations                 : False
# pseudo_count                            : 1.0
# pvalue_method                           : empirical
# qvalue_lambda                           : None
# qvalue_method                           : BH
# qvalue_pi0_method                       : smoother
# random_seed                             : None
# restrict_workspace                      : False
# sample_files                            : []
# sampler                                 : annotator
# segment_files                           : ['analysis/20220622_LocationPatterns/GATfiles/Segments/NAHR_NHlike.bed']
# shift_expansion                         : 2.0
# shift_extension                         : 0
# short_help                              : None
# stderr                                  : <_io.TextIOWrapper name='<stderr>' mode='w' encoding='utf-8'>
# stdin                                   : <_io.TextIOWrapper name='<stdin>' mode='r' encoding='utf-8'>
# stdlog                                  : <_io.TextIOWrapper name='analysis/20220622_LocationPatterns/GATresults/NAHR_NHlike/log/NAHR_NHlike_annotations_avgBherer.log' mode='a' encoding='UTF-8'>
# stdout                                  : <_io.TextIOWrapper name='analysis/20220622_LocationPatterns/GATresults/NAHR_NHlike/tsv/NAHR_NHlike_annotations_avgBherer.tsv' mode='w' encoding='UTF-8'>
# timeit_file                             : None
# timeit_header                           : None
# timeit_name                             : all
# truncate_segments_to_workspace          : False
# truncate_workspace_to_annotations       : False
# workspace_files                         : ['analysis/20220622_LocationPatterns/GATfiles/Workspace/workspace_avgBherer.bed']
2022-06-22 22:07:02,908 INFO segments: reading tracks from 1 files
2022-06-22 22:07:02,908 INFO segments: read 1 tracks from 1 files
2022-06-22 22:07:02,908 INFO annotations: reading tracks from 1 files
2022-06-22 22:07:03,188 INFO annotations: read 6 tracks from 1 files
2022-06-22 22:07:03,192 INFO workspaces: reading tracks from 1 files
2022-06-22 22:07:03,192 INFO workspaces: read 1 tracks from 1 files
2022-06-22 22:07:03,192 INFO collapsing workspaces
2022-06-22 22:07:03,192 INFO intervals loaded in 0 seconds
2022-06-22 22:07:03,193 INFO collecting observed counts
2022-06-22 22:07:03,194 INFO starting sampling
2022-06-22 22:07:03,194 INFO sampling: merged: 1/1
2022-06-22 22:07:03,194 INFO performing unconditional sampling
2022-06-22 22:07:03,194 INFO workspace without conditioning: 39 segments, 2678195140 nucleotides
2022-06-22 22:07:03,194 INFO workspace after conditioning: 39 segments, 2678195140 nucleotides
2022-06-22 22:07:03,195 INFO sampling started
2022-06-22 22:07:03,197 INFO 0/1000 done ( 0.00)
2022-06-22 22:07:03,333 INFO 100/1000 done (10.00)
2022-06-22 22:07:03,472 INFO 200/1000 done (20.00)
2022-06-22 22:07:03,608 INFO 300/1000 done (30.00)
2022-06-22 22:07:03,747 INFO 400/1000 done (40.00)
2022-06-22 22:07:03,883 INFO 500/1000 done (50.00)
2022-06-22 22:07:04,021 INFO 600/1000 done (60.00)
2022-06-22 22:07:04,159 INFO 700/1000 done (70.00)
2022-06-22 22:07:04,295 INFO 800/1000 done (80.00)
2022-06-22 22:07:04,431 INFO 900/1000 done (90.00)
2022-06-22 22:07:04,569 INFO sampling completed
2022-06-22 22:07:04,570 INFO sampling finished
2022-06-22 22:07:04,570 INFO computing PValue statistics
2022-06-22 22:07:04,574 INFO computing FDR statistics
# job finished in 1 seconds at Wed Jun 22 22:07:04 2022 --  2.46  0.04  0.00  0.00 -- aebd474f-a09d-4a9a-b55f-ecebe65efc4e
# output generated by /home/rgomez/anaconda3/bin/gat-run.py --segments=analysis/20220622_LocationPatterns/GATfiles/Segments/NAHR_NHlike.bed --annotations=analysis/20220622_LocationPatterns/GATfiles/Annotations/annotations_avgBherer.bed --workspace=analysis/20220622_LocationPatterns/GATfiles/Workspace/workspace_avgBherer.bed --num-samples=1000 --log=analysis/20220622_LocationPatterns/GATresults/NAHR_NHlike/log/NAHR_NHlike_annotations_avgBherer.log --stdout=analysis/20220622_LocationPatterns/GATresults/NAHR_NHlike/tsv/NAHR_NHlike_annotations_avgBherer.tsv
# job started at Wed Jun 22 22:07:46 2022 on rgomez-pc -- 8901579c-c3a2-41a6-9059-a16111afbd19
# pid: 21096, system: Linux 5.3.0-7648-generic #41~1586790036~18.04~600aeb5-Ubuntu SMP Mon Apr 13 17:47:15 UTC  x86_64
# annotation_files                        : ['analysis/20220622_LocationPatterns/GATfiles/Annotations/annotations_avgBherer.bed']
# annotations_label                       : None
# annotations_to_points                   : None
# bucket_size                             : 0
# cache                                   : None
# conditional                             : unconditional
# conditional_expansion                   : None
# conditional_extension                   : None
# counters                                : []
# enable_split_tracks                     : False
# ignore_segment_tracks                   : True
# input_filename_counts                   : None
# input_filename_descriptions             : None
# input_filename_results                  : None
# isochore_files                          : None
# loglevel                                : 1
# nbuckets                                : 100000
# null                                    : default
# num_samples                             : 1000
# num_threads                             : 0
# output_bed                              : []
# output_counts_pattern                   : None
# output_filename_pattern                 : %s
# output_force                            : False
# output_order                            : fold
# output_plots_pattern                    : None
# output_samples_pattern                  : None
# output_stats                            : []
# output_tables_pattern                   : %s.tsv.gz
# overlapping_annotations                 : False
# pseudo_count                            : 1.0
# pvalue_method                           : empirical
# qvalue_lambda                           : None
# qvalue_method                           : BH
# qvalue_pi0_method                       : smoother
# random_seed                             : None
# restrict_workspace                      : False
# sample_files                            : []
# sampler                                 : annotator
# segment_files                           : ['analysis/20220622_LocationPatterns/GATfiles/Segments/NAHR_NHlike.bed']
# shift_expansion                         : 2.0
# shift_extension                         : 0
# short_help                              : None
# stderr                                  : <_io.TextIOWrapper name='<stderr>' mode='w' encoding='utf-8'>
# stdin                                   : <_io.TextIOWrapper name='<stdin>' mode='r' encoding='utf-8'>
# stdlog                                  : <_io.TextIOWrapper name='analysis/20220622_LocationPatterns/GATresults/NAHR_NHlike/log/NAHR_NHlike_annotations_avgBherer.log' mode='a' encoding='UTF-8'>
# stdout                                  : <_io.TextIOWrapper name='analysis/20220622_LocationPatterns/GATresults/NAHR_NHlike/tsv/NAHR_NHlike_annotations_avgBherer.tsv' mode='w' encoding='UTF-8'>
# timeit_file                             : None
# timeit_header                           : None
# timeit_name                             : all
# truncate_segments_to_workspace          : False
# truncate_workspace_to_annotations       : False
# workspace_files                         : ['analysis/20220622_LocationPatterns/GATfiles/Workspace/workspace_avgBherer.bed']
2022-06-22 22:07:46,067 INFO segments: reading tracks from 1 files
2022-06-22 22:07:46,067 INFO segments: read 1 tracks from 1 files
2022-06-22 22:07:46,067 INFO annotations: reading tracks from 1 files
2022-06-22 22:07:46,343 INFO annotations: read 6 tracks from 1 files
2022-06-22 22:07:46,347 INFO workspaces: reading tracks from 1 files
2022-06-22 22:07:46,348 INFO workspaces: read 1 tracks from 1 files
2022-06-22 22:07:46,348 INFO collapsing workspaces
2022-06-22 22:07:46,348 INFO intervals loaded in 0 seconds
2022-06-22 22:07:46,349 INFO collecting observed counts
2022-06-22 22:07:46,349 INFO starting sampling
2022-06-22 22:07:46,349 INFO sampling: merged: 1/1
2022-06-22 22:07:46,349 INFO performing unconditional sampling
2022-06-22 22:07:46,350 INFO workspace without conditioning: 39 segments, 2678195140 nucleotides
2022-06-22 22:07:46,350 INFO workspace after conditioning: 39 segments, 2678195140 nucleotides
2022-06-22 22:07:46,351 INFO sampling started
2022-06-22 22:07:46,353 INFO 0/1000 done ( 0.00)
2022-06-22 22:07:46,495 INFO 100/1000 done (10.00)
2022-06-22 22:07:46,644 INFO 200/1000 done (20.00)
2022-06-22 22:07:46,788 INFO 300/1000 done (30.00)
2022-06-22 22:07:46,929 INFO 400/1000 done (40.00)
2022-06-22 22:07:47,069 INFO 500/1000 done (50.00)
2022-06-22 22:07:47,211 INFO 600/1000 done (60.00)
2022-06-22 22:07:47,364 INFO 700/1000 done (70.00)
2022-06-22 22:07:47,528 INFO 800/1000 done (80.00)
2022-06-22 22:07:47,670 INFO 900/1000 done (90.00)
2022-06-22 22:07:47,811 INFO sampling completed
2022-06-22 22:07:47,812 INFO sampling finished
2022-06-22 22:07:47,812 INFO computing PValue statistics
2022-06-22 22:07:47,815 INFO computing FDR statistics
# job finished in 1 seconds at Wed Jun 22 22:07:47 2022 --  2.58  0.03  0.00  0.00 -- 8901579c-c3a2-41a6-9059-a16111afbd19
