# output generated by /home/rgomez/anaconda3/bin/gat-run.py --annotations=analysis/20220621_LocationPatterns/GATfiles/Segments/HFinvs.bed --segments=analysis/20220621_LocationPatterns/GATfiles/Annotations/genomicSuperDups_coords_normal.bed --output-counts-pattern=analysis/20220621_LocationPatterns/GATresults/WorkspaceHigh0.09_noX/counts/HFinvs_CEUSpence_%s.tsv.gz --workspace=analysis/20220621_LocationPatterns/GATfiles/Isochores/genomicSuperDups_COzones_0.09/windows.txt --num-samples=100 --log=analysis/20220621_LocationPatterns/GATresults/WorkspaceHigh0.09_noX/log/HFinvs_CEUSpence.log --stdout=analysis/20220621_LocationPatterns/GATresults/WorkspaceHigh0.09_noX/tsv/HFinvs_CEUSpence.tsv
# job started at Tue Jun 21 11:22:24 2022 on rgomez-pc -- 43f51683-7852-4518-a922-84b992b536e5
# pid: 27486, system: Linux 5.3.0-7648-generic #41~1586790036~18.04~600aeb5-Ubuntu SMP Mon Apr 13 17:47:15 UTC  x86_64
# annotation_files                        : ['analysis/20220621_LocationPatterns/GATfiles/Segments/HFinvs.bed']
# annotations_label                       : None
# annotations_to_points                   : None
# bucket_size                             : 0
# cache                                   : None
# conditional                             : unconditional
# conditional_expansion                   : None
# conditional_extension                   : None
# counters                                : []
# enable_split_tracks                     : False
# ignore_segment_tracks                   : True
# input_filename_counts                   : None
# input_filename_descriptions             : None
# input_filename_results                  : None
# isochore_files                          : None
# loglevel                                : 1
# nbuckets                                : 100000
# null                                    : default
# num_samples                             : 100
# num_threads                             : 0
# output_bed                              : []
# output_counts_pattern                   : analysis/20220621_LocationPatterns/GATresults/WorkspaceHigh0.09_noX/counts/HFinvs_CEUSpence_%s.tsv.gz
# output_filename_pattern                 : %s
# output_force                            : False
# output_order                            : fold
# output_plots_pattern                    : None
# output_samples_pattern                  : None
# output_stats                            : []
# output_tables_pattern                   : %s.tsv.gz
# overlapping_annotations                 : False
# pseudo_count                            : 1.0
# pvalue_method                           : empirical
# qvalue_lambda                           : None
# qvalue_method                           : BH
# qvalue_pi0_method                       : smoother
# random_seed                             : None
# restrict_workspace                      : False
# sample_files                            : []
# sampler                                 : annotator
# segment_files                           : ['analysis/20220621_LocationPatterns/GATfiles/Annotations/genomicSuperDups_coords_normal.bed']
# shift_expansion                         : 2.0
# shift_extension                         : 0
# short_help                              : None
# stderr                                  : <_io.TextIOWrapper name='<stderr>' mode='w' encoding='utf-8'>
# stdin                                   : <_io.TextIOWrapper name='<stdin>' mode='r' encoding='utf-8'>
# stdlog                                  : <_io.TextIOWrapper name='analysis/20220621_LocationPatterns/GATresults/WorkspaceHigh0.09_noX/log/HFinvs_CEUSpence.log' mode='a' encoding='UTF-8'>
# stdout                                  : <_io.TextIOWrapper name='analysis/20220621_LocationPatterns/GATresults/WorkspaceHigh0.09_noX/tsv/HFinvs_CEUSpence.tsv' mode='w' encoding='UTF-8'>
# timeit_file                             : None
# timeit_header                           : None
# timeit_name                             : all
# truncate_segments_to_workspace          : False
# truncate_workspace_to_annotations       : False
# workspace_files                         : ['analysis/20220621_LocationPatterns/GATfiles/Isochores/genomicSuperDups_COzones_0.09/windows.txt']
2022-06-21 11:22:24,198 INFO segments: reading tracks from 1 files
2022-06-21 11:22:24,323 INFO segments: read 1 tracks from 1 files
2022-06-21 11:22:24,327 INFO annotations: reading tracks from 1 files
2022-06-21 11:22:24,344 INFO annotations: read 60 tracks from 1 files
2022-06-21 11:22:24,344 INFO workspaces: reading tracks from 1 files
2022-06-21 11:22:24,345 INFO workspaces: read 2 tracks from 1 files
2022-06-21 11:22:24,345 INFO collapsing workspaces
2022-06-21 11:22:24,345 INFO intervals loaded in 0 seconds
2022-06-21 11:22:24,345 INFO collecting observed counts
2022-06-21 11:22:24,346 INFO starting sampling
2022-06-21 11:22:24,346 INFO sampling: merged: 1/1
2022-06-21 11:22:24,346 INFO performing unconditional sampling
2022-06-21 11:22:24,348 INFO workspace without conditioning: 0 segments, 0 nucleotides
2022-06-21 11:22:24,348 INFO workspace after conditioning: 0 segments, 0 nucleotides
2022-06-21 11:22:24,348 WARNING empty workspace - no computation performed
2022-06-21 11:22:24,348 INFO sampling finished
2022-06-21 11:22:24,348 INFO computing PValue statistics
2022-06-21 11:22:24,348 INFO writing counts to analysis/20220621_LocationPatterns/GATresults/WorkspaceHigh0.09_noX/counts/HFinvs_CEUSpence_nucleotide-overlap.tsv.gz
2022-06-21 11:22:24,349 INFO computing FDR statistics
# job finished in 0 seconds at Tue Jun 21 11:22:24 2022 --  0.88  0.03  0.00  0.00 -- 43f51683-7852-4518-a922-84b992b536e5
# output generated by /home/rgomez/anaconda3/bin/gat-run.py --annotations=analysis/20220621_LocationPatterns/GATfiles/Segments/HFinvs.bed --segments=analysis/20220621_LocationPatterns/GATfiles/Annotations/genomicSuperDups_coords_normal.bed --output-counts-pattern=analysis/20220621_LocationPatterns/GATresults/WorkspaceHigh0.09_noX/counts/HFinvs_CEUSpence_%s.tsv.gz --workspace=analysis/20220621_LocationPatterns/GATfiles/Workspace/workspace_CEUSpence.bed --num-samples=100 --log=analysis/20220621_LocationPatterns/GATresults/WorkspaceHigh0.09_noX/log/HFinvs_CEUSpence.log --stdout=analysis/20220621_LocationPatterns/GATresults/WorkspaceHigh0.09_noX/tsv/HFinvs_CEUSpence.tsv
# job started at Tue Jun 21 11:24:39 2022 on rgomez-pc -- 80ca250c-cd1e-4eb9-9f0e-20f3d9a182a3
# pid: 28137, system: Linux 5.3.0-7648-generic #41~1586790036~18.04~600aeb5-Ubuntu SMP Mon Apr 13 17:47:15 UTC  x86_64
# annotation_files                        : ['analysis/20220621_LocationPatterns/GATfiles/Segments/HFinvs.bed']
# annotations_label                       : None
# annotations_to_points                   : None
# bucket_size                             : 0
# cache                                   : None
# conditional                             : unconditional
# conditional_expansion                   : None
# conditional_extension                   : None
# counters                                : []
# enable_split_tracks                     : False
# ignore_segment_tracks                   : True
# input_filename_counts                   : None
# input_filename_descriptions             : None
# input_filename_results                  : None
# isochore_files                          : None
# loglevel                                : 1
# nbuckets                                : 100000
# null                                    : default
# num_samples                             : 100
# num_threads                             : 0
# output_bed                              : []
# output_counts_pattern                   : analysis/20220621_LocationPatterns/GATresults/WorkspaceHigh0.09_noX/counts/HFinvs_CEUSpence_%s.tsv.gz
# output_filename_pattern                 : %s
# output_force                            : False
# output_order                            : fold
# output_plots_pattern                    : None
# output_samples_pattern                  : None
# output_stats                            : []
# output_tables_pattern                   : %s.tsv.gz
# overlapping_annotations                 : False
# pseudo_count                            : 1.0
# pvalue_method                           : empirical
# qvalue_lambda                           : None
# qvalue_method                           : BH
# qvalue_pi0_method                       : smoother
# random_seed                             : None
# restrict_workspace                      : False
# sample_files                            : []
# sampler                                 : annotator
# segment_files                           : ['analysis/20220621_LocationPatterns/GATfiles/Annotations/genomicSuperDups_coords_normal.bed']
# shift_expansion                         : 2.0
# shift_extension                         : 0
# short_help                              : None
# stderr                                  : <_io.TextIOWrapper name='<stderr>' mode='w' encoding='utf-8'>
# stdin                                   : <_io.TextIOWrapper name='<stdin>' mode='r' encoding='utf-8'>
# stdlog                                  : <_io.TextIOWrapper name='analysis/20220621_LocationPatterns/GATresults/WorkspaceHigh0.09_noX/log/HFinvs_CEUSpence.log' mode='a' encoding='UTF-8'>
# stdout                                  : <_io.TextIOWrapper name='analysis/20220621_LocationPatterns/GATresults/WorkspaceHigh0.09_noX/tsv/HFinvs_CEUSpence.tsv' mode='w' encoding='UTF-8'>
# timeit_file                             : None
# timeit_header                           : None
# timeit_name                             : all
# truncate_segments_to_workspace          : False
# truncate_workspace_to_annotations       : False
# workspace_files                         : ['analysis/20220621_LocationPatterns/GATfiles/Workspace/workspace_CEUSpence.bed']
2022-06-21 11:24:39,137 INFO segments: reading tracks from 1 files
2022-06-21 11:24:39,246 INFO segments: read 1 tracks from 1 files
2022-06-21 11:24:39,250 INFO annotations: reading tracks from 1 files
2022-06-21 11:24:39,251 INFO annotations: read 60 tracks from 1 files
2022-06-21 11:24:39,251 INFO workspaces: reading tracks from 1 files
2022-06-21 11:24:39,251 INFO workspaces: read 1 tracks from 1 files
2022-06-21 11:24:39,251 INFO collapsing workspaces
2022-06-21 11:24:39,251 INFO intervals loaded in 0 seconds
2022-06-21 11:24:39,251 INFO collecting observed counts
2022-06-21 11:24:39,252 INFO starting sampling
2022-06-21 11:24:39,252 INFO sampling: merged: 1/1
2022-06-21 11:24:39,252 INFO performing unconditional sampling
2022-06-21 11:24:39,252 INFO workspace without conditioning: 40 segments, 2698883317 nucleotides
2022-06-21 11:24:39,252 INFO workspace after conditioning: 40 segments, 2698883317 nucleotides
2022-06-21 11:24:39,252 INFO sampling started
2022-06-21 11:24:39,337 INFO 0/100 done ( 0.00)
2022-06-21 11:24:47,685 INFO sampling completed
2022-06-21 11:24:47,686 INFO sampling finished
2022-06-21 11:24:47,686 INFO computing PValue statistics
2022-06-21 11:24:47,694 INFO writing counts to analysis/20220621_LocationPatterns/GATresults/WorkspaceHigh0.09_noX/counts/HFinvs_CEUSpence_nucleotide-overlap.tsv.gz
2022-06-21 11:24:47,697 INFO computing FDR statistics
# job finished in 8 seconds at Tue Jun 21 11:24:47 2022 --  9.16  0.18  0.00  0.00 -- 80ca250c-cd1e-4eb9-9f0e-20f3d9a182a3
# output generated by /home/rgomez/anaconda3/bin/gat-run.py --segments=analysis/20220621_LocationPatterns/GATfiles/Segments/HFinvs.bed --annotations=analysis/20220621_LocationPatterns/GATfiles/Annotations/annotations_CEUSpence.bed --output-counts-pattern=analysis/20220621_LocationPatterns/GATresults/WorkspaceHigh0.09_noX/counts/HFinvs_CEUSpence_%s.tsv.gz --workspace=analysis/20220621_LocationPatterns/GATfiles/Workspace/workspace_CEUSpence.bed --num-samples=100 --log=analysis/20220621_LocationPatterns/GATresults/WorkspaceHigh0.09_noX/log/HFinvs_CEUSpence.log --stdout=analysis/20220621_LocationPatterns/GATresults/WorkspaceHigh0.09_noX/tsv/HFinvs_CEUSpence.tsv
# job started at Tue Jun 21 11:50:22 2022 on rgomez-pc -- b75f443b-aa12-4d58-a917-2f667beb4f90
# pid: 32677, system: Linux 5.3.0-7648-generic #41~1586790036~18.04~600aeb5-Ubuntu SMP Mon Apr 13 17:47:15 UTC  x86_64
# annotation_files                        : ['analysis/20220621_LocationPatterns/GATfiles/Annotations/annotations_CEUSpence.bed']
# annotations_label                       : None
# annotations_to_points                   : None
# bucket_size                             : 0
# cache                                   : None
# conditional                             : unconditional
# conditional_expansion                   : None
# conditional_extension                   : None
# counters                                : []
# enable_split_tracks                     : False
# ignore_segment_tracks                   : True
# input_filename_counts                   : None
# input_filename_descriptions             : None
# input_filename_results                  : None
# isochore_files                          : None
# loglevel                                : 1
# nbuckets                                : 100000
# null                                    : default
# num_samples                             : 100
# num_threads                             : 0
# output_bed                              : []
# output_counts_pattern                   : analysis/20220621_LocationPatterns/GATresults/WorkspaceHigh0.09_noX/counts/HFinvs_CEUSpence_%s.tsv.gz
# output_filename_pattern                 : %s
# output_force                            : False
# output_order                            : fold
# output_plots_pattern                    : None
# output_samples_pattern                  : None
# output_stats                            : []
# output_tables_pattern                   : %s.tsv.gz
# overlapping_annotations                 : False
# pseudo_count                            : 1.0
# pvalue_method                           : empirical
# qvalue_lambda                           : None
# qvalue_method                           : BH
# qvalue_pi0_method                       : smoother
# random_seed                             : None
# restrict_workspace                      : False
# sample_files                            : []
# sampler                                 : annotator
# segment_files                           : ['analysis/20220621_LocationPatterns/GATfiles/Segments/HFinvs.bed']
# shift_expansion                         : 2.0
# shift_extension                         : 0
# short_help                              : None
# stderr                                  : <_io.TextIOWrapper name='<stderr>' mode='w' encoding='utf-8'>
# stdin                                   : <_io.TextIOWrapper name='<stdin>' mode='r' encoding='utf-8'>
# stdlog                                  : <_io.TextIOWrapper name='analysis/20220621_LocationPatterns/GATresults/WorkspaceHigh0.09_noX/log/HFinvs_CEUSpence.log' mode='a' encoding='UTF-8'>
# stdout                                  : <_io.TextIOWrapper name='analysis/20220621_LocationPatterns/GATresults/WorkspaceHigh0.09_noX/tsv/HFinvs_CEUSpence.tsv' mode='w' encoding='UTF-8'>
# timeit_file                             : None
# timeit_header                           : None
# timeit_name                             : all
# truncate_segments_to_workspace          : False
# truncate_workspace_to_annotations       : False
# workspace_files                         : ['analysis/20220621_LocationPatterns/GATfiles/Workspace/workspace_CEUSpence.bed']
2022-06-21 11:50:22,019 INFO segments: reading tracks from 1 files
2022-06-21 11:50:22,019 INFO segments: read 1 tracks from 1 files
2022-06-21 11:50:22,019 INFO annotations: reading tracks from 1 files
2022-06-21 11:50:22,380 INFO annotations: read 6 tracks from 1 files
2022-06-21 11:50:22,386 INFO workspaces: reading tracks from 1 files
2022-06-21 11:50:22,386 INFO workspaces: read 1 tracks from 1 files
2022-06-21 11:50:22,386 INFO collapsing workspaces
2022-06-21 11:50:22,387 INFO intervals loaded in 0 seconds
2022-06-21 11:50:22,388 INFO collecting observed counts
2022-06-21 11:50:22,388 INFO starting sampling
2022-06-21 11:50:22,388 INFO sampling: merged: 1/1
2022-06-21 11:50:22,388 INFO performing unconditional sampling
2022-06-21 11:50:22,389 INFO workspace without conditioning: 40 segments, 2698883317 nucleotides
2022-06-21 11:50:22,389 INFO workspace after conditioning: 40 segments, 2698883317 nucleotides
2022-06-21 11:50:22,389 INFO sampling started
2022-06-21 11:50:22,396 INFO 0/100 done ( 0.00)
2022-06-21 11:50:22,987 INFO sampling completed
2022-06-21 11:50:22,988 INFO sampling finished
2022-06-21 11:50:22,988 INFO computing PValue statistics
2022-06-21 11:50:22,989 INFO writing counts to analysis/20220621_LocationPatterns/GATresults/WorkspaceHigh0.09_noX/counts/HFinvs_CEUSpence_nucleotide-overlap.tsv.gz
2022-06-21 11:50:22,990 INFO computing FDR statistics
# job finished in 0 seconds at Tue Jun 21 11:50:22 2022 --  1.76  0.03  0.00  0.00 -- b75f443b-aa12-4d58-a917-2f667beb4f90
