# output generated by /home/rgomez/anaconda3/bin/gat-run.py --annotations=analysis/20220621_LocationPatterns/GATfiles/Segments/HFinvs.bed --segments=analysis/20220621_LocationPatterns/GATfiles/Annotations/genomicSuperDups_coords_normal.bed --output-counts-pattern=analysis/20220621_LocationPatterns/GATresults/WorkspaceHigh0.09_noX/counts/HFinvs_avgBherer_%s.tsv.gz --workspace=analysis/20220621_LocationPatterns/GATfiles/Isochores/genomicSuperDups_COzones_0.09/windows.txt --num-samples=100 --log=analysis/20220621_LocationPatterns/GATresults/WorkspaceHigh0.09_noX/log/HFinvs_avgBherer.log --stdout=analysis/20220621_LocationPatterns/GATresults/WorkspaceHigh0.09_noX/tsv/HFinvs_avgBherer.tsv
# job started at Tue Jun 21 11:22:25 2022 on rgomez-pc -- 6ce76320-3b95-4ddf-9a93-fa9ca51b102d
# pid: 27489, system: Linux 5.3.0-7648-generic #41~1586790036~18.04~600aeb5-Ubuntu SMP Mon Apr 13 17:47:15 UTC  x86_64
# annotation_files                        : ['analysis/20220621_LocationPatterns/GATfiles/Segments/HFinvs.bed']
# annotations_label                       : None
# annotations_to_points                   : None
# bucket_size                             : 0
# cache                                   : None
# conditional                             : unconditional
# conditional_expansion                   : None
# conditional_extension                   : None
# counters                                : []
# enable_split_tracks                     : False
# ignore_segment_tracks                   : True
# input_filename_counts                   : None
# input_filename_descriptions             : None
# input_filename_results                  : None
# isochore_files                          : None
# loglevel                                : 1
# nbuckets                                : 100000
# null                                    : default
# num_samples                             : 100
# num_threads                             : 0
# output_bed                              : []
# output_counts_pattern                   : analysis/20220621_LocationPatterns/GATresults/WorkspaceHigh0.09_noX/counts/HFinvs_avgBherer_%s.tsv.gz
# output_filename_pattern                 : %s
# output_force                            : False
# output_order                            : fold
# output_plots_pattern                    : None
# output_samples_pattern                  : None
# output_stats                            : []
# output_tables_pattern                   : %s.tsv.gz
# overlapping_annotations                 : False
# pseudo_count                            : 1.0
# pvalue_method                           : empirical
# qvalue_lambda                           : None
# qvalue_method                           : BH
# qvalue_pi0_method                       : smoother
# random_seed                             : None
# restrict_workspace                      : False
# sample_files                            : []
# sampler                                 : annotator
# segment_files                           : ['analysis/20220621_LocationPatterns/GATfiles/Annotations/genomicSuperDups_coords_normal.bed']
# shift_expansion                         : 2.0
# shift_extension                         : 0
# short_help                              : None
# stderr                                  : <_io.TextIOWrapper name='<stderr>' mode='w' encoding='utf-8'>
# stdin                                   : <_io.TextIOWrapper name='<stdin>' mode='r' encoding='utf-8'>
# stdlog                                  : <_io.TextIOWrapper name='analysis/20220621_LocationPatterns/GATresults/WorkspaceHigh0.09_noX/log/HFinvs_avgBherer.log' mode='a' encoding='UTF-8'>
# stdout                                  : <_io.TextIOWrapper name='analysis/20220621_LocationPatterns/GATresults/WorkspaceHigh0.09_noX/tsv/HFinvs_avgBherer.tsv' mode='w' encoding='UTF-8'>
# timeit_file                             : None
# timeit_header                           : None
# timeit_name                             : all
# truncate_segments_to_workspace          : False
# truncate_workspace_to_annotations       : False
# workspace_files                         : ['analysis/20220621_LocationPatterns/GATfiles/Isochores/genomicSuperDups_COzones_0.09/windows.txt']
2022-06-21 11:22:25,242 INFO segments: reading tracks from 1 files
2022-06-21 11:22:25,354 INFO segments: read 1 tracks from 1 files
2022-06-21 11:22:25,358 INFO annotations: reading tracks from 1 files
2022-06-21 11:22:25,358 INFO annotations: read 60 tracks from 1 files
2022-06-21 11:22:25,358 INFO workspaces: reading tracks from 1 files
2022-06-21 11:22:25,359 INFO workspaces: read 2 tracks from 1 files
2022-06-21 11:22:25,359 INFO collapsing workspaces
2022-06-21 11:22:25,359 INFO intervals loaded in 0 seconds
2022-06-21 11:22:25,359 INFO collecting observed counts
2022-06-21 11:22:25,359 INFO starting sampling
2022-06-21 11:22:25,359 INFO sampling: merged: 1/1
2022-06-21 11:22:25,359 INFO performing unconditional sampling
2022-06-21 11:22:25,360 INFO workspace without conditioning: 0 segments, 0 nucleotides
2022-06-21 11:22:25,360 INFO workspace after conditioning: 0 segments, 0 nucleotides
2022-06-21 11:22:25,360 WARNING empty workspace - no computation performed
2022-06-21 11:22:25,360 INFO sampling finished
2022-06-21 11:22:25,360 INFO computing PValue statistics
2022-06-21 11:22:25,361 INFO writing counts to analysis/20220621_LocationPatterns/GATresults/WorkspaceHigh0.09_noX/counts/HFinvs_avgBherer_nucleotide-overlap.tsv.gz
2022-06-21 11:22:25,361 INFO computing FDR statistics
# job finished in 0 seconds at Tue Jun 21 11:22:25 2022 --  0.84  0.05  0.00  0.00 -- 6ce76320-3b95-4ddf-9a93-fa9ca51b102d
# output generated by /home/rgomez/anaconda3/bin/gat-run.py --annotations=analysis/20220621_LocationPatterns/GATfiles/Segments/HFinvs.bed --segments=analysis/20220621_LocationPatterns/GATfiles/Annotations/genomicSuperDups_coords_normal.bed --output-counts-pattern=analysis/20220621_LocationPatterns/GATresults/WorkspaceHigh0.09_noX/counts/HFinvs_avgBherer_%s.tsv.gz --workspace=analysis/20220621_LocationPatterns/GATfiles/Workspace/workspace_avgBherer.bed --num-samples=100 --log=analysis/20220621_LocationPatterns/GATresults/WorkspaceHigh0.09_noX/log/HFinvs_avgBherer.log --stdout=analysis/20220621_LocationPatterns/GATresults/WorkspaceHigh0.09_noX/tsv/HFinvs_avgBherer.tsv
# job started at Tue Jun 21 11:24:48 2022 on rgomez-pc -- 23b9658a-9793-4001-84f0-847d56d7a7e7
# pid: 28139, system: Linux 5.3.0-7648-generic #41~1586790036~18.04~600aeb5-Ubuntu SMP Mon Apr 13 17:47:15 UTC  x86_64
# annotation_files                        : ['analysis/20220621_LocationPatterns/GATfiles/Segments/HFinvs.bed']
# annotations_label                       : None
# annotations_to_points                   : None
# bucket_size                             : 0
# cache                                   : None
# conditional                             : unconditional
# conditional_expansion                   : None
# conditional_extension                   : None
# counters                                : []
# enable_split_tracks                     : False
# ignore_segment_tracks                   : True
# input_filename_counts                   : None
# input_filename_descriptions             : None
# input_filename_results                  : None
# isochore_files                          : None
# loglevel                                : 1
# nbuckets                                : 100000
# null                                    : default
# num_samples                             : 100
# num_threads                             : 0
# output_bed                              : []
# output_counts_pattern                   : analysis/20220621_LocationPatterns/GATresults/WorkspaceHigh0.09_noX/counts/HFinvs_avgBherer_%s.tsv.gz
# output_filename_pattern                 : %s
# output_force                            : False
# output_order                            : fold
# output_plots_pattern                    : None
# output_samples_pattern                  : None
# output_stats                            : []
# output_tables_pattern                   : %s.tsv.gz
# overlapping_annotations                 : False
# pseudo_count                            : 1.0
# pvalue_method                           : empirical
# qvalue_lambda                           : None
# qvalue_method                           : BH
# qvalue_pi0_method                       : smoother
# random_seed                             : None
# restrict_workspace                      : False
# sample_files                            : []
# sampler                                 : annotator
# segment_files                           : ['analysis/20220621_LocationPatterns/GATfiles/Annotations/genomicSuperDups_coords_normal.bed']
# shift_expansion                         : 2.0
# shift_extension                         : 0
# short_help                              : None
# stderr                                  : <_io.TextIOWrapper name='<stderr>' mode='w' encoding='utf-8'>
# stdin                                   : <_io.TextIOWrapper name='<stdin>' mode='r' encoding='utf-8'>
# stdlog                                  : <_io.TextIOWrapper name='analysis/20220621_LocationPatterns/GATresults/WorkspaceHigh0.09_noX/log/HFinvs_avgBherer.log' mode='a' encoding='UTF-8'>
# stdout                                  : <_io.TextIOWrapper name='analysis/20220621_LocationPatterns/GATresults/WorkspaceHigh0.09_noX/tsv/HFinvs_avgBherer.tsv' mode='w' encoding='UTF-8'>
# timeit_file                             : None
# timeit_header                           : None
# timeit_name                             : all
# truncate_segments_to_workspace          : False
# truncate_workspace_to_annotations       : False
# workspace_files                         : ['analysis/20220621_LocationPatterns/GATfiles/Workspace/workspace_avgBherer.bed']
2022-06-21 11:24:48,579 INFO segments: reading tracks from 1 files
2022-06-21 11:24:48,690 INFO segments: read 1 tracks from 1 files
2022-06-21 11:24:48,694 INFO annotations: reading tracks from 1 files
2022-06-21 11:24:48,694 INFO annotations: read 60 tracks from 1 files
2022-06-21 11:24:48,694 INFO workspaces: reading tracks from 1 files
2022-06-21 11:24:48,694 INFO workspaces: read 1 tracks from 1 files
2022-06-21 11:24:48,694 INFO collapsing workspaces
2022-06-21 11:24:48,695 INFO intervals loaded in 0 seconds
2022-06-21 11:24:48,695 INFO collecting observed counts
2022-06-21 11:24:48,695 INFO starting sampling
2022-06-21 11:24:48,695 INFO sampling: merged: 1/1
2022-06-21 11:24:48,695 INFO performing unconditional sampling
2022-06-21 11:24:48,696 INFO workspace without conditioning: 39 segments, 2678195140 nucleotides
2022-06-21 11:24:48,696 INFO workspace after conditioning: 39 segments, 2678195140 nucleotides
2022-06-21 11:24:48,696 INFO sampling started
2022-06-21 11:24:48,780 INFO 0/100 done ( 0.00)
2022-06-21 11:24:56,553 INFO sampling completed
2022-06-21 11:24:56,554 INFO sampling finished
2022-06-21 11:24:56,554 INFO computing PValue statistics
2022-06-21 11:24:56,563 INFO writing counts to analysis/20220621_LocationPatterns/GATresults/WorkspaceHigh0.09_noX/counts/HFinvs_avgBherer_nucleotide-overlap.tsv.gz
2022-06-21 11:24:56,566 INFO computing FDR statistics
# job finished in 7 seconds at Tue Jun 21 11:24:56 2022 --  8.72  0.04  0.00  0.00 -- 23b9658a-9793-4001-84f0-847d56d7a7e7
# output generated by /home/rgomez/anaconda3/bin/gat-run.py --segments=analysis/20220621_LocationPatterns/GATfiles/Segments/HFinvs.bed --annotations=analysis/20220621_LocationPatterns/GATfiles/Annotations/annotations_avgBherer.bed --output-counts-pattern=analysis/20220621_LocationPatterns/GATresults/WorkspaceHigh0.09_noX/counts/HFinvs_avgBherer_%s.tsv.gz --workspace=analysis/20220621_LocationPatterns/GATfiles/Workspace/workspace_avgBherer.bed --num-samples=100 --log=analysis/20220621_LocationPatterns/GATresults/WorkspaceHigh0.09_noX/log/HFinvs_avgBherer.log --stdout=analysis/20220621_LocationPatterns/GATresults/WorkspaceHigh0.09_noX/tsv/HFinvs_avgBherer.tsv
# job started at Tue Jun 21 11:50:24 2022 on rgomez-pc -- f0afa40e-3e13-46b8-9375-657b394865f9
# pid: 32679, system: Linux 5.3.0-7648-generic #41~1586790036~18.04~600aeb5-Ubuntu SMP Mon Apr 13 17:47:15 UTC  x86_64
# annotation_files                        : ['analysis/20220621_LocationPatterns/GATfiles/Annotations/annotations_avgBherer.bed']
# annotations_label                       : None
# annotations_to_points                   : None
# bucket_size                             : 0
# cache                                   : None
# conditional                             : unconditional
# conditional_expansion                   : None
# conditional_extension                   : None
# counters                                : []
# enable_split_tracks                     : False
# ignore_segment_tracks                   : True
# input_filename_counts                   : None
# input_filename_descriptions             : None
# input_filename_results                  : None
# isochore_files                          : None
# loglevel                                : 1
# nbuckets                                : 100000
# null                                    : default
# num_samples                             : 100
# num_threads                             : 0
# output_bed                              : []
# output_counts_pattern                   : analysis/20220621_LocationPatterns/GATresults/WorkspaceHigh0.09_noX/counts/HFinvs_avgBherer_%s.tsv.gz
# output_filename_pattern                 : %s
# output_force                            : False
# output_order                            : fold
# output_plots_pattern                    : None
# output_samples_pattern                  : None
# output_stats                            : []
# output_tables_pattern                   : %s.tsv.gz
# overlapping_annotations                 : False
# pseudo_count                            : 1.0
# pvalue_method                           : empirical
# qvalue_lambda                           : None
# qvalue_method                           : BH
# qvalue_pi0_method                       : smoother
# random_seed                             : None
# restrict_workspace                      : False
# sample_files                            : []
# sampler                                 : annotator
# segment_files                           : ['analysis/20220621_LocationPatterns/GATfiles/Segments/HFinvs.bed']
# shift_expansion                         : 2.0
# shift_extension                         : 0
# short_help                              : None
# stderr                                  : <_io.TextIOWrapper name='<stderr>' mode='w' encoding='utf-8'>
# stdin                                   : <_io.TextIOWrapper name='<stdin>' mode='r' encoding='utf-8'>
# stdlog                                  : <_io.TextIOWrapper name='analysis/20220621_LocationPatterns/GATresults/WorkspaceHigh0.09_noX/log/HFinvs_avgBherer.log' mode='a' encoding='UTF-8'>
# stdout                                  : <_io.TextIOWrapper name='analysis/20220621_LocationPatterns/GATresults/WorkspaceHigh0.09_noX/tsv/HFinvs_avgBherer.tsv' mode='w' encoding='UTF-8'>
# timeit_file                             : None
# timeit_header                           : None
# timeit_name                             : all
# truncate_segments_to_workspace          : False
# truncate_workspace_to_annotations       : False
# workspace_files                         : ['analysis/20220621_LocationPatterns/GATfiles/Workspace/workspace_avgBherer.bed']
2022-06-21 11:50:24,004 INFO segments: reading tracks from 1 files
2022-06-21 11:50:24,004 INFO segments: read 1 tracks from 1 files
2022-06-21 11:50:24,005 INFO annotations: reading tracks from 1 files
2022-06-21 11:50:24,286 INFO annotations: read 6 tracks from 1 files
2022-06-21 11:50:24,290 INFO workspaces: reading tracks from 1 files
2022-06-21 11:50:24,290 INFO workspaces: read 1 tracks from 1 files
2022-06-21 11:50:24,290 INFO collapsing workspaces
2022-06-21 11:50:24,290 INFO intervals loaded in 0 seconds
2022-06-21 11:50:24,291 INFO collecting observed counts
2022-06-21 11:50:24,292 INFO starting sampling
2022-06-21 11:50:24,292 INFO sampling: merged: 1/1
2022-06-21 11:50:24,292 INFO performing unconditional sampling
2022-06-21 11:50:24,292 INFO workspace without conditioning: 39 segments, 2678195140 nucleotides
2022-06-21 11:50:24,292 INFO workspace after conditioning: 39 segments, 2678195140 nucleotides
2022-06-21 11:50:24,293 INFO sampling started
2022-06-21 11:50:24,299 INFO 0/100 done ( 0.00)
2022-06-21 11:50:24,958 INFO sampling completed
2022-06-21 11:50:24,958 INFO sampling finished
2022-06-21 11:50:24,958 INFO computing PValue statistics
2022-06-21 11:50:24,959 INFO writing counts to analysis/20220621_LocationPatterns/GATresults/WorkspaceHigh0.09_noX/counts/HFinvs_avgBherer_nucleotide-overlap.tsv.gz
2022-06-21 11:50:24,960 INFO computing FDR statistics
# job finished in 0 seconds at Tue Jun 21 11:50:24 2022 --  1.77  0.07  0.00  0.00 -- f0afa40e-3e13-46b8-9375-657b394865f9
