# output generated by /home/rgomez/anaconda3/bin/gat-run.py --annotations=analysis/20220621_LocationPatterns/GATfiles/Segments/HFNAHRinvs.bed --segments=analysis/20220621_LocationPatterns/GATfiles/Annotations/genomicSuperDups_coords_normal.bed --output-counts-pattern=analysis/20220621_LocationPatterns/GATresults/WorkspaceHigh0.09_noX/counts/HFNAHRinvs_CEUSpence_%s.tsv.gz --workspace=analysis/20220621_LocationPatterns/GATfiles/Isochores/genomicSuperDups_COzones_0.09/windows.txt --num-samples=100 --log=analysis/20220621_LocationPatterns/GATresults/WorkspaceHigh0.09_noX/log/HFNAHRinvs_CEUSpence.log --stdout=analysis/20220621_LocationPatterns/GATresults/WorkspaceHigh0.09_noX/tsv/HFNAHRinvs_CEUSpence.tsv
# job started at Tue Jun 21 11:22:27 2022 on rgomez-pc -- ac1a462a-2928-41ab-bc60-e768af738ac1
# pid: 27499, system: Linux 5.3.0-7648-generic #41~1586790036~18.04~600aeb5-Ubuntu SMP Mon Apr 13 17:47:15 UTC  x86_64
# annotation_files                        : ['analysis/20220621_LocationPatterns/GATfiles/Segments/HFNAHRinvs.bed']
# annotations_label                       : None
# annotations_to_points                   : None
# bucket_size                             : 0
# cache                                   : None
# conditional                             : unconditional
# conditional_expansion                   : None
# conditional_extension                   : None
# counters                                : []
# enable_split_tracks                     : False
# ignore_segment_tracks                   : True
# input_filename_counts                   : None
# input_filename_descriptions             : None
# input_filename_results                  : None
# isochore_files                          : None
# loglevel                                : 1
# nbuckets                                : 100000
# null                                    : default
# num_samples                             : 100
# num_threads                             : 0
# output_bed                              : []
# output_counts_pattern                   : analysis/20220621_LocationPatterns/GATresults/WorkspaceHigh0.09_noX/counts/HFNAHRinvs_CEUSpence_%s.tsv.gz
# output_filename_pattern                 : %s
# output_force                            : False
# output_order                            : fold
# output_plots_pattern                    : None
# output_samples_pattern                  : None
# output_stats                            : []
# output_tables_pattern                   : %s.tsv.gz
# overlapping_annotations                 : False
# pseudo_count                            : 1.0
# pvalue_method                           : empirical
# qvalue_lambda                           : None
# qvalue_method                           : BH
# qvalue_pi0_method                       : smoother
# random_seed                             : None
# restrict_workspace                      : False
# sample_files                            : []
# sampler                                 : annotator
# segment_files                           : ['analysis/20220621_LocationPatterns/GATfiles/Annotations/genomicSuperDups_coords_normal.bed']
# shift_expansion                         : 2.0
# shift_extension                         : 0
# short_help                              : None
# stderr                                  : <_io.TextIOWrapper name='<stderr>' mode='w' encoding='utf-8'>
# stdin                                   : <_io.TextIOWrapper name='<stdin>' mode='r' encoding='utf-8'>
# stdlog                                  : <_io.TextIOWrapper name='analysis/20220621_LocationPatterns/GATresults/WorkspaceHigh0.09_noX/log/HFNAHRinvs_CEUSpence.log' mode='a' encoding='UTF-8'>
# stdout                                  : <_io.TextIOWrapper name='analysis/20220621_LocationPatterns/GATresults/WorkspaceHigh0.09_noX/tsv/HFNAHRinvs_CEUSpence.tsv' mode='w' encoding='UTF-8'>
# timeit_file                             : None
# timeit_header                           : None
# timeit_name                             : all
# truncate_segments_to_workspace          : False
# truncate_workspace_to_annotations       : False
# workspace_files                         : ['analysis/20220621_LocationPatterns/GATfiles/Isochores/genomicSuperDups_COzones_0.09/windows.txt']
2022-06-21 11:22:27,249 INFO segments: reading tracks from 1 files
2022-06-21 11:22:27,360 INFO segments: read 1 tracks from 1 files
2022-06-21 11:22:27,364 INFO annotations: reading tracks from 1 files
2022-06-21 11:22:27,365 INFO annotations: read 30 tracks from 1 files
2022-06-21 11:22:27,365 INFO workspaces: reading tracks from 1 files
2022-06-21 11:22:27,365 INFO workspaces: read 2 tracks from 1 files
2022-06-21 11:22:27,365 INFO collapsing workspaces
2022-06-21 11:22:27,365 INFO intervals loaded in 0 seconds
2022-06-21 11:22:27,365 INFO collecting observed counts
2022-06-21 11:22:27,365 INFO starting sampling
2022-06-21 11:22:27,365 INFO sampling: merged: 1/1
2022-06-21 11:22:27,366 INFO performing unconditional sampling
2022-06-21 11:22:27,366 INFO workspace without conditioning: 0 segments, 0 nucleotides
2022-06-21 11:22:27,366 INFO workspace after conditioning: 0 segments, 0 nucleotides
2022-06-21 11:22:27,366 WARNING empty workspace - no computation performed
2022-06-21 11:22:27,366 INFO sampling finished
2022-06-21 11:22:27,366 INFO computing PValue statistics
2022-06-21 11:22:27,366 INFO writing counts to analysis/20220621_LocationPatterns/GATresults/WorkspaceHigh0.09_noX/counts/HFNAHRinvs_CEUSpence_nucleotide-overlap.tsv.gz
2022-06-21 11:22:27,367 INFO computing FDR statistics
# job finished in 0 seconds at Tue Jun 21 11:22:27 2022 --  0.85  0.02  0.00  0.00 -- ac1a462a-2928-41ab-bc60-e768af738ac1
# output generated by /home/rgomez/anaconda3/bin/gat-run.py --annotations=analysis/20220621_LocationPatterns/GATfiles/Segments/HFNAHRinvs.bed --segments=analysis/20220621_LocationPatterns/GATfiles/Annotations/genomicSuperDups_coords_normal.bed --output-counts-pattern=analysis/20220621_LocationPatterns/GATresults/WorkspaceHigh0.09_noX/counts/HFNAHRinvs_CEUSpence_%s.tsv.gz --workspace=analysis/20220621_LocationPatterns/GATfiles/Workspace/workspace_CEUSpence.bed --num-samples=100 --log=analysis/20220621_LocationPatterns/GATresults/WorkspaceHigh0.09_noX/log/HFNAHRinvs_CEUSpence.log --stdout=analysis/20220621_LocationPatterns/GATresults/WorkspaceHigh0.09_noX/tsv/HFNAHRinvs_CEUSpence.tsv
# job started at Tue Jun 21 11:25:07 2022 on rgomez-pc -- 8694e0a6-06e8-4a7b-a42c-f61dc69918e0
# pid: 28156, system: Linux 5.3.0-7648-generic #41~1586790036~18.04~600aeb5-Ubuntu SMP Mon Apr 13 17:47:15 UTC  x86_64
# annotation_files                        : ['analysis/20220621_LocationPatterns/GATfiles/Segments/HFNAHRinvs.bed']
# annotations_label                       : None
# annotations_to_points                   : None
# bucket_size                             : 0
# cache                                   : None
# conditional                             : unconditional
# conditional_expansion                   : None
# conditional_extension                   : None
# counters                                : []
# enable_split_tracks                     : False
# ignore_segment_tracks                   : True
# input_filename_counts                   : None
# input_filename_descriptions             : None
# input_filename_results                  : None
# isochore_files                          : None
# loglevel                                : 1
# nbuckets                                : 100000
# null                                    : default
# num_samples                             : 100
# num_threads                             : 0
# output_bed                              : []
# output_counts_pattern                   : analysis/20220621_LocationPatterns/GATresults/WorkspaceHigh0.09_noX/counts/HFNAHRinvs_CEUSpence_%s.tsv.gz
# output_filename_pattern                 : %s
# output_force                            : False
# output_order                            : fold
# output_plots_pattern                    : None
# output_samples_pattern                  : None
# output_stats                            : []
# output_tables_pattern                   : %s.tsv.gz
# overlapping_annotations                 : False
# pseudo_count                            : 1.0
# pvalue_method                           : empirical
# qvalue_lambda                           : None
# qvalue_method                           : BH
# qvalue_pi0_method                       : smoother
# random_seed                             : None
# restrict_workspace                      : False
# sample_files                            : []
# sampler                                 : annotator
# segment_files                           : ['analysis/20220621_LocationPatterns/GATfiles/Annotations/genomicSuperDups_coords_normal.bed']
# shift_expansion                         : 2.0
# shift_extension                         : 0
# short_help                              : None
# stderr                                  : <_io.TextIOWrapper name='<stderr>' mode='w' encoding='utf-8'>
# stdin                                   : <_io.TextIOWrapper name='<stdin>' mode='r' encoding='utf-8'>
# stdlog                                  : <_io.TextIOWrapper name='analysis/20220621_LocationPatterns/GATresults/WorkspaceHigh0.09_noX/log/HFNAHRinvs_CEUSpence.log' mode='a' encoding='UTF-8'>
# stdout                                  : <_io.TextIOWrapper name='analysis/20220621_LocationPatterns/GATresults/WorkspaceHigh0.09_noX/tsv/HFNAHRinvs_CEUSpence.tsv' mode='w' encoding='UTF-8'>
# timeit_file                             : None
# timeit_header                           : None
# timeit_name                             : all
# truncate_segments_to_workspace          : False
# truncate_workspace_to_annotations       : False
# workspace_files                         : ['analysis/20220621_LocationPatterns/GATfiles/Workspace/workspace_CEUSpence.bed']
2022-06-21 11:25:07,024 INFO segments: reading tracks from 1 files
2022-06-21 11:25:07,144 INFO segments: read 1 tracks from 1 files
2022-06-21 11:25:07,148 INFO annotations: reading tracks from 1 files
2022-06-21 11:25:07,148 INFO annotations: read 30 tracks from 1 files
2022-06-21 11:25:07,149 INFO workspaces: reading tracks from 1 files
2022-06-21 11:25:07,149 INFO workspaces: read 1 tracks from 1 files
2022-06-21 11:25:07,149 INFO collapsing workspaces
2022-06-21 11:25:07,149 INFO intervals loaded in 0 seconds
2022-06-21 11:25:07,149 INFO collecting observed counts
2022-06-21 11:25:07,149 INFO starting sampling
2022-06-21 11:25:07,149 INFO sampling: merged: 1/1
2022-06-21 11:25:07,149 INFO performing unconditional sampling
2022-06-21 11:25:07,150 INFO workspace without conditioning: 40 segments, 2698883317 nucleotides
2022-06-21 11:25:07,150 INFO workspace after conditioning: 40 segments, 2698883317 nucleotides
2022-06-21 11:25:07,150 INFO sampling started
2022-06-21 11:25:07,238 INFO 0/100 done ( 0.00)
2022-06-21 11:25:15,561 INFO sampling completed
2022-06-21 11:25:15,562 INFO sampling finished
2022-06-21 11:25:15,562 INFO computing PValue statistics
2022-06-21 11:25:15,566 INFO writing counts to analysis/20220621_LocationPatterns/GATresults/WorkspaceHigh0.09_noX/counts/HFNAHRinvs_CEUSpence_nucleotide-overlap.tsv.gz
2022-06-21 11:25:15,568 INFO computing FDR statistics
# job finished in 8 seconds at Tue Jun 21 11:25:15 2022 --  9.30  0.01  0.00  0.00 -- 8694e0a6-06e8-4a7b-a42c-f61dc69918e0
# output generated by /home/rgomez/anaconda3/bin/gat-run.py --segments=analysis/20220621_LocationPatterns/GATfiles/Segments/HFNAHRinvs.bed --annotations=analysis/20220621_LocationPatterns/GATfiles/Annotations/annotations_CEUSpence.bed --output-counts-pattern=analysis/20220621_LocationPatterns/GATresults/WorkspaceHigh0.09_noX/counts/HFNAHRinvs_CEUSpence_%s.tsv.gz --workspace=analysis/20220621_LocationPatterns/GATfiles/Workspace/workspace_CEUSpence.bed --num-samples=100 --log=analysis/20220621_LocationPatterns/GATresults/WorkspaceHigh0.09_noX/log/HFNAHRinvs_CEUSpence.log --stdout=analysis/20220621_LocationPatterns/GATresults/WorkspaceHigh0.09_noX/tsv/HFNAHRinvs_CEUSpence.tsv
# job started at Tue Jun 21 11:50:27 2022 on rgomez-pc -- f6e9a81e-3fab-4c20-82da-2f0775c69b7b
# pid: 32690, system: Linux 5.3.0-7648-generic #41~1586790036~18.04~600aeb5-Ubuntu SMP Mon Apr 13 17:47:15 UTC  x86_64
# annotation_files                        : ['analysis/20220621_LocationPatterns/GATfiles/Annotations/annotations_CEUSpence.bed']
# annotations_label                       : None
# annotations_to_points                   : None
# bucket_size                             : 0
# cache                                   : None
# conditional                             : unconditional
# conditional_expansion                   : None
# conditional_extension                   : None
# counters                                : []
# enable_split_tracks                     : False
# ignore_segment_tracks                   : True
# input_filename_counts                   : None
# input_filename_descriptions             : None
# input_filename_results                  : None
# isochore_files                          : None
# loglevel                                : 1
# nbuckets                                : 100000
# null                                    : default
# num_samples                             : 100
# num_threads                             : 0
# output_bed                              : []
# output_counts_pattern                   : analysis/20220621_LocationPatterns/GATresults/WorkspaceHigh0.09_noX/counts/HFNAHRinvs_CEUSpence_%s.tsv.gz
# output_filename_pattern                 : %s
# output_force                            : False
# output_order                            : fold
# output_plots_pattern                    : None
# output_samples_pattern                  : None
# output_stats                            : []
# output_tables_pattern                   : %s.tsv.gz
# overlapping_annotations                 : False
# pseudo_count                            : 1.0
# pvalue_method                           : empirical
# qvalue_lambda                           : None
# qvalue_method                           : BH
# qvalue_pi0_method                       : smoother
# random_seed                             : None
# restrict_workspace                      : False
# sample_files                            : []
# sampler                                 : annotator
# segment_files                           : ['analysis/20220621_LocationPatterns/GATfiles/Segments/HFNAHRinvs.bed']
# shift_expansion                         : 2.0
# shift_extension                         : 0
# short_help                              : None
# stderr                                  : <_io.TextIOWrapper name='<stderr>' mode='w' encoding='utf-8'>
# stdin                                   : <_io.TextIOWrapper name='<stdin>' mode='r' encoding='utf-8'>
# stdlog                                  : <_io.TextIOWrapper name='analysis/20220621_LocationPatterns/GATresults/WorkspaceHigh0.09_noX/log/HFNAHRinvs_CEUSpence.log' mode='a' encoding='UTF-8'>
# stdout                                  : <_io.TextIOWrapper name='analysis/20220621_LocationPatterns/GATresults/WorkspaceHigh0.09_noX/tsv/HFNAHRinvs_CEUSpence.tsv' mode='w' encoding='UTF-8'>
# timeit_file                             : None
# timeit_header                           : None
# timeit_name                             : all
# truncate_segments_to_workspace          : False
# truncate_workspace_to_annotations       : False
# workspace_files                         : ['analysis/20220621_LocationPatterns/GATfiles/Workspace/workspace_CEUSpence.bed']
2022-06-21 11:50:27,866 INFO segments: reading tracks from 1 files
2022-06-21 11:50:27,866 INFO segments: read 1 tracks from 1 files
2022-06-21 11:50:27,866 INFO annotations: reading tracks from 1 files
2022-06-21 11:50:28,215 INFO annotations: read 6 tracks from 1 files
2022-06-21 11:50:28,221 INFO workspaces: reading tracks from 1 files
2022-06-21 11:50:28,221 INFO workspaces: read 1 tracks from 1 files
2022-06-21 11:50:28,221 INFO collapsing workspaces
2022-06-21 11:50:28,221 INFO intervals loaded in 0 seconds
2022-06-21 11:50:28,223 INFO collecting observed counts
2022-06-21 11:50:28,223 INFO starting sampling
2022-06-21 11:50:28,223 INFO sampling: merged: 1/1
2022-06-21 11:50:28,223 INFO performing unconditional sampling
2022-06-21 11:50:28,224 INFO workspace without conditioning: 40 segments, 2698883317 nucleotides
2022-06-21 11:50:28,224 INFO workspace after conditioning: 40 segments, 2698883317 nucleotides
2022-06-21 11:50:28,224 INFO sampling started
2022-06-21 11:50:28,228 INFO 0/100 done ( 0.00)
2022-06-21 11:50:28,577 INFO sampling completed
2022-06-21 11:50:28,577 INFO sampling finished
2022-06-21 11:50:28,577 INFO computing PValue statistics
2022-06-21 11:50:28,578 INFO writing counts to analysis/20220621_LocationPatterns/GATresults/WorkspaceHigh0.09_noX/counts/HFNAHRinvs_CEUSpence_nucleotide-overlap.tsv.gz
2022-06-21 11:50:28,579 INFO computing FDR statistics
# job finished in 0 seconds at Tue Jun 21 11:50:28 2022 --  1.49  0.04  0.00  0.00 -- f6e9a81e-3fab-4c20-82da-2f0775c69b7b
