# output generated by /home/rgomez/anaconda3/bin/gat-run.py --annotations=analysis/20220621_LocationPatterns/GATfiles/Segments/HFNAHRno501invs.bed --segments=analysis/20220621_LocationPatterns/GATfiles/Annotations/genomicSuperDups_coords_normal.bed --output-counts-pattern=analysis/20220621_LocationPatterns/GATresults/WorkspaceHigh0.09_noX/counts/HFNAHRno501invs_CEUSpence_%s.tsv.gz --workspace=analysis/20220621_LocationPatterns/GATfiles/Isochores/genomicSuperDups_COzones_0.09/windows.txt --num-samples=100 --log=analysis/20220621_LocationPatterns/GATresults/WorkspaceHigh0.09_noX/log/HFNAHRno501invs_CEUSpence.log --stdout=analysis/20220621_LocationPatterns/GATresults/WorkspaceHigh0.09_noX/tsv/HFNAHRno501invs_CEUSpence.tsv
# job started at Tue Jun 21 11:22:30 2022 on rgomez-pc -- 57f17a1f-a25f-40d9-a3a1-3f5d2101377e
# pid: 27511, system: Linux 5.3.0-7648-generic #41~1586790036~18.04~600aeb5-Ubuntu SMP Mon Apr 13 17:47:15 UTC  x86_64
# annotation_files                        : ['analysis/20220621_LocationPatterns/GATfiles/Segments/HFNAHRno501invs.bed']
# annotations_label                       : None
# annotations_to_points                   : None
# bucket_size                             : 0
# cache                                   : None
# conditional                             : unconditional
# conditional_expansion                   : None
# conditional_extension                   : None
# counters                                : []
# enable_split_tracks                     : False
# ignore_segment_tracks                   : True
# input_filename_counts                   : None
# input_filename_descriptions             : None
# input_filename_results                  : None
# isochore_files                          : None
# loglevel                                : 1
# nbuckets                                : 100000
# null                                    : default
# num_samples                             : 100
# num_threads                             : 0
# output_bed                              : []
# output_counts_pattern                   : analysis/20220621_LocationPatterns/GATresults/WorkspaceHigh0.09_noX/counts/HFNAHRno501invs_CEUSpence_%s.tsv.gz
# output_filename_pattern                 : %s
# output_force                            : False
# output_order                            : fold
# output_plots_pattern                    : None
# output_samples_pattern                  : None
# output_stats                            : []
# output_tables_pattern                   : %s.tsv.gz
# overlapping_annotations                 : False
# pseudo_count                            : 1.0
# pvalue_method                           : empirical
# qvalue_lambda                           : None
# qvalue_method                           : BH
# qvalue_pi0_method                       : smoother
# random_seed                             : None
# restrict_workspace                      : False
# sample_files                            : []
# sampler                                 : annotator
# segment_files                           : ['analysis/20220621_LocationPatterns/GATfiles/Annotations/genomicSuperDups_coords_normal.bed']
# shift_expansion                         : 2.0
# shift_extension                         : 0
# short_help                              : None
# stderr                                  : <_io.TextIOWrapper name='<stderr>' mode='w' encoding='utf-8'>
# stdin                                   : <_io.TextIOWrapper name='<stdin>' mode='r' encoding='utf-8'>
# stdlog                                  : <_io.TextIOWrapper name='analysis/20220621_LocationPatterns/GATresults/WorkspaceHigh0.09_noX/log/HFNAHRno501invs_CEUSpence.log' mode='a' encoding='UTF-8'>
# stdout                                  : <_io.TextIOWrapper name='analysis/20220621_LocationPatterns/GATresults/WorkspaceHigh0.09_noX/tsv/HFNAHRno501invs_CEUSpence.tsv' mode='w' encoding='UTF-8'>
# timeit_file                             : None
# timeit_header                           : None
# timeit_name                             : all
# truncate_segments_to_workspace          : False
# truncate_workspace_to_annotations       : False
# workspace_files                         : ['analysis/20220621_LocationPatterns/GATfiles/Isochores/genomicSuperDups_COzones_0.09/windows.txt']
2022-06-21 11:22:30,460 INFO segments: reading tracks from 1 files
2022-06-21 11:22:30,581 INFO segments: read 1 tracks from 1 files
2022-06-21 11:22:30,585 INFO annotations: reading tracks from 1 files
2022-06-21 11:22:30,586 INFO annotations: read 29 tracks from 1 files
2022-06-21 11:22:30,586 INFO workspaces: reading tracks from 1 files
2022-06-21 11:22:30,586 INFO workspaces: read 2 tracks from 1 files
2022-06-21 11:22:30,586 INFO collapsing workspaces
2022-06-21 11:22:30,586 INFO intervals loaded in 0 seconds
2022-06-21 11:22:30,586 INFO collecting observed counts
2022-06-21 11:22:30,587 INFO starting sampling
2022-06-21 11:22:30,587 INFO sampling: merged: 1/1
2022-06-21 11:22:30,587 INFO performing unconditional sampling
2022-06-21 11:22:30,587 INFO workspace without conditioning: 0 segments, 0 nucleotides
2022-06-21 11:22:30,587 INFO workspace after conditioning: 0 segments, 0 nucleotides
2022-06-21 11:22:30,587 WARNING empty workspace - no computation performed
2022-06-21 11:22:30,587 INFO sampling finished
2022-06-21 11:22:30,588 INFO computing PValue statistics
2022-06-21 11:22:30,588 INFO writing counts to analysis/20220621_LocationPatterns/GATresults/WorkspaceHigh0.09_noX/counts/HFNAHRno501invs_CEUSpence_nucleotide-overlap.tsv.gz
2022-06-21 11:22:30,588 INFO computing FDR statistics
# job finished in 0 seconds at Tue Jun 21 11:22:30 2022 --  0.92  0.08  0.00  0.00 -- 57f17a1f-a25f-40d9-a3a1-3f5d2101377e
# output generated by /home/rgomez/anaconda3/bin/gat-run.py --annotations=analysis/20220621_LocationPatterns/GATfiles/Segments/HFNAHRno501invs.bed --segments=analysis/20220621_LocationPatterns/GATfiles/Annotations/genomicSuperDups_coords_normal.bed --output-counts-pattern=analysis/20220621_LocationPatterns/GATresults/WorkspaceHigh0.09_noX/counts/HFNAHRno501invs_CEUSpence_%s.tsv.gz --workspace=analysis/20220621_LocationPatterns/GATfiles/Workspace/workspace_CEUSpence.bed --num-samples=100 --log=analysis/20220621_LocationPatterns/GATresults/WorkspaceHigh0.09_noX/log/HFNAHRno501invs_CEUSpence.log --stdout=analysis/20220621_LocationPatterns/GATresults/WorkspaceHigh0.09_noX/tsv/HFNAHRno501invs_CEUSpence.tsv
# job started at Tue Jun 21 11:25:34 2022 on rgomez-pc -- aded64b8-325d-4c70-8d2d-f6273c78c240
# pid: 28182, system: Linux 5.3.0-7648-generic #41~1586790036~18.04~600aeb5-Ubuntu SMP Mon Apr 13 17:47:15 UTC  x86_64
# annotation_files                        : ['analysis/20220621_LocationPatterns/GATfiles/Segments/HFNAHRno501invs.bed']
# annotations_label                       : None
# annotations_to_points                   : None
# bucket_size                             : 0
# cache                                   : None
# conditional                             : unconditional
# conditional_expansion                   : None
# conditional_extension                   : None
# counters                                : []
# enable_split_tracks                     : False
# ignore_segment_tracks                   : True
# input_filename_counts                   : None
# input_filename_descriptions             : None
# input_filename_results                  : None
# isochore_files                          : None
# loglevel                                : 1
# nbuckets                                : 100000
# null                                    : default
# num_samples                             : 100
# num_threads                             : 0
# output_bed                              : []
# output_counts_pattern                   : analysis/20220621_LocationPatterns/GATresults/WorkspaceHigh0.09_noX/counts/HFNAHRno501invs_CEUSpence_%s.tsv.gz
# output_filename_pattern                 : %s
# output_force                            : False
# output_order                            : fold
# output_plots_pattern                    : None
# output_samples_pattern                  : None
# output_stats                            : []
# output_tables_pattern                   : %s.tsv.gz
# overlapping_annotations                 : False
# pseudo_count                            : 1.0
# pvalue_method                           : empirical
# qvalue_lambda                           : None
# qvalue_method                           : BH
# qvalue_pi0_method                       : smoother
# random_seed                             : None
# restrict_workspace                      : False
# sample_files                            : []
# sampler                                 : annotator
# segment_files                           : ['analysis/20220621_LocationPatterns/GATfiles/Annotations/genomicSuperDups_coords_normal.bed']
# shift_expansion                         : 2.0
# shift_extension                         : 0
# short_help                              : None
# stderr                                  : <_io.TextIOWrapper name='<stderr>' mode='w' encoding='utf-8'>
# stdin                                   : <_io.TextIOWrapper name='<stdin>' mode='r' encoding='utf-8'>
# stdlog                                  : <_io.TextIOWrapper name='analysis/20220621_LocationPatterns/GATresults/WorkspaceHigh0.09_noX/log/HFNAHRno501invs_CEUSpence.log' mode='a' encoding='UTF-8'>
# stdout                                  : <_io.TextIOWrapper name='analysis/20220621_LocationPatterns/GATresults/WorkspaceHigh0.09_noX/tsv/HFNAHRno501invs_CEUSpence.tsv' mode='w' encoding='UTF-8'>
# timeit_file                             : None
# timeit_header                           : None
# timeit_name                             : all
# truncate_segments_to_workspace          : False
# truncate_workspace_to_annotations       : False
# workspace_files                         : ['analysis/20220621_LocationPatterns/GATfiles/Workspace/workspace_CEUSpence.bed']
2022-06-21 11:25:34,916 INFO segments: reading tracks from 1 files
2022-06-21 11:25:35,034 INFO segments: read 1 tracks from 1 files
2022-06-21 11:25:35,038 INFO annotations: reading tracks from 1 files
2022-06-21 11:25:35,038 INFO annotations: read 29 tracks from 1 files
2022-06-21 11:25:35,038 INFO workspaces: reading tracks from 1 files
2022-06-21 11:25:35,039 INFO workspaces: read 1 tracks from 1 files
2022-06-21 11:25:35,039 INFO collapsing workspaces
2022-06-21 11:25:35,039 INFO intervals loaded in 0 seconds
2022-06-21 11:25:35,039 INFO collecting observed counts
2022-06-21 11:25:35,039 INFO starting sampling
2022-06-21 11:25:35,039 INFO sampling: merged: 1/1
2022-06-21 11:25:35,039 INFO performing unconditional sampling
2022-06-21 11:25:35,040 INFO workspace without conditioning: 40 segments, 2698883317 nucleotides
2022-06-21 11:25:35,040 INFO workspace after conditioning: 40 segments, 2698883317 nucleotides
2022-06-21 11:25:35,040 INFO sampling started
2022-06-21 11:25:35,123 INFO 0/100 done ( 0.00)
2022-06-21 11:25:43,236 INFO sampling completed
2022-06-21 11:25:43,237 INFO sampling finished
2022-06-21 11:25:43,237 INFO computing PValue statistics
2022-06-21 11:25:43,241 INFO writing counts to analysis/20220621_LocationPatterns/GATresults/WorkspaceHigh0.09_noX/counts/HFNAHRno501invs_CEUSpence_nucleotide-overlap.tsv.gz
2022-06-21 11:25:43,243 INFO computing FDR statistics
# job finished in 8 seconds at Tue Jun 21 11:25:43 2022 --  9.05  0.04  0.00  0.00 -- aded64b8-325d-4c70-8d2d-f6273c78c240
# output generated by /home/rgomez/anaconda3/bin/gat-run.py --segments=analysis/20220621_LocationPatterns/GATfiles/Segments/HFNAHRno501invs.bed --annotations=analysis/20220621_LocationPatterns/GATfiles/Annotations/annotations_CEUSpence.bed --output-counts-pattern=analysis/20220621_LocationPatterns/GATresults/WorkspaceHigh0.09_noX/counts/HFNAHRno501invs_CEUSpence_%s.tsv.gz --workspace=analysis/20220621_LocationPatterns/GATfiles/Workspace/workspace_CEUSpence.bed --num-samples=100 --log=analysis/20220621_LocationPatterns/GATresults/WorkspaceHigh0.09_noX/log/HFNAHRno501invs_CEUSpence.log --stdout=analysis/20220621_LocationPatterns/GATresults/WorkspaceHigh0.09_noX/tsv/HFNAHRno501invs_CEUSpence.tsv
# job started at Tue Jun 21 11:50:32 2022 on rgomez-pc -- a8a6327c-f992-4cac-a36e-70482904b4ce
# pid: 32709, system: Linux 5.3.0-7648-generic #41~1586790036~18.04~600aeb5-Ubuntu SMP Mon Apr 13 17:47:15 UTC  x86_64
# annotation_files                        : ['analysis/20220621_LocationPatterns/GATfiles/Annotations/annotations_CEUSpence.bed']
# annotations_label                       : None
# annotations_to_points                   : None
# bucket_size                             : 0
# cache                                   : None
# conditional                             : unconditional
# conditional_expansion                   : None
# conditional_extension                   : None
# counters                                : []
# enable_split_tracks                     : False
# ignore_segment_tracks                   : True
# input_filename_counts                   : None
# input_filename_descriptions             : None
# input_filename_results                  : None
# isochore_files                          : None
# loglevel                                : 1
# nbuckets                                : 100000
# null                                    : default
# num_samples                             : 100
# num_threads                             : 0
# output_bed                              : []
# output_counts_pattern                   : analysis/20220621_LocationPatterns/GATresults/WorkspaceHigh0.09_noX/counts/HFNAHRno501invs_CEUSpence_%s.tsv.gz
# output_filename_pattern                 : %s
# output_force                            : False
# output_order                            : fold
# output_plots_pattern                    : None
# output_samples_pattern                  : None
# output_stats                            : []
# output_tables_pattern                   : %s.tsv.gz
# overlapping_annotations                 : False
# pseudo_count                            : 1.0
# pvalue_method                           : empirical
# qvalue_lambda                           : None
# qvalue_method                           : BH
# qvalue_pi0_method                       : smoother
# random_seed                             : None
# restrict_workspace                      : False
# sample_files                            : []
# sampler                                 : annotator
# segment_files                           : ['analysis/20220621_LocationPatterns/GATfiles/Segments/HFNAHRno501invs.bed']
# shift_expansion                         : 2.0
# shift_extension                         : 0
# short_help                              : None
# stderr                                  : <_io.TextIOWrapper name='<stderr>' mode='w' encoding='utf-8'>
# stdin                                   : <_io.TextIOWrapper name='<stdin>' mode='r' encoding='utf-8'>
# stdlog                                  : <_io.TextIOWrapper name='analysis/20220621_LocationPatterns/GATresults/WorkspaceHigh0.09_noX/log/HFNAHRno501invs_CEUSpence.log' mode='a' encoding='UTF-8'>
# stdout                                  : <_io.TextIOWrapper name='analysis/20220621_LocationPatterns/GATresults/WorkspaceHigh0.09_noX/tsv/HFNAHRno501invs_CEUSpence.tsv' mode='w' encoding='UTF-8'>
# timeit_file                             : None
# timeit_header                           : None
# timeit_name                             : all
# truncate_segments_to_workspace          : False
# truncate_workspace_to_annotations       : False
# workspace_files                         : ['analysis/20220621_LocationPatterns/GATfiles/Workspace/workspace_CEUSpence.bed']
2022-06-21 11:50:32,896 INFO segments: reading tracks from 1 files
2022-06-21 11:50:32,896 INFO segments: read 1 tracks from 1 files
2022-06-21 11:50:32,896 INFO annotations: reading tracks from 1 files
2022-06-21 11:50:33,261 INFO annotations: read 6 tracks from 1 files
2022-06-21 11:50:33,266 INFO workspaces: reading tracks from 1 files
2022-06-21 11:50:33,266 INFO workspaces: read 1 tracks from 1 files
2022-06-21 11:50:33,266 INFO collapsing workspaces
2022-06-21 11:50:33,267 INFO intervals loaded in 0 seconds
2022-06-21 11:50:33,268 INFO collecting observed counts
2022-06-21 11:50:33,268 INFO starting sampling
2022-06-21 11:50:33,268 INFO sampling: merged: 1/1
2022-06-21 11:50:33,268 INFO performing unconditional sampling
2022-06-21 11:50:33,269 INFO workspace without conditioning: 40 segments, 2698883317 nucleotides
2022-06-21 11:50:33,269 INFO workspace after conditioning: 40 segments, 2698883317 nucleotides
2022-06-21 11:50:33,269 INFO sampling started
2022-06-21 11:50:33,273 INFO 0/100 done ( 0.00)
2022-06-21 11:50:33,610 INFO sampling completed
2022-06-21 11:50:33,611 INFO sampling finished
2022-06-21 11:50:33,611 INFO computing PValue statistics
2022-06-21 11:50:33,612 INFO writing counts to analysis/20220621_LocationPatterns/GATresults/WorkspaceHigh0.09_noX/counts/HFNAHRno501invs_CEUSpence_nucleotide-overlap.tsv.gz
2022-06-21 11:50:33,613 INFO computing FDR statistics
# job finished in 0 seconds at Tue Jun 21 11:50:33 2022 --  1.46  0.02  0.00  0.00 -- a8a6327c-f992-4cac-a36e-70482904b4ce
