# output generated by /home/rgomez/anaconda3/bin/gat-run.py --annotations=analysis/20220621_LocationPatterns/GATfiles/Segments/LFinvs.bed --segments=analysis/20220621_LocationPatterns/GATfiles/Annotations/genomicSuperDups_coords_normal.bed --output-counts-pattern=analysis/20220621_LocationPatterns/GATresults/WorkspaceHigh0.09_noX/counts/LFinvs_avgBherer_%s.tsv.gz --workspace=analysis/20220621_LocationPatterns/GATfiles/Isochores/genomicSuperDups_COzones_0.09/windows.txt --num-samples=100 --log=analysis/20220621_LocationPatterns/GATresults/WorkspaceHigh0.09_noX/log/LFinvs_avgBherer.log --stdout=analysis/20220621_LocationPatterns/GATresults/WorkspaceHigh0.09_noX/tsv/LFinvs_avgBherer.tsv
# job started at Tue Jun 21 11:22:43 2022 on rgomez-pc -- 58e5cbe2-f19b-4257-8276-60d1668c1924
# pid: 27579, system: Linux 5.3.0-7648-generic #41~1586790036~18.04~600aeb5-Ubuntu SMP Mon Apr 13 17:47:15 UTC  x86_64
# annotation_files                        : ['analysis/20220621_LocationPatterns/GATfiles/Segments/LFinvs.bed']
# annotations_label                       : None
# annotations_to_points                   : None
# bucket_size                             : 0
# cache                                   : None
# conditional                             : unconditional
# conditional_expansion                   : None
# conditional_extension                   : None
# counters                                : []
# enable_split_tracks                     : False
# ignore_segment_tracks                   : True
# input_filename_counts                   : None
# input_filename_descriptions             : None
# input_filename_results                  : None
# isochore_files                          : None
# loglevel                                : 1
# nbuckets                                : 100000
# null                                    : default
# num_samples                             : 100
# num_threads                             : 0
# output_bed                              : []
# output_counts_pattern                   : analysis/20220621_LocationPatterns/GATresults/WorkspaceHigh0.09_noX/counts/LFinvs_avgBherer_%s.tsv.gz
# output_filename_pattern                 : %s
# output_force                            : False
# output_order                            : fold
# output_plots_pattern                    : None
# output_samples_pattern                  : None
# output_stats                            : []
# output_tables_pattern                   : %s.tsv.gz
# overlapping_annotations                 : False
# pseudo_count                            : 1.0
# pvalue_method                           : empirical
# qvalue_lambda                           : None
# qvalue_method                           : BH
# qvalue_pi0_method                       : smoother
# random_seed                             : None
# restrict_workspace                      : False
# sample_files                            : []
# sampler                                 : annotator
# segment_files                           : ['analysis/20220621_LocationPatterns/GATfiles/Annotations/genomicSuperDups_coords_normal.bed']
# shift_expansion                         : 2.0
# shift_extension                         : 0
# short_help                              : None
# stderr                                  : <_io.TextIOWrapper name='<stderr>' mode='w' encoding='utf-8'>
# stdin                                   : <_io.TextIOWrapper name='<stdin>' mode='r' encoding='utf-8'>
# stdlog                                  : <_io.TextIOWrapper name='analysis/20220621_LocationPatterns/GATresults/WorkspaceHigh0.09_noX/log/LFinvs_avgBherer.log' mode='a' encoding='UTF-8'>
# stdout                                  : <_io.TextIOWrapper name='analysis/20220621_LocationPatterns/GATresults/WorkspaceHigh0.09_noX/tsv/LFinvs_avgBherer.tsv' mode='w' encoding='UTF-8'>
# timeit_file                             : None
# timeit_header                           : None
# timeit_name                             : all
# truncate_segments_to_workspace          : False
# truncate_workspace_to_annotations       : False
# workspace_files                         : ['analysis/20220621_LocationPatterns/GATfiles/Isochores/genomicSuperDups_COzones_0.09/windows.txt']
2022-06-21 11:22:43,914 INFO segments: reading tracks from 1 files
2022-06-21 11:22:44,027 INFO segments: read 1 tracks from 1 files
2022-06-21 11:22:44,031 INFO annotations: reading tracks from 1 files
2022-06-21 11:22:44,031 INFO annotations: read 77 tracks from 1 files
2022-06-21 11:22:44,031 INFO workspaces: reading tracks from 1 files
2022-06-21 11:22:44,032 INFO workspaces: read 2 tracks from 1 files
2022-06-21 11:22:44,032 INFO collapsing workspaces
2022-06-21 11:22:44,032 INFO intervals loaded in 0 seconds
2022-06-21 11:22:44,032 INFO collecting observed counts
2022-06-21 11:22:44,033 INFO starting sampling
2022-06-21 11:22:44,033 INFO sampling: merged: 1/1
2022-06-21 11:22:44,033 INFO performing unconditional sampling
2022-06-21 11:22:44,034 INFO workspace without conditioning: 0 segments, 0 nucleotides
2022-06-21 11:22:44,034 INFO workspace after conditioning: 0 segments, 0 nucleotides
2022-06-21 11:22:44,034 WARNING empty workspace - no computation performed
2022-06-21 11:22:44,034 INFO sampling finished
2022-06-21 11:22:44,034 INFO computing PValue statistics
2022-06-21 11:22:44,034 INFO writing counts to analysis/20220621_LocationPatterns/GATresults/WorkspaceHigh0.09_noX/counts/LFinvs_avgBherer_nucleotide-overlap.tsv.gz
2022-06-21 11:22:44,034 INFO computing FDR statistics
# job finished in 0 seconds at Tue Jun 21 11:22:44 2022 --  0.89  0.02  0.00  0.00 -- 58e5cbe2-f19b-4257-8276-60d1668c1924
# output generated by /home/rgomez/anaconda3/bin/gat-run.py --annotations=analysis/20220621_LocationPatterns/GATfiles/Segments/LFinvs.bed --segments=analysis/20220621_LocationPatterns/GATfiles/Annotations/genomicSuperDups_coords_normal.bed --output-counts-pattern=analysis/20220621_LocationPatterns/GATresults/WorkspaceHigh0.09_noX/counts/LFinvs_avgBherer_%s.tsv.gz --workspace=analysis/20220621_LocationPatterns/GATfiles/Workspace/workspace_avgBherer.bed --num-samples=100 --log=analysis/20220621_LocationPatterns/GATresults/WorkspaceHigh0.09_noX/log/LFinvs_avgBherer.log --stdout=analysis/20220621_LocationPatterns/GATresults/WorkspaceHigh0.09_noX/tsv/LFinvs_avgBherer.tsv
# job started at Tue Jun 21 11:27:36 2022 on rgomez-pc -- 36a0454c-0323-4822-b211-6b877a76aa55
# pid: 28263, system: Linux 5.3.0-7648-generic #41~1586790036~18.04~600aeb5-Ubuntu SMP Mon Apr 13 17:47:15 UTC  x86_64
# annotation_files                        : ['analysis/20220621_LocationPatterns/GATfiles/Segments/LFinvs.bed']
# annotations_label                       : None
# annotations_to_points                   : None
# bucket_size                             : 0
# cache                                   : None
# conditional                             : unconditional
# conditional_expansion                   : None
# conditional_extension                   : None
# counters                                : []
# enable_split_tracks                     : False
# ignore_segment_tracks                   : True
# input_filename_counts                   : None
# input_filename_descriptions             : None
# input_filename_results                  : None
# isochore_files                          : None
# loglevel                                : 1
# nbuckets                                : 100000
# null                                    : default
# num_samples                             : 100
# num_threads                             : 0
# output_bed                              : []
# output_counts_pattern                   : analysis/20220621_LocationPatterns/GATresults/WorkspaceHigh0.09_noX/counts/LFinvs_avgBherer_%s.tsv.gz
# output_filename_pattern                 : %s
# output_force                            : False
# output_order                            : fold
# output_plots_pattern                    : None
# output_samples_pattern                  : None
# output_stats                            : []
# output_tables_pattern                   : %s.tsv.gz
# overlapping_annotations                 : False
# pseudo_count                            : 1.0
# pvalue_method                           : empirical
# qvalue_lambda                           : None
# qvalue_method                           : BH
# qvalue_pi0_method                       : smoother
# random_seed                             : None
# restrict_workspace                      : False
# sample_files                            : []
# sampler                                 : annotator
# segment_files                           : ['analysis/20220621_LocationPatterns/GATfiles/Annotations/genomicSuperDups_coords_normal.bed']
# shift_expansion                         : 2.0
# shift_extension                         : 0
# short_help                              : None
# stderr                                  : <_io.TextIOWrapper name='<stderr>' mode='w' encoding='utf-8'>
# stdin                                   : <_io.TextIOWrapper name='<stdin>' mode='r' encoding='utf-8'>
# stdlog                                  : <_io.TextIOWrapper name='analysis/20220621_LocationPatterns/GATresults/WorkspaceHigh0.09_noX/log/LFinvs_avgBherer.log' mode='a' encoding='UTF-8'>
# stdout                                  : <_io.TextIOWrapper name='analysis/20220621_LocationPatterns/GATresults/WorkspaceHigh0.09_noX/tsv/LFinvs_avgBherer.tsv' mode='w' encoding='UTF-8'>
# timeit_file                             : None
# timeit_header                           : None
# timeit_name                             : all
# truncate_segments_to_workspace          : False
# truncate_workspace_to_annotations       : False
# workspace_files                         : ['analysis/20220621_LocationPatterns/GATfiles/Workspace/workspace_avgBherer.bed']
2022-06-21 11:27:36,708 INFO segments: reading tracks from 1 files
2022-06-21 11:27:36,821 INFO segments: read 1 tracks from 1 files
2022-06-21 11:27:36,825 INFO annotations: reading tracks from 1 files
2022-06-21 11:27:36,825 INFO annotations: read 77 tracks from 1 files
2022-06-21 11:27:36,825 INFO workspaces: reading tracks from 1 files
2022-06-21 11:27:36,825 INFO workspaces: read 1 tracks from 1 files
2022-06-21 11:27:36,825 INFO collapsing workspaces
2022-06-21 11:27:36,825 INFO intervals loaded in 0 seconds
2022-06-21 11:27:36,826 INFO collecting observed counts
2022-06-21 11:27:36,826 INFO starting sampling
2022-06-21 11:27:36,826 INFO sampling: merged: 1/1
2022-06-21 11:27:36,826 INFO performing unconditional sampling
2022-06-21 11:27:36,827 INFO workspace without conditioning: 39 segments, 2678195140 nucleotides
2022-06-21 11:27:36,827 INFO workspace after conditioning: 39 segments, 2678195140 nucleotides
2022-06-21 11:27:36,828 INFO sampling started
2022-06-21 11:27:36,912 INFO 0/100 done ( 0.00)
2022-06-21 11:27:44,996 INFO sampling completed
2022-06-21 11:27:44,997 INFO sampling finished
2022-06-21 11:27:44,997 INFO computing PValue statistics
2022-06-21 11:27:45,007 INFO writing counts to analysis/20220621_LocationPatterns/GATresults/WorkspaceHigh0.09_noX/counts/LFinvs_avgBherer_nucleotide-overlap.tsv.gz
2022-06-21 11:27:45,013 INFO computing FDR statistics
# job finished in 8 seconds at Tue Jun 21 11:27:45 2022 --  9.02  0.04  0.00  0.00 -- 36a0454c-0323-4822-b211-6b877a76aa55
# output generated by /home/rgomez/anaconda3/bin/gat-run.py --segments=analysis/20220621_LocationPatterns/GATfiles/Segments/LFinvs.bed --annotations=analysis/20220621_LocationPatterns/GATfiles/Annotations/annotations_avgBherer.bed --output-counts-pattern=analysis/20220621_LocationPatterns/GATresults/WorkspaceHigh0.09_noX/counts/LFinvs_avgBherer_%s.tsv.gz --workspace=analysis/20220621_LocationPatterns/GATfiles/Workspace/workspace_avgBherer.bed --num-samples=100 --log=analysis/20220621_LocationPatterns/GATresults/WorkspaceHigh0.09_noX/log/LFinvs_avgBherer.log --stdout=analysis/20220621_LocationPatterns/GATresults/WorkspaceHigh0.09_noX/tsv/LFinvs_avgBherer.tsv
# job started at Tue Jun 21 11:50:57 2022 on rgomez-pc -- 5a09788f-b8e1-425c-9422-1a532259fb74
# pid: 308, system: Linux 5.3.0-7648-generic #41~1586790036~18.04~600aeb5-Ubuntu SMP Mon Apr 13 17:47:15 UTC  x86_64
# annotation_files                        : ['analysis/20220621_LocationPatterns/GATfiles/Annotations/annotations_avgBherer.bed']
# annotations_label                       : None
# annotations_to_points                   : None
# bucket_size                             : 0
# cache                                   : None
# conditional                             : unconditional
# conditional_expansion                   : None
# conditional_extension                   : None
# counters                                : []
# enable_split_tracks                     : False
# ignore_segment_tracks                   : True
# input_filename_counts                   : None
# input_filename_descriptions             : None
# input_filename_results                  : None
# isochore_files                          : None
# loglevel                                : 1
# nbuckets                                : 100000
# null                                    : default
# num_samples                             : 100
# num_threads                             : 0
# output_bed                              : []
# output_counts_pattern                   : analysis/20220621_LocationPatterns/GATresults/WorkspaceHigh0.09_noX/counts/LFinvs_avgBherer_%s.tsv.gz
# output_filename_pattern                 : %s
# output_force                            : False
# output_order                            : fold
# output_plots_pattern                    : None
# output_samples_pattern                  : None
# output_stats                            : []
# output_tables_pattern                   : %s.tsv.gz
# overlapping_annotations                 : False
# pseudo_count                            : 1.0
# pvalue_method                           : empirical
# qvalue_lambda                           : None
# qvalue_method                           : BH
# qvalue_pi0_method                       : smoother
# random_seed                             : None
# restrict_workspace                      : False
# sample_files                            : []
# sampler                                 : annotator
# segment_files                           : ['analysis/20220621_LocationPatterns/GATfiles/Segments/LFinvs.bed']
# shift_expansion                         : 2.0
# shift_extension                         : 0
# short_help                              : None
# stderr                                  : <_io.TextIOWrapper name='<stderr>' mode='w' encoding='utf-8'>
# stdin                                   : <_io.TextIOWrapper name='<stdin>' mode='r' encoding='utf-8'>
# stdlog                                  : <_io.TextIOWrapper name='analysis/20220621_LocationPatterns/GATresults/WorkspaceHigh0.09_noX/log/LFinvs_avgBherer.log' mode='a' encoding='UTF-8'>
# stdout                                  : <_io.TextIOWrapper name='analysis/20220621_LocationPatterns/GATresults/WorkspaceHigh0.09_noX/tsv/LFinvs_avgBherer.tsv' mode='w' encoding='UTF-8'>
# timeit_file                             : None
# timeit_header                           : None
# timeit_name                             : all
# truncate_segments_to_workspace          : False
# truncate_workspace_to_annotations       : False
# workspace_files                         : ['analysis/20220621_LocationPatterns/GATfiles/Workspace/workspace_avgBherer.bed']
2022-06-21 11:50:57,020 INFO segments: reading tracks from 1 files
2022-06-21 11:50:57,020 INFO segments: read 1 tracks from 1 files
2022-06-21 11:50:57,021 INFO annotations: reading tracks from 1 files
2022-06-21 11:50:57,356 INFO annotations: read 6 tracks from 1 files
2022-06-21 11:50:57,361 INFO workspaces: reading tracks from 1 files
2022-06-21 11:50:57,361 INFO workspaces: read 1 tracks from 1 files
2022-06-21 11:50:57,361 INFO collapsing workspaces
2022-06-21 11:50:57,361 INFO intervals loaded in 0 seconds
2022-06-21 11:50:57,363 INFO collecting observed counts
2022-06-21 11:50:57,363 INFO starting sampling
2022-06-21 11:50:57,363 INFO sampling: merged: 1/1
2022-06-21 11:50:57,364 INFO performing unconditional sampling
2022-06-21 11:50:57,365 INFO workspace without conditioning: 39 segments, 2678195140 nucleotides
2022-06-21 11:50:57,365 INFO workspace after conditioning: 39 segments, 2678195140 nucleotides
2022-06-21 11:50:57,365 INFO sampling started
2022-06-21 11:50:57,370 INFO 0/100 done ( 0.00)
2022-06-21 11:50:57,742 INFO sampling completed
2022-06-21 11:50:57,743 INFO sampling finished
2022-06-21 11:50:57,743 INFO computing PValue statistics
2022-06-21 11:50:57,744 INFO writing counts to analysis/20220621_LocationPatterns/GATresults/WorkspaceHigh0.09_noX/counts/LFinvs_avgBherer_nucleotide-overlap.tsv.gz
2022-06-21 11:50:57,745 INFO computing FDR statistics
# job finished in 0 seconds at Tue Jun 21 11:50:57 2022 --  1.57  0.02  0.00  0.00 -- 5a09788f-b8e1-425c-9422-1a532259fb74
