# output generated by /home/rgomez/anaconda3/bin/gat-run.py --annotations=analysis/20220621_LocationPatterns/GATfiles/Segments/LFNHinvs.bed --segments=analysis/20220621_LocationPatterns/GATfiles/Annotations/genomicSuperDups_coords_normal.bed --output-counts-pattern=analysis/20220621_LocationPatterns/GATresults/WorkspaceHigh0.09_noX/counts/LFNHinvs_CEUSpence_%s.tsv.gz --workspace=analysis/20220621_LocationPatterns/GATfiles/Isochores/genomicSuperDups_COzones_0.09/windows.txt --num-samples=100 --log=analysis/20220621_LocationPatterns/GATresults/WorkspaceHigh0.09_noX/log/LFNHinvs_CEUSpence.log --stdout=analysis/20220621_LocationPatterns/GATresults/WorkspaceHigh0.09_noX/tsv/LFNHinvs_CEUSpence.tsv
# job started at Tue Jun 21 11:22:49 2022 on rgomez-pc -- 3d89a3c9-a0a0-4d25-a4d2-2e16f446ce4f
# pid: 27606, system: Linux 5.3.0-7648-generic #41~1586790036~18.04~600aeb5-Ubuntu SMP Mon Apr 13 17:47:15 UTC  x86_64
# annotation_files                        : ['analysis/20220621_LocationPatterns/GATfiles/Segments/LFNHinvs.bed']
# annotations_label                       : None
# annotations_to_points                   : None
# bucket_size                             : 0
# cache                                   : None
# conditional                             : unconditional
# conditional_expansion                   : None
# conditional_extension                   : None
# counters                                : []
# enable_split_tracks                     : False
# ignore_segment_tracks                   : True
# input_filename_counts                   : None
# input_filename_descriptions             : None
# input_filename_results                  : None
# isochore_files                          : None
# loglevel                                : 1
# nbuckets                                : 100000
# null                                    : default
# num_samples                             : 100
# num_threads                             : 0
# output_bed                              : []
# output_counts_pattern                   : analysis/20220621_LocationPatterns/GATresults/WorkspaceHigh0.09_noX/counts/LFNHinvs_CEUSpence_%s.tsv.gz
# output_filename_pattern                 : %s
# output_force                            : False
# output_order                            : fold
# output_plots_pattern                    : None
# output_samples_pattern                  : None
# output_stats                            : []
# output_tables_pattern                   : %s.tsv.gz
# overlapping_annotations                 : False
# pseudo_count                            : 1.0
# pvalue_method                           : empirical
# qvalue_lambda                           : None
# qvalue_method                           : BH
# qvalue_pi0_method                       : smoother
# random_seed                             : None
# restrict_workspace                      : False
# sample_files                            : []
# sampler                                 : annotator
# segment_files                           : ['analysis/20220621_LocationPatterns/GATfiles/Annotations/genomicSuperDups_coords_normal.bed']
# shift_expansion                         : 2.0
# shift_extension                         : 0
# short_help                              : None
# stderr                                  : <_io.TextIOWrapper name='<stderr>' mode='w' encoding='utf-8'>
# stdin                                   : <_io.TextIOWrapper name='<stdin>' mode='r' encoding='utf-8'>
# stdlog                                  : <_io.TextIOWrapper name='analysis/20220621_LocationPatterns/GATresults/WorkspaceHigh0.09_noX/log/LFNHinvs_CEUSpence.log' mode='a' encoding='UTF-8'>
# stdout                                  : <_io.TextIOWrapper name='analysis/20220621_LocationPatterns/GATresults/WorkspaceHigh0.09_noX/tsv/LFNHinvs_CEUSpence.tsv' mode='w' encoding='UTF-8'>
# timeit_file                             : None
# timeit_header                           : None
# timeit_name                             : all
# truncate_segments_to_workspace          : False
# truncate_workspace_to_annotations       : False
# workspace_files                         : ['analysis/20220621_LocationPatterns/GATfiles/Isochores/genomicSuperDups_COzones_0.09/windows.txt']
2022-06-21 11:22:49,023 INFO segments: reading tracks from 1 files
2022-06-21 11:22:49,160 INFO segments: read 1 tracks from 1 files
2022-06-21 11:22:49,166 INFO annotations: reading tracks from 1 files
2022-06-21 11:22:49,168 INFO annotations: read 50 tracks from 1 files
2022-06-21 11:22:49,168 INFO workspaces: reading tracks from 1 files
2022-06-21 11:22:49,169 INFO workspaces: read 2 tracks from 1 files
2022-06-21 11:22:49,169 INFO collapsing workspaces
2022-06-21 11:22:49,169 INFO intervals loaded in 0 seconds
2022-06-21 11:22:49,170 INFO collecting observed counts
2022-06-21 11:22:49,171 INFO starting sampling
2022-06-21 11:22:49,171 INFO sampling: merged: 1/1
2022-06-21 11:22:49,171 INFO performing unconditional sampling
2022-06-21 11:22:49,173 INFO workspace without conditioning: 0 segments, 0 nucleotides
2022-06-21 11:22:49,173 INFO workspace after conditioning: 0 segments, 0 nucleotides
2022-06-21 11:22:49,173 WARNING empty workspace - no computation performed
2022-06-21 11:22:49,173 INFO sampling finished
2022-06-21 11:22:49,173 INFO computing PValue statistics
2022-06-21 11:22:49,173 INFO writing counts to analysis/20220621_LocationPatterns/GATresults/WorkspaceHigh0.09_noX/counts/LFNHinvs_CEUSpence_nucleotide-overlap.tsv.gz
2022-06-21 11:22:49,174 INFO computing FDR statistics
# job finished in 0 seconds at Tue Jun 21 11:22:49 2022 --  0.90  0.04  0.00  0.00 -- 3d89a3c9-a0a0-4d25-a4d2-2e16f446ce4f
# output generated by /home/rgomez/anaconda3/bin/gat-run.py --annotations=analysis/20220621_LocationPatterns/GATfiles/Segments/LFNHinvs.bed --segments=analysis/20220621_LocationPatterns/GATfiles/Annotations/genomicSuperDups_coords_normal.bed --output-counts-pattern=analysis/20220621_LocationPatterns/GATresults/WorkspaceHigh0.09_noX/counts/LFNHinvs_CEUSpence_%s.tsv.gz --workspace=analysis/20220621_LocationPatterns/GATfiles/Workspace/workspace_CEUSpence.bed --num-samples=100 --log=analysis/20220621_LocationPatterns/GATresults/WorkspaceHigh0.09_noX/log/LFNHinvs_CEUSpence.log --stdout=analysis/20220621_LocationPatterns/GATresults/WorkspaceHigh0.09_noX/tsv/LFNHinvs_CEUSpence.tsv
# job started at Tue Jun 21 11:28:22 2022 on rgomez-pc -- 22ebd4a2-a590-4483-aa4c-ade0ecc7ceca
# pid: 28311, system: Linux 5.3.0-7648-generic #41~1586790036~18.04~600aeb5-Ubuntu SMP Mon Apr 13 17:47:15 UTC  x86_64
# annotation_files                        : ['analysis/20220621_LocationPatterns/GATfiles/Segments/LFNHinvs.bed']
# annotations_label                       : None
# annotations_to_points                   : None
# bucket_size                             : 0
# cache                                   : None
# conditional                             : unconditional
# conditional_expansion                   : None
# conditional_extension                   : None
# counters                                : []
# enable_split_tracks                     : False
# ignore_segment_tracks                   : True
# input_filename_counts                   : None
# input_filename_descriptions             : None
# input_filename_results                  : None
# isochore_files                          : None
# loglevel                                : 1
# nbuckets                                : 100000
# null                                    : default
# num_samples                             : 100
# num_threads                             : 0
# output_bed                              : []
# output_counts_pattern                   : analysis/20220621_LocationPatterns/GATresults/WorkspaceHigh0.09_noX/counts/LFNHinvs_CEUSpence_%s.tsv.gz
# output_filename_pattern                 : %s
# output_force                            : False
# output_order                            : fold
# output_plots_pattern                    : None
# output_samples_pattern                  : None
# output_stats                            : []
# output_tables_pattern                   : %s.tsv.gz
# overlapping_annotations                 : False
# pseudo_count                            : 1.0
# pvalue_method                           : empirical
# qvalue_lambda                           : None
# qvalue_method                           : BH
# qvalue_pi0_method                       : smoother
# random_seed                             : None
# restrict_workspace                      : False
# sample_files                            : []
# sampler                                 : annotator
# segment_files                           : ['analysis/20220621_LocationPatterns/GATfiles/Annotations/genomicSuperDups_coords_normal.bed']
# shift_expansion                         : 2.0
# shift_extension                         : 0
# short_help                              : None
# stderr                                  : <_io.TextIOWrapper name='<stderr>' mode='w' encoding='utf-8'>
# stdin                                   : <_io.TextIOWrapper name='<stdin>' mode='r' encoding='utf-8'>
# stdlog                                  : <_io.TextIOWrapper name='analysis/20220621_LocationPatterns/GATresults/WorkspaceHigh0.09_noX/log/LFNHinvs_CEUSpence.log' mode='a' encoding='UTF-8'>
# stdout                                  : <_io.TextIOWrapper name='analysis/20220621_LocationPatterns/GATresults/WorkspaceHigh0.09_noX/tsv/LFNHinvs_CEUSpence.tsv' mode='w' encoding='UTF-8'>
# timeit_file                             : None
# timeit_header                           : None
# timeit_name                             : all
# truncate_segments_to_workspace          : False
# truncate_workspace_to_annotations       : False
# workspace_files                         : ['analysis/20220621_LocationPatterns/GATfiles/Workspace/workspace_CEUSpence.bed']
2022-06-21 11:28:22,312 INFO segments: reading tracks from 1 files
2022-06-21 11:28:22,426 INFO segments: read 1 tracks from 1 files
2022-06-21 11:28:22,430 INFO annotations: reading tracks from 1 files
2022-06-21 11:28:22,431 INFO annotations: read 50 tracks from 1 files
2022-06-21 11:28:22,431 INFO workspaces: reading tracks from 1 files
2022-06-21 11:28:22,431 INFO workspaces: read 1 tracks from 1 files
2022-06-21 11:28:22,431 INFO collapsing workspaces
2022-06-21 11:28:22,431 INFO intervals loaded in 0 seconds
2022-06-21 11:28:22,431 INFO collecting observed counts
2022-06-21 11:28:22,432 INFO starting sampling
2022-06-21 11:28:22,432 INFO sampling: merged: 1/1
2022-06-21 11:28:22,432 INFO performing unconditional sampling
2022-06-21 11:28:22,432 INFO workspace without conditioning: 40 segments, 2698883317 nucleotides
2022-06-21 11:28:22,432 INFO workspace after conditioning: 40 segments, 2698883317 nucleotides
2022-06-21 11:28:22,433 INFO sampling started
2022-06-21 11:28:22,513 INFO 0/100 done ( 0.00)
2022-06-21 11:28:30,448 INFO sampling completed
2022-06-21 11:28:30,449 INFO sampling finished
2022-06-21 11:28:30,449 INFO computing PValue statistics
2022-06-21 11:28:30,456 INFO writing counts to analysis/20220621_LocationPatterns/GATresults/WorkspaceHigh0.09_noX/counts/LFNHinvs_CEUSpence_nucleotide-overlap.tsv.gz
2022-06-21 11:28:30,459 INFO computing FDR statistics
# job finished in 8 seconds at Tue Jun 21 11:28:30 2022 --  8.87  0.04  0.00  0.00 -- 22ebd4a2-a590-4483-aa4c-ade0ecc7ceca
# output generated by /home/rgomez/anaconda3/bin/gat-run.py --segments=analysis/20220621_LocationPatterns/GATfiles/Segments/LFNHinvs.bed --annotations=analysis/20220621_LocationPatterns/GATfiles/Annotations/annotations_CEUSpence.bed --output-counts-pattern=analysis/20220621_LocationPatterns/GATresults/WorkspaceHigh0.09_noX/counts/LFNHinvs_CEUSpence_%s.tsv.gz --workspace=analysis/20220621_LocationPatterns/GATfiles/Workspace/workspace_CEUSpence.bed --num-samples=100 --log=analysis/20220621_LocationPatterns/GATresults/WorkspaceHigh0.09_noX/log/LFNHinvs_CEUSpence.log --stdout=analysis/20220621_LocationPatterns/GATresults/WorkspaceHigh0.09_noX/tsv/LFNHinvs_CEUSpence.tsv
# job started at Tue Jun 21 11:51:05 2022 on rgomez-pc -- 9b379815-ec64-403c-ac1c-d219e9bc7108
# pid: 573, system: Linux 5.3.0-7648-generic #41~1586790036~18.04~600aeb5-Ubuntu SMP Mon Apr 13 17:47:15 UTC  x86_64
# annotation_files                        : ['analysis/20220621_LocationPatterns/GATfiles/Annotations/annotations_CEUSpence.bed']
# annotations_label                       : None
# annotations_to_points                   : None
# bucket_size                             : 0
# cache                                   : None
# conditional                             : unconditional
# conditional_expansion                   : None
# conditional_extension                   : None
# counters                                : []
# enable_split_tracks                     : False
# ignore_segment_tracks                   : True
# input_filename_counts                   : None
# input_filename_descriptions             : None
# input_filename_results                  : None
# isochore_files                          : None
# loglevel                                : 1
# nbuckets                                : 100000
# null                                    : default
# num_samples                             : 100
# num_threads                             : 0
# output_bed                              : []
# output_counts_pattern                   : analysis/20220621_LocationPatterns/GATresults/WorkspaceHigh0.09_noX/counts/LFNHinvs_CEUSpence_%s.tsv.gz
# output_filename_pattern                 : %s
# output_force                            : False
# output_order                            : fold
# output_plots_pattern                    : None
# output_samples_pattern                  : None
# output_stats                            : []
# output_tables_pattern                   : %s.tsv.gz
# overlapping_annotations                 : False
# pseudo_count                            : 1.0
# pvalue_method                           : empirical
# qvalue_lambda                           : None
# qvalue_method                           : BH
# qvalue_pi0_method                       : smoother
# random_seed                             : None
# restrict_workspace                      : False
# sample_files                            : []
# sampler                                 : annotator
# segment_files                           : ['analysis/20220621_LocationPatterns/GATfiles/Segments/LFNHinvs.bed']
# shift_expansion                         : 2.0
# shift_extension                         : 0
# short_help                              : None
# stderr                                  : <_io.TextIOWrapper name='<stderr>' mode='w' encoding='utf-8'>
# stdin                                   : <_io.TextIOWrapper name='<stdin>' mode='r' encoding='utf-8'>
# stdlog                                  : <_io.TextIOWrapper name='analysis/20220621_LocationPatterns/GATresults/WorkspaceHigh0.09_noX/log/LFNHinvs_CEUSpence.log' mode='a' encoding='UTF-8'>
# stdout                                  : <_io.TextIOWrapper name='analysis/20220621_LocationPatterns/GATresults/WorkspaceHigh0.09_noX/tsv/LFNHinvs_CEUSpence.tsv' mode='w' encoding='UTF-8'>
# timeit_file                             : None
# timeit_header                           : None
# timeit_name                             : all
# truncate_segments_to_workspace          : False
# truncate_workspace_to_annotations       : False
# workspace_files                         : ['analysis/20220621_LocationPatterns/GATfiles/Workspace/workspace_CEUSpence.bed']
2022-06-21 11:51:05,331 INFO segments: reading tracks from 1 files
2022-06-21 11:51:05,331 INFO segments: read 1 tracks from 1 files
2022-06-21 11:51:05,331 INFO annotations: reading tracks from 1 files
2022-06-21 11:51:05,767 INFO annotations: read 6 tracks from 1 files
2022-06-21 11:51:05,773 INFO workspaces: reading tracks from 1 files
2022-06-21 11:51:05,773 INFO workspaces: read 1 tracks from 1 files
2022-06-21 11:51:05,773 INFO collapsing workspaces
2022-06-21 11:51:05,773 INFO intervals loaded in 0 seconds
2022-06-21 11:51:05,775 INFO collecting observed counts
2022-06-21 11:51:05,775 INFO starting sampling
2022-06-21 11:51:05,775 INFO sampling: merged: 1/1
2022-06-21 11:51:05,775 INFO performing unconditional sampling
2022-06-21 11:51:05,776 INFO workspace without conditioning: 40 segments, 2698883317 nucleotides
2022-06-21 11:51:05,776 INFO workspace after conditioning: 40 segments, 2698883317 nucleotides
2022-06-21 11:51:05,776 INFO sampling started
2022-06-21 11:51:05,782 INFO 0/100 done ( 0.00)
2022-06-21 11:51:06,121 INFO sampling completed
2022-06-21 11:51:06,121 INFO sampling finished
2022-06-21 11:51:06,122 INFO computing PValue statistics
2022-06-21 11:51:06,123 INFO writing counts to analysis/20220621_LocationPatterns/GATresults/WorkspaceHigh0.09_noX/counts/LFNHinvs_CEUSpence_nucleotide-overlap.tsv.gz
2022-06-21 11:51:06,124 INFO computing FDR statistics
# job finished in 0 seconds at Tue Jun 21 11:51:06 2022 --  1.63  0.06  0.00  0.00 -- 9b379815-ec64-403c-ac1c-d219e9bc7108
