# output generated by /home/rgomez/anaconda3/bin/gat-run.py --annotations=analysis/20220621_LocationPatterns/GATfiles/Segments/NAHRno501invs.bed --segments=analysis/20220621_LocationPatterns/GATfiles/Annotations/genomicSuperDups_coords_normal.bed --output-counts-pattern=analysis/20220621_LocationPatterns/GATresults/WorkspaceHigh0.09_noX/counts/NAHRno501invs_femBherer_%s.tsv.gz --workspace=analysis/20220621_LocationPatterns/GATfiles/Isochores/genomicSuperDups_COzones_0.09/windows.txt --num-samples=100 --log=analysis/20220621_LocationPatterns/GATresults/WorkspaceHigh0.09_noX/log/NAHRno501invs_femBherer.log --stdout=analysis/20220621_LocationPatterns/GATresults/WorkspaceHigh0.09_noX/tsv/NAHRno501invs_femBherer.tsv
# job started at Tue Jun 21 11:22:57 2022 on rgomez-pc -- 582bd3f0-1ed0-47f3-a88f-131ca2a114b4
# pid: 27642, system: Linux 5.3.0-7648-generic #41~1586790036~18.04~600aeb5-Ubuntu SMP Mon Apr 13 17:47:15 UTC  x86_64
# annotation_files                        : ['analysis/20220621_LocationPatterns/GATfiles/Segments/NAHRno501invs.bed']
# annotations_label                       : None
# annotations_to_points                   : None
# bucket_size                             : 0
# cache                                   : None
# conditional                             : unconditional
# conditional_expansion                   : None
# conditional_extension                   : None
# counters                                : []
# enable_split_tracks                     : False
# ignore_segment_tracks                   : True
# input_filename_counts                   : None
# input_filename_descriptions             : None
# input_filename_results                  : None
# isochore_files                          : None
# loglevel                                : 1
# nbuckets                                : 100000
# null                                    : default
# num_samples                             : 100
# num_threads                             : 0
# output_bed                              : []
# output_counts_pattern                   : analysis/20220621_LocationPatterns/GATresults/WorkspaceHigh0.09_noX/counts/NAHRno501invs_femBherer_%s.tsv.gz
# output_filename_pattern                 : %s
# output_force                            : False
# output_order                            : fold
# output_plots_pattern                    : None
# output_samples_pattern                  : None
# output_stats                            : []
# output_tables_pattern                   : %s.tsv.gz
# overlapping_annotations                 : False
# pseudo_count                            : 1.0
# pvalue_method                           : empirical
# qvalue_lambda                           : None
# qvalue_method                           : BH
# qvalue_pi0_method                       : smoother
# random_seed                             : None
# restrict_workspace                      : False
# sample_files                            : []
# sampler                                 : annotator
# segment_files                           : ['analysis/20220621_LocationPatterns/GATfiles/Annotations/genomicSuperDups_coords_normal.bed']
# shift_expansion                         : 2.0
# shift_extension                         : 0
# short_help                              : None
# stderr                                  : <_io.TextIOWrapper name='<stderr>' mode='w' encoding='utf-8'>
# stdin                                   : <_io.TextIOWrapper name='<stdin>' mode='r' encoding='utf-8'>
# stdlog                                  : <_io.TextIOWrapper name='analysis/20220621_LocationPatterns/GATresults/WorkspaceHigh0.09_noX/log/NAHRno501invs_femBherer.log' mode='a' encoding='UTF-8'>
# stdout                                  : <_io.TextIOWrapper name='analysis/20220621_LocationPatterns/GATresults/WorkspaceHigh0.09_noX/tsv/NAHRno501invs_femBherer.tsv' mode='w' encoding='UTF-8'>
# timeit_file                             : None
# timeit_header                           : None
# timeit_name                             : all
# truncate_segments_to_workspace          : False
# truncate_workspace_to_annotations       : False
# workspace_files                         : ['analysis/20220621_LocationPatterns/GATfiles/Isochores/genomicSuperDups_COzones_0.09/windows.txt']
2022-06-21 11:22:57,215 INFO segments: reading tracks from 1 files
2022-06-21 11:22:57,331 INFO segments: read 1 tracks from 1 files
2022-06-21 11:22:57,335 INFO annotations: reading tracks from 1 files
2022-06-21 11:22:57,335 INFO annotations: read 56 tracks from 1 files
2022-06-21 11:22:57,335 INFO workspaces: reading tracks from 1 files
2022-06-21 11:22:57,336 INFO workspaces: read 2 tracks from 1 files
2022-06-21 11:22:57,336 INFO collapsing workspaces
2022-06-21 11:22:57,336 INFO intervals loaded in 0 seconds
2022-06-21 11:22:57,336 INFO collecting observed counts
2022-06-21 11:22:57,336 INFO starting sampling
2022-06-21 11:22:57,336 INFO sampling: merged: 1/1
2022-06-21 11:22:57,336 INFO performing unconditional sampling
2022-06-21 11:22:57,337 INFO workspace without conditioning: 0 segments, 0 nucleotides
2022-06-21 11:22:57,337 INFO workspace after conditioning: 0 segments, 0 nucleotides
2022-06-21 11:22:57,337 WARNING empty workspace - no computation performed
2022-06-21 11:22:57,337 INFO sampling finished
2022-06-21 11:22:57,337 INFO computing PValue statistics
2022-06-21 11:22:57,338 INFO writing counts to analysis/20220621_LocationPatterns/GATresults/WorkspaceHigh0.09_noX/counts/NAHRno501invs_femBherer_nucleotide-overlap.tsv.gz
2022-06-21 11:22:57,338 INFO computing FDR statistics
# job finished in 0 seconds at Tue Jun 21 11:22:57 2022 --  0.86  0.02  0.00  0.00 -- 582bd3f0-1ed0-47f3-a88f-131ca2a114b4
# output generated by /home/rgomez/anaconda3/bin/gat-run.py --annotations=analysis/20220621_LocationPatterns/GATfiles/Segments/NAHRno501invs.bed --segments=analysis/20220621_LocationPatterns/GATfiles/Annotations/genomicSuperDups_coords_normal.bed --output-counts-pattern=analysis/20220621_LocationPatterns/GATresults/WorkspaceHigh0.09_noX/counts/NAHRno501invs_femBherer_%s.tsv.gz --workspace=analysis/20220621_LocationPatterns/GATfiles/Workspace/workspace_femBherer.bed --num-samples=100 --log=analysis/20220621_LocationPatterns/GATresults/WorkspaceHigh0.09_noX/log/NAHRno501invs_femBherer.log --stdout=analysis/20220621_LocationPatterns/GATresults/WorkspaceHigh0.09_noX/tsv/NAHRno501invs_femBherer.tsv
# job started at Tue Jun 21 11:29:38 2022 on rgomez-pc -- 4bc5cc52-2036-4567-a66e-8ee844b7d239
# pid: 28405, system: Linux 5.3.0-7648-generic #41~1586790036~18.04~600aeb5-Ubuntu SMP Mon Apr 13 17:47:15 UTC  x86_64
# annotation_files                        : ['analysis/20220621_LocationPatterns/GATfiles/Segments/NAHRno501invs.bed']
# annotations_label                       : None
# annotations_to_points                   : None
# bucket_size                             : 0
# cache                                   : None
# conditional                             : unconditional
# conditional_expansion                   : None
# conditional_extension                   : None
# counters                                : []
# enable_split_tracks                     : False
# ignore_segment_tracks                   : True
# input_filename_counts                   : None
# input_filename_descriptions             : None
# input_filename_results                  : None
# isochore_files                          : None
# loglevel                                : 1
# nbuckets                                : 100000
# null                                    : default
# num_samples                             : 100
# num_threads                             : 0
# output_bed                              : []
# output_counts_pattern                   : analysis/20220621_LocationPatterns/GATresults/WorkspaceHigh0.09_noX/counts/NAHRno501invs_femBherer_%s.tsv.gz
# output_filename_pattern                 : %s
# output_force                            : False
# output_order                            : fold
# output_plots_pattern                    : None
# output_samples_pattern                  : None
# output_stats                            : []
# output_tables_pattern                   : %s.tsv.gz
# overlapping_annotations                 : False
# pseudo_count                            : 1.0
# pvalue_method                           : empirical
# qvalue_lambda                           : None
# qvalue_method                           : BH
# qvalue_pi0_method                       : smoother
# random_seed                             : None
# restrict_workspace                      : False
# sample_files                            : []
# sampler                                 : annotator
# segment_files                           : ['analysis/20220621_LocationPatterns/GATfiles/Annotations/genomicSuperDups_coords_normal.bed']
# shift_expansion                         : 2.0
# shift_extension                         : 0
# short_help                              : None
# stderr                                  : <_io.TextIOWrapper name='<stderr>' mode='w' encoding='utf-8'>
# stdin                                   : <_io.TextIOWrapper name='<stdin>' mode='r' encoding='utf-8'>
# stdlog                                  : <_io.TextIOWrapper name='analysis/20220621_LocationPatterns/GATresults/WorkspaceHigh0.09_noX/log/NAHRno501invs_femBherer.log' mode='a' encoding='UTF-8'>
# stdout                                  : <_io.TextIOWrapper name='analysis/20220621_LocationPatterns/GATresults/WorkspaceHigh0.09_noX/tsv/NAHRno501invs_femBherer.tsv' mode='w' encoding='UTF-8'>
# timeit_file                             : None
# timeit_header                           : None
# timeit_name                             : all
# truncate_segments_to_workspace          : False
# truncate_workspace_to_annotations       : False
# workspace_files                         : ['analysis/20220621_LocationPatterns/GATfiles/Workspace/workspace_femBherer.bed']
2022-06-21 11:29:38,438 INFO segments: reading tracks from 1 files
2022-06-21 11:29:38,555 INFO segments: read 1 tracks from 1 files
2022-06-21 11:29:38,559 INFO annotations: reading tracks from 1 files
2022-06-21 11:29:38,560 INFO annotations: read 56 tracks from 1 files
2022-06-21 11:29:38,560 INFO workspaces: reading tracks from 1 files
2022-06-21 11:29:38,560 INFO workspaces: read 1 tracks from 1 files
2022-06-21 11:29:38,560 INFO collapsing workspaces
2022-06-21 11:29:38,560 INFO intervals loaded in 0 seconds
2022-06-21 11:29:38,560 INFO collecting observed counts
2022-06-21 11:29:38,561 INFO starting sampling
2022-06-21 11:29:38,561 INFO sampling: merged: 1/1
2022-06-21 11:29:38,561 INFO performing unconditional sampling
2022-06-21 11:29:38,561 INFO workspace without conditioning: 41 segments, 2826410475 nucleotides
2022-06-21 11:29:38,562 INFO workspace after conditioning: 41 segments, 2826410475 nucleotides
2022-06-21 11:29:38,562 INFO sampling started
2022-06-21 11:29:38,641 INFO 0/100 done ( 0.00)
2022-06-21 11:29:47,611 INFO sampling completed
2022-06-21 11:29:47,612 INFO sampling finished
2022-06-21 11:29:47,612 INFO computing PValue statistics
2022-06-21 11:29:47,621 INFO writing counts to analysis/20220621_LocationPatterns/GATresults/WorkspaceHigh0.09_noX/counts/NAHRno501invs_femBherer_nucleotide-overlap.tsv.gz
2022-06-21 11:29:47,625 INFO computing FDR statistics
# job finished in 9 seconds at Tue Jun 21 11:29:47 2022 --  9.55  0.39  0.00  0.00 -- 4bc5cc52-2036-4567-a66e-8ee844b7d239
# output generated by /home/rgomez/anaconda3/bin/gat-run.py --segments=analysis/20220621_LocationPatterns/GATfiles/Segments/NAHRno501invs.bed --annotations=analysis/20220621_LocationPatterns/GATfiles/Annotations/annotations_femBherer.bed --output-counts-pattern=analysis/20220621_LocationPatterns/GATresults/WorkspaceHigh0.09_noX/counts/NAHRno501invs_femBherer_%s.tsv.gz --workspace=analysis/20220621_LocationPatterns/GATfiles/Workspace/workspace_femBherer.bed --num-samples=100 --log=analysis/20220621_LocationPatterns/GATresults/WorkspaceHigh0.09_noX/log/NAHRno501invs_femBherer.log --stdout=analysis/20220621_LocationPatterns/GATresults/WorkspaceHigh0.09_noX/tsv/NAHRno501invs_femBherer.tsv
# job started at Tue Jun 21 11:51:21 2022 on rgomez-pc -- 5abf2617-9e0b-4b4f-85b6-897aa468b2dc
# pid: 789, system: Linux 5.3.0-7648-generic #41~1586790036~18.04~600aeb5-Ubuntu SMP Mon Apr 13 17:47:15 UTC  x86_64
# annotation_files                        : ['analysis/20220621_LocationPatterns/GATfiles/Annotations/annotations_femBherer.bed']
# annotations_label                       : None
# annotations_to_points                   : None
# bucket_size                             : 0
# cache                                   : None
# conditional                             : unconditional
# conditional_expansion                   : None
# conditional_extension                   : None
# counters                                : []
# enable_split_tracks                     : False
# ignore_segment_tracks                   : True
# input_filename_counts                   : None
# input_filename_descriptions             : None
# input_filename_results                  : None
# isochore_files                          : None
# loglevel                                : 1
# nbuckets                                : 100000
# null                                    : default
# num_samples                             : 100
# num_threads                             : 0
# output_bed                              : []
# output_counts_pattern                   : analysis/20220621_LocationPatterns/GATresults/WorkspaceHigh0.09_noX/counts/NAHRno501invs_femBherer_%s.tsv.gz
# output_filename_pattern                 : %s
# output_force                            : False
# output_order                            : fold
# output_plots_pattern                    : None
# output_samples_pattern                  : None
# output_stats                            : []
# output_tables_pattern                   : %s.tsv.gz
# overlapping_annotations                 : False
# pseudo_count                            : 1.0
# pvalue_method                           : empirical
# qvalue_lambda                           : None
# qvalue_method                           : BH
# qvalue_pi0_method                       : smoother
# random_seed                             : None
# restrict_workspace                      : False
# sample_files                            : []
# sampler                                 : annotator
# segment_files                           : ['analysis/20220621_LocationPatterns/GATfiles/Segments/NAHRno501invs.bed']
# shift_expansion                         : 2.0
# shift_extension                         : 0
# short_help                              : None
# stderr                                  : <_io.TextIOWrapper name='<stderr>' mode='w' encoding='utf-8'>
# stdin                                   : <_io.TextIOWrapper name='<stdin>' mode='r' encoding='utf-8'>
# stdlog                                  : <_io.TextIOWrapper name='analysis/20220621_LocationPatterns/GATresults/WorkspaceHigh0.09_noX/log/NAHRno501invs_femBherer.log' mode='a' encoding='UTF-8'>
# stdout                                  : <_io.TextIOWrapper name='analysis/20220621_LocationPatterns/GATresults/WorkspaceHigh0.09_noX/tsv/NAHRno501invs_femBherer.tsv' mode='w' encoding='UTF-8'>
# timeit_file                             : None
# timeit_header                           : None
# timeit_name                             : all
# truncate_segments_to_workspace          : False
# truncate_workspace_to_annotations       : False
# workspace_files                         : ['analysis/20220621_LocationPatterns/GATfiles/Workspace/workspace_femBherer.bed']
2022-06-21 11:51:21,963 INFO segments: reading tracks from 1 files
2022-06-21 11:51:21,963 INFO segments: read 1 tracks from 1 files
2022-06-21 11:51:21,963 INFO annotations: reading tracks from 1 files
2022-06-21 11:51:22,324 INFO annotations: read 6 tracks from 1 files
2022-06-21 11:51:22,328 INFO workspaces: reading tracks from 1 files
2022-06-21 11:51:22,328 INFO workspaces: read 1 tracks from 1 files
2022-06-21 11:51:22,329 INFO collapsing workspaces
2022-06-21 11:51:22,329 INFO intervals loaded in 0 seconds
2022-06-21 11:51:22,330 INFO collecting observed counts
2022-06-21 11:51:22,330 INFO starting sampling
2022-06-21 11:51:22,330 INFO sampling: merged: 1/1
2022-06-21 11:51:22,330 INFO performing unconditional sampling
2022-06-21 11:51:22,331 INFO workspace without conditioning: 41 segments, 2826410475 nucleotides
2022-06-21 11:51:22,331 INFO workspace after conditioning: 41 segments, 2826410475 nucleotides
2022-06-21 11:51:22,331 INFO sampling started
2022-06-21 11:51:22,336 INFO 0/100 done ( 0.00)
2022-06-21 11:51:22,773 INFO sampling completed
2022-06-21 11:51:22,774 INFO sampling finished
2022-06-21 11:51:22,774 INFO computing PValue statistics
2022-06-21 11:51:22,775 INFO writing counts to analysis/20220621_LocationPatterns/GATresults/WorkspaceHigh0.09_noX/counts/NAHRno501invs_femBherer_nucleotide-overlap.tsv.gz
2022-06-21 11:51:22,776 INFO computing FDR statistics
# job finished in 0 seconds at Tue Jun 21 11:51:22 2022 --  1.65  0.04  0.00  0.00 -- 5abf2617-9e0b-4b4f-85b6-897aa468b2dc
