# output generated by /home/rgomez/anaconda3/bin/gat-run.py --annotations=analysis/20220621_LocationPatterns/GATfiles/Segments/NHinvs.bed --segments=analysis/20220621_LocationPatterns/GATfiles/Annotations/genomicSuperDups_coords_normal.bed --output-counts-pattern=analysis/20220621_LocationPatterns/GATresults/WorkspaceHigh0.09_noX/counts/NHinvs_avgBherer_%s.tsv.gz --workspace=analysis/20220621_LocationPatterns/GATfiles/Isochores/genomicSuperDups_COzones_0.09/windows.txt --num-samples=100 --log=analysis/20220621_LocationPatterns/GATresults/WorkspaceHigh0.09_noX/log/NHinvs_avgBherer.log --stdout=analysis/20220621_LocationPatterns/GATresults/WorkspaceHigh0.09_noX/tsv/NHinvs_avgBherer.tsv
# job started at Tue Jun 21 11:22:59 2022 on rgomez-pc -- 3a2c8c71-7f20-4188-8709-751e60ab920e
# pid: 27654, system: Linux 5.3.0-7648-generic #41~1586790036~18.04~600aeb5-Ubuntu SMP Mon Apr 13 17:47:15 UTC  x86_64
# annotation_files                        : ['analysis/20220621_LocationPatterns/GATfiles/Segments/NHinvs.bed']
# annotations_label                       : None
# annotations_to_points                   : None
# bucket_size                             : 0
# cache                                   : None
# conditional                             : unconditional
# conditional_expansion                   : None
# conditional_extension                   : None
# counters                                : []
# enable_split_tracks                     : False
# ignore_segment_tracks                   : True
# input_filename_counts                   : None
# input_filename_descriptions             : None
# input_filename_results                  : None
# isochore_files                          : None
# loglevel                                : 1
# nbuckets                                : 100000
# null                                    : default
# num_samples                             : 100
# num_threads                             : 0
# output_bed                              : []
# output_counts_pattern                   : analysis/20220621_LocationPatterns/GATresults/WorkspaceHigh0.09_noX/counts/NHinvs_avgBherer_%s.tsv.gz
# output_filename_pattern                 : %s
# output_force                            : False
# output_order                            : fold
# output_plots_pattern                    : None
# output_samples_pattern                  : None
# output_stats                            : []
# output_tables_pattern                   : %s.tsv.gz
# overlapping_annotations                 : False
# pseudo_count                            : 1.0
# pvalue_method                           : empirical
# qvalue_lambda                           : None
# qvalue_method                           : BH
# qvalue_pi0_method                       : smoother
# random_seed                             : None
# restrict_workspace                      : False
# sample_files                            : []
# sampler                                 : annotator
# segment_files                           : ['analysis/20220621_LocationPatterns/GATfiles/Annotations/genomicSuperDups_coords_normal.bed']
# shift_expansion                         : 2.0
# shift_extension                         : 0
# short_help                              : None
# stderr                                  : <_io.TextIOWrapper name='<stderr>' mode='w' encoding='utf-8'>
# stdin                                   : <_io.TextIOWrapper name='<stdin>' mode='r' encoding='utf-8'>
# stdlog                                  : <_io.TextIOWrapper name='analysis/20220621_LocationPatterns/GATresults/WorkspaceHigh0.09_noX/log/NHinvs_avgBherer.log' mode='a' encoding='UTF-8'>
# stdout                                  : <_io.TextIOWrapper name='analysis/20220621_LocationPatterns/GATresults/WorkspaceHigh0.09_noX/tsv/NHinvs_avgBherer.tsv' mode='w' encoding='UTF-8'>
# timeit_file                             : None
# timeit_header                           : None
# timeit_name                             : all
# truncate_segments_to_workspace          : False
# truncate_workspace_to_annotations       : False
# workspace_files                         : ['analysis/20220621_LocationPatterns/GATfiles/Isochores/genomicSuperDups_COzones_0.09/windows.txt']
2022-06-21 11:22:59,233 INFO segments: reading tracks from 1 files
2022-06-21 11:22:59,343 INFO segments: read 1 tracks from 1 files
2022-06-21 11:22:59,347 INFO annotations: reading tracks from 1 files
2022-06-21 11:22:59,348 INFO annotations: read 80 tracks from 1 files
2022-06-21 11:22:59,348 INFO workspaces: reading tracks from 1 files
2022-06-21 11:22:59,348 INFO workspaces: read 2 tracks from 1 files
2022-06-21 11:22:59,348 INFO collapsing workspaces
2022-06-21 11:22:59,348 INFO intervals loaded in 0 seconds
2022-06-21 11:22:59,348 INFO collecting observed counts
2022-06-21 11:22:59,349 INFO starting sampling
2022-06-21 11:22:59,349 INFO sampling: merged: 1/1
2022-06-21 11:22:59,349 INFO performing unconditional sampling
2022-06-21 11:22:59,350 INFO workspace without conditioning: 0 segments, 0 nucleotides
2022-06-21 11:22:59,350 INFO workspace after conditioning: 0 segments, 0 nucleotides
2022-06-21 11:22:59,350 WARNING empty workspace - no computation performed
2022-06-21 11:22:59,350 INFO sampling finished
2022-06-21 11:22:59,350 INFO computing PValue statistics
2022-06-21 11:22:59,351 INFO writing counts to analysis/20220621_LocationPatterns/GATresults/WorkspaceHigh0.09_noX/counts/NHinvs_avgBherer_nucleotide-overlap.tsv.gz
2022-06-21 11:22:59,351 INFO computing FDR statistics
# job finished in 0 seconds at Tue Jun 21 11:22:59 2022 --  0.85  0.03  0.00  0.00 -- 3a2c8c71-7f20-4188-8709-751e60ab920e
# output generated by /home/rgomez/anaconda3/bin/gat-run.py --annotations=analysis/20220621_LocationPatterns/GATfiles/Segments/NHinvs.bed --segments=analysis/20220621_LocationPatterns/GATfiles/Annotations/genomicSuperDups_coords_normal.bed --output-counts-pattern=analysis/20220621_LocationPatterns/GATresults/WorkspaceHigh0.09_noX/counts/NHinvs_avgBherer_%s.tsv.gz --workspace=analysis/20220621_LocationPatterns/GATfiles/Workspace/workspace_avgBherer.bed --num-samples=100 --log=analysis/20220621_LocationPatterns/GATresults/WorkspaceHigh0.09_noX/log/NHinvs_avgBherer.log --stdout=analysis/20220621_LocationPatterns/GATresults/WorkspaceHigh0.09_noX/tsv/NHinvs_avgBherer.tsv
# job started at Tue Jun 21 11:29:58 2022 on rgomez-pc -- 9b5c2136-a896-43a1-9b76-5eedfcc8da54
# pid: 28426, system: Linux 5.3.0-7648-generic #41~1586790036~18.04~600aeb5-Ubuntu SMP Mon Apr 13 17:47:15 UTC  x86_64
# annotation_files                        : ['analysis/20220621_LocationPatterns/GATfiles/Segments/NHinvs.bed']
# annotations_label                       : None
# annotations_to_points                   : None
# bucket_size                             : 0
# cache                                   : None
# conditional                             : unconditional
# conditional_expansion                   : None
# conditional_extension                   : None
# counters                                : []
# enable_split_tracks                     : False
# ignore_segment_tracks                   : True
# input_filename_counts                   : None
# input_filename_descriptions             : None
# input_filename_results                  : None
# isochore_files                          : None
# loglevel                                : 1
# nbuckets                                : 100000
# null                                    : default
# num_samples                             : 100
# num_threads                             : 0
# output_bed                              : []
# output_counts_pattern                   : analysis/20220621_LocationPatterns/GATresults/WorkspaceHigh0.09_noX/counts/NHinvs_avgBherer_%s.tsv.gz
# output_filename_pattern                 : %s
# output_force                            : False
# output_order                            : fold
# output_plots_pattern                    : None
# output_samples_pattern                  : None
# output_stats                            : []
# output_tables_pattern                   : %s.tsv.gz
# overlapping_annotations                 : False
# pseudo_count                            : 1.0
# pvalue_method                           : empirical
# qvalue_lambda                           : None
# qvalue_method                           : BH
# qvalue_pi0_method                       : smoother
# random_seed                             : None
# restrict_workspace                      : False
# sample_files                            : []
# sampler                                 : annotator
# segment_files                           : ['analysis/20220621_LocationPatterns/GATfiles/Annotations/genomicSuperDups_coords_normal.bed']
# shift_expansion                         : 2.0
# shift_extension                         : 0
# short_help                              : None
# stderr                                  : <_io.TextIOWrapper name='<stderr>' mode='w' encoding='utf-8'>
# stdin                                   : <_io.TextIOWrapper name='<stdin>' mode='r' encoding='utf-8'>
# stdlog                                  : <_io.TextIOWrapper name='analysis/20220621_LocationPatterns/GATresults/WorkspaceHigh0.09_noX/log/NHinvs_avgBherer.log' mode='a' encoding='UTF-8'>
# stdout                                  : <_io.TextIOWrapper name='analysis/20220621_LocationPatterns/GATresults/WorkspaceHigh0.09_noX/tsv/NHinvs_avgBherer.tsv' mode='w' encoding='UTF-8'>
# timeit_file                             : None
# timeit_header                           : None
# timeit_name                             : all
# truncate_segments_to_workspace          : False
# truncate_workspace_to_annotations       : False
# workspace_files                         : ['analysis/20220621_LocationPatterns/GATfiles/Workspace/workspace_avgBherer.bed']
2022-06-21 11:29:58,978 INFO segments: reading tracks from 1 files
2022-06-21 11:29:59,112 INFO segments: read 1 tracks from 1 files
2022-06-21 11:29:59,116 INFO annotations: reading tracks from 1 files
2022-06-21 11:29:59,117 INFO annotations: read 80 tracks from 1 files
2022-06-21 11:29:59,117 INFO workspaces: reading tracks from 1 files
2022-06-21 11:29:59,117 INFO workspaces: read 1 tracks from 1 files
2022-06-21 11:29:59,117 INFO collapsing workspaces
2022-06-21 11:29:59,117 INFO intervals loaded in 0 seconds
2022-06-21 11:29:59,117 INFO collecting observed counts
2022-06-21 11:29:59,118 INFO starting sampling
2022-06-21 11:29:59,118 INFO sampling: merged: 1/1
2022-06-21 11:29:59,118 INFO performing unconditional sampling
2022-06-21 11:29:59,119 INFO workspace without conditioning: 39 segments, 2678195140 nucleotides
2022-06-21 11:29:59,119 INFO workspace after conditioning: 39 segments, 2678195140 nucleotides
2022-06-21 11:29:59,119 INFO sampling started
2022-06-21 11:29:59,202 INFO 0/100 done ( 0.00)
2022-06-21 11:30:07,535 INFO sampling completed
2022-06-21 11:30:07,536 INFO sampling finished
2022-06-21 11:30:07,536 INFO computing PValue statistics
2022-06-21 11:30:07,547 INFO writing counts to analysis/20220621_LocationPatterns/GATresults/WorkspaceHigh0.09_noX/counts/NHinvs_avgBherer_nucleotide-overlap.tsv.gz
2022-06-21 11:30:07,551 INFO computing FDR statistics
# job finished in 8 seconds at Tue Jun 21 11:30:07 2022 --  9.41  0.03  0.00  0.00 -- 9b5c2136-a896-43a1-9b76-5eedfcc8da54
# output generated by /home/rgomez/anaconda3/bin/gat-run.py --segments=analysis/20220621_LocationPatterns/GATfiles/Segments/NHinvs.bed --annotations=analysis/20220621_LocationPatterns/GATfiles/Annotations/annotations_avgBherer.bed --output-counts-pattern=analysis/20220621_LocationPatterns/GATresults/WorkspaceHigh0.09_noX/counts/NHinvs_avgBherer_%s.tsv.gz --workspace=analysis/20220621_LocationPatterns/GATfiles/Workspace/workspace_avgBherer.bed --num-samples=100 --log=analysis/20220621_LocationPatterns/GATresults/WorkspaceHigh0.09_noX/log/NHinvs_avgBherer.log --stdout=analysis/20220621_LocationPatterns/GATresults/WorkspaceHigh0.09_noX/tsv/NHinvs_avgBherer.tsv
# job started at Tue Jun 21 11:51:26 2022 on rgomez-pc -- 0d7ab6cf-551f-4330-8203-cf801c5f3934
# pid: 802, system: Linux 5.3.0-7648-generic #41~1586790036~18.04~600aeb5-Ubuntu SMP Mon Apr 13 17:47:15 UTC  x86_64
# annotation_files                        : ['analysis/20220621_LocationPatterns/GATfiles/Annotations/annotations_avgBherer.bed']
# annotations_label                       : None
# annotations_to_points                   : None
# bucket_size                             : 0
# cache                                   : None
# conditional                             : unconditional
# conditional_expansion                   : None
# conditional_extension                   : None
# counters                                : []
# enable_split_tracks                     : False
# ignore_segment_tracks                   : True
# input_filename_counts                   : None
# input_filename_descriptions             : None
# input_filename_results                  : None
# isochore_files                          : None
# loglevel                                : 1
# nbuckets                                : 100000
# null                                    : default
# num_samples                             : 100
# num_threads                             : 0
# output_bed                              : []
# output_counts_pattern                   : analysis/20220621_LocationPatterns/GATresults/WorkspaceHigh0.09_noX/counts/NHinvs_avgBherer_%s.tsv.gz
# output_filename_pattern                 : %s
# output_force                            : False
# output_order                            : fold
# output_plots_pattern                    : None
# output_samples_pattern                  : None
# output_stats                            : []
# output_tables_pattern                   : %s.tsv.gz
# overlapping_annotations                 : False
# pseudo_count                            : 1.0
# pvalue_method                           : empirical
# qvalue_lambda                           : None
# qvalue_method                           : BH
# qvalue_pi0_method                       : smoother
# random_seed                             : None
# restrict_workspace                      : False
# sample_files                            : []
# sampler                                 : annotator
# segment_files                           : ['analysis/20220621_LocationPatterns/GATfiles/Segments/NHinvs.bed']
# shift_expansion                         : 2.0
# shift_extension                         : 0
# short_help                              : None
# stderr                                  : <_io.TextIOWrapper name='<stderr>' mode='w' encoding='utf-8'>
# stdin                                   : <_io.TextIOWrapper name='<stdin>' mode='r' encoding='utf-8'>
# stdlog                                  : <_io.TextIOWrapper name='analysis/20220621_LocationPatterns/GATresults/WorkspaceHigh0.09_noX/log/NHinvs_avgBherer.log' mode='a' encoding='UTF-8'>
# stdout                                  : <_io.TextIOWrapper name='analysis/20220621_LocationPatterns/GATresults/WorkspaceHigh0.09_noX/tsv/NHinvs_avgBherer.tsv' mode='w' encoding='UTF-8'>
# timeit_file                             : None
# timeit_header                           : None
# timeit_name                             : all
# truncate_segments_to_workspace          : False
# truncate_workspace_to_annotations       : False
# workspace_files                         : ['analysis/20220621_LocationPatterns/GATfiles/Workspace/workspace_avgBherer.bed']
2022-06-21 11:51:26,026 INFO segments: reading tracks from 1 files
2022-06-21 11:51:26,027 INFO segments: read 1 tracks from 1 files
2022-06-21 11:51:26,027 INFO annotations: reading tracks from 1 files
2022-06-21 11:51:26,433 INFO annotations: read 6 tracks from 1 files
2022-06-21 11:51:26,438 INFO workspaces: reading tracks from 1 files
2022-06-21 11:51:26,439 INFO workspaces: read 1 tracks from 1 files
2022-06-21 11:51:26,439 INFO collapsing workspaces
2022-06-21 11:51:26,439 INFO intervals loaded in 0 seconds
2022-06-21 11:51:26,440 INFO collecting observed counts
2022-06-21 11:51:26,441 INFO starting sampling
2022-06-21 11:51:26,441 INFO sampling: merged: 1/1
2022-06-21 11:51:26,441 INFO performing unconditional sampling
2022-06-21 11:51:26,442 INFO workspace without conditioning: 39 segments, 2678195140 nucleotides
2022-06-21 11:51:26,442 INFO workspace after conditioning: 39 segments, 2678195140 nucleotides
2022-06-21 11:51:26,442 INFO sampling started
2022-06-21 11:51:26,448 INFO 0/100 done ( 0.00)
2022-06-21 11:51:26,964 INFO sampling completed
2022-06-21 11:51:26,965 INFO sampling finished
2022-06-21 11:51:26,965 INFO computing PValue statistics
2022-06-21 11:51:26,966 INFO writing counts to analysis/20220621_LocationPatterns/GATresults/WorkspaceHigh0.09_noX/counts/NHinvs_avgBherer_nucleotide-overlap.tsv.gz
2022-06-21 11:51:26,967 INFO computing FDR statistics
# job finished in 0 seconds at Tue Jun 21 11:51:26 2022 --  1.87  0.06  0.00  0.00 -- 0d7ab6cf-551f-4330-8203-cf801c5f3934
