# output generated by /home/rgomez/anaconda3/bin/gat-run.py --annotations=analysis/20220621_LocationPatterns/GATfiles/Segments/no501invs.bed --segments=analysis/20220621_LocationPatterns/GATfiles/Annotations/genomicSuperDups_coords_normal.bed --output-counts-pattern=analysis/20220621_LocationPatterns/GATresults/WorkspaceHigh0.09_noX/counts/no501invs_femBherer_%s.tsv.gz --workspace=analysis/20220621_LocationPatterns/GATfiles/Isochores/genomicSuperDups_COzones_0.09/windows.txt --num-samples=100 --log=analysis/20220621_LocationPatterns/GATresults/WorkspaceHigh0.09_noX/log/no501invs_femBherer.log --stdout=analysis/20220621_LocationPatterns/GATresults/WorkspaceHigh0.09_noX/tsv/no501invs_femBherer.tsv
# job started at Tue Jun 21 11:23:03 2022 on rgomez-pc -- 72440fc8-e4b4-4896-9265-dfa458e8a652
# pid: 27672, system: Linux 5.3.0-7648-generic #41~1586790036~18.04~600aeb5-Ubuntu SMP Mon Apr 13 17:47:15 UTC  x86_64
# annotation_files                        : ['analysis/20220621_LocationPatterns/GATfiles/Segments/no501invs.bed']
# annotations_label                       : None
# annotations_to_points                   : None
# bucket_size                             : 0
# cache                                   : None
# conditional                             : unconditional
# conditional_expansion                   : None
# conditional_extension                   : None
# counters                                : []
# enable_split_tracks                     : False
# ignore_segment_tracks                   : True
# input_filename_counts                   : None
# input_filename_descriptions             : None
# input_filename_results                  : None
# isochore_files                          : None
# loglevel                                : 1
# nbuckets                                : 100000
# null                                    : default
# num_samples                             : 100
# num_threads                             : 0
# output_bed                              : []
# output_counts_pattern                   : analysis/20220621_LocationPatterns/GATresults/WorkspaceHigh0.09_noX/counts/no501invs_femBherer_%s.tsv.gz
# output_filename_pattern                 : %s
# output_force                            : False
# output_order                            : fold
# output_plots_pattern                    : None
# output_samples_pattern                  : None
# output_stats                            : []
# output_tables_pattern                   : %s.tsv.gz
# overlapping_annotations                 : False
# pseudo_count                            : 1.0
# pvalue_method                           : empirical
# qvalue_lambda                           : None
# qvalue_method                           : BH
# qvalue_pi0_method                       : smoother
# random_seed                             : None
# restrict_workspace                      : False
# sample_files                            : []
# sampler                                 : annotator
# segment_files                           : ['analysis/20220621_LocationPatterns/GATfiles/Annotations/genomicSuperDups_coords_normal.bed']
# shift_expansion                         : 2.0
# shift_extension                         : 0
# short_help                              : None
# stderr                                  : <_io.TextIOWrapper name='<stderr>' mode='w' encoding='utf-8'>
# stdin                                   : <_io.TextIOWrapper name='<stdin>' mode='r' encoding='utf-8'>
# stdlog                                  : <_io.TextIOWrapper name='analysis/20220621_LocationPatterns/GATresults/WorkspaceHigh0.09_noX/log/no501invs_femBherer.log' mode='a' encoding='UTF-8'>
# stdout                                  : <_io.TextIOWrapper name='analysis/20220621_LocationPatterns/GATresults/WorkspaceHigh0.09_noX/tsv/no501invs_femBherer.tsv' mode='w' encoding='UTF-8'>
# timeit_file                             : None
# timeit_header                           : None
# timeit_name                             : all
# truncate_segments_to_workspace          : False
# truncate_workspace_to_annotations       : False
# workspace_files                         : ['analysis/20220621_LocationPatterns/GATfiles/Isochores/genomicSuperDups_COzones_0.09/windows.txt']
2022-06-21 11:23:03,241 INFO segments: reading tracks from 1 files
2022-06-21 11:23:03,352 INFO segments: read 1 tracks from 1 files
2022-06-21 11:23:03,356 INFO annotations: reading tracks from 1 files
2022-06-21 11:23:03,357 INFO annotations: read 136 tracks from 1 files
2022-06-21 11:23:03,357 INFO workspaces: reading tracks from 1 files
2022-06-21 11:23:03,357 INFO workspaces: read 2 tracks from 1 files
2022-06-21 11:23:03,358 INFO collapsing workspaces
2022-06-21 11:23:03,358 INFO intervals loaded in 0 seconds
2022-06-21 11:23:03,358 INFO collecting observed counts
2022-06-21 11:23:03,359 INFO starting sampling
2022-06-21 11:23:03,359 INFO sampling: merged: 1/1
2022-06-21 11:23:03,359 INFO performing unconditional sampling
2022-06-21 11:23:03,362 INFO workspace without conditioning: 0 segments, 0 nucleotides
2022-06-21 11:23:03,362 INFO workspace after conditioning: 0 segments, 0 nucleotides
2022-06-21 11:23:03,362 WARNING empty workspace - no computation performed
2022-06-21 11:23:03,362 INFO sampling finished
2022-06-21 11:23:03,362 INFO computing PValue statistics
2022-06-21 11:23:03,362 INFO writing counts to analysis/20220621_LocationPatterns/GATresults/WorkspaceHigh0.09_noX/counts/no501invs_femBherer_nucleotide-overlap.tsv.gz
2022-06-21 11:23:03,363 INFO computing FDR statistics
# job finished in 0 seconds at Tue Jun 21 11:23:03 2022 --  0.83  0.05  0.00  0.00 -- 72440fc8-e4b4-4896-9265-dfa458e8a652
# output generated by /home/rgomez/anaconda3/bin/gat-run.py --annotations=analysis/20220621_LocationPatterns/GATfiles/Segments/no501invs.bed --segments=analysis/20220621_LocationPatterns/GATfiles/Annotations/genomicSuperDups_coords_normal.bed --output-counts-pattern=analysis/20220621_LocationPatterns/GATresults/WorkspaceHigh0.09_noX/counts/no501invs_femBherer_%s.tsv.gz --workspace=analysis/20220621_LocationPatterns/GATfiles/Workspace/workspace_femBherer.bed --num-samples=100 --log=analysis/20220621_LocationPatterns/GATresults/WorkspaceHigh0.09_noX/log/no501invs_femBherer.log --stdout=analysis/20220621_LocationPatterns/GATresults/WorkspaceHigh0.09_noX/tsv/no501invs_femBherer.tsv
# job started at Tue Jun 21 11:30:37 2022 on rgomez-pc -- 727bac0a-4622-46f7-bfaa-8bf439ce560c
# pid: 28461, system: Linux 5.3.0-7648-generic #41~1586790036~18.04~600aeb5-Ubuntu SMP Mon Apr 13 17:47:15 UTC  x86_64
# annotation_files                        : ['analysis/20220621_LocationPatterns/GATfiles/Segments/no501invs.bed']
# annotations_label                       : None
# annotations_to_points                   : None
# bucket_size                             : 0
# cache                                   : None
# conditional                             : unconditional
# conditional_expansion                   : None
# conditional_extension                   : None
# counters                                : []
# enable_split_tracks                     : False
# ignore_segment_tracks                   : True
# input_filename_counts                   : None
# input_filename_descriptions             : None
# input_filename_results                  : None
# isochore_files                          : None
# loglevel                                : 1
# nbuckets                                : 100000
# null                                    : default
# num_samples                             : 100
# num_threads                             : 0
# output_bed                              : []
# output_counts_pattern                   : analysis/20220621_LocationPatterns/GATresults/WorkspaceHigh0.09_noX/counts/no501invs_femBherer_%s.tsv.gz
# output_filename_pattern                 : %s
# output_force                            : False
# output_order                            : fold
# output_plots_pattern                    : None
# output_samples_pattern                  : None
# output_stats                            : []
# output_tables_pattern                   : %s.tsv.gz
# overlapping_annotations                 : False
# pseudo_count                            : 1.0
# pvalue_method                           : empirical
# qvalue_lambda                           : None
# qvalue_method                           : BH
# qvalue_pi0_method                       : smoother
# random_seed                             : None
# restrict_workspace                      : False
# sample_files                            : []
# sampler                                 : annotator
# segment_files                           : ['analysis/20220621_LocationPatterns/GATfiles/Annotations/genomicSuperDups_coords_normal.bed']
# shift_expansion                         : 2.0
# shift_extension                         : 0
# short_help                              : None
# stderr                                  : <_io.TextIOWrapper name='<stderr>' mode='w' encoding='utf-8'>
# stdin                                   : <_io.TextIOWrapper name='<stdin>' mode='r' encoding='utf-8'>
# stdlog                                  : <_io.TextIOWrapper name='analysis/20220621_LocationPatterns/GATresults/WorkspaceHigh0.09_noX/log/no501invs_femBherer.log' mode='a' encoding='UTF-8'>
# stdout                                  : <_io.TextIOWrapper name='analysis/20220621_LocationPatterns/GATresults/WorkspaceHigh0.09_noX/tsv/no501invs_femBherer.tsv' mode='w' encoding='UTF-8'>
# timeit_file                             : None
# timeit_header                           : None
# timeit_name                             : all
# truncate_segments_to_workspace          : False
# truncate_workspace_to_annotations       : False
# workspace_files                         : ['analysis/20220621_LocationPatterns/GATfiles/Workspace/workspace_femBherer.bed']
2022-06-21 11:30:37,919 INFO segments: reading tracks from 1 files
2022-06-21 11:30:38,027 INFO segments: read 1 tracks from 1 files
2022-06-21 11:30:38,031 INFO annotations: reading tracks from 1 files
2022-06-21 11:30:38,031 INFO annotations: read 136 tracks from 1 files
2022-06-21 11:30:38,032 INFO workspaces: reading tracks from 1 files
2022-06-21 11:30:38,032 INFO workspaces: read 1 tracks from 1 files
2022-06-21 11:30:38,032 INFO collapsing workspaces
2022-06-21 11:30:38,032 INFO intervals loaded in 0 seconds
2022-06-21 11:30:38,032 INFO collecting observed counts
2022-06-21 11:30:38,033 INFO starting sampling
2022-06-21 11:30:38,033 INFO sampling: merged: 1/1
2022-06-21 11:30:38,033 INFO performing unconditional sampling
2022-06-21 11:30:38,035 INFO workspace without conditioning: 41 segments, 2826410475 nucleotides
2022-06-21 11:30:38,035 INFO workspace after conditioning: 41 segments, 2826410475 nucleotides
2022-06-21 11:30:38,035 INFO sampling started
2022-06-21 11:30:38,120 INFO 0/100 done ( 0.00)
2022-06-21 11:30:46,382 INFO sampling completed
2022-06-21 11:30:46,383 INFO sampling finished
2022-06-21 11:30:46,383 INFO computing PValue statistics
2022-06-21 11:30:46,402 INFO writing counts to analysis/20220621_LocationPatterns/GATresults/WorkspaceHigh0.09_noX/counts/no501invs_femBherer_nucleotide-overlap.tsv.gz
2022-06-21 11:30:46,411 INFO computing FDR statistics
# job finished in 8 seconds at Tue Jun 21 11:30:46 2022 --  9.23  0.05  0.00  0.00 -- 727bac0a-4622-46f7-bfaa-8bf439ce560c
# output generated by /home/rgomez/anaconda3/bin/gat-run.py --segments=analysis/20220621_LocationPatterns/GATfiles/Segments/no501invs.bed --annotations=analysis/20220621_LocationPatterns/GATfiles/Annotations/annotations_femBherer.bed --output-counts-pattern=analysis/20220621_LocationPatterns/GATresults/WorkspaceHigh0.09_noX/counts/no501invs_femBherer_%s.tsv.gz --workspace=analysis/20220621_LocationPatterns/GATfiles/Workspace/workspace_femBherer.bed --num-samples=100 --log=analysis/20220621_LocationPatterns/GATresults/WorkspaceHigh0.09_noX/log/no501invs_femBherer.log --stdout=analysis/20220621_LocationPatterns/GATresults/WorkspaceHigh0.09_noX/tsv/no501invs_femBherer.tsv
# job started at Tue Jun 21 11:51:34 2022 on rgomez-pc -- a995fee2-6cf4-4465-acc4-194f83bfb189
# pid: 992, system: Linux 5.3.0-7648-generic #41~1586790036~18.04~600aeb5-Ubuntu SMP Mon Apr 13 17:47:15 UTC  x86_64
# annotation_files                        : ['analysis/20220621_LocationPatterns/GATfiles/Annotations/annotations_femBherer.bed']
# annotations_label                       : None
# annotations_to_points                   : None
# bucket_size                             : 0
# cache                                   : None
# conditional                             : unconditional
# conditional_expansion                   : None
# conditional_extension                   : None
# counters                                : []
# enable_split_tracks                     : False
# ignore_segment_tracks                   : True
# input_filename_counts                   : None
# input_filename_descriptions             : None
# input_filename_results                  : None
# isochore_files                          : None
# loglevel                                : 1
# nbuckets                                : 100000
# null                                    : default
# num_samples                             : 100
# num_threads                             : 0
# output_bed                              : []
# output_counts_pattern                   : analysis/20220621_LocationPatterns/GATresults/WorkspaceHigh0.09_noX/counts/no501invs_femBherer_%s.tsv.gz
# output_filename_pattern                 : %s
# output_force                            : False
# output_order                            : fold
# output_plots_pattern                    : None
# output_samples_pattern                  : None
# output_stats                            : []
# output_tables_pattern                   : %s.tsv.gz
# overlapping_annotations                 : False
# pseudo_count                            : 1.0
# pvalue_method                           : empirical
# qvalue_lambda                           : None
# qvalue_method                           : BH
# qvalue_pi0_method                       : smoother
# random_seed                             : None
# restrict_workspace                      : False
# sample_files                            : []
# sampler                                 : annotator
# segment_files                           : ['analysis/20220621_LocationPatterns/GATfiles/Segments/no501invs.bed']
# shift_expansion                         : 2.0
# shift_extension                         : 0
# short_help                              : None
# stderr                                  : <_io.TextIOWrapper name='<stderr>' mode='w' encoding='utf-8'>
# stdin                                   : <_io.TextIOWrapper name='<stdin>' mode='r' encoding='utf-8'>
# stdlog                                  : <_io.TextIOWrapper name='analysis/20220621_LocationPatterns/GATresults/WorkspaceHigh0.09_noX/log/no501invs_femBherer.log' mode='a' encoding='UTF-8'>
# stdout                                  : <_io.TextIOWrapper name='analysis/20220621_LocationPatterns/GATresults/WorkspaceHigh0.09_noX/tsv/no501invs_femBherer.tsv' mode='w' encoding='UTF-8'>
# timeit_file                             : None
# timeit_header                           : None
# timeit_name                             : all
# truncate_segments_to_workspace          : False
# truncate_workspace_to_annotations       : False
# workspace_files                         : ['analysis/20220621_LocationPatterns/GATfiles/Workspace/workspace_femBherer.bed']
2022-06-21 11:51:34,909 INFO segments: reading tracks from 1 files
2022-06-21 11:51:34,909 INFO segments: read 1 tracks from 1 files
2022-06-21 11:51:34,909 INFO annotations: reading tracks from 1 files
2022-06-21 11:51:35,204 INFO annotations: read 6 tracks from 1 files
2022-06-21 11:51:35,210 INFO workspaces: reading tracks from 1 files
2022-06-21 11:51:35,210 INFO workspaces: read 1 tracks from 1 files
2022-06-21 11:51:35,211 INFO collapsing workspaces
2022-06-21 11:51:35,211 INFO intervals loaded in 0 seconds
2022-06-21 11:51:35,212 INFO collecting observed counts
2022-06-21 11:51:35,212 INFO starting sampling
2022-06-21 11:51:35,212 INFO sampling: merged: 1/1
2022-06-21 11:51:35,212 INFO performing unconditional sampling
2022-06-21 11:51:35,213 INFO workspace without conditioning: 41 segments, 2826410475 nucleotides
2022-06-21 11:51:35,213 INFO workspace after conditioning: 41 segments, 2826410475 nucleotides
2022-06-21 11:51:35,213 INFO sampling started
2022-06-21 11:51:35,225 INFO 0/100 done ( 0.00)
2022-06-21 11:51:36,214 INFO sampling completed
2022-06-21 11:51:36,214 INFO sampling finished
2022-06-21 11:51:36,214 INFO computing PValue statistics
2022-06-21 11:51:36,216 INFO writing counts to analysis/20220621_LocationPatterns/GATresults/WorkspaceHigh0.09_noX/counts/no501invs_femBherer_nucleotide-overlap.tsv.gz
2022-06-21 11:51:36,216 INFO computing FDR statistics
# job finished in 1 seconds at Tue Jun 21 11:51:36 2022 --  2.14  0.05  0.00  0.00 -- a995fee2-6cf4-4465-acc4-194f83bfb189
