# output generated by /home/rgomez/anaconda3/bin/gat-run.py --annotations=analysis/20220621_LocationPatterns/GATfiles/Segments/no501invs.bed --segments=analysis/20220621_LocationPatterns/GATfiles/Annotations/genomicSuperDups_coords_normal.bed --output-counts-pattern=analysis/20220621_LocationPatterns/GATresults/WorkspaceHigh0.09_noX/counts/no501invs_avgBherer_%s.tsv.gz --workspace=analysis/20220621_LocationPatterns/GATfiles/Isochores/genomicSuperDups_COzones_0.09/windows.txt --num-samples=100 --log=analysis/20220621_LocationPatterns/GATresults/WorkspaceHigh0.09_noX/log/no501invs_avgBherer.log --stdout=analysis/20220621_LocationPatterns/GATresults/WorkspaceHigh0.09_noX/tsv/no501invs_avgBherer.tsv
# job started at Tue Jun 21 11:23:02 2022 on rgomez-pc -- f933849d-f425-4c28-90fd-466be16d451a
# pid: 27669, system: Linux 5.3.0-7648-generic #41~1586790036~18.04~600aeb5-Ubuntu SMP Mon Apr 13 17:47:15 UTC  x86_64
# annotation_files                        : ['analysis/20220621_LocationPatterns/GATfiles/Segments/no501invs.bed']
# annotations_label                       : None
# annotations_to_points                   : None
# bucket_size                             : 0
# cache                                   : None
# conditional                             : unconditional
# conditional_expansion                   : None
# conditional_extension                   : None
# counters                                : []
# enable_split_tracks                     : False
# ignore_segment_tracks                   : True
# input_filename_counts                   : None
# input_filename_descriptions             : None
# input_filename_results                  : None
# isochore_files                          : None
# loglevel                                : 1
# nbuckets                                : 100000
# null                                    : default
# num_samples                             : 100
# num_threads                             : 0
# output_bed                              : []
# output_counts_pattern                   : analysis/20220621_LocationPatterns/GATresults/WorkspaceHigh0.09_noX/counts/no501invs_avgBherer_%s.tsv.gz
# output_filename_pattern                 : %s
# output_force                            : False
# output_order                            : fold
# output_plots_pattern                    : None
# output_samples_pattern                  : None
# output_stats                            : []
# output_tables_pattern                   : %s.tsv.gz
# overlapping_annotations                 : False
# pseudo_count                            : 1.0
# pvalue_method                           : empirical
# qvalue_lambda                           : None
# qvalue_method                           : BH
# qvalue_pi0_method                       : smoother
# random_seed                             : None
# restrict_workspace                      : False
# sample_files                            : []
# sampler                                 : annotator
# segment_files                           : ['analysis/20220621_LocationPatterns/GATfiles/Annotations/genomicSuperDups_coords_normal.bed']
# shift_expansion                         : 2.0
# shift_extension                         : 0
# short_help                              : None
# stderr                                  : <_io.TextIOWrapper name='<stderr>' mode='w' encoding='utf-8'>
# stdin                                   : <_io.TextIOWrapper name='<stdin>' mode='r' encoding='utf-8'>
# stdlog                                  : <_io.TextIOWrapper name='analysis/20220621_LocationPatterns/GATresults/WorkspaceHigh0.09_noX/log/no501invs_avgBherer.log' mode='a' encoding='UTF-8'>
# stdout                                  : <_io.TextIOWrapper name='analysis/20220621_LocationPatterns/GATresults/WorkspaceHigh0.09_noX/tsv/no501invs_avgBherer.tsv' mode='w' encoding='UTF-8'>
# timeit_file                             : None
# timeit_header                           : None
# timeit_name                             : all
# truncate_segments_to_workspace          : False
# truncate_workspace_to_annotations       : False
# workspace_files                         : ['analysis/20220621_LocationPatterns/GATfiles/Isochores/genomicSuperDups_COzones_0.09/windows.txt']
2022-06-21 11:23:02,237 INFO segments: reading tracks from 1 files
2022-06-21 11:23:02,349 INFO segments: read 1 tracks from 1 files
2022-06-21 11:23:02,353 INFO annotations: reading tracks from 1 files
2022-06-21 11:23:02,354 INFO annotations: read 136 tracks from 1 files
2022-06-21 11:23:02,354 INFO workspaces: reading tracks from 1 files
2022-06-21 11:23:02,354 INFO workspaces: read 2 tracks from 1 files
2022-06-21 11:23:02,354 INFO collapsing workspaces
2022-06-21 11:23:02,355 INFO intervals loaded in 0 seconds
2022-06-21 11:23:02,355 INFO collecting observed counts
2022-06-21 11:23:02,356 INFO starting sampling
2022-06-21 11:23:02,356 INFO sampling: merged: 1/1
2022-06-21 11:23:02,356 INFO performing unconditional sampling
2022-06-21 11:23:02,358 INFO workspace without conditioning: 0 segments, 0 nucleotides
2022-06-21 11:23:02,358 INFO workspace after conditioning: 0 segments, 0 nucleotides
2022-06-21 11:23:02,358 WARNING empty workspace - no computation performed
2022-06-21 11:23:02,358 INFO sampling finished
2022-06-21 11:23:02,358 INFO computing PValue statistics
2022-06-21 11:23:02,359 INFO writing counts to analysis/20220621_LocationPatterns/GATresults/WorkspaceHigh0.09_noX/counts/no501invs_avgBherer_nucleotide-overlap.tsv.gz
2022-06-21 11:23:02,359 INFO computing FDR statistics
# job finished in 0 seconds at Tue Jun 21 11:23:02 2022 --  0.84  0.04  0.00  0.00 -- f933849d-f425-4c28-90fd-466be16d451a
# output generated by /home/rgomez/anaconda3/bin/gat-run.py --annotations=analysis/20220621_LocationPatterns/GATfiles/Segments/no501invs.bed --segments=analysis/20220621_LocationPatterns/GATfiles/Annotations/genomicSuperDups_coords_normal.bed --output-counts-pattern=analysis/20220621_LocationPatterns/GATresults/WorkspaceHigh0.09_noX/counts/no501invs_avgBherer_%s.tsv.gz --workspace=analysis/20220621_LocationPatterns/GATfiles/Workspace/workspace_avgBherer.bed --num-samples=100 --log=analysis/20220621_LocationPatterns/GATresults/WorkspaceHigh0.09_noX/log/no501invs_avgBherer.log --stdout=analysis/20220621_LocationPatterns/GATresults/WorkspaceHigh0.09_noX/tsv/no501invs_avgBherer.tsv
# job started at Tue Jun 21 11:30:27 2022 on rgomez-pc -- 0ef9452b-84b6-4b82-a980-612abbcc40eb
# pid: 28453, system: Linux 5.3.0-7648-generic #41~1586790036~18.04~600aeb5-Ubuntu SMP Mon Apr 13 17:47:15 UTC  x86_64
# annotation_files                        : ['analysis/20220621_LocationPatterns/GATfiles/Segments/no501invs.bed']
# annotations_label                       : None
# annotations_to_points                   : None
# bucket_size                             : 0
# cache                                   : None
# conditional                             : unconditional
# conditional_expansion                   : None
# conditional_extension                   : None
# counters                                : []
# enable_split_tracks                     : False
# ignore_segment_tracks                   : True
# input_filename_counts                   : None
# input_filename_descriptions             : None
# input_filename_results                  : None
# isochore_files                          : None
# loglevel                                : 1
# nbuckets                                : 100000
# null                                    : default
# num_samples                             : 100
# num_threads                             : 0
# output_bed                              : []
# output_counts_pattern                   : analysis/20220621_LocationPatterns/GATresults/WorkspaceHigh0.09_noX/counts/no501invs_avgBherer_%s.tsv.gz
# output_filename_pattern                 : %s
# output_force                            : False
# output_order                            : fold
# output_plots_pattern                    : None
# output_samples_pattern                  : None
# output_stats                            : []
# output_tables_pattern                   : %s.tsv.gz
# overlapping_annotations                 : False
# pseudo_count                            : 1.0
# pvalue_method                           : empirical
# qvalue_lambda                           : None
# qvalue_method                           : BH
# qvalue_pi0_method                       : smoother
# random_seed                             : None
# restrict_workspace                      : False
# sample_files                            : []
# sampler                                 : annotator
# segment_files                           : ['analysis/20220621_LocationPatterns/GATfiles/Annotations/genomicSuperDups_coords_normal.bed']
# shift_expansion                         : 2.0
# shift_extension                         : 0
# short_help                              : None
# stderr                                  : <_io.TextIOWrapper name='<stderr>' mode='w' encoding='utf-8'>
# stdin                                   : <_io.TextIOWrapper name='<stdin>' mode='r' encoding='utf-8'>
# stdlog                                  : <_io.TextIOWrapper name='analysis/20220621_LocationPatterns/GATresults/WorkspaceHigh0.09_noX/log/no501invs_avgBherer.log' mode='a' encoding='UTF-8'>
# stdout                                  : <_io.TextIOWrapper name='analysis/20220621_LocationPatterns/GATresults/WorkspaceHigh0.09_noX/tsv/no501invs_avgBherer.tsv' mode='w' encoding='UTF-8'>
# timeit_file                             : None
# timeit_header                           : None
# timeit_name                             : all
# truncate_segments_to_workspace          : False
# truncate_workspace_to_annotations       : False
# workspace_files                         : ['analysis/20220621_LocationPatterns/GATfiles/Workspace/workspace_avgBherer.bed']
2022-06-21 11:30:27,457 INFO segments: reading tracks from 1 files
2022-06-21 11:30:27,570 INFO segments: read 1 tracks from 1 files
2022-06-21 11:30:27,574 INFO annotations: reading tracks from 1 files
2022-06-21 11:30:27,574 INFO annotations: read 136 tracks from 1 files
2022-06-21 11:30:27,575 INFO workspaces: reading tracks from 1 files
2022-06-21 11:30:27,575 INFO workspaces: read 1 tracks from 1 files
2022-06-21 11:30:27,575 INFO collapsing workspaces
2022-06-21 11:30:27,575 INFO intervals loaded in 0 seconds
2022-06-21 11:30:27,575 INFO collecting observed counts
2022-06-21 11:30:27,576 INFO starting sampling
2022-06-21 11:30:27,576 INFO sampling: merged: 1/1
2022-06-21 11:30:27,576 INFO performing unconditional sampling
2022-06-21 11:30:27,578 INFO workspace without conditioning: 39 segments, 2678195140 nucleotides
2022-06-21 11:30:27,578 INFO workspace after conditioning: 39 segments, 2678195140 nucleotides
2022-06-21 11:30:27,578 INFO sampling started
2022-06-21 11:30:27,673 INFO 0/100 done ( 0.00)
2022-06-21 11:30:36,981 INFO sampling completed
2022-06-21 11:30:36,983 INFO sampling finished
2022-06-21 11:30:36,983 INFO computing PValue statistics
2022-06-21 11:30:37,002 INFO writing counts to analysis/20220621_LocationPatterns/GATresults/WorkspaceHigh0.09_noX/counts/no501invs_avgBherer_nucleotide-overlap.tsv.gz
2022-06-21 11:30:37,011 INFO computing FDR statistics
# job finished in 9 seconds at Tue Jun 21 11:30:37 2022 -- 10.32  0.04  0.00  0.00 -- 0ef9452b-84b6-4b82-a980-612abbcc40eb
# output generated by /home/rgomez/anaconda3/bin/gat-run.py --segments=analysis/20220621_LocationPatterns/GATfiles/Segments/no501invs.bed --annotations=analysis/20220621_LocationPatterns/GATfiles/Annotations/annotations_avgBherer.bed --output-counts-pattern=analysis/20220621_LocationPatterns/GATresults/WorkspaceHigh0.09_noX/counts/no501invs_avgBherer_%s.tsv.gz --workspace=analysis/20220621_LocationPatterns/GATfiles/Workspace/workspace_avgBherer.bed --num-samples=100 --log=analysis/20220621_LocationPatterns/GATresults/WorkspaceHigh0.09_noX/log/no501invs_avgBherer.log --stdout=analysis/20220621_LocationPatterns/GATresults/WorkspaceHigh0.09_noX/tsv/no501invs_avgBherer.tsv
# job started at Tue Jun 21 11:51:32 2022 on rgomez-pc -- 531bf81e-cf27-4023-a3c9-8891dcc31a1c
# pid: 985, system: Linux 5.3.0-7648-generic #41~1586790036~18.04~600aeb5-Ubuntu SMP Mon Apr 13 17:47:15 UTC  x86_64
# annotation_files                        : ['analysis/20220621_LocationPatterns/GATfiles/Annotations/annotations_avgBherer.bed']
# annotations_label                       : None
# annotations_to_points                   : None
# bucket_size                             : 0
# cache                                   : None
# conditional                             : unconditional
# conditional_expansion                   : None
# conditional_extension                   : None
# counters                                : []
# enable_split_tracks                     : False
# ignore_segment_tracks                   : True
# input_filename_counts                   : None
# input_filename_descriptions             : None
# input_filename_results                  : None
# isochore_files                          : None
# loglevel                                : 1
# nbuckets                                : 100000
# null                                    : default
# num_samples                             : 100
# num_threads                             : 0
# output_bed                              : []
# output_counts_pattern                   : analysis/20220621_LocationPatterns/GATresults/WorkspaceHigh0.09_noX/counts/no501invs_avgBherer_%s.tsv.gz
# output_filename_pattern                 : %s
# output_force                            : False
# output_order                            : fold
# output_plots_pattern                    : None
# output_samples_pattern                  : None
# output_stats                            : []
# output_tables_pattern                   : %s.tsv.gz
# overlapping_annotations                 : False
# pseudo_count                            : 1.0
# pvalue_method                           : empirical
# qvalue_lambda                           : None
# qvalue_method                           : BH
# qvalue_pi0_method                       : smoother
# random_seed                             : None
# restrict_workspace                      : False
# sample_files                            : []
# sampler                                 : annotator
# segment_files                           : ['analysis/20220621_LocationPatterns/GATfiles/Segments/no501invs.bed']
# shift_expansion                         : 2.0
# shift_extension                         : 0
# short_help                              : None
# stderr                                  : <_io.TextIOWrapper name='<stderr>' mode='w' encoding='utf-8'>
# stdin                                   : <_io.TextIOWrapper name='<stdin>' mode='r' encoding='utf-8'>
# stdlog                                  : <_io.TextIOWrapper name='analysis/20220621_LocationPatterns/GATresults/WorkspaceHigh0.09_noX/log/no501invs_avgBherer.log' mode='a' encoding='UTF-8'>
# stdout                                  : <_io.TextIOWrapper name='analysis/20220621_LocationPatterns/GATresults/WorkspaceHigh0.09_noX/tsv/no501invs_avgBherer.tsv' mode='w' encoding='UTF-8'>
# timeit_file                             : None
# timeit_header                           : None
# timeit_name                             : all
# truncate_segments_to_workspace          : False
# truncate_workspace_to_annotations       : False
# workspace_files                         : ['analysis/20220621_LocationPatterns/GATfiles/Workspace/workspace_avgBherer.bed']
2022-06-21 11:51:32,620 INFO segments: reading tracks from 1 files
2022-06-21 11:51:32,621 INFO segments: read 1 tracks from 1 files
2022-06-21 11:51:32,621 INFO annotations: reading tracks from 1 files
2022-06-21 11:51:32,921 INFO annotations: read 6 tracks from 1 files
2022-06-21 11:51:32,926 INFO workspaces: reading tracks from 1 files
2022-06-21 11:51:32,926 INFO workspaces: read 1 tracks from 1 files
2022-06-21 11:51:32,926 INFO collapsing workspaces
2022-06-21 11:51:32,926 INFO intervals loaded in 0 seconds
2022-06-21 11:51:32,927 INFO collecting observed counts
2022-06-21 11:51:32,928 INFO starting sampling
2022-06-21 11:51:32,928 INFO sampling: merged: 1/1
2022-06-21 11:51:32,928 INFO performing unconditional sampling
2022-06-21 11:51:32,929 INFO workspace without conditioning: 39 segments, 2678195140 nucleotides
2022-06-21 11:51:32,929 INFO workspace after conditioning: 39 segments, 2678195140 nucleotides
2022-06-21 11:51:32,929 INFO sampling started
2022-06-21 11:51:32,939 INFO 0/100 done ( 0.00)
2022-06-21 11:51:33,880 INFO sampling completed
2022-06-21 11:51:33,880 INFO sampling finished
2022-06-21 11:51:33,880 INFO computing PValue statistics
2022-06-21 11:51:33,882 INFO writing counts to analysis/20220621_LocationPatterns/GATresults/WorkspaceHigh0.09_noX/counts/no501invs_avgBherer_nucleotide-overlap.tsv.gz
2022-06-21 11:51:33,882 INFO computing FDR statistics
# job finished in 1 seconds at Tue Jun 21 11:51:33 2022 --  2.07  0.06  0.00  0.00 -- 531bf81e-cf27-4023-a3c9-8891dcc31a1c
