# output generated by /home/rgomez/anaconda3/bin/gat-run.py --segments=analysis/20220622_LocationPatterns/GATfiles/Segments/HFNAHR_Med.bed --isochores=analysis/20220622_LocationPatterns/GATfiles/Isochores/isochores_NAHR_Med.bed --annotations=analysis/20220622_LocationPatterns/GATfiles/Annotations/annotations_avgBherer.bed --workspace=analysis/20220622_LocationPatterns/GATfiles/Workspace/workspace_avgBherer.bed --num-samples=1000 --log=analysis/20220622_LocationPatterns/GATresults/NAHR_Med/log/HFNAHR_Med_annotations_avgBherer.log --stdout=analysis/20220622_LocationPatterns/GATresults/NAHR_Med/tsv/HFNAHR_Med_annotations_avgBherer.tsv
# job started at Wed Jun 22 23:11:29 2022 on rgomez-pc -- 9b869bc9-3bf5-483f-a9ae-8f3d722c17fd
# pid: 27028, system: Linux 5.3.0-7648-generic #41~1586790036~18.04~600aeb5-Ubuntu SMP Mon Apr 13 17:47:15 UTC  x86_64
# annotation_files                        : ['analysis/20220622_LocationPatterns/GATfiles/Annotations/annotations_avgBherer.bed']
# annotations_label                       : None
# annotations_to_points                   : None
# bucket_size                             : 0
# cache                                   : None
# conditional                             : unconditional
# conditional_expansion                   : None
# conditional_extension                   : None
# counters                                : []
# enable_split_tracks                     : False
# ignore_segment_tracks                   : True
# input_filename_counts                   : None
# input_filename_descriptions             : None
# input_filename_results                  : None
# isochore_files                          : ['analysis/20220622_LocationPatterns/GATfiles/Isochores/isochores_NAHR_Med.bed']
# loglevel                                : 1
# nbuckets                                : 100000
# null                                    : default
# num_samples                             : 1000
# num_threads                             : 0
# output_bed                              : []
# output_counts_pattern                   : None
# output_filename_pattern                 : %s
# output_force                            : False
# output_order                            : fold
# output_plots_pattern                    : None
# output_samples_pattern                  : None
# output_stats                            : []
# output_tables_pattern                   : %s.tsv.gz
# overlapping_annotations                 : False
# pseudo_count                            : 1.0
# pvalue_method                           : empirical
# qvalue_lambda                           : None
# qvalue_method                           : BH
# qvalue_pi0_method                       : smoother
# random_seed                             : None
# restrict_workspace                      : False
# sample_files                            : []
# sampler                                 : annotator
# segment_files                           : ['analysis/20220622_LocationPatterns/GATfiles/Segments/HFNAHR_Med.bed']
# shift_expansion                         : 2.0
# shift_extension                         : 0
# short_help                              : None
# stderr                                  : <_io.TextIOWrapper name='<stderr>' mode='w' encoding='utf-8'>
# stdin                                   : <_io.TextIOWrapper name='<stdin>' mode='r' encoding='utf-8'>
# stdlog                                  : <_io.TextIOWrapper name='analysis/20220622_LocationPatterns/GATresults/NAHR_Med/log/HFNAHR_Med_annotations_avgBherer.log' mode='a' encoding='UTF-8'>
# stdout                                  : <_io.TextIOWrapper name='analysis/20220622_LocationPatterns/GATresults/NAHR_Med/tsv/HFNAHR_Med_annotations_avgBherer.tsv' mode='w' encoding='UTF-8'>
# timeit_file                             : None
# timeit_header                           : None
# timeit_name                             : all
# truncate_segments_to_workspace          : False
# truncate_workspace_to_annotations       : False
# workspace_files                         : ['analysis/20220622_LocationPatterns/GATfiles/Workspace/workspace_avgBherer.bed']
2022-06-22 23:11:29,314 INFO segments: reading tracks from 1 files
2022-06-22 23:11:29,314 INFO segments: read 1 tracks from 1 files
2022-06-22 23:11:29,314 INFO annotations: reading tracks from 1 files
2022-06-22 23:11:29,594 INFO annotations: read 6 tracks from 1 files
2022-06-22 23:11:29,598 INFO workspaces: reading tracks from 1 files
2022-06-22 23:11:29,598 INFO workspaces: read 1 tracks from 1 files
2022-06-22 23:11:29,598 INFO collapsing workspaces
2022-06-22 23:11:29,598 INFO isochores: reading isochores from 1 files
2022-06-22 23:11:29,600 INFO intervals loaded in 0 seconds
2022-06-22 23:11:29,600 INFO adding isochores to workspace
2022-06-22 23:11:29,602 INFO collecting observed counts
2022-06-22 23:11:29,602 INFO starting sampling
2022-06-22 23:11:29,602 INFO sampling: merged: 1/1
2022-06-22 23:11:29,602 INFO performing unconditional sampling
2022-06-22 23:11:29,607 INFO workspace without conditioning: 1090 segments, 2678195140 nucleotides
2022-06-22 23:11:29,607 INFO workspace after conditioning: 1090 segments, 2678195140 nucleotides
2022-06-22 23:11:29,608 INFO sampling started
2022-06-22 23:11:29,610 INFO 0/1000 done ( 0.00)
2022-06-22 23:11:29,709 INFO 100/1000 done (10.00)
2022-06-22 23:11:29,808 INFO 200/1000 done (20.00)
2022-06-22 23:11:29,908 INFO 300/1000 done (30.00)
2022-06-22 23:11:30,010 INFO 400/1000 done (40.00)
2022-06-22 23:11:30,114 INFO 500/1000 done (50.00)
2022-06-22 23:11:30,218 INFO 600/1000 done (60.00)
2022-06-22 23:11:30,318 INFO 700/1000 done (70.00)
2022-06-22 23:11:30,420 INFO 800/1000 done (80.00)
2022-06-22 23:11:30,521 INFO 900/1000 done (90.00)
2022-06-22 23:11:30,622 INFO sampling completed
2022-06-22 23:11:30,623 INFO sampling finished
2022-06-22 23:11:30,623 INFO computing PValue statistics
2022-06-22 23:11:30,627 INFO computing FDR statistics
# job finished in 1 seconds at Wed Jun 22 23:11:30 2022 --  2.03  0.06  0.00  0.00 -- 9b869bc9-3bf5-483f-a9ae-8f3d722c17fd
# output generated by /home/rgomez/anaconda3/bin/gat-run.py --segments=analysis/20220622_LocationPatterns/GATfiles/Segments/HFNAHR_Med.bed --isochores=analysis/20220622_LocationPatterns/GATfiles/Isochores/isochores_NAHR_Med.bed --annotations=analysis/20220622_LocationPatterns/GATfiles/Annotations/annotations_avgBherer.bed --workspace=analysis/20220622_LocationPatterns/GATfiles/Workspace/workspace_avgBherer.bed --num-samples=1000 --log=analysis/20220622_LocationPatterns/GATresults/NAHR_Med/log/HFNAHR_Med_annotations_avgBherer.log --stdout=analysis/20220622_LocationPatterns/GATresults/NAHR_Med/tsv/HFNAHR_Med_annotations_avgBherer.tsv
# job started at Wed Jun 22 23:12:52 2022 on rgomez-pc -- bf9ea777-9777-4ca8-b9ae-130fc8b17035
# pid: 27206, system: Linux 5.3.0-7648-generic #41~1586790036~18.04~600aeb5-Ubuntu SMP Mon Apr 13 17:47:15 UTC  x86_64
# annotation_files                        : ['analysis/20220622_LocationPatterns/GATfiles/Annotations/annotations_avgBherer.bed']
# annotations_label                       : None
# annotations_to_points                   : None
# bucket_size                             : 0
# cache                                   : None
# conditional                             : unconditional
# conditional_expansion                   : None
# conditional_extension                   : None
# counters                                : []
# enable_split_tracks                     : False
# ignore_segment_tracks                   : True
# input_filename_counts                   : None
# input_filename_descriptions             : None
# input_filename_results                  : None
# isochore_files                          : ['analysis/20220622_LocationPatterns/GATfiles/Isochores/isochores_NAHR_Med.bed']
# loglevel                                : 1
# nbuckets                                : 100000
# null                                    : default
# num_samples                             : 1000
# num_threads                             : 0
# output_bed                              : []
# output_counts_pattern                   : None
# output_filename_pattern                 : %s
# output_force                            : False
# output_order                            : fold
# output_plots_pattern                    : None
# output_samples_pattern                  : None
# output_stats                            : []
# output_tables_pattern                   : %s.tsv.gz
# overlapping_annotations                 : False
# pseudo_count                            : 1.0
# pvalue_method                           : empirical
# qvalue_lambda                           : None
# qvalue_method                           : BH
# qvalue_pi0_method                       : smoother
# random_seed                             : None
# restrict_workspace                      : False
# sample_files                            : []
# sampler                                 : annotator
# segment_files                           : ['analysis/20220622_LocationPatterns/GATfiles/Segments/HFNAHR_Med.bed']
# shift_expansion                         : 2.0
# shift_extension                         : 0
# short_help                              : None
# stderr                                  : <_io.TextIOWrapper name='<stderr>' mode='w' encoding='utf-8'>
# stdin                                   : <_io.TextIOWrapper name='<stdin>' mode='r' encoding='utf-8'>
# stdlog                                  : <_io.TextIOWrapper name='analysis/20220622_LocationPatterns/GATresults/NAHR_Med/log/HFNAHR_Med_annotations_avgBherer.log' mode='a' encoding='UTF-8'>
# stdout                                  : <_io.TextIOWrapper name='analysis/20220622_LocationPatterns/GATresults/NAHR_Med/tsv/HFNAHR_Med_annotations_avgBherer.tsv' mode='w' encoding='UTF-8'>
# timeit_file                             : None
# timeit_header                           : None
# timeit_name                             : all
# truncate_segments_to_workspace          : False
# truncate_workspace_to_annotations       : False
# workspace_files                         : ['analysis/20220622_LocationPatterns/GATfiles/Workspace/workspace_avgBherer.bed']
2022-06-22 23:12:52,259 INFO segments: reading tracks from 1 files
2022-06-22 23:12:52,259 INFO segments: read 1 tracks from 1 files
2022-06-22 23:12:52,259 INFO annotations: reading tracks from 1 files
2022-06-22 23:12:52,528 INFO annotations: read 6 tracks from 1 files
2022-06-22 23:12:52,532 INFO workspaces: reading tracks from 1 files
2022-06-22 23:12:52,532 INFO workspaces: read 1 tracks from 1 files
2022-06-22 23:12:52,533 INFO collapsing workspaces
2022-06-22 23:12:52,533 INFO isochores: reading isochores from 1 files
2022-06-22 23:12:52,534 INFO intervals loaded in 0 seconds
2022-06-22 23:12:52,534 INFO adding isochores to workspace
2022-06-22 23:12:52,537 INFO collecting observed counts
2022-06-22 23:12:52,537 INFO starting sampling
2022-06-22 23:12:52,537 INFO sampling: merged: 1/1
2022-06-22 23:12:52,537 INFO performing unconditional sampling
2022-06-22 23:12:52,542 INFO workspace without conditioning: 1090 segments, 2678195140 nucleotides
2022-06-22 23:12:52,542 INFO workspace after conditioning: 1090 segments, 2678195140 nucleotides
2022-06-22 23:12:52,543 INFO sampling started
2022-06-22 23:12:52,545 INFO 0/1000 done ( 0.00)
2022-06-22 23:12:52,716 INFO 100/1000 done (10.00)
2022-06-22 23:12:52,885 INFO 200/1000 done (20.00)
2022-06-22 23:12:53,055 INFO 300/1000 done (30.00)
2022-06-22 23:12:53,224 INFO 400/1000 done (40.00)
2022-06-22 23:12:53,394 INFO 500/1000 done (50.00)
2022-06-22 23:12:53,566 INFO 600/1000 done (60.00)
2022-06-22 23:12:53,736 INFO 700/1000 done (70.00)
2022-06-22 23:12:53,905 INFO 800/1000 done (80.00)
2022-06-22 23:12:54,081 INFO 900/1000 done (90.00)
2022-06-22 23:12:54,248 INFO sampling completed
2022-06-22 23:12:54,250 INFO sampling finished
2022-06-22 23:12:54,250 INFO computing PValue statistics
2022-06-22 23:12:54,253 INFO computing FDR statistics
# job finished in 1 seconds at Wed Jun 22 23:12:54 2022 --  2.71  0.04  0.00  0.00 -- bf9ea777-9777-4ca8-b9ae-130fc8b17035
# output generated by /home/rgomez/anaconda3/bin/gat-run.py --segments=analysis/20220622_LocationPatterns/GATfiles/Segments/HFNAHR_Med.bed --isochores=analysis/20220622_LocationPatterns/GATfiles/Isochores/isochores_NAHR_Med.bed --annotations=analysis/20220622_LocationPatterns/GATfiles/Annotations/annotations_avgBherer.bed --workspace=analysis/20220622_LocationPatterns/GATfiles/Workspace/workspace_avgBherer.bed --num-samples=1000 --log=analysis/20220622_LocationPatterns/GATresults/NAHR_Med/log/HFNAHR_Med_annotations_avgBherer.log --stdout=analysis/20220622_LocationPatterns/GATresults/NAHR_Med/tsv/HFNAHR_Med_annotations_avgBherer.tsv
# job started at Wed Jun 22 23:14:29 2022 on rgomez-pc -- 34051e57-003f-4669-9cec-89d1ef436c20
# pid: 27364, system: Linux 5.3.0-7648-generic #41~1586790036~18.04~600aeb5-Ubuntu SMP Mon Apr 13 17:47:15 UTC  x86_64
# annotation_files                        : ['analysis/20220622_LocationPatterns/GATfiles/Annotations/annotations_avgBherer.bed']
# annotations_label                       : None
# annotations_to_points                   : None
# bucket_size                             : 0
# cache                                   : None
# conditional                             : unconditional
# conditional_expansion                   : None
# conditional_extension                   : None
# counters                                : []
# enable_split_tracks                     : False
# ignore_segment_tracks                   : True
# input_filename_counts                   : None
# input_filename_descriptions             : None
# input_filename_results                  : None
# isochore_files                          : ['analysis/20220622_LocationPatterns/GATfiles/Isochores/isochores_NAHR_Med.bed']
# loglevel                                : 1
# nbuckets                                : 100000
# null                                    : default
# num_samples                             : 1000
# num_threads                             : 0
# output_bed                              : []
# output_counts_pattern                   : None
# output_filename_pattern                 : %s
# output_force                            : False
# output_order                            : fold
# output_plots_pattern                    : None
# output_samples_pattern                  : None
# output_stats                            : []
# output_tables_pattern                   : %s.tsv.gz
# overlapping_annotations                 : False
# pseudo_count                            : 1.0
# pvalue_method                           : empirical
# qvalue_lambda                           : None
# qvalue_method                           : BH
# qvalue_pi0_method                       : smoother
# random_seed                             : None
# restrict_workspace                      : False
# sample_files                            : []
# sampler                                 : annotator
# segment_files                           : ['analysis/20220622_LocationPatterns/GATfiles/Segments/HFNAHR_Med.bed']
# shift_expansion                         : 2.0
# shift_extension                         : 0
# short_help                              : None
# stderr                                  : <_io.TextIOWrapper name='<stderr>' mode='w' encoding='utf-8'>
# stdin                                   : <_io.TextIOWrapper name='<stdin>' mode='r' encoding='utf-8'>
# stdlog                                  : <_io.TextIOWrapper name='analysis/20220622_LocationPatterns/GATresults/NAHR_Med/log/HFNAHR_Med_annotations_avgBherer.log' mode='a' encoding='UTF-8'>
# stdout                                  : <_io.TextIOWrapper name='analysis/20220622_LocationPatterns/GATresults/NAHR_Med/tsv/HFNAHR_Med_annotations_avgBherer.tsv' mode='w' encoding='UTF-8'>
# timeit_file                             : None
# timeit_header                           : None
# timeit_name                             : all
# truncate_segments_to_workspace          : False
# truncate_workspace_to_annotations       : False
# workspace_files                         : ['analysis/20220622_LocationPatterns/GATfiles/Workspace/workspace_avgBherer.bed']
2022-06-22 23:14:29,300 INFO segments: reading tracks from 1 files
2022-06-22 23:14:29,300 INFO segments: read 1 tracks from 1 files
2022-06-22 23:14:29,300 INFO annotations: reading tracks from 1 files
2022-06-22 23:14:29,574 INFO annotations: read 6 tracks from 1 files
2022-06-22 23:14:29,578 INFO workspaces: reading tracks from 1 files
2022-06-22 23:14:29,578 INFO workspaces: read 1 tracks from 1 files
2022-06-22 23:14:29,578 INFO collapsing workspaces
2022-06-22 23:14:29,578 INFO isochores: reading isochores from 1 files
2022-06-22 23:14:29,580 INFO intervals loaded in 0 seconds
2022-06-22 23:14:29,580 INFO adding isochores to workspace
2022-06-22 23:14:29,582 INFO collecting observed counts
2022-06-22 23:14:29,582 INFO starting sampling
2022-06-22 23:14:29,582 INFO sampling: merged: 1/1
2022-06-22 23:14:29,582 INFO performing unconditional sampling
2022-06-22 23:14:29,588 INFO workspace without conditioning: 1090 segments, 2678195140 nucleotides
2022-06-22 23:14:29,588 INFO workspace after conditioning: 1090 segments, 2678195140 nucleotides
2022-06-22 23:14:29,588 INFO sampling started
2022-06-22 23:14:29,591 INFO 0/1000 done ( 0.00)
2022-06-22 23:14:29,781 INFO 100/1000 done (10.00)
2022-06-22 23:14:29,979 INFO 200/1000 done (20.00)
2022-06-22 23:14:30,169 INFO 300/1000 done (30.00)
2022-06-22 23:14:30,359 INFO 400/1000 done (40.00)
2022-06-22 23:14:30,555 INFO 500/1000 done (50.00)
2022-06-22 23:14:30,744 INFO 600/1000 done (60.00)
2022-06-22 23:14:30,936 INFO 700/1000 done (70.00)
2022-06-22 23:14:31,126 INFO 800/1000 done (80.00)
2022-06-22 23:14:31,314 INFO 900/1000 done (90.00)
2022-06-22 23:14:31,503 INFO sampling completed
2022-06-22 23:14:31,504 INFO sampling finished
2022-06-22 23:14:31,504 INFO computing PValue statistics
2022-06-22 23:14:31,508 INFO computing FDR statistics
# job finished in 2 seconds at Wed Jun 22 23:14:31 2022 --  2.93  0.07  0.00  0.00 -- 34051e57-003f-4669-9cec-89d1ef436c20
# output generated by /home/rgomez/anaconda3/bin/gat-run.py --segments=analysis/20220622_LocationPatterns/GATfiles/Segments/HFNAHR_Med.bed --isochores=analysis/20220622_LocationPatterns/GATfiles/Isochores/isochores_NAHR_Med.bed --annotations=analysis/20220622_LocationPatterns/GATfiles/Annotations/annotations_avgBherer.bed --workspace=analysis/20220622_LocationPatterns/GATfiles/Workspace/workspace_avgBherer.bed --num-samples=1000 --log=analysis/20220622_LocationPatterns/GATresults/NAHR_Med/log/HFNAHR_Med_annotations_avgBherer.log --stdout=analysis/20220622_LocationPatterns/GATresults/NAHR_Med/tsv/HFNAHR_Med_annotations_avgBherer.tsv
# job started at Wed Jun 22 23:18:14 2022 on rgomez-pc -- 08f82a85-593d-47a0-811b-b3df64341f94
# pid: 27623, system: Linux 5.3.0-7648-generic #41~1586790036~18.04~600aeb5-Ubuntu SMP Mon Apr 13 17:47:15 UTC  x86_64
# annotation_files                        : ['analysis/20220622_LocationPatterns/GATfiles/Annotations/annotations_avgBherer.bed']
# annotations_label                       : None
# annotations_to_points                   : None
# bucket_size                             : 0
# cache                                   : None
# conditional                             : unconditional
# conditional_expansion                   : None
# conditional_extension                   : None
# counters                                : []
# enable_split_tracks                     : False
# ignore_segment_tracks                   : True
# input_filename_counts                   : None
# input_filename_descriptions             : None
# input_filename_results                  : None
# isochore_files                          : ['analysis/20220622_LocationPatterns/GATfiles/Isochores/isochores_NAHR_Med.bed']
# loglevel                                : 1
# nbuckets                                : 100000
# null                                    : default
# num_samples                             : 1000
# num_threads                             : 0
# output_bed                              : []
# output_counts_pattern                   : None
# output_filename_pattern                 : %s
# output_force                            : False
# output_order                            : fold
# output_plots_pattern                    : None
# output_samples_pattern                  : None
# output_stats                            : []
# output_tables_pattern                   : %s.tsv.gz
# overlapping_annotations                 : False
# pseudo_count                            : 1.0
# pvalue_method                           : empirical
# qvalue_lambda                           : None
# qvalue_method                           : BH
# qvalue_pi0_method                       : smoother
# random_seed                             : None
# restrict_workspace                      : False
# sample_files                            : []
# sampler                                 : annotator
# segment_files                           : ['analysis/20220622_LocationPatterns/GATfiles/Segments/HFNAHR_Med.bed']
# shift_expansion                         : 2.0
# shift_extension                         : 0
# short_help                              : None
# stderr                                  : <_io.TextIOWrapper name='<stderr>' mode='w' encoding='utf-8'>
# stdin                                   : <_io.TextIOWrapper name='<stdin>' mode='r' encoding='utf-8'>
# stdlog                                  : <_io.TextIOWrapper name='analysis/20220622_LocationPatterns/GATresults/NAHR_Med/log/HFNAHR_Med_annotations_avgBherer.log' mode='a' encoding='UTF-8'>
# stdout                                  : <_io.TextIOWrapper name='analysis/20220622_LocationPatterns/GATresults/NAHR_Med/tsv/HFNAHR_Med_annotations_avgBherer.tsv' mode='w' encoding='UTF-8'>
# timeit_file                             : None
# timeit_header                           : None
# timeit_name                             : all
# truncate_segments_to_workspace          : False
# truncate_workspace_to_annotations       : False
# workspace_files                         : ['analysis/20220622_LocationPatterns/GATfiles/Workspace/workspace_avgBherer.bed']
2022-06-22 23:18:14,943 INFO segments: reading tracks from 1 files
2022-06-22 23:18:14,943 INFO segments: read 1 tracks from 1 files
2022-06-22 23:18:14,943 INFO annotations: reading tracks from 1 files
2022-06-22 23:18:15,204 INFO annotations: read 6 tracks from 1 files
2022-06-22 23:18:15,208 INFO workspaces: reading tracks from 1 files
2022-06-22 23:18:15,209 INFO workspaces: read 1 tracks from 1 files
2022-06-22 23:18:15,209 INFO collapsing workspaces
2022-06-22 23:18:15,209 INFO isochores: reading isochores from 1 files
2022-06-22 23:18:15,211 INFO intervals loaded in 0 seconds
2022-06-22 23:18:15,211 INFO adding isochores to workspace
2022-06-22 23:18:15,213 INFO collecting observed counts
2022-06-22 23:18:15,213 INFO starting sampling
2022-06-22 23:18:15,213 INFO sampling: merged: 1/1
2022-06-22 23:18:15,213 INFO performing unconditional sampling
2022-06-22 23:18:15,218 INFO workspace without conditioning: 1090 segments, 2678195140 nucleotides
2022-06-22 23:18:15,218 INFO workspace after conditioning: 1090 segments, 2678195140 nucleotides
2022-06-22 23:18:15,219 INFO sampling started
2022-06-22 23:18:15,220 INFO 0/1000 done ( 0.00)
2022-06-22 23:18:15,289 INFO 100/1000 done (10.00)
2022-06-22 23:18:15,357 INFO 200/1000 done (20.00)
2022-06-22 23:18:15,426 INFO 300/1000 done (30.00)
2022-06-22 23:18:15,494 INFO 400/1000 done (40.00)
2022-06-22 23:18:15,567 INFO 500/1000 done (50.00)
2022-06-22 23:18:15,635 INFO 600/1000 done (60.00)
2022-06-22 23:18:15,706 INFO 700/1000 done (70.00)
2022-06-22 23:18:15,775 INFO 800/1000 done (80.00)
2022-06-22 23:18:15,845 INFO 900/1000 done (90.00)
2022-06-22 23:18:15,916 INFO sampling completed
2022-06-22 23:18:15,918 INFO sampling finished
2022-06-22 23:18:15,918 INFO computing PValue statistics
2022-06-22 23:18:15,922 INFO computing FDR statistics
# job finished in 0 seconds at Wed Jun 22 23:18:15 2022 --  1.70  0.05  0.00  0.00 -- 08f82a85-593d-47a0-811b-b3df64341f94
# output generated by /home/rgomez/anaconda3/bin/gat-run.py --segments=analysis/20220622_LocationPatterns/GATfiles/Segments/HFNAHR_Med.bed --isochores=analysis/20220622_LocationPatterns/GATfiles/Isochores/isochores_NAHR_Med.bed --annotations=analysis/20220622_LocationPatterns/GATfiles/Annotations/annotations_avgBherer.bed --workspace=analysis/20220622_LocationPatterns/GATfiles/Workspace/workspace_avgBherer.bed --num-samples=1000 --log=analysis/20220622_LocationPatterns/GATresults/NAHR_Med/log/HFNAHR_Med_annotations_avgBherer.log --stdout=analysis/20220622_LocationPatterns/GATresults/NAHR_Med/tsv/HFNAHR_Med_annotations_avgBherer.tsv
# job started at Wed Jun 22 23:22:01 2022 on rgomez-pc -- 2cd1ad5e-ad5a-4613-be36-65af2bcf84f4
# pid: 27854, system: Linux 5.3.0-7648-generic #41~1586790036~18.04~600aeb5-Ubuntu SMP Mon Apr 13 17:47:15 UTC  x86_64
# annotation_files                        : ['analysis/20220622_LocationPatterns/GATfiles/Annotations/annotations_avgBherer.bed']
# annotations_label                       : None
# annotations_to_points                   : None
# bucket_size                             : 0
# cache                                   : None
# conditional                             : unconditional
# conditional_expansion                   : None
# conditional_extension                   : None
# counters                                : []
# enable_split_tracks                     : False
# ignore_segment_tracks                   : True
# input_filename_counts                   : None
# input_filename_descriptions             : None
# input_filename_results                  : None
# isochore_files                          : ['analysis/20220622_LocationPatterns/GATfiles/Isochores/isochores_NAHR_Med.bed']
# loglevel                                : 1
# nbuckets                                : 100000
# null                                    : default
# num_samples                             : 1000
# num_threads                             : 0
# output_bed                              : []
# output_counts_pattern                   : None
# output_filename_pattern                 : %s
# output_force                            : False
# output_order                            : fold
# output_plots_pattern                    : None
# output_samples_pattern                  : None
# output_stats                            : []
# output_tables_pattern                   : %s.tsv.gz
# overlapping_annotations                 : False
# pseudo_count                            : 1.0
# pvalue_method                           : empirical
# qvalue_lambda                           : None
# qvalue_method                           : BH
# qvalue_pi0_method                       : smoother
# random_seed                             : None
# restrict_workspace                      : False
# sample_files                            : []
# sampler                                 : annotator
# segment_files                           : ['analysis/20220622_LocationPatterns/GATfiles/Segments/HFNAHR_Med.bed']
# shift_expansion                         : 2.0
# shift_extension                         : 0
# short_help                              : None
# stderr                                  : <_io.TextIOWrapper name='<stderr>' mode='w' encoding='utf-8'>
# stdin                                   : <_io.TextIOWrapper name='<stdin>' mode='r' encoding='utf-8'>
# stdlog                                  : <_io.TextIOWrapper name='analysis/20220622_LocationPatterns/GATresults/NAHR_Med/log/HFNAHR_Med_annotations_avgBherer.log' mode='a' encoding='UTF-8'>
# stdout                                  : <_io.TextIOWrapper name='analysis/20220622_LocationPatterns/GATresults/NAHR_Med/tsv/HFNAHR_Med_annotations_avgBherer.tsv' mode='w' encoding='UTF-8'>
# timeit_file                             : None
# timeit_header                           : None
# timeit_name                             : all
# truncate_segments_to_workspace          : False
# truncate_workspace_to_annotations       : False
# workspace_files                         : ['analysis/20220622_LocationPatterns/GATfiles/Workspace/workspace_avgBherer.bed']
2022-06-22 23:22:01,972 INFO segments: reading tracks from 1 files
2022-06-22 23:22:01,972 INFO segments: read 1 tracks from 1 files
2022-06-22 23:22:01,972 INFO annotations: reading tracks from 1 files
2022-06-22 23:22:02,239 INFO annotations: read 6 tracks from 1 files
2022-06-22 23:22:02,243 INFO workspaces: reading tracks from 1 files
2022-06-22 23:22:02,243 INFO workspaces: read 1 tracks from 1 files
2022-06-22 23:22:02,243 INFO collapsing workspaces
2022-06-22 23:22:02,244 INFO isochores: reading isochores from 1 files
2022-06-22 23:22:02,245 INFO intervals loaded in 0 seconds
2022-06-22 23:22:02,245 INFO adding isochores to workspace
2022-06-22 23:22:02,248 INFO collecting observed counts
2022-06-22 23:22:02,248 INFO starting sampling
2022-06-22 23:22:02,249 INFO sampling: merged: 1/1
2022-06-22 23:22:02,249 INFO performing unconditional sampling
2022-06-22 23:22:02,254 INFO workspace without conditioning: 1090 segments, 2678195140 nucleotides
2022-06-22 23:22:02,254 INFO workspace after conditioning: 1090 segments, 2678195140 nucleotides
2022-06-22 23:22:02,255 INFO sampling started
2022-06-22 23:22:02,260 INFO 0/1000 done ( 0.00)
2022-06-22 23:22:02,583 INFO 100/1000 done (10.00)
2022-06-22 23:22:02,929 INFO 200/1000 done (20.00)
2022-06-22 23:22:03,256 INFO 300/1000 done (30.00)
2022-06-22 23:22:03,595 INFO 400/1000 done (40.00)
2022-06-22 23:22:03,941 INFO 500/1000 done (50.00)
2022-06-22 23:22:04,294 INFO 600/1000 done (60.00)
2022-06-22 23:22:04,626 INFO 700/1000 done (70.00)
2022-06-22 23:22:04,952 INFO 800/1000 done (80.00)
2022-06-22 23:22:05,274 INFO 900/1000 done (90.00)
2022-06-22 23:22:05,621 INFO sampling completed
2022-06-22 23:22:05,622 INFO sampling finished
2022-06-22 23:22:05,622 INFO computing PValue statistics
2022-06-22 23:22:05,626 INFO computing FDR statistics
# job finished in 3 seconds at Wed Jun 22 23:22:05 2022 --  4.39  0.06  0.00  0.00 -- 2cd1ad5e-ad5a-4613-be36-65af2bcf84f4
# output generated by /home/rgomez/anaconda3/bin/gat-run.py --segments=analysis/20220622_LocationPatterns/GATfiles/Segments/HFNAHR_Med.bed --isochores=analysis/20220622_LocationPatterns/GATfiles/Isochores/isochores_NAHR_Med.bed --annotations=analysis/20220622_LocationPatterns/GATfiles/Annotations/annotations_avgBherer.bed --workspace=analysis/20220622_LocationPatterns/GATfiles/Workspace/workspace_avgBherer.bed --num-samples=1000 --log=analysis/20220622_LocationPatterns/GATresults/NAHR_Med/log/HFNAHR_Med_annotations_avgBherer.log --stdout=analysis/20220622_LocationPatterns/GATresults/NAHR_Med/tsv/HFNAHR_Med_annotations_avgBherer.tsv
# job started at Wed Jun 22 23:23:51 2022 on rgomez-pc -- b0e25a0d-7f8a-4de6-bf45-a1e68af18300
# pid: 28046, system: Linux 5.3.0-7648-generic #41~1586790036~18.04~600aeb5-Ubuntu SMP Mon Apr 13 17:47:15 UTC  x86_64
# annotation_files                        : ['analysis/20220622_LocationPatterns/GATfiles/Annotations/annotations_avgBherer.bed']
# annotations_label                       : None
# annotations_to_points                   : None
# bucket_size                             : 0
# cache                                   : None
# conditional                             : unconditional
# conditional_expansion                   : None
# conditional_extension                   : None
# counters                                : []
# enable_split_tracks                     : False
# ignore_segment_tracks                   : True
# input_filename_counts                   : None
# input_filename_descriptions             : None
# input_filename_results                  : None
# isochore_files                          : ['analysis/20220622_LocationPatterns/GATfiles/Isochores/isochores_NAHR_Med.bed']
# loglevel                                : 1
# nbuckets                                : 100000
# null                                    : default
# num_samples                             : 1000
# num_threads                             : 0
# output_bed                              : []
# output_counts_pattern                   : None
# output_filename_pattern                 : %s
# output_force                            : False
# output_order                            : fold
# output_plots_pattern                    : None
# output_samples_pattern                  : None
# output_stats                            : []
# output_tables_pattern                   : %s.tsv.gz
# overlapping_annotations                 : False
# pseudo_count                            : 1.0
# pvalue_method                           : empirical
# qvalue_lambda                           : None
# qvalue_method                           : BH
# qvalue_pi0_method                       : smoother
# random_seed                             : None
# restrict_workspace                      : False
# sample_files                            : []
# sampler                                 : annotator
# segment_files                           : ['analysis/20220622_LocationPatterns/GATfiles/Segments/HFNAHR_Med.bed']
# shift_expansion                         : 2.0
# shift_extension                         : 0
# short_help                              : None
# stderr                                  : <_io.TextIOWrapper name='<stderr>' mode='w' encoding='utf-8'>
# stdin                                   : <_io.TextIOWrapper name='<stdin>' mode='r' encoding='utf-8'>
# stdlog                                  : <_io.TextIOWrapper name='analysis/20220622_LocationPatterns/GATresults/NAHR_Med/log/HFNAHR_Med_annotations_avgBherer.log' mode='a' encoding='UTF-8'>
# stdout                                  : <_io.TextIOWrapper name='analysis/20220622_LocationPatterns/GATresults/NAHR_Med/tsv/HFNAHR_Med_annotations_avgBherer.tsv' mode='w' encoding='UTF-8'>
# timeit_file                             : None
# timeit_header                           : None
# timeit_name                             : all
# truncate_segments_to_workspace          : False
# truncate_workspace_to_annotations       : False
# workspace_files                         : ['analysis/20220622_LocationPatterns/GATfiles/Workspace/workspace_avgBherer.bed']
2022-06-22 23:23:51,414 INFO segments: reading tracks from 1 files
2022-06-22 23:23:51,415 INFO segments: read 1 tracks from 1 files
2022-06-22 23:23:51,415 INFO annotations: reading tracks from 1 files
2022-06-22 23:23:51,681 INFO annotations: read 6 tracks from 1 files
2022-06-22 23:23:51,685 INFO workspaces: reading tracks from 1 files
2022-06-22 23:23:51,686 INFO workspaces: read 1 tracks from 1 files
2022-06-22 23:23:51,686 INFO collapsing workspaces
2022-06-22 23:23:51,686 INFO isochores: reading isochores from 1 files
2022-06-22 23:23:51,688 INFO intervals loaded in 0 seconds
2022-06-22 23:23:51,688 INFO adding isochores to workspace
2022-06-22 23:23:51,691 INFO collecting observed counts
2022-06-22 23:23:51,691 INFO starting sampling
2022-06-22 23:23:51,691 INFO sampling: merged: 1/1
2022-06-22 23:23:51,691 INFO performing unconditional sampling
2022-06-22 23:23:51,700 INFO workspace without conditioning: 1090 segments, 2678195140 nucleotides
2022-06-22 23:23:51,700 INFO workspace after conditioning: 1090 segments, 2678195140 nucleotides
2022-06-22 23:23:51,700 INFO sampling started
2022-06-22 23:23:51,706 INFO 0/1000 done ( 0.00)
2022-06-22 23:23:52,043 INFO 100/1000 done (10.00)
2022-06-22 23:23:52,370 INFO 200/1000 done (20.00)
2022-06-22 23:23:52,711 INFO 300/1000 done (30.00)
2022-06-22 23:23:53,015 INFO 400/1000 done (40.00)
2022-06-22 23:23:53,299 INFO 500/1000 done (50.00)
2022-06-22 23:23:53,574 INFO 600/1000 done (60.00)
2022-06-22 23:23:53,867 INFO 700/1000 done (70.00)
2022-06-22 23:23:54,170 INFO 800/1000 done (80.00)
2022-06-22 23:23:54,459 INFO 900/1000 done (90.00)
2022-06-22 23:23:54,737 INFO sampling completed
2022-06-22 23:23:54,739 INFO sampling finished
2022-06-22 23:23:54,739 INFO computing PValue statistics
2022-06-22 23:23:54,742 INFO computing FDR statistics
# job finished in 3 seconds at Wed Jun 22 23:23:54 2022 --  4.05  0.04  0.00  0.00 -- b0e25a0d-7f8a-4de6-bf45-a1e68af18300
# output generated by /home/rgomez/anaconda3/bin/gat-run.py --segments=analysis/20220622_LocationPatterns/GATfiles/Segments/HFNAHR_Med.bed --isochores=analysis/20220622_LocationPatterns/GATfiles/Isochores/isochores_NAHR_Med.bed --annotations=analysis/20220622_LocationPatterns/GATfiles/Annotations/annotations_avgBherer.bed --workspace=analysis/20220622_LocationPatterns/GATfiles/Workspace/workspace_avgBherer.bed --num-samples=1000 --log=analysis/20220622_LocationPatterns/GATresults/NAHR_Med/log/HFNAHR_Med_annotations_avgBherer.log --stdout=analysis/20220622_LocationPatterns/GATresults/NAHR_Med/tsv/HFNAHR_Med_annotations_avgBherer.tsv
# job started at Wed Jun 22 23:24:50 2022 on rgomez-pc -- ddea4fa1-e62e-47e1-a3bf-1fbc12f56445
# pid: 28191, system: Linux 5.3.0-7648-generic #41~1586790036~18.04~600aeb5-Ubuntu SMP Mon Apr 13 17:47:15 UTC  x86_64
# annotation_files                        : ['analysis/20220622_LocationPatterns/GATfiles/Annotations/annotations_avgBherer.bed']
# annotations_label                       : None
# annotations_to_points                   : None
# bucket_size                             : 0
# cache                                   : None
# conditional                             : unconditional
# conditional_expansion                   : None
# conditional_extension                   : None
# counters                                : []
# enable_split_tracks                     : False
# ignore_segment_tracks                   : True
# input_filename_counts                   : None
# input_filename_descriptions             : None
# input_filename_results                  : None
# isochore_files                          : ['analysis/20220622_LocationPatterns/GATfiles/Isochores/isochores_NAHR_Med.bed']
# loglevel                                : 1
# nbuckets                                : 100000
# null                                    : default
# num_samples                             : 1000
# num_threads                             : 0
# output_bed                              : []
# output_counts_pattern                   : None
# output_filename_pattern                 : %s
# output_force                            : False
# output_order                            : fold
# output_plots_pattern                    : None
# output_samples_pattern                  : None
# output_stats                            : []
# output_tables_pattern                   : %s.tsv.gz
# overlapping_annotations                 : False
# pseudo_count                            : 1.0
# pvalue_method                           : empirical
# qvalue_lambda                           : None
# qvalue_method                           : BH
# qvalue_pi0_method                       : smoother
# random_seed                             : None
# restrict_workspace                      : False
# sample_files                            : []
# sampler                                 : annotator
# segment_files                           : ['analysis/20220622_LocationPatterns/GATfiles/Segments/HFNAHR_Med.bed']
# shift_expansion                         : 2.0
# shift_extension                         : 0
# short_help                              : None
# stderr                                  : <_io.TextIOWrapper name='<stderr>' mode='w' encoding='utf-8'>
# stdin                                   : <_io.TextIOWrapper name='<stdin>' mode='r' encoding='utf-8'>
# stdlog                                  : <_io.TextIOWrapper name='analysis/20220622_LocationPatterns/GATresults/NAHR_Med/log/HFNAHR_Med_annotations_avgBherer.log' mode='a' encoding='UTF-8'>
# stdout                                  : <_io.TextIOWrapper name='analysis/20220622_LocationPatterns/GATresults/NAHR_Med/tsv/HFNAHR_Med_annotations_avgBherer.tsv' mode='w' encoding='UTF-8'>
# timeit_file                             : None
# timeit_header                           : None
# timeit_name                             : all
# truncate_segments_to_workspace          : False
# truncate_workspace_to_annotations       : False
# workspace_files                         : ['analysis/20220622_LocationPatterns/GATfiles/Workspace/workspace_avgBherer.bed']
2022-06-22 23:24:50,128 INFO segments: reading tracks from 1 files
2022-06-22 23:24:50,128 INFO segments: read 1 tracks from 1 files
2022-06-22 23:24:50,128 INFO annotations: reading tracks from 1 files
2022-06-22 23:24:50,426 INFO annotations: read 6 tracks from 1 files
2022-06-22 23:24:50,430 INFO workspaces: reading tracks from 1 files
2022-06-22 23:24:50,430 INFO workspaces: read 1 tracks from 1 files
2022-06-22 23:24:50,430 INFO collapsing workspaces
2022-06-22 23:24:50,430 INFO isochores: reading isochores from 1 files
2022-06-22 23:24:50,432 INFO intervals loaded in 0 seconds
2022-06-22 23:24:50,432 INFO adding isochores to workspace
2022-06-22 23:24:50,435 INFO collecting observed counts
2022-06-22 23:24:50,436 INFO starting sampling
2022-06-22 23:24:50,436 INFO sampling: merged: 1/1
2022-06-22 23:24:50,436 INFO performing unconditional sampling
2022-06-22 23:24:50,442 INFO workspace without conditioning: 1090 segments, 2678195140 nucleotides
2022-06-22 23:24:50,442 INFO workspace after conditioning: 1090 segments, 2678195140 nucleotides
2022-06-22 23:24:50,442 INFO sampling started
2022-06-22 23:24:50,444 INFO 0/1000 done ( 0.00)
2022-06-22 23:24:50,569 INFO 100/1000 done (10.00)
2022-06-22 23:24:50,696 INFO 200/1000 done (20.00)
2022-06-22 23:24:50,825 INFO 300/1000 done (30.00)
2022-06-22 23:24:50,953 INFO 400/1000 done (40.00)
2022-06-22 23:24:51,080 INFO 500/1000 done (50.00)
2022-06-22 23:24:51,206 INFO 600/1000 done (60.00)
2022-06-22 23:24:51,332 INFO 700/1000 done (70.00)
2022-06-22 23:24:51,461 INFO 800/1000 done (80.00)
2022-06-22 23:24:51,587 INFO 900/1000 done (90.00)
2022-06-22 23:24:51,714 INFO sampling completed
2022-06-22 23:24:51,715 INFO sampling finished
2022-06-22 23:24:51,715 INFO computing PValue statistics
2022-06-22 23:24:51,719 INFO computing FDR statistics
# job finished in 1 seconds at Wed Jun 22 23:24:51 2022 --  2.33  0.05  0.00  0.00 -- ddea4fa1-e62e-47e1-a3bf-1fbc12f56445
# output generated by /home/rgomez/anaconda3/bin/gat-run.py --segments=analysis/20220622_LocationPatterns/GATfiles/Segments/HFNAHR_Med.bed --isochores=analysis/20220622_LocationPatterns/GATfiles/Isochores/isochores_NAHR_Med.bed --annotations=analysis/20220622_LocationPatterns/GATfiles/Annotations/annotations_avgBherer.bed --workspace=analysis/20220622_LocationPatterns/GATfiles/Workspace/workspace_avgBherer.bed --num-samples=1000 --log=analysis/20220622_LocationPatterns/GATresults/NAHR_Med/log/HFNAHR_Med_annotations_avgBherer.log --stdout=analysis/20220622_LocationPatterns/GATresults/NAHR_Med/tsv/HFNAHR_Med_annotations_avgBherer.tsv
# job started at Wed Jun 22 23:26:20 2022 on rgomez-pc -- 7e8751d9-41f7-4782-9255-37d42596f182
# pid: 28379, system: Linux 5.3.0-7648-generic #41~1586790036~18.04~600aeb5-Ubuntu SMP Mon Apr 13 17:47:15 UTC  x86_64
# annotation_files                        : ['analysis/20220622_LocationPatterns/GATfiles/Annotations/annotations_avgBherer.bed']
# annotations_label                       : None
# annotations_to_points                   : None
# bucket_size                             : 0
# cache                                   : None
# conditional                             : unconditional
# conditional_expansion                   : None
# conditional_extension                   : None
# counters                                : []
# enable_split_tracks                     : False
# ignore_segment_tracks                   : True
# input_filename_counts                   : None
# input_filename_descriptions             : None
# input_filename_results                  : None
# isochore_files                          : ['analysis/20220622_LocationPatterns/GATfiles/Isochores/isochores_NAHR_Med.bed']
# loglevel                                : 1
# nbuckets                                : 100000
# null                                    : default
# num_samples                             : 1000
# num_threads                             : 0
# output_bed                              : []
# output_counts_pattern                   : None
# output_filename_pattern                 : %s
# output_force                            : False
# output_order                            : fold
# output_plots_pattern                    : None
# output_samples_pattern                  : None
# output_stats                            : []
# output_tables_pattern                   : %s.tsv.gz
# overlapping_annotations                 : False
# pseudo_count                            : 1.0
# pvalue_method                           : empirical
# qvalue_lambda                           : None
# qvalue_method                           : BH
# qvalue_pi0_method                       : smoother
# random_seed                             : None
# restrict_workspace                      : False
# sample_files                            : []
# sampler                                 : annotator
# segment_files                           : ['analysis/20220622_LocationPatterns/GATfiles/Segments/HFNAHR_Med.bed']
# shift_expansion                         : 2.0
# shift_extension                         : 0
# short_help                              : None
# stderr                                  : <_io.TextIOWrapper name='<stderr>' mode='w' encoding='utf-8'>
# stdin                                   : <_io.TextIOWrapper name='<stdin>' mode='r' encoding='utf-8'>
# stdlog                                  : <_io.TextIOWrapper name='analysis/20220622_LocationPatterns/GATresults/NAHR_Med/log/HFNAHR_Med_annotations_avgBherer.log' mode='a' encoding='UTF-8'>
# stdout                                  : <_io.TextIOWrapper name='analysis/20220622_LocationPatterns/GATresults/NAHR_Med/tsv/HFNAHR_Med_annotations_avgBherer.tsv' mode='w' encoding='UTF-8'>
# timeit_file                             : None
# timeit_header                           : None
# timeit_name                             : all
# truncate_segments_to_workspace          : False
# truncate_workspace_to_annotations       : False
# workspace_files                         : ['analysis/20220622_LocationPatterns/GATfiles/Workspace/workspace_avgBherer.bed']
2022-06-22 23:26:20,540 INFO segments: reading tracks from 1 files
2022-06-22 23:26:20,540 INFO segments: read 1 tracks from 1 files
2022-06-22 23:26:20,540 INFO annotations: reading tracks from 1 files
2022-06-22 23:26:20,807 INFO annotations: read 6 tracks from 1 files
2022-06-22 23:26:20,811 INFO workspaces: reading tracks from 1 files
2022-06-22 23:26:20,811 INFO workspaces: read 1 tracks from 1 files
2022-06-22 23:26:20,811 INFO collapsing workspaces
2022-06-22 23:26:20,811 INFO isochores: reading isochores from 1 files
2022-06-22 23:26:20,813 INFO intervals loaded in 0 seconds
2022-06-22 23:26:20,813 INFO adding isochores to workspace
2022-06-22 23:26:20,816 INFO collecting observed counts
2022-06-22 23:26:20,816 INFO starting sampling
2022-06-22 23:26:20,816 INFO sampling: merged: 1/1
2022-06-22 23:26:20,816 INFO performing unconditional sampling
2022-06-22 23:26:20,822 INFO workspace without conditioning: 1090 segments, 2678195140 nucleotides
2022-06-22 23:26:20,822 INFO workspace after conditioning: 1090 segments, 2678195140 nucleotides
2022-06-22 23:26:20,822 INFO sampling started
2022-06-22 23:26:20,824 INFO 0/1000 done ( 0.00)
2022-06-22 23:26:20,963 INFO 100/1000 done (10.00)
2022-06-22 23:26:21,099 INFO 200/1000 done (20.00)
2022-06-22 23:26:21,236 INFO 300/1000 done (30.00)
2022-06-22 23:26:21,372 INFO 400/1000 done (40.00)
2022-06-22 23:26:21,510 INFO 500/1000 done (50.00)
2022-06-22 23:26:21,646 INFO 600/1000 done (60.00)
2022-06-22 23:26:21,782 INFO 700/1000 done (70.00)
2022-06-22 23:26:21,918 INFO 800/1000 done (80.00)
2022-06-22 23:26:22,056 INFO 900/1000 done (90.00)
2022-06-22 23:26:22,191 INFO sampling completed
2022-06-22 23:26:22,192 INFO sampling finished
2022-06-22 23:26:22,192 INFO computing PValue statistics
2022-06-22 23:26:22,196 INFO computing FDR statistics
# job finished in 1 seconds at Wed Jun 22 23:26:22 2022 --  2.37  0.05  0.00  0.00 -- 7e8751d9-41f7-4782-9255-37d42596f182
# output generated by /home/rgomez/anaconda3/bin/gat-run.py --segments=analysis/20220622_LocationPatterns/GATfiles/Segments/HFNAHR_Med.bed --isochores=analysis/20220622_LocationPatterns/GATfiles/Isochores/isochores_NAHR_Med.bed --annotations=analysis/20220622_LocationPatterns/GATfiles/Annotations/annotations_avgBherer.bed --workspace=analysis/20220622_LocationPatterns/GATfiles/Workspace/workspace_avgBherer.bed --num-samples=1000 --log=analysis/20220622_LocationPatterns/GATresults/NAHR_Med/log/HFNAHR_Med_annotations_avgBherer.log --stdout=analysis/20220622_LocationPatterns/GATresults/NAHR_Med/tsv/HFNAHR_Med_annotations_avgBherer.tsv
# job started at Wed Jun 22 23:31:04 2022 on rgomez-pc -- 29ea6818-f552-4111-9605-aff1268e5545
# pid: 28627, system: Linux 5.3.0-7648-generic #41~1586790036~18.04~600aeb5-Ubuntu SMP Mon Apr 13 17:47:15 UTC  x86_64
# annotation_files                        : ['analysis/20220622_LocationPatterns/GATfiles/Annotations/annotations_avgBherer.bed']
# annotations_label                       : None
# annotations_to_points                   : None
# bucket_size                             : 0
# cache                                   : None
# conditional                             : unconditional
# conditional_expansion                   : None
# conditional_extension                   : None
# counters                                : []
# enable_split_tracks                     : False
# ignore_segment_tracks                   : True
# input_filename_counts                   : None
# input_filename_descriptions             : None
# input_filename_results                  : None
# isochore_files                          : ['analysis/20220622_LocationPatterns/GATfiles/Isochores/isochores_NAHR_Med.bed']
# loglevel                                : 1
# nbuckets                                : 100000
# null                                    : default
# num_samples                             : 1000
# num_threads                             : 0
# output_bed                              : []
# output_counts_pattern                   : None
# output_filename_pattern                 : %s
# output_force                            : False
# output_order                            : fold
# output_plots_pattern                    : None
# output_samples_pattern                  : None
# output_stats                            : []
# output_tables_pattern                   : %s.tsv.gz
# overlapping_annotations                 : False
# pseudo_count                            : 1.0
# pvalue_method                           : empirical
# qvalue_lambda                           : None
# qvalue_method                           : BH
# qvalue_pi0_method                       : smoother
# random_seed                             : None
# restrict_workspace                      : False
# sample_files                            : []
# sampler                                 : annotator
# segment_files                           : ['analysis/20220622_LocationPatterns/GATfiles/Segments/HFNAHR_Med.bed']
# shift_expansion                         : 2.0
# shift_extension                         : 0
# short_help                              : None
# stderr                                  : <_io.TextIOWrapper name='<stderr>' mode='w' encoding='utf-8'>
# stdin                                   : <_io.TextIOWrapper name='<stdin>' mode='r' encoding='utf-8'>
# stdlog                                  : <_io.TextIOWrapper name='analysis/20220622_LocationPatterns/GATresults/NAHR_Med/log/HFNAHR_Med_annotations_avgBherer.log' mode='a' encoding='UTF-8'>
# stdout                                  : <_io.TextIOWrapper name='analysis/20220622_LocationPatterns/GATresults/NAHR_Med/tsv/HFNAHR_Med_annotations_avgBherer.tsv' mode='w' encoding='UTF-8'>
# timeit_file                             : None
# timeit_header                           : None
# timeit_name                             : all
# truncate_segments_to_workspace          : False
# truncate_workspace_to_annotations       : False
# workspace_files                         : ['analysis/20220622_LocationPatterns/GATfiles/Workspace/workspace_avgBherer.bed']
2022-06-22 23:31:04,328 INFO segments: reading tracks from 1 files
2022-06-22 23:31:04,328 INFO segments: read 1 tracks from 1 files
2022-06-22 23:31:04,328 INFO annotations: reading tracks from 1 files
2022-06-22 23:31:04,601 INFO annotations: read 6 tracks from 1 files
2022-06-22 23:31:04,605 INFO workspaces: reading tracks from 1 files
2022-06-22 23:31:04,606 INFO workspaces: read 1 tracks from 1 files
2022-06-22 23:31:04,606 INFO collapsing workspaces
2022-06-22 23:31:04,606 INFO isochores: reading isochores from 1 files
2022-06-22 23:31:04,608 INFO intervals loaded in 0 seconds
2022-06-22 23:31:04,608 INFO adding isochores to workspace
2022-06-22 23:31:04,611 INFO collecting observed counts
2022-06-22 23:31:04,611 INFO starting sampling
2022-06-22 23:31:04,612 INFO sampling: merged: 1/1
2022-06-22 23:31:04,612 INFO performing unconditional sampling
2022-06-22 23:31:04,618 INFO workspace without conditioning: 1090 segments, 2678195140 nucleotides
2022-06-22 23:31:04,618 INFO workspace after conditioning: 1090 segments, 2678195140 nucleotides
2022-06-22 23:31:04,619 INFO sampling started
2022-06-22 23:31:04,622 INFO 0/1000 done ( 0.00)
2022-06-22 23:31:04,754 INFO 100/1000 done (10.00)
2022-06-22 23:31:04,881 INFO 200/1000 done (20.00)
2022-06-22 23:31:05,010 INFO 300/1000 done (30.00)
2022-06-22 23:31:05,136 INFO 400/1000 done (40.00)
2022-06-22 23:31:05,263 INFO 500/1000 done (50.00)
2022-06-22 23:31:05,392 INFO 600/1000 done (60.00)
2022-06-22 23:31:05,520 INFO 700/1000 done (70.00)
2022-06-22 23:31:05,646 INFO 800/1000 done (80.00)
2022-06-22 23:31:05,774 INFO 900/1000 done (90.00)
2022-06-22 23:31:05,900 INFO sampling completed
2022-06-22 23:31:05,901 INFO sampling finished
2022-06-22 23:31:05,901 INFO computing PValue statistics
2022-06-22 23:31:05,906 INFO computing FDR statistics
# job finished in 1 seconds at Wed Jun 22 23:31:05 2022 --  2.30  0.04  0.00  0.00 -- 29ea6818-f552-4111-9605-aff1268e5545
# output generated by /home/rgomez/anaconda3/bin/gat-run.py --segments=analysis/20220622_LocationPatterns/GATfiles/Segments/HFNAHR_Med.bed --isochores=analysis/20220622_LocationPatterns/GATfiles/Isochores/isochores_NAHR_Med.bed --annotations=analysis/20220622_LocationPatterns/GATfiles/Annotations/annotations_avgBherer.bed --workspace=analysis/20220622_LocationPatterns/GATfiles/Workspace/workspace_avgBherer.bed --num-samples=1000 --log=analysis/20220622_LocationPatterns/GATresults/NAHR_Med/log/HFNAHR_Med_annotations_avgBherer.log --stdout=analysis/20220622_LocationPatterns/GATresults/NAHR_Med/tsv/HFNAHR_Med_annotations_avgBherer.tsv
# job started at Wed Jun 22 23:32:34 2022 on rgomez-pc -- f756b52e-2a6b-43fb-931a-32bcedfcdea6
# pid: 28805, system: Linux 5.3.0-7648-generic #41~1586790036~18.04~600aeb5-Ubuntu SMP Mon Apr 13 17:47:15 UTC  x86_64
# annotation_files                        : ['analysis/20220622_LocationPatterns/GATfiles/Annotations/annotations_avgBherer.bed']
# annotations_label                       : None
# annotations_to_points                   : None
# bucket_size                             : 0
# cache                                   : None
# conditional                             : unconditional
# conditional_expansion                   : None
# conditional_extension                   : None
# counters                                : []
# enable_split_tracks                     : False
# ignore_segment_tracks                   : True
# input_filename_counts                   : None
# input_filename_descriptions             : None
# input_filename_results                  : None
# isochore_files                          : ['analysis/20220622_LocationPatterns/GATfiles/Isochores/isochores_NAHR_Med.bed']
# loglevel                                : 1
# nbuckets                                : 100000
# null                                    : default
# num_samples                             : 1000
# num_threads                             : 0
# output_bed                              : []
# output_counts_pattern                   : None
# output_filename_pattern                 : %s
# output_force                            : False
# output_order                            : fold
# output_plots_pattern                    : None
# output_samples_pattern                  : None
# output_stats                            : []
# output_tables_pattern                   : %s.tsv.gz
# overlapping_annotations                 : False
# pseudo_count                            : 1.0
# pvalue_method                           : empirical
# qvalue_lambda                           : None
# qvalue_method                           : BH
# qvalue_pi0_method                       : smoother
# random_seed                             : None
# restrict_workspace                      : False
# sample_files                            : []
# sampler                                 : annotator
# segment_files                           : ['analysis/20220622_LocationPatterns/GATfiles/Segments/HFNAHR_Med.bed']
# shift_expansion                         : 2.0
# shift_extension                         : 0
# short_help                              : None
# stderr                                  : <_io.TextIOWrapper name='<stderr>' mode='w' encoding='utf-8'>
# stdin                                   : <_io.TextIOWrapper name='<stdin>' mode='r' encoding='utf-8'>
# stdlog                                  : <_io.TextIOWrapper name='analysis/20220622_LocationPatterns/GATresults/NAHR_Med/log/HFNAHR_Med_annotations_avgBherer.log' mode='a' encoding='UTF-8'>
# stdout                                  : <_io.TextIOWrapper name='analysis/20220622_LocationPatterns/GATresults/NAHR_Med/tsv/HFNAHR_Med_annotations_avgBherer.tsv' mode='w' encoding='UTF-8'>
# timeit_file                             : None
# timeit_header                           : None
# timeit_name                             : all
# truncate_segments_to_workspace          : False
# truncate_workspace_to_annotations       : False
# workspace_files                         : ['analysis/20220622_LocationPatterns/GATfiles/Workspace/workspace_avgBherer.bed']
2022-06-22 23:32:34,929 INFO segments: reading tracks from 1 files
2022-06-22 23:32:34,929 INFO segments: read 1 tracks from 1 files
2022-06-22 23:32:34,929 INFO annotations: reading tracks from 1 files
2022-06-22 23:32:35,210 INFO annotations: read 6 tracks from 1 files
2022-06-22 23:32:35,214 INFO workspaces: reading tracks from 1 files
2022-06-22 23:32:35,214 INFO workspaces: read 1 tracks from 1 files
2022-06-22 23:32:35,214 INFO collapsing workspaces
2022-06-22 23:32:35,214 INFO isochores: reading isochores from 1 files
2022-06-22 23:32:35,216 INFO intervals loaded in 0 seconds
2022-06-22 23:32:35,216 INFO adding isochores to workspace
2022-06-22 23:32:35,219 INFO collecting observed counts
2022-06-22 23:32:35,220 INFO starting sampling
2022-06-22 23:32:35,220 INFO sampling: merged: 1/1
2022-06-22 23:32:35,220 INFO performing unconditional sampling
2022-06-22 23:32:35,226 INFO workspace without conditioning: 1090 segments, 2678195140 nucleotides
2022-06-22 23:32:35,226 INFO workspace after conditioning: 1090 segments, 2678195140 nucleotides
2022-06-22 23:32:35,226 INFO sampling started
2022-06-22 23:32:35,228 INFO 0/1000 done ( 0.00)
2022-06-22 23:32:35,358 INFO 100/1000 done (10.00)
2022-06-22 23:32:35,485 INFO 200/1000 done (20.00)
2022-06-22 23:32:35,612 INFO 300/1000 done (30.00)
2022-06-22 23:32:35,739 INFO 400/1000 done (40.00)
2022-06-22 23:32:35,868 INFO 500/1000 done (50.00)
2022-06-22 23:32:35,996 INFO 600/1000 done (60.00)
2022-06-22 23:32:36,124 INFO 700/1000 done (70.00)
2022-06-22 23:32:36,251 INFO 800/1000 done (80.00)
2022-06-22 23:32:36,381 INFO 900/1000 done (90.00)
2022-06-22 23:32:36,507 INFO sampling completed
2022-06-22 23:32:36,508 INFO sampling finished
2022-06-22 23:32:36,508 INFO computing PValue statistics
2022-06-22 23:32:36,512 INFO computing FDR statistics
# job finished in 1 seconds at Wed Jun 22 23:32:36 2022 --  2.31  0.04  0.00  0.00 -- f756b52e-2a6b-43fb-931a-32bcedfcdea6
# output generated by /home/rgomez/anaconda3/bin/gat-run.py --segments=analysis/20220622_LocationPatterns/GATfiles/Segments/HFNAHR_Med.bed --isochores=analysis/20220622_LocationPatterns/GATfiles/Isochores/isochores_NAHR_Med.bed --annotations=analysis/20220622_LocationPatterns/GATfiles/Annotations/annotations_avgBherer.bed --workspace=analysis/20220622_LocationPatterns/GATfiles/Workspace/workspace_avgBherer.bed --num-samples=1000 --log=analysis/20220622_LocationPatterns/GATresults/NAHR_Med/log/HFNAHR_Med_annotations_avgBherer.log --stdout=analysis/20220622_LocationPatterns/GATresults/NAHR_Med/tsv/HFNAHR_Med_annotations_avgBherer.tsv
# job started at Wed Jun 22 23:37:03 2022 on rgomez-pc -- 408d8bf6-cad1-4205-a1eb-2d0422d44e7d
# pid: 29027, system: Linux 5.3.0-7648-generic #41~1586790036~18.04~600aeb5-Ubuntu SMP Mon Apr 13 17:47:15 UTC  x86_64
# annotation_files                        : ['analysis/20220622_LocationPatterns/GATfiles/Annotations/annotations_avgBherer.bed']
# annotations_label                       : None
# annotations_to_points                   : None
# bucket_size                             : 0
# cache                                   : None
# conditional                             : unconditional
# conditional_expansion                   : None
# conditional_extension                   : None
# counters                                : []
# enable_split_tracks                     : False
# ignore_segment_tracks                   : True
# input_filename_counts                   : None
# input_filename_descriptions             : None
# input_filename_results                  : None
# isochore_files                          : ['analysis/20220622_LocationPatterns/GATfiles/Isochores/isochores_NAHR_Med.bed']
# loglevel                                : 1
# nbuckets                                : 100000
# null                                    : default
# num_samples                             : 1000
# num_threads                             : 0
# output_bed                              : []
# output_counts_pattern                   : None
# output_filename_pattern                 : %s
# output_force                            : False
# output_order                            : fold
# output_plots_pattern                    : None
# output_samples_pattern                  : None
# output_stats                            : []
# output_tables_pattern                   : %s.tsv.gz
# overlapping_annotations                 : False
# pseudo_count                            : 1.0
# pvalue_method                           : empirical
# qvalue_lambda                           : None
# qvalue_method                           : BH
# qvalue_pi0_method                       : smoother
# random_seed                             : None
# restrict_workspace                      : False
# sample_files                            : []
# sampler                                 : annotator
# segment_files                           : ['analysis/20220622_LocationPatterns/GATfiles/Segments/HFNAHR_Med.bed']
# shift_expansion                         : 2.0
# shift_extension                         : 0
# short_help                              : None
# stderr                                  : <_io.TextIOWrapper name='<stderr>' mode='w' encoding='utf-8'>
# stdin                                   : <_io.TextIOWrapper name='<stdin>' mode='r' encoding='utf-8'>
# stdlog                                  : <_io.TextIOWrapper name='analysis/20220622_LocationPatterns/GATresults/NAHR_Med/log/HFNAHR_Med_annotations_avgBherer.log' mode='a' encoding='UTF-8'>
# stdout                                  : <_io.TextIOWrapper name='analysis/20220622_LocationPatterns/GATresults/NAHR_Med/tsv/HFNAHR_Med_annotations_avgBherer.tsv' mode='w' encoding='UTF-8'>
# timeit_file                             : None
# timeit_header                           : None
# timeit_name                             : all
# truncate_segments_to_workspace          : False
# truncate_workspace_to_annotations       : False
# workspace_files                         : ['analysis/20220622_LocationPatterns/GATfiles/Workspace/workspace_avgBherer.bed']
2022-06-22 23:37:03,849 INFO segments: reading tracks from 1 files
2022-06-22 23:37:03,849 INFO segments: read 1 tracks from 1 files
2022-06-22 23:37:03,849 INFO annotations: reading tracks from 1 files
2022-06-22 23:37:04,157 INFO annotations: read 6 tracks from 1 files
2022-06-22 23:37:04,161 INFO workspaces: reading tracks from 1 files
2022-06-22 23:37:04,162 INFO workspaces: read 1 tracks from 1 files
2022-06-22 23:37:04,162 INFO collapsing workspaces
2022-06-22 23:37:04,162 INFO isochores: reading isochores from 1 files
2022-06-22 23:37:04,164 INFO intervals loaded in 0 seconds
2022-06-22 23:37:04,164 INFO adding isochores to workspace
2022-06-22 23:37:04,167 INFO collecting observed counts
2022-06-22 23:37:04,167 INFO starting sampling
2022-06-22 23:37:04,167 INFO sampling: merged: 1/1
2022-06-22 23:37:04,167 INFO performing unconditional sampling
2022-06-22 23:37:04,174 INFO workspace without conditioning: 1090 segments, 2678195140 nucleotides
2022-06-22 23:37:04,174 INFO workspace after conditioning: 1090 segments, 2678195140 nucleotides
2022-06-22 23:37:04,175 INFO sampling started
2022-06-22 23:37:04,176 INFO 0/1000 done ( 0.00)
2022-06-22 23:37:04,394 INFO 100/1000 done (10.00)
2022-06-22 23:37:04,606 INFO 200/1000 done (20.00)
2022-06-22 23:37:04,825 INFO 300/1000 done (30.00)
2022-06-22 23:37:05,038 INFO 400/1000 done (40.00)
2022-06-22 23:37:05,264 INFO 500/1000 done (50.00)
2022-06-22 23:37:05,478 INFO 600/1000 done (60.00)
2022-06-22 23:37:05,687 INFO 700/1000 done (70.00)
2022-06-22 23:37:05,893 INFO 800/1000 done (80.00)
2022-06-22 23:37:06,118 INFO 900/1000 done (90.00)
2022-06-22 23:37:06,353 INFO sampling completed
2022-06-22 23:37:06,354 INFO sampling finished
2022-06-22 23:37:06,354 INFO computing PValue statistics
2022-06-22 23:37:06,358 INFO computing FDR statistics
# job finished in 2 seconds at Wed Jun 22 23:37:06 2022 --  3.35  0.06  0.00  0.00 -- 408d8bf6-cad1-4205-a1eb-2d0422d44e7d
# output generated by /home/rgomez/anaconda3/bin/gat-run.py --segments=analysis/20220622_LocationPatterns/GATfiles/Segments/HFNAHR_Med.bed --isochores=analysis/20220622_LocationPatterns/GATfiles/Isochores/isochores_NAHR_Med.bed --annotations=analysis/20220622_LocationPatterns/GATfiles/Annotations/annotations_avgBherer.bed --workspace=analysis/20220622_LocationPatterns/GATfiles/Workspace/workspace_avgBherer.bed --num-samples=1000 --log=analysis/20220622_LocationPatterns/GATresults/NAHR_Med/log/HFNAHR_Med_annotations_avgBherer.log --stdout=analysis/20220622_LocationPatterns/GATresults/NAHR_Med/tsv/HFNAHR_Med_annotations_avgBherer.tsv
# job started at Wed Jun 22 23:38:03 2022 on rgomez-pc -- f50a21f4-6914-455f-bd47-3b0f2effc5bd
# pid: 29156, system: Linux 5.3.0-7648-generic #41~1586790036~18.04~600aeb5-Ubuntu SMP Mon Apr 13 17:47:15 UTC  x86_64
# annotation_files                        : ['analysis/20220622_LocationPatterns/GATfiles/Annotations/annotations_avgBherer.bed']
# annotations_label                       : None
# annotations_to_points                   : None
# bucket_size                             : 0
# cache                                   : None
# conditional                             : unconditional
# conditional_expansion                   : None
# conditional_extension                   : None
# counters                                : []
# enable_split_tracks                     : False
# ignore_segment_tracks                   : True
# input_filename_counts                   : None
# input_filename_descriptions             : None
# input_filename_results                  : None
# isochore_files                          : ['analysis/20220622_LocationPatterns/GATfiles/Isochores/isochores_NAHR_Med.bed']
# loglevel                                : 1
# nbuckets                                : 100000
# null                                    : default
# num_samples                             : 1000
# num_threads                             : 0
# output_bed                              : []
# output_counts_pattern                   : None
# output_filename_pattern                 : %s
# output_force                            : False
# output_order                            : fold
# output_plots_pattern                    : None
# output_samples_pattern                  : None
# output_stats                            : []
# output_tables_pattern                   : %s.tsv.gz
# overlapping_annotations                 : False
# pseudo_count                            : 1.0
# pvalue_method                           : empirical
# qvalue_lambda                           : None
# qvalue_method                           : BH
# qvalue_pi0_method                       : smoother
# random_seed                             : None
# restrict_workspace                      : False
# sample_files                            : []
# sampler                                 : annotator
# segment_files                           : ['analysis/20220622_LocationPatterns/GATfiles/Segments/HFNAHR_Med.bed']
# shift_expansion                         : 2.0
# shift_extension                         : 0
# short_help                              : None
# stderr                                  : <_io.TextIOWrapper name='<stderr>' mode='w' encoding='utf-8'>
# stdin                                   : <_io.TextIOWrapper name='<stdin>' mode='r' encoding='utf-8'>
# stdlog                                  : <_io.TextIOWrapper name='analysis/20220622_LocationPatterns/GATresults/NAHR_Med/log/HFNAHR_Med_annotations_avgBherer.log' mode='a' encoding='UTF-8'>
# stdout                                  : <_io.TextIOWrapper name='analysis/20220622_LocationPatterns/GATresults/NAHR_Med/tsv/HFNAHR_Med_annotations_avgBherer.tsv' mode='w' encoding='UTF-8'>
# timeit_file                             : None
# timeit_header                           : None
# timeit_name                             : all
# truncate_segments_to_workspace          : False
# truncate_workspace_to_annotations       : False
# workspace_files                         : ['analysis/20220622_LocationPatterns/GATfiles/Workspace/workspace_avgBherer.bed']
2022-06-22 23:38:03,945 INFO segments: reading tracks from 1 files
2022-06-22 23:38:03,945 INFO segments: read 1 tracks from 1 files
2022-06-22 23:38:03,945 INFO annotations: reading tracks from 1 files
2022-06-22 23:38:04,219 INFO annotations: read 6 tracks from 1 files
2022-06-22 23:38:04,223 INFO workspaces: reading tracks from 1 files
2022-06-22 23:38:04,223 INFO workspaces: read 1 tracks from 1 files
2022-06-22 23:38:04,223 INFO collapsing workspaces
2022-06-22 23:38:04,223 INFO isochores: reading isochores from 1 files
2022-06-22 23:38:04,225 INFO intervals loaded in 0 seconds
2022-06-22 23:38:04,225 INFO adding isochores to workspace
2022-06-22 23:38:04,228 INFO collecting observed counts
2022-06-22 23:38:04,228 INFO starting sampling
2022-06-22 23:38:04,228 INFO sampling: merged: 1/1
2022-06-22 23:38:04,228 INFO performing unconditional sampling
2022-06-22 23:38:04,234 INFO workspace without conditioning: 1090 segments, 2678195140 nucleotides
2022-06-22 23:38:04,234 INFO workspace after conditioning: 1090 segments, 2678195140 nucleotides
2022-06-22 23:38:04,235 INFO sampling started
2022-06-22 23:38:04,236 INFO 0/1000 done ( 0.00)
2022-06-22 23:38:04,406 INFO 100/1000 done (10.00)
2022-06-22 23:38:04,589 INFO 200/1000 done (20.00)
2022-06-22 23:38:04,773 INFO 300/1000 done (30.00)
2022-06-22 23:38:04,945 INFO 400/1000 done (40.00)
2022-06-22 23:38:05,111 INFO 500/1000 done (50.00)
2022-06-22 23:38:05,283 INFO 600/1000 done (60.00)
2022-06-22 23:38:05,470 INFO 700/1000 done (70.00)
2022-06-22 23:38:05,651 INFO 800/1000 done (80.00)
2022-06-22 23:38:05,833 INFO 900/1000 done (90.00)
2022-06-22 23:38:06,009 INFO sampling completed
2022-06-22 23:38:06,010 INFO sampling finished
2022-06-22 23:38:06,010 INFO computing PValue statistics
2022-06-22 23:38:06,014 INFO computing FDR statistics
# job finished in 2 seconds at Wed Jun 22 23:38:06 2022 --  2.78  0.05  0.00  0.00 -- f50a21f4-6914-455f-bd47-3b0f2effc5bd
# output generated by /home/rgomez/anaconda3/bin/gat-run.py --segments=analysis/20220622_LocationPatterns/GATfiles/Segments/HFNAHR_Med.bed --isochores=analysis/20220622_LocationPatterns/GATfiles/Isochores/isochores_NAHR_Med.bed --annotations=analysis/20220622_LocationPatterns/GATfiles/Annotations/annotations_avgBherer.bed --workspace=analysis/20220622_LocationPatterns/GATfiles/Workspace/workspace_avgBherer.bed --num-samples=1000 --log=analysis/20220622_LocationPatterns/GATresults/NAHR_Med/log/HFNAHR_Med_annotations_avgBherer.log --stdout=analysis/20220622_LocationPatterns/GATresults/NAHR_Med/tsv/HFNAHR_Med_annotations_avgBherer.tsv
# job started at Wed Jun 22 23:39:13 2022 on rgomez-pc -- 5e69ed51-de03-4ad8-8113-54f791f5712b
# pid: 29461, system: Linux 5.3.0-7648-generic #41~1586790036~18.04~600aeb5-Ubuntu SMP Mon Apr 13 17:47:15 UTC  x86_64
# annotation_files                        : ['analysis/20220622_LocationPatterns/GATfiles/Annotations/annotations_avgBherer.bed']
# annotations_label                       : None
# annotations_to_points                   : None
# bucket_size                             : 0
# cache                                   : None
# conditional                             : unconditional
# conditional_expansion                   : None
# conditional_extension                   : None
# counters                                : []
# enable_split_tracks                     : False
# ignore_segment_tracks                   : True
# input_filename_counts                   : None
# input_filename_descriptions             : None
# input_filename_results                  : None
# isochore_files                          : ['analysis/20220622_LocationPatterns/GATfiles/Isochores/isochores_NAHR_Med.bed']
# loglevel                                : 1
# nbuckets                                : 100000
# null                                    : default
# num_samples                             : 1000
# num_threads                             : 0
# output_bed                              : []
# output_counts_pattern                   : None
# output_filename_pattern                 : %s
# output_force                            : False
# output_order                            : fold
# output_plots_pattern                    : None
# output_samples_pattern                  : None
# output_stats                            : []
# output_tables_pattern                   : %s.tsv.gz
# overlapping_annotations                 : False
# pseudo_count                            : 1.0
# pvalue_method                           : empirical
# qvalue_lambda                           : None
# qvalue_method                           : BH
# qvalue_pi0_method                       : smoother
# random_seed                             : None
# restrict_workspace                      : False
# sample_files                            : []
# sampler                                 : annotator
# segment_files                           : ['analysis/20220622_LocationPatterns/GATfiles/Segments/HFNAHR_Med.bed']
# shift_expansion                         : 2.0
# shift_extension                         : 0
# short_help                              : None
# stderr                                  : <_io.TextIOWrapper name='<stderr>' mode='w' encoding='utf-8'>
# stdin                                   : <_io.TextIOWrapper name='<stdin>' mode='r' encoding='utf-8'>
# stdlog                                  : <_io.TextIOWrapper name='analysis/20220622_LocationPatterns/GATresults/NAHR_Med/log/HFNAHR_Med_annotations_avgBherer.log' mode='a' encoding='UTF-8'>
# stdout                                  : <_io.TextIOWrapper name='analysis/20220622_LocationPatterns/GATresults/NAHR_Med/tsv/HFNAHR_Med_annotations_avgBherer.tsv' mode='w' encoding='UTF-8'>
# timeit_file                             : None
# timeit_header                           : None
# timeit_name                             : all
# truncate_segments_to_workspace          : False
# truncate_workspace_to_annotations       : False
# workspace_files                         : ['analysis/20220622_LocationPatterns/GATfiles/Workspace/workspace_avgBherer.bed']
2022-06-22 23:39:13,993 INFO segments: reading tracks from 1 files
2022-06-22 23:39:13,993 INFO segments: read 1 tracks from 1 files
2022-06-22 23:39:13,993 INFO annotations: reading tracks from 1 files
2022-06-22 23:39:14,260 INFO annotations: read 6 tracks from 1 files
2022-06-22 23:39:14,263 INFO workspaces: reading tracks from 1 files
2022-06-22 23:39:14,264 INFO workspaces: read 1 tracks from 1 files
2022-06-22 23:39:14,264 INFO collapsing workspaces
2022-06-22 23:39:14,264 INFO isochores: reading isochores from 1 files
2022-06-22 23:39:14,266 INFO intervals loaded in 0 seconds
2022-06-22 23:39:14,266 INFO adding isochores to workspace
2022-06-22 23:39:14,269 INFO collecting observed counts
2022-06-22 23:39:14,269 INFO starting sampling
2022-06-22 23:39:14,269 INFO sampling: merged: 1/1
2022-06-22 23:39:14,269 INFO performing unconditional sampling
2022-06-22 23:39:14,274 INFO workspace without conditioning: 1090 segments, 2678195140 nucleotides
2022-06-22 23:39:14,275 INFO workspace after conditioning: 1090 segments, 2678195140 nucleotides
2022-06-22 23:39:14,275 INFO sampling started
2022-06-22 23:39:14,278 INFO 0/1000 done ( 0.00)
2022-06-22 23:39:14,442 INFO 100/1000 done (10.00)
2022-06-22 23:39:14,613 INFO 200/1000 done (20.00)
2022-06-22 23:39:14,774 INFO 300/1000 done (30.00)
2022-06-22 23:39:14,938 INFO 400/1000 done (40.00)
2022-06-22 23:39:15,121 INFO 500/1000 done (50.00)
2022-06-22 23:39:15,294 INFO 600/1000 done (60.00)
2022-06-22 23:39:15,474 INFO 700/1000 done (70.00)
2022-06-22 23:39:15,642 INFO 800/1000 done (80.00)
2022-06-22 23:39:15,802 INFO 900/1000 done (90.00)
2022-06-22 23:39:15,968 INFO sampling completed
2022-06-22 23:39:15,969 INFO sampling finished
2022-06-22 23:39:15,969 INFO computing PValue statistics
2022-06-22 23:39:15,973 INFO computing FDR statistics
# job finished in 1 seconds at Wed Jun 22 23:39:15 2022 --  2.69  0.05  0.00  0.00 -- 5e69ed51-de03-4ad8-8113-54f791f5712b
# output generated by /home/rgomez/anaconda3/bin/gat-run.py --segments=analysis/20220622_LocationPatterns/GATfiles/Segments/HFNAHR_Med.bed --isochores=analysis/20220622_LocationPatterns/GATfiles/Isochores/isochores_NAHR_Med.bed --annotations=analysis/20220622_LocationPatterns/GATfiles/Annotations/annotations_avgBherer.bed --workspace=analysis/20220622_LocationPatterns/GATfiles/Workspace/workspace_avgBherer.bed --num-samples=1000 --log=analysis/20220622_LocationPatterns/GATresults/NAHR_Med/log/HFNAHR_Med_annotations_avgBherer.log --stdout=analysis/20220622_LocationPatterns/GATresults/NAHR_Med/tsv/HFNAHR_Med_annotations_avgBherer.tsv
# job started at Wed Jun 22 23:40:24 2022 on rgomez-pc -- 0d659e56-8759-41b6-8b07-9ac3118c1a58
# pid: 29629, system: Linux 5.3.0-7648-generic #41~1586790036~18.04~600aeb5-Ubuntu SMP Mon Apr 13 17:47:15 UTC  x86_64
# annotation_files                        : ['analysis/20220622_LocationPatterns/GATfiles/Annotations/annotations_avgBherer.bed']
# annotations_label                       : None
# annotations_to_points                   : None
# bucket_size                             : 0
# cache                                   : None
# conditional                             : unconditional
# conditional_expansion                   : None
# conditional_extension                   : None
# counters                                : []
# enable_split_tracks                     : False
# ignore_segment_tracks                   : True
# input_filename_counts                   : None
# input_filename_descriptions             : None
# input_filename_results                  : None
# isochore_files                          : ['analysis/20220622_LocationPatterns/GATfiles/Isochores/isochores_NAHR_Med.bed']
# loglevel                                : 1
# nbuckets                                : 100000
# null                                    : default
# num_samples                             : 1000
# num_threads                             : 0
# output_bed                              : []
# output_counts_pattern                   : None
# output_filename_pattern                 : %s
# output_force                            : False
# output_order                            : fold
# output_plots_pattern                    : None
# output_samples_pattern                  : None
# output_stats                            : []
# output_tables_pattern                   : %s.tsv.gz
# overlapping_annotations                 : False
# pseudo_count                            : 1.0
# pvalue_method                           : empirical
# qvalue_lambda                           : None
# qvalue_method                           : BH
# qvalue_pi0_method                       : smoother
# random_seed                             : None
# restrict_workspace                      : False
# sample_files                            : []
# sampler                                 : annotator
# segment_files                           : ['analysis/20220622_LocationPatterns/GATfiles/Segments/HFNAHR_Med.bed']
# shift_expansion                         : 2.0
# shift_extension                         : 0
# short_help                              : None
# stderr                                  : <_io.TextIOWrapper name='<stderr>' mode='w' encoding='utf-8'>
# stdin                                   : <_io.TextIOWrapper name='<stdin>' mode='r' encoding='utf-8'>
# stdlog                                  : <_io.TextIOWrapper name='analysis/20220622_LocationPatterns/GATresults/NAHR_Med/log/HFNAHR_Med_annotations_avgBherer.log' mode='a' encoding='UTF-8'>
# stdout                                  : <_io.TextIOWrapper name='analysis/20220622_LocationPatterns/GATresults/NAHR_Med/tsv/HFNAHR_Med_annotations_avgBherer.tsv' mode='w' encoding='UTF-8'>
# timeit_file                             : None
# timeit_header                           : None
# timeit_name                             : all
# truncate_segments_to_workspace          : False
# truncate_workspace_to_annotations       : False
# workspace_files                         : ['analysis/20220622_LocationPatterns/GATfiles/Workspace/workspace_avgBherer.bed']
2022-06-22 23:40:24,258 INFO segments: reading tracks from 1 files
2022-06-22 23:40:24,258 INFO segments: read 1 tracks from 1 files
2022-06-22 23:40:24,258 INFO annotations: reading tracks from 1 files
2022-06-22 23:40:24,525 INFO annotations: read 6 tracks from 1 files
2022-06-22 23:40:24,529 INFO workspaces: reading tracks from 1 files
2022-06-22 23:40:24,529 INFO workspaces: read 1 tracks from 1 files
2022-06-22 23:40:24,529 INFO collapsing workspaces
2022-06-22 23:40:24,529 INFO isochores: reading isochores from 1 files
2022-06-22 23:40:24,531 INFO intervals loaded in 0 seconds
2022-06-22 23:40:24,531 INFO adding isochores to workspace
2022-06-22 23:40:24,534 INFO collecting observed counts
2022-06-22 23:40:24,534 INFO starting sampling
2022-06-22 23:40:24,534 INFO sampling: merged: 1/1
2022-06-22 23:40:24,534 INFO performing unconditional sampling
2022-06-22 23:40:24,540 INFO workspace without conditioning: 1090 segments, 2678195140 nucleotides
2022-06-22 23:40:24,540 INFO workspace after conditioning: 1090 segments, 2678195140 nucleotides
2022-06-22 23:40:24,541 INFO sampling started
2022-06-22 23:40:24,546 INFO 0/1000 done ( 0.00)
2022-06-22 23:40:24,848 INFO 100/1000 done (10.00)
2022-06-22 23:40:25,137 INFO 200/1000 done (20.00)
2022-06-22 23:40:25,432 INFO 300/1000 done (30.00)
2022-06-22 23:40:25,737 INFO 400/1000 done (40.00)
2022-06-22 23:40:26,037 INFO 500/1000 done (50.00)
2022-06-22 23:40:26,324 INFO 600/1000 done (60.00)
2022-06-22 23:40:26,615 INFO 700/1000 done (70.00)
2022-06-22 23:40:26,896 INFO 800/1000 done (80.00)
2022-06-22 23:40:27,190 INFO 900/1000 done (90.00)
2022-06-22 23:40:27,480 INFO sampling completed
2022-06-22 23:40:27,481 INFO sampling finished
2022-06-22 23:40:27,481 INFO computing PValue statistics
2022-06-22 23:40:27,485 INFO computing FDR statistics
# job finished in 3 seconds at Wed Jun 22 23:40:27 2022 --  3.95  0.04  0.00  0.00 -- 0d659e56-8759-41b6-8b07-9ac3118c1a58
# output generated by /home/rgomez/anaconda3/bin/gat-run.py --segments=analysis/20220622_LocationPatterns/GATfiles/Segments/HFNAHR_Med.bed --isochores=analysis/20220622_LocationPatterns/GATfiles/Isochores/isochores_NAHR_Med.bed --annotations=analysis/20220622_LocationPatterns/GATfiles/Annotations/annotations_avgBherer.bed --workspace=analysis/20220622_LocationPatterns/GATfiles/Workspace/workspace_avgBherer.bed --num-samples=1000 --log=analysis/20220622_LocationPatterns/GATresults/NAHR_Med/log/HFNAHR_Med_annotations_avgBherer.log --stdout=analysis/20220622_LocationPatterns/GATresults/NAHR_Med/tsv/HFNAHR_Med_annotations_avgBherer.tsv
# job started at Wed Jun 22 23:41:45 2022 on rgomez-pc -- 31d71f84-1393-4777-9a73-af47474fc47b
# pid: 29799, system: Linux 5.3.0-7648-generic #41~1586790036~18.04~600aeb5-Ubuntu SMP Mon Apr 13 17:47:15 UTC  x86_64
# annotation_files                        : ['analysis/20220622_LocationPatterns/GATfiles/Annotations/annotations_avgBherer.bed']
# annotations_label                       : None
# annotations_to_points                   : None
# bucket_size                             : 0
# cache                                   : None
# conditional                             : unconditional
# conditional_expansion                   : None
# conditional_extension                   : None
# counters                                : []
# enable_split_tracks                     : False
# ignore_segment_tracks                   : True
# input_filename_counts                   : None
# input_filename_descriptions             : None
# input_filename_results                  : None
# isochore_files                          : ['analysis/20220622_LocationPatterns/GATfiles/Isochores/isochores_NAHR_Med.bed']
# loglevel                                : 1
# nbuckets                                : 100000
# null                                    : default
# num_samples                             : 1000
# num_threads                             : 0
# output_bed                              : []
# output_counts_pattern                   : None
# output_filename_pattern                 : %s
# output_force                            : False
# output_order                            : fold
# output_plots_pattern                    : None
# output_samples_pattern                  : None
# output_stats                            : []
# output_tables_pattern                   : %s.tsv.gz
# overlapping_annotations                 : False
# pseudo_count                            : 1.0
# pvalue_method                           : empirical
# qvalue_lambda                           : None
# qvalue_method                           : BH
# qvalue_pi0_method                       : smoother
# random_seed                             : None
# restrict_workspace                      : False
# sample_files                            : []
# sampler                                 : annotator
# segment_files                           : ['analysis/20220622_LocationPatterns/GATfiles/Segments/HFNAHR_Med.bed']
# shift_expansion                         : 2.0
# shift_extension                         : 0
# short_help                              : None
# stderr                                  : <_io.TextIOWrapper name='<stderr>' mode='w' encoding='utf-8'>
# stdin                                   : <_io.TextIOWrapper name='<stdin>' mode='r' encoding='utf-8'>
# stdlog                                  : <_io.TextIOWrapper name='analysis/20220622_LocationPatterns/GATresults/NAHR_Med/log/HFNAHR_Med_annotations_avgBherer.log' mode='a' encoding='UTF-8'>
# stdout                                  : <_io.TextIOWrapper name='analysis/20220622_LocationPatterns/GATresults/NAHR_Med/tsv/HFNAHR_Med_annotations_avgBherer.tsv' mode='w' encoding='UTF-8'>
# timeit_file                             : None
# timeit_header                           : None
# timeit_name                             : all
# truncate_segments_to_workspace          : False
# truncate_workspace_to_annotations       : False
# workspace_files                         : ['analysis/20220622_LocationPatterns/GATfiles/Workspace/workspace_avgBherer.bed']
2022-06-22 23:41:45,367 INFO segments: reading tracks from 1 files
2022-06-22 23:41:45,367 INFO segments: read 1 tracks from 1 files
2022-06-22 23:41:45,367 INFO annotations: reading tracks from 1 files
2022-06-22 23:41:45,675 INFO annotations: read 6 tracks from 1 files
2022-06-22 23:41:45,680 INFO workspaces: reading tracks from 1 files
2022-06-22 23:41:45,681 INFO workspaces: read 1 tracks from 1 files
2022-06-22 23:41:45,681 INFO collapsing workspaces
2022-06-22 23:41:45,681 INFO isochores: reading isochores from 1 files
2022-06-22 23:41:45,683 INFO intervals loaded in 0 seconds
2022-06-22 23:41:45,684 INFO adding isochores to workspace
2022-06-22 23:41:45,687 INFO collecting observed counts
2022-06-22 23:41:45,687 INFO starting sampling
2022-06-22 23:41:45,687 INFO sampling: merged: 1/1
2022-06-22 23:41:45,687 INFO performing unconditional sampling
2022-06-22 23:41:45,694 INFO workspace without conditioning: 1090 segments, 2678195140 nucleotides
2022-06-22 23:41:45,695 INFO workspace after conditioning: 1090 segments, 2678195140 nucleotides
2022-06-22 23:41:45,696 INFO sampling started
2022-06-22 23:41:45,701 INFO 0/1000 done ( 0.00)
2022-06-22 23:41:46,064 INFO 100/1000 done (10.00)
2022-06-22 23:41:46,434 INFO 200/1000 done (20.00)
2022-06-22 23:41:46,787 INFO 300/1000 done (30.00)
2022-06-22 23:41:47,111 INFO 400/1000 done (40.00)
2022-06-22 23:41:47,445 INFO 500/1000 done (50.00)
2022-06-22 23:41:47,782 INFO 600/1000 done (60.00)
2022-06-22 23:41:48,125 INFO 700/1000 done (70.00)
2022-06-22 23:41:48,448 INFO 800/1000 done (80.00)
2022-06-22 23:41:48,793 INFO 900/1000 done (90.00)
2022-06-22 23:41:49,137 INFO sampling completed
2022-06-22 23:41:49,138 INFO sampling finished
2022-06-22 23:41:49,138 INFO computing PValue statistics
2022-06-22 23:41:49,143 INFO computing FDR statistics
# job finished in 3 seconds at Wed Jun 22 23:41:49 2022 --  4.61  0.06  0.00  0.00 -- 31d71f84-1393-4777-9a73-af47474fc47b
