# output generated by /home/rgomez/anaconda3/bin/gat-run.py --segments=analysis/20220622_LocationPatterns/GATfiles/Segments/LFNAHR_Med.bed --isochores=analysis/20220622_LocationPatterns/GATfiles/Isochores/isochores_NAHR_Med.bed --annotations=analysis/20220622_LocationPatterns/GATfiles/Annotations/annotations_avgBherer.bed --workspace=analysis/20220622_LocationPatterns/GATfiles/Workspace/workspace_avgBherer.bed --num-samples=1000 --log=analysis/20220622_LocationPatterns/GATresults/NAHR_Med/log/LFNAHR_Med_annotations_avgBherer.log --stdout=analysis/20220622_LocationPatterns/GATresults/NAHR_Med/tsv/LFNAHR_Med_annotations_avgBherer.tsv
# job started at Wed Jun 22 23:11:33 2022 on rgomez-pc -- 47e976e4-4710-4f57-a2c5-851ed109bd59
# pid: 27037, system: Linux 5.3.0-7648-generic #41~1586790036~18.04~600aeb5-Ubuntu SMP Mon Apr 13 17:47:15 UTC  x86_64
# annotation_files                        : ['analysis/20220622_LocationPatterns/GATfiles/Annotations/annotations_avgBherer.bed']
# annotations_label                       : None
# annotations_to_points                   : None
# bucket_size                             : 0
# cache                                   : None
# conditional                             : unconditional
# conditional_expansion                   : None
# conditional_extension                   : None
# counters                                : []
# enable_split_tracks                     : False
# ignore_segment_tracks                   : True
# input_filename_counts                   : None
# input_filename_descriptions             : None
# input_filename_results                  : None
# isochore_files                          : ['analysis/20220622_LocationPatterns/GATfiles/Isochores/isochores_NAHR_Med.bed']
# loglevel                                : 1
# nbuckets                                : 100000
# null                                    : default
# num_samples                             : 1000
# num_threads                             : 0
# output_bed                              : []
# output_counts_pattern                   : None
# output_filename_pattern                 : %s
# output_force                            : False
# output_order                            : fold
# output_plots_pattern                    : None
# output_samples_pattern                  : None
# output_stats                            : []
# output_tables_pattern                   : %s.tsv.gz
# overlapping_annotations                 : False
# pseudo_count                            : 1.0
# pvalue_method                           : empirical
# qvalue_lambda                           : None
# qvalue_method                           : BH
# qvalue_pi0_method                       : smoother
# random_seed                             : None
# restrict_workspace                      : False
# sample_files                            : []
# sampler                                 : annotator
# segment_files                           : ['analysis/20220622_LocationPatterns/GATfiles/Segments/LFNAHR_Med.bed']
# shift_expansion                         : 2.0
# shift_extension                         : 0
# short_help                              : None
# stderr                                  : <_io.TextIOWrapper name='<stderr>' mode='w' encoding='utf-8'>
# stdin                                   : <_io.TextIOWrapper name='<stdin>' mode='r' encoding='utf-8'>
# stdlog                                  : <_io.TextIOWrapper name='analysis/20220622_LocationPatterns/GATresults/NAHR_Med/log/LFNAHR_Med_annotations_avgBherer.log' mode='a' encoding='UTF-8'>
# stdout                                  : <_io.TextIOWrapper name='analysis/20220622_LocationPatterns/GATresults/NAHR_Med/tsv/LFNAHR_Med_annotations_avgBherer.tsv' mode='w' encoding='UTF-8'>
# timeit_file                             : None
# timeit_header                           : None
# timeit_name                             : all
# truncate_segments_to_workspace          : False
# truncate_workspace_to_annotations       : False
# workspace_files                         : ['analysis/20220622_LocationPatterns/GATfiles/Workspace/workspace_avgBherer.bed']
2022-06-22 23:11:33,375 INFO segments: reading tracks from 1 files
2022-06-22 23:11:33,375 INFO segments: read 1 tracks from 1 files
2022-06-22 23:11:33,375 INFO annotations: reading tracks from 1 files
2022-06-22 23:11:33,653 INFO annotations: read 6 tracks from 1 files
2022-06-22 23:11:33,657 INFO workspaces: reading tracks from 1 files
2022-06-22 23:11:33,657 INFO workspaces: read 1 tracks from 1 files
2022-06-22 23:11:33,658 INFO collapsing workspaces
2022-06-22 23:11:33,658 INFO isochores: reading isochores from 1 files
2022-06-22 23:11:33,659 INFO intervals loaded in 0 seconds
2022-06-22 23:11:33,660 INFO adding isochores to workspace
2022-06-22 23:11:33,661 INFO collecting observed counts
2022-06-22 23:11:33,662 INFO starting sampling
2022-06-22 23:11:33,662 INFO sampling: merged: 1/1
2022-06-22 23:11:33,662 INFO performing unconditional sampling
2022-06-22 23:11:33,667 INFO workspace without conditioning: 1090 segments, 2678195140 nucleotides
2022-06-22 23:11:33,667 INFO workspace after conditioning: 1090 segments, 2678195140 nucleotides
2022-06-22 23:11:33,668 INFO sampling started
2022-06-22 23:11:33,669 INFO 0/1000 done ( 0.00)
2022-06-22 23:11:33,752 INFO 100/1000 done (10.00)
2022-06-22 23:11:33,835 INFO 200/1000 done (20.00)
2022-06-22 23:11:33,917 INFO 300/1000 done (30.00)
2022-06-22 23:11:33,999 INFO 400/1000 done (40.00)
2022-06-22 23:11:34,082 INFO 500/1000 done (50.00)
2022-06-22 23:11:34,166 INFO 600/1000 done (60.00)
2022-06-22 23:11:34,248 INFO 700/1000 done (70.00)
2022-06-22 23:11:34,331 INFO 800/1000 done (80.00)
2022-06-22 23:11:34,415 INFO 900/1000 done (90.00)
2022-06-22 23:11:34,497 INFO sampling completed
2022-06-22 23:11:34,498 INFO sampling finished
2022-06-22 23:11:34,498 INFO computing PValue statistics
2022-06-22 23:11:34,501 INFO computing FDR statistics
# job finished in 1 seconds at Wed Jun 22 23:11:34 2022 --  1.88  0.03  0.00  0.00 -- 47e976e4-4710-4f57-a2c5-851ed109bd59
# output generated by /home/rgomez/anaconda3/bin/gat-run.py --segments=analysis/20220622_LocationPatterns/GATfiles/Segments/LFNAHR_Med.bed --isochores=analysis/20220622_LocationPatterns/GATfiles/Isochores/isochores_NAHR_Med.bed --annotations=analysis/20220622_LocationPatterns/GATfiles/Annotations/annotations_avgBherer.bed --workspace=analysis/20220622_LocationPatterns/GATfiles/Workspace/workspace_avgBherer.bed --num-samples=1000 --log=analysis/20220622_LocationPatterns/GATresults/NAHR_Med/log/LFNAHR_Med_annotations_avgBherer.log --stdout=analysis/20220622_LocationPatterns/GATresults/NAHR_Med/tsv/LFNAHR_Med_annotations_avgBherer.tsv
# job started at Wed Jun 22 23:12:56 2022 on rgomez-pc -- 11014d4c-e925-4d80-b424-8420022a29d4
# pid: 27210, system: Linux 5.3.0-7648-generic #41~1586790036~18.04~600aeb5-Ubuntu SMP Mon Apr 13 17:47:15 UTC  x86_64
# annotation_files                        : ['analysis/20220622_LocationPatterns/GATfiles/Annotations/annotations_avgBherer.bed']
# annotations_label                       : None
# annotations_to_points                   : None
# bucket_size                             : 0
# cache                                   : None
# conditional                             : unconditional
# conditional_expansion                   : None
# conditional_extension                   : None
# counters                                : []
# enable_split_tracks                     : False
# ignore_segment_tracks                   : True
# input_filename_counts                   : None
# input_filename_descriptions             : None
# input_filename_results                  : None
# isochore_files                          : ['analysis/20220622_LocationPatterns/GATfiles/Isochores/isochores_NAHR_Med.bed']
# loglevel                                : 1
# nbuckets                                : 100000
# null                                    : default
# num_samples                             : 1000
# num_threads                             : 0
# output_bed                              : []
# output_counts_pattern                   : None
# output_filename_pattern                 : %s
# output_force                            : False
# output_order                            : fold
# output_plots_pattern                    : None
# output_samples_pattern                  : None
# output_stats                            : []
# output_tables_pattern                   : %s.tsv.gz
# overlapping_annotations                 : False
# pseudo_count                            : 1.0
# pvalue_method                           : empirical
# qvalue_lambda                           : None
# qvalue_method                           : BH
# qvalue_pi0_method                       : smoother
# random_seed                             : None
# restrict_workspace                      : False
# sample_files                            : []
# sampler                                 : annotator
# segment_files                           : ['analysis/20220622_LocationPatterns/GATfiles/Segments/LFNAHR_Med.bed']
# shift_expansion                         : 2.0
# shift_extension                         : 0
# short_help                              : None
# stderr                                  : <_io.TextIOWrapper name='<stderr>' mode='w' encoding='utf-8'>
# stdin                                   : <_io.TextIOWrapper name='<stdin>' mode='r' encoding='utf-8'>
# stdlog                                  : <_io.TextIOWrapper name='analysis/20220622_LocationPatterns/GATresults/NAHR_Med/log/LFNAHR_Med_annotations_avgBherer.log' mode='a' encoding='UTF-8'>
# stdout                                  : <_io.TextIOWrapper name='analysis/20220622_LocationPatterns/GATresults/NAHR_Med/tsv/LFNAHR_Med_annotations_avgBherer.tsv' mode='w' encoding='UTF-8'>
# timeit_file                             : None
# timeit_header                           : None
# timeit_name                             : all
# truncate_segments_to_workspace          : False
# truncate_workspace_to_annotations       : False
# workspace_files                         : ['analysis/20220622_LocationPatterns/GATfiles/Workspace/workspace_avgBherer.bed']
2022-06-22 23:12:56,875 INFO segments: reading tracks from 1 files
2022-06-22 23:12:56,875 INFO segments: read 1 tracks from 1 files
2022-06-22 23:12:56,875 INFO annotations: reading tracks from 1 files
2022-06-22 23:12:57,144 INFO annotations: read 6 tracks from 1 files
2022-06-22 23:12:57,148 INFO workspaces: reading tracks from 1 files
2022-06-22 23:12:57,148 INFO workspaces: read 1 tracks from 1 files
2022-06-22 23:12:57,148 INFO collapsing workspaces
2022-06-22 23:12:57,148 INFO isochores: reading isochores from 1 files
2022-06-22 23:12:57,150 INFO intervals loaded in 0 seconds
2022-06-22 23:12:57,150 INFO adding isochores to workspace
2022-06-22 23:12:57,152 INFO collecting observed counts
2022-06-22 23:12:57,152 INFO starting sampling
2022-06-22 23:12:57,153 INFO sampling: merged: 1/1
2022-06-22 23:12:57,153 INFO performing unconditional sampling
2022-06-22 23:12:57,158 INFO workspace without conditioning: 1090 segments, 2678195140 nucleotides
2022-06-22 23:12:57,158 INFO workspace after conditioning: 1090 segments, 2678195140 nucleotides
2022-06-22 23:12:57,159 INFO sampling started
2022-06-22 23:12:57,160 INFO 0/1000 done ( 0.00)
2022-06-22 23:12:57,241 INFO 100/1000 done (10.00)
2022-06-22 23:12:57,323 INFO 200/1000 done (20.00)
2022-06-22 23:12:57,404 INFO 300/1000 done (30.00)
2022-06-22 23:12:57,486 INFO 400/1000 done (40.00)
2022-06-22 23:12:57,569 INFO 500/1000 done (50.00)
2022-06-22 23:12:57,654 INFO 600/1000 done (60.00)
2022-06-22 23:12:57,735 INFO 700/1000 done (70.00)
2022-06-22 23:12:57,815 INFO 800/1000 done (80.00)
2022-06-22 23:12:57,895 INFO 900/1000 done (90.00)
2022-06-22 23:12:57,976 INFO sampling completed
2022-06-22 23:12:57,977 INFO sampling finished
2022-06-22 23:12:57,977 INFO computing PValue statistics
2022-06-22 23:12:57,980 INFO computing FDR statistics
# job finished in 1 seconds at Wed Jun 22 23:12:57 2022 --  1.82  0.05  0.00  0.00 -- 11014d4c-e925-4d80-b424-8420022a29d4
# output generated by /home/rgomez/anaconda3/bin/gat-run.py --segments=analysis/20220622_LocationPatterns/GATfiles/Segments/LFNAHR_Med.bed --isochores=analysis/20220622_LocationPatterns/GATfiles/Isochores/isochores_NAHR_Med.bed --annotations=analysis/20220622_LocationPatterns/GATfiles/Annotations/annotations_avgBherer.bed --workspace=analysis/20220622_LocationPatterns/GATfiles/Workspace/workspace_avgBherer.bed --num-samples=1000 --log=analysis/20220622_LocationPatterns/GATresults/NAHR_Med/log/LFNAHR_Med_annotations_avgBherer.log --stdout=analysis/20220622_LocationPatterns/GATresults/NAHR_Med/tsv/LFNAHR_Med_annotations_avgBherer.tsv
# job started at Wed Jun 22 23:14:35 2022 on rgomez-pc -- a9955e7a-249a-4097-8d3b-127ed08c87cd
# pid: 27368, system: Linux 5.3.0-7648-generic #41~1586790036~18.04~600aeb5-Ubuntu SMP Mon Apr 13 17:47:15 UTC  x86_64
# annotation_files                        : ['analysis/20220622_LocationPatterns/GATfiles/Annotations/annotations_avgBherer.bed']
# annotations_label                       : None
# annotations_to_points                   : None
# bucket_size                             : 0
# cache                                   : None
# conditional                             : unconditional
# conditional_expansion                   : None
# conditional_extension                   : None
# counters                                : []
# enable_split_tracks                     : False
# ignore_segment_tracks                   : True
# input_filename_counts                   : None
# input_filename_descriptions             : None
# input_filename_results                  : None
# isochore_files                          : ['analysis/20220622_LocationPatterns/GATfiles/Isochores/isochores_NAHR_Med.bed']
# loglevel                                : 1
# nbuckets                                : 100000
# null                                    : default
# num_samples                             : 1000
# num_threads                             : 0
# output_bed                              : []
# output_counts_pattern                   : None
# output_filename_pattern                 : %s
# output_force                            : False
# output_order                            : fold
# output_plots_pattern                    : None
# output_samples_pattern                  : None
# output_stats                            : []
# output_tables_pattern                   : %s.tsv.gz
# overlapping_annotations                 : False
# pseudo_count                            : 1.0
# pvalue_method                           : empirical
# qvalue_lambda                           : None
# qvalue_method                           : BH
# qvalue_pi0_method                       : smoother
# random_seed                             : None
# restrict_workspace                      : False
# sample_files                            : []
# sampler                                 : annotator
# segment_files                           : ['analysis/20220622_LocationPatterns/GATfiles/Segments/LFNAHR_Med.bed']
# shift_expansion                         : 2.0
# shift_extension                         : 0
# short_help                              : None
# stderr                                  : <_io.TextIOWrapper name='<stderr>' mode='w' encoding='utf-8'>
# stdin                                   : <_io.TextIOWrapper name='<stdin>' mode='r' encoding='utf-8'>
# stdlog                                  : <_io.TextIOWrapper name='analysis/20220622_LocationPatterns/GATresults/NAHR_Med/log/LFNAHR_Med_annotations_avgBherer.log' mode='a' encoding='UTF-8'>
# stdout                                  : <_io.TextIOWrapper name='analysis/20220622_LocationPatterns/GATresults/NAHR_Med/tsv/LFNAHR_Med_annotations_avgBherer.tsv' mode='w' encoding='UTF-8'>
# timeit_file                             : None
# timeit_header                           : None
# timeit_name                             : all
# truncate_segments_to_workspace          : False
# truncate_workspace_to_annotations       : False
# workspace_files                         : ['analysis/20220622_LocationPatterns/GATfiles/Workspace/workspace_avgBherer.bed']
2022-06-22 23:14:35,021 INFO segments: reading tracks from 1 files
2022-06-22 23:14:35,022 INFO segments: read 1 tracks from 1 files
2022-06-22 23:14:35,022 INFO annotations: reading tracks from 1 files
2022-06-22 23:14:35,318 INFO annotations: read 6 tracks from 1 files
2022-06-22 23:14:35,322 INFO workspaces: reading tracks from 1 files
2022-06-22 23:14:35,322 INFO workspaces: read 1 tracks from 1 files
2022-06-22 23:14:35,322 INFO collapsing workspaces
2022-06-22 23:14:35,323 INFO isochores: reading isochores from 1 files
2022-06-22 23:14:35,324 INFO intervals loaded in 0 seconds
2022-06-22 23:14:35,324 INFO adding isochores to workspace
2022-06-22 23:14:35,327 INFO collecting observed counts
2022-06-22 23:14:35,327 INFO starting sampling
2022-06-22 23:14:35,327 INFO sampling: merged: 1/1
2022-06-22 23:14:35,327 INFO performing unconditional sampling
2022-06-22 23:14:35,332 INFO workspace without conditioning: 1090 segments, 2678195140 nucleotides
2022-06-22 23:14:35,332 INFO workspace after conditioning: 1090 segments, 2678195140 nucleotides
2022-06-22 23:14:35,333 INFO sampling started
2022-06-22 23:14:35,335 INFO 0/1000 done ( 0.00)
2022-06-22 23:14:35,497 INFO 100/1000 done (10.00)
2022-06-22 23:14:35,660 INFO 200/1000 done (20.00)
2022-06-22 23:14:35,819 INFO 300/1000 done (30.00)
2022-06-22 23:14:35,981 INFO 400/1000 done (40.00)
2022-06-22 23:14:36,140 INFO 500/1000 done (50.00)
2022-06-22 23:14:36,300 INFO 600/1000 done (60.00)
2022-06-22 23:14:36,460 INFO 700/1000 done (70.00)
2022-06-22 23:14:36,622 INFO 800/1000 done (80.00)
2022-06-22 23:14:36,781 INFO 900/1000 done (90.00)
2022-06-22 23:14:36,945 INFO sampling completed
2022-06-22 23:14:36,946 INFO sampling finished
2022-06-22 23:14:36,946 INFO computing PValue statistics
2022-06-22 23:14:36,950 INFO computing FDR statistics
# job finished in 1 seconds at Wed Jun 22 23:14:36 2022 --  2.67  0.05  0.00  0.00 -- a9955e7a-249a-4097-8d3b-127ed08c87cd
# output generated by /home/rgomez/anaconda3/bin/gat-run.py --segments=analysis/20220622_LocationPatterns/GATfiles/Segments/LFNAHR_Med.bed --isochores=analysis/20220622_LocationPatterns/GATfiles/Isochores/isochores_NAHR_Med.bed --annotations=analysis/20220622_LocationPatterns/GATfiles/Annotations/annotations_avgBherer.bed --workspace=analysis/20220622_LocationPatterns/GATfiles/Workspace/workspace_avgBherer.bed --num-samples=1000 --log=analysis/20220622_LocationPatterns/GATresults/NAHR_Med/log/LFNAHR_Med_annotations_avgBherer.log --stdout=analysis/20220622_LocationPatterns/GATresults/NAHR_Med/tsv/LFNAHR_Med_annotations_avgBherer.tsv
# job started at Wed Jun 22 23:18:18 2022 on rgomez-pc -- 84272fbb-d1b1-49cf-9af3-22c332a3443c
# pid: 27632, system: Linux 5.3.0-7648-generic #41~1586790036~18.04~600aeb5-Ubuntu SMP Mon Apr 13 17:47:15 UTC  x86_64
# annotation_files                        : ['analysis/20220622_LocationPatterns/GATfiles/Annotations/annotations_avgBherer.bed']
# annotations_label                       : None
# annotations_to_points                   : None
# bucket_size                             : 0
# cache                                   : None
# conditional                             : unconditional
# conditional_expansion                   : None
# conditional_extension                   : None
# counters                                : []
# enable_split_tracks                     : False
# ignore_segment_tracks                   : True
# input_filename_counts                   : None
# input_filename_descriptions             : None
# input_filename_results                  : None
# isochore_files                          : ['analysis/20220622_LocationPatterns/GATfiles/Isochores/isochores_NAHR_Med.bed']
# loglevel                                : 1
# nbuckets                                : 100000
# null                                    : default
# num_samples                             : 1000
# num_threads                             : 0
# output_bed                              : []
# output_counts_pattern                   : None
# output_filename_pattern                 : %s
# output_force                            : False
# output_order                            : fold
# output_plots_pattern                    : None
# output_samples_pattern                  : None
# output_stats                            : []
# output_tables_pattern                   : %s.tsv.gz
# overlapping_annotations                 : False
# pseudo_count                            : 1.0
# pvalue_method                           : empirical
# qvalue_lambda                           : None
# qvalue_method                           : BH
# qvalue_pi0_method                       : smoother
# random_seed                             : None
# restrict_workspace                      : False
# sample_files                            : []
# sampler                                 : annotator
# segment_files                           : ['analysis/20220622_LocationPatterns/GATfiles/Segments/LFNAHR_Med.bed']
# shift_expansion                         : 2.0
# shift_extension                         : 0
# short_help                              : None
# stderr                                  : <_io.TextIOWrapper name='<stderr>' mode='w' encoding='utf-8'>
# stdin                                   : <_io.TextIOWrapper name='<stdin>' mode='r' encoding='utf-8'>
# stdlog                                  : <_io.TextIOWrapper name='analysis/20220622_LocationPatterns/GATresults/NAHR_Med/log/LFNAHR_Med_annotations_avgBherer.log' mode='a' encoding='UTF-8'>
# stdout                                  : <_io.TextIOWrapper name='analysis/20220622_LocationPatterns/GATresults/NAHR_Med/tsv/LFNAHR_Med_annotations_avgBherer.tsv' mode='w' encoding='UTF-8'>
# timeit_file                             : None
# timeit_header                           : None
# timeit_name                             : all
# truncate_segments_to_workspace          : False
# truncate_workspace_to_annotations       : False
# workspace_files                         : ['analysis/20220622_LocationPatterns/GATfiles/Workspace/workspace_avgBherer.bed']
2022-06-22 23:18:18,342 INFO segments: reading tracks from 1 files
2022-06-22 23:18:18,342 INFO segments: read 1 tracks from 1 files
2022-06-22 23:18:18,342 INFO annotations: reading tracks from 1 files
2022-06-22 23:18:18,616 INFO annotations: read 6 tracks from 1 files
2022-06-22 23:18:18,620 INFO workspaces: reading tracks from 1 files
2022-06-22 23:18:18,620 INFO workspaces: read 1 tracks from 1 files
2022-06-22 23:18:18,620 INFO collapsing workspaces
2022-06-22 23:18:18,620 INFO isochores: reading isochores from 1 files
2022-06-22 23:18:18,622 INFO intervals loaded in 0 seconds
2022-06-22 23:18:18,622 INFO adding isochores to workspace
2022-06-22 23:18:18,624 INFO collecting observed counts
2022-06-22 23:18:18,624 INFO starting sampling
2022-06-22 23:18:18,624 INFO sampling: merged: 1/1
2022-06-22 23:18:18,624 INFO performing unconditional sampling
2022-06-22 23:18:18,630 INFO workspace without conditioning: 1090 segments, 2678195140 nucleotides
2022-06-22 23:18:18,630 INFO workspace after conditioning: 1090 segments, 2678195140 nucleotides
2022-06-22 23:18:18,630 INFO sampling started
2022-06-22 23:18:18,631 INFO 0/1000 done ( 0.00)
2022-06-22 23:18:18,685 INFO 100/1000 done (10.00)
2022-06-22 23:18:18,737 INFO 200/1000 done (20.00)
2022-06-22 23:18:18,789 INFO 300/1000 done (30.00)
2022-06-22 23:18:18,841 INFO 400/1000 done (40.00)
2022-06-22 23:18:18,894 INFO 500/1000 done (50.00)
2022-06-22 23:18:18,949 INFO 600/1000 done (60.00)
2022-06-22 23:18:19,002 INFO 700/1000 done (70.00)
2022-06-22 23:18:19,054 INFO 800/1000 done (80.00)
2022-06-22 23:18:19,107 INFO 900/1000 done (90.00)
2022-06-22 23:18:19,159 INFO sampling completed
2022-06-22 23:18:19,160 INFO sampling finished
2022-06-22 23:18:19,160 INFO computing PValue statistics
2022-06-22 23:18:19,163 INFO computing FDR statistics
# job finished in 0 seconds at Wed Jun 22 23:18:19 2022 --  1.54  0.05  0.00  0.00 -- 84272fbb-d1b1-49cf-9af3-22c332a3443c
# output generated by /home/rgomez/anaconda3/bin/gat-run.py --segments=analysis/20220622_LocationPatterns/GATfiles/Segments/LFNAHR_Med.bed --isochores=analysis/20220622_LocationPatterns/GATfiles/Isochores/isochores_NAHR_Med.bed --annotations=analysis/20220622_LocationPatterns/GATfiles/Annotations/annotations_avgBherer.bed --workspace=analysis/20220622_LocationPatterns/GATfiles/Workspace/workspace_avgBherer.bed --num-samples=1000 --log=analysis/20220622_LocationPatterns/GATresults/NAHR_Med/log/LFNAHR_Med_annotations_avgBherer.log --stdout=analysis/20220622_LocationPatterns/GATresults/NAHR_Med/tsv/LFNAHR_Med_annotations_avgBherer.tsv
# job started at Wed Jun 22 23:22:09 2022 on rgomez-pc -- 6f672a9d-a7fb-4667-b390-48c1acb2afeb
# pid: 27861, system: Linux 5.3.0-7648-generic #41~1586790036~18.04~600aeb5-Ubuntu SMP Mon Apr 13 17:47:15 UTC  x86_64
# annotation_files                        : ['analysis/20220622_LocationPatterns/GATfiles/Annotations/annotations_avgBherer.bed']
# annotations_label                       : None
# annotations_to_points                   : None
# bucket_size                             : 0
# cache                                   : None
# conditional                             : unconditional
# conditional_expansion                   : None
# conditional_extension                   : None
# counters                                : []
# enable_split_tracks                     : False
# ignore_segment_tracks                   : True
# input_filename_counts                   : None
# input_filename_descriptions             : None
# input_filename_results                  : None
# isochore_files                          : ['analysis/20220622_LocationPatterns/GATfiles/Isochores/isochores_NAHR_Med.bed']
# loglevel                                : 1
# nbuckets                                : 100000
# null                                    : default
# num_samples                             : 1000
# num_threads                             : 0
# output_bed                              : []
# output_counts_pattern                   : None
# output_filename_pattern                 : %s
# output_force                            : False
# output_order                            : fold
# output_plots_pattern                    : None
# output_samples_pattern                  : None
# output_stats                            : []
# output_tables_pattern                   : %s.tsv.gz
# overlapping_annotations                 : False
# pseudo_count                            : 1.0
# pvalue_method                           : empirical
# qvalue_lambda                           : None
# qvalue_method                           : BH
# qvalue_pi0_method                       : smoother
# random_seed                             : None
# restrict_workspace                      : False
# sample_files                            : []
# sampler                                 : annotator
# segment_files                           : ['analysis/20220622_LocationPatterns/GATfiles/Segments/LFNAHR_Med.bed']
# shift_expansion                         : 2.0
# shift_extension                         : 0
# short_help                              : None
# stderr                                  : <_io.TextIOWrapper name='<stderr>' mode='w' encoding='utf-8'>
# stdin                                   : <_io.TextIOWrapper name='<stdin>' mode='r' encoding='utf-8'>
# stdlog                                  : <_io.TextIOWrapper name='analysis/20220622_LocationPatterns/GATresults/NAHR_Med/log/LFNAHR_Med_annotations_avgBherer.log' mode='a' encoding='UTF-8'>
# stdout                                  : <_io.TextIOWrapper name='analysis/20220622_LocationPatterns/GATresults/NAHR_Med/tsv/LFNAHR_Med_annotations_avgBherer.tsv' mode='w' encoding='UTF-8'>
# timeit_file                             : None
# timeit_header                           : None
# timeit_name                             : all
# truncate_segments_to_workspace          : False
# truncate_workspace_to_annotations       : False
# workspace_files                         : ['analysis/20220622_LocationPatterns/GATfiles/Workspace/workspace_avgBherer.bed']
2022-06-22 23:22:09,562 INFO segments: reading tracks from 1 files
2022-06-22 23:22:09,563 INFO segments: read 1 tracks from 1 files
2022-06-22 23:22:09,563 INFO annotations: reading tracks from 1 files
2022-06-22 23:22:09,842 INFO annotations: read 6 tracks from 1 files
2022-06-22 23:22:09,846 INFO workspaces: reading tracks from 1 files
2022-06-22 23:22:09,846 INFO workspaces: read 1 tracks from 1 files
2022-06-22 23:22:09,846 INFO collapsing workspaces
2022-06-22 23:22:09,846 INFO isochores: reading isochores from 1 files
2022-06-22 23:22:09,848 INFO intervals loaded in 0 seconds
2022-06-22 23:22:09,849 INFO adding isochores to workspace
2022-06-22 23:22:09,851 INFO collecting observed counts
2022-06-22 23:22:09,852 INFO starting sampling
2022-06-22 23:22:09,852 INFO sampling: merged: 1/1
2022-06-22 23:22:09,852 INFO performing unconditional sampling
2022-06-22 23:22:09,857 INFO workspace without conditioning: 1090 segments, 2678195140 nucleotides
2022-06-22 23:22:09,858 INFO workspace after conditioning: 1090 segments, 2678195140 nucleotides
2022-06-22 23:22:09,858 INFO sampling started
2022-06-22 23:22:09,862 INFO 0/1000 done ( 0.00)
2022-06-22 23:22:10,080 INFO 100/1000 done (10.00)
2022-06-22 23:22:10,293 INFO 200/1000 done (20.00)
2022-06-22 23:22:10,510 INFO 300/1000 done (30.00)
2022-06-22 23:22:10,725 INFO 400/1000 done (40.00)
2022-06-22 23:22:10,945 INFO 500/1000 done (50.00)
2022-06-22 23:22:11,158 INFO 600/1000 done (60.00)
2022-06-22 23:22:11,371 INFO 700/1000 done (70.00)
2022-06-22 23:22:11,594 INFO 800/1000 done (80.00)
2022-06-22 23:22:11,809 INFO 900/1000 done (90.00)
2022-06-22 23:22:12,025 INFO sampling completed
2022-06-22 23:22:12,027 INFO sampling finished
2022-06-22 23:22:12,027 INFO computing PValue statistics
2022-06-22 23:22:12,030 INFO computing FDR statistics
# job finished in 2 seconds at Wed Jun 22 23:22:12 2022 --  3.21  0.05  0.00  0.00 -- 6f672a9d-a7fb-4667-b390-48c1acb2afeb
# output generated by /home/rgomez/anaconda3/bin/gat-run.py --segments=analysis/20220622_LocationPatterns/GATfiles/Segments/LFNAHR_Med.bed --isochores=analysis/20220622_LocationPatterns/GATfiles/Isochores/isochores_NAHR_Med.bed --annotations=analysis/20220622_LocationPatterns/GATfiles/Annotations/annotations_avgBherer.bed --workspace=analysis/20220622_LocationPatterns/GATfiles/Workspace/workspace_avgBherer.bed --num-samples=1000 --log=analysis/20220622_LocationPatterns/GATresults/NAHR_Med/log/LFNAHR_Med_annotations_avgBherer.log --stdout=analysis/20220622_LocationPatterns/GATresults/NAHR_Med/tsv/LFNAHR_Med_annotations_avgBherer.tsv
# job started at Wed Jun 22 23:23:58 2022 on rgomez-pc -- da2b4e4c-0a98-4deb-b1ea-9461b33eddf6
# pid: 28055, system: Linux 5.3.0-7648-generic #41~1586790036~18.04~600aeb5-Ubuntu SMP Mon Apr 13 17:47:15 UTC  x86_64
# annotation_files                        : ['analysis/20220622_LocationPatterns/GATfiles/Annotations/annotations_avgBherer.bed']
# annotations_label                       : None
# annotations_to_points                   : None
# bucket_size                             : 0
# cache                                   : None
# conditional                             : unconditional
# conditional_expansion                   : None
# conditional_extension                   : None
# counters                                : []
# enable_split_tracks                     : False
# ignore_segment_tracks                   : True
# input_filename_counts                   : None
# input_filename_descriptions             : None
# input_filename_results                  : None
# isochore_files                          : ['analysis/20220622_LocationPatterns/GATfiles/Isochores/isochores_NAHR_Med.bed']
# loglevel                                : 1
# nbuckets                                : 100000
# null                                    : default
# num_samples                             : 1000
# num_threads                             : 0
# output_bed                              : []
# output_counts_pattern                   : None
# output_filename_pattern                 : %s
# output_force                            : False
# output_order                            : fold
# output_plots_pattern                    : None
# output_samples_pattern                  : None
# output_stats                            : []
# output_tables_pattern                   : %s.tsv.gz
# overlapping_annotations                 : False
# pseudo_count                            : 1.0
# pvalue_method                           : empirical
# qvalue_lambda                           : None
# qvalue_method                           : BH
# qvalue_pi0_method                       : smoother
# random_seed                             : None
# restrict_workspace                      : False
# sample_files                            : []
# sampler                                 : annotator
# segment_files                           : ['analysis/20220622_LocationPatterns/GATfiles/Segments/LFNAHR_Med.bed']
# shift_expansion                         : 2.0
# shift_extension                         : 0
# short_help                              : None
# stderr                                  : <_io.TextIOWrapper name='<stderr>' mode='w' encoding='utf-8'>
# stdin                                   : <_io.TextIOWrapper name='<stdin>' mode='r' encoding='utf-8'>
# stdlog                                  : <_io.TextIOWrapper name='analysis/20220622_LocationPatterns/GATresults/NAHR_Med/log/LFNAHR_Med_annotations_avgBherer.log' mode='a' encoding='UTF-8'>
# stdout                                  : <_io.TextIOWrapper name='analysis/20220622_LocationPatterns/GATresults/NAHR_Med/tsv/LFNAHR_Med_annotations_avgBherer.tsv' mode='w' encoding='UTF-8'>
# timeit_file                             : None
# timeit_header                           : None
# timeit_name                             : all
# truncate_segments_to_workspace          : False
# truncate_workspace_to_annotations       : False
# workspace_files                         : ['analysis/20220622_LocationPatterns/GATfiles/Workspace/workspace_avgBherer.bed']
2022-06-22 23:23:58,133 INFO segments: reading tracks from 1 files
2022-06-22 23:23:58,134 INFO segments: read 1 tracks from 1 files
2022-06-22 23:23:58,134 INFO annotations: reading tracks from 1 files
2022-06-22 23:23:58,434 INFO annotations: read 6 tracks from 1 files
2022-06-22 23:23:58,439 INFO workspaces: reading tracks from 1 files
2022-06-22 23:23:58,440 INFO workspaces: read 1 tracks from 1 files
2022-06-22 23:23:58,440 INFO collapsing workspaces
2022-06-22 23:23:58,440 INFO isochores: reading isochores from 1 files
2022-06-22 23:23:58,442 INFO intervals loaded in 0 seconds
2022-06-22 23:23:58,442 INFO adding isochores to workspace
2022-06-22 23:23:58,446 INFO collecting observed counts
2022-06-22 23:23:58,446 INFO starting sampling
2022-06-22 23:23:58,446 INFO sampling: merged: 1/1
2022-06-22 23:23:58,446 INFO performing unconditional sampling
2022-06-22 23:23:58,453 INFO workspace without conditioning: 1090 segments, 2678195140 nucleotides
2022-06-22 23:23:58,453 INFO workspace after conditioning: 1090 segments, 2678195140 nucleotides
2022-06-22 23:23:58,454 INFO sampling started
2022-06-22 23:23:58,458 INFO 0/1000 done ( 0.00)
2022-06-22 23:23:58,653 INFO 100/1000 done (10.00)
2022-06-22 23:23:58,837 INFO 200/1000 done (20.00)
2022-06-22 23:23:59,033 INFO 300/1000 done (30.00)
2022-06-22 23:23:59,211 INFO 400/1000 done (40.00)
2022-06-22 23:23:59,371 INFO 500/1000 done (50.00)
2022-06-22 23:23:59,530 INFO 600/1000 done (60.00)
2022-06-22 23:23:59,687 INFO 700/1000 done (70.00)
2022-06-22 23:23:59,863 INFO 800/1000 done (80.00)
2022-06-22 23:24:00,047 INFO 900/1000 done (90.00)
2022-06-22 23:24:00,228 INFO sampling completed
2022-06-22 23:24:00,229 INFO sampling finished
2022-06-22 23:24:00,229 INFO computing PValue statistics
2022-06-22 23:24:00,234 INFO computing FDR statistics
# job finished in 2 seconds at Wed Jun 22 23:24:00 2022 --  2.83  0.05  0.00  0.00 -- da2b4e4c-0a98-4deb-b1ea-9461b33eddf6
# output generated by /home/rgomez/anaconda3/bin/gat-run.py --segments=analysis/20220622_LocationPatterns/GATfiles/Segments/LFNAHR_Med.bed --isochores=analysis/20220622_LocationPatterns/GATfiles/Isochores/isochores_NAHR_Med.bed --annotations=analysis/20220622_LocationPatterns/GATfiles/Annotations/annotations_avgBherer.bed --workspace=analysis/20220622_LocationPatterns/GATfiles/Workspace/workspace_avgBherer.bed --num-samples=1000 --log=analysis/20220622_LocationPatterns/GATresults/NAHR_Med/log/LFNAHR_Med_annotations_avgBherer.log --stdout=analysis/20220622_LocationPatterns/GATresults/NAHR_Med/tsv/LFNAHR_Med_annotations_avgBherer.tsv
# job started at Wed Jun 22 23:24:54 2022 on rgomez-pc -- e80c7c40-a422-433f-afd6-46cc307385b1
# pid: 28200, system: Linux 5.3.0-7648-generic #41~1586790036~18.04~600aeb5-Ubuntu SMP Mon Apr 13 17:47:15 UTC  x86_64
# annotation_files                        : ['analysis/20220622_LocationPatterns/GATfiles/Annotations/annotations_avgBherer.bed']
# annotations_label                       : None
# annotations_to_points                   : None
# bucket_size                             : 0
# cache                                   : None
# conditional                             : unconditional
# conditional_expansion                   : None
# conditional_extension                   : None
# counters                                : []
# enable_split_tracks                     : False
# ignore_segment_tracks                   : True
# input_filename_counts                   : None
# input_filename_descriptions             : None
# input_filename_results                  : None
# isochore_files                          : ['analysis/20220622_LocationPatterns/GATfiles/Isochores/isochores_NAHR_Med.bed']
# loglevel                                : 1
# nbuckets                                : 100000
# null                                    : default
# num_samples                             : 1000
# num_threads                             : 0
# output_bed                              : []
# output_counts_pattern                   : None
# output_filename_pattern                 : %s
# output_force                            : False
# output_order                            : fold
# output_plots_pattern                    : None
# output_samples_pattern                  : None
# output_stats                            : []
# output_tables_pattern                   : %s.tsv.gz
# overlapping_annotations                 : False
# pseudo_count                            : 1.0
# pvalue_method                           : empirical
# qvalue_lambda                           : None
# qvalue_method                           : BH
# qvalue_pi0_method                       : smoother
# random_seed                             : None
# restrict_workspace                      : False
# sample_files                            : []
# sampler                                 : annotator
# segment_files                           : ['analysis/20220622_LocationPatterns/GATfiles/Segments/LFNAHR_Med.bed']
# shift_expansion                         : 2.0
# shift_extension                         : 0
# short_help                              : None
# stderr                                  : <_io.TextIOWrapper name='<stderr>' mode='w' encoding='utf-8'>
# stdin                                   : <_io.TextIOWrapper name='<stdin>' mode='r' encoding='utf-8'>
# stdlog                                  : <_io.TextIOWrapper name='analysis/20220622_LocationPatterns/GATresults/NAHR_Med/log/LFNAHR_Med_annotations_avgBherer.log' mode='a' encoding='UTF-8'>
# stdout                                  : <_io.TextIOWrapper name='analysis/20220622_LocationPatterns/GATresults/NAHR_Med/tsv/LFNAHR_Med_annotations_avgBherer.tsv' mode='w' encoding='UTF-8'>
# timeit_file                             : None
# timeit_header                           : None
# timeit_name                             : all
# truncate_segments_to_workspace          : False
# truncate_workspace_to_annotations       : False
# workspace_files                         : ['analysis/20220622_LocationPatterns/GATfiles/Workspace/workspace_avgBherer.bed']
2022-06-22 23:24:54,867 INFO segments: reading tracks from 1 files
2022-06-22 23:24:54,867 INFO segments: read 1 tracks from 1 files
2022-06-22 23:24:54,867 INFO annotations: reading tracks from 1 files
2022-06-22 23:24:55,147 INFO annotations: read 6 tracks from 1 files
2022-06-22 23:24:55,150 INFO workspaces: reading tracks from 1 files
2022-06-22 23:24:55,151 INFO workspaces: read 1 tracks from 1 files
2022-06-22 23:24:55,151 INFO collapsing workspaces
2022-06-22 23:24:55,151 INFO isochores: reading isochores from 1 files
2022-06-22 23:24:55,153 INFO intervals loaded in 0 seconds
2022-06-22 23:24:55,153 INFO adding isochores to workspace
2022-06-22 23:24:55,156 INFO collecting observed counts
2022-06-22 23:24:55,156 INFO starting sampling
2022-06-22 23:24:55,156 INFO sampling: merged: 1/1
2022-06-22 23:24:55,156 INFO performing unconditional sampling
2022-06-22 23:24:55,162 INFO workspace without conditioning: 1090 segments, 2678195140 nucleotides
2022-06-22 23:24:55,162 INFO workspace after conditioning: 1090 segments, 2678195140 nucleotides
2022-06-22 23:24:55,162 INFO sampling started
2022-06-22 23:24:55,164 INFO 0/1000 done ( 0.00)
2022-06-22 23:24:55,288 INFO 100/1000 done (10.00)
2022-06-22 23:24:55,415 INFO 200/1000 done (20.00)
2022-06-22 23:24:55,542 INFO 300/1000 done (30.00)
2022-06-22 23:24:55,667 INFO 400/1000 done (40.00)
2022-06-22 23:24:55,793 INFO 500/1000 done (50.00)
2022-06-22 23:24:55,918 INFO 600/1000 done (60.00)
2022-06-22 23:24:56,047 INFO 700/1000 done (70.00)
2022-06-22 23:24:56,177 INFO 800/1000 done (80.00)
2022-06-22 23:24:56,303 INFO 900/1000 done (90.00)
2022-06-22 23:24:56,428 INFO sampling completed
2022-06-22 23:24:56,429 INFO sampling finished
2022-06-22 23:24:56,429 INFO computing PValue statistics
2022-06-22 23:24:56,433 INFO computing FDR statistics
# job finished in 1 seconds at Wed Jun 22 23:24:56 2022 --  2.33  0.03  0.00  0.00 -- e80c7c40-a422-433f-afd6-46cc307385b1
# output generated by /home/rgomez/anaconda3/bin/gat-run.py --segments=analysis/20220622_LocationPatterns/GATfiles/Segments/LFNAHR_Med.bed --isochores=analysis/20220622_LocationPatterns/GATfiles/Isochores/isochores_NAHR_Med.bed --annotations=analysis/20220622_LocationPatterns/GATfiles/Annotations/annotations_avgBherer.bed --workspace=analysis/20220622_LocationPatterns/GATfiles/Workspace/workspace_avgBherer.bed --num-samples=1000 --log=analysis/20220622_LocationPatterns/GATresults/NAHR_Med/log/LFNAHR_Med_annotations_avgBherer.log --stdout=analysis/20220622_LocationPatterns/GATresults/NAHR_Med/tsv/LFNAHR_Med_annotations_avgBherer.tsv
# job started at Wed Jun 22 23:26:25 2022 on rgomez-pc -- aa81cbdc-2e03-4ac5-b4aa-4369f7c98edd
# pid: 28385, system: Linux 5.3.0-7648-generic #41~1586790036~18.04~600aeb5-Ubuntu SMP Mon Apr 13 17:47:15 UTC  x86_64
# annotation_files                        : ['analysis/20220622_LocationPatterns/GATfiles/Annotations/annotations_avgBherer.bed']
# annotations_label                       : None
# annotations_to_points                   : None
# bucket_size                             : 0
# cache                                   : None
# conditional                             : unconditional
# conditional_expansion                   : None
# conditional_extension                   : None
# counters                                : []
# enable_split_tracks                     : False
# ignore_segment_tracks                   : True
# input_filename_counts                   : None
# input_filename_descriptions             : None
# input_filename_results                  : None
# isochore_files                          : ['analysis/20220622_LocationPatterns/GATfiles/Isochores/isochores_NAHR_Med.bed']
# loglevel                                : 1
# nbuckets                                : 100000
# null                                    : default
# num_samples                             : 1000
# num_threads                             : 0
# output_bed                              : []
# output_counts_pattern                   : None
# output_filename_pattern                 : %s
# output_force                            : False
# output_order                            : fold
# output_plots_pattern                    : None
# output_samples_pattern                  : None
# output_stats                            : []
# output_tables_pattern                   : %s.tsv.gz
# overlapping_annotations                 : False
# pseudo_count                            : 1.0
# pvalue_method                           : empirical
# qvalue_lambda                           : None
# qvalue_method                           : BH
# qvalue_pi0_method                       : smoother
# random_seed                             : None
# restrict_workspace                      : False
# sample_files                            : []
# sampler                                 : annotator
# segment_files                           : ['analysis/20220622_LocationPatterns/GATfiles/Segments/LFNAHR_Med.bed']
# shift_expansion                         : 2.0
# shift_extension                         : 0
# short_help                              : None
# stderr                                  : <_io.TextIOWrapper name='<stderr>' mode='w' encoding='utf-8'>
# stdin                                   : <_io.TextIOWrapper name='<stdin>' mode='r' encoding='utf-8'>
# stdlog                                  : <_io.TextIOWrapper name='analysis/20220622_LocationPatterns/GATresults/NAHR_Med/log/LFNAHR_Med_annotations_avgBherer.log' mode='a' encoding='UTF-8'>
# stdout                                  : <_io.TextIOWrapper name='analysis/20220622_LocationPatterns/GATresults/NAHR_Med/tsv/LFNAHR_Med_annotations_avgBherer.tsv' mode='w' encoding='UTF-8'>
# timeit_file                             : None
# timeit_header                           : None
# timeit_name                             : all
# truncate_segments_to_workspace          : False
# truncate_workspace_to_annotations       : False
# workspace_files                         : ['analysis/20220622_LocationPatterns/GATfiles/Workspace/workspace_avgBherer.bed']
2022-06-22 23:26:25,220 INFO segments: reading tracks from 1 files
2022-06-22 23:26:25,220 INFO segments: read 1 tracks from 1 files
2022-06-22 23:26:25,220 INFO annotations: reading tracks from 1 files
2022-06-22 23:26:25,489 INFO annotations: read 6 tracks from 1 files
2022-06-22 23:26:25,493 INFO workspaces: reading tracks from 1 files
2022-06-22 23:26:25,493 INFO workspaces: read 1 tracks from 1 files
2022-06-22 23:26:25,493 INFO collapsing workspaces
2022-06-22 23:26:25,493 INFO isochores: reading isochores from 1 files
2022-06-22 23:26:25,495 INFO intervals loaded in 0 seconds
2022-06-22 23:26:25,495 INFO adding isochores to workspace
2022-06-22 23:26:25,498 INFO collecting observed counts
2022-06-22 23:26:25,498 INFO starting sampling
2022-06-22 23:26:25,498 INFO sampling: merged: 1/1
2022-06-22 23:26:25,499 INFO performing unconditional sampling
2022-06-22 23:26:25,504 INFO workspace without conditioning: 1090 segments, 2678195140 nucleotides
2022-06-22 23:26:25,504 INFO workspace after conditioning: 1090 segments, 2678195140 nucleotides
2022-06-22 23:26:25,505 INFO sampling started
2022-06-22 23:26:25,507 INFO 0/1000 done ( 0.00)
2022-06-22 23:26:25,636 INFO 100/1000 done (10.00)
2022-06-22 23:26:25,764 INFO 200/1000 done (20.00)
2022-06-22 23:26:25,891 INFO 300/1000 done (30.00)
2022-06-22 23:26:26,018 INFO 400/1000 done (40.00)
2022-06-22 23:26:26,146 INFO 500/1000 done (50.00)
2022-06-22 23:26:26,274 INFO 600/1000 done (60.00)
2022-06-22 23:26:26,401 INFO 700/1000 done (70.00)
2022-06-22 23:26:26,532 INFO 800/1000 done (80.00)
2022-06-22 23:26:26,661 INFO 900/1000 done (90.00)
2022-06-22 23:26:26,787 INFO sampling completed
2022-06-22 23:26:26,788 INFO sampling finished
2022-06-22 23:26:26,788 INFO computing PValue statistics
2022-06-22 23:26:26,792 INFO computing FDR statistics
# job finished in 1 seconds at Wed Jun 22 23:26:26 2022 --  2.29  0.05  0.00  0.00 -- aa81cbdc-2e03-4ac5-b4aa-4369f7c98edd
# output generated by /home/rgomez/anaconda3/bin/gat-run.py --segments=analysis/20220622_LocationPatterns/GATfiles/Segments/LFNAHR_Med.bed --isochores=analysis/20220622_LocationPatterns/GATfiles/Isochores/isochores_NAHR_Med.bed --annotations=analysis/20220622_LocationPatterns/GATfiles/Annotations/annotations_avgBherer.bed --workspace=analysis/20220622_LocationPatterns/GATfiles/Workspace/workspace_avgBherer.bed --num-samples=1000 --log=analysis/20220622_LocationPatterns/GATresults/NAHR_Med/log/LFNAHR_Med_annotations_avgBherer.log --stdout=analysis/20220622_LocationPatterns/GATresults/NAHR_Med/tsv/LFNAHR_Med_annotations_avgBherer.tsv
# job started at Wed Jun 22 23:31:09 2022 on rgomez-pc -- df6e3690-500d-4865-97b2-a7f203d564c6
# pid: 28635, system: Linux 5.3.0-7648-generic #41~1586790036~18.04~600aeb5-Ubuntu SMP Mon Apr 13 17:47:15 UTC  x86_64
# annotation_files                        : ['analysis/20220622_LocationPatterns/GATfiles/Annotations/annotations_avgBherer.bed']
# annotations_label                       : None
# annotations_to_points                   : None
# bucket_size                             : 0
# cache                                   : None
# conditional                             : unconditional
# conditional_expansion                   : None
# conditional_extension                   : None
# counters                                : []
# enable_split_tracks                     : False
# ignore_segment_tracks                   : True
# input_filename_counts                   : None
# input_filename_descriptions             : None
# input_filename_results                  : None
# isochore_files                          : ['analysis/20220622_LocationPatterns/GATfiles/Isochores/isochores_NAHR_Med.bed']
# loglevel                                : 1
# nbuckets                                : 100000
# null                                    : default
# num_samples                             : 1000
# num_threads                             : 0
# output_bed                              : []
# output_counts_pattern                   : None
# output_filename_pattern                 : %s
# output_force                            : False
# output_order                            : fold
# output_plots_pattern                    : None
# output_samples_pattern                  : None
# output_stats                            : []
# output_tables_pattern                   : %s.tsv.gz
# overlapping_annotations                 : False
# pseudo_count                            : 1.0
# pvalue_method                           : empirical
# qvalue_lambda                           : None
# qvalue_method                           : BH
# qvalue_pi0_method                       : smoother
# random_seed                             : None
# restrict_workspace                      : False
# sample_files                            : []
# sampler                                 : annotator
# segment_files                           : ['analysis/20220622_LocationPatterns/GATfiles/Segments/LFNAHR_Med.bed']
# shift_expansion                         : 2.0
# shift_extension                         : 0
# short_help                              : None
# stderr                                  : <_io.TextIOWrapper name='<stderr>' mode='w' encoding='utf-8'>
# stdin                                   : <_io.TextIOWrapper name='<stdin>' mode='r' encoding='utf-8'>
# stdlog                                  : <_io.TextIOWrapper name='analysis/20220622_LocationPatterns/GATresults/NAHR_Med/log/LFNAHR_Med_annotations_avgBherer.log' mode='a' encoding='UTF-8'>
# stdout                                  : <_io.TextIOWrapper name='analysis/20220622_LocationPatterns/GATresults/NAHR_Med/tsv/LFNAHR_Med_annotations_avgBherer.tsv' mode='w' encoding='UTF-8'>
# timeit_file                             : None
# timeit_header                           : None
# timeit_name                             : all
# truncate_segments_to_workspace          : False
# truncate_workspace_to_annotations       : False
# workspace_files                         : ['analysis/20220622_LocationPatterns/GATfiles/Workspace/workspace_avgBherer.bed']
2022-06-22 23:31:09,442 INFO segments: reading tracks from 1 files
2022-06-22 23:31:09,442 INFO segments: read 1 tracks from 1 files
2022-06-22 23:31:09,442 INFO annotations: reading tracks from 1 files
2022-06-22 23:31:09,708 INFO annotations: read 6 tracks from 1 files
2022-06-22 23:31:09,712 INFO workspaces: reading tracks from 1 files
2022-06-22 23:31:09,712 INFO workspaces: read 1 tracks from 1 files
2022-06-22 23:31:09,712 INFO collapsing workspaces
2022-06-22 23:31:09,712 INFO isochores: reading isochores from 1 files
2022-06-22 23:31:09,714 INFO intervals loaded in 0 seconds
2022-06-22 23:31:09,714 INFO adding isochores to workspace
2022-06-22 23:31:09,717 INFO collecting observed counts
2022-06-22 23:31:09,717 INFO starting sampling
2022-06-22 23:31:09,717 INFO sampling: merged: 1/1
2022-06-22 23:31:09,717 INFO performing unconditional sampling
2022-06-22 23:31:09,723 INFO workspace without conditioning: 1090 segments, 2678195140 nucleotides
2022-06-22 23:31:09,723 INFO workspace after conditioning: 1090 segments, 2678195140 nucleotides
2022-06-22 23:31:09,724 INFO sampling started
2022-06-22 23:31:09,726 INFO 0/1000 done ( 0.00)
2022-06-22 23:31:09,888 INFO 100/1000 done (10.00)
2022-06-22 23:31:10,049 INFO 200/1000 done (20.00)
2022-06-22 23:31:10,215 INFO 300/1000 done (30.00)
2022-06-22 23:31:10,380 INFO 400/1000 done (40.00)
2022-06-22 23:31:10,552 INFO 500/1000 done (50.00)
2022-06-22 23:31:10,715 INFO 600/1000 done (60.00)
2022-06-22 23:31:10,879 INFO 700/1000 done (70.00)
2022-06-22 23:31:11,042 INFO 800/1000 done (80.00)
2022-06-22 23:31:11,212 INFO 900/1000 done (90.00)
2022-06-22 23:31:11,373 INFO sampling completed
2022-06-22 23:31:11,374 INFO sampling finished
2022-06-22 23:31:11,374 INFO computing PValue statistics
2022-06-22 23:31:11,378 INFO computing FDR statistics
# job finished in 1 seconds at Wed Jun 22 23:31:11 2022 --  2.68  0.04  0.00  0.00 -- df6e3690-500d-4865-97b2-a7f203d564c6
# output generated by /home/rgomez/anaconda3/bin/gat-run.py --segments=analysis/20220622_LocationPatterns/GATfiles/Segments/LFNAHR_Med.bed --isochores=analysis/20220622_LocationPatterns/GATfiles/Isochores/isochores_NAHR_Med.bed --annotations=analysis/20220622_LocationPatterns/GATfiles/Annotations/annotations_avgBherer.bed --workspace=analysis/20220622_LocationPatterns/GATfiles/Workspace/workspace_avgBherer.bed --num-samples=1000 --log=analysis/20220622_LocationPatterns/GATresults/NAHR_Med/log/LFNAHR_Med_annotations_avgBherer.log --stdout=analysis/20220622_LocationPatterns/GATresults/NAHR_Med/tsv/LFNAHR_Med_annotations_avgBherer.tsv
# job started at Wed Jun 22 23:32:39 2022 on rgomez-pc -- e63a87e4-85ae-4421-aed5-c18083b22b9c
# pid: 28809, system: Linux 5.3.0-7648-generic #41~1586790036~18.04~600aeb5-Ubuntu SMP Mon Apr 13 17:47:15 UTC  x86_64
# annotation_files                        : ['analysis/20220622_LocationPatterns/GATfiles/Annotations/annotations_avgBherer.bed']
# annotations_label                       : None
# annotations_to_points                   : None
# bucket_size                             : 0
# cache                                   : None
# conditional                             : unconditional
# conditional_expansion                   : None
# conditional_extension                   : None
# counters                                : []
# enable_split_tracks                     : False
# ignore_segment_tracks                   : True
# input_filename_counts                   : None
# input_filename_descriptions             : None
# input_filename_results                  : None
# isochore_files                          : ['analysis/20220622_LocationPatterns/GATfiles/Isochores/isochores_NAHR_Med.bed']
# loglevel                                : 1
# nbuckets                                : 100000
# null                                    : default
# num_samples                             : 1000
# num_threads                             : 0
# output_bed                              : []
# output_counts_pattern                   : None
# output_filename_pattern                 : %s
# output_force                            : False
# output_order                            : fold
# output_plots_pattern                    : None
# output_samples_pattern                  : None
# output_stats                            : []
# output_tables_pattern                   : %s.tsv.gz
# overlapping_annotations                 : False
# pseudo_count                            : 1.0
# pvalue_method                           : empirical
# qvalue_lambda                           : None
# qvalue_method                           : BH
# qvalue_pi0_method                       : smoother
# random_seed                             : None
# restrict_workspace                      : False
# sample_files                            : []
# sampler                                 : annotator
# segment_files                           : ['analysis/20220622_LocationPatterns/GATfiles/Segments/LFNAHR_Med.bed']
# shift_expansion                         : 2.0
# shift_extension                         : 0
# short_help                              : None
# stderr                                  : <_io.TextIOWrapper name='<stderr>' mode='w' encoding='utf-8'>
# stdin                                   : <_io.TextIOWrapper name='<stdin>' mode='r' encoding='utf-8'>
# stdlog                                  : <_io.TextIOWrapper name='analysis/20220622_LocationPatterns/GATresults/NAHR_Med/log/LFNAHR_Med_annotations_avgBherer.log' mode='a' encoding='UTF-8'>
# stdout                                  : <_io.TextIOWrapper name='analysis/20220622_LocationPatterns/GATresults/NAHR_Med/tsv/LFNAHR_Med_annotations_avgBherer.tsv' mode='w' encoding='UTF-8'>
# timeit_file                             : None
# timeit_header                           : None
# timeit_name                             : all
# truncate_segments_to_workspace          : False
# truncate_workspace_to_annotations       : False
# workspace_files                         : ['analysis/20220622_LocationPatterns/GATfiles/Workspace/workspace_avgBherer.bed']
2022-06-22 23:32:39,953 INFO segments: reading tracks from 1 files
2022-06-22 23:32:39,953 INFO segments: read 1 tracks from 1 files
2022-06-22 23:32:39,953 INFO annotations: reading tracks from 1 files
2022-06-22 23:32:40,220 INFO annotations: read 6 tracks from 1 files
2022-06-22 23:32:40,223 INFO workspaces: reading tracks from 1 files
2022-06-22 23:32:40,224 INFO workspaces: read 1 tracks from 1 files
2022-06-22 23:32:40,224 INFO collapsing workspaces
2022-06-22 23:32:40,224 INFO isochores: reading isochores from 1 files
2022-06-22 23:32:40,226 INFO intervals loaded in 0 seconds
2022-06-22 23:32:40,226 INFO adding isochores to workspace
2022-06-22 23:32:40,229 INFO collecting observed counts
2022-06-22 23:32:40,229 INFO starting sampling
2022-06-22 23:32:40,229 INFO sampling: merged: 1/1
2022-06-22 23:32:40,229 INFO performing unconditional sampling
2022-06-22 23:32:40,237 INFO workspace without conditioning: 1090 segments, 2678195140 nucleotides
2022-06-22 23:32:40,237 INFO workspace after conditioning: 1090 segments, 2678195140 nucleotides
2022-06-22 23:32:40,237 INFO sampling started
2022-06-22 23:32:40,240 INFO 0/1000 done ( 0.00)
2022-06-22 23:32:40,405 INFO 100/1000 done (10.00)
2022-06-22 23:32:40,567 INFO 200/1000 done (20.00)
2022-06-22 23:32:40,731 INFO 300/1000 done (30.00)
2022-06-22 23:32:40,898 INFO 400/1000 done (40.00)
2022-06-22 23:32:41,063 INFO 500/1000 done (50.00)
2022-06-22 23:32:41,225 INFO 600/1000 done (60.00)
2022-06-22 23:32:41,393 INFO 700/1000 done (70.00)
2022-06-22 23:32:41,558 INFO 800/1000 done (80.00)
2022-06-22 23:32:41,725 INFO 900/1000 done (90.00)
2022-06-22 23:32:41,890 INFO sampling completed
2022-06-22 23:32:41,891 INFO sampling finished
2022-06-22 23:32:41,891 INFO computing PValue statistics
2022-06-22 23:32:41,895 INFO computing FDR statistics
# job finished in 1 seconds at Wed Jun 22 23:32:41 2022 --  2.67  0.04  0.00  0.00 -- e63a87e4-85ae-4421-aed5-c18083b22b9c
# output generated by /home/rgomez/anaconda3/bin/gat-run.py --segments=analysis/20220622_LocationPatterns/GATfiles/Segments/LFNAHR_Med.bed --isochores=analysis/20220622_LocationPatterns/GATfiles/Isochores/isochores_NAHR_Med.bed --annotations=analysis/20220622_LocationPatterns/GATfiles/Annotations/annotations_avgBherer.bed --workspace=analysis/20220622_LocationPatterns/GATfiles/Workspace/workspace_avgBherer.bed --num-samples=1000 --log=analysis/20220622_LocationPatterns/GATresults/NAHR_Med/log/LFNAHR_Med_annotations_avgBherer.log --stdout=analysis/20220622_LocationPatterns/GATresults/NAHR_Med/tsv/LFNAHR_Med_annotations_avgBherer.tsv
# job started at Wed Jun 22 23:37:09 2022 on rgomez-pc -- ed3144d3-9ce3-46a5-b755-074d51234c2b
# pid: 29032, system: Linux 5.3.0-7648-generic #41~1586790036~18.04~600aeb5-Ubuntu SMP Mon Apr 13 17:47:15 UTC  x86_64
# annotation_files                        : ['analysis/20220622_LocationPatterns/GATfiles/Annotations/annotations_avgBherer.bed']
# annotations_label                       : None
# annotations_to_points                   : None
# bucket_size                             : 0
# cache                                   : None
# conditional                             : unconditional
# conditional_expansion                   : None
# conditional_extension                   : None
# counters                                : []
# enable_split_tracks                     : False
# ignore_segment_tracks                   : True
# input_filename_counts                   : None
# input_filename_descriptions             : None
# input_filename_results                  : None
# isochore_files                          : ['analysis/20220622_LocationPatterns/GATfiles/Isochores/isochores_NAHR_Med.bed']
# loglevel                                : 1
# nbuckets                                : 100000
# null                                    : default
# num_samples                             : 1000
# num_threads                             : 0
# output_bed                              : []
# output_counts_pattern                   : None
# output_filename_pattern                 : %s
# output_force                            : False
# output_order                            : fold
# output_plots_pattern                    : None
# output_samples_pattern                  : None
# output_stats                            : []
# output_tables_pattern                   : %s.tsv.gz
# overlapping_annotations                 : False
# pseudo_count                            : 1.0
# pvalue_method                           : empirical
# qvalue_lambda                           : None
# qvalue_method                           : BH
# qvalue_pi0_method                       : smoother
# random_seed                             : None
# restrict_workspace                      : False
# sample_files                            : []
# sampler                                 : annotator
# segment_files                           : ['analysis/20220622_LocationPatterns/GATfiles/Segments/LFNAHR_Med.bed']
# shift_expansion                         : 2.0
# shift_extension                         : 0
# short_help                              : None
# stderr                                  : <_io.TextIOWrapper name='<stderr>' mode='w' encoding='utf-8'>
# stdin                                   : <_io.TextIOWrapper name='<stdin>' mode='r' encoding='utf-8'>
# stdlog                                  : <_io.TextIOWrapper name='analysis/20220622_LocationPatterns/GATresults/NAHR_Med/log/LFNAHR_Med_annotations_avgBherer.log' mode='a' encoding='UTF-8'>
# stdout                                  : <_io.TextIOWrapper name='analysis/20220622_LocationPatterns/GATresults/NAHR_Med/tsv/LFNAHR_Med_annotations_avgBherer.tsv' mode='w' encoding='UTF-8'>
# timeit_file                             : None
# timeit_header                           : None
# timeit_name                             : all
# truncate_segments_to_workspace          : False
# truncate_workspace_to_annotations       : False
# workspace_files                         : ['analysis/20220622_LocationPatterns/GATfiles/Workspace/workspace_avgBherer.bed']
2022-06-22 23:37:09,171 INFO segments: reading tracks from 1 files
2022-06-22 23:37:09,171 INFO segments: read 1 tracks from 1 files
2022-06-22 23:37:09,171 INFO annotations: reading tracks from 1 files
2022-06-22 23:37:09,472 INFO annotations: read 6 tracks from 1 files
2022-06-22 23:37:09,476 INFO workspaces: reading tracks from 1 files
2022-06-22 23:37:09,476 INFO workspaces: read 1 tracks from 1 files
2022-06-22 23:37:09,476 INFO collapsing workspaces
2022-06-22 23:37:09,476 INFO isochores: reading isochores from 1 files
2022-06-22 23:37:09,478 INFO intervals loaded in 0 seconds
2022-06-22 23:37:09,479 INFO adding isochores to workspace
2022-06-22 23:37:09,481 INFO collecting observed counts
2022-06-22 23:37:09,482 INFO starting sampling
2022-06-22 23:37:09,482 INFO sampling: merged: 1/1
2022-06-22 23:37:09,482 INFO performing unconditional sampling
2022-06-22 23:37:09,488 INFO workspace without conditioning: 1090 segments, 2678195140 nucleotides
2022-06-22 23:37:09,488 INFO workspace after conditioning: 1090 segments, 2678195140 nucleotides
2022-06-22 23:37:09,488 INFO sampling started
2022-06-22 23:37:09,490 INFO 0/1000 done ( 0.00)
2022-06-22 23:37:09,550 INFO 100/1000 done (10.00)
2022-06-22 23:37:09,612 INFO 200/1000 done (20.00)
2022-06-22 23:37:09,674 INFO 300/1000 done (30.00)
2022-06-22 23:37:09,735 INFO 400/1000 done (40.00)
2022-06-22 23:37:09,798 INFO 500/1000 done (50.00)
2022-06-22 23:37:09,862 INFO 600/1000 done (60.00)
2022-06-22 23:37:09,923 INFO 700/1000 done (70.00)
2022-06-22 23:37:09,987 INFO 800/1000 done (80.00)
2022-06-22 23:37:10,051 INFO 900/1000 done (90.00)
2022-06-22 23:37:10,112 INFO sampling completed
2022-06-22 23:37:10,113 INFO sampling finished
2022-06-22 23:37:10,113 INFO computing PValue statistics
2022-06-22 23:37:10,118 INFO computing FDR statistics
# job finished in 0 seconds at Wed Jun 22 23:37:10 2022 --  1.77  0.08  0.00  0.00 -- ed3144d3-9ce3-46a5-b755-074d51234c2b
# output generated by /home/rgomez/anaconda3/bin/gat-run.py --segments=analysis/20220622_LocationPatterns/GATfiles/Segments/LFNAHR_Med.bed --isochores=analysis/20220622_LocationPatterns/GATfiles/Isochores/isochores_NAHR_Med.bed --annotations=analysis/20220622_LocationPatterns/GATfiles/Annotations/annotations_avgBherer.bed --workspace=analysis/20220622_LocationPatterns/GATfiles/Workspace/workspace_avgBherer.bed --num-samples=1000 --log=analysis/20220622_LocationPatterns/GATresults/NAHR_Med/log/LFNAHR_Med_annotations_avgBherer.log --stdout=analysis/20220622_LocationPatterns/GATresults/NAHR_Med/tsv/LFNAHR_Med_annotations_avgBherer.tsv
# job started at Wed Jun 22 23:38:08 2022 on rgomez-pc -- b702b73b-d319-4082-951d-1d1dd324ffd9
# pid: 29163, system: Linux 5.3.0-7648-generic #41~1586790036~18.04~600aeb5-Ubuntu SMP Mon Apr 13 17:47:15 UTC  x86_64
# annotation_files                        : ['analysis/20220622_LocationPatterns/GATfiles/Annotations/annotations_avgBherer.bed']
# annotations_label                       : None
# annotations_to_points                   : None
# bucket_size                             : 0
# cache                                   : None
# conditional                             : unconditional
# conditional_expansion                   : None
# conditional_extension                   : None
# counters                                : []
# enable_split_tracks                     : False
# ignore_segment_tracks                   : True
# input_filename_counts                   : None
# input_filename_descriptions             : None
# input_filename_results                  : None
# isochore_files                          : ['analysis/20220622_LocationPatterns/GATfiles/Isochores/isochores_NAHR_Med.bed']
# loglevel                                : 1
# nbuckets                                : 100000
# null                                    : default
# num_samples                             : 1000
# num_threads                             : 0
# output_bed                              : []
# output_counts_pattern                   : None
# output_filename_pattern                 : %s
# output_force                            : False
# output_order                            : fold
# output_plots_pattern                    : None
# output_samples_pattern                  : None
# output_stats                            : []
# output_tables_pattern                   : %s.tsv.gz
# overlapping_annotations                 : False
# pseudo_count                            : 1.0
# pvalue_method                           : empirical
# qvalue_lambda                           : None
# qvalue_method                           : BH
# qvalue_pi0_method                       : smoother
# random_seed                             : None
# restrict_workspace                      : False
# sample_files                            : []
# sampler                                 : annotator
# segment_files                           : ['analysis/20220622_LocationPatterns/GATfiles/Segments/LFNAHR_Med.bed']
# shift_expansion                         : 2.0
# shift_extension                         : 0
# short_help                              : None
# stderr                                  : <_io.TextIOWrapper name='<stderr>' mode='w' encoding='utf-8'>
# stdin                                   : <_io.TextIOWrapper name='<stdin>' mode='r' encoding='utf-8'>
# stdlog                                  : <_io.TextIOWrapper name='analysis/20220622_LocationPatterns/GATresults/NAHR_Med/log/LFNAHR_Med_annotations_avgBherer.log' mode='a' encoding='UTF-8'>
# stdout                                  : <_io.TextIOWrapper name='analysis/20220622_LocationPatterns/GATresults/NAHR_Med/tsv/LFNAHR_Med_annotations_avgBherer.tsv' mode='w' encoding='UTF-8'>
# timeit_file                             : None
# timeit_header                           : None
# timeit_name                             : all
# truncate_segments_to_workspace          : False
# truncate_workspace_to_annotations       : False
# workspace_files                         : ['analysis/20220622_LocationPatterns/GATfiles/Workspace/workspace_avgBherer.bed']
2022-06-22 23:38:08,333 INFO segments: reading tracks from 1 files
2022-06-22 23:38:08,333 INFO segments: read 1 tracks from 1 files
2022-06-22 23:38:08,333 INFO annotations: reading tracks from 1 files
2022-06-22 23:38:08,615 INFO annotations: read 6 tracks from 1 files
2022-06-22 23:38:08,619 INFO workspaces: reading tracks from 1 files
2022-06-22 23:38:08,619 INFO workspaces: read 1 tracks from 1 files
2022-06-22 23:38:08,619 INFO collapsing workspaces
2022-06-22 23:38:08,619 INFO isochores: reading isochores from 1 files
2022-06-22 23:38:08,621 INFO intervals loaded in 0 seconds
2022-06-22 23:38:08,622 INFO adding isochores to workspace
2022-06-22 23:38:08,624 INFO collecting observed counts
2022-06-22 23:38:08,624 INFO starting sampling
2022-06-22 23:38:08,625 INFO sampling: merged: 1/1
2022-06-22 23:38:08,625 INFO performing unconditional sampling
2022-06-22 23:38:08,630 INFO workspace without conditioning: 1090 segments, 2678195140 nucleotides
2022-06-22 23:38:08,630 INFO workspace after conditioning: 1090 segments, 2678195140 nucleotides
2022-06-22 23:38:08,631 INFO sampling started
2022-06-22 23:38:08,632 INFO 0/1000 done ( 0.00)
2022-06-22 23:38:08,677 INFO 100/1000 done (10.00)
2022-06-22 23:38:08,721 INFO 200/1000 done (20.00)
2022-06-22 23:38:08,772 INFO 300/1000 done (30.00)
2022-06-22 23:38:08,818 INFO 400/1000 done (40.00)
2022-06-22 23:38:08,871 INFO 500/1000 done (50.00)
2022-06-22 23:38:08,919 INFO 600/1000 done (60.00)
2022-06-22 23:38:08,964 INFO 700/1000 done (70.00)
2022-06-22 23:38:09,008 INFO 800/1000 done (80.00)
2022-06-22 23:38:09,054 INFO 900/1000 done (90.00)
2022-06-22 23:38:09,097 INFO sampling completed
2022-06-22 23:38:09,098 INFO sampling finished
2022-06-22 23:38:09,098 INFO computing PValue statistics
2022-06-22 23:38:09,102 INFO computing FDR statistics
# job finished in 0 seconds at Wed Jun 22 23:38:09 2022 --  1.54  0.02  0.00  0.00 -- b702b73b-d319-4082-951d-1d1dd324ffd9
# output generated by /home/rgomez/anaconda3/bin/gat-run.py --segments=analysis/20220622_LocationPatterns/GATfiles/Segments/LFNAHR_Med.bed --isochores=analysis/20220622_LocationPatterns/GATfiles/Isochores/isochores_NAHR_Med.bed --annotations=analysis/20220622_LocationPatterns/GATfiles/Annotations/annotations_avgBherer.bed --workspace=analysis/20220622_LocationPatterns/GATfiles/Workspace/workspace_avgBherer.bed --num-samples=1000 --log=analysis/20220622_LocationPatterns/GATresults/NAHR_Med/log/LFNAHR_Med_annotations_avgBherer.log --stdout=analysis/20220622_LocationPatterns/GATresults/NAHR_Med/tsv/LFNAHR_Med_annotations_avgBherer.tsv
# job started at Wed Jun 22 23:39:18 2022 on rgomez-pc -- 5c8d7958-4020-431b-ab4b-d8f5778d8557
# pid: 29467, system: Linux 5.3.0-7648-generic #41~1586790036~18.04~600aeb5-Ubuntu SMP Mon Apr 13 17:47:15 UTC  x86_64
# annotation_files                        : ['analysis/20220622_LocationPatterns/GATfiles/Annotations/annotations_avgBherer.bed']
# annotations_label                       : None
# annotations_to_points                   : None
# bucket_size                             : 0
# cache                                   : None
# conditional                             : unconditional
# conditional_expansion                   : None
# conditional_extension                   : None
# counters                                : []
# enable_split_tracks                     : False
# ignore_segment_tracks                   : True
# input_filename_counts                   : None
# input_filename_descriptions             : None
# input_filename_results                  : None
# isochore_files                          : ['analysis/20220622_LocationPatterns/GATfiles/Isochores/isochores_NAHR_Med.bed']
# loglevel                                : 1
# nbuckets                                : 100000
# null                                    : default
# num_samples                             : 1000
# num_threads                             : 0
# output_bed                              : []
# output_counts_pattern                   : None
# output_filename_pattern                 : %s
# output_force                            : False
# output_order                            : fold
# output_plots_pattern                    : None
# output_samples_pattern                  : None
# output_stats                            : []
# output_tables_pattern                   : %s.tsv.gz
# overlapping_annotations                 : False
# pseudo_count                            : 1.0
# pvalue_method                           : empirical
# qvalue_lambda                           : None
# qvalue_method                           : BH
# qvalue_pi0_method                       : smoother
# random_seed                             : None
# restrict_workspace                      : False
# sample_files                            : []
# sampler                                 : annotator
# segment_files                           : ['analysis/20220622_LocationPatterns/GATfiles/Segments/LFNAHR_Med.bed']
# shift_expansion                         : 2.0
# shift_extension                         : 0
# short_help                              : None
# stderr                                  : <_io.TextIOWrapper name='<stderr>' mode='w' encoding='utf-8'>
# stdin                                   : <_io.TextIOWrapper name='<stdin>' mode='r' encoding='utf-8'>
# stdlog                                  : <_io.TextIOWrapper name='analysis/20220622_LocationPatterns/GATresults/NAHR_Med/log/LFNAHR_Med_annotations_avgBherer.log' mode='a' encoding='UTF-8'>
# stdout                                  : <_io.TextIOWrapper name='analysis/20220622_LocationPatterns/GATresults/NAHR_Med/tsv/LFNAHR_Med_annotations_avgBherer.tsv' mode='w' encoding='UTF-8'>
# timeit_file                             : None
# timeit_header                           : None
# timeit_name                             : all
# truncate_segments_to_workspace          : False
# truncate_workspace_to_annotations       : False
# workspace_files                         : ['analysis/20220622_LocationPatterns/GATfiles/Workspace/workspace_avgBherer.bed']
2022-06-22 23:39:18,172 INFO segments: reading tracks from 1 files
2022-06-22 23:39:18,172 INFO segments: read 1 tracks from 1 files
2022-06-22 23:39:18,172 INFO annotations: reading tracks from 1 files
2022-06-22 23:39:18,442 INFO annotations: read 6 tracks from 1 files
2022-06-22 23:39:18,446 INFO workspaces: reading tracks from 1 files
2022-06-22 23:39:18,446 INFO workspaces: read 1 tracks from 1 files
2022-06-22 23:39:18,446 INFO collapsing workspaces
2022-06-22 23:39:18,446 INFO isochores: reading isochores from 1 files
2022-06-22 23:39:18,448 INFO intervals loaded in 0 seconds
2022-06-22 23:39:18,448 INFO adding isochores to workspace
2022-06-22 23:39:18,451 INFO collecting observed counts
2022-06-22 23:39:18,451 INFO starting sampling
2022-06-22 23:39:18,451 INFO sampling: merged: 1/1
2022-06-22 23:39:18,451 INFO performing unconditional sampling
2022-06-22 23:39:18,457 INFO workspace without conditioning: 1090 segments, 2678195140 nucleotides
2022-06-22 23:39:18,457 INFO workspace after conditioning: 1090 segments, 2678195140 nucleotides
2022-06-22 23:39:18,457 INFO sampling started
2022-06-22 23:39:18,458 INFO 0/1000 done ( 0.00)
2022-06-22 23:39:18,481 INFO 100/1000 done (10.00)
2022-06-22 23:39:18,504 INFO 200/1000 done (20.00)
2022-06-22 23:39:18,527 INFO 300/1000 done (30.00)
2022-06-22 23:39:18,550 INFO 400/1000 done (40.00)
2022-06-22 23:39:18,573 INFO 500/1000 done (50.00)
2022-06-22 23:39:18,596 INFO 600/1000 done (60.00)
2022-06-22 23:39:18,619 INFO 700/1000 done (70.00)
2022-06-22 23:39:18,642 INFO 800/1000 done (80.00)
2022-06-22 23:39:18,666 INFO 900/1000 done (90.00)
2022-06-22 23:39:18,689 INFO sampling completed
2022-06-22 23:39:18,690 INFO sampling finished
2022-06-22 23:39:18,690 INFO computing PValue statistics
2022-06-22 23:39:18,693 INFO computing FDR statistics
# job finished in 0 seconds at Wed Jun 22 23:39:18 2022 --  1.28  0.05  0.00  0.00 -- 5c8d7958-4020-431b-ab4b-d8f5778d8557
# output generated by /home/rgomez/anaconda3/bin/gat-run.py --segments=analysis/20220622_LocationPatterns/GATfiles/Segments/LFNAHR_Med.bed --isochores=analysis/20220622_LocationPatterns/GATfiles/Isochores/isochores_NAHR_Med.bed --annotations=analysis/20220622_LocationPatterns/GATfiles/Annotations/annotations_avgBherer.bed --workspace=analysis/20220622_LocationPatterns/GATfiles/Workspace/workspace_avgBherer.bed --num-samples=1000 --log=analysis/20220622_LocationPatterns/GATresults/NAHR_Med/log/LFNAHR_Med_annotations_avgBherer.log --stdout=analysis/20220622_LocationPatterns/GATresults/NAHR_Med/tsv/LFNAHR_Med_annotations_avgBherer.tsv
# job started at Wed Jun 22 23:40:31 2022 on rgomez-pc -- c3a680e5-d87f-4a07-8db4-b660075da53a
# pid: 29634, system: Linux 5.3.0-7648-generic #41~1586790036~18.04~600aeb5-Ubuntu SMP Mon Apr 13 17:47:15 UTC  x86_64
# annotation_files                        : ['analysis/20220622_LocationPatterns/GATfiles/Annotations/annotations_avgBherer.bed']
# annotations_label                       : None
# annotations_to_points                   : None
# bucket_size                             : 0
# cache                                   : None
# conditional                             : unconditional
# conditional_expansion                   : None
# conditional_extension                   : None
# counters                                : []
# enable_split_tracks                     : False
# ignore_segment_tracks                   : True
# input_filename_counts                   : None
# input_filename_descriptions             : None
# input_filename_results                  : None
# isochore_files                          : ['analysis/20220622_LocationPatterns/GATfiles/Isochores/isochores_NAHR_Med.bed']
# loglevel                                : 1
# nbuckets                                : 100000
# null                                    : default
# num_samples                             : 1000
# num_threads                             : 0
# output_bed                              : []
# output_counts_pattern                   : None
# output_filename_pattern                 : %s
# output_force                            : False
# output_order                            : fold
# output_plots_pattern                    : None
# output_samples_pattern                  : None
# output_stats                            : []
# output_tables_pattern                   : %s.tsv.gz
# overlapping_annotations                 : False
# pseudo_count                            : 1.0
# pvalue_method                           : empirical
# qvalue_lambda                           : None
# qvalue_method                           : BH
# qvalue_pi0_method                       : smoother
# random_seed                             : None
# restrict_workspace                      : False
# sample_files                            : []
# sampler                                 : annotator
# segment_files                           : ['analysis/20220622_LocationPatterns/GATfiles/Segments/LFNAHR_Med.bed']
# shift_expansion                         : 2.0
# shift_extension                         : 0
# short_help                              : None
# stderr                                  : <_io.TextIOWrapper name='<stderr>' mode='w' encoding='utf-8'>
# stdin                                   : <_io.TextIOWrapper name='<stdin>' mode='r' encoding='utf-8'>
# stdlog                                  : <_io.TextIOWrapper name='analysis/20220622_LocationPatterns/GATresults/NAHR_Med/log/LFNAHR_Med_annotations_avgBherer.log' mode='a' encoding='UTF-8'>
# stdout                                  : <_io.TextIOWrapper name='analysis/20220622_LocationPatterns/GATresults/NAHR_Med/tsv/LFNAHR_Med_annotations_avgBherer.tsv' mode='w' encoding='UTF-8'>
# timeit_file                             : None
# timeit_header                           : None
# timeit_name                             : all
# truncate_segments_to_workspace          : False
# truncate_workspace_to_annotations       : False
# workspace_files                         : ['analysis/20220622_LocationPatterns/GATfiles/Workspace/workspace_avgBherer.bed']
2022-06-22 23:40:31,052 INFO segments: reading tracks from 1 files
2022-06-22 23:40:31,053 INFO segments: read 1 tracks from 1 files
2022-06-22 23:40:31,053 INFO annotations: reading tracks from 1 files
2022-06-22 23:40:31,323 INFO annotations: read 6 tracks from 1 files
2022-06-22 23:40:31,327 INFO workspaces: reading tracks from 1 files
2022-06-22 23:40:31,327 INFO workspaces: read 1 tracks from 1 files
2022-06-22 23:40:31,327 INFO collapsing workspaces
2022-06-22 23:40:31,327 INFO isochores: reading isochores from 1 files
2022-06-22 23:40:31,329 INFO intervals loaded in 0 seconds
2022-06-22 23:40:31,329 INFO adding isochores to workspace
2022-06-22 23:40:31,332 INFO collecting observed counts
2022-06-22 23:40:31,332 INFO starting sampling
2022-06-22 23:40:31,332 INFO sampling: merged: 1/1
2022-06-22 23:40:31,332 INFO performing unconditional sampling
2022-06-22 23:40:31,338 INFO workspace without conditioning: 1090 segments, 2678195140 nucleotides
2022-06-22 23:40:31,338 INFO workspace after conditioning: 1090 segments, 2678195140 nucleotides
2022-06-22 23:40:31,339 INFO sampling started
2022-06-22 23:40:31,341 INFO 0/1000 done ( 0.00)
2022-06-22 23:40:31,513 INFO 100/1000 done (10.00)
2022-06-22 23:40:31,683 INFO 200/1000 done (20.00)
2022-06-22 23:40:31,854 INFO 300/1000 done (30.00)
2022-06-22 23:40:32,024 INFO 400/1000 done (40.00)
2022-06-22 23:40:32,199 INFO 500/1000 done (50.00)
2022-06-22 23:40:32,370 INFO 600/1000 done (60.00)
2022-06-22 23:40:32,541 INFO 700/1000 done (70.00)
2022-06-22 23:40:32,712 INFO 800/1000 done (80.00)
2022-06-22 23:40:32,884 INFO 900/1000 done (90.00)
2022-06-22 23:40:33,056 INFO sampling completed
2022-06-22 23:40:33,057 INFO sampling finished
2022-06-22 23:40:33,057 INFO computing PValue statistics
2022-06-22 23:40:33,061 INFO computing FDR statistics
# job finished in 2 seconds at Wed Jun 22 23:40:33 2022 --  2.73  0.04  0.00  0.00 -- c3a680e5-d87f-4a07-8db4-b660075da53a
# output generated by /home/rgomez/anaconda3/bin/gat-run.py --segments=analysis/20220622_LocationPatterns/GATfiles/Segments/LFNAHR_Med.bed --isochores=analysis/20220622_LocationPatterns/GATfiles/Isochores/isochores_NAHR_Med.bed --annotations=analysis/20220622_LocationPatterns/GATfiles/Annotations/annotations_avgBherer.bed --workspace=analysis/20220622_LocationPatterns/GATfiles/Workspace/workspace_avgBherer.bed --num-samples=1000 --log=analysis/20220622_LocationPatterns/GATresults/NAHR_Med/log/LFNAHR_Med_annotations_avgBherer.log --stdout=analysis/20220622_LocationPatterns/GATresults/NAHR_Med/tsv/LFNAHR_Med_annotations_avgBherer.tsv
# job started at Wed Jun 22 23:41:53 2022 on rgomez-pc -- 627e0816-2b15-42b2-9dfc-3f8b416e9379
# pid: 29804, system: Linux 5.3.0-7648-generic #41~1586790036~18.04~600aeb5-Ubuntu SMP Mon Apr 13 17:47:15 UTC  x86_64
# annotation_files                        : ['analysis/20220622_LocationPatterns/GATfiles/Annotations/annotations_avgBherer.bed']
# annotations_label                       : None
# annotations_to_points                   : None
# bucket_size                             : 0
# cache                                   : None
# conditional                             : unconditional
# conditional_expansion                   : None
# conditional_extension                   : None
# counters                                : []
# enable_split_tracks                     : False
# ignore_segment_tracks                   : True
# input_filename_counts                   : None
# input_filename_descriptions             : None
# input_filename_results                  : None
# isochore_files                          : ['analysis/20220622_LocationPatterns/GATfiles/Isochores/isochores_NAHR_Med.bed']
# loglevel                                : 1
# nbuckets                                : 100000
# null                                    : default
# num_samples                             : 1000
# num_threads                             : 0
# output_bed                              : []
# output_counts_pattern                   : None
# output_filename_pattern                 : %s
# output_force                            : False
# output_order                            : fold
# output_plots_pattern                    : None
# output_samples_pattern                  : None
# output_stats                            : []
# output_tables_pattern                   : %s.tsv.gz
# overlapping_annotations                 : False
# pseudo_count                            : 1.0
# pvalue_method                           : empirical
# qvalue_lambda                           : None
# qvalue_method                           : BH
# qvalue_pi0_method                       : smoother
# random_seed                             : None
# restrict_workspace                      : False
# sample_files                            : []
# sampler                                 : annotator
# segment_files                           : ['analysis/20220622_LocationPatterns/GATfiles/Segments/LFNAHR_Med.bed']
# shift_expansion                         : 2.0
# shift_extension                         : 0
# short_help                              : None
# stderr                                  : <_io.TextIOWrapper name='<stderr>' mode='w' encoding='utf-8'>
# stdin                                   : <_io.TextIOWrapper name='<stdin>' mode='r' encoding='utf-8'>
# stdlog                                  : <_io.TextIOWrapper name='analysis/20220622_LocationPatterns/GATresults/NAHR_Med/log/LFNAHR_Med_annotations_avgBherer.log' mode='a' encoding='UTF-8'>
# stdout                                  : <_io.TextIOWrapper name='analysis/20220622_LocationPatterns/GATresults/NAHR_Med/tsv/LFNAHR_Med_annotations_avgBherer.tsv' mode='w' encoding='UTF-8'>
# timeit_file                             : None
# timeit_header                           : None
# timeit_name                             : all
# truncate_segments_to_workspace          : False
# truncate_workspace_to_annotations       : False
# workspace_files                         : ['analysis/20220622_LocationPatterns/GATfiles/Workspace/workspace_avgBherer.bed']
2022-06-22 23:41:53,258 INFO segments: reading tracks from 1 files
2022-06-22 23:41:53,258 INFO segments: read 1 tracks from 1 files
2022-06-22 23:41:53,258 INFO annotations: reading tracks from 1 files
2022-06-22 23:41:53,563 INFO annotations: read 6 tracks from 1 files
2022-06-22 23:41:53,567 INFO workspaces: reading tracks from 1 files
2022-06-22 23:41:53,568 INFO workspaces: read 1 tracks from 1 files
2022-06-22 23:41:53,568 INFO collapsing workspaces
2022-06-22 23:41:53,568 INFO isochores: reading isochores from 1 files
2022-06-22 23:41:53,570 INFO intervals loaded in 0 seconds
2022-06-22 23:41:53,570 INFO adding isochores to workspace
2022-06-22 23:41:53,575 INFO collecting observed counts
2022-06-22 23:41:53,575 INFO starting sampling
2022-06-22 23:41:53,575 INFO sampling: merged: 1/1
2022-06-22 23:41:53,575 INFO performing unconditional sampling
2022-06-22 23:41:53,581 INFO workspace without conditioning: 1090 segments, 2678195140 nucleotides
2022-06-22 23:41:53,581 INFO workspace after conditioning: 1090 segments, 2678195140 nucleotides
2022-06-22 23:41:53,582 INFO sampling started
2022-06-22 23:41:53,584 INFO 0/1000 done ( 0.00)
2022-06-22 23:41:53,788 INFO 100/1000 done (10.00)
2022-06-22 23:41:53,994 INFO 200/1000 done (20.00)
2022-06-22 23:41:54,207 INFO 300/1000 done (30.00)
2022-06-22 23:41:54,421 INFO 400/1000 done (40.00)
2022-06-22 23:41:54,625 INFO 500/1000 done (50.00)
2022-06-22 23:41:54,832 INFO 600/1000 done (60.00)
2022-06-22 23:41:55,037 INFO 700/1000 done (70.00)
2022-06-22 23:41:55,243 INFO 800/1000 done (80.00)
2022-06-22 23:41:55,458 INFO 900/1000 done (90.00)
2022-06-22 23:41:55,663 INFO sampling completed
2022-06-22 23:41:55,665 INFO sampling finished
2022-06-22 23:41:55,665 INFO computing PValue statistics
2022-06-22 23:41:55,670 INFO computing FDR statistics
# job finished in 2 seconds at Wed Jun 22 23:41:55 2022 --  3.24  0.06  0.00  0.00 -- 627e0816-2b15-42b2-9dfc-3f8b416e9379
