# output generated by /home/rgomez/anaconda3/bin/gat-run.py --segments=analysis/20220622_LocationPatterns/GATfiles/Segments/NAHR_Med.bed --isochores=analysis/20220622_LocationPatterns/GATfiles/Isochores/isochores_NAHR_Med.bed --annotations=analysis/20220622_LocationPatterns/GATfiles/Annotations/annotations_repeats.bed --workspace=analysis/20220622_LocationPatterns/GATfiles/Workspace/workspace_avgBherer.bed --num-samples=1000 --log=analysis/20220622_LocationPatterns/GATresults/NAHR_Med/log/NAHR_Med_annotations_repeats.log --stdout=analysis/20220622_LocationPatterns/GATresults/NAHR_Med/tsv/NAHR_Med_annotations_repeats.tsv
# job started at Wed Jun 22 23:11:21 2022 on rgomez-pc -- 6d2af4b2-85e3-4c49-8985-7084bfb8b0eb
# pid: 27003, system: Linux 5.3.0-7648-generic #41~1586790036~18.04~600aeb5-Ubuntu SMP Mon Apr 13 17:47:15 UTC  x86_64
# annotation_files                        : ['analysis/20220622_LocationPatterns/GATfiles/Annotations/annotations_repeats.bed']
# annotations_label                       : None
# annotations_to_points                   : None
# bucket_size                             : 0
# cache                                   : None
# conditional                             : unconditional
# conditional_expansion                   : None
# conditional_extension                   : None
# counters                                : []
# enable_split_tracks                     : False
# ignore_segment_tracks                   : True
# input_filename_counts                   : None
# input_filename_descriptions             : None
# input_filename_results                  : None
# isochore_files                          : ['analysis/20220622_LocationPatterns/GATfiles/Isochores/isochores_NAHR_Med.bed']
# loglevel                                : 1
# nbuckets                                : 100000
# null                                    : default
# num_samples                             : 1000
# num_threads                             : 0
# output_bed                              : []
# output_counts_pattern                   : None
# output_filename_pattern                 : %s
# output_force                            : False
# output_order                            : fold
# output_plots_pattern                    : None
# output_samples_pattern                  : None
# output_stats                            : []
# output_tables_pattern                   : %s.tsv.gz
# overlapping_annotations                 : False
# pseudo_count                            : 1.0
# pvalue_method                           : empirical
# qvalue_lambda                           : None
# qvalue_method                           : BH
# qvalue_pi0_method                       : smoother
# random_seed                             : None
# restrict_workspace                      : False
# sample_files                            : []
# sampler                                 : annotator
# segment_files                           : ['analysis/20220622_LocationPatterns/GATfiles/Segments/NAHR_Med.bed']
# shift_expansion                         : 2.0
# shift_extension                         : 0
# short_help                              : None
# stderr                                  : <_io.TextIOWrapper name='<stderr>' mode='w' encoding='utf-8'>
# stdin                                   : <_io.TextIOWrapper name='<stdin>' mode='r' encoding='utf-8'>
# stdlog                                  : <_io.TextIOWrapper name='analysis/20220622_LocationPatterns/GATresults/NAHR_Med/log/NAHR_Med_annotations_repeats.log' mode='a' encoding='UTF-8'>
# stdout                                  : <_io.TextIOWrapper name='analysis/20220622_LocationPatterns/GATresults/NAHR_Med/tsv/NAHR_Med_annotations_repeats.tsv' mode='w' encoding='UTF-8'>
# timeit_file                             : None
# timeit_header                           : None
# timeit_name                             : all
# truncate_segments_to_workspace          : False
# truncate_workspace_to_annotations       : False
# workspace_files                         : ['analysis/20220622_LocationPatterns/GATfiles/Workspace/workspace_avgBherer.bed']
2022-06-22 23:11:21,411 INFO segments: reading tracks from 1 files
2022-06-22 23:11:21,411 INFO segments: read 1 tracks from 1 files
2022-06-22 23:11:21,411 INFO annotations: reading tracks from 1 files
2022-06-22 23:11:21,524 INFO annotations: read 1 tracks from 1 files
2022-06-22 23:11:21,528 INFO workspaces: reading tracks from 1 files
2022-06-22 23:11:21,528 INFO workspaces: read 1 tracks from 1 files
2022-06-22 23:11:21,528 INFO collapsing workspaces
2022-06-22 23:11:21,529 INFO isochores: reading isochores from 1 files
2022-06-22 23:11:21,530 INFO intervals loaded in 0 seconds
2022-06-22 23:11:21,531 INFO adding isochores to workspace
2022-06-22 23:11:21,531 INFO collecting observed counts
2022-06-22 23:11:21,531 INFO starting sampling
2022-06-22 23:11:21,531 INFO sampling: merged: 1/1
2022-06-22 23:11:21,531 INFO performing unconditional sampling
2022-06-22 23:11:21,531 INFO workspace without conditioning: 1090 segments, 2678195140 nucleotides
2022-06-22 23:11:21,531 INFO workspace after conditioning: 1090 segments, 2678195140 nucleotides
2022-06-22 23:11:21,532 INFO sampling started
2022-06-22 23:11:21,534 INFO 0/1000 done ( 0.00)
2022-06-22 23:11:21,717 INFO 100/1000 done (10.00)
2022-06-22 23:11:21,894 INFO 200/1000 done (20.00)
2022-06-22 23:11:22,074 INFO 300/1000 done (30.00)
2022-06-22 23:11:22,250 INFO 400/1000 done (40.00)
2022-06-22 23:11:22,424 INFO 500/1000 done (50.00)
2022-06-22 23:11:22,605 INFO 600/1000 done (60.00)
2022-06-22 23:11:22,782 INFO 700/1000 done (70.00)
2022-06-22 23:11:22,962 INFO 800/1000 done (80.00)
2022-06-22 23:11:23,135 INFO 900/1000 done (90.00)
2022-06-22 23:11:23,307 INFO sampling completed
2022-06-22 23:11:23,307 INFO sampling finished
2022-06-22 23:11:23,307 INFO computing PValue statistics
2022-06-22 23:11:23,308 INFO computing FDR statistics
# job finished in 1 seconds at Wed Jun 22 23:11:23 2022 --  2.81  0.07  0.00  0.00 -- 6d2af4b2-85e3-4c49-8985-7084bfb8b0eb
# output generated by /home/rgomez/anaconda3/bin/gat-run.py --segments=analysis/20220622_LocationPatterns/GATfiles/Segments/NAHR_Med.bed --isochores=analysis/20220622_LocationPatterns/GATfiles/Isochores/isochores_NAHR_Med.bed --annotations=analysis/20220622_LocationPatterns/GATfiles/Annotations/annotations_repeats.bed --workspace=analysis/20220622_LocationPatterns/GATfiles/Workspace/workspace_avgBherer.bed --num-samples=1000 --log=analysis/20220622_LocationPatterns/GATresults/NAHR_Med/log/NAHR_Med_annotations_repeats.log --stdout=analysis/20220622_LocationPatterns/GATresults/NAHR_Med/tsv/NAHR_Med_annotations_repeats.tsv
# job started at Wed Jun 22 23:12:44 2022 on rgomez-pc -- 3e4d57f3-cee3-4149-b983-8db1375e946b
# pid: 27193, system: Linux 5.3.0-7648-generic #41~1586790036~18.04~600aeb5-Ubuntu SMP Mon Apr 13 17:47:15 UTC  x86_64
# annotation_files                        : ['analysis/20220622_LocationPatterns/GATfiles/Annotations/annotations_repeats.bed']
# annotations_label                       : None
# annotations_to_points                   : None
# bucket_size                             : 0
# cache                                   : None
# conditional                             : unconditional
# conditional_expansion                   : None
# conditional_extension                   : None
# counters                                : []
# enable_split_tracks                     : False
# ignore_segment_tracks                   : True
# input_filename_counts                   : None
# input_filename_descriptions             : None
# input_filename_results                  : None
# isochore_files                          : ['analysis/20220622_LocationPatterns/GATfiles/Isochores/isochores_NAHR_Med.bed']
# loglevel                                : 1
# nbuckets                                : 100000
# null                                    : default
# num_samples                             : 1000
# num_threads                             : 0
# output_bed                              : []
# output_counts_pattern                   : None
# output_filename_pattern                 : %s
# output_force                            : False
# output_order                            : fold
# output_plots_pattern                    : None
# output_samples_pattern                  : None
# output_stats                            : []
# output_tables_pattern                   : %s.tsv.gz
# overlapping_annotations                 : False
# pseudo_count                            : 1.0
# pvalue_method                           : empirical
# qvalue_lambda                           : None
# qvalue_method                           : BH
# qvalue_pi0_method                       : smoother
# random_seed                             : None
# restrict_workspace                      : False
# sample_files                            : []
# sampler                                 : annotator
# segment_files                           : ['analysis/20220622_LocationPatterns/GATfiles/Segments/NAHR_Med.bed']
# shift_expansion                         : 2.0
# shift_extension                         : 0
# short_help                              : None
# stderr                                  : <_io.TextIOWrapper name='<stderr>' mode='w' encoding='utf-8'>
# stdin                                   : <_io.TextIOWrapper name='<stdin>' mode='r' encoding='utf-8'>
# stdlog                                  : <_io.TextIOWrapper name='analysis/20220622_LocationPatterns/GATresults/NAHR_Med/log/NAHR_Med_annotations_repeats.log' mode='a' encoding='UTF-8'>
# stdout                                  : <_io.TextIOWrapper name='analysis/20220622_LocationPatterns/GATresults/NAHR_Med/tsv/NAHR_Med_annotations_repeats.tsv' mode='w' encoding='UTF-8'>
# timeit_file                             : None
# timeit_header                           : None
# timeit_name                             : all
# truncate_segments_to_workspace          : False
# truncate_workspace_to_annotations       : False
# workspace_files                         : ['analysis/20220622_LocationPatterns/GATfiles/Workspace/workspace_avgBherer.bed']
2022-06-22 23:12:44,385 INFO segments: reading tracks from 1 files
2022-06-22 23:12:44,385 INFO segments: read 1 tracks from 1 files
2022-06-22 23:12:44,385 INFO annotations: reading tracks from 1 files
2022-06-22 23:12:44,496 INFO annotations: read 1 tracks from 1 files
2022-06-22 23:12:44,500 INFO workspaces: reading tracks from 1 files
2022-06-22 23:12:44,500 INFO workspaces: read 1 tracks from 1 files
2022-06-22 23:12:44,500 INFO collapsing workspaces
2022-06-22 23:12:44,501 INFO isochores: reading isochores from 1 files
2022-06-22 23:12:44,502 INFO intervals loaded in 0 seconds
2022-06-22 23:12:44,502 INFO adding isochores to workspace
2022-06-22 23:12:44,503 INFO collecting observed counts
2022-06-22 23:12:44,503 INFO starting sampling
2022-06-22 23:12:44,503 INFO sampling: merged: 1/1
2022-06-22 23:12:44,503 INFO performing unconditional sampling
2022-06-22 23:12:44,503 INFO workspace without conditioning: 1090 segments, 2678195140 nucleotides
2022-06-22 23:12:44,503 INFO workspace after conditioning: 1090 segments, 2678195140 nucleotides
2022-06-22 23:12:44,504 INFO sampling started
2022-06-22 23:12:44,506 INFO 0/1000 done ( 0.00)
2022-06-22 23:12:44,653 INFO 100/1000 done (10.00)
2022-06-22 23:12:44,800 INFO 200/1000 done (20.00)
2022-06-22 23:12:44,947 INFO 300/1000 done (30.00)
2022-06-22 23:12:45,096 INFO 400/1000 done (40.00)
2022-06-22 23:12:45,242 INFO 500/1000 done (50.00)
2022-06-22 23:12:45,388 INFO 600/1000 done (60.00)
2022-06-22 23:12:45,534 INFO 700/1000 done (70.00)
2022-06-22 23:12:45,682 INFO 800/1000 done (80.00)
2022-06-22 23:12:45,839 INFO 900/1000 done (90.00)
2022-06-22 23:12:45,998 INFO sampling completed
2022-06-22 23:12:45,999 INFO sampling finished
2022-06-22 23:12:45,999 INFO computing PValue statistics
2022-06-22 23:12:46,000 INFO computing FDR statistics
# job finished in 1 seconds at Wed Jun 22 23:12:46 2022 --  2.58  0.06  0.00  0.00 -- 3e4d57f3-cee3-4149-b983-8db1375e946b
# output generated by /home/rgomez/anaconda3/bin/gat-run.py --segments=analysis/20220622_LocationPatterns/GATfiles/Segments/NAHR_Med.bed --isochores=analysis/20220622_LocationPatterns/GATfiles/Isochores/isochores_NAHR_Med.bed --annotations=analysis/20220622_LocationPatterns/GATfiles/Annotations/annotations_repeats.bed --workspace=analysis/20220622_LocationPatterns/GATfiles/Workspace/workspace_avgBherer.bed --num-samples=1000 --log=analysis/20220622_LocationPatterns/GATresults/NAHR_Med/log/NAHR_Med_annotations_repeats.log --stdout=analysis/20220622_LocationPatterns/GATresults/NAHR_Med/tsv/NAHR_Med_annotations_repeats.tsv
# job started at Wed Jun 22 23:14:17 2022 on rgomez-pc -- 3053c020-25c9-4baa-93a5-8423ae75e157
# pid: 27352, system: Linux 5.3.0-7648-generic #41~1586790036~18.04~600aeb5-Ubuntu SMP Mon Apr 13 17:47:15 UTC  x86_64
# annotation_files                        : ['analysis/20220622_LocationPatterns/GATfiles/Annotations/annotations_repeats.bed']
# annotations_label                       : None
# annotations_to_points                   : None
# bucket_size                             : 0
# cache                                   : None
# conditional                             : unconditional
# conditional_expansion                   : None
# conditional_extension                   : None
# counters                                : []
# enable_split_tracks                     : False
# ignore_segment_tracks                   : True
# input_filename_counts                   : None
# input_filename_descriptions             : None
# input_filename_results                  : None
# isochore_files                          : ['analysis/20220622_LocationPatterns/GATfiles/Isochores/isochores_NAHR_Med.bed']
# loglevel                                : 1
# nbuckets                                : 100000
# null                                    : default
# num_samples                             : 1000
# num_threads                             : 0
# output_bed                              : []
# output_counts_pattern                   : None
# output_filename_pattern                 : %s
# output_force                            : False
# output_order                            : fold
# output_plots_pattern                    : None
# output_samples_pattern                  : None
# output_stats                            : []
# output_tables_pattern                   : %s.tsv.gz
# overlapping_annotations                 : False
# pseudo_count                            : 1.0
# pvalue_method                           : empirical
# qvalue_lambda                           : None
# qvalue_method                           : BH
# qvalue_pi0_method                       : smoother
# random_seed                             : None
# restrict_workspace                      : False
# sample_files                            : []
# sampler                                 : annotator
# segment_files                           : ['analysis/20220622_LocationPatterns/GATfiles/Segments/NAHR_Med.bed']
# shift_expansion                         : 2.0
# shift_extension                         : 0
# short_help                              : None
# stderr                                  : <_io.TextIOWrapper name='<stderr>' mode='w' encoding='utf-8'>
# stdin                                   : <_io.TextIOWrapper name='<stdin>' mode='r' encoding='utf-8'>
# stdlog                                  : <_io.TextIOWrapper name='analysis/20220622_LocationPatterns/GATresults/NAHR_Med/log/NAHR_Med_annotations_repeats.log' mode='a' encoding='UTF-8'>
# stdout                                  : <_io.TextIOWrapper name='analysis/20220622_LocationPatterns/GATresults/NAHR_Med/tsv/NAHR_Med_annotations_repeats.tsv' mode='w' encoding='UTF-8'>
# timeit_file                             : None
# timeit_header                           : None
# timeit_name                             : all
# truncate_segments_to_workspace          : False
# truncate_workspace_to_annotations       : False
# workspace_files                         : ['analysis/20220622_LocationPatterns/GATfiles/Workspace/workspace_avgBherer.bed']
2022-06-22 23:14:17,131 INFO segments: reading tracks from 1 files
2022-06-22 23:14:17,132 INFO segments: read 1 tracks from 1 files
2022-06-22 23:14:17,132 INFO annotations: reading tracks from 1 files
2022-06-22 23:14:17,247 INFO annotations: read 1 tracks from 1 files
2022-06-22 23:14:17,250 INFO workspaces: reading tracks from 1 files
2022-06-22 23:14:17,251 INFO workspaces: read 1 tracks from 1 files
2022-06-22 23:14:17,251 INFO collapsing workspaces
2022-06-22 23:14:17,251 INFO isochores: reading isochores from 1 files
2022-06-22 23:14:17,252 INFO intervals loaded in 0 seconds
2022-06-22 23:14:17,253 INFO adding isochores to workspace
2022-06-22 23:14:17,253 INFO collecting observed counts
2022-06-22 23:14:17,253 INFO starting sampling
2022-06-22 23:14:17,253 INFO sampling: merged: 1/1
2022-06-22 23:14:17,253 INFO performing unconditional sampling
2022-06-22 23:14:17,253 INFO workspace without conditioning: 1090 segments, 2678195140 nucleotides
2022-06-22 23:14:17,253 INFO workspace after conditioning: 1090 segments, 2678195140 nucleotides
2022-06-22 23:14:17,254 INFO sampling started
2022-06-22 23:14:17,258 INFO 0/1000 done ( 0.00)
2022-06-22 23:14:17,604 INFO 100/1000 done (10.00)
2022-06-22 23:14:17,944 INFO 200/1000 done (20.00)
2022-06-22 23:14:18,287 INFO 300/1000 done (30.00)
2022-06-22 23:14:18,629 INFO 400/1000 done (40.00)
2022-06-22 23:14:18,968 INFO 500/1000 done (50.00)
2022-06-22 23:14:19,310 INFO 600/1000 done (60.00)
2022-06-22 23:14:19,652 INFO 700/1000 done (70.00)
2022-06-22 23:14:19,996 INFO 800/1000 done (80.00)
2022-06-22 23:14:20,336 INFO 900/1000 done (90.00)
2022-06-22 23:14:20,676 INFO sampling completed
2022-06-22 23:14:20,676 INFO sampling finished
2022-06-22 23:14:20,676 INFO computing PValue statistics
2022-06-22 23:14:20,677 INFO computing FDR statistics
# job finished in 3 seconds at Wed Jun 22 23:14:20 2022 --  4.34  0.02  0.00  0.00 -- 3053c020-25c9-4baa-93a5-8423ae75e157
# output generated by /home/rgomez/anaconda3/bin/gat-run.py --segments=analysis/20220622_LocationPatterns/GATfiles/Segments/NAHR_Med.bed --isochores=analysis/20220622_LocationPatterns/GATfiles/Isochores/isochores_NAHR_Med.bed --annotations=analysis/20220622_LocationPatterns/GATfiles/Annotations/annotations_repeats.bed --workspace=analysis/20220622_LocationPatterns/GATfiles/Workspace/workspace_avgBherer.bed --num-samples=1000 --log=analysis/20220622_LocationPatterns/GATresults/NAHR_Med/log/NAHR_Med_annotations_repeats.log --stdout=analysis/20220622_LocationPatterns/GATresults/NAHR_Med/tsv/NAHR_Med_annotations_repeats.tsv
# job started at Wed Jun 22 23:18:08 2022 on rgomez-pc -- 692e1009-43ea-4cf1-8336-2716a2c728f7
# pid: 27612, system: Linux 5.3.0-7648-generic #41~1586790036~18.04~600aeb5-Ubuntu SMP Mon Apr 13 17:47:15 UTC  x86_64
# annotation_files                        : ['analysis/20220622_LocationPatterns/GATfiles/Annotations/annotations_repeats.bed']
# annotations_label                       : None
# annotations_to_points                   : None
# bucket_size                             : 0
# cache                                   : None
# conditional                             : unconditional
# conditional_expansion                   : None
# conditional_extension                   : None
# counters                                : []
# enable_split_tracks                     : False
# ignore_segment_tracks                   : True
# input_filename_counts                   : None
# input_filename_descriptions             : None
# input_filename_results                  : None
# isochore_files                          : ['analysis/20220622_LocationPatterns/GATfiles/Isochores/isochores_NAHR_Med.bed']
# loglevel                                : 1
# nbuckets                                : 100000
# null                                    : default
# num_samples                             : 1000
# num_threads                             : 0
# output_bed                              : []
# output_counts_pattern                   : None
# output_filename_pattern                 : %s
# output_force                            : False
# output_order                            : fold
# output_plots_pattern                    : None
# output_samples_pattern                  : None
# output_stats                            : []
# output_tables_pattern                   : %s.tsv.gz
# overlapping_annotations                 : False
# pseudo_count                            : 1.0
# pvalue_method                           : empirical
# qvalue_lambda                           : None
# qvalue_method                           : BH
# qvalue_pi0_method                       : smoother
# random_seed                             : None
# restrict_workspace                      : False
# sample_files                            : []
# sampler                                 : annotator
# segment_files                           : ['analysis/20220622_LocationPatterns/GATfiles/Segments/NAHR_Med.bed']
# shift_expansion                         : 2.0
# shift_extension                         : 0
# short_help                              : None
# stderr                                  : <_io.TextIOWrapper name='<stderr>' mode='w' encoding='utf-8'>
# stdin                                   : <_io.TextIOWrapper name='<stdin>' mode='r' encoding='utf-8'>
# stdlog                                  : <_io.TextIOWrapper name='analysis/20220622_LocationPatterns/GATresults/NAHR_Med/log/NAHR_Med_annotations_repeats.log' mode='a' encoding='UTF-8'>
# stdout                                  : <_io.TextIOWrapper name='analysis/20220622_LocationPatterns/GATresults/NAHR_Med/tsv/NAHR_Med_annotations_repeats.tsv' mode='w' encoding='UTF-8'>
# timeit_file                             : None
# timeit_header                           : None
# timeit_name                             : all
# truncate_segments_to_workspace          : False
# truncate_workspace_to_annotations       : False
# workspace_files                         : ['analysis/20220622_LocationPatterns/GATfiles/Workspace/workspace_avgBherer.bed']
2022-06-22 23:18:08,717 INFO segments: reading tracks from 1 files
2022-06-22 23:18:08,717 INFO segments: read 1 tracks from 1 files
2022-06-22 23:18:08,717 INFO annotations: reading tracks from 1 files
2022-06-22 23:18:08,829 INFO annotations: read 1 tracks from 1 files
2022-06-22 23:18:08,833 INFO workspaces: reading tracks from 1 files
2022-06-22 23:18:08,834 INFO workspaces: read 1 tracks from 1 files
2022-06-22 23:18:08,834 INFO collapsing workspaces
2022-06-22 23:18:08,834 INFO isochores: reading isochores from 1 files
2022-06-22 23:18:08,836 INFO intervals loaded in 0 seconds
2022-06-22 23:18:08,836 INFO adding isochores to workspace
2022-06-22 23:18:08,836 INFO collecting observed counts
2022-06-22 23:18:08,836 INFO starting sampling
2022-06-22 23:18:08,836 INFO sampling: merged: 1/1
2022-06-22 23:18:08,836 INFO performing unconditional sampling
2022-06-22 23:18:08,836 INFO workspace without conditioning: 1090 segments, 2678195140 nucleotides
2022-06-22 23:18:08,836 INFO workspace after conditioning: 1090 segments, 2678195140 nucleotides
2022-06-22 23:18:08,837 INFO sampling started
2022-06-22 23:18:08,839 INFO 0/1000 done ( 0.00)
2022-06-22 23:18:08,948 INFO 100/1000 done (10.00)
2022-06-22 23:18:09,067 INFO 200/1000 done (20.00)
2022-06-22 23:18:09,173 INFO 300/1000 done (30.00)
2022-06-22 23:18:09,284 INFO 400/1000 done (40.00)
2022-06-22 23:18:09,396 INFO 500/1000 done (50.00)
2022-06-22 23:18:09,503 INFO 600/1000 done (60.00)
2022-06-22 23:18:09,620 INFO 700/1000 done (70.00)
2022-06-22 23:18:09,729 INFO 800/1000 done (80.00)
2022-06-22 23:18:09,847 INFO 900/1000 done (90.00)
2022-06-22 23:18:09,973 INFO sampling completed
2022-06-22 23:18:09,975 INFO sampling finished
2022-06-22 23:18:09,975 INFO computing PValue statistics
2022-06-22 23:18:09,977 INFO computing FDR statistics
# job finished in 1 seconds at Wed Jun 22 23:18:09 2022 --  2.05  0.04  0.00  0.00 -- 692e1009-43ea-4cf1-8336-2716a2c728f7
# output generated by /home/rgomez/anaconda3/bin/gat-run.py --segments=analysis/20220622_LocationPatterns/GATfiles/Segments/NAHR_Med.bed --isochores=analysis/20220622_LocationPatterns/GATfiles/Isochores/isochores_NAHR_Med.bed --annotations=analysis/20220622_LocationPatterns/GATfiles/Annotations/annotations_repeats.bed --workspace=analysis/20220622_LocationPatterns/GATfiles/Workspace/workspace_avgBherer.bed --num-samples=1000 --log=analysis/20220622_LocationPatterns/GATresults/NAHR_Med/log/NAHR_Med_annotations_repeats.log --stdout=analysis/20220622_LocationPatterns/GATresults/NAHR_Med/tsv/NAHR_Med_annotations_repeats.tsv
# job started at Wed Jun 22 23:21:44 2022 on rgomez-pc -- 34f87053-bd41-4fb7-9e1c-f04706dd627f
# pid: 27848, system: Linux 5.3.0-7648-generic #41~1586790036~18.04~600aeb5-Ubuntu SMP Mon Apr 13 17:47:15 UTC  x86_64
# annotation_files                        : ['analysis/20220622_LocationPatterns/GATfiles/Annotations/annotations_repeats.bed']
# annotations_label                       : None
# annotations_to_points                   : None
# bucket_size                             : 0
# cache                                   : None
# conditional                             : unconditional
# conditional_expansion                   : None
# conditional_extension                   : None
# counters                                : []
# enable_split_tracks                     : False
# ignore_segment_tracks                   : True
# input_filename_counts                   : None
# input_filename_descriptions             : None
# input_filename_results                  : None
# isochore_files                          : ['analysis/20220622_LocationPatterns/GATfiles/Isochores/isochores_NAHR_Med.bed']
# loglevel                                : 1
# nbuckets                                : 100000
# null                                    : default
# num_samples                             : 1000
# num_threads                             : 0
# output_bed                              : []
# output_counts_pattern                   : None
# output_filename_pattern                 : %s
# output_force                            : False
# output_order                            : fold
# output_plots_pattern                    : None
# output_samples_pattern                  : None
# output_stats                            : []
# output_tables_pattern                   : %s.tsv.gz
# overlapping_annotations                 : False
# pseudo_count                            : 1.0
# pvalue_method                           : empirical
# qvalue_lambda                           : None
# qvalue_method                           : BH
# qvalue_pi0_method                       : smoother
# random_seed                             : None
# restrict_workspace                      : False
# sample_files                            : []
# sampler                                 : annotator
# segment_files                           : ['analysis/20220622_LocationPatterns/GATfiles/Segments/NAHR_Med.bed']
# shift_expansion                         : 2.0
# shift_extension                         : 0
# short_help                              : None
# stderr                                  : <_io.TextIOWrapper name='<stderr>' mode='w' encoding='utf-8'>
# stdin                                   : <_io.TextIOWrapper name='<stdin>' mode='r' encoding='utf-8'>
# stdlog                                  : <_io.TextIOWrapper name='analysis/20220622_LocationPatterns/GATresults/NAHR_Med/log/NAHR_Med_annotations_repeats.log' mode='a' encoding='UTF-8'>
# stdout                                  : <_io.TextIOWrapper name='analysis/20220622_LocationPatterns/GATresults/NAHR_Med/tsv/NAHR_Med_annotations_repeats.tsv' mode='w' encoding='UTF-8'>
# timeit_file                             : None
# timeit_header                           : None
# timeit_name                             : all
# truncate_segments_to_workspace          : False
# truncate_workspace_to_annotations       : False
# workspace_files                         : ['analysis/20220622_LocationPatterns/GATfiles/Workspace/workspace_avgBherer.bed']
2022-06-22 23:21:44,577 INFO segments: reading tracks from 1 files
2022-06-22 23:21:44,577 INFO segments: read 1 tracks from 1 files
2022-06-22 23:21:44,577 INFO annotations: reading tracks from 1 files
2022-06-22 23:21:44,690 INFO annotations: read 1 tracks from 1 files
2022-06-22 23:21:44,694 INFO workspaces: reading tracks from 1 files
2022-06-22 23:21:44,694 INFO workspaces: read 1 tracks from 1 files
2022-06-22 23:21:44,694 INFO collapsing workspaces
2022-06-22 23:21:44,694 INFO isochores: reading isochores from 1 files
2022-06-22 23:21:44,696 INFO intervals loaded in 0 seconds
2022-06-22 23:21:44,696 INFO adding isochores to workspace
2022-06-22 23:21:44,696 INFO collecting observed counts
2022-06-22 23:21:44,697 INFO starting sampling
2022-06-22 23:21:44,697 INFO sampling: merged: 1/1
2022-06-22 23:21:44,697 INFO performing unconditional sampling
2022-06-22 23:21:44,697 INFO workspace without conditioning: 1090 segments, 2678195140 nucleotides
2022-06-22 23:21:44,697 INFO workspace after conditioning: 1090 segments, 2678195140 nucleotides
2022-06-22 23:21:44,698 INFO sampling started
2022-06-22 23:21:44,703 INFO 0/1000 done ( 0.00)
2022-06-22 23:21:45,270 INFO 100/1000 done (10.00)
2022-06-22 23:21:45,837 INFO 200/1000 done (20.00)
2022-06-22 23:21:46,390 INFO 300/1000 done (30.00)
2022-06-22 23:21:47,049 INFO 400/1000 done (40.00)
2022-06-22 23:21:47,597 INFO 500/1000 done (50.00)
2022-06-22 23:21:48,134 INFO 600/1000 done (60.00)
2022-06-22 23:21:48,675 INFO 700/1000 done (70.00)
2022-06-22 23:21:49,215 INFO 800/1000 done (80.00)
2022-06-22 23:21:49,764 INFO 900/1000 done (90.00)
2022-06-22 23:21:50,287 INFO sampling completed
2022-06-22 23:21:50,287 INFO sampling finished
2022-06-22 23:21:50,287 INFO computing PValue statistics
2022-06-22 23:21:50,288 INFO computing FDR statistics
# job finished in 5 seconds at Wed Jun 22 23:21:50 2022 --  6.50  0.04  0.00  0.00 -- 34f87053-bd41-4fb7-9e1c-f04706dd627f
# output generated by /home/rgomez/anaconda3/bin/gat-run.py --segments=analysis/20220622_LocationPatterns/GATfiles/Segments/NAHR_Med.bed --isochores=analysis/20220622_LocationPatterns/GATfiles/Isochores/isochores_NAHR_Med.bed --annotations=analysis/20220622_LocationPatterns/GATfiles/Annotations/annotations_repeats.bed --workspace=analysis/20220622_LocationPatterns/GATfiles/Workspace/workspace_avgBherer.bed --num-samples=1000 --log=analysis/20220622_LocationPatterns/GATresults/NAHR_Med/log/NAHR_Med_annotations_repeats.log --stdout=analysis/20220622_LocationPatterns/GATresults/NAHR_Med/tsv/NAHR_Med_annotations_repeats.tsv
# job started at Wed Jun 22 23:23:35 2022 on rgomez-pc -- 98fd49b4-27d6-4f5b-bcc0-70d99121b475
# pid: 28024, system: Linux 5.3.0-7648-generic #41~1586790036~18.04~600aeb5-Ubuntu SMP Mon Apr 13 17:47:15 UTC  x86_64
# annotation_files                        : ['analysis/20220622_LocationPatterns/GATfiles/Annotations/annotations_repeats.bed']
# annotations_label                       : None
# annotations_to_points                   : None
# bucket_size                             : 0
# cache                                   : None
# conditional                             : unconditional
# conditional_expansion                   : None
# conditional_extension                   : None
# counters                                : []
# enable_split_tracks                     : False
# ignore_segment_tracks                   : True
# input_filename_counts                   : None
# input_filename_descriptions             : None
# input_filename_results                  : None
# isochore_files                          : ['analysis/20220622_LocationPatterns/GATfiles/Isochores/isochores_NAHR_Med.bed']
# loglevel                                : 1
# nbuckets                                : 100000
# null                                    : default
# num_samples                             : 1000
# num_threads                             : 0
# output_bed                              : []
# output_counts_pattern                   : None
# output_filename_pattern                 : %s
# output_force                            : False
# output_order                            : fold
# output_plots_pattern                    : None
# output_samples_pattern                  : None
# output_stats                            : []
# output_tables_pattern                   : %s.tsv.gz
# overlapping_annotations                 : False
# pseudo_count                            : 1.0
# pvalue_method                           : empirical
# qvalue_lambda                           : None
# qvalue_method                           : BH
# qvalue_pi0_method                       : smoother
# random_seed                             : None
# restrict_workspace                      : False
# sample_files                            : []
# sampler                                 : annotator
# segment_files                           : ['analysis/20220622_LocationPatterns/GATfiles/Segments/NAHR_Med.bed']
# shift_expansion                         : 2.0
# shift_extension                         : 0
# short_help                              : None
# stderr                                  : <_io.TextIOWrapper name='<stderr>' mode='w' encoding='utf-8'>
# stdin                                   : <_io.TextIOWrapper name='<stdin>' mode='r' encoding='utf-8'>
# stdlog                                  : <_io.TextIOWrapper name='analysis/20220622_LocationPatterns/GATresults/NAHR_Med/log/NAHR_Med_annotations_repeats.log' mode='a' encoding='UTF-8'>
# stdout                                  : <_io.TextIOWrapper name='analysis/20220622_LocationPatterns/GATresults/NAHR_Med/tsv/NAHR_Med_annotations_repeats.tsv' mode='w' encoding='UTF-8'>
# timeit_file                             : None
# timeit_header                           : None
# timeit_name                             : all
# truncate_segments_to_workspace          : False
# truncate_workspace_to_annotations       : False
# workspace_files                         : ['analysis/20220622_LocationPatterns/GATfiles/Workspace/workspace_avgBherer.bed']
2022-06-22 23:23:35,526 INFO segments: reading tracks from 1 files
2022-06-22 23:23:35,526 INFO segments: read 1 tracks from 1 files
2022-06-22 23:23:35,526 INFO annotations: reading tracks from 1 files
2022-06-22 23:23:35,648 INFO annotations: read 1 tracks from 1 files
2022-06-22 23:23:35,651 INFO workspaces: reading tracks from 1 files
2022-06-22 23:23:35,652 INFO workspaces: read 1 tracks from 1 files
2022-06-22 23:23:35,652 INFO collapsing workspaces
2022-06-22 23:23:35,652 INFO isochores: reading isochores from 1 files
2022-06-22 23:23:35,654 INFO intervals loaded in 0 seconds
2022-06-22 23:23:35,654 INFO adding isochores to workspace
2022-06-22 23:23:35,654 INFO collecting observed counts
2022-06-22 23:23:35,654 INFO starting sampling
2022-06-22 23:23:35,654 INFO sampling: merged: 1/1
2022-06-22 23:23:35,654 INFO performing unconditional sampling
2022-06-22 23:23:35,655 INFO workspace without conditioning: 1090 segments, 2678195140 nucleotides
2022-06-22 23:23:35,655 INFO workspace after conditioning: 1090 segments, 2678195140 nucleotides
2022-06-22 23:23:35,655 INFO sampling started
2022-06-22 23:23:35,660 INFO 0/1000 done ( 0.00)
2022-06-22 23:23:36,092 INFO 100/1000 done (10.00)
2022-06-22 23:23:36,528 INFO 200/1000 done (20.00)
2022-06-22 23:23:37,037 INFO 300/1000 done (30.00)
2022-06-22 23:23:37,491 INFO 400/1000 done (40.00)
2022-06-22 23:23:37,949 INFO 500/1000 done (50.00)
2022-06-22 23:23:38,400 INFO 600/1000 done (60.00)
2022-06-22 23:23:38,845 INFO 700/1000 done (70.00)
2022-06-22 23:23:39,287 INFO 800/1000 done (80.00)
2022-06-22 23:23:39,730 INFO 900/1000 done (90.00)
2022-06-22 23:23:40,163 INFO sampling completed
2022-06-22 23:23:40,164 INFO sampling finished
2022-06-22 23:23:40,164 INFO computing PValue statistics
2022-06-22 23:23:40,164 INFO computing FDR statistics
# job finished in 4 seconds at Wed Jun 22 23:23:40 2022 --  5.48  0.10  0.00  0.00 -- 98fd49b4-27d6-4f5b-bcc0-70d99121b475
# output generated by /home/rgomez/anaconda3/bin/gat-run.py --segments=analysis/20220622_LocationPatterns/GATfiles/Segments/NAHR_Med.bed --isochores=analysis/20220622_LocationPatterns/GATfiles/Isochores/isochores_NAHR_Med.bed --annotations=analysis/20220622_LocationPatterns/GATfiles/Annotations/annotations_repeats.bed --workspace=analysis/20220622_LocationPatterns/GATfiles/Workspace/workspace_avgBherer.bed --num-samples=1000 --log=analysis/20220622_LocationPatterns/GATresults/NAHR_Med/log/NAHR_Med_annotations_repeats.log --stdout=analysis/20220622_LocationPatterns/GATresults/NAHR_Med/tsv/NAHR_Med_annotations_repeats.tsv
# job started at Wed Jun 22 23:24:40 2022 on rgomez-pc -- 413819c4-34be-43ba-9e31-e726785f148c
# pid: 28185, system: Linux 5.3.0-7648-generic #41~1586790036~18.04~600aeb5-Ubuntu SMP Mon Apr 13 17:47:15 UTC  x86_64
# annotation_files                        : ['analysis/20220622_LocationPatterns/GATfiles/Annotations/annotations_repeats.bed']
# annotations_label                       : None
# annotations_to_points                   : None
# bucket_size                             : 0
# cache                                   : None
# conditional                             : unconditional
# conditional_expansion                   : None
# conditional_extension                   : None
# counters                                : []
# enable_split_tracks                     : False
# ignore_segment_tracks                   : True
# input_filename_counts                   : None
# input_filename_descriptions             : None
# input_filename_results                  : None
# isochore_files                          : ['analysis/20220622_LocationPatterns/GATfiles/Isochores/isochores_NAHR_Med.bed']
# loglevel                                : 1
# nbuckets                                : 100000
# null                                    : default
# num_samples                             : 1000
# num_threads                             : 0
# output_bed                              : []
# output_counts_pattern                   : None
# output_filename_pattern                 : %s
# output_force                            : False
# output_order                            : fold
# output_plots_pattern                    : None
# output_samples_pattern                  : None
# output_stats                            : []
# output_tables_pattern                   : %s.tsv.gz
# overlapping_annotations                 : False
# pseudo_count                            : 1.0
# pvalue_method                           : empirical
# qvalue_lambda                           : None
# qvalue_method                           : BH
# qvalue_pi0_method                       : smoother
# random_seed                             : None
# restrict_workspace                      : False
# sample_files                            : []
# sampler                                 : annotator
# segment_files                           : ['analysis/20220622_LocationPatterns/GATfiles/Segments/NAHR_Med.bed']
# shift_expansion                         : 2.0
# shift_extension                         : 0
# short_help                              : None
# stderr                                  : <_io.TextIOWrapper name='<stderr>' mode='w' encoding='utf-8'>
# stdin                                   : <_io.TextIOWrapper name='<stdin>' mode='r' encoding='utf-8'>
# stdlog                                  : <_io.TextIOWrapper name='analysis/20220622_LocationPatterns/GATresults/NAHR_Med/log/NAHR_Med_annotations_repeats.log' mode='a' encoding='UTF-8'>
# stdout                                  : <_io.TextIOWrapper name='analysis/20220622_LocationPatterns/GATresults/NAHR_Med/tsv/NAHR_Med_annotations_repeats.tsv' mode='w' encoding='UTF-8'>
# timeit_file                             : None
# timeit_header                           : None
# timeit_name                             : all
# truncate_segments_to_workspace          : False
# truncate_workspace_to_annotations       : False
# workspace_files                         : ['analysis/20220622_LocationPatterns/GATfiles/Workspace/workspace_avgBherer.bed']
2022-06-22 23:24:40,474 INFO segments: reading tracks from 1 files
2022-06-22 23:24:40,474 INFO segments: read 1 tracks from 1 files
2022-06-22 23:24:40,475 INFO annotations: reading tracks from 1 files
2022-06-22 23:24:40,589 INFO annotations: read 1 tracks from 1 files
2022-06-22 23:24:40,592 INFO workspaces: reading tracks from 1 files
2022-06-22 23:24:40,593 INFO workspaces: read 1 tracks from 1 files
2022-06-22 23:24:40,593 INFO collapsing workspaces
2022-06-22 23:24:40,593 INFO isochores: reading isochores from 1 files
2022-06-22 23:24:40,595 INFO intervals loaded in 0 seconds
2022-06-22 23:24:40,595 INFO adding isochores to workspace
2022-06-22 23:24:40,595 INFO collecting observed counts
2022-06-22 23:24:40,595 INFO starting sampling
2022-06-22 23:24:40,595 INFO sampling: merged: 1/1
2022-06-22 23:24:40,595 INFO performing unconditional sampling
2022-06-22 23:24:40,596 INFO workspace without conditioning: 1090 segments, 2678195140 nucleotides
2022-06-22 23:24:40,596 INFO workspace after conditioning: 1090 segments, 2678195140 nucleotides
2022-06-22 23:24:40,596 INFO sampling started
2022-06-22 23:24:40,600 INFO 0/1000 done ( 0.00)
2022-06-22 23:24:40,851 INFO 100/1000 done (10.00)
2022-06-22 23:24:41,128 INFO 200/1000 done (20.00)
2022-06-22 23:24:41,385 INFO 300/1000 done (30.00)
2022-06-22 23:24:41,634 INFO 400/1000 done (40.00)
2022-06-22 23:24:41,883 INFO 500/1000 done (50.00)
2022-06-22 23:24:42,137 INFO 600/1000 done (60.00)
2022-06-22 23:24:42,386 INFO 700/1000 done (70.00)
2022-06-22 23:24:42,634 INFO 800/1000 done (80.00)
2022-06-22 23:24:42,888 INFO 900/1000 done (90.00)
2022-06-22 23:24:43,142 INFO sampling completed
2022-06-22 23:24:43,143 INFO sampling finished
2022-06-22 23:24:43,143 INFO computing PValue statistics
2022-06-22 23:24:43,144 INFO computing FDR statistics
# job finished in 2 seconds at Wed Jun 22 23:24:43 2022 --  3.56  0.06  0.00  0.00 -- 413819c4-34be-43ba-9e31-e726785f148c
# output generated by /home/rgomez/anaconda3/bin/gat-run.py --segments=analysis/20220622_LocationPatterns/GATfiles/Segments/NAHR_Med.bed --isochores=analysis/20220622_LocationPatterns/GATfiles/Isochores/isochores_NAHR_Med.bed --annotations=analysis/20220622_LocationPatterns/GATfiles/Annotations/annotations_repeats.bed --workspace=analysis/20220622_LocationPatterns/GATfiles/Workspace/workspace_avgBherer.bed --num-samples=1000 --log=analysis/20220622_LocationPatterns/GATresults/NAHR_Med/log/NAHR_Med_annotations_repeats.log --stdout=analysis/20220622_LocationPatterns/GATresults/NAHR_Med/tsv/NAHR_Med_annotations_repeats.tsv
# job started at Wed Jun 22 23:26:10 2022 on rgomez-pc -- f4650a73-20df-4c40-9070-f19e291410fc
# pid: 28362, system: Linux 5.3.0-7648-generic #41~1586790036~18.04~600aeb5-Ubuntu SMP Mon Apr 13 17:47:15 UTC  x86_64
# annotation_files                        : ['analysis/20220622_LocationPatterns/GATfiles/Annotations/annotations_repeats.bed']
# annotations_label                       : None
# annotations_to_points                   : None
# bucket_size                             : 0
# cache                                   : None
# conditional                             : unconditional
# conditional_expansion                   : None
# conditional_extension                   : None
# counters                                : []
# enable_split_tracks                     : False
# ignore_segment_tracks                   : True
# input_filename_counts                   : None
# input_filename_descriptions             : None
# input_filename_results                  : None
# isochore_files                          : ['analysis/20220622_LocationPatterns/GATfiles/Isochores/isochores_NAHR_Med.bed']
# loglevel                                : 1
# nbuckets                                : 100000
# null                                    : default
# num_samples                             : 1000
# num_threads                             : 0
# output_bed                              : []
# output_counts_pattern                   : None
# output_filename_pattern                 : %s
# output_force                            : False
# output_order                            : fold
# output_plots_pattern                    : None
# output_samples_pattern                  : None
# output_stats                            : []
# output_tables_pattern                   : %s.tsv.gz
# overlapping_annotations                 : False
# pseudo_count                            : 1.0
# pvalue_method                           : empirical
# qvalue_lambda                           : None
# qvalue_method                           : BH
# qvalue_pi0_method                       : smoother
# random_seed                             : None
# restrict_workspace                      : False
# sample_files                            : []
# sampler                                 : annotator
# segment_files                           : ['analysis/20220622_LocationPatterns/GATfiles/Segments/NAHR_Med.bed']
# shift_expansion                         : 2.0
# shift_extension                         : 0
# short_help                              : None
# stderr                                  : <_io.TextIOWrapper name='<stderr>' mode='w' encoding='utf-8'>
# stdin                                   : <_io.TextIOWrapper name='<stdin>' mode='r' encoding='utf-8'>
# stdlog                                  : <_io.TextIOWrapper name='analysis/20220622_LocationPatterns/GATresults/NAHR_Med/log/NAHR_Med_annotations_repeats.log' mode='a' encoding='UTF-8'>
# stdout                                  : <_io.TextIOWrapper name='analysis/20220622_LocationPatterns/GATresults/NAHR_Med/tsv/NAHR_Med_annotations_repeats.tsv' mode='w' encoding='UTF-8'>
# timeit_file                             : None
# timeit_header                           : None
# timeit_name                             : all
# truncate_segments_to_workspace          : False
# truncate_workspace_to_annotations       : False
# workspace_files                         : ['analysis/20220622_LocationPatterns/GATfiles/Workspace/workspace_avgBherer.bed']
2022-06-22 23:26:10,726 INFO segments: reading tracks from 1 files
2022-06-22 23:26:10,726 INFO segments: read 1 tracks from 1 files
2022-06-22 23:26:10,727 INFO annotations: reading tracks from 1 files
2022-06-22 23:26:10,841 INFO annotations: read 1 tracks from 1 files
2022-06-22 23:26:10,845 INFO workspaces: reading tracks from 1 files
2022-06-22 23:26:10,845 INFO workspaces: read 1 tracks from 1 files
2022-06-22 23:26:10,845 INFO collapsing workspaces
2022-06-22 23:26:10,845 INFO isochores: reading isochores from 1 files
2022-06-22 23:26:10,847 INFO intervals loaded in 0 seconds
2022-06-22 23:26:10,847 INFO adding isochores to workspace
2022-06-22 23:26:10,848 INFO collecting observed counts
2022-06-22 23:26:10,848 INFO starting sampling
2022-06-22 23:26:10,848 INFO sampling: merged: 1/1
2022-06-22 23:26:10,848 INFO performing unconditional sampling
2022-06-22 23:26:10,849 INFO workspace without conditioning: 1090 segments, 2678195140 nucleotides
2022-06-22 23:26:10,849 INFO workspace after conditioning: 1090 segments, 2678195140 nucleotides
2022-06-22 23:26:10,849 INFO sampling started
2022-06-22 23:26:10,852 INFO 0/1000 done ( 0.00)
2022-06-22 23:26:11,111 INFO 100/1000 done (10.00)
2022-06-22 23:26:11,370 INFO 200/1000 done (20.00)
2022-06-22 23:26:11,632 INFO 300/1000 done (30.00)
2022-06-22 23:26:11,912 INFO 400/1000 done (40.00)
2022-06-22 23:26:12,169 INFO 500/1000 done (50.00)
2022-06-22 23:26:12,431 INFO 600/1000 done (60.00)
2022-06-22 23:26:12,688 INFO 700/1000 done (70.00)
2022-06-22 23:26:12,947 INFO 800/1000 done (80.00)
2022-06-22 23:26:13,201 INFO 900/1000 done (90.00)
2022-06-22 23:26:13,452 INFO sampling completed
2022-06-22 23:26:13,453 INFO sampling finished
2022-06-22 23:26:13,453 INFO computing PValue statistics
2022-06-22 23:26:13,454 INFO computing FDR statistics
# job finished in 2 seconds at Wed Jun 22 23:26:13 2022 --  3.61  0.07  0.00  0.00 -- f4650a73-20df-4c40-9070-f19e291410fc
# output generated by /home/rgomez/anaconda3/bin/gat-run.py --segments=analysis/20220622_LocationPatterns/GATfiles/Segments/NAHR_Med.bed --isochores=analysis/20220622_LocationPatterns/GATfiles/Isochores/isochores_NAHR_Med.bed --annotations=analysis/20220622_LocationPatterns/GATfiles/Annotations/annotations_repeats.bed --workspace=analysis/20220622_LocationPatterns/GATfiles/Workspace/workspace_avgBherer.bed --num-samples=1000 --log=analysis/20220622_LocationPatterns/GATresults/NAHR_Med/log/NAHR_Med_annotations_repeats.log --stdout=analysis/20220622_LocationPatterns/GATresults/NAHR_Med/tsv/NAHR_Med_annotations_repeats.tsv
# job started at Wed Jun 22 23:30:54 2022 on rgomez-pc -- 8afdffe7-da9f-491a-8bc4-a8fb37dc74b4
# pid: 28616, system: Linux 5.3.0-7648-generic #41~1586790036~18.04~600aeb5-Ubuntu SMP Mon Apr 13 17:47:15 UTC  x86_64
# annotation_files                        : ['analysis/20220622_LocationPatterns/GATfiles/Annotations/annotations_repeats.bed']
# annotations_label                       : None
# annotations_to_points                   : None
# bucket_size                             : 0
# cache                                   : None
# conditional                             : unconditional
# conditional_expansion                   : None
# conditional_extension                   : None
# counters                                : []
# enable_split_tracks                     : False
# ignore_segment_tracks                   : True
# input_filename_counts                   : None
# input_filename_descriptions             : None
# input_filename_results                  : None
# isochore_files                          : ['analysis/20220622_LocationPatterns/GATfiles/Isochores/isochores_NAHR_Med.bed']
# loglevel                                : 1
# nbuckets                                : 100000
# null                                    : default
# num_samples                             : 1000
# num_threads                             : 0
# output_bed                              : []
# output_counts_pattern                   : None
# output_filename_pattern                 : %s
# output_force                            : False
# output_order                            : fold
# output_plots_pattern                    : None
# output_samples_pattern                  : None
# output_stats                            : []
# output_tables_pattern                   : %s.tsv.gz
# overlapping_annotations                 : False
# pseudo_count                            : 1.0
# pvalue_method                           : empirical
# qvalue_lambda                           : None
# qvalue_method                           : BH
# qvalue_pi0_method                       : smoother
# random_seed                             : None
# restrict_workspace                      : False
# sample_files                            : []
# sampler                                 : annotator
# segment_files                           : ['analysis/20220622_LocationPatterns/GATfiles/Segments/NAHR_Med.bed']
# shift_expansion                         : 2.0
# shift_extension                         : 0
# short_help                              : None
# stderr                                  : <_io.TextIOWrapper name='<stderr>' mode='w' encoding='utf-8'>
# stdin                                   : <_io.TextIOWrapper name='<stdin>' mode='r' encoding='utf-8'>
# stdlog                                  : <_io.TextIOWrapper name='analysis/20220622_LocationPatterns/GATresults/NAHR_Med/log/NAHR_Med_annotations_repeats.log' mode='a' encoding='UTF-8'>
# stdout                                  : <_io.TextIOWrapper name='analysis/20220622_LocationPatterns/GATresults/NAHR_Med/tsv/NAHR_Med_annotations_repeats.tsv' mode='w' encoding='UTF-8'>
# timeit_file                             : None
# timeit_header                           : None
# timeit_name                             : all
# truncate_segments_to_workspace          : False
# truncate_workspace_to_annotations       : False
# workspace_files                         : ['analysis/20220622_LocationPatterns/GATfiles/Workspace/workspace_avgBherer.bed']
2022-06-22 23:30:54,191 INFO segments: reading tracks from 1 files
2022-06-22 23:30:54,191 INFO segments: read 1 tracks from 1 files
2022-06-22 23:30:54,191 INFO annotations: reading tracks from 1 files
2022-06-22 23:30:54,300 INFO annotations: read 1 tracks from 1 files
2022-06-22 23:30:54,304 INFO workspaces: reading tracks from 1 files
2022-06-22 23:30:54,304 INFO workspaces: read 1 tracks from 1 files
2022-06-22 23:30:54,304 INFO collapsing workspaces
2022-06-22 23:30:54,305 INFO isochores: reading isochores from 1 files
2022-06-22 23:30:54,306 INFO intervals loaded in 0 seconds
2022-06-22 23:30:54,306 INFO adding isochores to workspace
2022-06-22 23:30:54,307 INFO collecting observed counts
2022-06-22 23:30:54,307 INFO starting sampling
2022-06-22 23:30:54,307 INFO sampling: merged: 1/1
2022-06-22 23:30:54,307 INFO performing unconditional sampling
2022-06-22 23:30:54,307 INFO workspace without conditioning: 1090 segments, 2678195140 nucleotides
2022-06-22 23:30:54,308 INFO workspace after conditioning: 1090 segments, 2678195140 nucleotides
2022-06-22 23:30:54,308 INFO sampling started
2022-06-22 23:30:54,311 INFO 0/1000 done ( 0.00)
2022-06-22 23:30:54,593 INFO 100/1000 done (10.00)
2022-06-22 23:30:54,874 INFO 200/1000 done (20.00)
2022-06-22 23:30:55,161 INFO 300/1000 done (30.00)
2022-06-22 23:30:55,447 INFO 400/1000 done (40.00)
2022-06-22 23:30:55,732 INFO 500/1000 done (50.00)
2022-06-22 23:30:56,016 INFO 600/1000 done (60.00)
2022-06-22 23:30:56,300 INFO 700/1000 done (70.00)
2022-06-22 23:30:56,581 INFO 800/1000 done (80.00)
2022-06-22 23:30:56,870 INFO 900/1000 done (90.00)
2022-06-22 23:30:57,149 INFO sampling completed
2022-06-22 23:30:57,150 INFO sampling finished
2022-06-22 23:30:57,150 INFO computing PValue statistics
2022-06-22 23:30:57,151 INFO computing FDR statistics
# job finished in 2 seconds at Wed Jun 22 23:30:57 2022 --  3.87  0.07  0.00  0.00 -- 8afdffe7-da9f-491a-8bc4-a8fb37dc74b4
# output generated by /home/rgomez/anaconda3/bin/gat-run.py --segments=analysis/20220622_LocationPatterns/GATfiles/Segments/NAHR_Med.bed --isochores=analysis/20220622_LocationPatterns/GATfiles/Isochores/isochores_NAHR_Med.bed --annotations=analysis/20220622_LocationPatterns/GATfiles/Annotations/annotations_repeats.bed --workspace=analysis/20220622_LocationPatterns/GATfiles/Workspace/workspace_avgBherer.bed --num-samples=1000 --log=analysis/20220622_LocationPatterns/GATresults/NAHR_Med/log/NAHR_Med_annotations_repeats.log --stdout=analysis/20220622_LocationPatterns/GATresults/NAHR_Med/tsv/NAHR_Med_annotations_repeats.tsv
# job started at Wed Jun 22 23:32:24 2022 on rgomez-pc -- 9c9f4a99-74bd-4782-bd27-adf53ef17e87
# pid: 28798, system: Linux 5.3.0-7648-generic #41~1586790036~18.04~600aeb5-Ubuntu SMP Mon Apr 13 17:47:15 UTC  x86_64
# annotation_files                        : ['analysis/20220622_LocationPatterns/GATfiles/Annotations/annotations_repeats.bed']
# annotations_label                       : None
# annotations_to_points                   : None
# bucket_size                             : 0
# cache                                   : None
# conditional                             : unconditional
# conditional_expansion                   : None
# conditional_extension                   : None
# counters                                : []
# enable_split_tracks                     : False
# ignore_segment_tracks                   : True
# input_filename_counts                   : None
# input_filename_descriptions             : None
# input_filename_results                  : None
# isochore_files                          : ['analysis/20220622_LocationPatterns/GATfiles/Isochores/isochores_NAHR_Med.bed']
# loglevel                                : 1
# nbuckets                                : 100000
# null                                    : default
# num_samples                             : 1000
# num_threads                             : 0
# output_bed                              : []
# output_counts_pattern                   : None
# output_filename_pattern                 : %s
# output_force                            : False
# output_order                            : fold
# output_plots_pattern                    : None
# output_samples_pattern                  : None
# output_stats                            : []
# output_tables_pattern                   : %s.tsv.gz
# overlapping_annotations                 : False
# pseudo_count                            : 1.0
# pvalue_method                           : empirical
# qvalue_lambda                           : None
# qvalue_method                           : BH
# qvalue_pi0_method                       : smoother
# random_seed                             : None
# restrict_workspace                      : False
# sample_files                            : []
# sampler                                 : annotator
# segment_files                           : ['analysis/20220622_LocationPatterns/GATfiles/Segments/NAHR_Med.bed']
# shift_expansion                         : 2.0
# shift_extension                         : 0
# short_help                              : None
# stderr                                  : <_io.TextIOWrapper name='<stderr>' mode='w' encoding='utf-8'>
# stdin                                   : <_io.TextIOWrapper name='<stdin>' mode='r' encoding='utf-8'>
# stdlog                                  : <_io.TextIOWrapper name='analysis/20220622_LocationPatterns/GATresults/NAHR_Med/log/NAHR_Med_annotations_repeats.log' mode='a' encoding='UTF-8'>
# stdout                                  : <_io.TextIOWrapper name='analysis/20220622_LocationPatterns/GATresults/NAHR_Med/tsv/NAHR_Med_annotations_repeats.tsv' mode='w' encoding='UTF-8'>
# timeit_file                             : None
# timeit_header                           : None
# timeit_name                             : all
# truncate_segments_to_workspace          : False
# truncate_workspace_to_annotations       : False
# workspace_files                         : ['analysis/20220622_LocationPatterns/GATfiles/Workspace/workspace_avgBherer.bed']
2022-06-22 23:32:24,507 INFO segments: reading tracks from 1 files
2022-06-22 23:32:24,507 INFO segments: read 1 tracks from 1 files
2022-06-22 23:32:24,507 INFO annotations: reading tracks from 1 files
2022-06-22 23:32:24,623 INFO annotations: read 1 tracks from 1 files
2022-06-22 23:32:24,627 INFO workspaces: reading tracks from 1 files
2022-06-22 23:32:24,627 INFO workspaces: read 1 tracks from 1 files
2022-06-22 23:32:24,627 INFO collapsing workspaces
2022-06-22 23:32:24,627 INFO isochores: reading isochores from 1 files
2022-06-22 23:32:24,629 INFO intervals loaded in 0 seconds
2022-06-22 23:32:24,629 INFO adding isochores to workspace
2022-06-22 23:32:24,629 INFO collecting observed counts
2022-06-22 23:32:24,630 INFO starting sampling
2022-06-22 23:32:24,630 INFO sampling: merged: 1/1
2022-06-22 23:32:24,630 INFO performing unconditional sampling
2022-06-22 23:32:24,630 INFO workspace without conditioning: 1090 segments, 2678195140 nucleotides
2022-06-22 23:32:24,630 INFO workspace after conditioning: 1090 segments, 2678195140 nucleotides
2022-06-22 23:32:24,631 INFO sampling started
2022-06-22 23:32:24,634 INFO 0/1000 done ( 0.00)
2022-06-22 23:32:24,924 INFO 100/1000 done (10.00)
2022-06-22 23:32:25,246 INFO 200/1000 done (20.00)
2022-06-22 23:32:25,557 INFO 300/1000 done (30.00)
2022-06-22 23:32:25,848 INFO 400/1000 done (40.00)
2022-06-22 23:32:26,142 INFO 500/1000 done (50.00)
2022-06-22 23:32:26,433 INFO 600/1000 done (60.00)
2022-06-22 23:32:26,720 INFO 700/1000 done (70.00)
2022-06-22 23:32:27,007 INFO 800/1000 done (80.00)
2022-06-22 23:32:27,295 INFO 900/1000 done (90.00)
2022-06-22 23:32:27,577 INFO sampling completed
2022-06-22 23:32:27,577 INFO sampling finished
2022-06-22 23:32:27,577 INFO computing PValue statistics
2022-06-22 23:32:27,578 INFO computing FDR statistics
# job finished in 3 seconds at Wed Jun 22 23:32:27 2022 --  4.17  0.06  0.00  0.00 -- 9c9f4a99-74bd-4782-bd27-adf53ef17e87
# output generated by /home/rgomez/anaconda3/bin/gat-run.py --segments=analysis/20220622_LocationPatterns/GATfiles/Segments/NAHR_Med.bed --isochores=analysis/20220622_LocationPatterns/GATfiles/Isochores/isochores_NAHR_Med.bed --annotations=analysis/20220622_LocationPatterns/GATfiles/Annotations/annotations_repeats.bed --workspace=analysis/20220622_LocationPatterns/GATfiles/Workspace/workspace_avgBherer.bed --num-samples=1000 --log=analysis/20220622_LocationPatterns/GATresults/NAHR_Med/log/NAHR_Med_annotations_repeats.log --stdout=analysis/20220622_LocationPatterns/GATresults/NAHR_Med/tsv/NAHR_Med_annotations_repeats.tsv
# job started at Wed Jun 22 23:36:52 2022 on rgomez-pc -- b0e1870e-0ada-4a14-8db7-2427cd7264b9
# pid: 29017, system: Linux 5.3.0-7648-generic #41~1586790036~18.04~600aeb5-Ubuntu SMP Mon Apr 13 17:47:15 UTC  x86_64
# annotation_files                        : ['analysis/20220622_LocationPatterns/GATfiles/Annotations/annotations_repeats.bed']
# annotations_label                       : None
# annotations_to_points                   : None
# bucket_size                             : 0
# cache                                   : None
# conditional                             : unconditional
# conditional_expansion                   : None
# conditional_extension                   : None
# counters                                : []
# enable_split_tracks                     : False
# ignore_segment_tracks                   : True
# input_filename_counts                   : None
# input_filename_descriptions             : None
# input_filename_results                  : None
# isochore_files                          : ['analysis/20220622_LocationPatterns/GATfiles/Isochores/isochores_NAHR_Med.bed']
# loglevel                                : 1
# nbuckets                                : 100000
# null                                    : default
# num_samples                             : 1000
# num_threads                             : 0
# output_bed                              : []
# output_counts_pattern                   : None
# output_filename_pattern                 : %s
# output_force                            : False
# output_order                            : fold
# output_plots_pattern                    : None
# output_samples_pattern                  : None
# output_stats                            : []
# output_tables_pattern                   : %s.tsv.gz
# overlapping_annotations                 : False
# pseudo_count                            : 1.0
# pvalue_method                           : empirical
# qvalue_lambda                           : None
# qvalue_method                           : BH
# qvalue_pi0_method                       : smoother
# random_seed                             : None
# restrict_workspace                      : False
# sample_files                            : []
# sampler                                 : annotator
# segment_files                           : ['analysis/20220622_LocationPatterns/GATfiles/Segments/NAHR_Med.bed']
# shift_expansion                         : 2.0
# shift_extension                         : 0
# short_help                              : None
# stderr                                  : <_io.TextIOWrapper name='<stderr>' mode='w' encoding='utf-8'>
# stdin                                   : <_io.TextIOWrapper name='<stdin>' mode='r' encoding='utf-8'>
# stdlog                                  : <_io.TextIOWrapper name='analysis/20220622_LocationPatterns/GATresults/NAHR_Med/log/NAHR_Med_annotations_repeats.log' mode='a' encoding='UTF-8'>
# stdout                                  : <_io.TextIOWrapper name='analysis/20220622_LocationPatterns/GATresults/NAHR_Med/tsv/NAHR_Med_annotations_repeats.tsv' mode='w' encoding='UTF-8'>
# timeit_file                             : None
# timeit_header                           : None
# timeit_name                             : all
# truncate_segments_to_workspace          : False
# truncate_workspace_to_annotations       : False
# workspace_files                         : ['analysis/20220622_LocationPatterns/GATfiles/Workspace/workspace_avgBherer.bed']
2022-06-22 23:36:52,956 INFO segments: reading tracks from 1 files
2022-06-22 23:36:52,956 INFO segments: read 1 tracks from 1 files
2022-06-22 23:36:52,956 INFO annotations: reading tracks from 1 files
2022-06-22 23:36:53,068 INFO annotations: read 1 tracks from 1 files
2022-06-22 23:36:53,072 INFO workspaces: reading tracks from 1 files
2022-06-22 23:36:53,072 INFO workspaces: read 1 tracks from 1 files
2022-06-22 23:36:53,072 INFO collapsing workspaces
2022-06-22 23:36:53,072 INFO isochores: reading isochores from 1 files
2022-06-22 23:36:53,074 INFO intervals loaded in 0 seconds
2022-06-22 23:36:53,074 INFO adding isochores to workspace
2022-06-22 23:36:53,075 INFO collecting observed counts
2022-06-22 23:36:53,075 INFO starting sampling
2022-06-22 23:36:53,075 INFO sampling: merged: 1/1
2022-06-22 23:36:53,075 INFO performing unconditional sampling
2022-06-22 23:36:53,075 INFO workspace without conditioning: 1090 segments, 2678195140 nucleotides
2022-06-22 23:36:53,076 INFO workspace after conditioning: 1090 segments, 2678195140 nucleotides
2022-06-22 23:36:53,076 INFO sampling started
2022-06-22 23:36:53,078 INFO 0/1000 done ( 0.00)
2022-06-22 23:36:53,345 INFO 100/1000 done (10.00)
2022-06-22 23:36:53,610 INFO 200/1000 done (20.00)
2022-06-22 23:36:53,852 INFO 300/1000 done (30.00)
2022-06-22 23:36:54,111 INFO 400/1000 done (40.00)
2022-06-22 23:36:54,373 INFO 500/1000 done (50.00)
2022-06-22 23:36:54,616 INFO 600/1000 done (60.00)
2022-06-22 23:36:54,860 INFO 700/1000 done (70.00)
2022-06-22 23:36:55,094 INFO 800/1000 done (80.00)
2022-06-22 23:36:55,339 INFO 900/1000 done (90.00)
2022-06-22 23:36:55,584 INFO sampling completed
2022-06-22 23:36:55,585 INFO sampling finished
2022-06-22 23:36:55,585 INFO computing PValue statistics
2022-06-22 23:36:55,585 INFO computing FDR statistics
# job finished in 2 seconds at Wed Jun 22 23:36:55 2022 --  3.52  0.09  0.00  0.00 -- b0e1870e-0ada-4a14-8db7-2427cd7264b9
# output generated by /home/rgomez/anaconda3/bin/gat-run.py --segments=analysis/20220622_LocationPatterns/GATfiles/Segments/NAHR_Med.bed --isochores=analysis/20220622_LocationPatterns/GATfiles/Isochores/isochores_NAHR_Med.bed --annotations=analysis/20220622_LocationPatterns/GATfiles/Annotations/annotations_repeats.bed --workspace=analysis/20220622_LocationPatterns/GATfiles/Workspace/workspace_avgBherer.bed --num-samples=1000 --log=analysis/20220622_LocationPatterns/GATresults/NAHR_Med/log/NAHR_Med_annotations_repeats.log --stdout=analysis/20220622_LocationPatterns/GATresults/NAHR_Med/tsv/NAHR_Med_annotations_repeats.tsv
# job started at Wed Jun 22 23:37:54 2022 on rgomez-pc -- c9d6b3ab-5cd3-4941-9768-7ef1f9dc4d11
# pid: 29148, system: Linux 5.3.0-7648-generic #41~1586790036~18.04~600aeb5-Ubuntu SMP Mon Apr 13 17:47:15 UTC  x86_64
# annotation_files                        : ['analysis/20220622_LocationPatterns/GATfiles/Annotations/annotations_repeats.bed']
# annotations_label                       : None
# annotations_to_points                   : None
# bucket_size                             : 0
# cache                                   : None
# conditional                             : unconditional
# conditional_expansion                   : None
# conditional_extension                   : None
# counters                                : []
# enable_split_tracks                     : False
# ignore_segment_tracks                   : True
# input_filename_counts                   : None
# input_filename_descriptions             : None
# input_filename_results                  : None
# isochore_files                          : ['analysis/20220622_LocationPatterns/GATfiles/Isochores/isochores_NAHR_Med.bed']
# loglevel                                : 1
# nbuckets                                : 100000
# null                                    : default
# num_samples                             : 1000
# num_threads                             : 0
# output_bed                              : []
# output_counts_pattern                   : None
# output_filename_pattern                 : %s
# output_force                            : False
# output_order                            : fold
# output_plots_pattern                    : None
# output_samples_pattern                  : None
# output_stats                            : []
# output_tables_pattern                   : %s.tsv.gz
# overlapping_annotations                 : False
# pseudo_count                            : 1.0
# pvalue_method                           : empirical
# qvalue_lambda                           : None
# qvalue_method                           : BH
# qvalue_pi0_method                       : smoother
# random_seed                             : None
# restrict_workspace                      : False
# sample_files                            : []
# sampler                                 : annotator
# segment_files                           : ['analysis/20220622_LocationPatterns/GATfiles/Segments/NAHR_Med.bed']
# shift_expansion                         : 2.0
# shift_extension                         : 0
# short_help                              : None
# stderr                                  : <_io.TextIOWrapper name='<stderr>' mode='w' encoding='utf-8'>
# stdin                                   : <_io.TextIOWrapper name='<stdin>' mode='r' encoding='utf-8'>
# stdlog                                  : <_io.TextIOWrapper name='analysis/20220622_LocationPatterns/GATresults/NAHR_Med/log/NAHR_Med_annotations_repeats.log' mode='a' encoding='UTF-8'>
# stdout                                  : <_io.TextIOWrapper name='analysis/20220622_LocationPatterns/GATresults/NAHR_Med/tsv/NAHR_Med_annotations_repeats.tsv' mode='w' encoding='UTF-8'>
# timeit_file                             : None
# timeit_header                           : None
# timeit_name                             : all
# truncate_segments_to_workspace          : False
# truncate_workspace_to_annotations       : False
# workspace_files                         : ['analysis/20220622_LocationPatterns/GATfiles/Workspace/workspace_avgBherer.bed']
2022-06-22 23:37:54,998 INFO segments: reading tracks from 1 files
2022-06-22 23:37:54,999 INFO segments: read 1 tracks from 1 files
2022-06-22 23:37:54,999 INFO annotations: reading tracks from 1 files
2022-06-22 23:37:55,110 INFO annotations: read 1 tracks from 1 files
2022-06-22 23:37:55,113 INFO workspaces: reading tracks from 1 files
2022-06-22 23:37:55,114 INFO workspaces: read 1 tracks from 1 files
2022-06-22 23:37:55,114 INFO collapsing workspaces
2022-06-22 23:37:55,114 INFO isochores: reading isochores from 1 files
2022-06-22 23:37:55,116 INFO intervals loaded in 0 seconds
2022-06-22 23:37:55,116 INFO adding isochores to workspace
2022-06-22 23:37:55,116 INFO collecting observed counts
2022-06-22 23:37:55,116 INFO starting sampling
2022-06-22 23:37:55,116 INFO sampling: merged: 1/1
2022-06-22 23:37:55,116 INFO performing unconditional sampling
2022-06-22 23:37:55,117 INFO workspace without conditioning: 1090 segments, 2678195140 nucleotides
2022-06-22 23:37:55,117 INFO workspace after conditioning: 1090 segments, 2678195140 nucleotides
2022-06-22 23:37:55,117 INFO sampling started
2022-06-22 23:37:55,121 INFO 0/1000 done ( 0.00)
2022-06-22 23:37:55,354 INFO 100/1000 done (10.00)
2022-06-22 23:37:55,567 INFO 200/1000 done (20.00)
2022-06-22 23:37:55,774 INFO 300/1000 done (30.00)
2022-06-22 23:37:55,964 INFO 400/1000 done (40.00)
2022-06-22 23:37:56,165 INFO 500/1000 done (50.00)
2022-06-22 23:37:56,358 INFO 600/1000 done (60.00)
2022-06-22 23:37:56,560 INFO 700/1000 done (70.00)
2022-06-22 23:37:56,752 INFO 800/1000 done (80.00)
2022-06-22 23:37:56,953 INFO 900/1000 done (90.00)
2022-06-22 23:37:57,149 INFO sampling completed
2022-06-22 23:37:57,150 INFO sampling finished
2022-06-22 23:37:57,150 INFO computing PValue statistics
2022-06-22 23:37:57,150 INFO computing FDR statistics
# job finished in 2 seconds at Wed Jun 22 23:37:57 2022 --  3.11  0.05  0.00  0.00 -- c9d6b3ab-5cd3-4941-9768-7ef1f9dc4d11
# output generated by /home/rgomez/anaconda3/bin/gat-run.py --segments=analysis/20220622_LocationPatterns/GATfiles/Segments/NAHR_Med.bed --isochores=analysis/20220622_LocationPatterns/GATfiles/Isochores/isochores_NAHR_Med.bed --annotations=analysis/20220622_LocationPatterns/GATfiles/Annotations/annotations_repeats.bed --workspace=analysis/20220622_LocationPatterns/GATfiles/Workspace/workspace_avgBherer.bed --num-samples=1000 --log=analysis/20220622_LocationPatterns/GATresults/NAHR_Med/log/NAHR_Med_annotations_repeats.log --stdout=analysis/20220622_LocationPatterns/GATresults/NAHR_Med/tsv/NAHR_Med_annotations_repeats.tsv
# job started at Wed Jun 22 23:39:05 2022 on rgomez-pc -- 4e55a6d9-8567-4117-8974-3ebf996f1174
# pid: 29309, system: Linux 5.3.0-7648-generic #41~1586790036~18.04~600aeb5-Ubuntu SMP Mon Apr 13 17:47:15 UTC  x86_64
# annotation_files                        : ['analysis/20220622_LocationPatterns/GATfiles/Annotations/annotations_repeats.bed']
# annotations_label                       : None
# annotations_to_points                   : None
# bucket_size                             : 0
# cache                                   : None
# conditional                             : unconditional
# conditional_expansion                   : None
# conditional_extension                   : None
# counters                                : []
# enable_split_tracks                     : False
# ignore_segment_tracks                   : True
# input_filename_counts                   : None
# input_filename_descriptions             : None
# input_filename_results                  : None
# isochore_files                          : ['analysis/20220622_LocationPatterns/GATfiles/Isochores/isochores_NAHR_Med.bed']
# loglevel                                : 1
# nbuckets                                : 100000
# null                                    : default
# num_samples                             : 1000
# num_threads                             : 0
# output_bed                              : []
# output_counts_pattern                   : None
# output_filename_pattern                 : %s
# output_force                            : False
# output_order                            : fold
# output_plots_pattern                    : None
# output_samples_pattern                  : None
# output_stats                            : []
# output_tables_pattern                   : %s.tsv.gz
# overlapping_annotations                 : False
# pseudo_count                            : 1.0
# pvalue_method                           : empirical
# qvalue_lambda                           : None
# qvalue_method                           : BH
# qvalue_pi0_method                       : smoother
# random_seed                             : None
# restrict_workspace                      : False
# sample_files                            : []
# sampler                                 : annotator
# segment_files                           : ['analysis/20220622_LocationPatterns/GATfiles/Segments/NAHR_Med.bed']
# shift_expansion                         : 2.0
# shift_extension                         : 0
# short_help                              : None
# stderr                                  : <_io.TextIOWrapper name='<stderr>' mode='w' encoding='utf-8'>
# stdin                                   : <_io.TextIOWrapper name='<stdin>' mode='r' encoding='utf-8'>
# stdlog                                  : <_io.TextIOWrapper name='analysis/20220622_LocationPatterns/GATresults/NAHR_Med/log/NAHR_Med_annotations_repeats.log' mode='a' encoding='UTF-8'>
# stdout                                  : <_io.TextIOWrapper name='analysis/20220622_LocationPatterns/GATresults/NAHR_Med/tsv/NAHR_Med_annotations_repeats.tsv' mode='w' encoding='UTF-8'>
# timeit_file                             : None
# timeit_header                           : None
# timeit_name                             : all
# truncate_segments_to_workspace          : False
# truncate_workspace_to_annotations       : False
# workspace_files                         : ['analysis/20220622_LocationPatterns/GATfiles/Workspace/workspace_avgBherer.bed']
2022-06-22 23:39:05,437 INFO segments: reading tracks from 1 files
2022-06-22 23:39:05,437 INFO segments: read 1 tracks from 1 files
2022-06-22 23:39:05,437 INFO annotations: reading tracks from 1 files
2022-06-22 23:39:05,557 INFO annotations: read 1 tracks from 1 files
2022-06-22 23:39:05,561 INFO workspaces: reading tracks from 1 files
2022-06-22 23:39:05,561 INFO workspaces: read 1 tracks from 1 files
2022-06-22 23:39:05,561 INFO collapsing workspaces
2022-06-22 23:39:05,561 INFO isochores: reading isochores from 1 files
2022-06-22 23:39:05,563 INFO intervals loaded in 0 seconds
2022-06-22 23:39:05,563 INFO adding isochores to workspace
2022-06-22 23:39:05,564 INFO collecting observed counts
2022-06-22 23:39:05,564 INFO starting sampling
2022-06-22 23:39:05,564 INFO sampling: merged: 1/1
2022-06-22 23:39:05,564 INFO performing unconditional sampling
2022-06-22 23:39:05,564 INFO workspace without conditioning: 1090 segments, 2678195140 nucleotides
2022-06-22 23:39:05,564 INFO workspace after conditioning: 1090 segments, 2678195140 nucleotides
2022-06-22 23:39:05,565 INFO sampling started
2022-06-22 23:39:05,567 INFO 0/1000 done ( 0.00)
2022-06-22 23:39:05,748 INFO 100/1000 done (10.00)
2022-06-22 23:39:05,929 INFO 200/1000 done (20.00)
2022-06-22 23:39:06,132 INFO 300/1000 done (30.00)
2022-06-22 23:39:06,320 INFO 400/1000 done (40.00)
2022-06-22 23:39:06,489 INFO 500/1000 done (50.00)
2022-06-22 23:39:06,671 INFO 600/1000 done (60.00)
2022-06-22 23:39:06,846 INFO 700/1000 done (70.00)
2022-06-22 23:39:07,026 INFO 800/1000 done (80.00)
2022-06-22 23:39:07,203 INFO 900/1000 done (90.00)
2022-06-22 23:39:07,384 INFO sampling completed
2022-06-22 23:39:07,385 INFO sampling finished
2022-06-22 23:39:07,385 INFO computing PValue statistics
2022-06-22 23:39:07,386 INFO computing FDR statistics
# job finished in 1 seconds at Wed Jun 22 23:39:07 2022 --  2.80  0.08  0.00  0.00 -- 4e55a6d9-8567-4117-8974-3ebf996f1174
# output generated by /home/rgomez/anaconda3/bin/gat-run.py --segments=analysis/20220622_LocationPatterns/GATfiles/Segments/NAHR_Med.bed --isochores=analysis/20220622_LocationPatterns/GATfiles/Isochores/isochores_NAHR_Med.bed --annotations=analysis/20220622_LocationPatterns/GATfiles/Annotations/annotations_repeats.bed --workspace=analysis/20220622_LocationPatterns/GATfiles/Workspace/workspace_avgBherer.bed --num-samples=1000 --log=analysis/20220622_LocationPatterns/GATresults/NAHR_Med/log/NAHR_Med_annotations_repeats.log --stdout=analysis/20220622_LocationPatterns/GATresults/NAHR_Med/tsv/NAHR_Med_annotations_repeats.tsv
# job started at Wed Jun 22 23:40:08 2022 on rgomez-pc -- 4ef0a49a-9450-4187-930b-3192f931350d
# pid: 29610, system: Linux 5.3.0-7648-generic #41~1586790036~18.04~600aeb5-Ubuntu SMP Mon Apr 13 17:47:15 UTC  x86_64
# annotation_files                        : ['analysis/20220622_LocationPatterns/GATfiles/Annotations/annotations_repeats.bed']
# annotations_label                       : None
# annotations_to_points                   : None
# bucket_size                             : 0
# cache                                   : None
# conditional                             : unconditional
# conditional_expansion                   : None
# conditional_extension                   : None
# counters                                : []
# enable_split_tracks                     : False
# ignore_segment_tracks                   : True
# input_filename_counts                   : None
# input_filename_descriptions             : None
# input_filename_results                  : None
# isochore_files                          : ['analysis/20220622_LocationPatterns/GATfiles/Isochores/isochores_NAHR_Med.bed']
# loglevel                                : 1
# nbuckets                                : 100000
# null                                    : default
# num_samples                             : 1000
# num_threads                             : 0
# output_bed                              : []
# output_counts_pattern                   : None
# output_filename_pattern                 : %s
# output_force                            : False
# output_order                            : fold
# output_plots_pattern                    : None
# output_samples_pattern                  : None
# output_stats                            : []
# output_tables_pattern                   : %s.tsv.gz
# overlapping_annotations                 : False
# pseudo_count                            : 1.0
# pvalue_method                           : empirical
# qvalue_lambda                           : None
# qvalue_method                           : BH
# qvalue_pi0_method                       : smoother
# random_seed                             : None
# restrict_workspace                      : False
# sample_files                            : []
# sampler                                 : annotator
# segment_files                           : ['analysis/20220622_LocationPatterns/GATfiles/Segments/NAHR_Med.bed']
# shift_expansion                         : 2.0
# shift_extension                         : 0
# short_help                              : None
# stderr                                  : <_io.TextIOWrapper name='<stderr>' mode='w' encoding='utf-8'>
# stdin                                   : <_io.TextIOWrapper name='<stdin>' mode='r' encoding='utf-8'>
# stdlog                                  : <_io.TextIOWrapper name='analysis/20220622_LocationPatterns/GATresults/NAHR_Med/log/NAHR_Med_annotations_repeats.log' mode='a' encoding='UTF-8'>
# stdout                                  : <_io.TextIOWrapper name='analysis/20220622_LocationPatterns/GATresults/NAHR_Med/tsv/NAHR_Med_annotations_repeats.tsv' mode='w' encoding='UTF-8'>
# timeit_file                             : None
# timeit_header                           : None
# timeit_name                             : all
# truncate_segments_to_workspace          : False
# truncate_workspace_to_annotations       : False
# workspace_files                         : ['analysis/20220622_LocationPatterns/GATfiles/Workspace/workspace_avgBherer.bed']
2022-06-22 23:40:08,826 INFO segments: reading tracks from 1 files
2022-06-22 23:40:08,827 INFO segments: read 1 tracks from 1 files
2022-06-22 23:40:08,827 INFO annotations: reading tracks from 1 files
2022-06-22 23:40:08,941 INFO annotations: read 1 tracks from 1 files
2022-06-22 23:40:08,945 INFO workspaces: reading tracks from 1 files
2022-06-22 23:40:08,945 INFO workspaces: read 1 tracks from 1 files
2022-06-22 23:40:08,945 INFO collapsing workspaces
2022-06-22 23:40:08,945 INFO isochores: reading isochores from 1 files
2022-06-22 23:40:08,947 INFO intervals loaded in 0 seconds
2022-06-22 23:40:08,947 INFO adding isochores to workspace
2022-06-22 23:40:08,948 INFO collecting observed counts
2022-06-22 23:40:08,948 INFO starting sampling
2022-06-22 23:40:08,948 INFO sampling: merged: 1/1
2022-06-22 23:40:08,948 INFO performing unconditional sampling
2022-06-22 23:40:08,948 INFO workspace without conditioning: 1090 segments, 2678195140 nucleotides
2022-06-22 23:40:08,948 INFO workspace after conditioning: 1090 segments, 2678195140 nucleotides
2022-06-22 23:40:08,949 INFO sampling started
2022-06-22 23:40:08,955 INFO 0/1000 done ( 0.00)
2022-06-22 23:40:09,397 INFO 100/1000 done (10.00)
2022-06-22 23:40:09,868 INFO 200/1000 done (20.00)
2022-06-22 23:40:10,348 INFO 300/1000 done (30.00)
2022-06-22 23:40:10,806 INFO 400/1000 done (40.00)
2022-06-22 23:40:11,260 INFO 500/1000 done (50.00)
2022-06-22 23:40:11,708 INFO 600/1000 done (60.00)
2022-06-22 23:40:12,168 INFO 700/1000 done (70.00)
2022-06-22 23:40:12,623 INFO 800/1000 done (80.00)
2022-06-22 23:40:13,096 INFO 900/1000 done (90.00)
2022-06-22 23:40:13,571 INFO sampling completed
2022-06-22 23:40:13,571 INFO sampling finished
2022-06-22 23:40:13,571 INFO computing PValue statistics
2022-06-22 23:40:13,572 INFO computing FDR statistics
# job finished in 4 seconds at Wed Jun 22 23:40:13 2022 --  5.64  0.10  0.00  0.00 -- 4ef0a49a-9450-4187-930b-3192f931350d
# output generated by /home/rgomez/anaconda3/bin/gat-run.py --segments=analysis/20220622_LocationPatterns/GATfiles/Segments/NAHR_Med.bed --isochores=analysis/20220622_LocationPatterns/GATfiles/Isochores/isochores_NAHR_Med.bed --annotations=analysis/20220622_LocationPatterns/GATfiles/Annotations/annotations_repeats.bed --workspace=analysis/20220622_LocationPatterns/GATfiles/Workspace/workspace_avgBherer.bed --num-samples=1000 --log=analysis/20220622_LocationPatterns/GATresults/NAHR_Med/log/NAHR_Med_annotations_repeats.log --stdout=analysis/20220622_LocationPatterns/GATresults/NAHR_Med/tsv/NAHR_Med_annotations_repeats.tsv
# job started at Wed Jun 22 23:41:28 2022 on rgomez-pc -- fc805df6-5214-4dd1-bd6e-cc95f10582e5
# pid: 29786, system: Linux 5.3.0-7648-generic #41~1586790036~18.04~600aeb5-Ubuntu SMP Mon Apr 13 17:47:15 UTC  x86_64
# annotation_files                        : ['analysis/20220622_LocationPatterns/GATfiles/Annotations/annotations_repeats.bed']
# annotations_label                       : None
# annotations_to_points                   : None
# bucket_size                             : 0
# cache                                   : None
# conditional                             : unconditional
# conditional_expansion                   : None
# conditional_extension                   : None
# counters                                : []
# enable_split_tracks                     : False
# ignore_segment_tracks                   : True
# input_filename_counts                   : None
# input_filename_descriptions             : None
# input_filename_results                  : None
# isochore_files                          : ['analysis/20220622_LocationPatterns/GATfiles/Isochores/isochores_NAHR_Med.bed']
# loglevel                                : 1
# nbuckets                                : 100000
# null                                    : default
# num_samples                             : 1000
# num_threads                             : 0
# output_bed                              : []
# output_counts_pattern                   : None
# output_filename_pattern                 : %s
# output_force                            : False
# output_order                            : fold
# output_plots_pattern                    : None
# output_samples_pattern                  : None
# output_stats                            : []
# output_tables_pattern                   : %s.tsv.gz
# overlapping_annotations                 : False
# pseudo_count                            : 1.0
# pvalue_method                           : empirical
# qvalue_lambda                           : None
# qvalue_method                           : BH
# qvalue_pi0_method                       : smoother
# random_seed                             : None
# restrict_workspace                      : False
# sample_files                            : []
# sampler                                 : annotator
# segment_files                           : ['analysis/20220622_LocationPatterns/GATfiles/Segments/NAHR_Med.bed']
# shift_expansion                         : 2.0
# shift_extension                         : 0
# short_help                              : None
# stderr                                  : <_io.TextIOWrapper name='<stderr>' mode='w' encoding='utf-8'>
# stdin                                   : <_io.TextIOWrapper name='<stdin>' mode='r' encoding='utf-8'>
# stdlog                                  : <_io.TextIOWrapper name='analysis/20220622_LocationPatterns/GATresults/NAHR_Med/log/NAHR_Med_annotations_repeats.log' mode='a' encoding='UTF-8'>
# stdout                                  : <_io.TextIOWrapper name='analysis/20220622_LocationPatterns/GATresults/NAHR_Med/tsv/NAHR_Med_annotations_repeats.tsv' mode='w' encoding='UTF-8'>
# timeit_file                             : None
# timeit_header                           : None
# timeit_name                             : all
# truncate_segments_to_workspace          : False
# truncate_workspace_to_annotations       : False
# workspace_files                         : ['analysis/20220622_LocationPatterns/GATfiles/Workspace/workspace_avgBherer.bed']
2022-06-22 23:41:28,082 INFO segments: reading tracks from 1 files
2022-06-22 23:41:28,082 INFO segments: read 1 tracks from 1 files
2022-06-22 23:41:28,082 INFO annotations: reading tracks from 1 files
2022-06-22 23:41:28,194 INFO annotations: read 1 tracks from 1 files
2022-06-22 23:41:28,197 INFO workspaces: reading tracks from 1 files
2022-06-22 23:41:28,198 INFO workspaces: read 1 tracks from 1 files
2022-06-22 23:41:28,198 INFO collapsing workspaces
2022-06-22 23:41:28,198 INFO isochores: reading isochores from 1 files
2022-06-22 23:41:28,200 INFO intervals loaded in 0 seconds
2022-06-22 23:41:28,200 INFO adding isochores to workspace
2022-06-22 23:41:28,200 INFO collecting observed counts
2022-06-22 23:41:28,200 INFO starting sampling
2022-06-22 23:41:28,200 INFO sampling: merged: 1/1
2022-06-22 23:41:28,200 INFO performing unconditional sampling
2022-06-22 23:41:28,201 INFO workspace without conditioning: 1090 segments, 2678195140 nucleotides
2022-06-22 23:41:28,201 INFO workspace after conditioning: 1090 segments, 2678195140 nucleotides
2022-06-22 23:41:28,201 INFO sampling started
2022-06-22 23:41:28,208 INFO 0/1000 done ( 0.00)
2022-06-22 23:41:28,680 INFO 100/1000 done (10.00)
2022-06-22 23:41:29,147 INFO 200/1000 done (20.00)
2022-06-22 23:41:29,605 INFO 300/1000 done (30.00)
2022-06-22 23:41:30,116 INFO 400/1000 done (40.00)
2022-06-22 23:41:30,610 INFO 500/1000 done (50.00)
2022-06-22 23:41:31,096 INFO 600/1000 done (60.00)
2022-06-22 23:41:31,608 INFO 700/1000 done (70.00)
2022-06-22 23:41:32,106 INFO 800/1000 done (80.00)
2022-06-22 23:41:32,577 INFO 900/1000 done (90.00)
2022-06-22 23:41:33,070 INFO sampling completed
2022-06-22 23:41:33,070 INFO sampling finished
2022-06-22 23:41:33,070 INFO computing PValue statistics
2022-06-22 23:41:33,071 INFO computing FDR statistics
# job finished in 4 seconds at Wed Jun 22 23:41:33 2022 --  5.84  0.08  0.00  0.00 -- fc805df6-5214-4dd1-bd6e-cc95f10582e5
