# output generated by /home/rgomez/anaconda3/bin/gat-run.py --segments=analysis/20220622_LocationPatterns/GATfiles/Segments/HFNAHR_All.bed --isochores=analysis/20220622_LocationPatterns/GATfiles/Isochores/isochores_NAHR_All.bed --annotations=analysis/20220622_LocationPatterns/GATfiles/Annotations/annotations_avgBherer.bed --workspace=analysis/20220622_LocationPatterns/GATfiles/Workspace/workspace_avgBherer.bed --num-samples=1000 --log=analysis/20220622_LocationPatterns/GATresults/NAHR_All/log/HFNAHR_All_annotations_avgBherer.log --stdout=analysis/20220622_LocationPatterns/GATresults/NAHR_All/tsv/HFNAHR_All_annotations_avgBherer.tsv
# job started at Wed Jun 22 23:43:59 2022 on rgomez-pc -- fd98fbf4-9985-44c9-a152-8df5a62cd328
# pid: 29994, system: Linux 5.3.0-7648-generic #41~1586790036~18.04~600aeb5-Ubuntu SMP Mon Apr 13 17:47:15 UTC  x86_64
# annotation_files                        : ['analysis/20220622_LocationPatterns/GATfiles/Annotations/annotations_avgBherer.bed']
# annotations_label                       : None
# annotations_to_points                   : None
# bucket_size                             : 0
# cache                                   : None
# conditional                             : unconditional
# conditional_expansion                   : None
# conditional_extension                   : None
# counters                                : []
# enable_split_tracks                     : False
# ignore_segment_tracks                   : True
# input_filename_counts                   : None
# input_filename_descriptions             : None
# input_filename_results                  : None
# isochore_files                          : ['analysis/20220622_LocationPatterns/GATfiles/Isochores/isochores_NAHR_All.bed']
# loglevel                                : 1
# nbuckets                                : 100000
# null                                    : default
# num_samples                             : 1000
# num_threads                             : 0
# output_bed                              : []
# output_counts_pattern                   : None
# output_filename_pattern                 : %s
# output_force                            : False
# output_order                            : fold
# output_plots_pattern                    : None
# output_samples_pattern                  : None
# output_stats                            : []
# output_tables_pattern                   : %s.tsv.gz
# overlapping_annotations                 : False
# pseudo_count                            : 1.0
# pvalue_method                           : empirical
# qvalue_lambda                           : None
# qvalue_method                           : BH
# qvalue_pi0_method                       : smoother
# random_seed                             : None
# restrict_workspace                      : False
# sample_files                            : []
# sampler                                 : annotator
# segment_files                           : ['analysis/20220622_LocationPatterns/GATfiles/Segments/HFNAHR_All.bed']
# shift_expansion                         : 2.0
# shift_extension                         : 0
# short_help                              : None
# stderr                                  : <_io.TextIOWrapper name='<stderr>' mode='w' encoding='utf-8'>
# stdin                                   : <_io.TextIOWrapper name='<stdin>' mode='r' encoding='utf-8'>
# stdlog                                  : <_io.TextIOWrapper name='analysis/20220622_LocationPatterns/GATresults/NAHR_All/log/HFNAHR_All_annotations_avgBherer.log' mode='a' encoding='UTF-8'>
# stdout                                  : <_io.TextIOWrapper name='analysis/20220622_LocationPatterns/GATresults/NAHR_All/tsv/HFNAHR_All_annotations_avgBherer.tsv' mode='w' encoding='UTF-8'>
# timeit_file                             : None
# timeit_header                           : None
# timeit_name                             : all
# truncate_segments_to_workspace          : False
# truncate_workspace_to_annotations       : False
# workspace_files                         : ['analysis/20220622_LocationPatterns/GATfiles/Workspace/workspace_avgBherer.bed']
2022-06-22 23:43:59,674 INFO segments: reading tracks from 1 files
2022-06-22 23:43:59,675 INFO segments: read 1 tracks from 1 files
2022-06-22 23:43:59,675 INFO annotations: reading tracks from 1 files
2022-06-22 23:43:59,945 INFO annotations: read 6 tracks from 1 files
2022-06-22 23:43:59,949 INFO workspaces: reading tracks from 1 files
2022-06-22 23:43:59,949 INFO workspaces: read 1 tracks from 1 files
2022-06-22 23:43:59,949 INFO collapsing workspaces
2022-06-22 23:43:59,949 INFO isochores: reading isochores from 1 files
2022-06-22 23:43:59,951 INFO intervals loaded in 0 seconds
2022-06-22 23:43:59,951 INFO adding isochores to workspace
2022-06-22 23:43:59,954 INFO collecting observed counts
2022-06-22 23:43:59,955 INFO starting sampling
2022-06-22 23:43:59,955 INFO sampling: merged: 1/1
2022-06-22 23:43:59,955 INFO performing unconditional sampling
2022-06-22 23:43:59,961 INFO workspace without conditioning: 1090 segments, 2678195140 nucleotides
2022-06-22 23:43:59,961 INFO workspace after conditioning: 1090 segments, 2678195140 nucleotides
2022-06-22 23:43:59,962 INFO sampling started
2022-06-22 23:43:59,965 INFO 0/1000 done ( 0.00)
2022-06-22 23:44:00,272 INFO 100/1000 done (10.00)
2022-06-22 23:44:00,566 INFO 200/1000 done (20.00)
2022-06-22 23:44:00,869 INFO 300/1000 done (30.00)
2022-06-22 23:44:01,181 INFO 400/1000 done (40.00)
2022-06-22 23:44:01,473 INFO 500/1000 done (50.00)
2022-06-22 23:44:01,763 INFO 600/1000 done (60.00)
2022-06-22 23:44:02,059 INFO 700/1000 done (70.00)
2022-06-22 23:44:02,362 INFO 800/1000 done (80.00)
2022-06-22 23:44:02,651 INFO 900/1000 done (90.00)
2022-06-22 23:44:02,943 INFO sampling completed
2022-06-22 23:44:02,944 INFO sampling finished
2022-06-22 23:44:02,944 INFO computing PValue statistics
2022-06-22 23:44:02,948 INFO computing FDR statistics
# job finished in 3 seconds at Wed Jun 22 23:44:02 2022 --  4.03  0.03  0.00  0.00 -- fd98fbf4-9985-44c9-a152-8df5a62cd328
# output generated by /home/rgomez/anaconda3/bin/gat-run.py --segments=analysis/20220622_LocationPatterns/GATfiles/Segments/HFNAHR_All.bed --isochores=analysis/20220622_LocationPatterns/GATfiles/Isochores/isochores_NAHR_All.bed --annotations=analysis/20220622_LocationPatterns/GATfiles/Annotations/annotations_avgBherer.bed --workspace=analysis/20220622_LocationPatterns/GATfiles/Workspace/workspace_avgBherer.bed --num-samples=1000 --log=analysis/20220622_LocationPatterns/GATresults/NAHR_All/log/HFNAHR_All_annotations_avgBherer.log --stdout=analysis/20220622_LocationPatterns/GATresults/NAHR_All/tsv/HFNAHR_All_annotations_avgBherer.tsv
# job started at Wed Jun 22 23:47:12 2022 on rgomez-pc -- 69061fcc-3917-47b4-a81a-6b4770d4661c
# pid: 30192, system: Linux 5.3.0-7648-generic #41~1586790036~18.04~600aeb5-Ubuntu SMP Mon Apr 13 17:47:15 UTC  x86_64
# annotation_files                        : ['analysis/20220622_LocationPatterns/GATfiles/Annotations/annotations_avgBherer.bed']
# annotations_label                       : None
# annotations_to_points                   : None
# bucket_size                             : 0
# cache                                   : None
# conditional                             : unconditional
# conditional_expansion                   : None
# conditional_extension                   : None
# counters                                : []
# enable_split_tracks                     : False
# ignore_segment_tracks                   : True
# input_filename_counts                   : None
# input_filename_descriptions             : None
# input_filename_results                  : None
# isochore_files                          : ['analysis/20220622_LocationPatterns/GATfiles/Isochores/isochores_NAHR_All.bed']
# loglevel                                : 1
# nbuckets                                : 100000
# null                                    : default
# num_samples                             : 1000
# num_threads                             : 0
# output_bed                              : []
# output_counts_pattern                   : None
# output_filename_pattern                 : %s
# output_force                            : False
# output_order                            : fold
# output_plots_pattern                    : None
# output_samples_pattern                  : None
# output_stats                            : []
# output_tables_pattern                   : %s.tsv.gz
# overlapping_annotations                 : False
# pseudo_count                            : 1.0
# pvalue_method                           : empirical
# qvalue_lambda                           : None
# qvalue_method                           : BH
# qvalue_pi0_method                       : smoother
# random_seed                             : None
# restrict_workspace                      : False
# sample_files                            : []
# sampler                                 : annotator
# segment_files                           : ['analysis/20220622_LocationPatterns/GATfiles/Segments/HFNAHR_All.bed']
# shift_expansion                         : 2.0
# shift_extension                         : 0
# short_help                              : None
# stderr                                  : <_io.TextIOWrapper name='<stderr>' mode='w' encoding='utf-8'>
# stdin                                   : <_io.TextIOWrapper name='<stdin>' mode='r' encoding='utf-8'>
# stdlog                                  : <_io.TextIOWrapper name='analysis/20220622_LocationPatterns/GATresults/NAHR_All/log/HFNAHR_All_annotations_avgBherer.log' mode='a' encoding='UTF-8'>
# stdout                                  : <_io.TextIOWrapper name='analysis/20220622_LocationPatterns/GATresults/NAHR_All/tsv/HFNAHR_All_annotations_avgBherer.tsv' mode='w' encoding='UTF-8'>
# timeit_file                             : None
# timeit_header                           : None
# timeit_name                             : all
# truncate_segments_to_workspace          : False
# truncate_workspace_to_annotations       : False
# workspace_files                         : ['analysis/20220622_LocationPatterns/GATfiles/Workspace/workspace_avgBherer.bed']
2022-06-22 23:47:12,321 INFO segments: reading tracks from 1 files
2022-06-22 23:47:12,321 INFO segments: read 1 tracks from 1 files
2022-06-22 23:47:12,321 INFO annotations: reading tracks from 1 files
2022-06-22 23:47:12,623 INFO annotations: read 6 tracks from 1 files
2022-06-22 23:47:12,627 INFO workspaces: reading tracks from 1 files
2022-06-22 23:47:12,628 INFO workspaces: read 1 tracks from 1 files
2022-06-22 23:47:12,628 INFO collapsing workspaces
2022-06-22 23:47:12,628 INFO isochores: reading isochores from 1 files
2022-06-22 23:47:12,630 INFO intervals loaded in 0 seconds
2022-06-22 23:47:12,630 INFO adding isochores to workspace
2022-06-22 23:47:12,634 INFO collecting observed counts
2022-06-22 23:47:12,635 INFO starting sampling
2022-06-22 23:47:12,635 INFO sampling: merged: 1/1
2022-06-22 23:47:12,635 INFO performing unconditional sampling
2022-06-22 23:47:12,641 INFO workspace without conditioning: 1090 segments, 2678195140 nucleotides
2022-06-22 23:47:12,641 INFO workspace after conditioning: 1090 segments, 2678195140 nucleotides
2022-06-22 23:47:12,641 INFO sampling started
2022-06-22 23:47:12,646 INFO 0/1000 done ( 0.00)
2022-06-22 23:47:12,992 INFO 100/1000 done (10.00)
2022-06-22 23:47:13,330 INFO 200/1000 done (20.00)
2022-06-22 23:47:13,666 INFO 300/1000 done (30.00)
2022-06-22 23:47:14,010 INFO 400/1000 done (40.00)
2022-06-22 23:47:14,344 INFO 500/1000 done (50.00)
2022-06-22 23:47:14,680 INFO 600/1000 done (60.00)
2022-06-22 23:47:15,003 INFO 700/1000 done (70.00)
2022-06-22 23:47:15,315 INFO 800/1000 done (80.00)
2022-06-22 23:47:15,606 INFO 900/1000 done (90.00)
2022-06-22 23:47:15,952 INFO sampling completed
2022-06-22 23:47:15,953 INFO sampling finished
2022-06-22 23:47:15,954 INFO computing PValue statistics
2022-06-22 23:47:15,957 INFO computing FDR statistics
# job finished in 3 seconds at Wed Jun 22 23:47:15 2022 --  4.48  0.04  0.00  0.00 -- 69061fcc-3917-47b4-a81a-6b4770d4661c
# output generated by /home/rgomez/anaconda3/bin/gat-run.py --segments=analysis/20220622_LocationPatterns/GATfiles/Segments/HFNAHR_All.bed --isochores=analysis/20220622_LocationPatterns/GATfiles/Isochores/isochores_NAHR_All.bed --annotations=analysis/20220622_LocationPatterns/GATfiles/Annotations/annotations_avgBherer.bed --workspace=analysis/20220622_LocationPatterns/GATfiles/Workspace/workspace_avgBherer.bed --num-samples=1000 --log=analysis/20220622_LocationPatterns/GATresults/NAHR_All/log/HFNAHR_All_annotations_avgBherer.log --stdout=analysis/20220622_LocationPatterns/GATresults/NAHR_All/tsv/HFNAHR_All_annotations_avgBherer.tsv
# job started at Wed Jun 22 23:48:55 2022 on rgomez-pc -- a73a111f-ff59-4d69-ac9e-adf07f68f212
# pid: 30410, system: Linux 5.3.0-7648-generic #41~1586790036~18.04~600aeb5-Ubuntu SMP Mon Apr 13 17:47:15 UTC  x86_64
# annotation_files                        : ['analysis/20220622_LocationPatterns/GATfiles/Annotations/annotations_avgBherer.bed']
# annotations_label                       : None
# annotations_to_points                   : None
# bucket_size                             : 0
# cache                                   : None
# conditional                             : unconditional
# conditional_expansion                   : None
# conditional_extension                   : None
# counters                                : []
# enable_split_tracks                     : False
# ignore_segment_tracks                   : True
# input_filename_counts                   : None
# input_filename_descriptions             : None
# input_filename_results                  : None
# isochore_files                          : ['analysis/20220622_LocationPatterns/GATfiles/Isochores/isochores_NAHR_All.bed']
# loglevel                                : 1
# nbuckets                                : 100000
# null                                    : default
# num_samples                             : 1000
# num_threads                             : 0
# output_bed                              : []
# output_counts_pattern                   : None
# output_filename_pattern                 : %s
# output_force                            : False
# output_order                            : fold
# output_plots_pattern                    : None
# output_samples_pattern                  : None
# output_stats                            : []
# output_tables_pattern                   : %s.tsv.gz
# overlapping_annotations                 : False
# pseudo_count                            : 1.0
# pvalue_method                           : empirical
# qvalue_lambda                           : None
# qvalue_method                           : BH
# qvalue_pi0_method                       : smoother
# random_seed                             : None
# restrict_workspace                      : False
# sample_files                            : []
# sampler                                 : annotator
# segment_files                           : ['analysis/20220622_LocationPatterns/GATfiles/Segments/HFNAHR_All.bed']
# shift_expansion                         : 2.0
# shift_extension                         : 0
# short_help                              : None
# stderr                                  : <_io.TextIOWrapper name='<stderr>' mode='w' encoding='utf-8'>
# stdin                                   : <_io.TextIOWrapper name='<stdin>' mode='r' encoding='utf-8'>
# stdlog                                  : <_io.TextIOWrapper name='analysis/20220622_LocationPatterns/GATresults/NAHR_All/log/HFNAHR_All_annotations_avgBherer.log' mode='a' encoding='UTF-8'>
# stdout                                  : <_io.TextIOWrapper name='analysis/20220622_LocationPatterns/GATresults/NAHR_All/tsv/HFNAHR_All_annotations_avgBherer.tsv' mode='w' encoding='UTF-8'>
# timeit_file                             : None
# timeit_header                           : None
# timeit_name                             : all
# truncate_segments_to_workspace          : False
# truncate_workspace_to_annotations       : False
# workspace_files                         : ['analysis/20220622_LocationPatterns/GATfiles/Workspace/workspace_avgBherer.bed']
2022-06-22 23:48:55,003 INFO segments: reading tracks from 1 files
2022-06-22 23:48:55,003 INFO segments: read 1 tracks from 1 files
2022-06-22 23:48:55,003 INFO annotations: reading tracks from 1 files
2022-06-22 23:48:55,327 INFO annotations: read 6 tracks from 1 files
2022-06-22 23:48:55,331 INFO workspaces: reading tracks from 1 files
2022-06-22 23:48:55,332 INFO workspaces: read 1 tracks from 1 files
2022-06-22 23:48:55,332 INFO collapsing workspaces
2022-06-22 23:48:55,332 INFO isochores: reading isochores from 1 files
2022-06-22 23:48:55,334 INFO intervals loaded in 0 seconds
2022-06-22 23:48:55,334 INFO adding isochores to workspace
2022-06-22 23:48:55,337 INFO collecting observed counts
2022-06-22 23:48:55,338 INFO starting sampling
2022-06-22 23:48:55,338 INFO sampling: merged: 1/1
2022-06-22 23:48:55,338 INFO performing unconditional sampling
2022-06-22 23:48:55,345 INFO workspace without conditioning: 1090 segments, 2678195140 nucleotides
2022-06-22 23:48:55,346 INFO workspace after conditioning: 1090 segments, 2678195140 nucleotides
2022-06-22 23:48:55,346 INFO sampling started
2022-06-22 23:48:55,349 INFO 0/1000 done ( 0.00)
2022-06-22 23:48:55,707 INFO 100/1000 done (10.00)
2022-06-22 23:48:56,066 INFO 200/1000 done (20.00)
2022-06-22 23:48:56,411 INFO 300/1000 done (30.00)
2022-06-22 23:48:56,775 INFO 400/1000 done (40.00)
2022-06-22 23:48:57,122 INFO 500/1000 done (50.00)
2022-06-22 23:48:57,463 INFO 600/1000 done (60.00)
2022-06-22 23:48:57,833 INFO 700/1000 done (70.00)
2022-06-22 23:48:58,192 INFO 800/1000 done (80.00)
2022-06-22 23:48:58,554 INFO 900/1000 done (90.00)
2022-06-22 23:48:58,896 INFO sampling completed
2022-06-22 23:48:58,897 INFO sampling finished
2022-06-22 23:48:58,897 INFO computing PValue statistics
2022-06-22 23:48:58,902 INFO computing FDR statistics
# job finished in 3 seconds at Wed Jun 22 23:48:58 2022 --  4.76  0.06  0.00  0.00 -- a73a111f-ff59-4d69-ac9e-adf07f68f212
# output generated by /home/rgomez/anaconda3/bin/gat-run.py --segments=analysis/20220622_LocationPatterns/GATfiles/Segments/HFNAHR_All.bed --isochores=analysis/20220622_LocationPatterns/GATfiles/Isochores/isochores_NAHR_All.bed --annotations=analysis/20220622_LocationPatterns/GATfiles/Annotations/annotations_avgBherer.bed --workspace=analysis/20220622_LocationPatterns/GATfiles/Workspace/workspace_avgBherer.bed --num-samples=1000 --log=analysis/20220622_LocationPatterns/GATresults/NAHR_All/log/HFNAHR_All_annotations_avgBherer.log --stdout=analysis/20220622_LocationPatterns/GATresults/NAHR_All/tsv/HFNAHR_All_annotations_avgBherer.tsv
# job started at Wed Jun 22 23:49:45 2022 on rgomez-pc -- 9f8d00f8-5206-4170-a909-dc68ff577158
# pid: 30555, system: Linux 5.3.0-7648-generic #41~1586790036~18.04~600aeb5-Ubuntu SMP Mon Apr 13 17:47:15 UTC  x86_64
# annotation_files                        : ['analysis/20220622_LocationPatterns/GATfiles/Annotations/annotations_avgBherer.bed']
# annotations_label                       : None
# annotations_to_points                   : None
# bucket_size                             : 0
# cache                                   : None
# conditional                             : unconditional
# conditional_expansion                   : None
# conditional_extension                   : None
# counters                                : []
# enable_split_tracks                     : False
# ignore_segment_tracks                   : True
# input_filename_counts                   : None
# input_filename_descriptions             : None
# input_filename_results                  : None
# isochore_files                          : ['analysis/20220622_LocationPatterns/GATfiles/Isochores/isochores_NAHR_All.bed']
# loglevel                                : 1
# nbuckets                                : 100000
# null                                    : default
# num_samples                             : 1000
# num_threads                             : 0
# output_bed                              : []
# output_counts_pattern                   : None
# output_filename_pattern                 : %s
# output_force                            : False
# output_order                            : fold
# output_plots_pattern                    : None
# output_samples_pattern                  : None
# output_stats                            : []
# output_tables_pattern                   : %s.tsv.gz
# overlapping_annotations                 : False
# pseudo_count                            : 1.0
# pvalue_method                           : empirical
# qvalue_lambda                           : None
# qvalue_method                           : BH
# qvalue_pi0_method                       : smoother
# random_seed                             : None
# restrict_workspace                      : False
# sample_files                            : []
# sampler                                 : annotator
# segment_files                           : ['analysis/20220622_LocationPatterns/GATfiles/Segments/HFNAHR_All.bed']
# shift_expansion                         : 2.0
# shift_extension                         : 0
# short_help                              : None
# stderr                                  : <_io.TextIOWrapper name='<stderr>' mode='w' encoding='utf-8'>
# stdin                                   : <_io.TextIOWrapper name='<stdin>' mode='r' encoding='utf-8'>
# stdlog                                  : <_io.TextIOWrapper name='analysis/20220622_LocationPatterns/GATresults/NAHR_All/log/HFNAHR_All_annotations_avgBherer.log' mode='a' encoding='UTF-8'>
# stdout                                  : <_io.TextIOWrapper name='analysis/20220622_LocationPatterns/GATresults/NAHR_All/tsv/HFNAHR_All_annotations_avgBherer.tsv' mode='w' encoding='UTF-8'>
# timeit_file                             : None
# timeit_header                           : None
# timeit_name                             : all
# truncate_segments_to_workspace          : False
# truncate_workspace_to_annotations       : False
# workspace_files                         : ['analysis/20220622_LocationPatterns/GATfiles/Workspace/workspace_avgBherer.bed']
2022-06-22 23:49:45,990 INFO segments: reading tracks from 1 files
2022-06-22 23:49:45,990 INFO segments: read 1 tracks from 1 files
2022-06-22 23:49:45,990 INFO annotations: reading tracks from 1 files
2022-06-22 23:49:46,257 INFO annotations: read 6 tracks from 1 files
2022-06-22 23:49:46,261 INFO workspaces: reading tracks from 1 files
2022-06-22 23:49:46,261 INFO workspaces: read 1 tracks from 1 files
2022-06-22 23:49:46,261 INFO collapsing workspaces
2022-06-22 23:49:46,261 INFO isochores: reading isochores from 1 files
2022-06-22 23:49:46,263 INFO intervals loaded in 0 seconds
2022-06-22 23:49:46,263 INFO adding isochores to workspace
2022-06-22 23:49:46,266 INFO collecting observed counts
2022-06-22 23:49:46,266 INFO starting sampling
2022-06-22 23:49:46,266 INFO sampling: merged: 1/1
2022-06-22 23:49:46,266 INFO performing unconditional sampling
2022-06-22 23:49:46,272 INFO workspace without conditioning: 1090 segments, 2678195140 nucleotides
2022-06-22 23:49:46,272 INFO workspace after conditioning: 1090 segments, 2678195140 nucleotides
2022-06-22 23:49:46,273 INFO sampling started
2022-06-22 23:49:46,276 INFO 0/1000 done ( 0.00)
2022-06-22 23:49:46,593 INFO 100/1000 done (10.00)
2022-06-22 23:49:46,898 INFO 200/1000 done (20.00)
2022-06-22 23:49:47,229 INFO 300/1000 done (30.00)
2022-06-22 23:49:47,540 INFO 400/1000 done (40.00)
2022-06-22 23:49:47,853 INFO 500/1000 done (50.00)
2022-06-22 23:49:48,177 INFO 600/1000 done (60.00)
2022-06-22 23:49:48,479 INFO 700/1000 done (70.00)
2022-06-22 23:49:48,794 INFO 800/1000 done (80.00)
2022-06-22 23:49:49,107 INFO 900/1000 done (90.00)
2022-06-22 23:49:49,423 INFO sampling completed
2022-06-22 23:49:49,424 INFO sampling finished
2022-06-22 23:49:49,424 INFO computing PValue statistics
2022-06-22 23:49:49,428 INFO computing FDR statistics
# job finished in 3 seconds at Wed Jun 22 23:49:49 2022 --  4.16  0.04  0.00  0.00 -- 9f8d00f8-5206-4170-a909-dc68ff577158
# output generated by /home/rgomez/anaconda3/bin/gat-run.py --segments=analysis/20220622_LocationPatterns/GATfiles/Segments/HFNAHR_All.bed --isochores=analysis/20220622_LocationPatterns/GATfiles/Isochores/isochores_NAHR_All.bed --annotations=analysis/20220622_LocationPatterns/GATfiles/Annotations/annotations_avgBherer.bed --workspace=analysis/20220622_LocationPatterns/GATfiles/Workspace/workspace_avgBherer.bed --num-samples=1000 --log=analysis/20220622_LocationPatterns/GATresults/NAHR_All/log/HFNAHR_All_annotations_avgBherer.log --stdout=analysis/20220622_LocationPatterns/GATresults/NAHR_All/tsv/HFNAHR_All_annotations_avgBherer.tsv
# job started at Wed Jun 22 23:50:58 2022 on rgomez-pc -- d3e14616-403d-4674-bbf7-9a5f2f0fadfd
# pid: 30758, system: Linux 5.3.0-7648-generic #41~1586790036~18.04~600aeb5-Ubuntu SMP Mon Apr 13 17:47:15 UTC  x86_64
# annotation_files                        : ['analysis/20220622_LocationPatterns/GATfiles/Annotations/annotations_avgBherer.bed']
# annotations_label                       : None
# annotations_to_points                   : None
# bucket_size                             : 0
# cache                                   : None
# conditional                             : unconditional
# conditional_expansion                   : None
# conditional_extension                   : None
# counters                                : []
# enable_split_tracks                     : False
# ignore_segment_tracks                   : True
# input_filename_counts                   : None
# input_filename_descriptions             : None
# input_filename_results                  : None
# isochore_files                          : ['analysis/20220622_LocationPatterns/GATfiles/Isochores/isochores_NAHR_All.bed']
# loglevel                                : 1
# nbuckets                                : 100000
# null                                    : default
# num_samples                             : 1000
# num_threads                             : 0
# output_bed                              : []
# output_counts_pattern                   : None
# output_filename_pattern                 : %s
# output_force                            : False
# output_order                            : fold
# output_plots_pattern                    : None
# output_samples_pattern                  : None
# output_stats                            : []
# output_tables_pattern                   : %s.tsv.gz
# overlapping_annotations                 : False
# pseudo_count                            : 1.0
# pvalue_method                           : empirical
# qvalue_lambda                           : None
# qvalue_method                           : BH
# qvalue_pi0_method                       : smoother
# random_seed                             : None
# restrict_workspace                      : False
# sample_files                            : []
# sampler                                 : annotator
# segment_files                           : ['analysis/20220622_LocationPatterns/GATfiles/Segments/HFNAHR_All.bed']
# shift_expansion                         : 2.0
# shift_extension                         : 0
# short_help                              : None
# stderr                                  : <_io.TextIOWrapper name='<stderr>' mode='w' encoding='utf-8'>
# stdin                                   : <_io.TextIOWrapper name='<stdin>' mode='r' encoding='utf-8'>
# stdlog                                  : <_io.TextIOWrapper name='analysis/20220622_LocationPatterns/GATresults/NAHR_All/log/HFNAHR_All_annotations_avgBherer.log' mode='a' encoding='UTF-8'>
# stdout                                  : <_io.TextIOWrapper name='analysis/20220622_LocationPatterns/GATresults/NAHR_All/tsv/HFNAHR_All_annotations_avgBherer.tsv' mode='w' encoding='UTF-8'>
# timeit_file                             : None
# timeit_header                           : None
# timeit_name                             : all
# truncate_segments_to_workspace          : False
# truncate_workspace_to_annotations       : False
# workspace_files                         : ['analysis/20220622_LocationPatterns/GATfiles/Workspace/workspace_avgBherer.bed']
2022-06-22 23:50:58,230 INFO segments: reading tracks from 1 files
2022-06-22 23:50:58,231 INFO segments: read 1 tracks from 1 files
2022-06-22 23:50:58,231 INFO annotations: reading tracks from 1 files
2022-06-22 23:50:58,509 INFO annotations: read 6 tracks from 1 files
2022-06-22 23:50:58,514 INFO workspaces: reading tracks from 1 files
2022-06-22 23:50:58,514 INFO workspaces: read 1 tracks from 1 files
2022-06-22 23:50:58,514 INFO collapsing workspaces
2022-06-22 23:50:58,514 INFO isochores: reading isochores from 1 files
2022-06-22 23:50:58,516 INFO intervals loaded in 0 seconds
2022-06-22 23:50:58,516 INFO adding isochores to workspace
2022-06-22 23:50:58,519 INFO collecting observed counts
2022-06-22 23:50:58,520 INFO starting sampling
2022-06-22 23:50:58,520 INFO sampling: merged: 1/1
2022-06-22 23:50:58,520 INFO performing unconditional sampling
2022-06-22 23:50:58,527 INFO workspace without conditioning: 1090 segments, 2678195140 nucleotides
2022-06-22 23:50:58,527 INFO workspace after conditioning: 1090 segments, 2678195140 nucleotides
2022-06-22 23:50:58,527 INFO sampling started
2022-06-22 23:50:58,531 INFO 0/1000 done ( 0.00)
2022-06-22 23:50:58,878 INFO 100/1000 done (10.00)
2022-06-22 23:50:59,214 INFO 200/1000 done (20.00)
2022-06-22 23:50:59,539 INFO 300/1000 done (30.00)
2022-06-22 23:50:59,860 INFO 400/1000 done (40.00)
2022-06-22 23:51:00,153 INFO 500/1000 done (50.00)
2022-06-22 23:51:00,447 INFO 600/1000 done (60.00)
2022-06-22 23:51:00,796 INFO 700/1000 done (70.00)
2022-06-22 23:51:01,087 INFO 800/1000 done (80.00)
2022-06-22 23:51:01,386 INFO 900/1000 done (90.00)
2022-06-22 23:51:01,675 INFO sampling completed
2022-06-22 23:51:01,676 INFO sampling finished
2022-06-22 23:51:01,676 INFO computing PValue statistics
2022-06-22 23:51:01,680 INFO computing FDR statistics
# job finished in 3 seconds at Wed Jun 22 23:51:01 2022 --  4.28  0.05  0.00  0.00 -- d3e14616-403d-4674-bbf7-9a5f2f0fadfd
# output generated by /home/rgomez/anaconda3/bin/gat-run.py --segments=analysis/20220622_LocationPatterns/GATfiles/Segments/HFNAHR_All.bed --isochores=analysis/20220622_LocationPatterns/GATfiles/Isochores/isochores_NAHR_All.bed --annotations=analysis/20220622_LocationPatterns/GATfiles/Annotations/annotations_avgBherer.bed --workspace=analysis/20220622_LocationPatterns/GATfiles/Workspace/workspace_avgBherer.bed --num-samples=1000 --log=analysis/20220622_LocationPatterns/GATresults/NAHR_All/log/HFNAHR_All_annotations_avgBherer.log --stdout=analysis/20220622_LocationPatterns/GATresults/NAHR_All/tsv/HFNAHR_All_annotations_avgBherer.tsv
# job started at Wed Jun 22 23:51:47 2022 on rgomez-pc -- 6922fc22-72d5-4930-aa57-03a33b6d5a38
# pid: 30945, system: Linux 5.3.0-7648-generic #41~1586790036~18.04~600aeb5-Ubuntu SMP Mon Apr 13 17:47:15 UTC  x86_64
# annotation_files                        : ['analysis/20220622_LocationPatterns/GATfiles/Annotations/annotations_avgBherer.bed']
# annotations_label                       : None
# annotations_to_points                   : None
# bucket_size                             : 0
# cache                                   : None
# conditional                             : unconditional
# conditional_expansion                   : None
# conditional_extension                   : None
# counters                                : []
# enable_split_tracks                     : False
# ignore_segment_tracks                   : True
# input_filename_counts                   : None
# input_filename_descriptions             : None
# input_filename_results                  : None
# isochore_files                          : ['analysis/20220622_LocationPatterns/GATfiles/Isochores/isochores_NAHR_All.bed']
# loglevel                                : 1
# nbuckets                                : 100000
# null                                    : default
# num_samples                             : 1000
# num_threads                             : 0
# output_bed                              : []
# output_counts_pattern                   : None
# output_filename_pattern                 : %s
# output_force                            : False
# output_order                            : fold
# output_plots_pattern                    : None
# output_samples_pattern                  : None
# output_stats                            : []
# output_tables_pattern                   : %s.tsv.gz
# overlapping_annotations                 : False
# pseudo_count                            : 1.0
# pvalue_method                           : empirical
# qvalue_lambda                           : None
# qvalue_method                           : BH
# qvalue_pi0_method                       : smoother
# random_seed                             : None
# restrict_workspace                      : False
# sample_files                            : []
# sampler                                 : annotator
# segment_files                           : ['analysis/20220622_LocationPatterns/GATfiles/Segments/HFNAHR_All.bed']
# shift_expansion                         : 2.0
# shift_extension                         : 0
# short_help                              : None
# stderr                                  : <_io.TextIOWrapper name='<stderr>' mode='w' encoding='utf-8'>
# stdin                                   : <_io.TextIOWrapper name='<stdin>' mode='r' encoding='utf-8'>
# stdlog                                  : <_io.TextIOWrapper name='analysis/20220622_LocationPatterns/GATresults/NAHR_All/log/HFNAHR_All_annotations_avgBherer.log' mode='a' encoding='UTF-8'>
# stdout                                  : <_io.TextIOWrapper name='analysis/20220622_LocationPatterns/GATresults/NAHR_All/tsv/HFNAHR_All_annotations_avgBherer.tsv' mode='w' encoding='UTF-8'>
# timeit_file                             : None
# timeit_header                           : None
# timeit_name                             : all
# truncate_segments_to_workspace          : False
# truncate_workspace_to_annotations       : False
# workspace_files                         : ['analysis/20220622_LocationPatterns/GATfiles/Workspace/workspace_avgBherer.bed']
2022-06-22 23:51:47,394 INFO segments: reading tracks from 1 files
2022-06-22 23:51:47,394 INFO segments: read 1 tracks from 1 files
2022-06-22 23:51:47,394 INFO annotations: reading tracks from 1 files
2022-06-22 23:51:47,666 INFO annotations: read 6 tracks from 1 files
2022-06-22 23:51:47,670 INFO workspaces: reading tracks from 1 files
2022-06-22 23:51:47,670 INFO workspaces: read 1 tracks from 1 files
2022-06-22 23:51:47,670 INFO collapsing workspaces
2022-06-22 23:51:47,670 INFO isochores: reading isochores from 1 files
2022-06-22 23:51:47,672 INFO intervals loaded in 0 seconds
2022-06-22 23:51:47,672 INFO adding isochores to workspace
2022-06-22 23:51:47,676 INFO collecting observed counts
2022-06-22 23:51:47,676 INFO starting sampling
2022-06-22 23:51:47,676 INFO sampling: merged: 1/1
2022-06-22 23:51:47,676 INFO performing unconditional sampling
2022-06-22 23:51:47,682 INFO workspace without conditioning: 1090 segments, 2678195140 nucleotides
2022-06-22 23:51:47,682 INFO workspace after conditioning: 1090 segments, 2678195140 nucleotides
2022-06-22 23:51:47,682 INFO sampling started
2022-06-22 23:51:47,686 INFO 0/1000 done ( 0.00)
2022-06-22 23:51:47,996 INFO 100/1000 done (10.00)
2022-06-22 23:51:48,330 INFO 200/1000 done (20.00)
2022-06-22 23:51:48,636 INFO 300/1000 done (30.00)
2022-06-22 23:51:48,950 INFO 400/1000 done (40.00)
2022-06-22 23:51:49,272 INFO 500/1000 done (50.00)
2022-06-22 23:51:49,599 INFO 600/1000 done (60.00)
2022-06-22 23:51:49,911 INFO 700/1000 done (70.00)
2022-06-22 23:51:50,231 INFO 800/1000 done (80.00)
2022-06-22 23:51:50,548 INFO 900/1000 done (90.00)
2022-06-22 23:51:50,858 INFO sampling completed
2022-06-22 23:51:50,859 INFO sampling finished
2022-06-22 23:51:50,859 INFO computing PValue statistics
2022-06-22 23:51:50,863 INFO computing FDR statistics
# job finished in 3 seconds at Wed Jun 22 23:51:50 2022 --  4.20  0.03  0.00  0.00 -- 6922fc22-72d5-4930-aa57-03a33b6d5a38
# output generated by /home/rgomez/anaconda3/bin/gat-run.py --segments=analysis/20220622_LocationPatterns/GATfiles/Segments/HFNAHR_All.bed --isochores=analysis/20220622_LocationPatterns/GATfiles/Isochores/isochores_NAHR_All.bed --annotations=analysis/20220622_LocationPatterns/GATfiles/Annotations/annotations_avgBherer.bed --workspace=analysis/20220622_LocationPatterns/GATfiles/Workspace/workspace_avgBherer.bed --num-samples=1000 --log=analysis/20220622_LocationPatterns/GATresults/NAHR_All/log/HFNAHR_All_annotations_avgBherer.log --stdout=analysis/20220622_LocationPatterns/GATresults/NAHR_All/tsv/HFNAHR_All_annotations_avgBherer.tsv
# job started at Wed Jun 22 23:53:42 2022 on rgomez-pc -- 1b11a907-7c5d-4ec8-8e66-d6d87e7f4c7a
# pid: 31130, system: Linux 5.3.0-7648-generic #41~1586790036~18.04~600aeb5-Ubuntu SMP Mon Apr 13 17:47:15 UTC  x86_64
# annotation_files                        : ['analysis/20220622_LocationPatterns/GATfiles/Annotations/annotations_avgBherer.bed']
# annotations_label                       : None
# annotations_to_points                   : None
# bucket_size                             : 0
# cache                                   : None
# conditional                             : unconditional
# conditional_expansion                   : None
# conditional_extension                   : None
# counters                                : []
# enable_split_tracks                     : False
# ignore_segment_tracks                   : True
# input_filename_counts                   : None
# input_filename_descriptions             : None
# input_filename_results                  : None
# isochore_files                          : ['analysis/20220622_LocationPatterns/GATfiles/Isochores/isochores_NAHR_All.bed']
# loglevel                                : 1
# nbuckets                                : 100000
# null                                    : default
# num_samples                             : 1000
# num_threads                             : 0
# output_bed                              : []
# output_counts_pattern                   : None
# output_filename_pattern                 : %s
# output_force                            : False
# output_order                            : fold
# output_plots_pattern                    : None
# output_samples_pattern                  : None
# output_stats                            : []
# output_tables_pattern                   : %s.tsv.gz
# overlapping_annotations                 : False
# pseudo_count                            : 1.0
# pvalue_method                           : empirical
# qvalue_lambda                           : None
# qvalue_method                           : BH
# qvalue_pi0_method                       : smoother
# random_seed                             : None
# restrict_workspace                      : False
# sample_files                            : []
# sampler                                 : annotator
# segment_files                           : ['analysis/20220622_LocationPatterns/GATfiles/Segments/HFNAHR_All.bed']
# shift_expansion                         : 2.0
# shift_extension                         : 0
# short_help                              : None
# stderr                                  : <_io.TextIOWrapper name='<stderr>' mode='w' encoding='utf-8'>
# stdin                                   : <_io.TextIOWrapper name='<stdin>' mode='r' encoding='utf-8'>
# stdlog                                  : <_io.TextIOWrapper name='analysis/20220622_LocationPatterns/GATresults/NAHR_All/log/HFNAHR_All_annotations_avgBherer.log' mode='a' encoding='UTF-8'>
# stdout                                  : <_io.TextIOWrapper name='analysis/20220622_LocationPatterns/GATresults/NAHR_All/tsv/HFNAHR_All_annotations_avgBherer.tsv' mode='w' encoding='UTF-8'>
# timeit_file                             : None
# timeit_header                           : None
# timeit_name                             : all
# truncate_segments_to_workspace          : False
# truncate_workspace_to_annotations       : False
# workspace_files                         : ['analysis/20220622_LocationPatterns/GATfiles/Workspace/workspace_avgBherer.bed']
2022-06-22 23:53:42,814 INFO segments: reading tracks from 1 files
2022-06-22 23:53:42,814 INFO segments: read 1 tracks from 1 files
2022-06-22 23:53:42,814 INFO annotations: reading tracks from 1 files
2022-06-22 23:53:43,083 INFO annotations: read 6 tracks from 1 files
2022-06-22 23:53:43,087 INFO workspaces: reading tracks from 1 files
2022-06-22 23:53:43,087 INFO workspaces: read 1 tracks from 1 files
2022-06-22 23:53:43,087 INFO collapsing workspaces
2022-06-22 23:53:43,087 INFO isochores: reading isochores from 1 files
2022-06-22 23:53:43,089 INFO intervals loaded in 0 seconds
2022-06-22 23:53:43,089 INFO adding isochores to workspace
2022-06-22 23:53:43,092 INFO collecting observed counts
2022-06-22 23:53:43,092 INFO starting sampling
2022-06-22 23:53:43,092 INFO sampling: merged: 1/1
2022-06-22 23:53:43,093 INFO performing unconditional sampling
2022-06-22 23:53:43,098 INFO workspace without conditioning: 1090 segments, 2678195140 nucleotides
2022-06-22 23:53:43,099 INFO workspace after conditioning: 1090 segments, 2678195140 nucleotides
2022-06-22 23:53:43,099 INFO sampling started
2022-06-22 23:53:43,102 INFO 0/1000 done ( 0.00)
2022-06-22 23:53:43,430 INFO 100/1000 done (10.00)
2022-06-22 23:53:43,752 INFO 200/1000 done (20.00)
2022-06-22 23:53:44,085 INFO 300/1000 done (30.00)
2022-06-22 23:53:44,412 INFO 400/1000 done (40.00)
2022-06-22 23:53:44,735 INFO 500/1000 done (50.00)
2022-06-22 23:53:45,058 INFO 600/1000 done (60.00)
2022-06-22 23:53:45,391 INFO 700/1000 done (70.00)
2022-06-22 23:53:45,721 INFO 800/1000 done (80.00)
2022-06-22 23:53:46,037 INFO 900/1000 done (90.00)
2022-06-22 23:53:46,344 INFO sampling completed
2022-06-22 23:53:46,345 INFO sampling finished
2022-06-22 23:53:46,346 INFO computing PValue statistics
2022-06-22 23:53:46,350 INFO computing FDR statistics
# job finished in 3 seconds at Wed Jun 22 23:53:46 2022 --  4.25  0.05  0.00  0.00 -- 1b11a907-7c5d-4ec8-8e66-d6d87e7f4c7a
# output generated by /home/rgomez/anaconda3/bin/gat-run.py --segments=analysis/20220622_LocationPatterns/GATfiles/Segments/HFNAHR_All.bed --isochores=analysis/20220622_LocationPatterns/GATfiles/Isochores/isochores_NAHR_All.bed --annotations=analysis/20220622_LocationPatterns/GATfiles/Annotations/annotations_avgBherer.bed --workspace=analysis/20220622_LocationPatterns/GATfiles/Workspace/workspace_avgBherer.bed --num-samples=1000 --log=analysis/20220622_LocationPatterns/GATresults/NAHR_All/log/HFNAHR_All_annotations_avgBherer.log --stdout=analysis/20220622_LocationPatterns/GATresults/NAHR_All/tsv/HFNAHR_All_annotations_avgBherer.tsv
# job started at Wed Jun 22 23:55:20 2022 on rgomez-pc -- 4bd784d1-caa5-451f-afc1-ce905bebd1ee
# pid: 31312, system: Linux 5.3.0-7648-generic #41~1586790036~18.04~600aeb5-Ubuntu SMP Mon Apr 13 17:47:15 UTC  x86_64
# annotation_files                        : ['analysis/20220622_LocationPatterns/GATfiles/Annotations/annotations_avgBherer.bed']
# annotations_label                       : None
# annotations_to_points                   : None
# bucket_size                             : 0
# cache                                   : None
# conditional                             : unconditional
# conditional_expansion                   : None
# conditional_extension                   : None
# counters                                : []
# enable_split_tracks                     : False
# ignore_segment_tracks                   : True
# input_filename_counts                   : None
# input_filename_descriptions             : None
# input_filename_results                  : None
# isochore_files                          : ['analysis/20220622_LocationPatterns/GATfiles/Isochores/isochores_NAHR_All.bed']
# loglevel                                : 1
# nbuckets                                : 100000
# null                                    : default
# num_samples                             : 1000
# num_threads                             : 0
# output_bed                              : []
# output_counts_pattern                   : None
# output_filename_pattern                 : %s
# output_force                            : False
# output_order                            : fold
# output_plots_pattern                    : None
# output_samples_pattern                  : None
# output_stats                            : []
# output_tables_pattern                   : %s.tsv.gz
# overlapping_annotations                 : False
# pseudo_count                            : 1.0
# pvalue_method                           : empirical
# qvalue_lambda                           : None
# qvalue_method                           : BH
# qvalue_pi0_method                       : smoother
# random_seed                             : None
# restrict_workspace                      : False
# sample_files                            : []
# sampler                                 : annotator
# segment_files                           : ['analysis/20220622_LocationPatterns/GATfiles/Segments/HFNAHR_All.bed']
# shift_expansion                         : 2.0
# shift_extension                         : 0
# short_help                              : None
# stderr                                  : <_io.TextIOWrapper name='<stderr>' mode='w' encoding='utf-8'>
# stdin                                   : <_io.TextIOWrapper name='<stdin>' mode='r' encoding='utf-8'>
# stdlog                                  : <_io.TextIOWrapper name='analysis/20220622_LocationPatterns/GATresults/NAHR_All/log/HFNAHR_All_annotations_avgBherer.log' mode='a' encoding='UTF-8'>
# stdout                                  : <_io.TextIOWrapper name='analysis/20220622_LocationPatterns/GATresults/NAHR_All/tsv/HFNAHR_All_annotations_avgBherer.tsv' mode='w' encoding='UTF-8'>
# timeit_file                             : None
# timeit_header                           : None
# timeit_name                             : all
# truncate_segments_to_workspace          : False
# truncate_workspace_to_annotations       : False
# workspace_files                         : ['analysis/20220622_LocationPatterns/GATfiles/Workspace/workspace_avgBherer.bed']
2022-06-22 23:55:20,415 INFO segments: reading tracks from 1 files
2022-06-22 23:55:20,415 INFO segments: read 1 tracks from 1 files
2022-06-22 23:55:20,415 INFO annotations: reading tracks from 1 files
2022-06-22 23:55:20,706 INFO annotations: read 6 tracks from 1 files
2022-06-22 23:55:20,710 INFO workspaces: reading tracks from 1 files
2022-06-22 23:55:20,710 INFO workspaces: read 1 tracks from 1 files
2022-06-22 23:55:20,710 INFO collapsing workspaces
2022-06-22 23:55:20,710 INFO isochores: reading isochores from 1 files
2022-06-22 23:55:20,712 INFO intervals loaded in 0 seconds
2022-06-22 23:55:20,712 INFO adding isochores to workspace
2022-06-22 23:55:20,717 INFO collecting observed counts
2022-06-22 23:55:20,717 INFO starting sampling
2022-06-22 23:55:20,717 INFO sampling: merged: 1/1
2022-06-22 23:55:20,717 INFO performing unconditional sampling
2022-06-22 23:55:20,724 INFO workspace without conditioning: 1090 segments, 2678195140 nucleotides
2022-06-22 23:55:20,724 INFO workspace after conditioning: 1090 segments, 2678195140 nucleotides
2022-06-22 23:55:20,725 INFO sampling started
2022-06-22 23:55:20,728 INFO 0/1000 done ( 0.00)
2022-06-22 23:55:21,078 INFO 100/1000 done (10.00)
2022-06-22 23:55:21,442 INFO 200/1000 done (20.00)
2022-06-22 23:55:21,825 INFO 300/1000 done (30.00)
2022-06-22 23:55:22,189 INFO 400/1000 done (40.00)
2022-06-22 23:55:22,565 INFO 500/1000 done (50.00)
2022-06-22 23:55:22,952 INFO 600/1000 done (60.00)
2022-06-22 23:55:23,334 INFO 700/1000 done (70.00)
2022-06-22 23:55:23,691 INFO 800/1000 done (80.00)
2022-06-22 23:55:24,070 INFO 900/1000 done (90.00)
2022-06-22 23:55:24,443 INFO sampling completed
2022-06-22 23:55:24,444 INFO sampling finished
2022-06-22 23:55:24,444 INFO computing PValue statistics
2022-06-22 23:55:24,449 INFO computing FDR statistics
# job finished in 4 seconds at Wed Jun 22 23:55:24 2022 --  4.86  0.05  0.00  0.00 -- 4bd784d1-caa5-451f-afc1-ce905bebd1ee
# output generated by /home/rgomez/anaconda3/bin/gat-run.py --segments=analysis/20220622_LocationPatterns/GATfiles/Segments/HFNAHR_All.bed --isochores=analysis/20220622_LocationPatterns/GATfiles/Isochores/isochores_NAHR_All.bed --annotations=analysis/20220622_LocationPatterns/GATfiles/Annotations/annotations_avgBherer.bed --workspace=analysis/20220622_LocationPatterns/GATfiles/Workspace/workspace_avgBherer.bed --num-samples=1000 --log=analysis/20220622_LocationPatterns/GATresults/NAHR_All/log/HFNAHR_All_annotations_avgBherer.log --stdout=analysis/20220622_LocationPatterns/GATresults/NAHR_All/tsv/HFNAHR_All_annotations_avgBherer.tsv
# job started at Wed Jun 22 23:56:49 2022 on rgomez-pc -- fc01df35-cfdb-4af1-b9e5-1ca04be88b32
# pid: 31478, system: Linux 5.3.0-7648-generic #41~1586790036~18.04~600aeb5-Ubuntu SMP Mon Apr 13 17:47:15 UTC  x86_64
# annotation_files                        : ['analysis/20220622_LocationPatterns/GATfiles/Annotations/annotations_avgBherer.bed']
# annotations_label                       : None
# annotations_to_points                   : None
# bucket_size                             : 0
# cache                                   : None
# conditional                             : unconditional
# conditional_expansion                   : None
# conditional_extension                   : None
# counters                                : []
# enable_split_tracks                     : False
# ignore_segment_tracks                   : True
# input_filename_counts                   : None
# input_filename_descriptions             : None
# input_filename_results                  : None
# isochore_files                          : ['analysis/20220622_LocationPatterns/GATfiles/Isochores/isochores_NAHR_All.bed']
# loglevel                                : 1
# nbuckets                                : 100000
# null                                    : default
# num_samples                             : 1000
# num_threads                             : 0
# output_bed                              : []
# output_counts_pattern                   : None
# output_filename_pattern                 : %s
# output_force                            : False
# output_order                            : fold
# output_plots_pattern                    : None
# output_samples_pattern                  : None
# output_stats                            : []
# output_tables_pattern                   : %s.tsv.gz
# overlapping_annotations                 : False
# pseudo_count                            : 1.0
# pvalue_method                           : empirical
# qvalue_lambda                           : None
# qvalue_method                           : BH
# qvalue_pi0_method                       : smoother
# random_seed                             : None
# restrict_workspace                      : False
# sample_files                            : []
# sampler                                 : annotator
# segment_files                           : ['analysis/20220622_LocationPatterns/GATfiles/Segments/HFNAHR_All.bed']
# shift_expansion                         : 2.0
# shift_extension                         : 0
# short_help                              : None
# stderr                                  : <_io.TextIOWrapper name='<stderr>' mode='w' encoding='utf-8'>
# stdin                                   : <_io.TextIOWrapper name='<stdin>' mode='r' encoding='utf-8'>
# stdlog                                  : <_io.TextIOWrapper name='analysis/20220622_LocationPatterns/GATresults/NAHR_All/log/HFNAHR_All_annotations_avgBherer.log' mode='a' encoding='UTF-8'>
# stdout                                  : <_io.TextIOWrapper name='analysis/20220622_LocationPatterns/GATresults/NAHR_All/tsv/HFNAHR_All_annotations_avgBherer.tsv' mode='w' encoding='UTF-8'>
# timeit_file                             : None
# timeit_header                           : None
# timeit_name                             : all
# truncate_segments_to_workspace          : False
# truncate_workspace_to_annotations       : False
# workspace_files                         : ['analysis/20220622_LocationPatterns/GATfiles/Workspace/workspace_avgBherer.bed']
2022-06-22 23:56:49,465 INFO segments: reading tracks from 1 files
2022-06-22 23:56:49,466 INFO segments: read 1 tracks from 1 files
2022-06-22 23:56:49,466 INFO annotations: reading tracks from 1 files
2022-06-22 23:56:49,729 INFO annotations: read 6 tracks from 1 files
2022-06-22 23:56:49,732 INFO workspaces: reading tracks from 1 files
2022-06-22 23:56:49,733 INFO workspaces: read 1 tracks from 1 files
2022-06-22 23:56:49,733 INFO collapsing workspaces
2022-06-22 23:56:49,733 INFO isochores: reading isochores from 1 files
2022-06-22 23:56:49,735 INFO intervals loaded in 0 seconds
2022-06-22 23:56:49,735 INFO adding isochores to workspace
2022-06-22 23:56:49,738 INFO collecting observed counts
2022-06-22 23:56:49,738 INFO starting sampling
2022-06-22 23:56:49,738 INFO sampling: merged: 1/1
2022-06-22 23:56:49,738 INFO performing unconditional sampling
2022-06-22 23:56:49,744 INFO workspace without conditioning: 1090 segments, 2678195140 nucleotides
2022-06-22 23:56:49,744 INFO workspace after conditioning: 1090 segments, 2678195140 nucleotides
2022-06-22 23:56:49,745 INFO sampling started
2022-06-22 23:56:49,748 INFO 0/1000 done ( 0.00)
2022-06-22 23:56:50,076 INFO 100/1000 done (10.00)
2022-06-22 23:56:50,408 INFO 200/1000 done (20.00)
2022-06-22 23:56:50,729 INFO 300/1000 done (30.00)
2022-06-22 23:56:51,047 INFO 400/1000 done (40.00)
2022-06-22 23:56:51,390 INFO 500/1000 done (50.00)
2022-06-22 23:56:51,700 INFO 600/1000 done (60.00)
2022-06-22 23:56:52,072 INFO 700/1000 done (70.00)
2022-06-22 23:56:52,398 INFO 800/1000 done (80.00)
2022-06-22 23:56:52,728 INFO 900/1000 done (90.00)
2022-06-22 23:56:53,103 INFO sampling completed
2022-06-22 23:56:53,104 INFO sampling finished
2022-06-22 23:56:53,104 INFO computing PValue statistics
2022-06-22 23:56:53,108 INFO computing FDR statistics
# job finished in 3 seconds at Wed Jun 22 23:56:53 2022 --  4.35  0.05  0.00  0.00 -- fc01df35-cfdb-4af1-b9e5-1ca04be88b32
# output generated by /home/rgomez/anaconda3/bin/gat-run.py --segments=analysis/20220622_LocationPatterns/GATfiles/Segments/HFNAHR_All.bed --isochores=analysis/20220622_LocationPatterns/GATfiles/Isochores/isochores_NAHR_All.bed --annotations=analysis/20220622_LocationPatterns/GATfiles/Annotations/annotations_avgBherer.bed --workspace=analysis/20220622_LocationPatterns/GATfiles/Workspace/workspace_avgBherer.bed --num-samples=1000 --log=analysis/20220622_LocationPatterns/GATresults/NAHR_All/log/HFNAHR_All_annotations_avgBherer.log --stdout=analysis/20220622_LocationPatterns/GATresults/NAHR_All/tsv/HFNAHR_All_annotations_avgBherer.tsv
# job started at Thu Jun 23 00:00:00 2022 on rgomez-pc -- c68a1ea9-c0bc-456d-8d7e-8c9dd6067eed
# pid: 31675, system: Linux 5.3.0-7648-generic #41~1586790036~18.04~600aeb5-Ubuntu SMP Mon Apr 13 17:47:15 UTC  x86_64
# annotation_files                        : ['analysis/20220622_LocationPatterns/GATfiles/Annotations/annotations_avgBherer.bed']
# annotations_label                       : None
# annotations_to_points                   : None
# bucket_size                             : 0
# cache                                   : None
# conditional                             : unconditional
# conditional_expansion                   : None
# conditional_extension                   : None
# counters                                : []
# enable_split_tracks                     : False
# ignore_segment_tracks                   : True
# input_filename_counts                   : None
# input_filename_descriptions             : None
# input_filename_results                  : None
# isochore_files                          : ['analysis/20220622_LocationPatterns/GATfiles/Isochores/isochores_NAHR_All.bed']
# loglevel                                : 1
# nbuckets                                : 100000
# null                                    : default
# num_samples                             : 1000
# num_threads                             : 0
# output_bed                              : []
# output_counts_pattern                   : None
# output_filename_pattern                 : %s
# output_force                            : False
# output_order                            : fold
# output_plots_pattern                    : None
# output_samples_pattern                  : None
# output_stats                            : []
# output_tables_pattern                   : %s.tsv.gz
# overlapping_annotations                 : False
# pseudo_count                            : 1.0
# pvalue_method                           : empirical
# qvalue_lambda                           : None
# qvalue_method                           : BH
# qvalue_pi0_method                       : smoother
# random_seed                             : None
# restrict_workspace                      : False
# sample_files                            : []
# sampler                                 : annotator
# segment_files                           : ['analysis/20220622_LocationPatterns/GATfiles/Segments/HFNAHR_All.bed']
# shift_expansion                         : 2.0
# shift_extension                         : 0
# short_help                              : None
# stderr                                  : <_io.TextIOWrapper name='<stderr>' mode='w' encoding='utf-8'>
# stdin                                   : <_io.TextIOWrapper name='<stdin>' mode='r' encoding='utf-8'>
# stdlog                                  : <_io.TextIOWrapper name='analysis/20220622_LocationPatterns/GATresults/NAHR_All/log/HFNAHR_All_annotations_avgBherer.log' mode='a' encoding='UTF-8'>
# stdout                                  : <_io.TextIOWrapper name='analysis/20220622_LocationPatterns/GATresults/NAHR_All/tsv/HFNAHR_All_annotations_avgBherer.tsv' mode='w' encoding='UTF-8'>
# timeit_file                             : None
# timeit_header                           : None
# timeit_name                             : all
# truncate_segments_to_workspace          : False
# truncate_workspace_to_annotations       : False
# workspace_files                         : ['analysis/20220622_LocationPatterns/GATfiles/Workspace/workspace_avgBherer.bed']
2022-06-23 00:00:00,730 INFO segments: reading tracks from 1 files
2022-06-23 00:00:00,731 INFO segments: read 1 tracks from 1 files
2022-06-23 00:00:00,731 INFO annotations: reading tracks from 1 files
2022-06-23 00:00:01,033 INFO annotations: read 6 tracks from 1 files
2022-06-23 00:00:01,037 INFO workspaces: reading tracks from 1 files
2022-06-23 00:00:01,038 INFO workspaces: read 1 tracks from 1 files
2022-06-23 00:00:01,038 INFO collapsing workspaces
2022-06-23 00:00:01,038 INFO isochores: reading isochores from 1 files
2022-06-23 00:00:01,040 INFO intervals loaded in 0 seconds
2022-06-23 00:00:01,040 INFO adding isochores to workspace
2022-06-23 00:00:01,044 INFO collecting observed counts
2022-06-23 00:00:01,044 INFO starting sampling
2022-06-23 00:00:01,044 INFO sampling: merged: 1/1
2022-06-23 00:00:01,044 INFO performing unconditional sampling
2022-06-23 00:00:01,051 INFO workspace without conditioning: 1090 segments, 2678195140 nucleotides
2022-06-23 00:00:01,051 INFO workspace after conditioning: 1090 segments, 2678195140 nucleotides
2022-06-23 00:00:01,052 INFO sampling started
2022-06-23 00:00:01,056 INFO 0/1000 done ( 0.00)
2022-06-23 00:00:01,443 INFO 100/1000 done (10.00)
2022-06-23 00:00:01,803 INFO 200/1000 done (20.00)
2022-06-23 00:00:02,164 INFO 300/1000 done (30.00)
2022-06-23 00:00:02,512 INFO 400/1000 done (40.00)
2022-06-23 00:00:02,880 INFO 500/1000 done (50.00)
2022-06-23 00:00:03,264 INFO 600/1000 done (60.00)
2022-06-23 00:00:03,635 INFO 700/1000 done (70.00)
2022-06-23 00:00:03,992 INFO 800/1000 done (80.00)
2022-06-23 00:00:04,357 INFO 900/1000 done (90.00)
2022-06-23 00:00:04,714 INFO sampling completed
2022-06-23 00:00:04,715 INFO sampling finished
2022-06-23 00:00:04,715 INFO computing PValue statistics
2022-06-23 00:00:04,719 INFO computing FDR statistics
# job finished in 3 seconds at Thu Jun 23 00:00:04 2022 --  4.88  0.05  0.00  0.00 -- c68a1ea9-c0bc-456d-8d7e-8c9dd6067eed
# output generated by /home/rgomez/anaconda3/bin/gat-run.py --segments=analysis/20220622_LocationPatterns/GATfiles/Segments/HFNAHR_All.bed --isochores=analysis/20220622_LocationPatterns/GATfiles/Isochores/isochores_NAHR_All.bed --annotations=analysis/20220622_LocationPatterns/GATfiles/Annotations/annotations_avgBherer.bed --workspace=analysis/20220622_LocationPatterns/GATfiles/Workspace/workspace_avgBherer.bed --num-samples=1000 --log=analysis/20220622_LocationPatterns/GATresults/NAHR_All/log/HFNAHR_All_annotations_avgBherer.log --stdout=analysis/20220622_LocationPatterns/GATresults/NAHR_All/tsv/HFNAHR_All_annotations_avgBherer.tsv
# job started at Thu Jun 23 00:07:53 2022 on rgomez-pc -- bad6b8ea-9237-4144-8c46-ce85b28eb00e
# pid: 32701, system: Linux 5.3.0-7648-generic #41~1586790036~18.04~600aeb5-Ubuntu SMP Mon Apr 13 17:47:15 UTC  x86_64
# annotation_files                        : ['analysis/20220622_LocationPatterns/GATfiles/Annotations/annotations_avgBherer.bed']
# annotations_label                       : None
# annotations_to_points                   : None
# bucket_size                             : 0
# cache                                   : None
# conditional                             : unconditional
# conditional_expansion                   : None
# conditional_extension                   : None
# counters                                : []
# enable_split_tracks                     : False
# ignore_segment_tracks                   : True
# input_filename_counts                   : None
# input_filename_descriptions             : None
# input_filename_results                  : None
# isochore_files                          : ['analysis/20220622_LocationPatterns/GATfiles/Isochores/isochores_NAHR_All.bed']
# loglevel                                : 1
# nbuckets                                : 100000
# null                                    : default
# num_samples                             : 1000
# num_threads                             : 0
# output_bed                              : []
# output_counts_pattern                   : None
# output_filename_pattern                 : %s
# output_force                            : False
# output_order                            : fold
# output_plots_pattern                    : None
# output_samples_pattern                  : None
# output_stats                            : []
# output_tables_pattern                   : %s.tsv.gz
# overlapping_annotations                 : False
# pseudo_count                            : 1.0
# pvalue_method                           : empirical
# qvalue_lambda                           : None
# qvalue_method                           : BH
# qvalue_pi0_method                       : smoother
# random_seed                             : None
# restrict_workspace                      : False
# sample_files                            : []
# sampler                                 : annotator
# segment_files                           : ['analysis/20220622_LocationPatterns/GATfiles/Segments/HFNAHR_All.bed']
# shift_expansion                         : 2.0
# shift_extension                         : 0
# short_help                              : None
# stderr                                  : <_io.TextIOWrapper name='<stderr>' mode='w' encoding='utf-8'>
# stdin                                   : <_io.TextIOWrapper name='<stdin>' mode='r' encoding='utf-8'>
# stdlog                                  : <_io.TextIOWrapper name='analysis/20220622_LocationPatterns/GATresults/NAHR_All/log/HFNAHR_All_annotations_avgBherer.log' mode='a' encoding='UTF-8'>
# stdout                                  : <_io.TextIOWrapper name='analysis/20220622_LocationPatterns/GATresults/NAHR_All/tsv/HFNAHR_All_annotations_avgBherer.tsv' mode='w' encoding='UTF-8'>
# timeit_file                             : None
# timeit_header                           : None
# timeit_name                             : all
# truncate_segments_to_workspace          : False
# truncate_workspace_to_annotations       : False
# workspace_files                         : ['analysis/20220622_LocationPatterns/GATfiles/Workspace/workspace_avgBherer.bed']
2022-06-23 00:07:53,575 INFO segments: reading tracks from 1 files
2022-06-23 00:07:53,575 INFO segments: read 1 tracks from 1 files
2022-06-23 00:07:53,575 INFO annotations: reading tracks from 1 files
2022-06-23 00:07:53,880 INFO annotations: read 6 tracks from 1 files
2022-06-23 00:07:53,884 INFO workspaces: reading tracks from 1 files
2022-06-23 00:07:53,884 INFO workspaces: read 1 tracks from 1 files
2022-06-23 00:07:53,884 INFO collapsing workspaces
2022-06-23 00:07:53,884 INFO isochores: reading isochores from 1 files
2022-06-23 00:07:53,886 INFO intervals loaded in 0 seconds
2022-06-23 00:07:53,886 INFO adding isochores to workspace
2022-06-23 00:07:53,889 INFO collecting observed counts
2022-06-23 00:07:53,890 INFO starting sampling
2022-06-23 00:07:53,890 INFO sampling: merged: 1/1
2022-06-23 00:07:53,890 INFO performing unconditional sampling
2022-06-23 00:07:53,896 INFO workspace without conditioning: 1090 segments, 2678195140 nucleotides
2022-06-23 00:07:53,896 INFO workspace after conditioning: 1090 segments, 2678195140 nucleotides
2022-06-23 00:07:53,897 INFO sampling started
2022-06-23 00:07:53,902 INFO 0/1000 done ( 0.00)
2022-06-23 00:07:54,274 INFO 100/1000 done (10.00)
2022-06-23 00:07:54,681 INFO 200/1000 done (20.00)
2022-06-23 00:07:55,083 INFO 300/1000 done (30.00)
2022-06-23 00:07:55,503 INFO 400/1000 done (40.00)
2022-06-23 00:07:55,868 INFO 500/1000 done (50.00)
2022-06-23 00:07:56,270 INFO 600/1000 done (60.00)
2022-06-23 00:07:56,679 INFO 700/1000 done (70.00)
2022-06-23 00:07:57,080 INFO 800/1000 done (80.00)
2022-06-23 00:07:57,505 INFO 900/1000 done (90.00)
2022-06-23 00:07:57,909 INFO sampling completed
2022-06-23 00:07:57,911 INFO sampling finished
2022-06-23 00:07:57,911 INFO computing PValue statistics
2022-06-23 00:07:57,915 INFO computing FDR statistics
# job finished in 4 seconds at Thu Jun 23 00:07:57 2022 --  5.17  0.04  0.00  0.00 -- bad6b8ea-9237-4144-8c46-ce85b28eb00e
# output generated by /home/rgomez/anaconda3/bin/gat-run.py --segments=analysis/20220622_LocationPatterns/GATfiles/Segments/HFNAHR_All.bed --isochores=analysis/20220622_LocationPatterns/GATfiles/Isochores/isochores_NAHR_All.bed --annotations=analysis/20220622_LocationPatterns/GATfiles/Annotations/annotations_avgBherer.bed --workspace=analysis/20220622_LocationPatterns/GATfiles/Workspace/workspace_avgBherer.bed --num-samples=1000 --log=analysis/20220622_LocationPatterns/GATresults/NAHR_All/log/HFNAHR_All_annotations_avgBherer.log --stdout=analysis/20220622_LocationPatterns/GATresults/NAHR_All/tsv/HFNAHR_All_annotations_avgBherer.tsv
# job started at Thu Jun 23 00:09:11 2022 on rgomez-pc -- c1af81d8-2e2e-44a0-b7dd-400da9562856
# pid: 684, system: Linux 5.3.0-7648-generic #41~1586790036~18.04~600aeb5-Ubuntu SMP Mon Apr 13 17:47:15 UTC  x86_64
# annotation_files                        : ['analysis/20220622_LocationPatterns/GATfiles/Annotations/annotations_avgBherer.bed']
# annotations_label                       : None
# annotations_to_points                   : None
# bucket_size                             : 0
# cache                                   : None
# conditional                             : unconditional
# conditional_expansion                   : None
# conditional_extension                   : None
# counters                                : []
# enable_split_tracks                     : False
# ignore_segment_tracks                   : True
# input_filename_counts                   : None
# input_filename_descriptions             : None
# input_filename_results                  : None
# isochore_files                          : ['analysis/20220622_LocationPatterns/GATfiles/Isochores/isochores_NAHR_All.bed']
# loglevel                                : 1
# nbuckets                                : 100000
# null                                    : default
# num_samples                             : 1000
# num_threads                             : 0
# output_bed                              : []
# output_counts_pattern                   : None
# output_filename_pattern                 : %s
# output_force                            : False
# output_order                            : fold
# output_plots_pattern                    : None
# output_samples_pattern                  : None
# output_stats                            : []
# output_tables_pattern                   : %s.tsv.gz
# overlapping_annotations                 : False
# pseudo_count                            : 1.0
# pvalue_method                           : empirical
# qvalue_lambda                           : None
# qvalue_method                           : BH
# qvalue_pi0_method                       : smoother
# random_seed                             : None
# restrict_workspace                      : False
# sample_files                            : []
# sampler                                 : annotator
# segment_files                           : ['analysis/20220622_LocationPatterns/GATfiles/Segments/HFNAHR_All.bed']
# shift_expansion                         : 2.0
# shift_extension                         : 0
# short_help                              : None
# stderr                                  : <_io.TextIOWrapper name='<stderr>' mode='w' encoding='utf-8'>
# stdin                                   : <_io.TextIOWrapper name='<stdin>' mode='r' encoding='utf-8'>
# stdlog                                  : <_io.TextIOWrapper name='analysis/20220622_LocationPatterns/GATresults/NAHR_All/log/HFNAHR_All_annotations_avgBherer.log' mode='a' encoding='UTF-8'>
# stdout                                  : <_io.TextIOWrapper name='analysis/20220622_LocationPatterns/GATresults/NAHR_All/tsv/HFNAHR_All_annotations_avgBherer.tsv' mode='w' encoding='UTF-8'>
# timeit_file                             : None
# timeit_header                           : None
# timeit_name                             : all
# truncate_segments_to_workspace          : False
# truncate_workspace_to_annotations       : False
# workspace_files                         : ['analysis/20220622_LocationPatterns/GATfiles/Workspace/workspace_avgBherer.bed']
2022-06-23 00:09:11,294 INFO segments: reading tracks from 1 files
2022-06-23 00:09:11,294 INFO segments: read 1 tracks from 1 files
2022-06-23 00:09:11,295 INFO annotations: reading tracks from 1 files
2022-06-23 00:09:11,568 INFO annotations: read 6 tracks from 1 files
2022-06-23 00:09:11,572 INFO workspaces: reading tracks from 1 files
2022-06-23 00:09:11,572 INFO workspaces: read 1 tracks from 1 files
2022-06-23 00:09:11,572 INFO collapsing workspaces
2022-06-23 00:09:11,572 INFO isochores: reading isochores from 1 files
2022-06-23 00:09:11,574 INFO intervals loaded in 0 seconds
2022-06-23 00:09:11,574 INFO adding isochores to workspace
2022-06-23 00:09:11,578 INFO collecting observed counts
2022-06-23 00:09:11,578 INFO starting sampling
2022-06-23 00:09:11,578 INFO sampling: merged: 1/1
2022-06-23 00:09:11,578 INFO performing unconditional sampling
2022-06-23 00:09:11,584 INFO workspace without conditioning: 1090 segments, 2678195140 nucleotides
2022-06-23 00:09:11,584 INFO workspace after conditioning: 1090 segments, 2678195140 nucleotides
2022-06-23 00:09:11,584 INFO sampling started
2022-06-23 00:09:11,587 INFO 0/1000 done ( 0.00)
2022-06-23 00:09:11,906 INFO 100/1000 done (10.00)
2022-06-23 00:09:12,234 INFO 200/1000 done (20.00)
2022-06-23 00:09:12,553 INFO 300/1000 done (30.00)
2022-06-23 00:09:12,882 INFO 400/1000 done (40.00)
2022-06-23 00:09:13,211 INFO 500/1000 done (50.00)
2022-06-23 00:09:13,548 INFO 600/1000 done (60.00)
2022-06-23 00:09:13,881 INFO 700/1000 done (70.00)
2022-06-23 00:09:14,218 INFO 800/1000 done (80.00)
2022-06-23 00:09:14,565 INFO 900/1000 done (90.00)
2022-06-23 00:09:14,889 INFO sampling completed
2022-06-23 00:09:14,891 INFO sampling finished
2022-06-23 00:09:14,891 INFO computing PValue statistics
2022-06-23 00:09:14,895 INFO computing FDR statistics
# job finished in 3 seconds at Thu Jun 23 00:09:14 2022 --  4.34  0.05  0.00  0.00 -- c1af81d8-2e2e-44a0-b7dd-400da9562856
