# output generated by /home/rgomez/anaconda3/bin/gat-run.py --segments=analysis/20220621_LocationPatterns/GATfiles/Segments/LFNAHRinvs.bed --annotations=analysis/20220621_LocationPatterns/GATfiles/Annotations/annotations_CEUSpence.bed --output-counts-pattern=analysis/20220621_LocationPatterns/GATresults/AllIsochores0.1/counts/LFNAHRinvs_CEUSpence_%s.tsv.gz --isochores=analysis/20220621_LocationPatterns/GATfiles/Isochores/genomicSuperDups_COzones_0.1/windows.txt --workspace=analysis/20220621_LocationPatterns/GATfiles/Workspace/workspace_CEUSpence.bed --num-samples=100 --log=analysis/20220621_LocationPatterns/GATresults/AllIsochores0.1/log/LFNAHRinvs_CEUSpence.log --stdout=analysis/20220621_LocationPatterns/GATresults/AllIsochores0.1/tsv/LFNAHRinvs_CEUSpence.tsv
# job started at Tue Jun 21 08:51:48 2022 on rgomez-pc -- 893800e1-6030-4463-bc06-8d59a33e49c1
# pid: 11350, system: Linux 5.3.0-7648-generic #41~1586790036~18.04~600aeb5-Ubuntu SMP Mon Apr 13 17:47:15 UTC  x86_64
# annotation_files                        : ['analysis/20220621_LocationPatterns/GATfiles/Annotations/annotations_CEUSpence.bed']
# annotations_label                       : None
# annotations_to_points                   : None
# bucket_size                             : 0
# cache                                   : None
# conditional                             : unconditional
# conditional_expansion                   : None
# conditional_extension                   : None
# counters                                : []
# enable_split_tracks                     : False
# ignore_segment_tracks                   : True
# input_filename_counts                   : None
# input_filename_descriptions             : None
# input_filename_results                  : None
# isochore_files                          : ['analysis/20220621_LocationPatterns/GATfiles/Isochores/genomicSuperDups_COzones_0.1/windows.txt']
# loglevel                                : 1
# nbuckets                                : 100000
# null                                    : default
# num_samples                             : 100
# num_threads                             : 0
# output_bed                              : []
# output_counts_pattern                   : analysis/20220621_LocationPatterns/GATresults/AllIsochores0.1/counts/LFNAHRinvs_CEUSpence_%s.tsv.gz
# output_filename_pattern                 : %s
# output_force                            : False
# output_order                            : fold
# output_plots_pattern                    : None
# output_samples_pattern                  : None
# output_stats                            : []
# output_tables_pattern                   : %s.tsv.gz
# overlapping_annotations                 : False
# pseudo_count                            : 1.0
# pvalue_method                           : empirical
# qvalue_lambda                           : None
# qvalue_method                           : BH
# qvalue_pi0_method                       : smoother
# random_seed                             : None
# restrict_workspace                      : False
# sample_files                            : []
# sampler                                 : annotator
# segment_files                           : ['analysis/20220621_LocationPatterns/GATfiles/Segments/LFNAHRinvs.bed']
# shift_expansion                         : 2.0
# shift_extension                         : 0
# short_help                              : None
# stderr                                  : <_io.TextIOWrapper name='<stderr>' mode='w' encoding='utf-8'>
# stdin                                   : <_io.TextIOWrapper name='<stdin>' mode='r' encoding='utf-8'>
# stdlog                                  : <_io.TextIOWrapper name='analysis/20220621_LocationPatterns/GATresults/AllIsochores0.1/log/LFNAHRinvs_CEUSpence.log' mode='a' encoding='UTF-8'>
# stdout                                  : <_io.TextIOWrapper name='analysis/20220621_LocationPatterns/GATresults/AllIsochores0.1/tsv/LFNAHRinvs_CEUSpence.tsv' mode='w' encoding='UTF-8'>
# timeit_file                             : None
# timeit_header                           : None
# timeit_name                             : all
# truncate_segments_to_workspace          : False
# truncate_workspace_to_annotations       : False
# workspace_files                         : ['analysis/20220621_LocationPatterns/GATfiles/Workspace/workspace_CEUSpence.bed']
2022-06-21 08:51:48,592 INFO segments: reading tracks from 1 files
2022-06-21 08:51:48,593 INFO segments: read 1 tracks from 1 files
2022-06-21 08:51:48,593 INFO annotations: reading tracks from 1 files
2022-06-21 08:51:48,939 INFO annotations: read 6 tracks from 1 files
2022-06-21 08:51:48,944 INFO workspaces: reading tracks from 1 files
2022-06-21 08:51:48,944 INFO workspaces: read 1 tracks from 1 files
2022-06-21 08:51:48,944 INFO collapsing workspaces
2022-06-21 08:51:48,944 INFO isochores: reading isochores from 1 files
# output generated by /home/rgomez/anaconda3/bin/gat-run.py --segments=analysis/20220621_LocationPatterns/GATfiles/Segments/LFNAHRinvs.bed --annotations=analysis/20220621_LocationPatterns/GATfiles/Annotations/annotations_CEUSpence.bed --output-counts-pattern=analysis/20220621_LocationPatterns/GATresults/AllIsochores0.1/counts/LFNAHRinvs_CEUSpence_%s.tsv.gz --workspace=analysis/20220621_LocationPatterns/GATfiles/Workspace/workspace_CEUSpence.bed --num-samples=100 --log=analysis/20220621_LocationPatterns/GATresults/AllIsochores0.1/log/LFNAHRinvs_CEUSpence.log --stdout=analysis/20220621_LocationPatterns/GATresults/AllIsochores0.1/tsv/LFNAHRinvs_CEUSpence.tsv
# job started at Tue Jun 21 08:53:29 2022 on rgomez-pc -- 243d8589-e687-4959-8005-ccd7898c9d6e
# pid: 11572, system: Linux 5.3.0-7648-generic #41~1586790036~18.04~600aeb5-Ubuntu SMP Mon Apr 13 17:47:15 UTC  x86_64
# annotation_files                        : ['analysis/20220621_LocationPatterns/GATfiles/Annotations/annotations_CEUSpence.bed']
# annotations_label                       : None
# annotations_to_points                   : None
# bucket_size                             : 0
# cache                                   : None
# conditional                             : unconditional
# conditional_expansion                   : None
# conditional_extension                   : None
# counters                                : []
# enable_split_tracks                     : False
# ignore_segment_tracks                   : True
# input_filename_counts                   : None
# input_filename_descriptions             : None
# input_filename_results                  : None
# isochore_files                          : None
# loglevel                                : 1
# nbuckets                                : 100000
# null                                    : default
# num_samples                             : 100
# num_threads                             : 0
# output_bed                              : []
# output_counts_pattern                   : analysis/20220621_LocationPatterns/GATresults/AllIsochores0.1/counts/LFNAHRinvs_CEUSpence_%s.tsv.gz
# output_filename_pattern                 : %s
# output_force                            : False
# output_order                            : fold
# output_plots_pattern                    : None
# output_samples_pattern                  : None
# output_stats                            : []
# output_tables_pattern                   : %s.tsv.gz
# overlapping_annotations                 : False
# pseudo_count                            : 1.0
# pvalue_method                           : empirical
# qvalue_lambda                           : None
# qvalue_method                           : BH
# qvalue_pi0_method                       : smoother
# random_seed                             : None
# restrict_workspace                      : False
# sample_files                            : []
# sampler                                 : annotator
# segment_files                           : ['analysis/20220621_LocationPatterns/GATfiles/Segments/LFNAHRinvs.bed']
# shift_expansion                         : 2.0
# shift_extension                         : 0
# short_help                              : None
# stderr                                  : <_io.TextIOWrapper name='<stderr>' mode='w' encoding='utf-8'>
# stdin                                   : <_io.TextIOWrapper name='<stdin>' mode='r' encoding='utf-8'>
# stdlog                                  : <_io.TextIOWrapper name='analysis/20220621_LocationPatterns/GATresults/AllIsochores0.1/log/LFNAHRinvs_CEUSpence.log' mode='a' encoding='UTF-8'>
# stdout                                  : <_io.TextIOWrapper name='analysis/20220621_LocationPatterns/GATresults/AllIsochores0.1/tsv/LFNAHRinvs_CEUSpence.tsv' mode='w' encoding='UTF-8'>
# timeit_file                             : None
# timeit_header                           : None
# timeit_name                             : all
# truncate_segments_to_workspace          : False
# truncate_workspace_to_annotations       : False
# workspace_files                         : ['analysis/20220621_LocationPatterns/GATfiles/Workspace/workspace_CEUSpence.bed']
2022-06-21 08:53:29,189 INFO segments: reading tracks from 1 files
2022-06-21 08:53:29,189 INFO segments: read 1 tracks from 1 files
2022-06-21 08:53:29,190 INFO annotations: reading tracks from 1 files
2022-06-21 08:53:29,567 INFO annotations: read 6 tracks from 1 files
2022-06-21 08:53:29,571 INFO workspaces: reading tracks from 1 files
2022-06-21 08:53:29,572 INFO workspaces: read 1 tracks from 1 files
2022-06-21 08:53:29,572 INFO collapsing workspaces
2022-06-21 08:53:29,572 INFO intervals loaded in 0 seconds
2022-06-21 08:53:29,573 INFO collecting observed counts
2022-06-21 08:53:29,573 INFO starting sampling
2022-06-21 08:53:29,573 INFO sampling: merged: 1/1
2022-06-21 08:53:29,573 INFO performing unconditional sampling
2022-06-21 08:53:29,574 INFO workspace without conditioning: 40 segments, 2698883317 nucleotides
2022-06-21 08:53:29,574 INFO workspace after conditioning: 40 segments, 2698883317 nucleotides
2022-06-21 08:53:29,574 INFO sampling started
2022-06-21 08:53:29,578 INFO 0/100 done ( 0.00)
2022-06-21 08:53:29,782 INFO sampling completed
2022-06-21 08:53:29,782 INFO sampling finished
2022-06-21 08:53:29,782 INFO computing PValue statistics
2022-06-21 08:53:29,783 INFO writing counts to analysis/20220621_LocationPatterns/GATresults/AllIsochores0.1/counts/LFNAHRinvs_CEUSpence_nucleotide-overlap.tsv.gz
2022-06-21 08:53:29,784 INFO computing FDR statistics
# job finished in 0 seconds at Tue Jun 21 08:53:29 2022 --  1.33  0.05  0.00  0.00 -- 243d8589-e687-4959-8005-ccd7898c9d6e
