# output generated by /home/rgomez/anaconda3/bin/gat-run.py --segments=analysis/20220621_LocationPatterns/GATfiles/Segments/HFNAHRinvs.bed --annotations=analysis/20220621_LocationPatterns/GATfiles/Annotations/genomicSuperDups_coords_normal.bed --output-counts-pattern=analysis/20220621_LocationPatterns/GATresults/WorkspaceHigh/counts/HFNAHRinvs_CEUSpence_%s.tsv.gz --workspace=analysis/20220621_LocationPatterns/GATfiles/Isochores/genomicSuperDups_COzones_0.1/Low.txt --num-samples=100 --log=analysis/20220621_LocationPatterns/GATresults/WorkspaceHigh/log/HFNAHRinvs_CEUSpence.log --stdout=analysis/20220621_LocationPatterns/GATresults/WorkspaceHigh/tsv/HFNAHRinvs_CEUSpence.tsv
# job started at Tue Jun 21 09:36:17 2022 on rgomez-pc -- 9e7bccd7-d5e0-4f2c-bdfa-1d576a5b117b
# pid: 18522, system: Linux 5.3.0-7648-generic #41~1586790036~18.04~600aeb5-Ubuntu SMP Mon Apr 13 17:47:15 UTC  x86_64
# annotation_files                        : ['analysis/20220621_LocationPatterns/GATfiles/Annotations/genomicSuperDups_coords_normal.bed']
# annotations_label                       : None
# annotations_to_points                   : None
# bucket_size                             : 0
# cache                                   : None
# conditional                             : unconditional
# conditional_expansion                   : None
# conditional_extension                   : None
# counters                                : []
# enable_split_tracks                     : False
# ignore_segment_tracks                   : True
# input_filename_counts                   : None
# input_filename_descriptions             : None
# input_filename_results                  : None
# isochore_files                          : None
# loglevel                                : 1
# nbuckets                                : 100000
# null                                    : default
# num_samples                             : 100
# num_threads                             : 0
# output_bed                              : []
# output_counts_pattern                   : analysis/20220621_LocationPatterns/GATresults/WorkspaceHigh/counts/HFNAHRinvs_CEUSpence_%s.tsv.gz
# output_filename_pattern                 : %s
# output_force                            : False
# output_order                            : fold
# output_plots_pattern                    : None
# output_samples_pattern                  : None
# output_stats                            : []
# output_tables_pattern                   : %s.tsv.gz
# overlapping_annotations                 : False
# pseudo_count                            : 1.0
# pvalue_method                           : empirical
# qvalue_lambda                           : None
# qvalue_method                           : BH
# qvalue_pi0_method                       : smoother
# random_seed                             : None
# restrict_workspace                      : False
# sample_files                            : []
# sampler                                 : annotator
# segment_files                           : ['analysis/20220621_LocationPatterns/GATfiles/Segments/HFNAHRinvs.bed']
# shift_expansion                         : 2.0
# shift_extension                         : 0
# short_help                              : None
# stderr                                  : <_io.TextIOWrapper name='<stderr>' mode='w' encoding='utf-8'>
# stdin                                   : <_io.TextIOWrapper name='<stdin>' mode='r' encoding='utf-8'>
# stdlog                                  : <_io.TextIOWrapper name='analysis/20220621_LocationPatterns/GATresults/WorkspaceHigh/log/HFNAHRinvs_CEUSpence.log' mode='a' encoding='UTF-8'>
# stdout                                  : <_io.TextIOWrapper name='analysis/20220621_LocationPatterns/GATresults/WorkspaceHigh/tsv/HFNAHRinvs_CEUSpence.tsv' mode='w' encoding='UTF-8'>
# timeit_file                             : None
# timeit_header                           : None
# timeit_name                             : all
# truncate_segments_to_workspace          : False
# truncate_workspace_to_annotations       : False
# workspace_files                         : ['analysis/20220621_LocationPatterns/GATfiles/Isochores/genomicSuperDups_COzones_0.1/Low.txt']
2022-06-21 09:36:17,773 INFO segments: reading tracks from 1 files
2022-06-21 09:36:17,773 INFO segments: read 1 tracks from 1 files
2022-06-21 09:36:17,773 INFO annotations: reading tracks from 1 files
2022-06-21 09:36:17,901 INFO annotations: read 1 tracks from 1 files
2022-06-21 09:36:17,906 INFO workspaces: reading tracks from 1 files
2022-06-21 09:36:17,906 INFO workspaces: read 1 tracks from 1 files
2022-06-21 09:36:17,906 INFO collapsing workspaces
2022-06-21 09:36:17,906 INFO intervals loaded in 0 seconds
2022-06-21 09:36:17,906 INFO collecting observed counts
2022-06-21 09:36:17,906 INFO starting sampling
2022-06-21 09:36:17,907 INFO sampling: merged: 1/1
2022-06-21 09:36:17,907 INFO performing unconditional sampling
2022-06-21 09:36:17,907 INFO workspace without conditioning: 49 segments, 2341202087 nucleotides
2022-06-21 09:36:17,907 INFO workspace after conditioning: 49 segments, 2341202087 nucleotides
2022-06-21 09:36:17,907 INFO sampling started
2022-06-21 09:36:17,908 INFO 0/100 done ( 0.00)
2022-06-21 09:36:17,995 INFO sampling completed
2022-06-21 09:36:17,995 INFO sampling finished
2022-06-21 09:36:17,995 INFO computing PValue statistics
2022-06-21 09:36:17,995 INFO writing counts to analysis/20220621_LocationPatterns/GATresults/WorkspaceHigh/counts/HFNAHRinvs_CEUSpence_nucleotide-overlap.tsv.gz
2022-06-21 09:36:17,996 INFO computing FDR statistics
# job finished in 0 seconds at Tue Jun 21 09:36:17 2022 --  0.99  0.03  0.00  0.00 -- 9e7bccd7-d5e0-4f2c-bdfa-1d576a5b117b
# output generated by /home/rgomez/anaconda3/bin/gat-run.py --segments=analysis/20220621_LocationPatterns/GATfiles/Segments/HFNAHRinvs.bed --annotations=analysis/20220621_LocationPatterns/GATfiles/Annotations/genomicSuperDups_coords_normal.bed --output-counts-pattern=analysis/20220621_LocationPatterns/GATresults/WorkspaceHigh/counts/HFNAHRinvs_CEUSpence_%s.tsv.gz --workspace=analysis/20220621_LocationPatterns/GATfiles/Isochores/genomicSuperDups_COzones_0.1/Low.txt --num-samples=100 --log=analysis/20220621_LocationPatterns/GATresults/WorkspaceHigh/log/HFNAHRinvs_CEUSpence.log --stdout=analysis/20220621_LocationPatterns/GATresults/WorkspaceHigh/tsv/HFNAHRinvs_CEUSpence.tsv
# job started at Tue Jun 21 09:37:57 2022 on rgomez-pc -- 568dea4a-b528-4c4e-83a5-281f8e11c7da
# pid: 18758, system: Linux 5.3.0-7648-generic #41~1586790036~18.04~600aeb5-Ubuntu SMP Mon Apr 13 17:47:15 UTC  x86_64
# annotation_files                        : ['analysis/20220621_LocationPatterns/GATfiles/Annotations/genomicSuperDups_coords_normal.bed']
# annotations_label                       : None
# annotations_to_points                   : None
# bucket_size                             : 0
# cache                                   : None
# conditional                             : unconditional
# conditional_expansion                   : None
# conditional_extension                   : None
# counters                                : []
# enable_split_tracks                     : False
# ignore_segment_tracks                   : True
# input_filename_counts                   : None
# input_filename_descriptions             : None
# input_filename_results                  : None
# isochore_files                          : None
# loglevel                                : 1
# nbuckets                                : 100000
# null                                    : default
# num_samples                             : 100
# num_threads                             : 0
# output_bed                              : []
# output_counts_pattern                   : analysis/20220621_LocationPatterns/GATresults/WorkspaceHigh/counts/HFNAHRinvs_CEUSpence_%s.tsv.gz
# output_filename_pattern                 : %s
# output_force                            : False
# output_order                            : fold
# output_plots_pattern                    : None
# output_samples_pattern                  : None
# output_stats                            : []
# output_tables_pattern                   : %s.tsv.gz
# overlapping_annotations                 : False
# pseudo_count                            : 1.0
# pvalue_method                           : empirical
# qvalue_lambda                           : None
# qvalue_method                           : BH
# qvalue_pi0_method                       : smoother
# random_seed                             : None
# restrict_workspace                      : False
# sample_files                            : []
# sampler                                 : annotator
# segment_files                           : ['analysis/20220621_LocationPatterns/GATfiles/Segments/HFNAHRinvs.bed']
# shift_expansion                         : 2.0
# shift_extension                         : 0
# short_help                              : None
# stderr                                  : <_io.TextIOWrapper name='<stderr>' mode='w' encoding='utf-8'>
# stdin                                   : <_io.TextIOWrapper name='<stdin>' mode='r' encoding='utf-8'>
# stdlog                                  : <_io.TextIOWrapper name='analysis/20220621_LocationPatterns/GATresults/WorkspaceHigh/log/HFNAHRinvs_CEUSpence.log' mode='a' encoding='UTF-8'>
# stdout                                  : <_io.TextIOWrapper name='analysis/20220621_LocationPatterns/GATresults/WorkspaceHigh/tsv/HFNAHRinvs_CEUSpence.tsv' mode='w' encoding='UTF-8'>
# timeit_file                             : None
# timeit_header                           : None
# timeit_name                             : all
# truncate_segments_to_workspace          : False
# truncate_workspace_to_annotations       : False
# workspace_files                         : ['analysis/20220621_LocationPatterns/GATfiles/Isochores/genomicSuperDups_COzones_0.1/Low.txt']
2022-06-21 09:37:57,354 INFO segments: reading tracks from 1 files
2022-06-21 09:37:57,354 INFO segments: read 1 tracks from 1 files
2022-06-21 09:37:57,354 INFO annotations: reading tracks from 1 files
2022-06-21 09:37:57,486 INFO annotations: read 1 tracks from 1 files
2022-06-21 09:37:57,490 INFO workspaces: reading tracks from 1 files
2022-06-21 09:37:57,491 INFO workspaces: read 1 tracks from 1 files
2022-06-21 09:37:57,491 INFO collapsing workspaces
2022-06-21 09:37:57,491 INFO intervals loaded in 0 seconds
2022-06-21 09:37:57,491 INFO collecting observed counts
2022-06-21 09:37:57,491 INFO starting sampling
2022-06-21 09:37:57,491 INFO sampling: merged: 1/1
2022-06-21 09:37:57,491 INFO performing unconditional sampling
2022-06-21 09:37:57,491 INFO workspace without conditioning: 49 segments, 2341202087 nucleotides
2022-06-21 09:37:57,491 INFO workspace after conditioning: 49 segments, 2341202087 nucleotides
2022-06-21 09:37:57,491 INFO sampling started
2022-06-21 09:37:57,493 INFO 0/100 done ( 0.00)
2022-06-21 09:37:57,577 INFO sampling completed
2022-06-21 09:37:57,577 INFO sampling finished
2022-06-21 09:37:57,577 INFO computing PValue statistics
2022-06-21 09:37:57,578 INFO writing counts to analysis/20220621_LocationPatterns/GATresults/WorkspaceHigh/counts/HFNAHRinvs_CEUSpence_nucleotide-overlap.tsv.gz
2022-06-21 09:37:57,578 INFO computing FDR statistics
# job finished in 0 seconds at Tue Jun 21 09:37:57 2022 --  1.00  0.03  0.00  0.00 -- 568dea4a-b528-4c4e-83a5-281f8e11c7da
