# output generated by /home/rgomez/anaconda3/bin/gat-run.py --segments=analysis/20220621_LocationPatterns/GATfiles/Segments/HFNAHRinvs.bed --annotations=analysis/20220621_LocationPatterns/GATfiles/Annotations/genomicSuperDups_coords_normal.bed --output-counts-pattern=analysis/20220621_LocationPatterns/GATresults/WorkspaceHigh/counts/HFNAHRinvs_avgBherer_%s.tsv.gz --workspace=analysis/20220621_LocationPatterns/GATfiles/Isochores/genomicSuperDups_COzones_0.1/Low.txt --num-samples=100 --log=analysis/20220621_LocationPatterns/GATresults/WorkspaceHigh/log/HFNAHRinvs_avgBherer.log --stdout=analysis/20220621_LocationPatterns/GATresults/WorkspaceHigh/tsv/HFNAHRinvs_avgBherer.tsv
# job started at Tue Jun 21 09:36:18 2022 on rgomez-pc -- f6defd05-c584-4093-ae2b-9bdbea649b76
# pid: 18530, system: Linux 5.3.0-7648-generic #41~1586790036~18.04~600aeb5-Ubuntu SMP Mon Apr 13 17:47:15 UTC  x86_64
# annotation_files                        : ['analysis/20220621_LocationPatterns/GATfiles/Annotations/genomicSuperDups_coords_normal.bed']
# annotations_label                       : None
# annotations_to_points                   : None
# bucket_size                             : 0
# cache                                   : None
# conditional                             : unconditional
# conditional_expansion                   : None
# conditional_extension                   : None
# counters                                : []
# enable_split_tracks                     : False
# ignore_segment_tracks                   : True
# input_filename_counts                   : None
# input_filename_descriptions             : None
# input_filename_results                  : None
# isochore_files                          : None
# loglevel                                : 1
# nbuckets                                : 100000
# null                                    : default
# num_samples                             : 100
# num_threads                             : 0
# output_bed                              : []
# output_counts_pattern                   : analysis/20220621_LocationPatterns/GATresults/WorkspaceHigh/counts/HFNAHRinvs_avgBherer_%s.tsv.gz
# output_filename_pattern                 : %s
# output_force                            : False
# output_order                            : fold
# output_plots_pattern                    : None
# output_samples_pattern                  : None
# output_stats                            : []
# output_tables_pattern                   : %s.tsv.gz
# overlapping_annotations                 : False
# pseudo_count                            : 1.0
# pvalue_method                           : empirical
# qvalue_lambda                           : None
# qvalue_method                           : BH
# qvalue_pi0_method                       : smoother
# random_seed                             : None
# restrict_workspace                      : False
# sample_files                            : []
# sampler                                 : annotator
# segment_files                           : ['analysis/20220621_LocationPatterns/GATfiles/Segments/HFNAHRinvs.bed']
# shift_expansion                         : 2.0
# shift_extension                         : 0
# short_help                              : None
# stderr                                  : <_io.TextIOWrapper name='<stderr>' mode='w' encoding='utf-8'>
# stdin                                   : <_io.TextIOWrapper name='<stdin>' mode='r' encoding='utf-8'>
# stdlog                                  : <_io.TextIOWrapper name='analysis/20220621_LocationPatterns/GATresults/WorkspaceHigh/log/HFNAHRinvs_avgBherer.log' mode='a' encoding='UTF-8'>
# stdout                                  : <_io.TextIOWrapper name='analysis/20220621_LocationPatterns/GATresults/WorkspaceHigh/tsv/HFNAHRinvs_avgBherer.tsv' mode='w' encoding='UTF-8'>
# timeit_file                             : None
# timeit_header                           : None
# timeit_name                             : all
# truncate_segments_to_workspace          : False
# truncate_workspace_to_annotations       : False
# workspace_files                         : ['analysis/20220621_LocationPatterns/GATfiles/Isochores/genomicSuperDups_COzones_0.1/Low.txt']
2022-06-21 09:36:18,895 INFO segments: reading tracks from 1 files
2022-06-21 09:36:18,896 INFO segments: read 1 tracks from 1 files
2022-06-21 09:36:18,896 INFO annotations: reading tracks from 1 files
2022-06-21 09:36:19,030 INFO annotations: read 1 tracks from 1 files
2022-06-21 09:36:19,034 INFO workspaces: reading tracks from 1 files
2022-06-21 09:36:19,034 INFO workspaces: read 1 tracks from 1 files
2022-06-21 09:36:19,034 INFO collapsing workspaces
2022-06-21 09:36:19,034 INFO intervals loaded in 0 seconds
2022-06-21 09:36:19,035 INFO collecting observed counts
2022-06-21 09:36:19,035 INFO starting sampling
2022-06-21 09:36:19,035 INFO sampling: merged: 1/1
2022-06-21 09:36:19,035 INFO performing unconditional sampling
2022-06-21 09:36:19,035 INFO workspace without conditioning: 49 segments, 2341202087 nucleotides
2022-06-21 09:36:19,035 INFO workspace after conditioning: 49 segments, 2341202087 nucleotides
2022-06-21 09:36:19,035 INFO sampling started
2022-06-21 09:36:19,036 INFO 0/100 done ( 0.00)
2022-06-21 09:36:19,122 INFO sampling completed
2022-06-21 09:36:19,122 INFO sampling finished
2022-06-21 09:36:19,122 INFO computing PValue statistics
2022-06-21 09:36:19,123 INFO writing counts to analysis/20220621_LocationPatterns/GATresults/WorkspaceHigh/counts/HFNAHRinvs_avgBherer_nucleotide-overlap.tsv.gz
2022-06-21 09:36:19,123 INFO computing FDR statistics
# job finished in 0 seconds at Tue Jun 21 09:36:19 2022 --  0.97  0.03  0.00  0.00 -- f6defd05-c584-4093-ae2b-9bdbea649b76
# output generated by /home/rgomez/anaconda3/bin/gat-run.py --segments=analysis/20220621_LocationPatterns/GATfiles/Segments/HFNAHRinvs.bed --annotations=analysis/20220621_LocationPatterns/GATfiles/Annotations/genomicSuperDups_coords_normal.bed --output-counts-pattern=analysis/20220621_LocationPatterns/GATresults/WorkspaceHigh/counts/HFNAHRinvs_avgBherer_%s.tsv.gz --workspace=analysis/20220621_LocationPatterns/GATfiles/Isochores/genomicSuperDups_COzones_0.1/Low.txt --num-samples=100 --log=analysis/20220621_LocationPatterns/GATresults/WorkspaceHigh/log/HFNAHRinvs_avgBherer.log --stdout=analysis/20220621_LocationPatterns/GATresults/WorkspaceHigh/tsv/HFNAHRinvs_avgBherer.tsv
# job started at Tue Jun 21 09:37:58 2022 on rgomez-pc -- 1e2728b4-ebf5-443f-8fc4-4a6b18dd3aa6
# pid: 18760, system: Linux 5.3.0-7648-generic #41~1586790036~18.04~600aeb5-Ubuntu SMP Mon Apr 13 17:47:15 UTC  x86_64
# annotation_files                        : ['analysis/20220621_LocationPatterns/GATfiles/Annotations/genomicSuperDups_coords_normal.bed']
# annotations_label                       : None
# annotations_to_points                   : None
# bucket_size                             : 0
# cache                                   : None
# conditional                             : unconditional
# conditional_expansion                   : None
# conditional_extension                   : None
# counters                                : []
# enable_split_tracks                     : False
# ignore_segment_tracks                   : True
# input_filename_counts                   : None
# input_filename_descriptions             : None
# input_filename_results                  : None
# isochore_files                          : None
# loglevel                                : 1
# nbuckets                                : 100000
# null                                    : default
# num_samples                             : 100
# num_threads                             : 0
# output_bed                              : []
# output_counts_pattern                   : analysis/20220621_LocationPatterns/GATresults/WorkspaceHigh/counts/HFNAHRinvs_avgBherer_%s.tsv.gz
# output_filename_pattern                 : %s
# output_force                            : False
# output_order                            : fold
# output_plots_pattern                    : None
# output_samples_pattern                  : None
# output_stats                            : []
# output_tables_pattern                   : %s.tsv.gz
# overlapping_annotations                 : False
# pseudo_count                            : 1.0
# pvalue_method                           : empirical
# qvalue_lambda                           : None
# qvalue_method                           : BH
# qvalue_pi0_method                       : smoother
# random_seed                             : None
# restrict_workspace                      : False
# sample_files                            : []
# sampler                                 : annotator
# segment_files                           : ['analysis/20220621_LocationPatterns/GATfiles/Segments/HFNAHRinvs.bed']
# shift_expansion                         : 2.0
# shift_extension                         : 0
# short_help                              : None
# stderr                                  : <_io.TextIOWrapper name='<stderr>' mode='w' encoding='utf-8'>
# stdin                                   : <_io.TextIOWrapper name='<stdin>' mode='r' encoding='utf-8'>
# stdlog                                  : <_io.TextIOWrapper name='analysis/20220621_LocationPatterns/GATresults/WorkspaceHigh/log/HFNAHRinvs_avgBherer.log' mode='a' encoding='UTF-8'>
# stdout                                  : <_io.TextIOWrapper name='analysis/20220621_LocationPatterns/GATresults/WorkspaceHigh/tsv/HFNAHRinvs_avgBherer.tsv' mode='w' encoding='UTF-8'>
# timeit_file                             : None
# timeit_header                           : None
# timeit_name                             : all
# truncate_segments_to_workspace          : False
# truncate_workspace_to_annotations       : False
# workspace_files                         : ['analysis/20220621_LocationPatterns/GATfiles/Isochores/genomicSuperDups_COzones_0.1/Low.txt']
2022-06-21 09:37:58,517 INFO segments: reading tracks from 1 files
2022-06-21 09:37:58,518 INFO segments: read 1 tracks from 1 files
2022-06-21 09:37:58,518 INFO annotations: reading tracks from 1 files
2022-06-21 09:37:58,655 INFO annotations: read 1 tracks from 1 files
2022-06-21 09:37:58,660 INFO workspaces: reading tracks from 1 files
2022-06-21 09:37:58,660 INFO workspaces: read 1 tracks from 1 files
2022-06-21 09:37:58,660 INFO collapsing workspaces
2022-06-21 09:37:58,660 INFO intervals loaded in 0 seconds
2022-06-21 09:37:58,660 INFO collecting observed counts
2022-06-21 09:37:58,660 INFO starting sampling
2022-06-21 09:37:58,660 INFO sampling: merged: 1/1
2022-06-21 09:37:58,660 INFO performing unconditional sampling
2022-06-21 09:37:58,661 INFO workspace without conditioning: 49 segments, 2341202087 nucleotides
2022-06-21 09:37:58,661 INFO workspace after conditioning: 49 segments, 2341202087 nucleotides
2022-06-21 09:37:58,661 INFO sampling started
2022-06-21 09:37:58,662 INFO 0/100 done ( 0.00)
2022-06-21 09:37:58,749 INFO sampling completed
2022-06-21 09:37:58,749 INFO sampling finished
2022-06-21 09:37:58,749 INFO computing PValue statistics
2022-06-21 09:37:58,750 INFO writing counts to analysis/20220621_LocationPatterns/GATresults/WorkspaceHigh/counts/HFNAHRinvs_avgBherer_nucleotide-overlap.tsv.gz
2022-06-21 09:37:58,750 INFO computing FDR statistics
# job finished in 0 seconds at Tue Jun 21 09:37:58 2022 --  1.03  0.02  0.00  0.00 -- 1e2728b4-ebf5-443f-8fc4-4a6b18dd3aa6
