# output generated by /home/rgomez/anaconda3/bin/gat-run.py --segments=analysis/20220621_LocationPatterns/GATfiles/Segments/HFno501invs.bed --annotations=analysis/20220621_LocationPatterns/GATfiles/Annotations/genomicSuperDups_coords_normal.bed --output-counts-pattern=analysis/20220621_LocationPatterns/GATresults/WorkspaceHigh/counts/HFno501invs_avgBherer_%s.tsv.gz --workspace=analysis/20220621_LocationPatterns/GATfiles/Isochores/genomicSuperDups_COzones_0.1/Low.txt --num-samples=100 --log=analysis/20220621_LocationPatterns/GATresults/WorkspaceHigh/log/HFno501invs_avgBherer.log --stdout=analysis/20220621_LocationPatterns/GATresults/WorkspaceHigh/tsv/HFno501invs_avgBherer.tsv
# job started at Tue Jun 21 09:36:29 2022 on rgomez-pc -- 7bfa5e74-b75b-4f4c-b6d0-dfbf29723c20
# pid: 18571, system: Linux 5.3.0-7648-generic #41~1586790036~18.04~600aeb5-Ubuntu SMP Mon Apr 13 17:47:15 UTC  x86_64
# annotation_files                        : ['analysis/20220621_LocationPatterns/GATfiles/Annotations/genomicSuperDups_coords_normal.bed']
# annotations_label                       : None
# annotations_to_points                   : None
# bucket_size                             : 0
# cache                                   : None
# conditional                             : unconditional
# conditional_expansion                   : None
# conditional_extension                   : None
# counters                                : []
# enable_split_tracks                     : False
# ignore_segment_tracks                   : True
# input_filename_counts                   : None
# input_filename_descriptions             : None
# input_filename_results                  : None
# isochore_files                          : None
# loglevel                                : 1
# nbuckets                                : 100000
# null                                    : default
# num_samples                             : 100
# num_threads                             : 0
# output_bed                              : []
# output_counts_pattern                   : analysis/20220621_LocationPatterns/GATresults/WorkspaceHigh/counts/HFno501invs_avgBherer_%s.tsv.gz
# output_filename_pattern                 : %s
# output_force                            : False
# output_order                            : fold
# output_plots_pattern                    : None
# output_samples_pattern                  : None
# output_stats                            : []
# output_tables_pattern                   : %s.tsv.gz
# overlapping_annotations                 : False
# pseudo_count                            : 1.0
# pvalue_method                           : empirical
# qvalue_lambda                           : None
# qvalue_method                           : BH
# qvalue_pi0_method                       : smoother
# random_seed                             : None
# restrict_workspace                      : False
# sample_files                            : []
# sampler                                 : annotator
# segment_files                           : ['analysis/20220621_LocationPatterns/GATfiles/Segments/HFno501invs.bed']
# shift_expansion                         : 2.0
# shift_extension                         : 0
# short_help                              : None
# stderr                                  : <_io.TextIOWrapper name='<stderr>' mode='w' encoding='utf-8'>
# stdin                                   : <_io.TextIOWrapper name='<stdin>' mode='r' encoding='utf-8'>
# stdlog                                  : <_io.TextIOWrapper name='analysis/20220621_LocationPatterns/GATresults/WorkspaceHigh/log/HFno501invs_avgBherer.log' mode='a' encoding='UTF-8'>
# stdout                                  : <_io.TextIOWrapper name='analysis/20220621_LocationPatterns/GATresults/WorkspaceHigh/tsv/HFno501invs_avgBherer.tsv' mode='w' encoding='UTF-8'>
# timeit_file                             : None
# timeit_header                           : None
# timeit_name                             : all
# truncate_segments_to_workspace          : False
# truncate_workspace_to_annotations       : False
# workspace_files                         : ['analysis/20220621_LocationPatterns/GATfiles/Isochores/genomicSuperDups_COzones_0.1/Low.txt']
2022-06-21 09:36:29,371 INFO segments: reading tracks from 1 files
2022-06-21 09:36:29,371 INFO segments: read 1 tracks from 1 files
2022-06-21 09:36:29,371 INFO annotations: reading tracks from 1 files
2022-06-21 09:36:29,494 INFO annotations: read 1 tracks from 1 files
2022-06-21 09:36:29,499 INFO workspaces: reading tracks from 1 files
2022-06-21 09:36:29,499 INFO workspaces: read 1 tracks from 1 files
2022-06-21 09:36:29,499 INFO collapsing workspaces
2022-06-21 09:36:29,499 INFO intervals loaded in 0 seconds
2022-06-21 09:36:29,499 INFO collecting observed counts
2022-06-21 09:36:29,499 INFO starting sampling
2022-06-21 09:36:29,500 INFO sampling: merged: 1/1
2022-06-21 09:36:29,500 INFO performing unconditional sampling
2022-06-21 09:36:29,500 INFO workspace without conditioning: 49 segments, 2341202087 nucleotides
2022-06-21 09:36:29,500 INFO workspace after conditioning: 49 segments, 2341202087 nucleotides
2022-06-21 09:36:29,500 INFO sampling started
2022-06-21 09:36:29,503 INFO 0/100 done ( 0.00)
2022-06-21 09:36:29,744 INFO sampling completed
2022-06-21 09:36:29,744 INFO sampling finished
2022-06-21 09:36:29,744 INFO computing PValue statistics
2022-06-21 09:36:29,745 INFO writing counts to analysis/20220621_LocationPatterns/GATresults/WorkspaceHigh/counts/HFno501invs_avgBherer_nucleotide-overlap.tsv.gz
2022-06-21 09:36:29,745 INFO computing FDR statistics
# job finished in 0 seconds at Tue Jun 21 09:36:29 2022 --  1.12  0.05  0.00  0.00 -- 7bfa5e74-b75b-4f4c-b6d0-dfbf29723c20
# output generated by /home/rgomez/anaconda3/bin/gat-run.py --segments=analysis/20220621_LocationPatterns/GATfiles/Segments/HFno501invs.bed --annotations=analysis/20220621_LocationPatterns/GATfiles/Annotations/genomicSuperDups_coords_normal.bed --output-counts-pattern=analysis/20220621_LocationPatterns/GATresults/WorkspaceHigh/counts/HFno501invs_avgBherer_%s.tsv.gz --workspace=analysis/20220621_LocationPatterns/GATfiles/Isochores/genomicSuperDups_COzones_0.1/Low.txt --num-samples=100 --log=analysis/20220621_LocationPatterns/GATresults/WorkspaceHigh/log/HFno501invs_avgBherer.log --stdout=analysis/20220621_LocationPatterns/GATresults/WorkspaceHigh/tsv/HFno501invs_avgBherer.tsv
# job started at Tue Jun 21 09:38:09 2022 on rgomez-pc -- 2704721c-1136-4208-85a3-fb934fda0755
# pid: 18805, system: Linux 5.3.0-7648-generic #41~1586790036~18.04~600aeb5-Ubuntu SMP Mon Apr 13 17:47:15 UTC  x86_64
# annotation_files                        : ['analysis/20220621_LocationPatterns/GATfiles/Annotations/genomicSuperDups_coords_normal.bed']
# annotations_label                       : None
# annotations_to_points                   : None
# bucket_size                             : 0
# cache                                   : None
# conditional                             : unconditional
# conditional_expansion                   : None
# conditional_extension                   : None
# counters                                : []
# enable_split_tracks                     : False
# ignore_segment_tracks                   : True
# input_filename_counts                   : None
# input_filename_descriptions             : None
# input_filename_results                  : None
# isochore_files                          : None
# loglevel                                : 1
# nbuckets                                : 100000
# null                                    : default
# num_samples                             : 100
# num_threads                             : 0
# output_bed                              : []
# output_counts_pattern                   : analysis/20220621_LocationPatterns/GATresults/WorkspaceHigh/counts/HFno501invs_avgBherer_%s.tsv.gz
# output_filename_pattern                 : %s
# output_force                            : False
# output_order                            : fold
# output_plots_pattern                    : None
# output_samples_pattern                  : None
# output_stats                            : []
# output_tables_pattern                   : %s.tsv.gz
# overlapping_annotations                 : False
# pseudo_count                            : 1.0
# pvalue_method                           : empirical
# qvalue_lambda                           : None
# qvalue_method                           : BH
# qvalue_pi0_method                       : smoother
# random_seed                             : None
# restrict_workspace                      : False
# sample_files                            : []
# sampler                                 : annotator
# segment_files                           : ['analysis/20220621_LocationPatterns/GATfiles/Segments/HFno501invs.bed']
# shift_expansion                         : 2.0
# shift_extension                         : 0
# short_help                              : None
# stderr                                  : <_io.TextIOWrapper name='<stderr>' mode='w' encoding='utf-8'>
# stdin                                   : <_io.TextIOWrapper name='<stdin>' mode='r' encoding='utf-8'>
# stdlog                                  : <_io.TextIOWrapper name='analysis/20220621_LocationPatterns/GATresults/WorkspaceHigh/log/HFno501invs_avgBherer.log' mode='a' encoding='UTF-8'>
# stdout                                  : <_io.TextIOWrapper name='analysis/20220621_LocationPatterns/GATresults/WorkspaceHigh/tsv/HFno501invs_avgBherer.tsv' mode='w' encoding='UTF-8'>
# timeit_file                             : None
# timeit_header                           : None
# timeit_name                             : all
# truncate_segments_to_workspace          : False
# truncate_workspace_to_annotations       : False
# workspace_files                         : ['analysis/20220621_LocationPatterns/GATfiles/Isochores/genomicSuperDups_COzones_0.1/Low.txt']
2022-06-21 09:38:09,359 INFO segments: reading tracks from 1 files
2022-06-21 09:38:09,359 INFO segments: read 1 tracks from 1 files
2022-06-21 09:38:09,359 INFO annotations: reading tracks from 1 files
2022-06-21 09:38:09,487 INFO annotations: read 1 tracks from 1 files
2022-06-21 09:38:09,491 INFO workspaces: reading tracks from 1 files
2022-06-21 09:38:09,492 INFO workspaces: read 1 tracks from 1 files
2022-06-21 09:38:09,492 INFO collapsing workspaces
2022-06-21 09:38:09,492 INFO intervals loaded in 0 seconds
2022-06-21 09:38:09,492 INFO collecting observed counts
2022-06-21 09:38:09,492 INFO starting sampling
2022-06-21 09:38:09,492 INFO sampling: merged: 1/1
2022-06-21 09:38:09,492 INFO performing unconditional sampling
2022-06-21 09:38:09,492 INFO workspace without conditioning: 49 segments, 2341202087 nucleotides
2022-06-21 09:38:09,492 INFO workspace after conditioning: 49 segments, 2341202087 nucleotides
2022-06-21 09:38:09,492 INFO sampling started
2022-06-21 09:38:09,495 INFO 0/100 done ( 0.00)
2022-06-21 09:38:09,734 INFO sampling completed
2022-06-21 09:38:09,734 INFO sampling finished
2022-06-21 09:38:09,734 INFO computing PValue statistics
2022-06-21 09:38:09,734 INFO writing counts to analysis/20220621_LocationPatterns/GATresults/WorkspaceHigh/counts/HFno501invs_avgBherer_nucleotide-overlap.tsv.gz
2022-06-21 09:38:09,735 INFO computing FDR statistics
# job finished in 0 seconds at Tue Jun 21 09:38:09 2022 --  1.13  0.06  0.00  0.00 -- 2704721c-1136-4208-85a3-fb934fda0755
