# output generated by /home/rgomez/anaconda3/bin/gat-run.py --segments=analysis/20220622_LocationPatterns/GATfiles/Segments/invs.bed --annotations=analysis/20220622_LocationPatterns/GATfiles/Annotations/genomicSuperDups_coords.bed --isochores=analysis/20220622_LocationPatterns/GATfiles/Isochores/isochores_calculated.bed --workspace=analysis/20220622_LocationPatterns/GATfiles/Workspace/workspace_avgBherer.bed --num-samples=100 --log=analysis/20220622_LocationPatterns/GATresults/Isochores_calculated/log/invs_avgBherer.log --stdout=analysis/20220622_LocationPatterns/GATresults/Isochores_calculated/tsv/invs_avgBherer.tsv
# job started at Wed Jun 22 08:04:34 2022 on rgomez-pc -- c9a83172-cc47-4bb9-a428-c5da327aa8a1
# pid: 26671, system: Linux 5.3.0-7648-generic #41~1586790036~18.04~600aeb5-Ubuntu SMP Mon Apr 13 17:47:15 UTC  x86_64
# annotation_files                        : ['analysis/20220622_LocationPatterns/GATfiles/Annotations/genomicSuperDups_coords.bed']
# annotations_label                       : None
# annotations_to_points                   : None
# bucket_size                             : 0
# cache                                   : None
# conditional                             : unconditional
# conditional_expansion                   : None
# conditional_extension                   : None
# counters                                : []
# enable_split_tracks                     : False
# ignore_segment_tracks                   : True
# input_filename_counts                   : None
# input_filename_descriptions             : None
# input_filename_results                  : None
# isochore_files                          : ['analysis/20220622_LocationPatterns/GATfiles/Isochores/isochores_calculated.bed']
# loglevel                                : 1
# nbuckets                                : 100000
# null                                    : default
# num_samples                             : 100
# num_threads                             : 0
# output_bed                              : []
# output_counts_pattern                   : None
# output_filename_pattern                 : %s
# output_force                            : False
# output_order                            : fold
# output_plots_pattern                    : None
# output_samples_pattern                  : None
# output_stats                            : []
# output_tables_pattern                   : %s.tsv.gz
# overlapping_annotations                 : False
# pseudo_count                            : 1.0
# pvalue_method                           : empirical
# qvalue_lambda                           : None
# qvalue_method                           : BH
# qvalue_pi0_method                       : smoother
# random_seed                             : None
# restrict_workspace                      : False
# sample_files                            : []
# sampler                                 : annotator
# segment_files                           : ['analysis/20220622_LocationPatterns/GATfiles/Segments/invs.bed']
# shift_expansion                         : 2.0
# shift_extension                         : 0
# short_help                              : None
# stderr                                  : <_io.TextIOWrapper name='<stderr>' mode='w' encoding='utf-8'>
# stdin                                   : <_io.TextIOWrapper name='<stdin>' mode='r' encoding='utf-8'>
# stdlog                                  : <_io.TextIOWrapper name='analysis/20220622_LocationPatterns/GATresults/Isochores_calculated/log/invs_avgBherer.log' mode='a' encoding='UTF-8'>
# stdout                                  : <_io.TextIOWrapper name='analysis/20220622_LocationPatterns/GATresults/Isochores_calculated/tsv/invs_avgBherer.tsv' mode='w' encoding='UTF-8'>
# timeit_file                             : None
# timeit_header                           : None
# timeit_name                             : all
# truncate_segments_to_workspace          : False
# truncate_workspace_to_annotations       : False
# workspace_files                         : ['analysis/20220622_LocationPatterns/GATfiles/Workspace/workspace_avgBherer.bed']
2022-06-22 08:04:34,747 INFO segments: reading tracks from 1 files
2022-06-22 08:04:34,747 INFO segments: read 1 tracks from 1 files
2022-06-22 08:04:34,747 INFO annotations: reading tracks from 1 files
2022-06-22 08:04:34,885 INFO annotations: read 1 tracks from 1 files
2022-06-22 08:04:34,889 INFO workspaces: reading tracks from 1 files
2022-06-22 08:04:34,890 INFO workspaces: read 1 tracks from 1 files
2022-06-22 08:04:34,890 INFO collapsing workspaces
2022-06-22 08:04:34,890 INFO isochores: reading isochores from 1 files
2022-06-22 08:04:34,890 INFO intervals loaded in 0 seconds
2022-06-22 08:04:34,890 INFO adding isochores to workspace
2022-06-22 08:04:34,891 INFO collecting observed counts
2022-06-22 08:04:34,891 INFO starting sampling
2022-06-22 08:04:34,891 INFO sampling: merged: 1/1
2022-06-22 08:04:34,891 INFO performing unconditional sampling
2022-06-22 08:04:34,891 INFO workspace without conditioning: 71 segments, 2678195140 nucleotides
2022-06-22 08:04:34,891 INFO workspace after conditioning: 71 segments, 2678195140 nucleotides
2022-06-22 08:04:34,891 INFO sampling started
2022-06-22 08:04:34,903 INFO 0/100 done ( 0.00)
2022-06-22 08:04:35,755 INFO sampling completed
2022-06-22 08:04:35,755 INFO sampling finished
2022-06-22 08:04:35,755 INFO computing PValue statistics
2022-06-22 08:04:35,756 INFO computing FDR statistics
# job finished in 1 seconds at Wed Jun 22 08:04:35 2022 --  1.78  0.04  0.00  0.00 -- c9a83172-cc47-4bb9-a428-c5da327aa8a1
# output generated by /home/rgomez/anaconda3/bin/gat-run.py --segments=analysis/20220622_LocationPatterns/GATfiles/Segments/invs.bed --annotations=analysis/20220622_LocationPatterns/GATfiles/Annotations/genomicSuperDups_coords.bed --isochores=analysis/20220622_LocationPatterns/GATfiles/Isochores/isochores_calculated.bed --workspace=analysis/20220622_LocationPatterns/GATfiles/Workspace/workspace_avgBherer.bed --num-samples=100 --log=analysis/20220622_LocationPatterns/GATresults/Isochores_calculated/log/invs_avgBherer.log --stdout=analysis/20220622_LocationPatterns/GATresults/Isochores_calculated/tsv/invs_avgBherer.tsv
# job started at Wed Jun 22 08:09:44 2022 on rgomez-pc -- 5798137d-a61b-46c6-9b21-e1f00b0372e2
# pid: 27214, system: Linux 5.3.0-7648-generic #41~1586790036~18.04~600aeb5-Ubuntu SMP Mon Apr 13 17:47:15 UTC  x86_64
# annotation_files                        : ['analysis/20220622_LocationPatterns/GATfiles/Annotations/genomicSuperDups_coords.bed']
# annotations_label                       : None
# annotations_to_points                   : None
# bucket_size                             : 0
# cache                                   : None
# conditional                             : unconditional
# conditional_expansion                   : None
# conditional_extension                   : None
# counters                                : []
# enable_split_tracks                     : False
# ignore_segment_tracks                   : True
# input_filename_counts                   : None
# input_filename_descriptions             : None
# input_filename_results                  : None
# isochore_files                          : ['analysis/20220622_LocationPatterns/GATfiles/Isochores/isochores_calculated.bed']
# loglevel                                : 1
# nbuckets                                : 100000
# null                                    : default
# num_samples                             : 100
# num_threads                             : 0
# output_bed                              : []
# output_counts_pattern                   : None
# output_filename_pattern                 : %s
# output_force                            : False
# output_order                            : fold
# output_plots_pattern                    : None
# output_samples_pattern                  : None
# output_stats                            : []
# output_tables_pattern                   : %s.tsv.gz
# overlapping_annotations                 : False
# pseudo_count                            : 1.0
# pvalue_method                           : empirical
# qvalue_lambda                           : None
# qvalue_method                           : BH
# qvalue_pi0_method                       : smoother
# random_seed                             : None
# restrict_workspace                      : False
# sample_files                            : []
# sampler                                 : annotator
# segment_files                           : ['analysis/20220622_LocationPatterns/GATfiles/Segments/invs.bed']
# shift_expansion                         : 2.0
# shift_extension                         : 0
# short_help                              : None
# stderr                                  : <_io.TextIOWrapper name='<stderr>' mode='w' encoding='utf-8'>
# stdin                                   : <_io.TextIOWrapper name='<stdin>' mode='r' encoding='utf-8'>
# stdlog                                  : <_io.TextIOWrapper name='analysis/20220622_LocationPatterns/GATresults/Isochores_calculated/log/invs_avgBherer.log' mode='a' encoding='UTF-8'>
# stdout                                  : <_io.TextIOWrapper name='analysis/20220622_LocationPatterns/GATresults/Isochores_calculated/tsv/invs_avgBherer.tsv' mode='w' encoding='UTF-8'>
# timeit_file                             : None
# timeit_header                           : None
# timeit_name                             : all
# truncate_segments_to_workspace          : False
# truncate_workspace_to_annotations       : False
# workspace_files                         : ['analysis/20220622_LocationPatterns/GATfiles/Workspace/workspace_avgBherer.bed']
2022-06-22 08:09:44,138 INFO segments: reading tracks from 1 files
2022-06-22 08:09:44,138 INFO segments: read 1 tracks from 1 files
2022-06-22 08:09:44,138 INFO annotations: reading tracks from 1 files
2022-06-22 08:09:44,266 INFO annotations: read 1 tracks from 1 files
2022-06-22 08:09:44,270 INFO workspaces: reading tracks from 1 files
2022-06-22 08:09:44,271 INFO workspaces: read 1 tracks from 1 files
2022-06-22 08:09:44,271 INFO collapsing workspaces
2022-06-22 08:09:44,271 INFO isochores: reading isochores from 1 files
2022-06-22 08:09:44,271 INFO intervals loaded in 0 seconds
2022-06-22 08:09:44,271 INFO adding isochores to workspace
2022-06-22 08:09:44,272 INFO collecting observed counts
2022-06-22 08:09:44,272 INFO starting sampling
2022-06-22 08:09:44,272 INFO sampling: merged: 1/1
2022-06-22 08:09:44,272 INFO performing unconditional sampling
2022-06-22 08:09:44,272 INFO workspace without conditioning: 90 segments, 2678195140 nucleotides
2022-06-22 08:09:44,273 INFO workspace after conditioning: 90 segments, 2678195140 nucleotides
2022-06-22 08:09:44,273 INFO sampling started
2022-06-22 08:09:44,281 INFO 0/100 done ( 0.00)
2022-06-22 08:09:45,111 INFO sampling completed
2022-06-22 08:09:45,111 INFO sampling finished
2022-06-22 08:09:45,112 INFO computing PValue statistics
2022-06-22 08:09:45,112 INFO computing FDR statistics
# job finished in 0 seconds at Wed Jun 22 08:09:45 2022 --  1.86  0.06  0.00  0.00 -- 5798137d-a61b-46c6-9b21-e1f00b0372e2
# output generated by /home/rgomez/anaconda3/bin/gat-run.py --segments=analysis/20220622_LocationPatterns/GATfiles/Segments/invs.bed --annotations=analysis/20220622_LocationPatterns/GATfiles/Annotations/genomicSuperDups_coords.bed --isochores=analysis/20220622_LocationPatterns/GATfiles/Isochores/isochores_calculated.bed --workspace=analysis/20220622_LocationPatterns/GATfiles/Workspace/workspace_avgBherer.bed --num-samples=100 --log=analysis/20220622_LocationPatterns/GATresults/Isochores_calculated/log/invs_avgBherer.log --stdout=analysis/20220622_LocationPatterns/GATresults/Isochores_calculated/tsv/invs_avgBherer.tsv
# job started at Wed Jun 22 08:11:36 2022 on rgomez-pc -- c741f8ad-e161-4428-acdb-cf521dcd9b06
# pid: 27439, system: Linux 5.3.0-7648-generic #41~1586790036~18.04~600aeb5-Ubuntu SMP Mon Apr 13 17:47:15 UTC  x86_64
# annotation_files                        : ['analysis/20220622_LocationPatterns/GATfiles/Annotations/genomicSuperDups_coords.bed']
# annotations_label                       : None
# annotations_to_points                   : None
# bucket_size                             : 0
# cache                                   : None
# conditional                             : unconditional
# conditional_expansion                   : None
# conditional_extension                   : None
# counters                                : []
# enable_split_tracks                     : False
# ignore_segment_tracks                   : True
# input_filename_counts                   : None
# input_filename_descriptions             : None
# input_filename_results                  : None
# isochore_files                          : ['analysis/20220622_LocationPatterns/GATfiles/Isochores/isochores_calculated.bed']
# loglevel                                : 1
# nbuckets                                : 100000
# null                                    : default
# num_samples                             : 100
# num_threads                             : 0
# output_bed                              : []
# output_counts_pattern                   : None
# output_filename_pattern                 : %s
# output_force                            : False
# output_order                            : fold
# output_plots_pattern                    : None
# output_samples_pattern                  : None
# output_stats                            : []
# output_tables_pattern                   : %s.tsv.gz
# overlapping_annotations                 : False
# pseudo_count                            : 1.0
# pvalue_method                           : empirical
# qvalue_lambda                           : None
# qvalue_method                           : BH
# qvalue_pi0_method                       : smoother
# random_seed                             : None
# restrict_workspace                      : False
# sample_files                            : []
# sampler                                 : annotator
# segment_files                           : ['analysis/20220622_LocationPatterns/GATfiles/Segments/invs.bed']
# shift_expansion                         : 2.0
# shift_extension                         : 0
# short_help                              : None
# stderr                                  : <_io.TextIOWrapper name='<stderr>' mode='w' encoding='utf-8'>
# stdin                                   : <_io.TextIOWrapper name='<stdin>' mode='r' encoding='utf-8'>
# stdlog                                  : <_io.TextIOWrapper name='analysis/20220622_LocationPatterns/GATresults/Isochores_calculated/log/invs_avgBherer.log' mode='a' encoding='UTF-8'>
# stdout                                  : <_io.TextIOWrapper name='analysis/20220622_LocationPatterns/GATresults/Isochores_calculated/tsv/invs_avgBherer.tsv' mode='w' encoding='UTF-8'>
# timeit_file                             : None
# timeit_header                           : None
# timeit_name                             : all
# truncate_segments_to_workspace          : False
# truncate_workspace_to_annotations       : False
# workspace_files                         : ['analysis/20220622_LocationPatterns/GATfiles/Workspace/workspace_avgBherer.bed']
2022-06-22 08:11:36,125 INFO segments: reading tracks from 1 files
2022-06-22 08:11:36,125 INFO segments: read 1 tracks from 1 files
2022-06-22 08:11:36,125 INFO annotations: reading tracks from 1 files
2022-06-22 08:11:36,247 INFO annotations: read 1 tracks from 1 files
2022-06-22 08:11:36,251 INFO workspaces: reading tracks from 1 files
2022-06-22 08:11:36,251 INFO workspaces: read 1 tracks from 1 files
2022-06-22 08:11:36,251 INFO collapsing workspaces
2022-06-22 08:11:36,251 INFO isochores: reading isochores from 1 files
2022-06-22 08:11:36,252 INFO intervals loaded in 0 seconds
2022-06-22 08:11:36,252 INFO adding isochores to workspace
2022-06-22 08:11:36,252 INFO collecting observed counts
2022-06-22 08:11:36,252 INFO starting sampling
2022-06-22 08:11:36,252 INFO sampling: merged: 1/1
2022-06-22 08:11:36,252 INFO performing unconditional sampling
2022-06-22 08:11:36,253 INFO workspace without conditioning: 82 segments, 2678195140 nucleotides
2022-06-22 08:11:36,253 INFO workspace after conditioning: 82 segments, 2678195140 nucleotides
2022-06-22 08:11:36,253 INFO sampling started
2022-06-22 08:11:36,261 INFO 0/100 done ( 0.00)
2022-06-22 08:11:37,031 INFO sampling completed
2022-06-22 08:11:37,031 INFO sampling finished
2022-06-22 08:11:37,031 INFO computing PValue statistics
2022-06-22 08:11:37,032 INFO computing FDR statistics
# job finished in 0 seconds at Wed Jun 22 08:11:37 2022 --  1.64  0.05  0.00  0.00 -- c741f8ad-e161-4428-acdb-cf521dcd9b06
