# output generated by /home/rgomez/anaconda3/bin/gat-run.py --segments=analysis/20220622_LocationPatterns/GATfiles/Segments/NAHR_All_comparable.bed --isochores=analysis/20220622_LocationPatterns/GATfiles/Isochores/isochores_NAHR_All_comparable.bed --annotations=analysis/20220622_LocationPatterns/GATfiles/Annotations/annotations_repeats.bed --output-counts-pattern=analysis/20220622_LocationPatterns/GATresults/NAHR_All_comparable/counts/NAHR_All_comparable_annotations_repeats%s.tsv.gz --workspace=analysis/20220622_LocationPatterns/GATfiles/Workspace/workspace_avgBherer.bed --num-samples=1000 --log=analysis/20220622_LocationPatterns/GATresults/NAHR_All_comparable/log/NAHR_All_comparable_annotations_repeats.log --stdout=analysis/20220622_LocationPatterns/GATresults/NAHR_All_comparable/tsv/NAHR_All_comparable_annotations_repeats.tsv
# job started at Thu Jun 23 12:57:02 2022 on rgomez-pc -- 1073de00-3a5d-49a9-be23-5e12756044cc
# pid: 27103, system: Linux 5.3.0-7648-generic #41~1586790036~18.04~600aeb5-Ubuntu SMP Mon Apr 13 17:47:15 UTC  x86_64
# annotation_files                        : ['analysis/20220622_LocationPatterns/GATfiles/Annotations/annotations_repeats.bed']
# annotations_label                       : None
# annotations_to_points                   : None
# bucket_size                             : 0
# cache                                   : None
# conditional                             : unconditional
# conditional_expansion                   : None
# conditional_extension                   : None
# counters                                : []
# enable_split_tracks                     : False
# ignore_segment_tracks                   : True
# input_filename_counts                   : None
# input_filename_descriptions             : None
# input_filename_results                  : None
# isochore_files                          : ['analysis/20220622_LocationPatterns/GATfiles/Isochores/isochores_NAHR_All_comparable.bed']
# loglevel                                : 1
# nbuckets                                : 100000
# null                                    : default
# num_samples                             : 1000
# num_threads                             : 0
# output_bed                              : []
# output_counts_pattern                   : analysis/20220622_LocationPatterns/GATresults/NAHR_All_comparable/counts/NAHR_All_comparable_annotations_repeats%s.tsv.gz
# output_filename_pattern                 : %s
# output_force                            : False
# output_order                            : fold
# output_plots_pattern                    : None
# output_samples_pattern                  : None
# output_stats                            : []
# output_tables_pattern                   : %s.tsv.gz
# overlapping_annotations                 : False
# pseudo_count                            : 1.0
# pvalue_method                           : empirical
# qvalue_lambda                           : None
# qvalue_method                           : BH
# qvalue_pi0_method                       : smoother
# random_seed                             : None
# restrict_workspace                      : False
# sample_files                            : []
# sampler                                 : annotator
# segment_files                           : ['analysis/20220622_LocationPatterns/GATfiles/Segments/NAHR_All_comparable.bed']
# shift_expansion                         : 2.0
# shift_extension                         : 0
# short_help                              : None
# stderr                                  : <_io.TextIOWrapper name='<stderr>' mode='w' encoding='utf-8'>
# stdin                                   : <_io.TextIOWrapper name='<stdin>' mode='r' encoding='utf-8'>
# stdlog                                  : <_io.TextIOWrapper name='analysis/20220622_LocationPatterns/GATresults/NAHR_All_comparable/log/NAHR_All_comparable_annotations_repeats.log' mode='a' encoding='UTF-8'>
# stdout                                  : <_io.TextIOWrapper name='analysis/20220622_LocationPatterns/GATresults/NAHR_All_comparable/tsv/NAHR_All_comparable_annotations_repeats.tsv' mode='w' encoding='UTF-8'>
# timeit_file                             : None
# timeit_header                           : None
# timeit_name                             : all
# truncate_segments_to_workspace          : False
# truncate_workspace_to_annotations       : False
# workspace_files                         : ['analysis/20220622_LocationPatterns/GATfiles/Workspace/workspace_avgBherer.bed']
2022-06-23 12:57:02,131 INFO segments: reading tracks from 1 files
2022-06-23 12:57:02,131 INFO segments: read 1 tracks from 1 files
2022-06-23 12:57:02,132 INFO annotations: reading tracks from 1 files
2022-06-23 12:57:02,251 INFO annotations: read 1 tracks from 1 files
2022-06-23 12:57:02,255 INFO workspaces: reading tracks from 1 files
2022-06-23 12:57:02,256 INFO workspaces: read 1 tracks from 1 files
2022-06-23 12:57:02,256 INFO collapsing workspaces
2022-06-23 12:57:02,256 INFO isochores: reading isochores from 1 files
2022-06-23 12:57:02,258 INFO intervals loaded in 0 seconds
2022-06-23 12:57:02,258 INFO adding isochores to workspace
2022-06-23 12:57:02,258 INFO collecting observed counts
2022-06-23 12:57:02,258 INFO starting sampling
2022-06-23 12:57:02,258 INFO sampling: merged: 1/1
2022-06-23 12:57:02,258 INFO performing unconditional sampling
2022-06-23 12:57:02,259 INFO workspace without conditioning: 1090 segments, 2678195140 nucleotides
2022-06-23 12:57:02,259 INFO workspace after conditioning: 1090 segments, 2678195140 nucleotides
2022-06-23 12:57:02,260 INFO sampling started
2022-06-23 12:57:02,267 INFO 0/1000 done ( 0.00)
2022-06-23 12:57:02,841 INFO 100/1000 done (10.00)
2022-06-23 12:57:03,406 INFO 200/1000 done (20.00)
2022-06-23 12:57:03,995 INFO 300/1000 done (30.00)
2022-06-23 12:57:04,597 INFO 400/1000 done (40.00)
2022-06-23 12:57:05,186 INFO 500/1000 done (50.00)
2022-06-23 12:57:05,752 INFO 600/1000 done (60.00)
2022-06-23 12:57:06,320 INFO 700/1000 done (70.00)
2022-06-23 12:57:06,875 INFO 800/1000 done (80.00)
2022-06-23 12:57:07,437 INFO 900/1000 done (90.00)
2022-06-23 12:57:07,982 INFO sampling completed
2022-06-23 12:57:07,982 INFO sampling finished
2022-06-23 12:57:07,982 INFO computing PValue statistics
2022-06-23 12:57:07,983 INFO writing counts to analysis/20220622_LocationPatterns/GATresults/NAHR_All_comparable/counts/NAHR_All_comparable_annotations_repeatsnucleotide-overlap.tsv.gz
2022-06-23 12:57:07,984 INFO computing FDR statistics
# job finished in 5 seconds at Thu Jun 23 12:57:07 2022 --  6.65  0.07  0.00  0.00 -- 1073de00-3a5d-49a9-be23-5e12756044cc
