# output generated by /home/rgomez/anaconda3/bin/gat-run.py --segments=analysis/20220621_LocationPatterns/GATfiles/Segments/HFNAHRno501invs.bed --annotations=analysis/20220621_LocationPatterns/GATfiles/Annotations/genomicSuperDups_coords_normal.bed --output-counts-pattern=analysis/20220621_LocationPatterns/GATresults/WorkspaceHigh0.1_noX/counts/HFNAHRno501invs_femBherer_%s.tsv.gz --workspace=analysis/20220621_LocationPatterns/GATfiles/Isochores/genomicSuperDups_COzones_0.1/High_noX.txt --num-samples=100 --log=analysis/20220621_LocationPatterns/GATresults/WorkspaceHigh0.1_noX/log/HFNAHRno501invs_femBherer.log --stdout=analysis/20220621_LocationPatterns/GATresults/WorkspaceHigh0.1_noX/tsv/HFNAHRno501invs_femBherer.tsv
# job started at Tue Jun 21 09:48:14 2022 on rgomez-pc -- aa1c9db0-b16b-40f5-9eb1-c9da99dfbf01
# pid: 20602, system: Linux 5.3.0-7648-generic #41~1586790036~18.04~600aeb5-Ubuntu SMP Mon Apr 13 17:47:15 UTC  x86_64
# annotation_files                        : ['analysis/20220621_LocationPatterns/GATfiles/Annotations/genomicSuperDups_coords_normal.bed']
# annotations_label                       : None
# annotations_to_points                   : None
# bucket_size                             : 0
# cache                                   : None
# conditional                             : unconditional
# conditional_expansion                   : None
# conditional_extension                   : None
# counters                                : []
# enable_split_tracks                     : False
# ignore_segment_tracks                   : True
# input_filename_counts                   : None
# input_filename_descriptions             : None
# input_filename_results                  : None
# isochore_files                          : None
# loglevel                                : 1
# nbuckets                                : 100000
# null                                    : default
# num_samples                             : 100
# num_threads                             : 0
# output_bed                              : []
# output_counts_pattern                   : analysis/20220621_LocationPatterns/GATresults/WorkspaceHigh0.1_noX/counts/HFNAHRno501invs_femBherer_%s.tsv.gz
# output_filename_pattern                 : %s
# output_force                            : False
# output_order                            : fold
# output_plots_pattern                    : None
# output_samples_pattern                  : None
# output_stats                            : []
# output_tables_pattern                   : %s.tsv.gz
# overlapping_annotations                 : False
# pseudo_count                            : 1.0
# pvalue_method                           : empirical
# qvalue_lambda                           : None
# qvalue_method                           : BH
# qvalue_pi0_method                       : smoother
# random_seed                             : None
# restrict_workspace                      : False
# sample_files                            : []
# sampler                                 : annotator
# segment_files                           : ['analysis/20220621_LocationPatterns/GATfiles/Segments/HFNAHRno501invs.bed']
# shift_expansion                         : 2.0
# shift_extension                         : 0
# short_help                              : None
# stderr                                  : <_io.TextIOWrapper name='<stderr>' mode='w' encoding='utf-8'>
# stdin                                   : <_io.TextIOWrapper name='<stdin>' mode='r' encoding='utf-8'>
# stdlog                                  : <_io.TextIOWrapper name='analysis/20220621_LocationPatterns/GATresults/WorkspaceHigh0.1_noX/log/HFNAHRno501invs_femBherer.log' mode='a' encoding='UTF-8'>
# stdout                                  : <_io.TextIOWrapper name='analysis/20220621_LocationPatterns/GATresults/WorkspaceHigh0.1_noX/tsv/HFNAHRno501invs_femBherer.tsv' mode='w' encoding='UTF-8'>
# timeit_file                             : None
# timeit_header                           : None
# timeit_name                             : all
# truncate_segments_to_workspace          : False
# truncate_workspace_to_annotations       : False
# workspace_files                         : ['analysis/20220621_LocationPatterns/GATfiles/Isochores/genomicSuperDups_COzones_0.1/High_noX.txt']
2022-06-21 09:48:14,230 INFO segments: reading tracks from 1 files
2022-06-21 09:48:14,230 INFO segments: read 1 tracks from 1 files
2022-06-21 09:48:14,230 INFO annotations: reading tracks from 1 files
2022-06-21 09:48:14,352 INFO annotations: read 1 tracks from 1 files
2022-06-21 09:48:14,357 INFO workspaces: reading tracks from 1 files
2022-06-21 09:48:14,357 INFO workspaces: read 1 tracks from 1 files
2022-06-21 09:48:14,357 INFO collapsing workspaces
2022-06-21 09:48:14,357 INFO intervals loaded in 0 seconds
2022-06-21 09:48:14,357 INFO collecting observed counts
2022-06-21 09:48:14,357 INFO starting sampling
2022-06-21 09:48:14,357 INFO sampling: merged: 1/1
2022-06-21 09:48:14,357 INFO performing unconditional sampling
2022-06-21 09:48:14,357 INFO workspace without conditioning: 35 segments, 699577771 nucleotides
2022-06-21 09:48:14,357 INFO workspace after conditioning: 35 segments, 699577771 nucleotides
2022-06-21 09:48:14,358 INFO sampling started
2022-06-21 09:48:14,360 INFO 0/100 done ( 0.00)
2022-06-21 09:48:14,567 INFO sampling completed
2022-06-21 09:48:14,567 INFO sampling finished
2022-06-21 09:48:14,568 INFO computing PValue statistics
2022-06-21 09:48:14,568 INFO writing counts to analysis/20220621_LocationPatterns/GATresults/WorkspaceHigh0.1_noX/counts/HFNAHRno501invs_femBherer_nucleotide-overlap.tsv.gz
2022-06-21 09:48:14,568 INFO computing FDR statistics
# job finished in 0 seconds at Tue Jun 21 09:48:14 2022 --  1.09  0.04  0.00  0.00 -- aa1c9db0-b16b-40f5-9eb1-c9da99dfbf01
# output generated by /home/rgomez/anaconda3/bin/gat-run.py --segments=analysis/20220621_LocationPatterns/GATfiles/Segments/HFNAHRno501invs.bed --annotations=analysis/20220621_LocationPatterns/GATfiles/Annotations/genomicSuperDups_coords_normal.bed --output-counts-pattern=analysis/20220621_LocationPatterns/GATresults/WorkspaceHigh0.1_noX/counts/HFNAHRno501invs_femBherer_%s.tsv.gz --workspace=analysis/20220621_LocationPatterns/GATfiles/Isochores/genomicSuperDups_COzones_0.1/High_noX.txt --num-samples=100 --log=analysis/20220621_LocationPatterns/GATresults/WorkspaceHigh0.1_noX/log/HFNAHRno501invs_femBherer.log --stdout=analysis/20220621_LocationPatterns/GATresults/WorkspaceHigh0.1_noX/tsv/HFNAHRno501invs_femBherer.tsv
# job started at Tue Jun 21 09:51:42 2022 on rgomez-pc -- e892a3e5-39d6-4164-a6ff-30d9fbab0ce8
# pid: 21307, system: Linux 5.3.0-7648-generic #41~1586790036~18.04~600aeb5-Ubuntu SMP Mon Apr 13 17:47:15 UTC  x86_64
# annotation_files                        : ['analysis/20220621_LocationPatterns/GATfiles/Annotations/genomicSuperDups_coords_normal.bed']
# annotations_label                       : None
# annotations_to_points                   : None
# bucket_size                             : 0
# cache                                   : None
# conditional                             : unconditional
# conditional_expansion                   : None
# conditional_extension                   : None
# counters                                : []
# enable_split_tracks                     : False
# ignore_segment_tracks                   : True
# input_filename_counts                   : None
# input_filename_descriptions             : None
# input_filename_results                  : None
# isochore_files                          : None
# loglevel                                : 1
# nbuckets                                : 100000
# null                                    : default
# num_samples                             : 100
# num_threads                             : 0
# output_bed                              : []
# output_counts_pattern                   : analysis/20220621_LocationPatterns/GATresults/WorkspaceHigh0.1_noX/counts/HFNAHRno501invs_femBherer_%s.tsv.gz
# output_filename_pattern                 : %s
# output_force                            : False
# output_order                            : fold
# output_plots_pattern                    : None
# output_samples_pattern                  : None
# output_stats                            : []
# output_tables_pattern                   : %s.tsv.gz
# overlapping_annotations                 : False
# pseudo_count                            : 1.0
# pvalue_method                           : empirical
# qvalue_lambda                           : None
# qvalue_method                           : BH
# qvalue_pi0_method                       : smoother
# random_seed                             : None
# restrict_workspace                      : False
# sample_files                            : []
# sampler                                 : annotator
# segment_files                           : ['analysis/20220621_LocationPatterns/GATfiles/Segments/HFNAHRno501invs.bed']
# shift_expansion                         : 2.0
# shift_extension                         : 0
# short_help                              : None
# stderr                                  : <_io.TextIOWrapper name='<stderr>' mode='w' encoding='utf-8'>
# stdin                                   : <_io.TextIOWrapper name='<stdin>' mode='r' encoding='utf-8'>
# stdlog                                  : <_io.TextIOWrapper name='analysis/20220621_LocationPatterns/GATresults/WorkspaceHigh0.1_noX/log/HFNAHRno501invs_femBherer.log' mode='a' encoding='UTF-8'>
# stdout                                  : <_io.TextIOWrapper name='analysis/20220621_LocationPatterns/GATresults/WorkspaceHigh0.1_noX/tsv/HFNAHRno501invs_femBherer.tsv' mode='w' encoding='UTF-8'>
# timeit_file                             : None
# timeit_header                           : None
# timeit_name                             : all
# truncate_segments_to_workspace          : False
# truncate_workspace_to_annotations       : False
# workspace_files                         : ['analysis/20220621_LocationPatterns/GATfiles/Isochores/genomicSuperDups_COzones_0.1/High_noX.txt']
2022-06-21 09:51:42,813 INFO segments: reading tracks from 1 files
2022-06-21 09:51:42,813 INFO segments: read 1 tracks from 1 files
2022-06-21 09:51:42,813 INFO annotations: reading tracks from 1 files
2022-06-21 09:51:42,932 INFO annotations: read 1 tracks from 1 files
2022-06-21 09:51:42,936 INFO workspaces: reading tracks from 1 files
2022-06-21 09:51:42,936 INFO workspaces: read 1 tracks from 1 files
2022-06-21 09:51:42,936 INFO collapsing workspaces
2022-06-21 09:51:42,936 INFO intervals loaded in 0 seconds
2022-06-21 09:51:42,936 INFO collecting observed counts
2022-06-21 09:51:42,936 INFO starting sampling
2022-06-21 09:51:42,936 INFO sampling: merged: 1/1
2022-06-21 09:51:42,936 INFO performing unconditional sampling
2022-06-21 09:51:42,936 INFO workspace without conditioning: 35 segments, 699577771 nucleotides
2022-06-21 09:51:42,936 INFO workspace after conditioning: 35 segments, 699577771 nucleotides
2022-06-21 09:51:42,936 INFO sampling started
2022-06-21 09:51:42,939 INFO 0/100 done ( 0.00)
2022-06-21 09:51:43,149 INFO sampling completed
2022-06-21 09:51:43,149 INFO sampling finished
2022-06-21 09:51:43,149 INFO computing PValue statistics
2022-06-21 09:51:43,149 INFO writing counts to analysis/20220621_LocationPatterns/GATresults/WorkspaceHigh0.1_noX/counts/HFNAHRno501invs_femBherer_nucleotide-overlap.tsv.gz
2022-06-21 09:51:43,150 INFO computing FDR statistics
# job finished in 0 seconds at Tue Jun 21 09:51:43 2022 --  1.07  0.05  0.00  0.00 -- e892a3e5-39d6-4164-a6ff-30d9fbab0ce8
