# output generated by /home/rgomez/anaconda3/bin/gat-run.py --segments=analysis/20220621_LocationPatterns/GATfiles/Segments/LFinvs.bed --annotations=analysis/20220621_LocationPatterns/GATfiles/Annotations/genomicSuperDups_coords_normal.bed --output-counts-pattern=analysis/20220621_LocationPatterns/GATresults/WorkspaceHigh0.1_noX/counts/LFinvs_avgBherer_%s.tsv.gz --workspace=analysis/20220621_LocationPatterns/GATfiles/Isochores/genomicSuperDups_COzones_0.1/High_noX.txt --num-samples=100 --log=analysis/20220621_LocationPatterns/GATresults/WorkspaceHigh0.1_noX/log/LFinvs_avgBherer.log --stdout=analysis/20220621_LocationPatterns/GATresults/WorkspaceHigh0.1_noX/tsv/LFinvs_avgBherer.tsv
# job started at Tue Jun 21 09:48:27 2022 on rgomez-pc -- 109c8228-a140-4a52-8fe0-6972b81f06f2
# pid: 20658, system: Linux 5.3.0-7648-generic #41~1586790036~18.04~600aeb5-Ubuntu SMP Mon Apr 13 17:47:15 UTC  x86_64
# annotation_files                        : ['analysis/20220621_LocationPatterns/GATfiles/Annotations/genomicSuperDups_coords_normal.bed']
# annotations_label                       : None
# annotations_to_points                   : None
# bucket_size                             : 0
# cache                                   : None
# conditional                             : unconditional
# conditional_expansion                   : None
# conditional_extension                   : None
# counters                                : []
# enable_split_tracks                     : False
# ignore_segment_tracks                   : True
# input_filename_counts                   : None
# input_filename_descriptions             : None
# input_filename_results                  : None
# isochore_files                          : None
# loglevel                                : 1
# nbuckets                                : 100000
# null                                    : default
# num_samples                             : 100
# num_threads                             : 0
# output_bed                              : []
# output_counts_pattern                   : analysis/20220621_LocationPatterns/GATresults/WorkspaceHigh0.1_noX/counts/LFinvs_avgBherer_%s.tsv.gz
# output_filename_pattern                 : %s
# output_force                            : False
# output_order                            : fold
# output_plots_pattern                    : None
# output_samples_pattern                  : None
# output_stats                            : []
# output_tables_pattern                   : %s.tsv.gz
# overlapping_annotations                 : False
# pseudo_count                            : 1.0
# pvalue_method                           : empirical
# qvalue_lambda                           : None
# qvalue_method                           : BH
# qvalue_pi0_method                       : smoother
# random_seed                             : None
# restrict_workspace                      : False
# sample_files                            : []
# sampler                                 : annotator
# segment_files                           : ['analysis/20220621_LocationPatterns/GATfiles/Segments/LFinvs.bed']
# shift_expansion                         : 2.0
# shift_extension                         : 0
# short_help                              : None
# stderr                                  : <_io.TextIOWrapper name='<stderr>' mode='w' encoding='utf-8'>
# stdin                                   : <_io.TextIOWrapper name='<stdin>' mode='r' encoding='utf-8'>
# stdlog                                  : <_io.TextIOWrapper name='analysis/20220621_LocationPatterns/GATresults/WorkspaceHigh0.1_noX/log/LFinvs_avgBherer.log' mode='a' encoding='UTF-8'>
# stdout                                  : <_io.TextIOWrapper name='analysis/20220621_LocationPatterns/GATresults/WorkspaceHigh0.1_noX/tsv/LFinvs_avgBherer.tsv' mode='w' encoding='UTF-8'>
# timeit_file                             : None
# timeit_header                           : None
# timeit_name                             : all
# truncate_segments_to_workspace          : False
# truncate_workspace_to_annotations       : False
# workspace_files                         : ['analysis/20220621_LocationPatterns/GATfiles/Isochores/genomicSuperDups_COzones_0.1/High_noX.txt']
2022-06-21 09:48:27,719 INFO segments: reading tracks from 1 files
2022-06-21 09:48:27,719 INFO segments: read 1 tracks from 1 files
2022-06-21 09:48:27,719 INFO annotations: reading tracks from 1 files
2022-06-21 09:48:27,843 INFO annotations: read 1 tracks from 1 files
2022-06-21 09:48:27,848 INFO workspaces: reading tracks from 1 files
2022-06-21 09:48:27,848 INFO workspaces: read 1 tracks from 1 files
2022-06-21 09:48:27,848 INFO collapsing workspaces
2022-06-21 09:48:27,848 INFO intervals loaded in 0 seconds
2022-06-21 09:48:27,848 INFO collecting observed counts
2022-06-21 09:48:27,848 INFO starting sampling
2022-06-21 09:48:27,848 INFO sampling: merged: 1/1
2022-06-21 09:48:27,848 INFO performing unconditional sampling
2022-06-21 09:48:27,848 INFO workspace without conditioning: 35 segments, 699577771 nucleotides
2022-06-21 09:48:27,848 INFO workspace after conditioning: 35 segments, 699577771 nucleotides
2022-06-21 09:48:27,849 INFO sampling started
2022-06-21 09:48:27,851 INFO 0/100 done ( 0.00)
2022-06-21 09:48:27,993 INFO sampling completed
2022-06-21 09:48:27,994 INFO sampling finished
2022-06-21 09:48:27,994 INFO computing PValue statistics
2022-06-21 09:48:27,994 INFO writing counts to analysis/20220621_LocationPatterns/GATresults/WorkspaceHigh0.1_noX/counts/LFinvs_avgBherer_nucleotide-overlap.tsv.gz
2022-06-21 09:48:27,994 INFO computing FDR statistics
# job finished in 0 seconds at Tue Jun 21 09:48:27 2022 --  1.00  0.06  0.00  0.00 -- 109c8228-a140-4a52-8fe0-6972b81f06f2
# output generated by /home/rgomez/anaconda3/bin/gat-run.py --segments=analysis/20220621_LocationPatterns/GATfiles/Segments/LFinvs.bed --annotations=analysis/20220621_LocationPatterns/GATfiles/Annotations/genomicSuperDups_coords_normal.bed --output-counts-pattern=analysis/20220621_LocationPatterns/GATresults/WorkspaceHigh0.1_noX/counts/LFinvs_avgBherer_%s.tsv.gz --workspace=analysis/20220621_LocationPatterns/GATfiles/Isochores/genomicSuperDups_COzones_0.1/High_noX.txt --num-samples=100 --log=analysis/20220621_LocationPatterns/GATresults/WorkspaceHigh0.1_noX/log/LFinvs_avgBherer.log --stdout=analysis/20220621_LocationPatterns/GATresults/WorkspaceHigh0.1_noX/tsv/LFinvs_avgBherer.tsv
# job started at Tue Jun 21 09:51:56 2022 on rgomez-pc -- c4e3fbc4-7939-41c0-b802-51a026c6bdf7
# pid: 21359, system: Linux 5.3.0-7648-generic #41~1586790036~18.04~600aeb5-Ubuntu SMP Mon Apr 13 17:47:15 UTC  x86_64
# annotation_files                        : ['analysis/20220621_LocationPatterns/GATfiles/Annotations/genomicSuperDups_coords_normal.bed']
# annotations_label                       : None
# annotations_to_points                   : None
# bucket_size                             : 0
# cache                                   : None
# conditional                             : unconditional
# conditional_expansion                   : None
# conditional_extension                   : None
# counters                                : []
# enable_split_tracks                     : False
# ignore_segment_tracks                   : True
# input_filename_counts                   : None
# input_filename_descriptions             : None
# input_filename_results                  : None
# isochore_files                          : None
# loglevel                                : 1
# nbuckets                                : 100000
# null                                    : default
# num_samples                             : 100
# num_threads                             : 0
# output_bed                              : []
# output_counts_pattern                   : analysis/20220621_LocationPatterns/GATresults/WorkspaceHigh0.1_noX/counts/LFinvs_avgBherer_%s.tsv.gz
# output_filename_pattern                 : %s
# output_force                            : False
# output_order                            : fold
# output_plots_pattern                    : None
# output_samples_pattern                  : None
# output_stats                            : []
# output_tables_pattern                   : %s.tsv.gz
# overlapping_annotations                 : False
# pseudo_count                            : 1.0
# pvalue_method                           : empirical
# qvalue_lambda                           : None
# qvalue_method                           : BH
# qvalue_pi0_method                       : smoother
# random_seed                             : None
# restrict_workspace                      : False
# sample_files                            : []
# sampler                                 : annotator
# segment_files                           : ['analysis/20220621_LocationPatterns/GATfiles/Segments/LFinvs.bed']
# shift_expansion                         : 2.0
# shift_extension                         : 0
# short_help                              : None
# stderr                                  : <_io.TextIOWrapper name='<stderr>' mode='w' encoding='utf-8'>
# stdin                                   : <_io.TextIOWrapper name='<stdin>' mode='r' encoding='utf-8'>
# stdlog                                  : <_io.TextIOWrapper name='analysis/20220621_LocationPatterns/GATresults/WorkspaceHigh0.1_noX/log/LFinvs_avgBherer.log' mode='a' encoding='UTF-8'>
# stdout                                  : <_io.TextIOWrapper name='analysis/20220621_LocationPatterns/GATresults/WorkspaceHigh0.1_noX/tsv/LFinvs_avgBherer.tsv' mode='w' encoding='UTF-8'>
# timeit_file                             : None
# timeit_header                           : None
# timeit_name                             : all
# truncate_segments_to_workspace          : False
# truncate_workspace_to_annotations       : False
# workspace_files                         : ['analysis/20220621_LocationPatterns/GATfiles/Isochores/genomicSuperDups_COzones_0.1/High_noX.txt']
2022-06-21 09:51:56,250 INFO segments: reading tracks from 1 files
2022-06-21 09:51:56,250 INFO segments: read 1 tracks from 1 files
2022-06-21 09:51:56,250 INFO annotations: reading tracks from 1 files
2022-06-21 09:51:56,363 INFO annotations: read 1 tracks from 1 files
2022-06-21 09:51:56,366 INFO workspaces: reading tracks from 1 files
2022-06-21 09:51:56,367 INFO workspaces: read 1 tracks from 1 files
2022-06-21 09:51:56,367 INFO collapsing workspaces
2022-06-21 09:51:56,367 INFO intervals loaded in 0 seconds
2022-06-21 09:51:56,367 INFO collecting observed counts
2022-06-21 09:51:56,367 INFO starting sampling
2022-06-21 09:51:56,367 INFO sampling: merged: 1/1
2022-06-21 09:51:56,367 INFO performing unconditional sampling
2022-06-21 09:51:56,367 INFO workspace without conditioning: 35 segments, 699577771 nucleotides
2022-06-21 09:51:56,367 INFO workspace after conditioning: 35 segments, 699577771 nucleotides
2022-06-21 09:51:56,367 INFO sampling started
2022-06-21 09:51:56,369 INFO 0/100 done ( 0.00)
2022-06-21 09:51:56,509 INFO sampling completed
2022-06-21 09:51:56,509 INFO sampling finished
2022-06-21 09:51:56,509 INFO computing PValue statistics
2022-06-21 09:51:56,510 INFO writing counts to analysis/20220621_LocationPatterns/GATresults/WorkspaceHigh0.1_noX/counts/LFinvs_avgBherer_nucleotide-overlap.tsv.gz
2022-06-21 09:51:56,510 INFO computing FDR statistics
# job finished in 0 seconds at Tue Jun 21 09:51:56 2022 --  0.98  0.06  0.00  0.00 -- c4e3fbc4-7939-41c0-b802-51a026c6bdf7
