# output generated by /home/rgomez/anaconda3/bin/gat-run.py --segments=analysis/20220621_LocationPatterns/GATfiles/Segments/NHinvs.bed --annotations=analysis/20220621_LocationPatterns/GATfiles/Annotations/genomicSuperDups_coords_normal.bed --output-counts-pattern=analysis/20220621_LocationPatterns/GATresults/WorkspaceHigh0.1_noX/counts/NHinvs_femBherer_%s.tsv.gz --workspace=analysis/20220621_LocationPatterns/GATfiles/Isochores/genomicSuperDups_COzones_0.1/High_noX.txt --num-samples=100 --log=analysis/20220621_LocationPatterns/GATresults/WorkspaceHigh0.1_noX/log/NHinvs_femBherer.log --stdout=analysis/20220621_LocationPatterns/GATresults/WorkspaceHigh0.1_noX/tsv/NHinvs_femBherer.tsv
# job started at Tue Jun 21 09:48:46 2022 on rgomez-pc -- 74bd60a3-6010-481d-a2d2-17bd0f1e584c
# pid: 20733, system: Linux 5.3.0-7648-generic #41~1586790036~18.04~600aeb5-Ubuntu SMP Mon Apr 13 17:47:15 UTC  x86_64
# annotation_files                        : ['analysis/20220621_LocationPatterns/GATfiles/Annotations/genomicSuperDups_coords_normal.bed']
# annotations_label                       : None
# annotations_to_points                   : None
# bucket_size                             : 0
# cache                                   : None
# conditional                             : unconditional
# conditional_expansion                   : None
# conditional_extension                   : None
# counters                                : []
# enable_split_tracks                     : False
# ignore_segment_tracks                   : True
# input_filename_counts                   : None
# input_filename_descriptions             : None
# input_filename_results                  : None
# isochore_files                          : None
# loglevel                                : 1
# nbuckets                                : 100000
# null                                    : default
# num_samples                             : 100
# num_threads                             : 0
# output_bed                              : []
# output_counts_pattern                   : analysis/20220621_LocationPatterns/GATresults/WorkspaceHigh0.1_noX/counts/NHinvs_femBherer_%s.tsv.gz
# output_filename_pattern                 : %s
# output_force                            : False
# output_order                            : fold
# output_plots_pattern                    : None
# output_samples_pattern                  : None
# output_stats                            : []
# output_tables_pattern                   : %s.tsv.gz
# overlapping_annotations                 : False
# pseudo_count                            : 1.0
# pvalue_method                           : empirical
# qvalue_lambda                           : None
# qvalue_method                           : BH
# qvalue_pi0_method                       : smoother
# random_seed                             : None
# restrict_workspace                      : False
# sample_files                            : []
# sampler                                 : annotator
# segment_files                           : ['analysis/20220621_LocationPatterns/GATfiles/Segments/NHinvs.bed']
# shift_expansion                         : 2.0
# shift_extension                         : 0
# short_help                              : None
# stderr                                  : <_io.TextIOWrapper name='<stderr>' mode='w' encoding='utf-8'>
# stdin                                   : <_io.TextIOWrapper name='<stdin>' mode='r' encoding='utf-8'>
# stdlog                                  : <_io.TextIOWrapper name='analysis/20220621_LocationPatterns/GATresults/WorkspaceHigh0.1_noX/log/NHinvs_femBherer.log' mode='a' encoding='UTF-8'>
# stdout                                  : <_io.TextIOWrapper name='analysis/20220621_LocationPatterns/GATresults/WorkspaceHigh0.1_noX/tsv/NHinvs_femBherer.tsv' mode='w' encoding='UTF-8'>
# timeit_file                             : None
# timeit_header                           : None
# timeit_name                             : all
# truncate_segments_to_workspace          : False
# truncate_workspace_to_annotations       : False
# workspace_files                         : ['analysis/20220621_LocationPatterns/GATfiles/Isochores/genomicSuperDups_COzones_0.1/High_noX.txt']
2022-06-21 09:48:46,661 INFO segments: reading tracks from 1 files
2022-06-21 09:48:46,662 INFO segments: read 1 tracks from 1 files
2022-06-21 09:48:46,662 INFO annotations: reading tracks from 1 files
2022-06-21 09:48:46,787 INFO annotations: read 1 tracks from 1 files
2022-06-21 09:48:46,791 INFO workspaces: reading tracks from 1 files
2022-06-21 09:48:46,791 INFO workspaces: read 1 tracks from 1 files
2022-06-21 09:48:46,791 INFO collapsing workspaces
2022-06-21 09:48:46,791 INFO intervals loaded in 0 seconds
2022-06-21 09:48:46,791 INFO collecting observed counts
2022-06-21 09:48:46,792 INFO starting sampling
2022-06-21 09:48:46,792 INFO sampling: merged: 1/1
2022-06-21 09:48:46,792 INFO performing unconditional sampling
2022-06-21 09:48:46,792 INFO workspace without conditioning: 35 segments, 699577771 nucleotides
2022-06-21 09:48:46,792 INFO workspace after conditioning: 35 segments, 699577771 nucleotides
2022-06-21 09:48:46,792 INFO sampling started
2022-06-21 09:48:46,793 INFO 0/100 done ( 0.00)
2022-06-21 09:48:46,922 INFO sampling completed
2022-06-21 09:48:46,922 INFO sampling finished
2022-06-21 09:48:46,922 INFO computing PValue statistics
2022-06-21 09:48:46,922 INFO writing counts to analysis/20220621_LocationPatterns/GATresults/WorkspaceHigh0.1_noX/counts/NHinvs_femBherer_nucleotide-overlap.tsv.gz
2022-06-21 09:48:46,923 INFO computing FDR statistics
# job finished in 0 seconds at Tue Jun 21 09:48:46 2022 --  1.04  0.04  0.00  0.00 -- 74bd60a3-6010-481d-a2d2-17bd0f1e584c
# output generated by /home/rgomez/anaconda3/bin/gat-run.py --segments=analysis/20220621_LocationPatterns/GATfiles/Segments/NHinvs.bed --annotations=analysis/20220621_LocationPatterns/GATfiles/Annotations/genomicSuperDups_coords_normal.bed --output-counts-pattern=analysis/20220621_LocationPatterns/GATresults/WorkspaceHigh0.1_noX/counts/NHinvs_femBherer_%s.tsv.gz --workspace=analysis/20220621_LocationPatterns/GATfiles/Isochores/genomicSuperDups_COzones_0.1/High_noX.txt --num-samples=100 --log=analysis/20220621_LocationPatterns/GATresults/WorkspaceHigh0.1_noX/log/NHinvs_femBherer.log --stdout=analysis/20220621_LocationPatterns/GATresults/WorkspaceHigh0.1_noX/tsv/NHinvs_femBherer.tsv
# job started at Tue Jun 21 09:52:14 2022 on rgomez-pc -- 0089dee6-86ae-4488-a4df-a327236c26d6
# pid: 21431, system: Linux 5.3.0-7648-generic #41~1586790036~18.04~600aeb5-Ubuntu SMP Mon Apr 13 17:47:15 UTC  x86_64
# annotation_files                        : ['analysis/20220621_LocationPatterns/GATfiles/Annotations/genomicSuperDups_coords_normal.bed']
# annotations_label                       : None
# annotations_to_points                   : None
# bucket_size                             : 0
# cache                                   : None
# conditional                             : unconditional
# conditional_expansion                   : None
# conditional_extension                   : None
# counters                                : []
# enable_split_tracks                     : False
# ignore_segment_tracks                   : True
# input_filename_counts                   : None
# input_filename_descriptions             : None
# input_filename_results                  : None
# isochore_files                          : None
# loglevel                                : 1
# nbuckets                                : 100000
# null                                    : default
# num_samples                             : 100
# num_threads                             : 0
# output_bed                              : []
# output_counts_pattern                   : analysis/20220621_LocationPatterns/GATresults/WorkspaceHigh0.1_noX/counts/NHinvs_femBherer_%s.tsv.gz
# output_filename_pattern                 : %s
# output_force                            : False
# output_order                            : fold
# output_plots_pattern                    : None
# output_samples_pattern                  : None
# output_stats                            : []
# output_tables_pattern                   : %s.tsv.gz
# overlapping_annotations                 : False
# pseudo_count                            : 1.0
# pvalue_method                           : empirical
# qvalue_lambda                           : None
# qvalue_method                           : BH
# qvalue_pi0_method                       : smoother
# random_seed                             : None
# restrict_workspace                      : False
# sample_files                            : []
# sampler                                 : annotator
# segment_files                           : ['analysis/20220621_LocationPatterns/GATfiles/Segments/NHinvs.bed']
# shift_expansion                         : 2.0
# shift_extension                         : 0
# short_help                              : None
# stderr                                  : <_io.TextIOWrapper name='<stderr>' mode='w' encoding='utf-8'>
# stdin                                   : <_io.TextIOWrapper name='<stdin>' mode='r' encoding='utf-8'>
# stdlog                                  : <_io.TextIOWrapper name='analysis/20220621_LocationPatterns/GATresults/WorkspaceHigh0.1_noX/log/NHinvs_femBherer.log' mode='a' encoding='UTF-8'>
# stdout                                  : <_io.TextIOWrapper name='analysis/20220621_LocationPatterns/GATresults/WorkspaceHigh0.1_noX/tsv/NHinvs_femBherer.tsv' mode='w' encoding='UTF-8'>
# timeit_file                             : None
# timeit_header                           : None
# timeit_name                             : all
# truncate_segments_to_workspace          : False
# truncate_workspace_to_annotations       : False
# workspace_files                         : ['analysis/20220621_LocationPatterns/GATfiles/Isochores/genomicSuperDups_COzones_0.1/High_noX.txt']
2022-06-21 09:52:14,849 INFO segments: reading tracks from 1 files
2022-06-21 09:52:14,849 INFO segments: read 1 tracks from 1 files
2022-06-21 09:52:14,849 INFO annotations: reading tracks from 1 files
2022-06-21 09:52:14,965 INFO annotations: read 1 tracks from 1 files
2022-06-21 09:52:14,969 INFO workspaces: reading tracks from 1 files
2022-06-21 09:52:14,970 INFO workspaces: read 1 tracks from 1 files
2022-06-21 09:52:14,970 INFO collapsing workspaces
2022-06-21 09:52:14,970 INFO intervals loaded in 0 seconds
2022-06-21 09:52:14,970 INFO collecting observed counts
2022-06-21 09:52:14,970 INFO starting sampling
2022-06-21 09:52:14,970 INFO sampling: merged: 1/1
2022-06-21 09:52:14,970 INFO performing unconditional sampling
2022-06-21 09:52:14,970 INFO workspace without conditioning: 35 segments, 699577771 nucleotides
2022-06-21 09:52:14,970 INFO workspace after conditioning: 35 segments, 699577771 nucleotides
2022-06-21 09:52:14,970 INFO sampling started
2022-06-21 09:52:14,972 INFO 0/100 done ( 0.00)
2022-06-21 09:52:15,096 INFO sampling completed
2022-06-21 09:52:15,096 INFO sampling finished
2022-06-21 09:52:15,096 INFO computing PValue statistics
2022-06-21 09:52:15,097 INFO writing counts to analysis/20220621_LocationPatterns/GATresults/WorkspaceHigh0.1_noX/counts/NHinvs_femBherer_nucleotide-overlap.tsv.gz
2022-06-21 09:52:15,097 INFO computing FDR statistics
# job finished in 0 seconds at Tue Jun 21 09:52:15 2022 --  0.99  0.04  0.00  0.00 -- 0089dee6-86ae-4488-a4df-a327236c26d6
