# output generated by /home/rgomez/anaconda3/bin/gat-run.py --segments=analysis/20220621_LocationPatterns/GATfiles/Segments/no501invs.bed --annotations=analysis/20220621_LocationPatterns/GATfiles/Annotations/genomicSuperDups_coords_normal.bed --output-counts-pattern=analysis/20220621_LocationPatterns/GATresults/WorkspaceHigh0.1_noX/counts/no501invs_avgBherer_%s.tsv.gz --workspace=analysis/20220621_LocationPatterns/GATfiles/Isochores/genomicSuperDups_COzones_0.1/High_noX.txt --num-samples=100 --log=analysis/20220621_LocationPatterns/GATresults/WorkspaceHigh0.1_noX/log/no501invs_avgBherer.log --stdout=analysis/20220621_LocationPatterns/GATresults/WorkspaceHigh0.1_noX/tsv/no501invs_avgBherer.tsv
# job started at Tue Jun 21 09:48:49 2022 on rgomez-pc -- ec4d249b-0b94-408b-a855-347aa0f67b7f
# pid: 20743, system: Linux 5.3.0-7648-generic #41~1586790036~18.04~600aeb5-Ubuntu SMP Mon Apr 13 17:47:15 UTC  x86_64
# annotation_files                        : ['analysis/20220621_LocationPatterns/GATfiles/Annotations/genomicSuperDups_coords_normal.bed']
# annotations_label                       : None
# annotations_to_points                   : None
# bucket_size                             : 0
# cache                                   : None
# conditional                             : unconditional
# conditional_expansion                   : None
# conditional_extension                   : None
# counters                                : []
# enable_split_tracks                     : False
# ignore_segment_tracks                   : True
# input_filename_counts                   : None
# input_filename_descriptions             : None
# input_filename_results                  : None
# isochore_files                          : None
# loglevel                                : 1
# nbuckets                                : 100000
# null                                    : default
# num_samples                             : 100
# num_threads                             : 0
# output_bed                              : []
# output_counts_pattern                   : analysis/20220621_LocationPatterns/GATresults/WorkspaceHigh0.1_noX/counts/no501invs_avgBherer_%s.tsv.gz
# output_filename_pattern                 : %s
# output_force                            : False
# output_order                            : fold
# output_plots_pattern                    : None
# output_samples_pattern                  : None
# output_stats                            : []
# output_tables_pattern                   : %s.tsv.gz
# overlapping_annotations                 : False
# pseudo_count                            : 1.0
# pvalue_method                           : empirical
# qvalue_lambda                           : None
# qvalue_method                           : BH
# qvalue_pi0_method                       : smoother
# random_seed                             : None
# restrict_workspace                      : False
# sample_files                            : []
# sampler                                 : annotator
# segment_files                           : ['analysis/20220621_LocationPatterns/GATfiles/Segments/no501invs.bed']
# shift_expansion                         : 2.0
# shift_extension                         : 0
# short_help                              : None
# stderr                                  : <_io.TextIOWrapper name='<stderr>' mode='w' encoding='utf-8'>
# stdin                                   : <_io.TextIOWrapper name='<stdin>' mode='r' encoding='utf-8'>
# stdlog                                  : <_io.TextIOWrapper name='analysis/20220621_LocationPatterns/GATresults/WorkspaceHigh0.1_noX/log/no501invs_avgBherer.log' mode='a' encoding='UTF-8'>
# stdout                                  : <_io.TextIOWrapper name='analysis/20220621_LocationPatterns/GATresults/WorkspaceHigh0.1_noX/tsv/no501invs_avgBherer.tsv' mode='w' encoding='UTF-8'>
# timeit_file                             : None
# timeit_header                           : None
# timeit_name                             : all
# truncate_segments_to_workspace          : False
# truncate_workspace_to_annotations       : False
# workspace_files                         : ['analysis/20220621_LocationPatterns/GATfiles/Isochores/genomicSuperDups_COzones_0.1/High_noX.txt']
2022-06-21 09:48:49,150 INFO segments: reading tracks from 1 files
2022-06-21 09:48:49,150 INFO segments: read 1 tracks from 1 files
2022-06-21 09:48:49,150 INFO annotations: reading tracks from 1 files
2022-06-21 09:48:49,273 INFO annotations: read 1 tracks from 1 files
2022-06-21 09:48:49,277 INFO workspaces: reading tracks from 1 files
2022-06-21 09:48:49,278 INFO workspaces: read 1 tracks from 1 files
2022-06-21 09:48:49,278 INFO collapsing workspaces
2022-06-21 09:48:49,278 INFO intervals loaded in 0 seconds
2022-06-21 09:48:49,278 INFO collecting observed counts
2022-06-21 09:48:49,278 INFO starting sampling
2022-06-21 09:48:49,278 INFO sampling: merged: 1/1
2022-06-21 09:48:49,278 INFO performing unconditional sampling
2022-06-21 09:48:49,278 INFO workspace without conditioning: 35 segments, 699577771 nucleotides
2022-06-21 09:48:49,278 INFO workspace after conditioning: 35 segments, 699577771 nucleotides
2022-06-21 09:48:49,278 INFO sampling started
2022-06-21 09:48:49,281 INFO 0/100 done ( 0.00)
2022-06-21 09:48:49,504 INFO sampling completed
2022-06-21 09:48:49,504 INFO sampling finished
2022-06-21 09:48:49,504 INFO computing PValue statistics
2022-06-21 09:48:49,505 INFO writing counts to analysis/20220621_LocationPatterns/GATresults/WorkspaceHigh0.1_noX/counts/no501invs_avgBherer_nucleotide-overlap.tsv.gz
2022-06-21 09:48:49,505 INFO computing FDR statistics
# job finished in 0 seconds at Tue Jun 21 09:48:49 2022 --  1.11  0.03  0.00  0.00 -- ec4d249b-0b94-408b-a855-347aa0f67b7f
# output generated by /home/rgomez/anaconda3/bin/gat-run.py --segments=analysis/20220621_LocationPatterns/GATfiles/Segments/no501invs.bed --annotations=analysis/20220621_LocationPatterns/GATfiles/Annotations/genomicSuperDups_coords_normal.bed --output-counts-pattern=analysis/20220621_LocationPatterns/GATresults/WorkspaceHigh0.1_noX/counts/no501invs_avgBherer_%s.tsv.gz --workspace=analysis/20220621_LocationPatterns/GATfiles/Isochores/genomicSuperDups_COzones_0.1/High_noX.txt --num-samples=100 --log=analysis/20220621_LocationPatterns/GATresults/WorkspaceHigh0.1_noX/log/no501invs_avgBherer.log --stdout=analysis/20220621_LocationPatterns/GATresults/WorkspaceHigh0.1_noX/tsv/no501invs_avgBherer.tsv
# job started at Tue Jun 21 09:52:17 2022 on rgomez-pc -- a57c6228-b169-4eb8-8362-c5c31eec891b
# pid: 21441, system: Linux 5.3.0-7648-generic #41~1586790036~18.04~600aeb5-Ubuntu SMP Mon Apr 13 17:47:15 UTC  x86_64
# annotation_files                        : ['analysis/20220621_LocationPatterns/GATfiles/Annotations/genomicSuperDups_coords_normal.bed']
# annotations_label                       : None
# annotations_to_points                   : None
# bucket_size                             : 0
# cache                                   : None
# conditional                             : unconditional
# conditional_expansion                   : None
# conditional_extension                   : None
# counters                                : []
# enable_split_tracks                     : False
# ignore_segment_tracks                   : True
# input_filename_counts                   : None
# input_filename_descriptions             : None
# input_filename_results                  : None
# isochore_files                          : None
# loglevel                                : 1
# nbuckets                                : 100000
# null                                    : default
# num_samples                             : 100
# num_threads                             : 0
# output_bed                              : []
# output_counts_pattern                   : analysis/20220621_LocationPatterns/GATresults/WorkspaceHigh0.1_noX/counts/no501invs_avgBherer_%s.tsv.gz
# output_filename_pattern                 : %s
# output_force                            : False
# output_order                            : fold
# output_plots_pattern                    : None
# output_samples_pattern                  : None
# output_stats                            : []
# output_tables_pattern                   : %s.tsv.gz
# overlapping_annotations                 : False
# pseudo_count                            : 1.0
# pvalue_method                           : empirical
# qvalue_lambda                           : None
# qvalue_method                           : BH
# qvalue_pi0_method                       : smoother
# random_seed                             : None
# restrict_workspace                      : False
# sample_files                            : []
# sampler                                 : annotator
# segment_files                           : ['analysis/20220621_LocationPatterns/GATfiles/Segments/no501invs.bed']
# shift_expansion                         : 2.0
# shift_extension                         : 0
# short_help                              : None
# stderr                                  : <_io.TextIOWrapper name='<stderr>' mode='w' encoding='utf-8'>
# stdin                                   : <_io.TextIOWrapper name='<stdin>' mode='r' encoding='utf-8'>
# stdlog                                  : <_io.TextIOWrapper name='analysis/20220621_LocationPatterns/GATresults/WorkspaceHigh0.1_noX/log/no501invs_avgBherer.log' mode='a' encoding='UTF-8'>
# stdout                                  : <_io.TextIOWrapper name='analysis/20220621_LocationPatterns/GATresults/WorkspaceHigh0.1_noX/tsv/no501invs_avgBherer.tsv' mode='w' encoding='UTF-8'>
# timeit_file                             : None
# timeit_header                           : None
# timeit_name                             : all
# truncate_segments_to_workspace          : False
# truncate_workspace_to_annotations       : False
# workspace_files                         : ['analysis/20220621_LocationPatterns/GATfiles/Isochores/genomicSuperDups_COzones_0.1/High_noX.txt']
2022-06-21 09:52:17,270 INFO segments: reading tracks from 1 files
2022-06-21 09:52:17,271 INFO segments: read 1 tracks from 1 files
2022-06-21 09:52:17,271 INFO annotations: reading tracks from 1 files
2022-06-21 09:52:17,393 INFO annotations: read 1 tracks from 1 files
2022-06-21 09:52:17,397 INFO workspaces: reading tracks from 1 files
2022-06-21 09:52:17,397 INFO workspaces: read 1 tracks from 1 files
2022-06-21 09:52:17,397 INFO collapsing workspaces
2022-06-21 09:52:17,398 INFO intervals loaded in 0 seconds
2022-06-21 09:52:17,398 INFO collecting observed counts
2022-06-21 09:52:17,398 INFO starting sampling
2022-06-21 09:52:17,398 INFO sampling: merged: 1/1
2022-06-21 09:52:17,398 INFO performing unconditional sampling
2022-06-21 09:52:17,398 INFO workspace without conditioning: 35 segments, 699577771 nucleotides
2022-06-21 09:52:17,398 INFO workspace after conditioning: 35 segments, 699577771 nucleotides
2022-06-21 09:52:17,398 INFO sampling started
2022-06-21 09:52:17,401 INFO 0/100 done ( 0.00)
2022-06-21 09:52:17,630 INFO sampling completed
2022-06-21 09:52:17,630 INFO sampling finished
2022-06-21 09:52:17,630 INFO computing PValue statistics
2022-06-21 09:52:17,630 INFO writing counts to analysis/20220621_LocationPatterns/GATresults/WorkspaceHigh0.1_noX/counts/no501invs_avgBherer_nucleotide-overlap.tsv.gz
2022-06-21 09:52:17,631 INFO computing FDR statistics
# job finished in 0 seconds at Tue Jun 21 09:52:17 2022 --  1.09  0.05  0.00  0.00 -- a57c6228-b169-4eb8-8362-c5c31eec891b
