# output generated by /home/rgomez/anaconda3/bin/gat-run.py --segments=analysis/20220621_LocationPatterns/GATfiles/Segments/HFinvs.bed --annotations=analysis/20220621_LocationPatterns/GATfiles/Annotations/genomicSuperDups_coords.bed --output-counts-pattern=analysis/20220621_LocationPatterns/GATresults/AllIsochores0.1/counts/HFinvs_avgBherer_%s.tsv.gz --isochores=analysis/20220621_LocationPatterns/GATfiles/Isochores/genomicSuperDups_COzones_0.1/windows.txt --workspace=analysis/20220621_LocationPatterns/GATfiles/Workspace/workspace_avgBherer.bed --num-samples=100 --log=analysis/20220621_LocationPatterns/GATresults/AllIsochores0.1/log/HFinvs_avgBherer.log --stdout=analysis/20220621_LocationPatterns/GATresults/AllIsochores0.1/tsv/HFinvs_avgBherer.tsv
# job started at Tue Jun 21 09:04:19 2022 on rgomez-pc -- 90a2d856-63c9-4740-ab88-f57c10403ff6
# pid: 13304, system: Linux 5.3.0-7648-generic #41~1586790036~18.04~600aeb5-Ubuntu SMP Mon Apr 13 17:47:15 UTC  x86_64
# annotation_files                        : ['analysis/20220621_LocationPatterns/GATfiles/Annotations/genomicSuperDups_coords.bed']
# annotations_label                       : None
# annotations_to_points                   : None
# bucket_size                             : 0
# cache                                   : None
# conditional                             : unconditional
# conditional_expansion                   : None
# conditional_extension                   : None
# counters                                : []
# enable_split_tracks                     : False
# ignore_segment_tracks                   : True
# input_filename_counts                   : None
# input_filename_descriptions             : None
# input_filename_results                  : None
# isochore_files                          : ['analysis/20220621_LocationPatterns/GATfiles/Isochores/genomicSuperDups_COzones_0.1/windows.txt']
# loglevel                                : 1
# nbuckets                                : 100000
# null                                    : default
# num_samples                             : 100
# num_threads                             : 0
# output_bed                              : []
# output_counts_pattern                   : analysis/20220621_LocationPatterns/GATresults/AllIsochores0.1/counts/HFinvs_avgBherer_%s.tsv.gz
# output_filename_pattern                 : %s
# output_force                            : False
# output_order                            : fold
# output_plots_pattern                    : None
# output_samples_pattern                  : None
# output_stats                            : []
# output_tables_pattern                   : %s.tsv.gz
# overlapping_annotations                 : False
# pseudo_count                            : 1.0
# pvalue_method                           : empirical
# qvalue_lambda                           : None
# qvalue_method                           : BH
# qvalue_pi0_method                       : smoother
# random_seed                             : None
# restrict_workspace                      : False
# sample_files                            : []
# sampler                                 : annotator
# segment_files                           : ['analysis/20220621_LocationPatterns/GATfiles/Segments/HFinvs.bed']
# shift_expansion                         : 2.0
# shift_extension                         : 0
# short_help                              : None
# stderr                                  : <_io.TextIOWrapper name='<stderr>' mode='w' encoding='utf-8'>
# stdin                                   : <_io.TextIOWrapper name='<stdin>' mode='r' encoding='utf-8'>
# stdlog                                  : <_io.TextIOWrapper name='analysis/20220621_LocationPatterns/GATresults/AllIsochores0.1/log/HFinvs_avgBherer.log' mode='a' encoding='UTF-8'>
# stdout                                  : <_io.TextIOWrapper name='analysis/20220621_LocationPatterns/GATresults/AllIsochores0.1/tsv/HFinvs_avgBherer.tsv' mode='w' encoding='UTF-8'>
# timeit_file                             : None
# timeit_header                           : None
# timeit_name                             : all
# truncate_segments_to_workspace          : False
# truncate_workspace_to_annotations       : False
# workspace_files                         : ['analysis/20220621_LocationPatterns/GATfiles/Workspace/workspace_avgBherer.bed']
2022-06-21 09:04:19,737 INFO segments: reading tracks from 1 files
2022-06-21 09:04:19,738 INFO segments: read 1 tracks from 1 files
2022-06-21 09:04:19,738 INFO annotations: reading tracks from 1 files
2022-06-21 09:04:19,866 INFO annotations: read 1 tracks from 1 files
2022-06-21 09:04:19,870 INFO workspaces: reading tracks from 1 files
2022-06-21 09:04:19,870 INFO workspaces: read 1 tracks from 1 files
2022-06-21 09:04:19,870 INFO collapsing workspaces
2022-06-21 09:04:19,870 INFO isochores: reading isochores from 1 files
2022-06-21 09:04:19,871 INFO intervals loaded in 0 seconds
2022-06-21 09:04:19,871 INFO adding isochores to workspace
2022-06-21 09:04:19,871 INFO collecting observed counts
2022-06-21 09:04:19,871 INFO starting sampling
2022-06-21 09:04:19,871 INFO sampling: merged: 1/1
2022-06-21 09:04:19,871 INFO performing unconditional sampling
2022-06-21 09:04:19,872 INFO workspace without conditioning: 88 segments, 2678195140 nucleotides
2022-06-21 09:04:19,872 INFO workspace after conditioning: 88 segments, 2678195140 nucleotides
2022-06-21 09:04:19,872 INFO sampling started
2022-06-21 09:04:19,878 INFO 0/100 done ( 0.00)
2022-06-21 09:04:20,396 INFO sampling completed
2022-06-21 09:04:20,397 INFO sampling finished
2022-06-21 09:04:20,397 INFO computing PValue statistics
2022-06-21 09:04:20,397 INFO writing counts to analysis/20220621_LocationPatterns/GATresults/AllIsochores0.1/counts/HFinvs_avgBherer_nucleotide-overlap.tsv.gz
2022-06-21 09:04:20,398 INFO computing FDR statistics
# job finished in 0 seconds at Tue Jun 21 09:04:20 2022 --  1.41  0.03  0.00  0.00 -- 90a2d856-63c9-4740-ab88-f57c10403ff6
# output generated by /home/rgomez/anaconda3/bin/gat-run.py --segments=analysis/20220621_LocationPatterns/GATfiles/Segments/HFinvs.bed --annotations=analysis/20220621_LocationPatterns/GATfiles/Annotations/genomicSuperDups_coords_normal.bed --output-counts-pattern=analysis/20220621_LocationPatterns/GATresults/AllIsochores0.1/counts/HFinvs_avgBherer_%s.tsv.gz --isochores=analysis/20220621_LocationPatterns/GATfiles/Isochores/genomicSuperDups_COzones_0.1/windows.txt --workspace=analysis/20220621_LocationPatterns/GATfiles/Workspace/workspace_avgBherer.bed --num-samples=100 --log=analysis/20220621_LocationPatterns/GATresults/AllIsochores0.1/log/HFinvs_avgBherer.log --stdout=analysis/20220621_LocationPatterns/GATresults/AllIsochores0.1/tsv/HFinvs_avgBherer.tsv
# job started at Tue Jun 21 09:13:20 2022 on rgomez-pc -- f23f743b-38ea-43df-9294-c56f60e9284c
# pid: 14477, system: Linux 5.3.0-7648-generic #41~1586790036~18.04~600aeb5-Ubuntu SMP Mon Apr 13 17:47:15 UTC  x86_64
# annotation_files                        : ['analysis/20220621_LocationPatterns/GATfiles/Annotations/genomicSuperDups_coords_normal.bed']
# annotations_label                       : None
# annotations_to_points                   : None
# bucket_size                             : 0
# cache                                   : None
# conditional                             : unconditional
# conditional_expansion                   : None
# conditional_extension                   : None
# counters                                : []
# enable_split_tracks                     : False
# ignore_segment_tracks                   : True
# input_filename_counts                   : None
# input_filename_descriptions             : None
# input_filename_results                  : None
# isochore_files                          : ['analysis/20220621_LocationPatterns/GATfiles/Isochores/genomicSuperDups_COzones_0.1/windows.txt']
# loglevel                                : 1
# nbuckets                                : 100000
# null                                    : default
# num_samples                             : 100
# num_threads                             : 0
# output_bed                              : []
# output_counts_pattern                   : analysis/20220621_LocationPatterns/GATresults/AllIsochores0.1/counts/HFinvs_avgBherer_%s.tsv.gz
# output_filename_pattern                 : %s
# output_force                            : False
# output_order                            : fold
# output_plots_pattern                    : None
# output_samples_pattern                  : None
# output_stats                            : []
# output_tables_pattern                   : %s.tsv.gz
# overlapping_annotations                 : False
# pseudo_count                            : 1.0
# pvalue_method                           : empirical
# qvalue_lambda                           : None
# qvalue_method                           : BH
# qvalue_pi0_method                       : smoother
# random_seed                             : None
# restrict_workspace                      : False
# sample_files                            : []
# sampler                                 : annotator
# segment_files                           : ['analysis/20220621_LocationPatterns/GATfiles/Segments/HFinvs.bed']
# shift_expansion                         : 2.0
# shift_extension                         : 0
# short_help                              : None
# stderr                                  : <_io.TextIOWrapper name='<stderr>' mode='w' encoding='utf-8'>
# stdin                                   : <_io.TextIOWrapper name='<stdin>' mode='r' encoding='utf-8'>
# stdlog                                  : <_io.TextIOWrapper name='analysis/20220621_LocationPatterns/GATresults/AllIsochores0.1/log/HFinvs_avgBherer.log' mode='a' encoding='UTF-8'>
# stdout                                  : <_io.TextIOWrapper name='analysis/20220621_LocationPatterns/GATresults/AllIsochores0.1/tsv/HFinvs_avgBherer.tsv' mode='w' encoding='UTF-8'>
# timeit_file                             : None
# timeit_header                           : None
# timeit_name                             : all
# truncate_segments_to_workspace          : False
# truncate_workspace_to_annotations       : False
# workspace_files                         : ['analysis/20220621_LocationPatterns/GATfiles/Workspace/workspace_avgBherer.bed']
2022-06-21 09:13:20,622 INFO segments: reading tracks from 1 files
2022-06-21 09:13:20,622 INFO segments: read 1 tracks from 1 files
2022-06-21 09:13:20,622 INFO annotations: reading tracks from 1 files
2022-06-21 09:13:20,622 INFO annotations: read 0 tracks from 1 files
2022-06-21 09:13:20,622 INFO workspaces: reading tracks from 1 files
2022-06-21 09:13:20,622 INFO workspaces: read 1 tracks from 1 files
2022-06-21 09:13:20,622 INFO collapsing workspaces
2022-06-21 09:13:20,623 INFO isochores: reading isochores from 1 files
2022-06-21 09:13:20,623 INFO intervals loaded in 0 seconds
2022-06-21 09:13:20,623 INFO adding isochores to workspace
# output generated by /home/rgomez/anaconda3/bin/gat-run.py --segments=analysis/20220621_LocationPatterns/GATfiles/Segments/HFinvs.bed --annotations=analysis/20220621_LocationPatterns/GATfiles/Annotations/genomicSuperDups_coords_normal.bed --output-counts-pattern=analysis/20220621_LocationPatterns/GATresults/AllIsochores0.1/counts/HFinvs_avgBherer_%s.tsv.gz --isochores=analysis/20220621_LocationPatterns/GATfiles/Isochores/genomicSuperDups_COzones_0.1/windows.txt --workspace=analysis/20220621_LocationPatterns/GATfiles/Workspace/workspace_avgBherer.bed --num-samples=100 --log=analysis/20220621_LocationPatterns/GATresults/AllIsochores0.1/log/HFinvs_avgBherer.log --stdout=analysis/20220621_LocationPatterns/GATresults/AllIsochores0.1/tsv/HFinvs_avgBherer.tsv
# job started at Tue Jun 21 09:14:56 2022 on rgomez-pc -- d841c00a-a015-40ef-a25a-ff82a6053493
# pid: 14815, system: Linux 5.3.0-7648-generic #41~1586790036~18.04~600aeb5-Ubuntu SMP Mon Apr 13 17:47:15 UTC  x86_64
# annotation_files                        : ['analysis/20220621_LocationPatterns/GATfiles/Annotations/genomicSuperDups_coords_normal.bed']
# annotations_label                       : None
# annotations_to_points                   : None
# bucket_size                             : 0
# cache                                   : None
# conditional                             : unconditional
# conditional_expansion                   : None
# conditional_extension                   : None
# counters                                : []
# enable_split_tracks                     : False
# ignore_segment_tracks                   : True
# input_filename_counts                   : None
# input_filename_descriptions             : None
# input_filename_results                  : None
# isochore_files                          : ['analysis/20220621_LocationPatterns/GATfiles/Isochores/genomicSuperDups_COzones_0.1/windows.txt']
# loglevel                                : 1
# nbuckets                                : 100000
# null                                    : default
# num_samples                             : 100
# num_threads                             : 0
# output_bed                              : []
# output_counts_pattern                   : analysis/20220621_LocationPatterns/GATresults/AllIsochores0.1/counts/HFinvs_avgBherer_%s.tsv.gz
# output_filename_pattern                 : %s
# output_force                            : False
# output_order                            : fold
# output_plots_pattern                    : None
# output_samples_pattern                  : None
# output_stats                            : []
# output_tables_pattern                   : %s.tsv.gz
# overlapping_annotations                 : False
# pseudo_count                            : 1.0
# pvalue_method                           : empirical
# qvalue_lambda                           : None
# qvalue_method                           : BH
# qvalue_pi0_method                       : smoother
# random_seed                             : None
# restrict_workspace                      : False
# sample_files                            : []
# sampler                                 : annotator
# segment_files                           : ['analysis/20220621_LocationPatterns/GATfiles/Segments/HFinvs.bed']
# shift_expansion                         : 2.0
# shift_extension                         : 0
# short_help                              : None
# stderr                                  : <_io.TextIOWrapper name='<stderr>' mode='w' encoding='utf-8'>
# stdin                                   : <_io.TextIOWrapper name='<stdin>' mode='r' encoding='utf-8'>
# stdlog                                  : <_io.TextIOWrapper name='analysis/20220621_LocationPatterns/GATresults/AllIsochores0.1/log/HFinvs_avgBherer.log' mode='a' encoding='UTF-8'>
# stdout                                  : <_io.TextIOWrapper name='analysis/20220621_LocationPatterns/GATresults/AllIsochores0.1/tsv/HFinvs_avgBherer.tsv' mode='w' encoding='UTF-8'>
# timeit_file                             : None
# timeit_header                           : None
# timeit_name                             : all
# truncate_segments_to_workspace          : False
# truncate_workspace_to_annotations       : False
# workspace_files                         : ['analysis/20220621_LocationPatterns/GATfiles/Workspace/workspace_avgBherer.bed']
2022-06-21 09:14:56,981 INFO segments: reading tracks from 1 files
2022-06-21 09:14:56,981 INFO segments: read 1 tracks from 1 files
2022-06-21 09:14:56,981 INFO annotations: reading tracks from 1 files
# output generated by /home/rgomez/anaconda3/bin/gat-run.py --segments=analysis/20220621_LocationPatterns/GATfiles/Segments/HFinvs.bed --annotations=analysis/20220621_LocationPatterns/GATfiles/Annotations/genomicSuperDups_coords_normal.bed --output-counts-pattern=analysis/20220621_LocationPatterns/GATresults/AllIsochores0.1/counts/HFinvs_avgBherer_%s.tsv.gz --isochores=analysis/20220621_LocationPatterns/GATfiles/Isochores/genomicSuperDups_COzones_0.1/windows.txt --workspace=analysis/20220621_LocationPatterns/GATfiles/Workspace/workspace_avgBherer.bed --num-samples=100 --log=analysis/20220621_LocationPatterns/GATresults/AllIsochores0.1/log/HFinvs_avgBherer.log --stdout=analysis/20220621_LocationPatterns/GATresults/AllIsochores0.1/tsv/HFinvs_avgBherer.tsv
# job started at Tue Jun 21 09:17:21 2022 on rgomez-pc -- f9e1d417-cde0-4b2e-b495-da571449bd15
# pid: 15073, system: Linux 5.3.0-7648-generic #41~1586790036~18.04~600aeb5-Ubuntu SMP Mon Apr 13 17:47:15 UTC  x86_64
# annotation_files                        : ['analysis/20220621_LocationPatterns/GATfiles/Annotations/genomicSuperDups_coords_normal.bed']
# annotations_label                       : None
# annotations_to_points                   : None
# bucket_size                             : 0
# cache                                   : None
# conditional                             : unconditional
# conditional_expansion                   : None
# conditional_extension                   : None
# counters                                : []
# enable_split_tracks                     : False
# ignore_segment_tracks                   : True
# input_filename_counts                   : None
# input_filename_descriptions             : None
# input_filename_results                  : None
# isochore_files                          : ['analysis/20220621_LocationPatterns/GATfiles/Isochores/genomicSuperDups_COzones_0.1/windows.txt']
# loglevel                                : 1
# nbuckets                                : 100000
# null                                    : default
# num_samples                             : 100
# num_threads                             : 0
# output_bed                              : []
# output_counts_pattern                   : analysis/20220621_LocationPatterns/GATresults/AllIsochores0.1/counts/HFinvs_avgBherer_%s.tsv.gz
# output_filename_pattern                 : %s
# output_force                            : False
# output_order                            : fold
# output_plots_pattern                    : None
# output_samples_pattern                  : None
# output_stats                            : []
# output_tables_pattern                   : %s.tsv.gz
# overlapping_annotations                 : False
# pseudo_count                            : 1.0
# pvalue_method                           : empirical
# qvalue_lambda                           : None
# qvalue_method                           : BH
# qvalue_pi0_method                       : smoother
# random_seed                             : None
# restrict_workspace                      : False
# sample_files                            : []
# sampler                                 : annotator
# segment_files                           : ['analysis/20220621_LocationPatterns/GATfiles/Segments/HFinvs.bed']
# shift_expansion                         : 2.0
# shift_extension                         : 0
# short_help                              : None
# stderr                                  : <_io.TextIOWrapper name='<stderr>' mode='w' encoding='utf-8'>
# stdin                                   : <_io.TextIOWrapper name='<stdin>' mode='r' encoding='utf-8'>
# stdlog                                  : <_io.TextIOWrapper name='analysis/20220621_LocationPatterns/GATresults/AllIsochores0.1/log/HFinvs_avgBherer.log' mode='a' encoding='UTF-8'>
# stdout                                  : <_io.TextIOWrapper name='analysis/20220621_LocationPatterns/GATresults/AllIsochores0.1/tsv/HFinvs_avgBherer.tsv' mode='w' encoding='UTF-8'>
# timeit_file                             : None
# timeit_header                           : None
# timeit_name                             : all
# truncate_segments_to_workspace          : False
# truncate_workspace_to_annotations       : False
# workspace_files                         : ['analysis/20220621_LocationPatterns/GATfiles/Workspace/workspace_avgBherer.bed']
2022-06-21 09:17:21,727 INFO segments: reading tracks from 1 files
2022-06-21 09:17:21,727 INFO segments: read 1 tracks from 1 files
2022-06-21 09:17:21,727 INFO annotations: reading tracks from 1 files
2022-06-21 09:17:21,851 INFO annotations: read 1 tracks from 1 files
2022-06-21 09:17:21,855 INFO workspaces: reading tracks from 1 files
2022-06-21 09:17:21,855 INFO workspaces: read 1 tracks from 1 files
2022-06-21 09:17:21,855 INFO collapsing workspaces
2022-06-21 09:17:21,855 INFO isochores: reading isochores from 1 files
2022-06-21 09:17:21,855 INFO intervals loaded in 0 seconds
2022-06-21 09:17:21,855 INFO adding isochores to workspace
2022-06-21 09:17:21,856 INFO collecting observed counts
2022-06-21 09:17:21,856 INFO starting sampling
2022-06-21 09:17:21,856 INFO sampling: merged: 1/1
2022-06-21 09:17:21,856 INFO performing unconditional sampling
2022-06-21 09:17:21,856 INFO workspace without conditioning: 88 segments, 2678195140 nucleotides
2022-06-21 09:17:21,856 INFO workspace after conditioning: 88 segments, 2678195140 nucleotides
2022-06-21 09:17:21,856 INFO sampling started
2022-06-21 09:17:21,862 INFO 0/100 done ( 0.00)
2022-06-21 09:17:22,368 INFO sampling completed
2022-06-21 09:17:22,368 INFO sampling finished
2022-06-21 09:17:22,368 INFO computing PValue statistics
2022-06-21 09:17:22,369 INFO writing counts to analysis/20220621_LocationPatterns/GATresults/AllIsochores0.1/counts/HFinvs_avgBherer_nucleotide-overlap.tsv.gz
2022-06-21 09:17:22,369 INFO computing FDR statistics
# job finished in 0 seconds at Tue Jun 21 09:17:22 2022 --  1.36  0.08  0.00  0.00 -- f9e1d417-cde0-4b2e-b495-da571449bd15
