# output generated by /home/rgomez/anaconda3/bin/gat-run.py --segments=analysis/20220621_LocationPatterns/GATfiles/Segments/HFNAHRno501invs.bed --annotations=analysis/20220621_LocationPatterns/GATfiles/Annotations/genomicSuperDups_coords.bed --output-counts-pattern=analysis/20220621_LocationPatterns/GATresults/AllIsochores0.1/counts/HFNAHRno501invs_femBherer_%s.tsv.gz --isochores=analysis/20220621_LocationPatterns/GATfiles/Isochores/genomicSuperDups_COzones_0.1/windows.txt --workspace=analysis/20220621_LocationPatterns/GATfiles/Workspace/workspace_femBherer.bed --num-samples=100 --log=analysis/20220621_LocationPatterns/GATresults/AllIsochores0.1/log/HFNAHRno501invs_femBherer.log --stdout=analysis/20220621_LocationPatterns/GATresults/AllIsochores0.1/tsv/HFNAHRno501invs_femBherer.tsv
# job started at Tue Jun 21 09:04:29 2022 on rgomez-pc -- 31dfb3f4-e2ff-49f4-85d7-12de60a83d5c
# pid: 13330, system: Linux 5.3.0-7648-generic #41~1586790036~18.04~600aeb5-Ubuntu SMP Mon Apr 13 17:47:15 UTC  x86_64
# annotation_files                        : ['analysis/20220621_LocationPatterns/GATfiles/Annotations/genomicSuperDups_coords.bed']
# annotations_label                       : None
# annotations_to_points                   : None
# bucket_size                             : 0
# cache                                   : None
# conditional                             : unconditional
# conditional_expansion                   : None
# conditional_extension                   : None
# counters                                : []
# enable_split_tracks                     : False
# ignore_segment_tracks                   : True
# input_filename_counts                   : None
# input_filename_descriptions             : None
# input_filename_results                  : None
# isochore_files                          : ['analysis/20220621_LocationPatterns/GATfiles/Isochores/genomicSuperDups_COzones_0.1/windows.txt']
# loglevel                                : 1
# nbuckets                                : 100000
# null                                    : default
# num_samples                             : 100
# num_threads                             : 0
# output_bed                              : []
# output_counts_pattern                   : analysis/20220621_LocationPatterns/GATresults/AllIsochores0.1/counts/HFNAHRno501invs_femBherer_%s.tsv.gz
# output_filename_pattern                 : %s
# output_force                            : False
# output_order                            : fold
# output_plots_pattern                    : None
# output_samples_pattern                  : None
# output_stats                            : []
# output_tables_pattern                   : %s.tsv.gz
# overlapping_annotations                 : False
# pseudo_count                            : 1.0
# pvalue_method                           : empirical
# qvalue_lambda                           : None
# qvalue_method                           : BH
# qvalue_pi0_method                       : smoother
# random_seed                             : None
# restrict_workspace                      : False
# sample_files                            : []
# sampler                                 : annotator
# segment_files                           : ['analysis/20220621_LocationPatterns/GATfiles/Segments/HFNAHRno501invs.bed']
# shift_expansion                         : 2.0
# shift_extension                         : 0
# short_help                              : None
# stderr                                  : <_io.TextIOWrapper name='<stderr>' mode='w' encoding='utf-8'>
# stdin                                   : <_io.TextIOWrapper name='<stdin>' mode='r' encoding='utf-8'>
# stdlog                                  : <_io.TextIOWrapper name='analysis/20220621_LocationPatterns/GATresults/AllIsochores0.1/log/HFNAHRno501invs_femBherer.log' mode='a' encoding='UTF-8'>
# stdout                                  : <_io.TextIOWrapper name='analysis/20220621_LocationPatterns/GATresults/AllIsochores0.1/tsv/HFNAHRno501invs_femBherer.tsv' mode='w' encoding='UTF-8'>
# timeit_file                             : None
# timeit_header                           : None
# timeit_name                             : all
# truncate_segments_to_workspace          : False
# truncate_workspace_to_annotations       : False
# workspace_files                         : ['analysis/20220621_LocationPatterns/GATfiles/Workspace/workspace_femBherer.bed']
2022-06-21 09:04:29,568 INFO segments: reading tracks from 1 files
2022-06-21 09:04:29,568 INFO segments: read 1 tracks from 1 files
2022-06-21 09:04:29,568 INFO annotations: reading tracks from 1 files
2022-06-21 09:04:29,696 INFO annotations: read 1 tracks from 1 files
2022-06-21 09:04:29,700 INFO workspaces: reading tracks from 1 files
2022-06-21 09:04:29,700 INFO workspaces: read 1 tracks from 1 files
2022-06-21 09:04:29,700 INFO collapsing workspaces
2022-06-21 09:04:29,700 INFO isochores: reading isochores from 1 files
2022-06-21 09:04:29,700 INFO intervals loaded in 0 seconds
2022-06-21 09:04:29,700 INFO adding isochores to workspace
2022-06-21 09:04:29,701 INFO collecting observed counts
2022-06-21 09:04:29,701 INFO starting sampling
2022-06-21 09:04:29,701 INFO sampling: merged: 1/1
2022-06-21 09:04:29,701 INFO performing unconditional sampling
2022-06-21 09:04:29,702 INFO workspace without conditioning: 92 segments, 2826410475 nucleotides
2022-06-21 09:04:29,702 INFO workspace after conditioning: 92 segments, 2826410475 nucleotides
2022-06-21 09:04:29,702 INFO sampling started
2022-06-21 09:04:29,705 INFO 0/100 done ( 0.00)
2022-06-21 09:04:30,003 INFO sampling completed
2022-06-21 09:04:30,003 INFO sampling finished
2022-06-21 09:04:30,003 INFO computing PValue statistics
2022-06-21 09:04:30,004 INFO writing counts to analysis/20220621_LocationPatterns/GATresults/AllIsochores0.1/counts/HFNAHRno501invs_femBherer_nucleotide-overlap.tsv.gz
2022-06-21 09:04:30,004 INFO computing FDR statistics
# job finished in 0 seconds at Tue Jun 21 09:04:30 2022 --  1.16  0.07  0.00  0.00 -- 31dfb3f4-e2ff-49f4-85d7-12de60a83d5c
# output generated by /home/rgomez/anaconda3/bin/gat-run.py --segments=analysis/20220621_LocationPatterns/GATfiles/Segments/HFNAHRno501invs.bed --annotations=analysis/20220621_LocationPatterns/GATfiles/Annotations/genomicSuperDups_coords_normal.bed --output-counts-pattern=analysis/20220621_LocationPatterns/GATresults/AllIsochores0.1/counts/HFNAHRno501invs_femBherer_%s.tsv.gz --isochores=analysis/20220621_LocationPatterns/GATfiles/Isochores/genomicSuperDups_COzones_0.1/windows.txt --workspace=analysis/20220621_LocationPatterns/GATfiles/Workspace/workspace_femBherer.bed --num-samples=100 --log=analysis/20220621_LocationPatterns/GATresults/AllIsochores0.1/log/HFNAHRno501invs_femBherer.log --stdout=analysis/20220621_LocationPatterns/GATresults/AllIsochores0.1/tsv/HFNAHRno501invs_femBherer.tsv
# job started at Tue Jun 21 09:13:26 2022 on rgomez-pc -- 7498e8a0-df05-4a87-9034-6e42d99f8bc7
# pid: 14507, system: Linux 5.3.0-7648-generic #41~1586790036~18.04~600aeb5-Ubuntu SMP Mon Apr 13 17:47:15 UTC  x86_64
# annotation_files                        : ['analysis/20220621_LocationPatterns/GATfiles/Annotations/genomicSuperDups_coords_normal.bed']
# annotations_label                       : None
# annotations_to_points                   : None
# bucket_size                             : 0
# cache                                   : None
# conditional                             : unconditional
# conditional_expansion                   : None
# conditional_extension                   : None
# counters                                : []
# enable_split_tracks                     : False
# ignore_segment_tracks                   : True
# input_filename_counts                   : None
# input_filename_descriptions             : None
# input_filename_results                  : None
# isochore_files                          : ['analysis/20220621_LocationPatterns/GATfiles/Isochores/genomicSuperDups_COzones_0.1/windows.txt']
# loglevel                                : 1
# nbuckets                                : 100000
# null                                    : default
# num_samples                             : 100
# num_threads                             : 0
# output_bed                              : []
# output_counts_pattern                   : analysis/20220621_LocationPatterns/GATresults/AllIsochores0.1/counts/HFNAHRno501invs_femBherer_%s.tsv.gz
# output_filename_pattern                 : %s
# output_force                            : False
# output_order                            : fold
# output_plots_pattern                    : None
# output_samples_pattern                  : None
# output_stats                            : []
# output_tables_pattern                   : %s.tsv.gz
# overlapping_annotations                 : False
# pseudo_count                            : 1.0
# pvalue_method                           : empirical
# qvalue_lambda                           : None
# qvalue_method                           : BH
# qvalue_pi0_method                       : smoother
# random_seed                             : None
# restrict_workspace                      : False
# sample_files                            : []
# sampler                                 : annotator
# segment_files                           : ['analysis/20220621_LocationPatterns/GATfiles/Segments/HFNAHRno501invs.bed']
# shift_expansion                         : 2.0
# shift_extension                         : 0
# short_help                              : None
# stderr                                  : <_io.TextIOWrapper name='<stderr>' mode='w' encoding='utf-8'>
# stdin                                   : <_io.TextIOWrapper name='<stdin>' mode='r' encoding='utf-8'>
# stdlog                                  : <_io.TextIOWrapper name='analysis/20220621_LocationPatterns/GATresults/AllIsochores0.1/log/HFNAHRno501invs_femBherer.log' mode='a' encoding='UTF-8'>
# stdout                                  : <_io.TextIOWrapper name='analysis/20220621_LocationPatterns/GATresults/AllIsochores0.1/tsv/HFNAHRno501invs_femBherer.tsv' mode='w' encoding='UTF-8'>
# timeit_file                             : None
# timeit_header                           : None
# timeit_name                             : all
# truncate_segments_to_workspace          : False
# truncate_workspace_to_annotations       : False
# workspace_files                         : ['analysis/20220621_LocationPatterns/GATfiles/Workspace/workspace_femBherer.bed']
2022-06-21 09:13:26,989 INFO segments: reading tracks from 1 files
2022-06-21 09:13:26,990 INFO segments: read 1 tracks from 1 files
2022-06-21 09:13:26,990 INFO annotations: reading tracks from 1 files
2022-06-21 09:13:26,990 INFO annotations: read 0 tracks from 1 files
2022-06-21 09:13:26,990 INFO workspaces: reading tracks from 1 files
2022-06-21 09:13:26,990 INFO workspaces: read 1 tracks from 1 files
2022-06-21 09:13:26,990 INFO collapsing workspaces
2022-06-21 09:13:26,990 INFO isochores: reading isochores from 1 files
2022-06-21 09:13:26,990 INFO intervals loaded in 0 seconds
2022-06-21 09:13:26,991 INFO adding isochores to workspace
# output generated by /home/rgomez/anaconda3/bin/gat-run.py --segments=analysis/20220621_LocationPatterns/GATfiles/Segments/HFNAHRno501invs.bed --annotations=analysis/20220621_LocationPatterns/GATfiles/Annotations/genomicSuperDups_coords_normal.bed --output-counts-pattern=analysis/20220621_LocationPatterns/GATresults/AllIsochores0.1/counts/HFNAHRno501invs_femBherer_%s.tsv.gz --isochores=analysis/20220621_LocationPatterns/GATfiles/Isochores/genomicSuperDups_COzones_0.1/windows.txt --workspace=analysis/20220621_LocationPatterns/GATfiles/Workspace/workspace_femBherer.bed --num-samples=100 --log=analysis/20220621_LocationPatterns/GATresults/AllIsochores0.1/log/HFNAHRno501invs_femBherer.log --stdout=analysis/20220621_LocationPatterns/GATresults/AllIsochores0.1/tsv/HFNAHRno501invs_femBherer.tsv
# job started at Tue Jun 21 09:15:04 2022 on rgomez-pc -- d139f717-2192-47cc-8df5-aa58ed1f862b
# pid: 14843, system: Linux 5.3.0-7648-generic #41~1586790036~18.04~600aeb5-Ubuntu SMP Mon Apr 13 17:47:15 UTC  x86_64
# annotation_files                        : ['analysis/20220621_LocationPatterns/GATfiles/Annotations/genomicSuperDups_coords_normal.bed']
# annotations_label                       : None
# annotations_to_points                   : None
# bucket_size                             : 0
# cache                                   : None
# conditional                             : unconditional
# conditional_expansion                   : None
# conditional_extension                   : None
# counters                                : []
# enable_split_tracks                     : False
# ignore_segment_tracks                   : True
# input_filename_counts                   : None
# input_filename_descriptions             : None
# input_filename_results                  : None
# isochore_files                          : ['analysis/20220621_LocationPatterns/GATfiles/Isochores/genomicSuperDups_COzones_0.1/windows.txt']
# loglevel                                : 1
# nbuckets                                : 100000
# null                                    : default
# num_samples                             : 100
# num_threads                             : 0
# output_bed                              : []
# output_counts_pattern                   : analysis/20220621_LocationPatterns/GATresults/AllIsochores0.1/counts/HFNAHRno501invs_femBherer_%s.tsv.gz
# output_filename_pattern                 : %s
# output_force                            : False
# output_order                            : fold
# output_plots_pattern                    : None
# output_samples_pattern                  : None
# output_stats                            : []
# output_tables_pattern                   : %s.tsv.gz
# overlapping_annotations                 : False
# pseudo_count                            : 1.0
# pvalue_method                           : empirical
# qvalue_lambda                           : None
# qvalue_method                           : BH
# qvalue_pi0_method                       : smoother
# random_seed                             : None
# restrict_workspace                      : False
# sample_files                            : []
# sampler                                 : annotator
# segment_files                           : ['analysis/20220621_LocationPatterns/GATfiles/Segments/HFNAHRno501invs.bed']
# shift_expansion                         : 2.0
# shift_extension                         : 0
# short_help                              : None
# stderr                                  : <_io.TextIOWrapper name='<stderr>' mode='w' encoding='utf-8'>
# stdin                                   : <_io.TextIOWrapper name='<stdin>' mode='r' encoding='utf-8'>
# stdlog                                  : <_io.TextIOWrapper name='analysis/20220621_LocationPatterns/GATresults/AllIsochores0.1/log/HFNAHRno501invs_femBherer.log' mode='a' encoding='UTF-8'>
# stdout                                  : <_io.TextIOWrapper name='analysis/20220621_LocationPatterns/GATresults/AllIsochores0.1/tsv/HFNAHRno501invs_femBherer.tsv' mode='w' encoding='UTF-8'>
# timeit_file                             : None
# timeit_header                           : None
# timeit_name                             : all
# truncate_segments_to_workspace          : False
# truncate_workspace_to_annotations       : False
# workspace_files                         : ['analysis/20220621_LocationPatterns/GATfiles/Workspace/workspace_femBherer.bed']
2022-06-21 09:15:04,263 INFO segments: reading tracks from 1 files
2022-06-21 09:15:04,263 INFO segments: read 1 tracks from 1 files
2022-06-21 09:15:04,263 INFO annotations: reading tracks from 1 files
# output generated by /home/rgomez/anaconda3/bin/gat-run.py --segments=analysis/20220621_LocationPatterns/GATfiles/Segments/HFNAHRno501invs.bed --annotations=analysis/20220621_LocationPatterns/GATfiles/Annotations/genomicSuperDups_coords_normal.bed --output-counts-pattern=analysis/20220621_LocationPatterns/GATresults/AllIsochores0.1/counts/HFNAHRno501invs_femBherer_%s.tsv.gz --isochores=analysis/20220621_LocationPatterns/GATfiles/Isochores/genomicSuperDups_COzones_0.1/windows.txt --workspace=analysis/20220621_LocationPatterns/GATfiles/Workspace/workspace_femBherer.bed --num-samples=100 --log=analysis/20220621_LocationPatterns/GATresults/AllIsochores0.1/log/HFNAHRno501invs_femBherer.log --stdout=analysis/20220621_LocationPatterns/GATresults/AllIsochores0.1/tsv/HFNAHRno501invs_femBherer.tsv
# job started at Tue Jun 21 09:17:31 2022 on rgomez-pc -- 650957af-2d87-4c09-a161-910b19b62715
# pid: 15107, system: Linux 5.3.0-7648-generic #41~1586790036~18.04~600aeb5-Ubuntu SMP Mon Apr 13 17:47:15 UTC  x86_64
# annotation_files                        : ['analysis/20220621_LocationPatterns/GATfiles/Annotations/genomicSuperDups_coords_normal.bed']
# annotations_label                       : None
# annotations_to_points                   : None
# bucket_size                             : 0
# cache                                   : None
# conditional                             : unconditional
# conditional_expansion                   : None
# conditional_extension                   : None
# counters                                : []
# enable_split_tracks                     : False
# ignore_segment_tracks                   : True
# input_filename_counts                   : None
# input_filename_descriptions             : None
# input_filename_results                  : None
# isochore_files                          : ['analysis/20220621_LocationPatterns/GATfiles/Isochores/genomicSuperDups_COzones_0.1/windows.txt']
# loglevel                                : 1
# nbuckets                                : 100000
# null                                    : default
# num_samples                             : 100
# num_threads                             : 0
# output_bed                              : []
# output_counts_pattern                   : analysis/20220621_LocationPatterns/GATresults/AllIsochores0.1/counts/HFNAHRno501invs_femBherer_%s.tsv.gz
# output_filename_pattern                 : %s
# output_force                            : False
# output_order                            : fold
# output_plots_pattern                    : None
# output_samples_pattern                  : None
# output_stats                            : []
# output_tables_pattern                   : %s.tsv.gz
# overlapping_annotations                 : False
# pseudo_count                            : 1.0
# pvalue_method                           : empirical
# qvalue_lambda                           : None
# qvalue_method                           : BH
# qvalue_pi0_method                       : smoother
# random_seed                             : None
# restrict_workspace                      : False
# sample_files                            : []
# sampler                                 : annotator
# segment_files                           : ['analysis/20220621_LocationPatterns/GATfiles/Segments/HFNAHRno501invs.bed']
# shift_expansion                         : 2.0
# shift_extension                         : 0
# short_help                              : None
# stderr                                  : <_io.TextIOWrapper name='<stderr>' mode='w' encoding='utf-8'>
# stdin                                   : <_io.TextIOWrapper name='<stdin>' mode='r' encoding='utf-8'>
# stdlog                                  : <_io.TextIOWrapper name='analysis/20220621_LocationPatterns/GATresults/AllIsochores0.1/log/HFNAHRno501invs_femBherer.log' mode='a' encoding='UTF-8'>
# stdout                                  : <_io.TextIOWrapper name='analysis/20220621_LocationPatterns/GATresults/AllIsochores0.1/tsv/HFNAHRno501invs_femBherer.tsv' mode='w' encoding='UTF-8'>
# timeit_file                             : None
# timeit_header                           : None
# timeit_name                             : all
# truncate_segments_to_workspace          : False
# truncate_workspace_to_annotations       : False
# workspace_files                         : ['analysis/20220621_LocationPatterns/GATfiles/Workspace/workspace_femBherer.bed']
2022-06-21 09:17:31,639 INFO segments: reading tracks from 1 files
2022-06-21 09:17:31,639 INFO segments: read 1 tracks from 1 files
2022-06-21 09:17:31,639 INFO annotations: reading tracks from 1 files
2022-06-21 09:17:31,769 INFO annotations: read 1 tracks from 1 files
2022-06-21 09:17:31,773 INFO workspaces: reading tracks from 1 files
2022-06-21 09:17:31,774 INFO workspaces: read 1 tracks from 1 files
2022-06-21 09:17:31,774 INFO collapsing workspaces
2022-06-21 09:17:31,774 INFO isochores: reading isochores from 1 files
2022-06-21 09:17:31,774 INFO intervals loaded in 0 seconds
2022-06-21 09:17:31,774 INFO adding isochores to workspace
2022-06-21 09:17:31,774 INFO collecting observed counts
2022-06-21 09:17:31,774 INFO starting sampling
2022-06-21 09:17:31,774 INFO sampling: merged: 1/1
2022-06-21 09:17:31,774 INFO performing unconditional sampling
2022-06-21 09:17:31,775 INFO workspace without conditioning: 92 segments, 2826410475 nucleotides
2022-06-21 09:17:31,775 INFO workspace after conditioning: 92 segments, 2826410475 nucleotides
2022-06-21 09:17:31,775 INFO sampling started
2022-06-21 09:17:31,778 INFO 0/100 done ( 0.00)
2022-06-21 09:17:32,076 INFO sampling completed
2022-06-21 09:17:32,076 INFO sampling finished
2022-06-21 09:17:32,076 INFO computing PValue statistics
2022-06-21 09:17:32,076 INFO writing counts to analysis/20220621_LocationPatterns/GATresults/AllIsochores0.1/counts/HFNAHRno501invs_femBherer_nucleotide-overlap.tsv.gz
2022-06-21 09:17:32,077 INFO computing FDR statistics
# job finished in 0 seconds at Tue Jun 21 09:17:32 2022 --  1.20  0.03  0.00  0.00 -- 650957af-2d87-4c09-a161-910b19b62715
