# output generated by /home/rgomez/anaconda3/bin/gat-run.py --segments=analysis/20220621_LocationPatterns/GATfiles/Segments/HFno501invs.bed --annotations=analysis/20220621_LocationPatterns/GATfiles/Annotations/genomicSuperDups_coords.bed --output-counts-pattern=analysis/20220621_LocationPatterns/GATresults/AllIsochores0.1/counts/HFno501invs_femBherer_%s.tsv.gz --isochores=analysis/20220621_LocationPatterns/GATfiles/Isochores/genomicSuperDups_COzones_0.1/windows.txt --workspace=analysis/20220621_LocationPatterns/GATfiles/Workspace/workspace_femBherer.bed --num-samples=100 --log=analysis/20220621_LocationPatterns/GATresults/AllIsochores0.1/log/HFno501invs_femBherer.log --stdout=analysis/20220621_LocationPatterns/GATresults/AllIsochores0.1/tsv/HFno501invs_femBherer.tsv
# job started at Tue Jun 21 09:04:37 2022 on rgomez-pc -- 5095a858-04d7-4693-993c-653a1a23db58
# pid: 13355, system: Linux 5.3.0-7648-generic #41~1586790036~18.04~600aeb5-Ubuntu SMP Mon Apr 13 17:47:15 UTC  x86_64
# annotation_files                        : ['analysis/20220621_LocationPatterns/GATfiles/Annotations/genomicSuperDups_coords.bed']
# annotations_label                       : None
# annotations_to_points                   : None
# bucket_size                             : 0
# cache                                   : None
# conditional                             : unconditional
# conditional_expansion                   : None
# conditional_extension                   : None
# counters                                : []
# enable_split_tracks                     : False
# ignore_segment_tracks                   : True
# input_filename_counts                   : None
# input_filename_descriptions             : None
# input_filename_results                  : None
# isochore_files                          : ['analysis/20220621_LocationPatterns/GATfiles/Isochores/genomicSuperDups_COzones_0.1/windows.txt']
# loglevel                                : 1
# nbuckets                                : 100000
# null                                    : default
# num_samples                             : 100
# num_threads                             : 0
# output_bed                              : []
# output_counts_pattern                   : analysis/20220621_LocationPatterns/GATresults/AllIsochores0.1/counts/HFno501invs_femBherer_%s.tsv.gz
# output_filename_pattern                 : %s
# output_force                            : False
# output_order                            : fold
# output_plots_pattern                    : None
# output_samples_pattern                  : None
# output_stats                            : []
# output_tables_pattern                   : %s.tsv.gz
# overlapping_annotations                 : False
# pseudo_count                            : 1.0
# pvalue_method                           : empirical
# qvalue_lambda                           : None
# qvalue_method                           : BH
# qvalue_pi0_method                       : smoother
# random_seed                             : None
# restrict_workspace                      : False
# sample_files                            : []
# sampler                                 : annotator
# segment_files                           : ['analysis/20220621_LocationPatterns/GATfiles/Segments/HFno501invs.bed']
# shift_expansion                         : 2.0
# shift_extension                         : 0
# short_help                              : None
# stderr                                  : <_io.TextIOWrapper name='<stderr>' mode='w' encoding='utf-8'>
# stdin                                   : <_io.TextIOWrapper name='<stdin>' mode='r' encoding='utf-8'>
# stdlog                                  : <_io.TextIOWrapper name='analysis/20220621_LocationPatterns/GATresults/AllIsochores0.1/log/HFno501invs_femBherer.log' mode='a' encoding='UTF-8'>
# stdout                                  : <_io.TextIOWrapper name='analysis/20220621_LocationPatterns/GATresults/AllIsochores0.1/tsv/HFno501invs_femBherer.tsv' mode='w' encoding='UTF-8'>
# timeit_file                             : None
# timeit_header                           : None
# timeit_name                             : all
# truncate_segments_to_workspace          : False
# truncate_workspace_to_annotations       : False
# workspace_files                         : ['analysis/20220621_LocationPatterns/GATfiles/Workspace/workspace_femBherer.bed']
2022-06-21 09:04:37,718 INFO segments: reading tracks from 1 files
2022-06-21 09:04:37,719 INFO segments: read 1 tracks from 1 files
2022-06-21 09:04:37,719 INFO annotations: reading tracks from 1 files
2022-06-21 09:04:37,845 INFO annotations: read 1 tracks from 1 files
2022-06-21 09:04:37,849 INFO workspaces: reading tracks from 1 files
2022-06-21 09:04:37,849 INFO workspaces: read 1 tracks from 1 files
2022-06-21 09:04:37,849 INFO collapsing workspaces
2022-06-21 09:04:37,849 INFO isochores: reading isochores from 1 files
2022-06-21 09:04:37,850 INFO intervals loaded in 0 seconds
2022-06-21 09:04:37,850 INFO adding isochores to workspace
2022-06-21 09:04:37,850 INFO collecting observed counts
2022-06-21 09:04:37,850 INFO starting sampling
2022-06-21 09:04:37,850 INFO sampling: merged: 1/1
2022-06-21 09:04:37,850 INFO performing unconditional sampling
2022-06-21 09:04:37,851 INFO workspace without conditioning: 92 segments, 2826410475 nucleotides
2022-06-21 09:04:37,851 INFO workspace after conditioning: 92 segments, 2826410475 nucleotides
2022-06-21 09:04:37,851 INFO sampling started
2022-06-21 09:04:37,856 INFO 0/100 done ( 0.00)
2022-06-21 09:04:38,345 INFO sampling completed
2022-06-21 09:04:38,345 INFO sampling finished
2022-06-21 09:04:38,345 INFO computing PValue statistics
2022-06-21 09:04:38,345 INFO writing counts to analysis/20220621_LocationPatterns/GATresults/AllIsochores0.1/counts/HFno501invs_femBherer_nucleotide-overlap.tsv.gz
2022-06-21 09:04:38,346 INFO computing FDR statistics
# job finished in 0 seconds at Tue Jun 21 09:04:38 2022 --  1.38  0.04  0.00  0.00 -- 5095a858-04d7-4693-993c-653a1a23db58
# output generated by /home/rgomez/anaconda3/bin/gat-run.py --segments=analysis/20220621_LocationPatterns/GATfiles/Segments/HFno501invs.bed --annotations=analysis/20220621_LocationPatterns/GATfiles/Annotations/genomicSuperDups_coords_normal.bed --output-counts-pattern=analysis/20220621_LocationPatterns/GATresults/AllIsochores0.1/counts/HFno501invs_femBherer_%s.tsv.gz --isochores=analysis/20220621_LocationPatterns/GATfiles/Isochores/genomicSuperDups_COzones_0.1/windows.txt --workspace=analysis/20220621_LocationPatterns/GATfiles/Workspace/workspace_femBherer.bed --num-samples=100 --log=analysis/20220621_LocationPatterns/GATresults/AllIsochores0.1/log/HFno501invs_femBherer.log --stdout=analysis/20220621_LocationPatterns/GATresults/AllIsochores0.1/tsv/HFno501invs_femBherer.tsv
# job started at Tue Jun 21 09:13:32 2022 on rgomez-pc -- 7af28bb8-aa26-49f3-9899-196f7785f76c
# pid: 14533, system: Linux 5.3.0-7648-generic #41~1586790036~18.04~600aeb5-Ubuntu SMP Mon Apr 13 17:47:15 UTC  x86_64
# annotation_files                        : ['analysis/20220621_LocationPatterns/GATfiles/Annotations/genomicSuperDups_coords_normal.bed']
# annotations_label                       : None
# annotations_to_points                   : None
# bucket_size                             : 0
# cache                                   : None
# conditional                             : unconditional
# conditional_expansion                   : None
# conditional_extension                   : None
# counters                                : []
# enable_split_tracks                     : False
# ignore_segment_tracks                   : True
# input_filename_counts                   : None
# input_filename_descriptions             : None
# input_filename_results                  : None
# isochore_files                          : ['analysis/20220621_LocationPatterns/GATfiles/Isochores/genomicSuperDups_COzones_0.1/windows.txt']
# loglevel                                : 1
# nbuckets                                : 100000
# null                                    : default
# num_samples                             : 100
# num_threads                             : 0
# output_bed                              : []
# output_counts_pattern                   : analysis/20220621_LocationPatterns/GATresults/AllIsochores0.1/counts/HFno501invs_femBherer_%s.tsv.gz
# output_filename_pattern                 : %s
# output_force                            : False
# output_order                            : fold
# output_plots_pattern                    : None
# output_samples_pattern                  : None
# output_stats                            : []
# output_tables_pattern                   : %s.tsv.gz
# overlapping_annotations                 : False
# pseudo_count                            : 1.0
# pvalue_method                           : empirical
# qvalue_lambda                           : None
# qvalue_method                           : BH
# qvalue_pi0_method                       : smoother
# random_seed                             : None
# restrict_workspace                      : False
# sample_files                            : []
# sampler                                 : annotator
# segment_files                           : ['analysis/20220621_LocationPatterns/GATfiles/Segments/HFno501invs.bed']
# shift_expansion                         : 2.0
# shift_extension                         : 0
# short_help                              : None
# stderr                                  : <_io.TextIOWrapper name='<stderr>' mode='w' encoding='utf-8'>
# stdin                                   : <_io.TextIOWrapper name='<stdin>' mode='r' encoding='utf-8'>
# stdlog                                  : <_io.TextIOWrapper name='analysis/20220621_LocationPatterns/GATresults/AllIsochores0.1/log/HFno501invs_femBherer.log' mode='a' encoding='UTF-8'>
# stdout                                  : <_io.TextIOWrapper name='analysis/20220621_LocationPatterns/GATresults/AllIsochores0.1/tsv/HFno501invs_femBherer.tsv' mode='w' encoding='UTF-8'>
# timeit_file                             : None
# timeit_header                           : None
# timeit_name                             : all
# truncate_segments_to_workspace          : False
# truncate_workspace_to_annotations       : False
# workspace_files                         : ['analysis/20220621_LocationPatterns/GATfiles/Workspace/workspace_femBherer.bed']
2022-06-21 09:13:32,445 INFO segments: reading tracks from 1 files
2022-06-21 09:13:32,446 INFO segments: read 1 tracks from 1 files
2022-06-21 09:13:32,446 INFO annotations: reading tracks from 1 files
2022-06-21 09:13:32,446 INFO annotations: read 0 tracks from 1 files
2022-06-21 09:13:32,446 INFO workspaces: reading tracks from 1 files
2022-06-21 09:13:32,446 INFO workspaces: read 1 tracks from 1 files
2022-06-21 09:13:32,446 INFO collapsing workspaces
2022-06-21 09:13:32,446 INFO isochores: reading isochores from 1 files
2022-06-21 09:13:32,447 INFO intervals loaded in 0 seconds
2022-06-21 09:13:32,447 INFO adding isochores to workspace
# output generated by /home/rgomez/anaconda3/bin/gat-run.py --segments=analysis/20220621_LocationPatterns/GATfiles/Segments/HFno501invs.bed --annotations=analysis/20220621_LocationPatterns/GATfiles/Annotations/genomicSuperDups_coords_normal.bed --output-counts-pattern=analysis/20220621_LocationPatterns/GATresults/AllIsochores0.1/counts/HFno501invs_femBherer_%s.tsv.gz --isochores=analysis/20220621_LocationPatterns/GATfiles/Isochores/genomicSuperDups_COzones_0.1/windows.txt --workspace=analysis/20220621_LocationPatterns/GATfiles/Workspace/workspace_femBherer.bed --num-samples=100 --log=analysis/20220621_LocationPatterns/GATresults/AllIsochores0.1/log/HFno501invs_femBherer.log --stdout=analysis/20220621_LocationPatterns/GATresults/AllIsochores0.1/tsv/HFno501invs_femBherer.tsv
# job started at Tue Jun 21 09:15:10 2022 on rgomez-pc -- 026c51a4-5f97-4623-8335-cc71d34e8e30
# pid: 14869, system: Linux 5.3.0-7648-generic #41~1586790036~18.04~600aeb5-Ubuntu SMP Mon Apr 13 17:47:15 UTC  x86_64
# annotation_files                        : ['analysis/20220621_LocationPatterns/GATfiles/Annotations/genomicSuperDups_coords_normal.bed']
# annotations_label                       : None
# annotations_to_points                   : None
# bucket_size                             : 0
# cache                                   : None
# conditional                             : unconditional
# conditional_expansion                   : None
# conditional_extension                   : None
# counters                                : []
# enable_split_tracks                     : False
# ignore_segment_tracks                   : True
# input_filename_counts                   : None
# input_filename_descriptions             : None
# input_filename_results                  : None
# isochore_files                          : ['analysis/20220621_LocationPatterns/GATfiles/Isochores/genomicSuperDups_COzones_0.1/windows.txt']
# loglevel                                : 1
# nbuckets                                : 100000
# null                                    : default
# num_samples                             : 100
# num_threads                             : 0
# output_bed                              : []
# output_counts_pattern                   : analysis/20220621_LocationPatterns/GATresults/AllIsochores0.1/counts/HFno501invs_femBherer_%s.tsv.gz
# output_filename_pattern                 : %s
# output_force                            : False
# output_order                            : fold
# output_plots_pattern                    : None
# output_samples_pattern                  : None
# output_stats                            : []
# output_tables_pattern                   : %s.tsv.gz
# overlapping_annotations                 : False
# pseudo_count                            : 1.0
# pvalue_method                           : empirical
# qvalue_lambda                           : None
# qvalue_method                           : BH
# qvalue_pi0_method                       : smoother
# random_seed                             : None
# restrict_workspace                      : False
# sample_files                            : []
# sampler                                 : annotator
# segment_files                           : ['analysis/20220621_LocationPatterns/GATfiles/Segments/HFno501invs.bed']
# shift_expansion                         : 2.0
# shift_extension                         : 0
# short_help                              : None
# stderr                                  : <_io.TextIOWrapper name='<stderr>' mode='w' encoding='utf-8'>
# stdin                                   : <_io.TextIOWrapper name='<stdin>' mode='r' encoding='utf-8'>
# stdlog                                  : <_io.TextIOWrapper name='analysis/20220621_LocationPatterns/GATresults/AllIsochores0.1/log/HFno501invs_femBherer.log' mode='a' encoding='UTF-8'>
# stdout                                  : <_io.TextIOWrapper name='analysis/20220621_LocationPatterns/GATresults/AllIsochores0.1/tsv/HFno501invs_femBherer.tsv' mode='w' encoding='UTF-8'>
# timeit_file                             : None
# timeit_header                           : None
# timeit_name                             : all
# truncate_segments_to_workspace          : False
# truncate_workspace_to_annotations       : False
# workspace_files                         : ['analysis/20220621_LocationPatterns/GATfiles/Workspace/workspace_femBherer.bed']
2022-06-21 09:15:10,544 INFO segments: reading tracks from 1 files
2022-06-21 09:15:10,544 INFO segments: read 1 tracks from 1 files
2022-06-21 09:15:10,544 INFO annotations: reading tracks from 1 files
# output generated by /home/rgomez/anaconda3/bin/gat-run.py --segments=analysis/20220621_LocationPatterns/GATfiles/Segments/HFno501invs.bed --annotations=analysis/20220621_LocationPatterns/GATfiles/Annotations/genomicSuperDups_coords_normal.bed --output-counts-pattern=analysis/20220621_LocationPatterns/GATresults/AllIsochores0.1/counts/HFno501invs_femBherer_%s.tsv.gz --isochores=analysis/20220621_LocationPatterns/GATfiles/Isochores/genomicSuperDups_COzones_0.1/windows.txt --workspace=analysis/20220621_LocationPatterns/GATfiles/Workspace/workspace_femBherer.bed --num-samples=100 --log=analysis/20220621_LocationPatterns/GATresults/AllIsochores0.1/log/HFno501invs_femBherer.log --stdout=analysis/20220621_LocationPatterns/GATresults/AllIsochores0.1/tsv/HFno501invs_femBherer.tsv
# job started at Tue Jun 21 09:17:39 2022 on rgomez-pc -- 432186bf-ebb9-421e-a040-90890b113404
# pid: 15131, system: Linux 5.3.0-7648-generic #41~1586790036~18.04~600aeb5-Ubuntu SMP Mon Apr 13 17:47:15 UTC  x86_64
# annotation_files                        : ['analysis/20220621_LocationPatterns/GATfiles/Annotations/genomicSuperDups_coords_normal.bed']
# annotations_label                       : None
# annotations_to_points                   : None
# bucket_size                             : 0
# cache                                   : None
# conditional                             : unconditional
# conditional_expansion                   : None
# conditional_extension                   : None
# counters                                : []
# enable_split_tracks                     : False
# ignore_segment_tracks                   : True
# input_filename_counts                   : None
# input_filename_descriptions             : None
# input_filename_results                  : None
# isochore_files                          : ['analysis/20220621_LocationPatterns/GATfiles/Isochores/genomicSuperDups_COzones_0.1/windows.txt']
# loglevel                                : 1
# nbuckets                                : 100000
# null                                    : default
# num_samples                             : 100
# num_threads                             : 0
# output_bed                              : []
# output_counts_pattern                   : analysis/20220621_LocationPatterns/GATresults/AllIsochores0.1/counts/HFno501invs_femBherer_%s.tsv.gz
# output_filename_pattern                 : %s
# output_force                            : False
# output_order                            : fold
# output_plots_pattern                    : None
# output_samples_pattern                  : None
# output_stats                            : []
# output_tables_pattern                   : %s.tsv.gz
# overlapping_annotations                 : False
# pseudo_count                            : 1.0
# pvalue_method                           : empirical
# qvalue_lambda                           : None
# qvalue_method                           : BH
# qvalue_pi0_method                       : smoother
# random_seed                             : None
# restrict_workspace                      : False
# sample_files                            : []
# sampler                                 : annotator
# segment_files                           : ['analysis/20220621_LocationPatterns/GATfiles/Segments/HFno501invs.bed']
# shift_expansion                         : 2.0
# shift_extension                         : 0
# short_help                              : None
# stderr                                  : <_io.TextIOWrapper name='<stderr>' mode='w' encoding='utf-8'>
# stdin                                   : <_io.TextIOWrapper name='<stdin>' mode='r' encoding='utf-8'>
# stdlog                                  : <_io.TextIOWrapper name='analysis/20220621_LocationPatterns/GATresults/AllIsochores0.1/log/HFno501invs_femBherer.log' mode='a' encoding='UTF-8'>
# stdout                                  : <_io.TextIOWrapper name='analysis/20220621_LocationPatterns/GATresults/AllIsochores0.1/tsv/HFno501invs_femBherer.tsv' mode='w' encoding='UTF-8'>
# timeit_file                             : None
# timeit_header                           : None
# timeit_name                             : all
# truncate_segments_to_workspace          : False
# truncate_workspace_to_annotations       : False
# workspace_files                         : ['analysis/20220621_LocationPatterns/GATfiles/Workspace/workspace_femBherer.bed']
2022-06-21 09:17:39,703 INFO segments: reading tracks from 1 files
2022-06-21 09:17:39,703 INFO segments: read 1 tracks from 1 files
2022-06-21 09:17:39,703 INFO annotations: reading tracks from 1 files
2022-06-21 09:17:39,822 INFO annotations: read 1 tracks from 1 files
2022-06-21 09:17:39,826 INFO workspaces: reading tracks from 1 files
2022-06-21 09:17:39,826 INFO workspaces: read 1 tracks from 1 files
2022-06-21 09:17:39,826 INFO collapsing workspaces
2022-06-21 09:17:39,826 INFO isochores: reading isochores from 1 files
2022-06-21 09:17:39,827 INFO intervals loaded in 0 seconds
2022-06-21 09:17:39,827 INFO adding isochores to workspace
2022-06-21 09:17:39,827 INFO collecting observed counts
2022-06-21 09:17:39,827 INFO starting sampling
2022-06-21 09:17:39,827 INFO sampling: merged: 1/1
2022-06-21 09:17:39,827 INFO performing unconditional sampling
2022-06-21 09:17:39,828 INFO workspace without conditioning: 92 segments, 2826410475 nucleotides
2022-06-21 09:17:39,828 INFO workspace after conditioning: 92 segments, 2826410475 nucleotides
2022-06-21 09:17:39,828 INFO sampling started
2022-06-21 09:17:39,833 INFO 0/100 done ( 0.00)
2022-06-21 09:17:40,328 INFO sampling completed
2022-06-21 09:17:40,328 INFO sampling finished
2022-06-21 09:17:40,328 INFO computing PValue statistics
2022-06-21 09:17:40,329 INFO writing counts to analysis/20220621_LocationPatterns/GATresults/AllIsochores0.1/counts/HFno501invs_femBherer_nucleotide-overlap.tsv.gz
2022-06-21 09:17:40,329 INFO computing FDR statistics
# job finished in 0 seconds at Tue Jun 21 09:17:40 2022 --  1.37  0.04  0.00  0.00 -- 432186bf-ebb9-421e-a040-90890b113404
