# output generated by /home/rgomez/anaconda3/bin/gat-run.py --segments=analysis/20220621_LocationPatterns/GATfiles/Segments/LFNAHRinvs.bed --annotations=analysis/20220621_LocationPatterns/GATfiles/Annotations/genomicSuperDups_coords.bed --output-counts-pattern=analysis/20220621_LocationPatterns/GATresults/AllIsochores0.1/counts/LFNAHRinvs_avgBherer_%s.tsv.gz --isochores=analysis/20220621_LocationPatterns/GATfiles/Isochores/genomicSuperDups_COzones_0.1/windows.txt --workspace=analysis/20220621_LocationPatterns/GATfiles/Workspace/workspace_avgBherer.bed --num-samples=100 --log=analysis/20220621_LocationPatterns/GATresults/AllIsochores0.1/log/LFNAHRinvs_avgBherer.log --stdout=analysis/20220621_LocationPatterns/GATresults/AllIsochores0.1/tsv/LFNAHRinvs_avgBherer.tsv
# job started at Tue Jun 21 09:04:50 2022 on rgomez-pc -- 91082ccc-3a8b-4aed-bcc0-0395b5fa5f77
# pid: 13391, system: Linux 5.3.0-7648-generic #41~1586790036~18.04~600aeb5-Ubuntu SMP Mon Apr 13 17:47:15 UTC  x86_64
# annotation_files                        : ['analysis/20220621_LocationPatterns/GATfiles/Annotations/genomicSuperDups_coords.bed']
# annotations_label                       : None
# annotations_to_points                   : None
# bucket_size                             : 0
# cache                                   : None
# conditional                             : unconditional
# conditional_expansion                   : None
# conditional_extension                   : None
# counters                                : []
# enable_split_tracks                     : False
# ignore_segment_tracks                   : True
# input_filename_counts                   : None
# input_filename_descriptions             : None
# input_filename_results                  : None
# isochore_files                          : ['analysis/20220621_LocationPatterns/GATfiles/Isochores/genomicSuperDups_COzones_0.1/windows.txt']
# loglevel                                : 1
# nbuckets                                : 100000
# null                                    : default
# num_samples                             : 100
# num_threads                             : 0
# output_bed                              : []
# output_counts_pattern                   : analysis/20220621_LocationPatterns/GATresults/AllIsochores0.1/counts/LFNAHRinvs_avgBherer_%s.tsv.gz
# output_filename_pattern                 : %s
# output_force                            : False
# output_order                            : fold
# output_plots_pattern                    : None
# output_samples_pattern                  : None
# output_stats                            : []
# output_tables_pattern                   : %s.tsv.gz
# overlapping_annotations                 : False
# pseudo_count                            : 1.0
# pvalue_method                           : empirical
# qvalue_lambda                           : None
# qvalue_method                           : BH
# qvalue_pi0_method                       : smoother
# random_seed                             : None
# restrict_workspace                      : False
# sample_files                            : []
# sampler                                 : annotator
# segment_files                           : ['analysis/20220621_LocationPatterns/GATfiles/Segments/LFNAHRinvs.bed']
# shift_expansion                         : 2.0
# shift_extension                         : 0
# short_help                              : None
# stderr                                  : <_io.TextIOWrapper name='<stderr>' mode='w' encoding='utf-8'>
# stdin                                   : <_io.TextIOWrapper name='<stdin>' mode='r' encoding='utf-8'>
# stdlog                                  : <_io.TextIOWrapper name='analysis/20220621_LocationPatterns/GATresults/AllIsochores0.1/log/LFNAHRinvs_avgBherer.log' mode='a' encoding='UTF-8'>
# stdout                                  : <_io.TextIOWrapper name='analysis/20220621_LocationPatterns/GATresults/AllIsochores0.1/tsv/LFNAHRinvs_avgBherer.tsv' mode='w' encoding='UTF-8'>
# timeit_file                             : None
# timeit_header                           : None
# timeit_name                             : all
# truncate_segments_to_workspace          : False
# truncate_workspace_to_annotations       : False
# workspace_files                         : ['analysis/20220621_LocationPatterns/GATfiles/Workspace/workspace_avgBherer.bed']
2022-06-21 09:04:50,359 INFO segments: reading tracks from 1 files
2022-06-21 09:04:50,359 INFO segments: read 1 tracks from 1 files
2022-06-21 09:04:50,359 INFO annotations: reading tracks from 1 files
2022-06-21 09:04:50,491 INFO annotations: read 1 tracks from 1 files
2022-06-21 09:04:50,495 INFO workspaces: reading tracks from 1 files
2022-06-21 09:04:50,495 INFO workspaces: read 1 tracks from 1 files
2022-06-21 09:04:50,495 INFO collapsing workspaces
2022-06-21 09:04:50,495 INFO isochores: reading isochores from 1 files
2022-06-21 09:04:50,496 INFO intervals loaded in 0 seconds
2022-06-21 09:04:50,496 INFO adding isochores to workspace
2022-06-21 09:04:50,496 INFO collecting observed counts
2022-06-21 09:04:50,496 INFO starting sampling
2022-06-21 09:04:50,496 INFO sampling: merged: 1/1
2022-06-21 09:04:50,496 INFO performing unconditional sampling
2022-06-21 09:04:50,497 INFO workspace without conditioning: 88 segments, 2678195140 nucleotides
2022-06-21 09:04:50,497 INFO workspace after conditioning: 88 segments, 2678195140 nucleotides
2022-06-21 09:04:50,497 INFO sampling started
2022-06-21 09:04:50,500 INFO 0/100 done ( 0.00)
2022-06-21 09:04:50,722 INFO sampling completed
2022-06-21 09:04:50,722 INFO sampling finished
2022-06-21 09:04:50,722 INFO computing PValue statistics
2022-06-21 09:04:50,723 INFO writing counts to analysis/20220621_LocationPatterns/GATresults/AllIsochores0.1/counts/LFNAHRinvs_avgBherer_nucleotide-overlap.tsv.gz
2022-06-21 09:04:50,723 INFO computing FDR statistics
# job finished in 0 seconds at Tue Jun 21 09:04:50 2022 --  1.12  0.03  0.00  0.00 -- 91082ccc-3a8b-4aed-bcc0-0395b5fa5f77
# output generated by /home/rgomez/anaconda3/bin/gat-run.py --segments=analysis/20220621_LocationPatterns/GATfiles/Segments/LFNAHRinvs.bed --annotations=analysis/20220621_LocationPatterns/GATfiles/Annotations/genomicSuperDups_coords_normal.bed --output-counts-pattern=analysis/20220621_LocationPatterns/GATresults/AllIsochores0.1/counts/LFNAHRinvs_avgBherer_%s.tsv.gz --isochores=analysis/20220621_LocationPatterns/GATfiles/Isochores/genomicSuperDups_COzones_0.1/windows.txt --workspace=analysis/20220621_LocationPatterns/GATfiles/Workspace/workspace_avgBherer.bed --num-samples=100 --log=analysis/20220621_LocationPatterns/GATresults/AllIsochores0.1/log/LFNAHRinvs_avgBherer.log --stdout=analysis/20220621_LocationPatterns/GATresults/AllIsochores0.1/tsv/LFNAHRinvs_avgBherer.tsv
# job started at Tue Jun 21 09:13:39 2022 on rgomez-pc -- 79c66248-4bea-4541-adbb-53c5a588030d
# pid: 14567, system: Linux 5.3.0-7648-generic #41~1586790036~18.04~600aeb5-Ubuntu SMP Mon Apr 13 17:47:15 UTC  x86_64
# annotation_files                        : ['analysis/20220621_LocationPatterns/GATfiles/Annotations/genomicSuperDups_coords_normal.bed']
# annotations_label                       : None
# annotations_to_points                   : None
# bucket_size                             : 0
# cache                                   : None
# conditional                             : unconditional
# conditional_expansion                   : None
# conditional_extension                   : None
# counters                                : []
# enable_split_tracks                     : False
# ignore_segment_tracks                   : True
# input_filename_counts                   : None
# input_filename_descriptions             : None
# input_filename_results                  : None
# isochore_files                          : ['analysis/20220621_LocationPatterns/GATfiles/Isochores/genomicSuperDups_COzones_0.1/windows.txt']
# loglevel                                : 1
# nbuckets                                : 100000
# null                                    : default
# num_samples                             : 100
# num_threads                             : 0
# output_bed                              : []
# output_counts_pattern                   : analysis/20220621_LocationPatterns/GATresults/AllIsochores0.1/counts/LFNAHRinvs_avgBherer_%s.tsv.gz
# output_filename_pattern                 : %s
# output_force                            : False
# output_order                            : fold
# output_plots_pattern                    : None
# output_samples_pattern                  : None
# output_stats                            : []
# output_tables_pattern                   : %s.tsv.gz
# overlapping_annotations                 : False
# pseudo_count                            : 1.0
# pvalue_method                           : empirical
# qvalue_lambda                           : None
# qvalue_method                           : BH
# qvalue_pi0_method                       : smoother
# random_seed                             : None
# restrict_workspace                      : False
# sample_files                            : []
# sampler                                 : annotator
# segment_files                           : ['analysis/20220621_LocationPatterns/GATfiles/Segments/LFNAHRinvs.bed']
# shift_expansion                         : 2.0
# shift_extension                         : 0
# short_help                              : None
# stderr                                  : <_io.TextIOWrapper name='<stderr>' mode='w' encoding='utf-8'>
# stdin                                   : <_io.TextIOWrapper name='<stdin>' mode='r' encoding='utf-8'>
# stdlog                                  : <_io.TextIOWrapper name='analysis/20220621_LocationPatterns/GATresults/AllIsochores0.1/log/LFNAHRinvs_avgBherer.log' mode='a' encoding='UTF-8'>
# stdout                                  : <_io.TextIOWrapper name='analysis/20220621_LocationPatterns/GATresults/AllIsochores0.1/tsv/LFNAHRinvs_avgBherer.tsv' mode='w' encoding='UTF-8'>
# timeit_file                             : None
# timeit_header                           : None
# timeit_name                             : all
# truncate_segments_to_workspace          : False
# truncate_workspace_to_annotations       : False
# workspace_files                         : ['analysis/20220621_LocationPatterns/GATfiles/Workspace/workspace_avgBherer.bed']
2022-06-21 09:13:39,838 INFO segments: reading tracks from 1 files
2022-06-21 09:13:39,838 INFO segments: read 1 tracks from 1 files
2022-06-21 09:13:39,838 INFO annotations: reading tracks from 1 files
2022-06-21 09:13:39,838 INFO annotations: read 0 tracks from 1 files
2022-06-21 09:13:39,838 INFO workspaces: reading tracks from 1 files
2022-06-21 09:13:39,838 INFO workspaces: read 1 tracks from 1 files
2022-06-21 09:13:39,838 INFO collapsing workspaces
2022-06-21 09:13:39,839 INFO isochores: reading isochores from 1 files
2022-06-21 09:13:39,839 INFO intervals loaded in 0 seconds
2022-06-21 09:13:39,839 INFO adding isochores to workspace
# output generated by /home/rgomez/anaconda3/bin/gat-run.py --segments=analysis/20220621_LocationPatterns/GATfiles/Segments/LFNAHRinvs.bed --annotations=analysis/20220621_LocationPatterns/GATfiles/Annotations/genomicSuperDups_coords_normal.bed --output-counts-pattern=analysis/20220621_LocationPatterns/GATresults/AllIsochores0.1/counts/LFNAHRinvs_avgBherer_%s.tsv.gz --isochores=analysis/20220621_LocationPatterns/GATfiles/Isochores/genomicSuperDups_COzones_0.1/windows.txt --workspace=analysis/20220621_LocationPatterns/GATfiles/Workspace/workspace_avgBherer.bed --num-samples=100 --log=analysis/20220621_LocationPatterns/GATresults/AllIsochores0.1/log/LFNAHRinvs_avgBherer.log --stdout=analysis/20220621_LocationPatterns/GATresults/AllIsochores0.1/tsv/LFNAHRinvs_avgBherer.tsv
# job started at Tue Jun 21 09:15:18 2022 on rgomez-pc -- fc0de42a-374b-493d-95de-a18ae55865f5
# pid: 14933, system: Linux 5.3.0-7648-generic #41~1586790036~18.04~600aeb5-Ubuntu SMP Mon Apr 13 17:47:15 UTC  x86_64
# annotation_files                        : ['analysis/20220621_LocationPatterns/GATfiles/Annotations/genomicSuperDups_coords_normal.bed']
# annotations_label                       : None
# annotations_to_points                   : None
# bucket_size                             : 0
# cache                                   : None
# conditional                             : unconditional
# conditional_expansion                   : None
# conditional_extension                   : None
# counters                                : []
# enable_split_tracks                     : False
# ignore_segment_tracks                   : True
# input_filename_counts                   : None
# input_filename_descriptions             : None
# input_filename_results                  : None
# isochore_files                          : ['analysis/20220621_LocationPatterns/GATfiles/Isochores/genomicSuperDups_COzones_0.1/windows.txt']
# loglevel                                : 1
# nbuckets                                : 100000
# null                                    : default
# num_samples                             : 100
# num_threads                             : 0
# output_bed                              : []
# output_counts_pattern                   : analysis/20220621_LocationPatterns/GATresults/AllIsochores0.1/counts/LFNAHRinvs_avgBherer_%s.tsv.gz
# output_filename_pattern                 : %s
# output_force                            : False
# output_order                            : fold
# output_plots_pattern                    : None
# output_samples_pattern                  : None
# output_stats                            : []
# output_tables_pattern                   : %s.tsv.gz
# overlapping_annotations                 : False
# pseudo_count                            : 1.0
# pvalue_method                           : empirical
# qvalue_lambda                           : None
# qvalue_method                           : BH
# qvalue_pi0_method                       : smoother
# random_seed                             : None
# restrict_workspace                      : False
# sample_files                            : []
# sampler                                 : annotator
# segment_files                           : ['analysis/20220621_LocationPatterns/GATfiles/Segments/LFNAHRinvs.bed']
# shift_expansion                         : 2.0
# shift_extension                         : 0
# short_help                              : None
# stderr                                  : <_io.TextIOWrapper name='<stderr>' mode='w' encoding='utf-8'>
# stdin                                   : <_io.TextIOWrapper name='<stdin>' mode='r' encoding='utf-8'>
# stdlog                                  : <_io.TextIOWrapper name='analysis/20220621_LocationPatterns/GATresults/AllIsochores0.1/log/LFNAHRinvs_avgBherer.log' mode='a' encoding='UTF-8'>
# stdout                                  : <_io.TextIOWrapper name='analysis/20220621_LocationPatterns/GATresults/AllIsochores0.1/tsv/LFNAHRinvs_avgBherer.tsv' mode='w' encoding='UTF-8'>
# timeit_file                             : None
# timeit_header                           : None
# timeit_name                             : all
# truncate_segments_to_workspace          : False
# truncate_workspace_to_annotations       : False
# workspace_files                         : ['analysis/20220621_LocationPatterns/GATfiles/Workspace/workspace_avgBherer.bed']
2022-06-21 09:15:18,775 INFO segments: reading tracks from 1 files
2022-06-21 09:15:18,775 INFO segments: read 1 tracks from 1 files
2022-06-21 09:15:18,775 INFO annotations: reading tracks from 1 files
# output generated by /home/rgomez/anaconda3/bin/gat-run.py --segments=analysis/20220621_LocationPatterns/GATfiles/Segments/LFNAHRinvs.bed --annotations=analysis/20220621_LocationPatterns/GATfiles/Annotations/genomicSuperDups_coords_normal.bed --output-counts-pattern=analysis/20220621_LocationPatterns/GATresults/AllIsochores0.1/counts/LFNAHRinvs_avgBherer_%s.tsv.gz --isochores=analysis/20220621_LocationPatterns/GATfiles/Isochores/genomicSuperDups_COzones_0.1/windows.txt --workspace=analysis/20220621_LocationPatterns/GATfiles/Workspace/workspace_avgBherer.bed --num-samples=100 --log=analysis/20220621_LocationPatterns/GATresults/AllIsochores0.1/log/LFNAHRinvs_avgBherer.log --stdout=analysis/20220621_LocationPatterns/GATresults/AllIsochores0.1/tsv/LFNAHRinvs_avgBherer.tsv
# job started at Tue Jun 21 09:17:52 2022 on rgomez-pc -- 8e764cd4-9982-4ade-a70e-4733a290fd83
# pid: 15168, system: Linux 5.3.0-7648-generic #41~1586790036~18.04~600aeb5-Ubuntu SMP Mon Apr 13 17:47:15 UTC  x86_64
# annotation_files                        : ['analysis/20220621_LocationPatterns/GATfiles/Annotations/genomicSuperDups_coords_normal.bed']
# annotations_label                       : None
# annotations_to_points                   : None
# bucket_size                             : 0
# cache                                   : None
# conditional                             : unconditional
# conditional_expansion                   : None
# conditional_extension                   : None
# counters                                : []
# enable_split_tracks                     : False
# ignore_segment_tracks                   : True
# input_filename_counts                   : None
# input_filename_descriptions             : None
# input_filename_results                  : None
# isochore_files                          : ['analysis/20220621_LocationPatterns/GATfiles/Isochores/genomicSuperDups_COzones_0.1/windows.txt']
# loglevel                                : 1
# nbuckets                                : 100000
# null                                    : default
# num_samples                             : 100
# num_threads                             : 0
# output_bed                              : []
# output_counts_pattern                   : analysis/20220621_LocationPatterns/GATresults/AllIsochores0.1/counts/LFNAHRinvs_avgBherer_%s.tsv.gz
# output_filename_pattern                 : %s
# output_force                            : False
# output_order                            : fold
# output_plots_pattern                    : None
# output_samples_pattern                  : None
# output_stats                            : []
# output_tables_pattern                   : %s.tsv.gz
# overlapping_annotations                 : False
# pseudo_count                            : 1.0
# pvalue_method                           : empirical
# qvalue_lambda                           : None
# qvalue_method                           : BH
# qvalue_pi0_method                       : smoother
# random_seed                             : None
# restrict_workspace                      : False
# sample_files                            : []
# sampler                                 : annotator
# segment_files                           : ['analysis/20220621_LocationPatterns/GATfiles/Segments/LFNAHRinvs.bed']
# shift_expansion                         : 2.0
# shift_extension                         : 0
# short_help                              : None
# stderr                                  : <_io.TextIOWrapper name='<stderr>' mode='w' encoding='utf-8'>
# stdin                                   : <_io.TextIOWrapper name='<stdin>' mode='r' encoding='utf-8'>
# stdlog                                  : <_io.TextIOWrapper name='analysis/20220621_LocationPatterns/GATresults/AllIsochores0.1/log/LFNAHRinvs_avgBherer.log' mode='a' encoding='UTF-8'>
# stdout                                  : <_io.TextIOWrapper name='analysis/20220621_LocationPatterns/GATresults/AllIsochores0.1/tsv/LFNAHRinvs_avgBherer.tsv' mode='w' encoding='UTF-8'>
# timeit_file                             : None
# timeit_header                           : None
# timeit_name                             : all
# truncate_segments_to_workspace          : False
# truncate_workspace_to_annotations       : False
# workspace_files                         : ['analysis/20220621_LocationPatterns/GATfiles/Workspace/workspace_avgBherer.bed']
2022-06-21 09:17:52,368 INFO segments: reading tracks from 1 files
2022-06-21 09:17:52,368 INFO segments: read 1 tracks from 1 files
2022-06-21 09:17:52,368 INFO annotations: reading tracks from 1 files
2022-06-21 09:17:52,505 INFO annotations: read 1 tracks from 1 files
2022-06-21 09:17:52,509 INFO workspaces: reading tracks from 1 files
2022-06-21 09:17:52,510 INFO workspaces: read 1 tracks from 1 files
2022-06-21 09:17:52,510 INFO collapsing workspaces
2022-06-21 09:17:52,510 INFO isochores: reading isochores from 1 files
2022-06-21 09:17:52,510 INFO intervals loaded in 0 seconds
2022-06-21 09:17:52,510 INFO adding isochores to workspace
2022-06-21 09:17:52,511 INFO collecting observed counts
2022-06-21 09:17:52,511 INFO starting sampling
2022-06-21 09:17:52,511 INFO sampling: merged: 1/1
2022-06-21 09:17:52,511 INFO performing unconditional sampling
2022-06-21 09:17:52,511 INFO workspace without conditioning: 88 segments, 2678195140 nucleotides
2022-06-21 09:17:52,511 INFO workspace after conditioning: 88 segments, 2678195140 nucleotides
2022-06-21 09:17:52,511 INFO sampling started
2022-06-21 09:17:52,514 INFO 0/100 done ( 0.00)
2022-06-21 09:17:52,747 INFO sampling completed
2022-06-21 09:17:52,747 INFO sampling finished
2022-06-21 09:17:52,747 INFO computing PValue statistics
2022-06-21 09:17:52,748 INFO writing counts to analysis/20220621_LocationPatterns/GATresults/AllIsochores0.1/counts/LFNAHRinvs_avgBherer_nucleotide-overlap.tsv.gz
2022-06-21 09:17:52,748 INFO computing FDR statistics
# job finished in 0 seconds at Tue Jun 21 09:17:52 2022 --  1.14  0.04  0.00  0.00 -- 8e764cd4-9982-4ade-a70e-4733a290fd83
