# output generated by /home/rgomez/anaconda3/bin/gat-run.py --segments=analysis/20220621_LocationPatterns/GATfiles/Segments/LFNHinvs.bed --annotations=analysis/20220621_LocationPatterns/GATfiles/Annotations/genomicSuperDups_coords.bed --output-counts-pattern=analysis/20220621_LocationPatterns/GATresults/AllIsochores0.1/counts/LFNHinvs_avgBherer_%s.tsv.gz --isochores=analysis/20220621_LocationPatterns/GATfiles/Isochores/genomicSuperDups_COzones_0.1/windows.txt --workspace=analysis/20220621_LocationPatterns/GATfiles/Workspace/workspace_avgBherer.bed --num-samples=100 --log=analysis/20220621_LocationPatterns/GATresults/AllIsochores0.1/log/LFNHinvs_avgBherer.log --stdout=analysis/20220621_LocationPatterns/GATresults/AllIsochores0.1/tsv/LFNHinvs_avgBherer.tsv
# job started at Tue Jun 21 09:04:54 2022 on rgomez-pc -- b3a5bd82-8682-46a1-b42e-2aff5995d9e9
# pid: 13406, system: Linux 5.3.0-7648-generic #41~1586790036~18.04~600aeb5-Ubuntu SMP Mon Apr 13 17:47:15 UTC  x86_64
# annotation_files                        : ['analysis/20220621_LocationPatterns/GATfiles/Annotations/genomicSuperDups_coords.bed']
# annotations_label                       : None
# annotations_to_points                   : None
# bucket_size                             : 0
# cache                                   : None
# conditional                             : unconditional
# conditional_expansion                   : None
# conditional_extension                   : None
# counters                                : []
# enable_split_tracks                     : False
# ignore_segment_tracks                   : True
# input_filename_counts                   : None
# input_filename_descriptions             : None
# input_filename_results                  : None
# isochore_files                          : ['analysis/20220621_LocationPatterns/GATfiles/Isochores/genomicSuperDups_COzones_0.1/windows.txt']
# loglevel                                : 1
# nbuckets                                : 100000
# null                                    : default
# num_samples                             : 100
# num_threads                             : 0
# output_bed                              : []
# output_counts_pattern                   : analysis/20220621_LocationPatterns/GATresults/AllIsochores0.1/counts/LFNHinvs_avgBherer_%s.tsv.gz
# output_filename_pattern                 : %s
# output_force                            : False
# output_order                            : fold
# output_plots_pattern                    : None
# output_samples_pattern                  : None
# output_stats                            : []
# output_tables_pattern                   : %s.tsv.gz
# overlapping_annotations                 : False
# pseudo_count                            : 1.0
# pvalue_method                           : empirical
# qvalue_lambda                           : None
# qvalue_method                           : BH
# qvalue_pi0_method                       : smoother
# random_seed                             : None
# restrict_workspace                      : False
# sample_files                            : []
# sampler                                 : annotator
# segment_files                           : ['analysis/20220621_LocationPatterns/GATfiles/Segments/LFNHinvs.bed']
# shift_expansion                         : 2.0
# shift_extension                         : 0
# short_help                              : None
# stderr                                  : <_io.TextIOWrapper name='<stderr>' mode='w' encoding='utf-8'>
# stdin                                   : <_io.TextIOWrapper name='<stdin>' mode='r' encoding='utf-8'>
# stdlog                                  : <_io.TextIOWrapper name='analysis/20220621_LocationPatterns/GATresults/AllIsochores0.1/log/LFNHinvs_avgBherer.log' mode='a' encoding='UTF-8'>
# stdout                                  : <_io.TextIOWrapper name='analysis/20220621_LocationPatterns/GATresults/AllIsochores0.1/tsv/LFNHinvs_avgBherer.tsv' mode='w' encoding='UTF-8'>
# timeit_file                             : None
# timeit_header                           : None
# timeit_name                             : all
# truncate_segments_to_workspace          : False
# truncate_workspace_to_annotations       : False
# workspace_files                         : ['analysis/20220621_LocationPatterns/GATfiles/Workspace/workspace_avgBherer.bed']
2022-06-21 09:04:54,206 INFO segments: reading tracks from 1 files
2022-06-21 09:04:54,207 INFO segments: read 1 tracks from 1 files
2022-06-21 09:04:54,207 INFO annotations: reading tracks from 1 files
2022-06-21 09:04:54,333 INFO annotations: read 1 tracks from 1 files
2022-06-21 09:04:54,337 INFO workspaces: reading tracks from 1 files
2022-06-21 09:04:54,337 INFO workspaces: read 1 tracks from 1 files
2022-06-21 09:04:54,337 INFO collapsing workspaces
2022-06-21 09:04:54,337 INFO isochores: reading isochores from 1 files
2022-06-21 09:04:54,337 INFO intervals loaded in 0 seconds
2022-06-21 09:04:54,337 INFO adding isochores to workspace
2022-06-21 09:04:54,338 INFO collecting observed counts
2022-06-21 09:04:54,338 INFO starting sampling
2022-06-21 09:04:54,338 INFO sampling: merged: 1/1
2022-06-21 09:04:54,338 INFO performing unconditional sampling
2022-06-21 09:04:54,338 INFO workspace without conditioning: 88 segments, 2678195140 nucleotides
2022-06-21 09:04:54,338 INFO workspace after conditioning: 88 segments, 2678195140 nucleotides
2022-06-21 09:04:54,338 INFO sampling started
2022-06-21 09:04:54,342 INFO 0/100 done ( 0.00)
2022-06-21 09:04:54,633 INFO sampling completed
2022-06-21 09:04:54,633 INFO sampling finished
2022-06-21 09:04:54,633 INFO computing PValue statistics
2022-06-21 09:04:54,633 INFO writing counts to analysis/20220621_LocationPatterns/GATresults/AllIsochores0.1/counts/LFNHinvs_avgBherer_nucleotide-overlap.tsv.gz
2022-06-21 09:04:54,634 INFO computing FDR statistics
# job finished in 0 seconds at Tue Jun 21 09:04:54 2022 --  1.16  0.05  0.00  0.00 -- b3a5bd82-8682-46a1-b42e-2aff5995d9e9
# output generated by /home/rgomez/anaconda3/bin/gat-run.py --segments=analysis/20220621_LocationPatterns/GATfiles/Segments/LFNHinvs.bed --annotations=analysis/20220621_LocationPatterns/GATfiles/Annotations/genomicSuperDups_coords_normal.bed --output-counts-pattern=analysis/20220621_LocationPatterns/GATresults/AllIsochores0.1/counts/LFNHinvs_avgBherer_%s.tsv.gz --isochores=analysis/20220621_LocationPatterns/GATfiles/Isochores/genomicSuperDups_COzones_0.1/windows.txt --workspace=analysis/20220621_LocationPatterns/GATfiles/Workspace/workspace_avgBherer.bed --num-samples=100 --log=analysis/20220621_LocationPatterns/GATresults/AllIsochores0.1/log/LFNHinvs_avgBherer.log --stdout=analysis/20220621_LocationPatterns/GATresults/AllIsochores0.1/tsv/LFNHinvs_avgBherer.tsv
# job started at Tue Jun 21 09:13:42 2022 on rgomez-pc -- 05cd5811-1d64-45e7-9890-65031e771884
# pid: 14581, system: Linux 5.3.0-7648-generic #41~1586790036~18.04~600aeb5-Ubuntu SMP Mon Apr 13 17:47:15 UTC  x86_64
# annotation_files                        : ['analysis/20220621_LocationPatterns/GATfiles/Annotations/genomicSuperDups_coords_normal.bed']
# annotations_label                       : None
# annotations_to_points                   : None
# bucket_size                             : 0
# cache                                   : None
# conditional                             : unconditional
# conditional_expansion                   : None
# conditional_extension                   : None
# counters                                : []
# enable_split_tracks                     : False
# ignore_segment_tracks                   : True
# input_filename_counts                   : None
# input_filename_descriptions             : None
# input_filename_results                  : None
# isochore_files                          : ['analysis/20220621_LocationPatterns/GATfiles/Isochores/genomicSuperDups_COzones_0.1/windows.txt']
# loglevel                                : 1
# nbuckets                                : 100000
# null                                    : default
# num_samples                             : 100
# num_threads                             : 0
# output_bed                              : []
# output_counts_pattern                   : analysis/20220621_LocationPatterns/GATresults/AllIsochores0.1/counts/LFNHinvs_avgBherer_%s.tsv.gz
# output_filename_pattern                 : %s
# output_force                            : False
# output_order                            : fold
# output_plots_pattern                    : None
# output_samples_pattern                  : None
# output_stats                            : []
# output_tables_pattern                   : %s.tsv.gz
# overlapping_annotations                 : False
# pseudo_count                            : 1.0
# pvalue_method                           : empirical
# qvalue_lambda                           : None
# qvalue_method                           : BH
# qvalue_pi0_method                       : smoother
# random_seed                             : None
# restrict_workspace                      : False
# sample_files                            : []
# sampler                                 : annotator
# segment_files                           : ['analysis/20220621_LocationPatterns/GATfiles/Segments/LFNHinvs.bed']
# shift_expansion                         : 2.0
# shift_extension                         : 0
# short_help                              : None
# stderr                                  : <_io.TextIOWrapper name='<stderr>' mode='w' encoding='utf-8'>
# stdin                                   : <_io.TextIOWrapper name='<stdin>' mode='r' encoding='utf-8'>
# stdlog                                  : <_io.TextIOWrapper name='analysis/20220621_LocationPatterns/GATresults/AllIsochores0.1/log/LFNHinvs_avgBherer.log' mode='a' encoding='UTF-8'>
# stdout                                  : <_io.TextIOWrapper name='analysis/20220621_LocationPatterns/GATresults/AllIsochores0.1/tsv/LFNHinvs_avgBherer.tsv' mode='w' encoding='UTF-8'>
# timeit_file                             : None
# timeit_header                           : None
# timeit_name                             : all
# truncate_segments_to_workspace          : False
# truncate_workspace_to_annotations       : False
# workspace_files                         : ['analysis/20220621_LocationPatterns/GATfiles/Workspace/workspace_avgBherer.bed']
2022-06-21 09:13:42,547 INFO segments: reading tracks from 1 files
2022-06-21 09:13:42,548 INFO segments: read 1 tracks from 1 files
2022-06-21 09:13:42,548 INFO annotations: reading tracks from 1 files
2022-06-21 09:13:42,548 INFO annotations: read 0 tracks from 1 files
2022-06-21 09:13:42,548 INFO workspaces: reading tracks from 1 files
2022-06-21 09:13:42,548 INFO workspaces: read 1 tracks from 1 files
2022-06-21 09:13:42,548 INFO collapsing workspaces
2022-06-21 09:13:42,548 INFO isochores: reading isochores from 1 files
2022-06-21 09:13:42,548 INFO intervals loaded in 0 seconds
2022-06-21 09:13:42,548 INFO adding isochores to workspace
# output generated by /home/rgomez/anaconda3/bin/gat-run.py --segments=analysis/20220621_LocationPatterns/GATfiles/Segments/LFNHinvs.bed --annotations=analysis/20220621_LocationPatterns/GATfiles/Annotations/genomicSuperDups_coords_normal.bed --output-counts-pattern=analysis/20220621_LocationPatterns/GATresults/AllIsochores0.1/counts/LFNHinvs_avgBherer_%s.tsv.gz --isochores=analysis/20220621_LocationPatterns/GATfiles/Isochores/genomicSuperDups_COzones_0.1/windows.txt --workspace=analysis/20220621_LocationPatterns/GATfiles/Workspace/workspace_avgBherer.bed --num-samples=100 --log=analysis/20220621_LocationPatterns/GATresults/AllIsochores0.1/log/LFNHinvs_avgBherer.log --stdout=analysis/20220621_LocationPatterns/GATresults/AllIsochores0.1/tsv/LFNHinvs_avgBherer.tsv
# job started at Tue Jun 21 09:15:21 2022 on rgomez-pc -- b1fcf44e-c884-4ee8-88c9-7500a9d60cab
# pid: 14946, system: Linux 5.3.0-7648-generic #41~1586790036~18.04~600aeb5-Ubuntu SMP Mon Apr 13 17:47:15 UTC  x86_64
# annotation_files                        : ['analysis/20220621_LocationPatterns/GATfiles/Annotations/genomicSuperDups_coords_normal.bed']
# annotations_label                       : None
# annotations_to_points                   : None
# bucket_size                             : 0
# cache                                   : None
# conditional                             : unconditional
# conditional_expansion                   : None
# conditional_extension                   : None
# counters                                : []
# enable_split_tracks                     : False
# ignore_segment_tracks                   : True
# input_filename_counts                   : None
# input_filename_descriptions             : None
# input_filename_results                  : None
# isochore_files                          : ['analysis/20220621_LocationPatterns/GATfiles/Isochores/genomicSuperDups_COzones_0.1/windows.txt']
# loglevel                                : 1
# nbuckets                                : 100000
# null                                    : default
# num_samples                             : 100
# num_threads                             : 0
# output_bed                              : []
# output_counts_pattern                   : analysis/20220621_LocationPatterns/GATresults/AllIsochores0.1/counts/LFNHinvs_avgBherer_%s.tsv.gz
# output_filename_pattern                 : %s
# output_force                            : False
# output_order                            : fold
# output_plots_pattern                    : None
# output_samples_pattern                  : None
# output_stats                            : []
# output_tables_pattern                   : %s.tsv.gz
# overlapping_annotations                 : False
# pseudo_count                            : 1.0
# pvalue_method                           : empirical
# qvalue_lambda                           : None
# qvalue_method                           : BH
# qvalue_pi0_method                       : smoother
# random_seed                             : None
# restrict_workspace                      : False
# sample_files                            : []
# sampler                                 : annotator
# segment_files                           : ['analysis/20220621_LocationPatterns/GATfiles/Segments/LFNHinvs.bed']
# shift_expansion                         : 2.0
# shift_extension                         : 0
# short_help                              : None
# stderr                                  : <_io.TextIOWrapper name='<stderr>' mode='w' encoding='utf-8'>
# stdin                                   : <_io.TextIOWrapper name='<stdin>' mode='r' encoding='utf-8'>
# stdlog                                  : <_io.TextIOWrapper name='analysis/20220621_LocationPatterns/GATresults/AllIsochores0.1/log/LFNHinvs_avgBherer.log' mode='a' encoding='UTF-8'>
# stdout                                  : <_io.TextIOWrapper name='analysis/20220621_LocationPatterns/GATresults/AllIsochores0.1/tsv/LFNHinvs_avgBherer.tsv' mode='w' encoding='UTF-8'>
# timeit_file                             : None
# timeit_header                           : None
# timeit_name                             : all
# truncate_segments_to_workspace          : False
# truncate_workspace_to_annotations       : False
# workspace_files                         : ['analysis/20220621_LocationPatterns/GATfiles/Workspace/workspace_avgBherer.bed']
2022-06-21 09:15:21,885 INFO segments: reading tracks from 1 files
2022-06-21 09:15:21,885 INFO segments: read 1 tracks from 1 files
2022-06-21 09:15:21,885 INFO annotations: reading tracks from 1 files
# output generated by /home/rgomez/anaconda3/bin/gat-run.py --segments=analysis/20220621_LocationPatterns/GATfiles/Segments/LFNHinvs.bed --annotations=analysis/20220621_LocationPatterns/GATfiles/Annotations/genomicSuperDups_coords_normal.bed --output-counts-pattern=analysis/20220621_LocationPatterns/GATresults/AllIsochores0.1/counts/LFNHinvs_avgBherer_%s.tsv.gz --isochores=analysis/20220621_LocationPatterns/GATfiles/Isochores/genomicSuperDups_COzones_0.1/windows.txt --workspace=analysis/20220621_LocationPatterns/GATfiles/Workspace/workspace_avgBherer.bed --num-samples=100 --log=analysis/20220621_LocationPatterns/GATresults/AllIsochores0.1/log/LFNHinvs_avgBherer.log --stdout=analysis/20220621_LocationPatterns/GATresults/AllIsochores0.1/tsv/LFNHinvs_avgBherer.tsv
# job started at Tue Jun 21 09:17:56 2022 on rgomez-pc -- 645be5bb-01d3-476c-9f95-2423078459fc
# pid: 15183, system: Linux 5.3.0-7648-generic #41~1586790036~18.04~600aeb5-Ubuntu SMP Mon Apr 13 17:47:15 UTC  x86_64
# annotation_files                        : ['analysis/20220621_LocationPatterns/GATfiles/Annotations/genomicSuperDups_coords_normal.bed']
# annotations_label                       : None
# annotations_to_points                   : None
# bucket_size                             : 0
# cache                                   : None
# conditional                             : unconditional
# conditional_expansion                   : None
# conditional_extension                   : None
# counters                                : []
# enable_split_tracks                     : False
# ignore_segment_tracks                   : True
# input_filename_counts                   : None
# input_filename_descriptions             : None
# input_filename_results                  : None
# isochore_files                          : ['analysis/20220621_LocationPatterns/GATfiles/Isochores/genomicSuperDups_COzones_0.1/windows.txt']
# loglevel                                : 1
# nbuckets                                : 100000
# null                                    : default
# num_samples                             : 100
# num_threads                             : 0
# output_bed                              : []
# output_counts_pattern                   : analysis/20220621_LocationPatterns/GATresults/AllIsochores0.1/counts/LFNHinvs_avgBherer_%s.tsv.gz
# output_filename_pattern                 : %s
# output_force                            : False
# output_order                            : fold
# output_plots_pattern                    : None
# output_samples_pattern                  : None
# output_stats                            : []
# output_tables_pattern                   : %s.tsv.gz
# overlapping_annotations                 : False
# pseudo_count                            : 1.0
# pvalue_method                           : empirical
# qvalue_lambda                           : None
# qvalue_method                           : BH
# qvalue_pi0_method                       : smoother
# random_seed                             : None
# restrict_workspace                      : False
# sample_files                            : []
# sampler                                 : annotator
# segment_files                           : ['analysis/20220621_LocationPatterns/GATfiles/Segments/LFNHinvs.bed']
# shift_expansion                         : 2.0
# shift_extension                         : 0
# short_help                              : None
# stderr                                  : <_io.TextIOWrapper name='<stderr>' mode='w' encoding='utf-8'>
# stdin                                   : <_io.TextIOWrapper name='<stdin>' mode='r' encoding='utf-8'>
# stdlog                                  : <_io.TextIOWrapper name='analysis/20220621_LocationPatterns/GATresults/AllIsochores0.1/log/LFNHinvs_avgBherer.log' mode='a' encoding='UTF-8'>
# stdout                                  : <_io.TextIOWrapper name='analysis/20220621_LocationPatterns/GATresults/AllIsochores0.1/tsv/LFNHinvs_avgBherer.tsv' mode='w' encoding='UTF-8'>
# timeit_file                             : None
# timeit_header                           : None
# timeit_name                             : all
# truncate_segments_to_workspace          : False
# truncate_workspace_to_annotations       : False
# workspace_files                         : ['analysis/20220621_LocationPatterns/GATfiles/Workspace/workspace_avgBherer.bed']
2022-06-21 09:17:56,276 INFO segments: reading tracks from 1 files
2022-06-21 09:17:56,277 INFO segments: read 1 tracks from 1 files
2022-06-21 09:17:56,277 INFO annotations: reading tracks from 1 files
2022-06-21 09:17:56,423 INFO annotations: read 1 tracks from 1 files
2022-06-21 09:17:56,428 INFO workspaces: reading tracks from 1 files
2022-06-21 09:17:56,428 INFO workspaces: read 1 tracks from 1 files
2022-06-21 09:17:56,428 INFO collapsing workspaces
2022-06-21 09:17:56,428 INFO isochores: reading isochores from 1 files
2022-06-21 09:17:56,428 INFO intervals loaded in 0 seconds
2022-06-21 09:17:56,429 INFO adding isochores to workspace
2022-06-21 09:17:56,429 INFO collecting observed counts
2022-06-21 09:17:56,429 INFO starting sampling
2022-06-21 09:17:56,429 INFO sampling: merged: 1/1
2022-06-21 09:17:56,429 INFO performing unconditional sampling
2022-06-21 09:17:56,429 INFO workspace without conditioning: 88 segments, 2678195140 nucleotides
2022-06-21 09:17:56,429 INFO workspace after conditioning: 88 segments, 2678195140 nucleotides
2022-06-21 09:17:56,429 INFO sampling started
2022-06-21 09:17:56,433 INFO 0/100 done ( 0.00)
2022-06-21 09:17:56,736 INFO sampling completed
2022-06-21 09:17:56,736 INFO sampling finished
2022-06-21 09:17:56,736 INFO computing PValue statistics
2022-06-21 09:17:56,737 INFO writing counts to analysis/20220621_LocationPatterns/GATresults/AllIsochores0.1/counts/LFNHinvs_avgBherer_nucleotide-overlap.tsv.gz
2022-06-21 09:17:56,737 INFO computing FDR statistics
# job finished in 0 seconds at Tue Jun 21 09:17:56 2022 --  1.22  0.03  0.00  0.00 -- 645be5bb-01d3-476c-9f95-2423078459fc
