# output generated by /home/rgomez/anaconda3/bin/gat-run.py --segments=analysis/20220621_LocationPatterns/GATfiles/Segments/NAHRinvs.bed --annotations=analysis/20220621_LocationPatterns/GATfiles/Annotations/genomicSuperDups_coords.bed --output-counts-pattern=analysis/20220621_LocationPatterns/GATresults/AllIsochores0.1/counts/NAHRinvs_CEUSpence_%s.tsv.gz --isochores=analysis/20220621_LocationPatterns/GATfiles/Isochores/genomicSuperDups_COzones_0.1/windows.txt --workspace=analysis/20220621_LocationPatterns/GATfiles/Workspace/workspace_CEUSpence.bed --num-samples=100 --log=analysis/20220621_LocationPatterns/GATresults/AllIsochores0.1/log/NAHRinvs_CEUSpence.log --stdout=analysis/20220621_LocationPatterns/GATresults/AllIsochores0.1/tsv/NAHRinvs_CEUSpence.tsv
# job started at Tue Jun 21 09:04:56 2022 on rgomez-pc -- 6fcae754-496d-4d9b-82a3-abaa52ca8924
# pid: 13417, system: Linux 5.3.0-7648-generic #41~1586790036~18.04~600aeb5-Ubuntu SMP Mon Apr 13 17:47:15 UTC  x86_64
# annotation_files                        : ['analysis/20220621_LocationPatterns/GATfiles/Annotations/genomicSuperDups_coords.bed']
# annotations_label                       : None
# annotations_to_points                   : None
# bucket_size                             : 0
# cache                                   : None
# conditional                             : unconditional
# conditional_expansion                   : None
# conditional_extension                   : None
# counters                                : []
# enable_split_tracks                     : False
# ignore_segment_tracks                   : True
# input_filename_counts                   : None
# input_filename_descriptions             : None
# input_filename_results                  : None
# isochore_files                          : ['analysis/20220621_LocationPatterns/GATfiles/Isochores/genomicSuperDups_COzones_0.1/windows.txt']
# loglevel                                : 1
# nbuckets                                : 100000
# null                                    : default
# num_samples                             : 100
# num_threads                             : 0
# output_bed                              : []
# output_counts_pattern                   : analysis/20220621_LocationPatterns/GATresults/AllIsochores0.1/counts/NAHRinvs_CEUSpence_%s.tsv.gz
# output_filename_pattern                 : %s
# output_force                            : False
# output_order                            : fold
# output_plots_pattern                    : None
# output_samples_pattern                  : None
# output_stats                            : []
# output_tables_pattern                   : %s.tsv.gz
# overlapping_annotations                 : False
# pseudo_count                            : 1.0
# pvalue_method                           : empirical
# qvalue_lambda                           : None
# qvalue_method                           : BH
# qvalue_pi0_method                       : smoother
# random_seed                             : None
# restrict_workspace                      : False
# sample_files                            : []
# sampler                                 : annotator
# segment_files                           : ['analysis/20220621_LocationPatterns/GATfiles/Segments/NAHRinvs.bed']
# shift_expansion                         : 2.0
# shift_extension                         : 0
# short_help                              : None
# stderr                                  : <_io.TextIOWrapper name='<stderr>' mode='w' encoding='utf-8'>
# stdin                                   : <_io.TextIOWrapper name='<stdin>' mode='r' encoding='utf-8'>
# stdlog                                  : <_io.TextIOWrapper name='analysis/20220621_LocationPatterns/GATresults/AllIsochores0.1/log/NAHRinvs_CEUSpence.log' mode='a' encoding='UTF-8'>
# stdout                                  : <_io.TextIOWrapper name='analysis/20220621_LocationPatterns/GATresults/AllIsochores0.1/tsv/NAHRinvs_CEUSpence.tsv' mode='w' encoding='UTF-8'>
# timeit_file                             : None
# timeit_header                           : None
# timeit_name                             : all
# truncate_segments_to_workspace          : False
# truncate_workspace_to_annotations       : False
# workspace_files                         : ['analysis/20220621_LocationPatterns/GATfiles/Workspace/workspace_CEUSpence.bed']
2022-06-21 09:04:56,889 INFO segments: reading tracks from 1 files
2022-06-21 09:04:56,889 INFO segments: read 1 tracks from 1 files
2022-06-21 09:04:56,889 INFO annotations: reading tracks from 1 files
2022-06-21 09:04:57,019 INFO annotations: read 1 tracks from 1 files
2022-06-21 09:04:57,023 INFO workspaces: reading tracks from 1 files
2022-06-21 09:04:57,023 INFO workspaces: read 1 tracks from 1 files
2022-06-21 09:04:57,024 INFO collapsing workspaces
2022-06-21 09:04:57,024 INFO isochores: reading isochores from 1 files
2022-06-21 09:04:57,024 INFO intervals loaded in 0 seconds
2022-06-21 09:04:57,024 INFO adding isochores to workspace
2022-06-21 09:04:57,024 INFO collecting observed counts
2022-06-21 09:04:57,024 INFO starting sampling
2022-06-21 09:04:57,024 INFO sampling: merged: 1/1
2022-06-21 09:04:57,024 INFO performing unconditional sampling
2022-06-21 09:04:57,025 INFO workspace without conditioning: 90 segments, 2698883317 nucleotides
2022-06-21 09:04:57,025 INFO workspace after conditioning: 90 segments, 2698883317 nucleotides
2022-06-21 09:04:57,025 INFO sampling started
2022-06-21 09:04:57,030 INFO 0/100 done ( 0.00)
2022-06-21 09:04:57,468 INFO sampling completed
2022-06-21 09:04:57,468 INFO sampling finished
2022-06-21 09:04:57,468 INFO computing PValue statistics
2022-06-21 09:04:57,469 INFO writing counts to analysis/20220621_LocationPatterns/GATresults/AllIsochores0.1/counts/NAHRinvs_CEUSpence_nucleotide-overlap.tsv.gz
2022-06-21 09:04:57,469 INFO computing FDR statistics
# job finished in 0 seconds at Tue Jun 21 09:04:57 2022 --  1.34  0.03  0.00  0.00 -- 6fcae754-496d-4d9b-82a3-abaa52ca8924
# output generated by /home/rgomez/anaconda3/bin/gat-run.py --segments=analysis/20220621_LocationPatterns/GATfiles/Segments/NAHRinvs.bed --annotations=analysis/20220621_LocationPatterns/GATfiles/Annotations/genomicSuperDups_coords_normal.bed --output-counts-pattern=analysis/20220621_LocationPatterns/GATresults/AllIsochores0.1/counts/NAHRinvs_CEUSpence_%s.tsv.gz --isochores=analysis/20220621_LocationPatterns/GATfiles/Isochores/genomicSuperDups_COzones_0.1/windows.txt --workspace=analysis/20220621_LocationPatterns/GATfiles/Workspace/workspace_CEUSpence.bed --num-samples=100 --log=analysis/20220621_LocationPatterns/GATresults/AllIsochores0.1/log/NAHRinvs_CEUSpence.log --stdout=analysis/20220621_LocationPatterns/GATresults/AllIsochores0.1/tsv/NAHRinvs_CEUSpence.tsv
# job started at Tue Jun 21 09:13:44 2022 on rgomez-pc -- 150aba78-92c2-46c3-b7d5-fe97ff21cf50
# pid: 14595, system: Linux 5.3.0-7648-generic #41~1586790036~18.04~600aeb5-Ubuntu SMP Mon Apr 13 17:47:15 UTC  x86_64
# annotation_files                        : ['analysis/20220621_LocationPatterns/GATfiles/Annotations/genomicSuperDups_coords_normal.bed']
# annotations_label                       : None
# annotations_to_points                   : None
# bucket_size                             : 0
# cache                                   : None
# conditional                             : unconditional
# conditional_expansion                   : None
# conditional_extension                   : None
# counters                                : []
# enable_split_tracks                     : False
# ignore_segment_tracks                   : True
# input_filename_counts                   : None
# input_filename_descriptions             : None
# input_filename_results                  : None
# isochore_files                          : ['analysis/20220621_LocationPatterns/GATfiles/Isochores/genomicSuperDups_COzones_0.1/windows.txt']
# loglevel                                : 1
# nbuckets                                : 100000
# null                                    : default
# num_samples                             : 100
# num_threads                             : 0
# output_bed                              : []
# output_counts_pattern                   : analysis/20220621_LocationPatterns/GATresults/AllIsochores0.1/counts/NAHRinvs_CEUSpence_%s.tsv.gz
# output_filename_pattern                 : %s
# output_force                            : False
# output_order                            : fold
# output_plots_pattern                    : None
# output_samples_pattern                  : None
# output_stats                            : []
# output_tables_pattern                   : %s.tsv.gz
# overlapping_annotations                 : False
# pseudo_count                            : 1.0
# pvalue_method                           : empirical
# qvalue_lambda                           : None
# qvalue_method                           : BH
# qvalue_pi0_method                       : smoother
# random_seed                             : None
# restrict_workspace                      : False
# sample_files                            : []
# sampler                                 : annotator
# segment_files                           : ['analysis/20220621_LocationPatterns/GATfiles/Segments/NAHRinvs.bed']
# shift_expansion                         : 2.0
# shift_extension                         : 0
# short_help                              : None
# stderr                                  : <_io.TextIOWrapper name='<stderr>' mode='w' encoding='utf-8'>
# stdin                                   : <_io.TextIOWrapper name='<stdin>' mode='r' encoding='utf-8'>
# stdlog                                  : <_io.TextIOWrapper name='analysis/20220621_LocationPatterns/GATresults/AllIsochores0.1/log/NAHRinvs_CEUSpence.log' mode='a' encoding='UTF-8'>
# stdout                                  : <_io.TextIOWrapper name='analysis/20220621_LocationPatterns/GATresults/AllIsochores0.1/tsv/NAHRinvs_CEUSpence.tsv' mode='w' encoding='UTF-8'>
# timeit_file                             : None
# timeit_header                           : None
# timeit_name                             : all
# truncate_segments_to_workspace          : False
# truncate_workspace_to_annotations       : False
# workspace_files                         : ['analysis/20220621_LocationPatterns/GATfiles/Workspace/workspace_CEUSpence.bed']
2022-06-21 09:13:44,342 INFO segments: reading tracks from 1 files
2022-06-21 09:13:44,342 INFO segments: read 1 tracks from 1 files
2022-06-21 09:13:44,342 INFO annotations: reading tracks from 1 files
2022-06-21 09:13:44,342 INFO annotations: read 0 tracks from 1 files
2022-06-21 09:13:44,343 INFO workspaces: reading tracks from 1 files
2022-06-21 09:13:44,343 INFO workspaces: read 1 tracks from 1 files
2022-06-21 09:13:44,343 INFO collapsing workspaces
2022-06-21 09:13:44,343 INFO isochores: reading isochores from 1 files
2022-06-21 09:13:44,343 INFO intervals loaded in 0 seconds
2022-06-21 09:13:44,343 INFO adding isochores to workspace
# output generated by /home/rgomez/anaconda3/bin/gat-run.py --segments=analysis/20220621_LocationPatterns/GATfiles/Segments/NAHRinvs.bed --annotations=analysis/20220621_LocationPatterns/GATfiles/Annotations/genomicSuperDups_coords_normal.bed --output-counts-pattern=analysis/20220621_LocationPatterns/GATresults/AllIsochores0.1/counts/NAHRinvs_CEUSpence_%s.tsv.gz --isochores=analysis/20220621_LocationPatterns/GATfiles/Isochores/genomicSuperDups_COzones_0.1/windows.txt --workspace=analysis/20220621_LocationPatterns/GATfiles/Workspace/workspace_CEUSpence.bed --num-samples=100 --log=analysis/20220621_LocationPatterns/GATresults/AllIsochores0.1/log/NAHRinvs_CEUSpence.log --stdout=analysis/20220621_LocationPatterns/GATresults/AllIsochores0.1/tsv/NAHRinvs_CEUSpence.tsv
# job started at Tue Jun 21 09:15:23 2022 on rgomez-pc -- 7f271a1b-d70f-40e3-8467-9d2a59e45538
# pid: 14956, system: Linux 5.3.0-7648-generic #41~1586790036~18.04~600aeb5-Ubuntu SMP Mon Apr 13 17:47:15 UTC  x86_64
# annotation_files                        : ['analysis/20220621_LocationPatterns/GATfiles/Annotations/genomicSuperDups_coords_normal.bed']
# annotations_label                       : None
# annotations_to_points                   : None
# bucket_size                             : 0
# cache                                   : None
# conditional                             : unconditional
# conditional_expansion                   : None
# conditional_extension                   : None
# counters                                : []
# enable_split_tracks                     : False
# ignore_segment_tracks                   : True
# input_filename_counts                   : None
# input_filename_descriptions             : None
# input_filename_results                  : None
# isochore_files                          : ['analysis/20220621_LocationPatterns/GATfiles/Isochores/genomicSuperDups_COzones_0.1/windows.txt']
# loglevel                                : 1
# nbuckets                                : 100000
# null                                    : default
# num_samples                             : 100
# num_threads                             : 0
# output_bed                              : []
# output_counts_pattern                   : analysis/20220621_LocationPatterns/GATresults/AllIsochores0.1/counts/NAHRinvs_CEUSpence_%s.tsv.gz
# output_filename_pattern                 : %s
# output_force                            : False
# output_order                            : fold
# output_plots_pattern                    : None
# output_samples_pattern                  : None
# output_stats                            : []
# output_tables_pattern                   : %s.tsv.gz
# overlapping_annotations                 : False
# pseudo_count                            : 1.0
# pvalue_method                           : empirical
# qvalue_lambda                           : None
# qvalue_method                           : BH
# qvalue_pi0_method                       : smoother
# random_seed                             : None
# restrict_workspace                      : False
# sample_files                            : []
# sampler                                 : annotator
# segment_files                           : ['analysis/20220621_LocationPatterns/GATfiles/Segments/NAHRinvs.bed']
# shift_expansion                         : 2.0
# shift_extension                         : 0
# short_help                              : None
# stderr                                  : <_io.TextIOWrapper name='<stderr>' mode='w' encoding='utf-8'>
# stdin                                   : <_io.TextIOWrapper name='<stdin>' mode='r' encoding='utf-8'>
# stdlog                                  : <_io.TextIOWrapper name='analysis/20220621_LocationPatterns/GATresults/AllIsochores0.1/log/NAHRinvs_CEUSpence.log' mode='a' encoding='UTF-8'>
# stdout                                  : <_io.TextIOWrapper name='analysis/20220621_LocationPatterns/GATresults/AllIsochores0.1/tsv/NAHRinvs_CEUSpence.tsv' mode='w' encoding='UTF-8'>
# timeit_file                             : None
# timeit_header                           : None
# timeit_name                             : all
# truncate_segments_to_workspace          : False
# truncate_workspace_to_annotations       : False
# workspace_files                         : ['analysis/20220621_LocationPatterns/GATfiles/Workspace/workspace_CEUSpence.bed']
2022-06-21 09:15:23,974 INFO segments: reading tracks from 1 files
2022-06-21 09:15:23,975 INFO segments: read 1 tracks from 1 files
2022-06-21 09:15:23,975 INFO annotations: reading tracks from 1 files
# output generated by /home/rgomez/anaconda3/bin/gat-run.py --segments=analysis/20220621_LocationPatterns/GATfiles/Segments/NAHRinvs.bed --annotations=analysis/20220621_LocationPatterns/GATfiles/Annotations/genomicSuperDups_coords_normal.bed --output-counts-pattern=analysis/20220621_LocationPatterns/GATresults/AllIsochores0.1/counts/NAHRinvs_CEUSpence_%s.tsv.gz --isochores=analysis/20220621_LocationPatterns/GATfiles/Isochores/genomicSuperDups_COzones_0.1/windows.txt --workspace=analysis/20220621_LocationPatterns/GATfiles/Workspace/workspace_CEUSpence.bed --num-samples=100 --log=analysis/20220621_LocationPatterns/GATresults/AllIsochores0.1/log/NAHRinvs_CEUSpence.log --stdout=analysis/20220621_LocationPatterns/GATresults/AllIsochores0.1/tsv/NAHRinvs_CEUSpence.tsv
# job started at Tue Jun 21 09:17:58 2022 on rgomez-pc -- 961b4f56-7a40-485c-ab4e-9eec48d4e3ea
# pid: 15195, system: Linux 5.3.0-7648-generic #41~1586790036~18.04~600aeb5-Ubuntu SMP Mon Apr 13 17:47:15 UTC  x86_64
# annotation_files                        : ['analysis/20220621_LocationPatterns/GATfiles/Annotations/genomicSuperDups_coords_normal.bed']
# annotations_label                       : None
# annotations_to_points                   : None
# bucket_size                             : 0
# cache                                   : None
# conditional                             : unconditional
# conditional_expansion                   : None
# conditional_extension                   : None
# counters                                : []
# enable_split_tracks                     : False
# ignore_segment_tracks                   : True
# input_filename_counts                   : None
# input_filename_descriptions             : None
# input_filename_results                  : None
# isochore_files                          : ['analysis/20220621_LocationPatterns/GATfiles/Isochores/genomicSuperDups_COzones_0.1/windows.txt']
# loglevel                                : 1
# nbuckets                                : 100000
# null                                    : default
# num_samples                             : 100
# num_threads                             : 0
# output_bed                              : []
# output_counts_pattern                   : analysis/20220621_LocationPatterns/GATresults/AllIsochores0.1/counts/NAHRinvs_CEUSpence_%s.tsv.gz
# output_filename_pattern                 : %s
# output_force                            : False
# output_order                            : fold
# output_plots_pattern                    : None
# output_samples_pattern                  : None
# output_stats                            : []
# output_tables_pattern                   : %s.tsv.gz
# overlapping_annotations                 : False
# pseudo_count                            : 1.0
# pvalue_method                           : empirical
# qvalue_lambda                           : None
# qvalue_method                           : BH
# qvalue_pi0_method                       : smoother
# random_seed                             : None
# restrict_workspace                      : False
# sample_files                            : []
# sampler                                 : annotator
# segment_files                           : ['analysis/20220621_LocationPatterns/GATfiles/Segments/NAHRinvs.bed']
# shift_expansion                         : 2.0
# shift_extension                         : 0
# short_help                              : None
# stderr                                  : <_io.TextIOWrapper name='<stderr>' mode='w' encoding='utf-8'>
# stdin                                   : <_io.TextIOWrapper name='<stdin>' mode='r' encoding='utf-8'>
# stdlog                                  : <_io.TextIOWrapper name='analysis/20220621_LocationPatterns/GATresults/AllIsochores0.1/log/NAHRinvs_CEUSpence.log' mode='a' encoding='UTF-8'>
# stdout                                  : <_io.TextIOWrapper name='analysis/20220621_LocationPatterns/GATresults/AllIsochores0.1/tsv/NAHRinvs_CEUSpence.tsv' mode='w' encoding='UTF-8'>
# timeit_file                             : None
# timeit_header                           : None
# timeit_name                             : all
# truncate_segments_to_workspace          : False
# truncate_workspace_to_annotations       : False
# workspace_files                         : ['analysis/20220621_LocationPatterns/GATfiles/Workspace/workspace_CEUSpence.bed']
2022-06-21 09:17:58,956 INFO segments: reading tracks from 1 files
2022-06-21 09:17:58,957 INFO segments: read 1 tracks from 1 files
2022-06-21 09:17:58,957 INFO annotations: reading tracks from 1 files
2022-06-21 09:17:59,089 INFO annotations: read 1 tracks from 1 files
2022-06-21 09:17:59,093 INFO workspaces: reading tracks from 1 files
2022-06-21 09:17:59,093 INFO workspaces: read 1 tracks from 1 files
2022-06-21 09:17:59,094 INFO collapsing workspaces
2022-06-21 09:17:59,094 INFO isochores: reading isochores from 1 files
2022-06-21 09:17:59,094 INFO intervals loaded in 0 seconds
2022-06-21 09:17:59,094 INFO adding isochores to workspace
2022-06-21 09:17:59,094 INFO collecting observed counts
2022-06-21 09:17:59,094 INFO starting sampling
2022-06-21 09:17:59,094 INFO sampling: merged: 1/1
2022-06-21 09:17:59,094 INFO performing unconditional sampling
2022-06-21 09:17:59,095 INFO workspace without conditioning: 90 segments, 2698883317 nucleotides
2022-06-21 09:17:59,095 INFO workspace after conditioning: 90 segments, 2698883317 nucleotides
2022-06-21 09:17:59,095 INFO sampling started
2022-06-21 09:17:59,100 INFO 0/100 done ( 0.00)
2022-06-21 09:17:59,542 INFO sampling completed
2022-06-21 09:17:59,542 INFO sampling finished
2022-06-21 09:17:59,542 INFO computing PValue statistics
2022-06-21 09:17:59,542 INFO writing counts to analysis/20220621_LocationPatterns/GATresults/AllIsochores0.1/counts/NAHRinvs_CEUSpence_nucleotide-overlap.tsv.gz
2022-06-21 09:17:59,543 INFO computing FDR statistics
# job finished in 0 seconds at Tue Jun 21 09:17:59 2022 --  1.34  0.03  0.00  0.00 -- 961b4f56-7a40-485c-ab4e-9eec48d4e3ea
