# output generated by /home/rgomez/anaconda3/bin/gat-run.py --segments=analysis/20220622_LocationPatterns/GATfiles/Segments/LFNHinvs.bed --annotations=analysis/20220622_LocationPatterns/GATfiles/Annotations/annotations_avgBherer.bed --workspace=analysis/20220622_LocationPatterns/GATfiles/Workspace/workspace_avgBherer.bed --output-counts-pattern=analysis/20220622_LocationPatterns/GATresults/NHinvs_comparable/counts/LFNHinvs_annotations_avgBherer%s.tsv.gz --num-samples=1000 --log=analysis/20220622_LocationPatterns/GATresults/NHinvs_comparable/log/LFNHinvs_annotations_avgBherer.log --stdout=analysis/20220622_LocationPatterns/GATresults/NHinvs_comparable/tsv/LFNHinvs_annotations_avgBherer.tsv
# job started at Thu Jun 23 13:04:02 2022 on rgomez-pc -- de96a43e-6488-4349-b593-baeaf1f666d5
# pid: 27868, system: Linux 5.3.0-7648-generic #41~1586790036~18.04~600aeb5-Ubuntu SMP Mon Apr 13 17:47:15 UTC  x86_64
# annotation_files                        : ['analysis/20220622_LocationPatterns/GATfiles/Annotations/annotations_avgBherer.bed']
# annotations_label                       : None
# annotations_to_points                   : None
# bucket_size                             : 0
# cache                                   : None
# conditional                             : unconditional
# conditional_expansion                   : None
# conditional_extension                   : None
# counters                                : []
# enable_split_tracks                     : False
# ignore_segment_tracks                   : True
# input_filename_counts                   : None
# input_filename_descriptions             : None
# input_filename_results                  : None
# isochore_files                          : None
# loglevel                                : 1
# nbuckets                                : 100000
# null                                    : default
# num_samples                             : 1000
# num_threads                             : 0
# output_bed                              : []
# output_counts_pattern                   : analysis/20220622_LocationPatterns/GATresults/NHinvs_comparable/counts/LFNHinvs_annotations_avgBherer%s.tsv.gz
# output_filename_pattern                 : %s
# output_force                            : False
# output_order                            : fold
# output_plots_pattern                    : None
# output_samples_pattern                  : None
# output_stats                            : []
# output_tables_pattern                   : %s.tsv.gz
# overlapping_annotations                 : False
# pseudo_count                            : 1.0
# pvalue_method                           : empirical
# qvalue_lambda                           : None
# qvalue_method                           : BH
# qvalue_pi0_method                       : smoother
# random_seed                             : None
# restrict_workspace                      : False
# sample_files                            : []
# sampler                                 : annotator
# segment_files                           : ['analysis/20220622_LocationPatterns/GATfiles/Segments/LFNHinvs.bed']
# shift_expansion                         : 2.0
# shift_extension                         : 0
# short_help                              : None
# stderr                                  : <_io.TextIOWrapper name='<stderr>' mode='w' encoding='utf-8'>
# stdin                                   : <_io.TextIOWrapper name='<stdin>' mode='r' encoding='utf-8'>
# stdlog                                  : <_io.TextIOWrapper name='analysis/20220622_LocationPatterns/GATresults/NHinvs_comparable/log/LFNHinvs_annotations_avgBherer.log' mode='a' encoding='UTF-8'>
# stdout                                  : <_io.TextIOWrapper name='analysis/20220622_LocationPatterns/GATresults/NHinvs_comparable/tsv/LFNHinvs_annotations_avgBherer.tsv' mode='w' encoding='UTF-8'>
# timeit_file                             : None
# timeit_header                           : None
# timeit_name                             : all
# truncate_segments_to_workspace          : False
# truncate_workspace_to_annotations       : False
# workspace_files                         : ['analysis/20220622_LocationPatterns/GATfiles/Workspace/workspace_avgBherer.bed']
2022-06-23 13:04:02,484 INFO segments: reading tracks from 1 files
2022-06-23 13:04:02,485 INFO segments: read 1 tracks from 1 files
2022-06-23 13:04:02,485 INFO annotations: reading tracks from 1 files
2022-06-23 13:04:02,782 INFO annotations: read 6 tracks from 1 files
2022-06-23 13:04:02,786 INFO workspaces: reading tracks from 1 files
2022-06-23 13:04:02,786 INFO workspaces: read 1 tracks from 1 files
2022-06-23 13:04:02,786 INFO collapsing workspaces
2022-06-23 13:04:02,786 INFO intervals loaded in 0 seconds
2022-06-23 13:04:02,787 INFO collecting observed counts
2022-06-23 13:04:02,787 INFO starting sampling
2022-06-23 13:04:02,788 INFO sampling: merged: 1/1
2022-06-23 13:04:02,788 INFO performing unconditional sampling
2022-06-23 13:04:02,789 INFO workspace without conditioning: 39 segments, 2678195140 nucleotides
2022-06-23 13:04:02,789 INFO workspace after conditioning: 39 segments, 2678195140 nucleotides
2022-06-23 13:04:02,789 INFO sampling started
2022-06-23 13:04:02,793 INFO 0/1000 done ( 0.00)
2022-06-23 13:04:03,107 INFO 100/1000 done (10.00)
2022-06-23 13:04:03,417 INFO 200/1000 done (20.00)
2022-06-23 13:04:03,732 INFO 300/1000 done (30.00)
2022-06-23 13:04:04,044 INFO 400/1000 done (40.00)
2022-06-23 13:04:04,357 INFO 500/1000 done (50.00)
2022-06-23 13:04:04,677 INFO 600/1000 done (60.00)
2022-06-23 13:04:04,991 INFO 700/1000 done (70.00)
2022-06-23 13:04:05,309 INFO 800/1000 done (80.00)
2022-06-23 13:04:05,630 INFO 900/1000 done (90.00)
2022-06-23 13:04:05,936 INFO sampling completed
2022-06-23 13:04:05,937 INFO sampling finished
2022-06-23 13:04:05,937 INFO computing PValue statistics
2022-06-23 13:04:05,941 INFO writing counts to analysis/20220622_LocationPatterns/GATresults/NHinvs_comparable/counts/LFNHinvs_annotations_avgBherernucleotide-overlap.tsv.gz
2022-06-23 13:04:05,945 INFO computing FDR statistics
# job finished in 3 seconds at Thu Jun 23 13:04:05 2022 --  4.23  0.04  0.00  0.00 -- de96a43e-6488-4349-b593-baeaf1f666d5
# output generated by /home/rgomez/anaconda3/bin/gat-run.py --segments=analysis/20220622_LocationPatterns/GATfiles/Segments/LFNHinvs.bed --annotations=analysis/20220622_LocationPatterns/GATfiles/Annotations/annotations_avgBherer.bed --workspace=analysis/20220622_LocationPatterns/GATfiles/Workspace/workspace_avgBherer.bed --output-counts-pattern=analysis/20220622_LocationPatterns/GATresults/NHinvs_comparable/counts/LFNHinvs_annotations_avgBherer%s.tsv.gz --num-samples=1000 --log=analysis/20220622_LocationPatterns/GATresults/NHinvs_comparable/log/LFNHinvs_annotations_avgBherer.log --stdout=analysis/20220622_LocationPatterns/GATresults/NHinvs_comparable/tsv/LFNHinvs_annotations_avgBherer.tsv
# job started at Thu Jun 23 13:05:08 2022 on rgomez-pc -- 065b32fe-ac3d-4a61-b99c-eb6c3f7ad49e
# pid: 28004, system: Linux 5.3.0-7648-generic #41~1586790036~18.04~600aeb5-Ubuntu SMP Mon Apr 13 17:47:15 UTC  x86_64
# annotation_files                        : ['analysis/20220622_LocationPatterns/GATfiles/Annotations/annotations_avgBherer.bed']
# annotations_label                       : None
# annotations_to_points                   : None
# bucket_size                             : 0
# cache                                   : None
# conditional                             : unconditional
# conditional_expansion                   : None
# conditional_extension                   : None
# counters                                : []
# enable_split_tracks                     : False
# ignore_segment_tracks                   : True
# input_filename_counts                   : None
# input_filename_descriptions             : None
# input_filename_results                  : None
# isochore_files                          : None
# loglevel                                : 1
# nbuckets                                : 100000
# null                                    : default
# num_samples                             : 1000
# num_threads                             : 0
# output_bed                              : []
# output_counts_pattern                   : analysis/20220622_LocationPatterns/GATresults/NHinvs_comparable/counts/LFNHinvs_annotations_avgBherer%s.tsv.gz
# output_filename_pattern                 : %s
# output_force                            : False
# output_order                            : fold
# output_plots_pattern                    : None
# output_samples_pattern                  : None
# output_stats                            : []
# output_tables_pattern                   : %s.tsv.gz
# overlapping_annotations                 : False
# pseudo_count                            : 1.0
# pvalue_method                           : empirical
# qvalue_lambda                           : None
# qvalue_method                           : BH
# qvalue_pi0_method                       : smoother
# random_seed                             : None
# restrict_workspace                      : False
# sample_files                            : []
# sampler                                 : annotator
# segment_files                           : ['analysis/20220622_LocationPatterns/GATfiles/Segments/LFNHinvs.bed']
# shift_expansion                         : 2.0
# shift_extension                         : 0
# short_help                              : None
# stderr                                  : <_io.TextIOWrapper name='<stderr>' mode='w' encoding='utf-8'>
# stdin                                   : <_io.TextIOWrapper name='<stdin>' mode='r' encoding='utf-8'>
# stdlog                                  : <_io.TextIOWrapper name='analysis/20220622_LocationPatterns/GATresults/NHinvs_comparable/log/LFNHinvs_annotations_avgBherer.log' mode='a' encoding='UTF-8'>
# stdout                                  : <_io.TextIOWrapper name='analysis/20220622_LocationPatterns/GATresults/NHinvs_comparable/tsv/LFNHinvs_annotations_avgBherer.tsv' mode='w' encoding='UTF-8'>
# timeit_file                             : None
# timeit_header                           : None
# timeit_name                             : all
# truncate_segments_to_workspace          : False
# truncate_workspace_to_annotations       : False
# workspace_files                         : ['analysis/20220622_LocationPatterns/GATfiles/Workspace/workspace_avgBherer.bed']
2022-06-23 13:05:08,888 INFO segments: reading tracks from 1 files
2022-06-23 13:05:08,888 INFO segments: read 1 tracks from 1 files
2022-06-23 13:05:08,888 INFO annotations: reading tracks from 1 files
2022-06-23 13:05:09,181 INFO annotations: read 6 tracks from 1 files
2022-06-23 13:05:09,185 INFO workspaces: reading tracks from 1 files
2022-06-23 13:05:09,185 INFO workspaces: read 1 tracks from 1 files
2022-06-23 13:05:09,185 INFO collapsing workspaces
2022-06-23 13:05:09,185 INFO intervals loaded in 0 seconds
2022-06-23 13:05:09,186 INFO collecting observed counts
2022-06-23 13:05:09,186 INFO starting sampling
2022-06-23 13:05:09,186 INFO sampling: merged: 1/1
2022-06-23 13:05:09,186 INFO performing unconditional sampling
2022-06-23 13:05:09,187 INFO workspace without conditioning: 39 segments, 2678195140 nucleotides
2022-06-23 13:05:09,187 INFO workspace after conditioning: 39 segments, 2678195140 nucleotides
2022-06-23 13:05:09,188 INFO sampling started
2022-06-23 13:05:09,191 INFO 0/1000 done ( 0.00)
2022-06-23 13:05:09,490 INFO 100/1000 done (10.00)
2022-06-23 13:05:09,789 INFO 200/1000 done (20.00)
2022-06-23 13:05:10,088 INFO 300/1000 done (30.00)
2022-06-23 13:05:10,392 INFO 400/1000 done (40.00)
2022-06-23 13:05:10,693 INFO 500/1000 done (50.00)
2022-06-23 13:05:10,994 INFO 600/1000 done (60.00)
2022-06-23 13:05:11,295 INFO 700/1000 done (70.00)
2022-06-23 13:05:11,598 INFO 800/1000 done (80.00)
2022-06-23 13:05:11,897 INFO 900/1000 done (90.00)
2022-06-23 13:05:12,193 INFO sampling completed
2022-06-23 13:05:12,194 INFO sampling finished
2022-06-23 13:05:12,194 INFO computing PValue statistics
2022-06-23 13:05:12,197 INFO writing counts to analysis/20220622_LocationPatterns/GATresults/NHinvs_comparable/counts/LFNHinvs_annotations_avgBherernucleotide-overlap.tsv.gz
2022-06-23 13:05:12,202 INFO computing FDR statistics
# job finished in 3 seconds at Thu Jun 23 13:05:12 2022 --  4.06  0.04  0.00  0.00 -- 065b32fe-ac3d-4a61-b99c-eb6c3f7ad49e
