# output generated by /home/rgomez/anaconda3/bin/gat-run.py --segments=analysis/20220622_LocationPatterns/GATfiles/Segments/NHinvs.bed --annotations=analysis/20220622_LocationPatterns/GATfiles/Annotations/annotations_avgBherer.bed --workspace=analysis/20220622_LocationPatterns/GATfiles/Workspace/workspace_avgBherer.bed --output-counts-pattern=analysis/20220622_LocationPatterns/GATresults/NHinvs_comparable/counts/NHinvs_annotations_avgBherer%s.tsv.gz --num-samples=1000 --log=analysis/20220622_LocationPatterns/GATresults/NHinvs_comparable/log/NHinvs_annotations_avgBherer.log --stdout=analysis/20220622_LocationPatterns/GATresults/NHinvs_comparable/tsv/NHinvs_annotations_avgBherer.tsv
# job started at Thu Jun 23 13:03:46 2022 on rgomez-pc -- c18ca4a3-00c7-4830-ac29-08f26d05ad14
# pid: 27858, system: Linux 5.3.0-7648-generic #41~1586790036~18.04~600aeb5-Ubuntu SMP Mon Apr 13 17:47:15 UTC  x86_64
# annotation_files                        : ['analysis/20220622_LocationPatterns/GATfiles/Annotations/annotations_avgBherer.bed']
# annotations_label                       : None
# annotations_to_points                   : None
# bucket_size                             : 0
# cache                                   : None
# conditional                             : unconditional
# conditional_expansion                   : None
# conditional_extension                   : None
# counters                                : []
# enable_split_tracks                     : False
# ignore_segment_tracks                   : True
# input_filename_counts                   : None
# input_filename_descriptions             : None
# input_filename_results                  : None
# isochore_files                          : None
# loglevel                                : 1
# nbuckets                                : 100000
# null                                    : default
# num_samples                             : 1000
# num_threads                             : 0
# output_bed                              : []
# output_counts_pattern                   : analysis/20220622_LocationPatterns/GATresults/NHinvs_comparable/counts/NHinvs_annotations_avgBherer%s.tsv.gz
# output_filename_pattern                 : %s
# output_force                            : False
# output_order                            : fold
# output_plots_pattern                    : None
# output_samples_pattern                  : None
# output_stats                            : []
# output_tables_pattern                   : %s.tsv.gz
# overlapping_annotations                 : False
# pseudo_count                            : 1.0
# pvalue_method                           : empirical
# qvalue_lambda                           : None
# qvalue_method                           : BH
# qvalue_pi0_method                       : smoother
# random_seed                             : None
# restrict_workspace                      : False
# sample_files                            : []
# sampler                                 : annotator
# segment_files                           : ['analysis/20220622_LocationPatterns/GATfiles/Segments/NHinvs.bed']
# shift_expansion                         : 2.0
# shift_extension                         : 0
# short_help                              : None
# stderr                                  : <_io.TextIOWrapper name='<stderr>' mode='w' encoding='utf-8'>
# stdin                                   : <_io.TextIOWrapper name='<stdin>' mode='r' encoding='utf-8'>
# stdlog                                  : <_io.TextIOWrapper name='analysis/20220622_LocationPatterns/GATresults/NHinvs_comparable/log/NHinvs_annotations_avgBherer.log' mode='a' encoding='UTF-8'>
# stdout                                  : <_io.TextIOWrapper name='analysis/20220622_LocationPatterns/GATresults/NHinvs_comparable/tsv/NHinvs_annotations_avgBherer.tsv' mode='w' encoding='UTF-8'>
# timeit_file                             : None
# timeit_header                           : None
# timeit_name                             : all
# truncate_segments_to_workspace          : False
# truncate_workspace_to_annotations       : False
# workspace_files                         : ['analysis/20220622_LocationPatterns/GATfiles/Workspace/workspace_avgBherer.bed']
2022-06-23 13:03:46,835 INFO segments: reading tracks from 1 files
2022-06-23 13:03:46,835 INFO segments: read 1 tracks from 1 files
2022-06-23 13:03:46,835 INFO annotations: reading tracks from 1 files
2022-06-23 13:03:47,121 INFO annotations: read 6 tracks from 1 files
2022-06-23 13:03:47,125 INFO workspaces: reading tracks from 1 files
2022-06-23 13:03:47,126 INFO workspaces: read 1 tracks from 1 files
2022-06-23 13:03:47,126 INFO collapsing workspaces
2022-06-23 13:03:47,126 INFO intervals loaded in 0 seconds
2022-06-23 13:03:47,127 INFO collecting observed counts
2022-06-23 13:03:47,127 INFO starting sampling
2022-06-23 13:03:47,127 INFO sampling: merged: 1/1
2022-06-23 13:03:47,127 INFO performing unconditional sampling
2022-06-23 13:03:47,128 INFO workspace without conditioning: 39 segments, 2678195140 nucleotides
2022-06-23 13:03:47,128 INFO workspace after conditioning: 39 segments, 2678195140 nucleotides
2022-06-23 13:03:47,129 INFO sampling started
2022-06-23 13:03:47,133 INFO 0/1000 done ( 0.00)
2022-06-23 13:03:47,545 INFO 100/1000 done (10.00)
2022-06-23 13:03:47,981 INFO 200/1000 done (20.00)
2022-06-23 13:03:48,388 INFO 300/1000 done (30.00)
2022-06-23 13:03:48,796 INFO 400/1000 done (40.00)
2022-06-23 13:03:49,198 INFO 500/1000 done (50.00)
2022-06-23 13:03:49,612 INFO 600/1000 done (60.00)
2022-06-23 13:03:50,019 INFO 700/1000 done (70.00)
2022-06-23 13:03:50,429 INFO 800/1000 done (80.00)
2022-06-23 13:03:50,838 INFO 900/1000 done (90.00)
2022-06-23 13:03:51,239 INFO sampling completed
2022-06-23 13:03:51,240 INFO sampling finished
2022-06-23 13:03:51,240 INFO computing PValue statistics
2022-06-23 13:03:51,244 INFO writing counts to analysis/20220622_LocationPatterns/GATresults/NHinvs_comparable/counts/NHinvs_annotations_avgBherernucleotide-overlap.tsv.gz
2022-06-23 13:03:51,248 INFO computing FDR statistics
# job finished in 4 seconds at Thu Jun 23 13:03:51 2022 --  5.16  0.07  0.00  0.00 -- c18ca4a3-00c7-4830-ac29-08f26d05ad14
# output generated by /home/rgomez/anaconda3/bin/gat-run.py --segments=analysis/20220622_LocationPatterns/GATfiles/Segments/NHinvs.bed --annotations=analysis/20220622_LocationPatterns/GATfiles/Annotations/annotations_avgBherer.bed --workspace=analysis/20220622_LocationPatterns/GATfiles/Workspace/workspace_avgBherer.bed --output-counts-pattern=analysis/20220622_LocationPatterns/GATresults/NHinvs_comparable/counts/NHinvs_annotations_avgBherer%s.tsv.gz --num-samples=1000 --log=analysis/20220622_LocationPatterns/GATresults/NHinvs_comparable/log/NHinvs_annotations_avgBherer.log --stdout=analysis/20220622_LocationPatterns/GATresults/NHinvs_comparable/tsv/NHinvs_annotations_avgBherer.tsv
# job started at Thu Jun 23 13:04:53 2022 on rgomez-pc -- e9215e2b-2684-4a08-b6b0-4a655e331892
# pid: 27994, system: Linux 5.3.0-7648-generic #41~1586790036~18.04~600aeb5-Ubuntu SMP Mon Apr 13 17:47:15 UTC  x86_64
# annotation_files                        : ['analysis/20220622_LocationPatterns/GATfiles/Annotations/annotations_avgBherer.bed']
# annotations_label                       : None
# annotations_to_points                   : None
# bucket_size                             : 0
# cache                                   : None
# conditional                             : unconditional
# conditional_expansion                   : None
# conditional_extension                   : None
# counters                                : []
# enable_split_tracks                     : False
# ignore_segment_tracks                   : True
# input_filename_counts                   : None
# input_filename_descriptions             : None
# input_filename_results                  : None
# isochore_files                          : None
# loglevel                                : 1
# nbuckets                                : 100000
# null                                    : default
# num_samples                             : 1000
# num_threads                             : 0
# output_bed                              : []
# output_counts_pattern                   : analysis/20220622_LocationPatterns/GATresults/NHinvs_comparable/counts/NHinvs_annotations_avgBherer%s.tsv.gz
# output_filename_pattern                 : %s
# output_force                            : False
# output_order                            : fold
# output_plots_pattern                    : None
# output_samples_pattern                  : None
# output_stats                            : []
# output_tables_pattern                   : %s.tsv.gz
# overlapping_annotations                 : False
# pseudo_count                            : 1.0
# pvalue_method                           : empirical
# qvalue_lambda                           : None
# qvalue_method                           : BH
# qvalue_pi0_method                       : smoother
# random_seed                             : None
# restrict_workspace                      : False
# sample_files                            : []
# sampler                                 : annotator
# segment_files                           : ['analysis/20220622_LocationPatterns/GATfiles/Segments/NHinvs.bed']
# shift_expansion                         : 2.0
# shift_extension                         : 0
# short_help                              : None
# stderr                                  : <_io.TextIOWrapper name='<stderr>' mode='w' encoding='utf-8'>
# stdin                                   : <_io.TextIOWrapper name='<stdin>' mode='r' encoding='utf-8'>
# stdlog                                  : <_io.TextIOWrapper name='analysis/20220622_LocationPatterns/GATresults/NHinvs_comparable/log/NHinvs_annotations_avgBherer.log' mode='a' encoding='UTF-8'>
# stdout                                  : <_io.TextIOWrapper name='analysis/20220622_LocationPatterns/GATresults/NHinvs_comparable/tsv/NHinvs_annotations_avgBherer.tsv' mode='w' encoding='UTF-8'>
# timeit_file                             : None
# timeit_header                           : None
# timeit_name                             : all
# truncate_segments_to_workspace          : False
# truncate_workspace_to_annotations       : False
# workspace_files                         : ['analysis/20220622_LocationPatterns/GATfiles/Workspace/workspace_avgBherer.bed']
2022-06-23 13:04:53,201 INFO segments: reading tracks from 1 files
2022-06-23 13:04:53,202 INFO segments: read 1 tracks from 1 files
2022-06-23 13:04:53,202 INFO annotations: reading tracks from 1 files
2022-06-23 13:04:53,487 INFO annotations: read 6 tracks from 1 files
2022-06-23 13:04:53,491 INFO workspaces: reading tracks from 1 files
2022-06-23 13:04:53,492 INFO workspaces: read 1 tracks from 1 files
2022-06-23 13:04:53,492 INFO collapsing workspaces
2022-06-23 13:04:53,492 INFO intervals loaded in 0 seconds
2022-06-23 13:04:53,493 INFO collecting observed counts
2022-06-23 13:04:53,493 INFO starting sampling
2022-06-23 13:04:53,493 INFO sampling: merged: 1/1
2022-06-23 13:04:53,493 INFO performing unconditional sampling
2022-06-23 13:04:53,494 INFO workspace without conditioning: 39 segments, 2678195140 nucleotides
2022-06-23 13:04:53,494 INFO workspace after conditioning: 39 segments, 2678195140 nucleotides
2022-06-23 13:04:53,495 INFO sampling started
2022-06-23 13:04:53,499 INFO 0/1000 done ( 0.00)
2022-06-23 13:04:53,914 INFO 100/1000 done (10.00)
2022-06-23 13:04:54,327 INFO 200/1000 done (20.00)
2022-06-23 13:04:54,744 INFO 300/1000 done (30.00)
2022-06-23 13:04:55,154 INFO 400/1000 done (40.00)
2022-06-23 13:04:55,570 INFO 500/1000 done (50.00)
2022-06-23 13:04:55,981 INFO 600/1000 done (60.00)
2022-06-23 13:04:56,397 INFO 700/1000 done (70.00)
2022-06-23 13:04:56,811 INFO 800/1000 done (80.00)
2022-06-23 13:04:57,226 INFO 900/1000 done (90.00)
2022-06-23 13:04:57,637 INFO sampling completed
2022-06-23 13:04:57,639 INFO sampling finished
2022-06-23 13:04:57,639 INFO computing PValue statistics
2022-06-23 13:04:57,642 INFO writing counts to analysis/20220622_LocationPatterns/GATresults/NHinvs_comparable/counts/NHinvs_annotations_avgBherernucleotide-overlap.tsv.gz
2022-06-23 13:04:57,646 INFO computing FDR statistics
# job finished in 4 seconds at Thu Jun 23 13:04:57 2022 --  5.23  0.03  0.00  0.00 -- e9215e2b-2684-4a08-b6b0-4a655e331892
