# output generated by /home/rgomez/anaconda3/bin/gat-run.py --segments=analysis/20220621_LocationPatterns/GATfiles/Segments/HFNHinvs.bed --annotations=analysis/20220621_LocationPatterns/GATfiles/Annotations/genomicSuperDups_coords_normal.bed --output-counts-pattern=analysis/20220621_LocationPatterns/GATresults/WorkspaceHigh/counts/HFNHinvs_CEUSpence_%s.tsv.gz --workspace=analysis/20220621_LocationPatterns/GATfiles/Isochores/genomicSuperDups_COzones_0.1/Low.txt --num-samples=100 --log=analysis/20220621_LocationPatterns/GATresults/WorkspaceHigh/log/HFNHinvs_CEUSpence.log --stdout=analysis/20220621_LocationPatterns/GATresults/WorkspaceHigh/tsv/HFNHinvs_CEUSpence.tsv
# job started at Tue Jun 21 09:36:24 2022 on rgomez-pc -- 6b036039-2a1d-40f8-a254-2c8c7831b205
# pid: 18552, system: Linux 5.3.0-7648-generic #41~1586790036~18.04~600aeb5-Ubuntu SMP Mon Apr 13 17:47:15 UTC  x86_64
# annotation_files                        : ['analysis/20220621_LocationPatterns/GATfiles/Annotations/genomicSuperDups_coords_normal.bed']
# annotations_label                       : None
# annotations_to_points                   : None
# bucket_size                             : 0
# cache                                   : None
# conditional                             : unconditional
# conditional_expansion                   : None
# conditional_extension                   : None
# counters                                : []
# enable_split_tracks                     : False
# ignore_segment_tracks                   : True
# input_filename_counts                   : None
# input_filename_descriptions             : None
# input_filename_results                  : None
# isochore_files                          : None
# loglevel                                : 1
# nbuckets                                : 100000
# null                                    : default
# num_samples                             : 100
# num_threads                             : 0
# output_bed                              : []
# output_counts_pattern                   : analysis/20220621_LocationPatterns/GATresults/WorkspaceHigh/counts/HFNHinvs_CEUSpence_%s.tsv.gz
# output_filename_pattern                 : %s
# output_force                            : False
# output_order                            : fold
# output_plots_pattern                    : None
# output_samples_pattern                  : None
# output_stats                            : []
# output_tables_pattern                   : %s.tsv.gz
# overlapping_annotations                 : False
# pseudo_count                            : 1.0
# pvalue_method                           : empirical
# qvalue_lambda                           : None
# qvalue_method                           : BH
# qvalue_pi0_method                       : smoother
# random_seed                             : None
# restrict_workspace                      : False
# sample_files                            : []
# sampler                                 : annotator
# segment_files                           : ['analysis/20220621_LocationPatterns/GATfiles/Segments/HFNHinvs.bed']
# shift_expansion                         : 2.0
# shift_extension                         : 0
# short_help                              : None
# stderr                                  : <_io.TextIOWrapper name='<stderr>' mode='w' encoding='utf-8'>
# stdin                                   : <_io.TextIOWrapper name='<stdin>' mode='r' encoding='utf-8'>
# stdlog                                  : <_io.TextIOWrapper name='analysis/20220621_LocationPatterns/GATresults/WorkspaceHigh/log/HFNHinvs_CEUSpence.log' mode='a' encoding='UTF-8'>
# stdout                                  : <_io.TextIOWrapper name='analysis/20220621_LocationPatterns/GATresults/WorkspaceHigh/tsv/HFNHinvs_CEUSpence.tsv' mode='w' encoding='UTF-8'>
# timeit_file                             : None
# timeit_header                           : None
# timeit_name                             : all
# truncate_segments_to_workspace          : False
# truncate_workspace_to_annotations       : False
# workspace_files                         : ['analysis/20220621_LocationPatterns/GATfiles/Isochores/genomicSuperDups_COzones_0.1/Low.txt']
2022-06-21 09:36:24,482 INFO segments: reading tracks from 1 files
2022-06-21 09:36:24,482 INFO segments: read 1 tracks from 1 files
2022-06-21 09:36:24,482 INFO annotations: reading tracks from 1 files
2022-06-21 09:36:24,612 INFO annotations: read 1 tracks from 1 files
2022-06-21 09:36:24,616 INFO workspaces: reading tracks from 1 files
2022-06-21 09:36:24,617 INFO workspaces: read 1 tracks from 1 files
2022-06-21 09:36:24,617 INFO collapsing workspaces
2022-06-21 09:36:24,617 INFO intervals loaded in 0 seconds
2022-06-21 09:36:24,617 INFO collecting observed counts
2022-06-21 09:36:24,617 INFO starting sampling
2022-06-21 09:36:24,617 INFO sampling: merged: 1/1
2022-06-21 09:36:24,617 INFO performing unconditional sampling
2022-06-21 09:36:24,617 INFO workspace without conditioning: 49 segments, 2341202087 nucleotides
2022-06-21 09:36:24,617 INFO workspace after conditioning: 49 segments, 2341202087 nucleotides
2022-06-21 09:36:24,617 INFO sampling started
2022-06-21 09:36:24,619 INFO 0/100 done ( 0.00)
2022-06-21 09:36:24,772 INFO sampling completed
2022-06-21 09:36:24,773 INFO sampling finished
2022-06-21 09:36:24,773 INFO computing PValue statistics
2022-06-21 09:36:24,773 INFO writing counts to analysis/20220621_LocationPatterns/GATresults/WorkspaceHigh/counts/HFNHinvs_CEUSpence_nucleotide-overlap.tsv.gz
2022-06-21 09:36:24,773 INFO computing FDR statistics
# job finished in 0 seconds at Tue Jun 21 09:36:24 2022 --  1.02  0.06  0.00  0.00 -- 6b036039-2a1d-40f8-a254-2c8c7831b205
# output generated by /home/rgomez/anaconda3/bin/gat-run.py --segments=analysis/20220621_LocationPatterns/GATfiles/Segments/HFNHinvs.bed --annotations=analysis/20220621_LocationPatterns/GATfiles/Annotations/genomicSuperDups_coords_normal.bed --output-counts-pattern=analysis/20220621_LocationPatterns/GATresults/WorkspaceHigh/counts/HFNHinvs_CEUSpence_%s.tsv.gz --workspace=analysis/20220621_LocationPatterns/GATfiles/Isochores/genomicSuperDups_COzones_0.1/Low.txt --num-samples=100 --log=analysis/20220621_LocationPatterns/GATresults/WorkspaceHigh/log/HFNHinvs_CEUSpence.log --stdout=analysis/20220621_LocationPatterns/GATresults/WorkspaceHigh/tsv/HFNHinvs_CEUSpence.tsv
# job started at Tue Jun 21 09:38:04 2022 on rgomez-pc -- 95927bb8-3ca1-4ac7-8a48-c73c9ff42a4f
# pid: 18786, system: Linux 5.3.0-7648-generic #41~1586790036~18.04~600aeb5-Ubuntu SMP Mon Apr 13 17:47:15 UTC  x86_64
# annotation_files                        : ['analysis/20220621_LocationPatterns/GATfiles/Annotations/genomicSuperDups_coords_normal.bed']
# annotations_label                       : None
# annotations_to_points                   : None
# bucket_size                             : 0
# cache                                   : None
# conditional                             : unconditional
# conditional_expansion                   : None
# conditional_extension                   : None
# counters                                : []
# enable_split_tracks                     : False
# ignore_segment_tracks                   : True
# input_filename_counts                   : None
# input_filename_descriptions             : None
# input_filename_results                  : None
# isochore_files                          : None
# loglevel                                : 1
# nbuckets                                : 100000
# null                                    : default
# num_samples                             : 100
# num_threads                             : 0
# output_bed                              : []
# output_counts_pattern                   : analysis/20220621_LocationPatterns/GATresults/WorkspaceHigh/counts/HFNHinvs_CEUSpence_%s.tsv.gz
# output_filename_pattern                 : %s
# output_force                            : False
# output_order                            : fold
# output_plots_pattern                    : None
# output_samples_pattern                  : None
# output_stats                            : []
# output_tables_pattern                   : %s.tsv.gz
# overlapping_annotations                 : False
# pseudo_count                            : 1.0
# pvalue_method                           : empirical
# qvalue_lambda                           : None
# qvalue_method                           : BH
# qvalue_pi0_method                       : smoother
# random_seed                             : None
# restrict_workspace                      : False
# sample_files                            : []
# sampler                                 : annotator
# segment_files                           : ['analysis/20220621_LocationPatterns/GATfiles/Segments/HFNHinvs.bed']
# shift_expansion                         : 2.0
# shift_extension                         : 0
# short_help                              : None
# stderr                                  : <_io.TextIOWrapper name='<stderr>' mode='w' encoding='utf-8'>
# stdin                                   : <_io.TextIOWrapper name='<stdin>' mode='r' encoding='utf-8'>
# stdlog                                  : <_io.TextIOWrapper name='analysis/20220621_LocationPatterns/GATresults/WorkspaceHigh/log/HFNHinvs_CEUSpence.log' mode='a' encoding='UTF-8'>
# stdout                                  : <_io.TextIOWrapper name='analysis/20220621_LocationPatterns/GATresults/WorkspaceHigh/tsv/HFNHinvs_CEUSpence.tsv' mode='w' encoding='UTF-8'>
# timeit_file                             : None
# timeit_header                           : None
# timeit_name                             : all
# truncate_segments_to_workspace          : False
# truncate_workspace_to_annotations       : False
# workspace_files                         : ['analysis/20220621_LocationPatterns/GATfiles/Isochores/genomicSuperDups_COzones_0.1/Low.txt']
2022-06-21 09:38:04,351 INFO segments: reading tracks from 1 files
2022-06-21 09:38:04,351 INFO segments: read 1 tracks from 1 files
2022-06-21 09:38:04,351 INFO annotations: reading tracks from 1 files
2022-06-21 09:38:04,478 INFO annotations: read 1 tracks from 1 files
2022-06-21 09:38:04,482 INFO workspaces: reading tracks from 1 files
2022-06-21 09:38:04,483 INFO workspaces: read 1 tracks from 1 files
2022-06-21 09:38:04,483 INFO collapsing workspaces
2022-06-21 09:38:04,483 INFO intervals loaded in 0 seconds
2022-06-21 09:38:04,483 INFO collecting observed counts
2022-06-21 09:38:04,483 INFO starting sampling
2022-06-21 09:38:04,483 INFO sampling: merged: 1/1
2022-06-21 09:38:04,483 INFO performing unconditional sampling
2022-06-21 09:38:04,483 INFO workspace without conditioning: 49 segments, 2341202087 nucleotides
2022-06-21 09:38:04,483 INFO workspace after conditioning: 49 segments, 2341202087 nucleotides
2022-06-21 09:38:04,483 INFO sampling started
2022-06-21 09:38:04,485 INFO 0/100 done ( 0.00)
2022-06-21 09:38:04,656 INFO sampling completed
2022-06-21 09:38:04,656 INFO sampling finished
2022-06-21 09:38:04,656 INFO computing PValue statistics
2022-06-21 09:38:04,657 INFO writing counts to analysis/20220621_LocationPatterns/GATresults/WorkspaceHigh/counts/HFNHinvs_CEUSpence_nucleotide-overlap.tsv.gz
2022-06-21 09:38:04,657 INFO computing FDR statistics
# job finished in 0 seconds at Tue Jun 21 09:38:04 2022 --  1.06  0.06  0.00  0.00 -- 95927bb8-3ca1-4ac7-8a48-c73c9ff42a4f
