# output generated by /home/rgomez/anaconda3/bin/gat-run.py --segments=analysis/20220621_LocationPatterns/GATfiles/Segments/HFno501invs.bed --annotations=analysis/20220621_LocationPatterns/GATfiles/Annotations/genomicSuperDups_coords_normal.bed --output-counts-pattern=analysis/20220621_LocationPatterns/GATresults/WorkspaceHigh/counts/HFno501invs_CEUSpence_%s.tsv.gz --workspace=analysis/20220621_LocationPatterns/GATfiles/Isochores/genomicSuperDups_COzones_0.1/Low.txt --num-samples=100 --log=analysis/20220621_LocationPatterns/GATresults/WorkspaceHigh/log/HFno501invs_CEUSpence.log --stdout=analysis/20220621_LocationPatterns/GATresults/WorkspaceHigh/tsv/HFno501invs_CEUSpence.tsv
# job started at Tue Jun 21 09:36:28 2022 on rgomez-pc -- 8f4d6c4a-a68a-473e-9ad9-13c3295e8c2c
# pid: 18564, system: Linux 5.3.0-7648-generic #41~1586790036~18.04~600aeb5-Ubuntu SMP Mon Apr 13 17:47:15 UTC  x86_64
# annotation_files                        : ['analysis/20220621_LocationPatterns/GATfiles/Annotations/genomicSuperDups_coords_normal.bed']
# annotations_label                       : None
# annotations_to_points                   : None
# bucket_size                             : 0
# cache                                   : None
# conditional                             : unconditional
# conditional_expansion                   : None
# conditional_extension                   : None
# counters                                : []
# enable_split_tracks                     : False
# ignore_segment_tracks                   : True
# input_filename_counts                   : None
# input_filename_descriptions             : None
# input_filename_results                  : None
# isochore_files                          : None
# loglevel                                : 1
# nbuckets                                : 100000
# null                                    : default
# num_samples                             : 100
# num_threads                             : 0
# output_bed                              : []
# output_counts_pattern                   : analysis/20220621_LocationPatterns/GATresults/WorkspaceHigh/counts/HFno501invs_CEUSpence_%s.tsv.gz
# output_filename_pattern                 : %s
# output_force                            : False
# output_order                            : fold
# output_plots_pattern                    : None
# output_samples_pattern                  : None
# output_stats                            : []
# output_tables_pattern                   : %s.tsv.gz
# overlapping_annotations                 : False
# pseudo_count                            : 1.0
# pvalue_method                           : empirical
# qvalue_lambda                           : None
# qvalue_method                           : BH
# qvalue_pi0_method                       : smoother
# random_seed                             : None
# restrict_workspace                      : False
# sample_files                            : []
# sampler                                 : annotator
# segment_files                           : ['analysis/20220621_LocationPatterns/GATfiles/Segments/HFno501invs.bed']
# shift_expansion                         : 2.0
# shift_extension                         : 0
# short_help                              : None
# stderr                                  : <_io.TextIOWrapper name='<stderr>' mode='w' encoding='utf-8'>
# stdin                                   : <_io.TextIOWrapper name='<stdin>' mode='r' encoding='utf-8'>
# stdlog                                  : <_io.TextIOWrapper name='analysis/20220621_LocationPatterns/GATresults/WorkspaceHigh/log/HFno501invs_CEUSpence.log' mode='a' encoding='UTF-8'>
# stdout                                  : <_io.TextIOWrapper name='analysis/20220621_LocationPatterns/GATresults/WorkspaceHigh/tsv/HFno501invs_CEUSpence.tsv' mode='w' encoding='UTF-8'>
# timeit_file                             : None
# timeit_header                           : None
# timeit_name                             : all
# truncate_segments_to_workspace          : False
# truncate_workspace_to_annotations       : False
# workspace_files                         : ['analysis/20220621_LocationPatterns/GATfiles/Isochores/genomicSuperDups_COzones_0.1/Low.txt']
2022-06-21 09:36:28,080 INFO segments: reading tracks from 1 files
2022-06-21 09:36:28,080 INFO segments: read 1 tracks from 1 files
2022-06-21 09:36:28,081 INFO annotations: reading tracks from 1 files
2022-06-21 09:36:28,203 INFO annotations: read 1 tracks from 1 files
2022-06-21 09:36:28,208 INFO workspaces: reading tracks from 1 files
2022-06-21 09:36:28,208 INFO workspaces: read 1 tracks from 1 files
2022-06-21 09:36:28,208 INFO collapsing workspaces
2022-06-21 09:36:28,208 INFO intervals loaded in 0 seconds
2022-06-21 09:36:28,208 INFO collecting observed counts
2022-06-21 09:36:28,208 INFO starting sampling
2022-06-21 09:36:28,208 INFO sampling: merged: 1/1
2022-06-21 09:36:28,208 INFO performing unconditional sampling
2022-06-21 09:36:28,208 INFO workspace without conditioning: 49 segments, 2341202087 nucleotides
2022-06-21 09:36:28,208 INFO workspace after conditioning: 49 segments, 2341202087 nucleotides
2022-06-21 09:36:28,209 INFO sampling started
2022-06-21 09:36:28,211 INFO 0/100 done ( 0.00)
2022-06-21 09:36:28,456 INFO sampling completed
2022-06-21 09:36:28,456 INFO sampling finished
2022-06-21 09:36:28,456 INFO computing PValue statistics
2022-06-21 09:36:28,457 INFO writing counts to analysis/20220621_LocationPatterns/GATresults/WorkspaceHigh/counts/HFno501invs_CEUSpence_nucleotide-overlap.tsv.gz
2022-06-21 09:36:28,457 INFO computing FDR statistics
# job finished in 0 seconds at Tue Jun 21 09:36:28 2022 --  1.13  0.03  0.00  0.00 -- 8f4d6c4a-a68a-473e-9ad9-13c3295e8c2c
# output generated by /home/rgomez/anaconda3/bin/gat-run.py --segments=analysis/20220621_LocationPatterns/GATfiles/Segments/HFno501invs.bed --annotations=analysis/20220621_LocationPatterns/GATfiles/Annotations/genomicSuperDups_coords_normal.bed --output-counts-pattern=analysis/20220621_LocationPatterns/GATresults/WorkspaceHigh/counts/HFno501invs_CEUSpence_%s.tsv.gz --workspace=analysis/20220621_LocationPatterns/GATfiles/Isochores/genomicSuperDups_COzones_0.1/Low.txt --num-samples=100 --log=analysis/20220621_LocationPatterns/GATresults/WorkspaceHigh/log/HFno501invs_CEUSpence.log --stdout=analysis/20220621_LocationPatterns/GATresults/WorkspaceHigh/tsv/HFno501invs_CEUSpence.tsv
# job started at Tue Jun 21 09:38:08 2022 on rgomez-pc -- fe23c413-d237-43a6-b455-052a92e2e164
# pid: 18802, system: Linux 5.3.0-7648-generic #41~1586790036~18.04~600aeb5-Ubuntu SMP Mon Apr 13 17:47:15 UTC  x86_64
# annotation_files                        : ['analysis/20220621_LocationPatterns/GATfiles/Annotations/genomicSuperDups_coords_normal.bed']
# annotations_label                       : None
# annotations_to_points                   : None
# bucket_size                             : 0
# cache                                   : None
# conditional                             : unconditional
# conditional_expansion                   : None
# conditional_extension                   : None
# counters                                : []
# enable_split_tracks                     : False
# ignore_segment_tracks                   : True
# input_filename_counts                   : None
# input_filename_descriptions             : None
# input_filename_results                  : None
# isochore_files                          : None
# loglevel                                : 1
# nbuckets                                : 100000
# null                                    : default
# num_samples                             : 100
# num_threads                             : 0
# output_bed                              : []
# output_counts_pattern                   : analysis/20220621_LocationPatterns/GATresults/WorkspaceHigh/counts/HFno501invs_CEUSpence_%s.tsv.gz
# output_filename_pattern                 : %s
# output_force                            : False
# output_order                            : fold
# output_plots_pattern                    : None
# output_samples_pattern                  : None
# output_stats                            : []
# output_tables_pattern                   : %s.tsv.gz
# overlapping_annotations                 : False
# pseudo_count                            : 1.0
# pvalue_method                           : empirical
# qvalue_lambda                           : None
# qvalue_method                           : BH
# qvalue_pi0_method                       : smoother
# random_seed                             : None
# restrict_workspace                      : False
# sample_files                            : []
# sampler                                 : annotator
# segment_files                           : ['analysis/20220621_LocationPatterns/GATfiles/Segments/HFno501invs.bed']
# shift_expansion                         : 2.0
# shift_extension                         : 0
# short_help                              : None
# stderr                                  : <_io.TextIOWrapper name='<stderr>' mode='w' encoding='utf-8'>
# stdin                                   : <_io.TextIOWrapper name='<stdin>' mode='r' encoding='utf-8'>
# stdlog                                  : <_io.TextIOWrapper name='analysis/20220621_LocationPatterns/GATresults/WorkspaceHigh/log/HFno501invs_CEUSpence.log' mode='a' encoding='UTF-8'>
# stdout                                  : <_io.TextIOWrapper name='analysis/20220621_LocationPatterns/GATresults/WorkspaceHigh/tsv/HFno501invs_CEUSpence.tsv' mode='w' encoding='UTF-8'>
# timeit_file                             : None
# timeit_header                           : None
# timeit_name                             : all
# truncate_segments_to_workspace          : False
# truncate_workspace_to_annotations       : False
# workspace_files                         : ['analysis/20220621_LocationPatterns/GATfiles/Isochores/genomicSuperDups_COzones_0.1/Low.txt']
2022-06-21 09:38:08,029 INFO segments: reading tracks from 1 files
2022-06-21 09:38:08,029 INFO segments: read 1 tracks from 1 files
2022-06-21 09:38:08,029 INFO annotations: reading tracks from 1 files
2022-06-21 09:38:08,158 INFO annotations: read 1 tracks from 1 files
2022-06-21 09:38:08,163 INFO workspaces: reading tracks from 1 files
2022-06-21 09:38:08,163 INFO workspaces: read 1 tracks from 1 files
2022-06-21 09:38:08,163 INFO collapsing workspaces
2022-06-21 09:38:08,163 INFO intervals loaded in 0 seconds
2022-06-21 09:38:08,163 INFO collecting observed counts
2022-06-21 09:38:08,164 INFO starting sampling
2022-06-21 09:38:08,164 INFO sampling: merged: 1/1
2022-06-21 09:38:08,164 INFO performing unconditional sampling
2022-06-21 09:38:08,164 INFO workspace without conditioning: 49 segments, 2341202087 nucleotides
2022-06-21 09:38:08,164 INFO workspace after conditioning: 49 segments, 2341202087 nucleotides
2022-06-21 09:38:08,164 INFO sampling started
2022-06-21 09:38:08,167 INFO 0/100 done ( 0.00)
2022-06-21 09:38:08,420 INFO sampling completed
2022-06-21 09:38:08,420 INFO sampling finished
2022-06-21 09:38:08,420 INFO computing PValue statistics
2022-06-21 09:38:08,420 INFO writing counts to analysis/20220621_LocationPatterns/GATresults/WorkspaceHigh/counts/HFno501invs_CEUSpence_nucleotide-overlap.tsv.gz
2022-06-21 09:38:08,421 INFO computing FDR statistics
# job finished in 0 seconds at Tue Jun 21 09:38:08 2022 --  1.18  0.02  0.00  0.00 -- fe23c413-d237-43a6-b455-052a92e2e164
