# output generated by /home/rgomez/anaconda3/bin/gat-run.py --segments=analysis/20220621_LocationPatterns/GATfiles/Segments/invs.bed --annotations=analysis/20220621_LocationPatterns/GATfiles/Annotations/genomicSuperDups_coords_normal.bed --output-counts-pattern=analysis/20220621_LocationPatterns/GATresults/WorkspaceHigh/counts/invs_CEUSpence_%s.tsv.gz --workspace=analysis/20220621_LocationPatterns/GATfiles/Isochores/genomicSuperDups_COzones_0.1/Low.txt --num-samples=100 --log=analysis/20220621_LocationPatterns/GATresults/WorkspaceHigh/log/invs_CEUSpence.log --stdout=analysis/20220621_LocationPatterns/GATresults/WorkspaceHigh/tsv/invs_CEUSpence.tsv
# job started at Tue Jun 21 09:36:31 2022 on rgomez-pc -- ea3bff43-1a1a-4da1-a953-a2c295524ada
# pid: 18581, system: Linux 5.3.0-7648-generic #41~1586790036~18.04~600aeb5-Ubuntu SMP Mon Apr 13 17:47:15 UTC  x86_64
# annotation_files                        : ['analysis/20220621_LocationPatterns/GATfiles/Annotations/genomicSuperDups_coords_normal.bed']
# annotations_label                       : None
# annotations_to_points                   : None
# bucket_size                             : 0
# cache                                   : None
# conditional                             : unconditional
# conditional_expansion                   : None
# conditional_extension                   : None
# counters                                : []
# enable_split_tracks                     : False
# ignore_segment_tracks                   : True
# input_filename_counts                   : None
# input_filename_descriptions             : None
# input_filename_results                  : None
# isochore_files                          : None
# loglevel                                : 1
# nbuckets                                : 100000
# null                                    : default
# num_samples                             : 100
# num_threads                             : 0
# output_bed                              : []
# output_counts_pattern                   : analysis/20220621_LocationPatterns/GATresults/WorkspaceHigh/counts/invs_CEUSpence_%s.tsv.gz
# output_filename_pattern                 : %s
# output_force                            : False
# output_order                            : fold
# output_plots_pattern                    : None
# output_samples_pattern                  : None
# output_stats                            : []
# output_tables_pattern                   : %s.tsv.gz
# overlapping_annotations                 : False
# pseudo_count                            : 1.0
# pvalue_method                           : empirical
# qvalue_lambda                           : None
# qvalue_method                           : BH
# qvalue_pi0_method                       : smoother
# random_seed                             : None
# restrict_workspace                      : False
# sample_files                            : []
# sampler                                 : annotator
# segment_files                           : ['analysis/20220621_LocationPatterns/GATfiles/Segments/invs.bed']
# shift_expansion                         : 2.0
# shift_extension                         : 0
# short_help                              : None
# stderr                                  : <_io.TextIOWrapper name='<stderr>' mode='w' encoding='utf-8'>
# stdin                                   : <_io.TextIOWrapper name='<stdin>' mode='r' encoding='utf-8'>
# stdlog                                  : <_io.TextIOWrapper name='analysis/20220621_LocationPatterns/GATresults/WorkspaceHigh/log/invs_CEUSpence.log' mode='a' encoding='UTF-8'>
# stdout                                  : <_io.TextIOWrapper name='analysis/20220621_LocationPatterns/GATresults/WorkspaceHigh/tsv/invs_CEUSpence.tsv' mode='w' encoding='UTF-8'>
# timeit_file                             : None
# timeit_header                           : None
# timeit_name                             : all
# truncate_segments_to_workspace          : False
# truncate_workspace_to_annotations       : False
# workspace_files                         : ['analysis/20220621_LocationPatterns/GATfiles/Isochores/genomicSuperDups_COzones_0.1/Low.txt']
2022-06-21 09:36:31,910 INFO segments: reading tracks from 1 files
2022-06-21 09:36:31,910 INFO segments: read 1 tracks from 1 files
2022-06-21 09:36:31,910 INFO annotations: reading tracks from 1 files
2022-06-21 09:36:32,029 INFO annotations: read 1 tracks from 1 files
2022-06-21 09:36:32,033 INFO workspaces: reading tracks from 1 files
2022-06-21 09:36:32,033 INFO workspaces: read 1 tracks from 1 files
2022-06-21 09:36:32,033 INFO collapsing workspaces
2022-06-21 09:36:32,033 INFO intervals loaded in 0 seconds
2022-06-21 09:36:32,033 INFO collecting observed counts
2022-06-21 09:36:32,033 INFO starting sampling
2022-06-21 09:36:32,033 INFO sampling: merged: 1/1
2022-06-21 09:36:32,033 INFO performing unconditional sampling
2022-06-21 09:36:32,033 INFO workspace without conditioning: 49 segments, 2341202087 nucleotides
2022-06-21 09:36:32,034 INFO workspace after conditioning: 49 segments, 2341202087 nucleotides
2022-06-21 09:36:32,034 INFO sampling started
2022-06-21 09:36:32,039 INFO 0/100 done ( 0.00)
2022-06-21 09:36:32,516 INFO sampling completed
2022-06-21 09:36:32,517 INFO sampling finished
2022-06-21 09:36:32,517 INFO computing PValue statistics
2022-06-21 09:36:32,517 INFO writing counts to analysis/20220621_LocationPatterns/GATresults/WorkspaceHigh/counts/invs_CEUSpence_nucleotide-overlap.tsv.gz
2022-06-21 09:36:32,517 INFO computing FDR statistics
# job finished in 0 seconds at Tue Jun 21 09:36:32 2022 --  1.37  0.02  0.00  0.00 -- ea3bff43-1a1a-4da1-a953-a2c295524ada
# output generated by /home/rgomez/anaconda3/bin/gat-run.py --segments=analysis/20220621_LocationPatterns/GATfiles/Segments/invs.bed --annotations=analysis/20220621_LocationPatterns/GATfiles/Annotations/genomicSuperDups_coords_normal.bed --output-counts-pattern=analysis/20220621_LocationPatterns/GATresults/WorkspaceHigh/counts/invs_CEUSpence_%s.tsv.gz --workspace=analysis/20220621_LocationPatterns/GATfiles/Isochores/genomicSuperDups_COzones_0.1/Low.txt --num-samples=100 --log=analysis/20220621_LocationPatterns/GATresults/WorkspaceHigh/log/invs_CEUSpence.log --stdout=analysis/20220621_LocationPatterns/GATresults/WorkspaceHigh/tsv/invs_CEUSpence.tsv
# job started at Tue Jun 21 09:38:11 2022 on rgomez-pc -- 496f2424-5208-441d-ac53-b6983c900f7e
# pid: 18817, system: Linux 5.3.0-7648-generic #41~1586790036~18.04~600aeb5-Ubuntu SMP Mon Apr 13 17:47:15 UTC  x86_64
# annotation_files                        : ['analysis/20220621_LocationPatterns/GATfiles/Annotations/genomicSuperDups_coords_normal.bed']
# annotations_label                       : None
# annotations_to_points                   : None
# bucket_size                             : 0
# cache                                   : None
# conditional                             : unconditional
# conditional_expansion                   : None
# conditional_extension                   : None
# counters                                : []
# enable_split_tracks                     : False
# ignore_segment_tracks                   : True
# input_filename_counts                   : None
# input_filename_descriptions             : None
# input_filename_results                  : None
# isochore_files                          : None
# loglevel                                : 1
# nbuckets                                : 100000
# null                                    : default
# num_samples                             : 100
# num_threads                             : 0
# output_bed                              : []
# output_counts_pattern                   : analysis/20220621_LocationPatterns/GATresults/WorkspaceHigh/counts/invs_CEUSpence_%s.tsv.gz
# output_filename_pattern                 : %s
# output_force                            : False
# output_order                            : fold
# output_plots_pattern                    : None
# output_samples_pattern                  : None
# output_stats                            : []
# output_tables_pattern                   : %s.tsv.gz
# overlapping_annotations                 : False
# pseudo_count                            : 1.0
# pvalue_method                           : empirical
# qvalue_lambda                           : None
# qvalue_method                           : BH
# qvalue_pi0_method                       : smoother
# random_seed                             : None
# restrict_workspace                      : False
# sample_files                            : []
# sampler                                 : annotator
# segment_files                           : ['analysis/20220621_LocationPatterns/GATfiles/Segments/invs.bed']
# shift_expansion                         : 2.0
# shift_extension                         : 0
# short_help                              : None
# stderr                                  : <_io.TextIOWrapper name='<stderr>' mode='w' encoding='utf-8'>
# stdin                                   : <_io.TextIOWrapper name='<stdin>' mode='r' encoding='utf-8'>
# stdlog                                  : <_io.TextIOWrapper name='analysis/20220621_LocationPatterns/GATresults/WorkspaceHigh/log/invs_CEUSpence.log' mode='a' encoding='UTF-8'>
# stdout                                  : <_io.TextIOWrapper name='analysis/20220621_LocationPatterns/GATresults/WorkspaceHigh/tsv/invs_CEUSpence.tsv' mode='w' encoding='UTF-8'>
# timeit_file                             : None
# timeit_header                           : None
# timeit_name                             : all
# truncate_segments_to_workspace          : False
# truncate_workspace_to_annotations       : False
# workspace_files                         : ['analysis/20220621_LocationPatterns/GATfiles/Isochores/genomicSuperDups_COzones_0.1/Low.txt']
2022-06-21 09:38:11,961 INFO segments: reading tracks from 1 files
2022-06-21 09:38:11,962 INFO segments: read 1 tracks from 1 files
2022-06-21 09:38:11,962 INFO annotations: reading tracks from 1 files
2022-06-21 09:38:12,085 INFO annotations: read 1 tracks from 1 files
2022-06-21 09:38:12,090 INFO workspaces: reading tracks from 1 files
2022-06-21 09:38:12,090 INFO workspaces: read 1 tracks from 1 files
2022-06-21 09:38:12,090 INFO collapsing workspaces
2022-06-21 09:38:12,090 INFO intervals loaded in 0 seconds
2022-06-21 09:38:12,090 INFO collecting observed counts
2022-06-21 09:38:12,090 INFO starting sampling
2022-06-21 09:38:12,090 INFO sampling: merged: 1/1
2022-06-21 09:38:12,090 INFO performing unconditional sampling
2022-06-21 09:38:12,090 INFO workspace without conditioning: 49 segments, 2341202087 nucleotides
2022-06-21 09:38:12,091 INFO workspace after conditioning: 49 segments, 2341202087 nucleotides
2022-06-21 09:38:12,091 INFO sampling started
2022-06-21 09:38:12,096 INFO 0/100 done ( 0.00)
2022-06-21 09:38:12,563 INFO sampling completed
2022-06-21 09:38:12,563 INFO sampling finished
2022-06-21 09:38:12,563 INFO computing PValue statistics
2022-06-21 09:38:12,564 INFO writing counts to analysis/20220621_LocationPatterns/GATresults/WorkspaceHigh/counts/invs_CEUSpence_nucleotide-overlap.tsv.gz
2022-06-21 09:38:12,564 INFO computing FDR statistics
# job finished in 0 seconds at Tue Jun 21 09:38:12 2022 --  1.39  0.03  0.00  0.00 -- 496f2424-5208-441d-ac53-b6983c900f7e
