# output generated by /home/rgomez/anaconda3/bin/gat-run.py --segments=analysis/20220621_LocationPatterns/GATfiles/Segments/LFinvs.bed --annotations=analysis/20220621_LocationPatterns/GATfiles/Annotations/genomicSuperDups_coords_normal.bed --output-counts-pattern=analysis/20220621_LocationPatterns/GATresults/WorkspaceHigh/counts/LFinvs_femBherer_%s.tsv.gz --workspace=analysis/20220621_LocationPatterns/GATfiles/Isochores/genomicSuperDups_COzones_0.1/Low.txt --num-samples=100 --log=analysis/20220621_LocationPatterns/GATresults/WorkspaceHigh/log/LFinvs_femBherer.log --stdout=analysis/20220621_LocationPatterns/GATresults/WorkspaceHigh/tsv/LFinvs_femBherer.tsv
# job started at Tue Jun 21 09:36:39 2022 on rgomez-pc -- 028d4b95-fa27-4dd8-868e-07479d636ecb
# pid: 18598, system: Linux 5.3.0-7648-generic #41~1586790036~18.04~600aeb5-Ubuntu SMP Mon Apr 13 17:47:15 UTC  x86_64
# annotation_files                        : ['analysis/20220621_LocationPatterns/GATfiles/Annotations/genomicSuperDups_coords_normal.bed']
# annotations_label                       : None
# annotations_to_points                   : None
# bucket_size                             : 0
# cache                                   : None
# conditional                             : unconditional
# conditional_expansion                   : None
# conditional_extension                   : None
# counters                                : []
# enable_split_tracks                     : False
# ignore_segment_tracks                   : True
# input_filename_counts                   : None
# input_filename_descriptions             : None
# input_filename_results                  : None
# isochore_files                          : None
# loglevel                                : 1
# nbuckets                                : 100000
# null                                    : default
# num_samples                             : 100
# num_threads                             : 0
# output_bed                              : []
# output_counts_pattern                   : analysis/20220621_LocationPatterns/GATresults/WorkspaceHigh/counts/LFinvs_femBherer_%s.tsv.gz
# output_filename_pattern                 : %s
# output_force                            : False
# output_order                            : fold
# output_plots_pattern                    : None
# output_samples_pattern                  : None
# output_stats                            : []
# output_tables_pattern                   : %s.tsv.gz
# overlapping_annotations                 : False
# pseudo_count                            : 1.0
# pvalue_method                           : empirical
# qvalue_lambda                           : None
# qvalue_method                           : BH
# qvalue_pi0_method                       : smoother
# random_seed                             : None
# restrict_workspace                      : False
# sample_files                            : []
# sampler                                 : annotator
# segment_files                           : ['analysis/20220621_LocationPatterns/GATfiles/Segments/LFinvs.bed']
# shift_expansion                         : 2.0
# shift_extension                         : 0
# short_help                              : None
# stderr                                  : <_io.TextIOWrapper name='<stderr>' mode='w' encoding='utf-8'>
# stdin                                   : <_io.TextIOWrapper name='<stdin>' mode='r' encoding='utf-8'>
# stdlog                                  : <_io.TextIOWrapper name='analysis/20220621_LocationPatterns/GATresults/WorkspaceHigh/log/LFinvs_femBherer.log' mode='a' encoding='UTF-8'>
# stdout                                  : <_io.TextIOWrapper name='analysis/20220621_LocationPatterns/GATresults/WorkspaceHigh/tsv/LFinvs_femBherer.tsv' mode='w' encoding='UTF-8'>
# timeit_file                             : None
# timeit_header                           : None
# timeit_name                             : all
# truncate_segments_to_workspace          : False
# truncate_workspace_to_annotations       : False
# workspace_files                         : ['analysis/20220621_LocationPatterns/GATfiles/Isochores/genomicSuperDups_COzones_0.1/Low.txt']
2022-06-21 09:36:39,132 INFO segments: reading tracks from 1 files
2022-06-21 09:36:39,132 INFO segments: read 1 tracks from 1 files
2022-06-21 09:36:39,132 INFO annotations: reading tracks from 1 files
2022-06-21 09:36:39,258 INFO annotations: read 1 tracks from 1 files
2022-06-21 09:36:39,262 INFO workspaces: reading tracks from 1 files
2022-06-21 09:36:39,262 INFO workspaces: read 1 tracks from 1 files
2022-06-21 09:36:39,262 INFO collapsing workspaces
2022-06-21 09:36:39,263 INFO intervals loaded in 0 seconds
2022-06-21 09:36:39,263 INFO collecting observed counts
2022-06-21 09:36:39,263 INFO starting sampling
2022-06-21 09:36:39,263 INFO sampling: merged: 1/1
2022-06-21 09:36:39,263 INFO performing unconditional sampling
2022-06-21 09:36:39,263 INFO workspace without conditioning: 49 segments, 2341202087 nucleotides
2022-06-21 09:36:39,263 INFO workspace after conditioning: 49 segments, 2341202087 nucleotides
2022-06-21 09:36:39,263 INFO sampling started
2022-06-21 09:36:39,267 INFO 0/100 done ( 0.00)
2022-06-21 09:36:39,606 INFO sampling completed
2022-06-21 09:36:39,606 INFO sampling finished
2022-06-21 09:36:39,606 INFO computing PValue statistics
2022-06-21 09:36:39,607 INFO writing counts to analysis/20220621_LocationPatterns/GATresults/WorkspaceHigh/counts/LFinvs_femBherer_nucleotide-overlap.tsv.gz
2022-06-21 09:36:39,607 INFO computing FDR statistics
# job finished in 0 seconds at Tue Jun 21 09:36:39 2022 --  1.21  0.05  0.00  0.00 -- 028d4b95-fa27-4dd8-868e-07479d636ecb
# output generated by /home/rgomez/anaconda3/bin/gat-run.py --segments=analysis/20220621_LocationPatterns/GATfiles/Segments/LFinvs.bed --annotations=analysis/20220621_LocationPatterns/GATfiles/Annotations/genomicSuperDups_coords_normal.bed --output-counts-pattern=analysis/20220621_LocationPatterns/GATresults/WorkspaceHigh/counts/LFinvs_femBherer_%s.tsv.gz --workspace=analysis/20220621_LocationPatterns/GATfiles/Isochores/genomicSuperDups_COzones_0.1/Low.txt --num-samples=100 --log=analysis/20220621_LocationPatterns/GATresults/WorkspaceHigh/log/LFinvs_femBherer.log --stdout=analysis/20220621_LocationPatterns/GATresults/WorkspaceHigh/tsv/LFinvs_femBherer.tsv
# job started at Tue Jun 21 09:38:19 2022 on rgomez-pc -- d6a1fae0-f0bc-4ce8-a8d4-09448c107bd9
# pid: 18840, system: Linux 5.3.0-7648-generic #41~1586790036~18.04~600aeb5-Ubuntu SMP Mon Apr 13 17:47:15 UTC  x86_64
# annotation_files                        : ['analysis/20220621_LocationPatterns/GATfiles/Annotations/genomicSuperDups_coords_normal.bed']
# annotations_label                       : None
# annotations_to_points                   : None
# bucket_size                             : 0
# cache                                   : None
# conditional                             : unconditional
# conditional_expansion                   : None
# conditional_extension                   : None
# counters                                : []
# enable_split_tracks                     : False
# ignore_segment_tracks                   : True
# input_filename_counts                   : None
# input_filename_descriptions             : None
# input_filename_results                  : None
# isochore_files                          : None
# loglevel                                : 1
# nbuckets                                : 100000
# null                                    : default
# num_samples                             : 100
# num_threads                             : 0
# output_bed                              : []
# output_counts_pattern                   : analysis/20220621_LocationPatterns/GATresults/WorkspaceHigh/counts/LFinvs_femBherer_%s.tsv.gz
# output_filename_pattern                 : %s
# output_force                            : False
# output_order                            : fold
# output_plots_pattern                    : None
# output_samples_pattern                  : None
# output_stats                            : []
# output_tables_pattern                   : %s.tsv.gz
# overlapping_annotations                 : False
# pseudo_count                            : 1.0
# pvalue_method                           : empirical
# qvalue_lambda                           : None
# qvalue_method                           : BH
# qvalue_pi0_method                       : smoother
# random_seed                             : None
# restrict_workspace                      : False
# sample_files                            : []
# sampler                                 : annotator
# segment_files                           : ['analysis/20220621_LocationPatterns/GATfiles/Segments/LFinvs.bed']
# shift_expansion                         : 2.0
# shift_extension                         : 0
# short_help                              : None
# stderr                                  : <_io.TextIOWrapper name='<stderr>' mode='w' encoding='utf-8'>
# stdin                                   : <_io.TextIOWrapper name='<stdin>' mode='r' encoding='utf-8'>
# stdlog                                  : <_io.TextIOWrapper name='analysis/20220621_LocationPatterns/GATresults/WorkspaceHigh/log/LFinvs_femBherer.log' mode='a' encoding='UTF-8'>
# stdout                                  : <_io.TextIOWrapper name='analysis/20220621_LocationPatterns/GATresults/WorkspaceHigh/tsv/LFinvs_femBherer.tsv' mode='w' encoding='UTF-8'>
# timeit_file                             : None
# timeit_header                           : None
# timeit_name                             : all
# truncate_segments_to_workspace          : False
# truncate_workspace_to_annotations       : False
# workspace_files                         : ['analysis/20220621_LocationPatterns/GATfiles/Isochores/genomicSuperDups_COzones_0.1/Low.txt']
2022-06-21 09:38:19,534 INFO segments: reading tracks from 1 files
2022-06-21 09:38:19,534 INFO segments: read 1 tracks from 1 files
2022-06-21 09:38:19,534 INFO annotations: reading tracks from 1 files
2022-06-21 09:38:19,664 INFO annotations: read 1 tracks from 1 files
2022-06-21 09:38:19,669 INFO workspaces: reading tracks from 1 files
2022-06-21 09:38:19,669 INFO workspaces: read 1 tracks from 1 files
2022-06-21 09:38:19,669 INFO collapsing workspaces
2022-06-21 09:38:19,669 INFO intervals loaded in 0 seconds
2022-06-21 09:38:19,670 INFO collecting observed counts
2022-06-21 09:38:19,670 INFO starting sampling
2022-06-21 09:38:19,670 INFO sampling: merged: 1/1
2022-06-21 09:38:19,670 INFO performing unconditional sampling
2022-06-21 09:38:19,670 INFO workspace without conditioning: 49 segments, 2341202087 nucleotides
2022-06-21 09:38:19,670 INFO workspace after conditioning: 49 segments, 2341202087 nucleotides
2022-06-21 09:38:19,670 INFO sampling started
2022-06-21 09:38:19,674 INFO 0/100 done ( 0.00)
2022-06-21 09:38:20,012 INFO sampling completed
2022-06-21 09:38:20,012 INFO sampling finished
2022-06-21 09:38:20,012 INFO computing PValue statistics
2022-06-21 09:38:20,013 INFO writing counts to analysis/20220621_LocationPatterns/GATresults/WorkspaceHigh/counts/LFinvs_femBherer_nucleotide-overlap.tsv.gz
2022-06-21 09:38:20,013 INFO computing FDR statistics
# job finished in 0 seconds at Tue Jun 21 09:38:20 2022 --  1.24  0.05  0.00  0.00 -- d6a1fae0-f0bc-4ce8-a8d4-09448c107bd9
