# output generated by /home/rgomez/anaconda3/bin/gat-run.py --segments=analysis/20220621_LocationPatterns/GATfiles/Segments/LFNAHRinvs.bed --annotations=analysis/20220621_LocationPatterns/GATfiles/Annotations/genomicSuperDups_coords_normal.bed --output-counts-pattern=analysis/20220621_LocationPatterns/GATresults/WorkspaceHigh/counts/LFNAHRinvs_avgBherer_%s.tsv.gz --workspace=analysis/20220621_LocationPatterns/GATfiles/Isochores/genomicSuperDups_COzones_0.1/Low.txt --num-samples=100 --log=analysis/20220621_LocationPatterns/GATresults/WorkspaceHigh/log/LFNAHRinvs_avgBherer.log --stdout=analysis/20220621_LocationPatterns/GATresults/WorkspaceHigh/tsv/LFNAHRinvs_avgBherer.tsv
# job started at Tue Jun 21 09:36:41 2022 on rgomez-pc -- 77cdcce8-91f8-4443-b9b4-1b6cf2860b4e
# pid: 18609, system: Linux 5.3.0-7648-generic #41~1586790036~18.04~600aeb5-Ubuntu SMP Mon Apr 13 17:47:15 UTC  x86_64
# annotation_files                        : ['analysis/20220621_LocationPatterns/GATfiles/Annotations/genomicSuperDups_coords_normal.bed']
# annotations_label                       : None
# annotations_to_points                   : None
# bucket_size                             : 0
# cache                                   : None
# conditional                             : unconditional
# conditional_expansion                   : None
# conditional_extension                   : None
# counters                                : []
# enable_split_tracks                     : False
# ignore_segment_tracks                   : True
# input_filename_counts                   : None
# input_filename_descriptions             : None
# input_filename_results                  : None
# isochore_files                          : None
# loglevel                                : 1
# nbuckets                                : 100000
# null                                    : default
# num_samples                             : 100
# num_threads                             : 0
# output_bed                              : []
# output_counts_pattern                   : analysis/20220621_LocationPatterns/GATresults/WorkspaceHigh/counts/LFNAHRinvs_avgBherer_%s.tsv.gz
# output_filename_pattern                 : %s
# output_force                            : False
# output_order                            : fold
# output_plots_pattern                    : None
# output_samples_pattern                  : None
# output_stats                            : []
# output_tables_pattern                   : %s.tsv.gz
# overlapping_annotations                 : False
# pseudo_count                            : 1.0
# pvalue_method                           : empirical
# qvalue_lambda                           : None
# qvalue_method                           : BH
# qvalue_pi0_method                       : smoother
# random_seed                             : None
# restrict_workspace                      : False
# sample_files                            : []
# sampler                                 : annotator
# segment_files                           : ['analysis/20220621_LocationPatterns/GATfiles/Segments/LFNAHRinvs.bed']
# shift_expansion                         : 2.0
# shift_extension                         : 0
# short_help                              : None
# stderr                                  : <_io.TextIOWrapper name='<stderr>' mode='w' encoding='utf-8'>
# stdin                                   : <_io.TextIOWrapper name='<stdin>' mode='r' encoding='utf-8'>
# stdlog                                  : <_io.TextIOWrapper name='analysis/20220621_LocationPatterns/GATresults/WorkspaceHigh/log/LFNAHRinvs_avgBherer.log' mode='a' encoding='UTF-8'>
# stdout                                  : <_io.TextIOWrapper name='analysis/20220621_LocationPatterns/GATresults/WorkspaceHigh/tsv/LFNAHRinvs_avgBherer.tsv' mode='w' encoding='UTF-8'>
# timeit_file                             : None
# timeit_header                           : None
# timeit_name                             : all
# truncate_segments_to_workspace          : False
# truncate_workspace_to_annotations       : False
# workspace_files                         : ['analysis/20220621_LocationPatterns/GATfiles/Isochores/genomicSuperDups_COzones_0.1/Low.txt']
2022-06-21 09:36:41,686 INFO segments: reading tracks from 1 files
2022-06-21 09:36:41,686 INFO segments: read 1 tracks from 1 files
2022-06-21 09:36:41,686 INFO annotations: reading tracks from 1 files
2022-06-21 09:36:41,810 INFO annotations: read 1 tracks from 1 files
2022-06-21 09:36:41,814 INFO workspaces: reading tracks from 1 files
2022-06-21 09:36:41,814 INFO workspaces: read 1 tracks from 1 files
2022-06-21 09:36:41,815 INFO collapsing workspaces
2022-06-21 09:36:41,815 INFO intervals loaded in 0 seconds
2022-06-21 09:36:41,815 INFO collecting observed counts
2022-06-21 09:36:41,815 INFO starting sampling
2022-06-21 09:36:41,815 INFO sampling: merged: 1/1
2022-06-21 09:36:41,815 INFO performing unconditional sampling
2022-06-21 09:36:41,815 INFO workspace without conditioning: 49 segments, 2341202087 nucleotides
2022-06-21 09:36:41,815 INFO workspace after conditioning: 49 segments, 2341202087 nucleotides
2022-06-21 09:36:41,815 INFO sampling started
2022-06-21 09:36:41,817 INFO 0/100 done ( 0.00)
2022-06-21 09:36:41,974 INFO sampling completed
2022-06-21 09:36:41,975 INFO sampling finished
2022-06-21 09:36:41,975 INFO computing PValue statistics
2022-06-21 09:36:41,975 INFO writing counts to analysis/20220621_LocationPatterns/GATresults/WorkspaceHigh/counts/LFNAHRinvs_avgBherer_nucleotide-overlap.tsv.gz
2022-06-21 09:36:41,975 INFO computing FDR statistics
# job finished in 0 seconds at Tue Jun 21 09:36:41 2022 --  1.04  0.04  0.00  0.00 -- 77cdcce8-91f8-4443-b9b4-1b6cf2860b4e
# output generated by /home/rgomez/anaconda3/bin/gat-run.py --segments=analysis/20220621_LocationPatterns/GATfiles/Segments/LFNAHRinvs.bed --annotations=analysis/20220621_LocationPatterns/GATfiles/Annotations/genomicSuperDups_coords_normal.bed --output-counts-pattern=analysis/20220621_LocationPatterns/GATresults/WorkspaceHigh/counts/LFNAHRinvs_avgBherer_%s.tsv.gz --workspace=analysis/20220621_LocationPatterns/GATfiles/Isochores/genomicSuperDups_COzones_0.1/Low.txt --num-samples=100 --log=analysis/20220621_LocationPatterns/GATresults/WorkspaceHigh/log/LFNAHRinvs_avgBherer.log --stdout=analysis/20220621_LocationPatterns/GATresults/WorkspaceHigh/tsv/LFNAHRinvs_avgBherer.tsv
# job started at Tue Jun 21 09:38:22 2022 on rgomez-pc -- 0fc23c84-5eca-4246-8635-83ae302a4169
# pid: 18852, system: Linux 5.3.0-7648-generic #41~1586790036~18.04~600aeb5-Ubuntu SMP Mon Apr 13 17:47:15 UTC  x86_64
# annotation_files                        : ['analysis/20220621_LocationPatterns/GATfiles/Annotations/genomicSuperDups_coords_normal.bed']
# annotations_label                       : None
# annotations_to_points                   : None
# bucket_size                             : 0
# cache                                   : None
# conditional                             : unconditional
# conditional_expansion                   : None
# conditional_extension                   : None
# counters                                : []
# enable_split_tracks                     : False
# ignore_segment_tracks                   : True
# input_filename_counts                   : None
# input_filename_descriptions             : None
# input_filename_results                  : None
# isochore_files                          : None
# loglevel                                : 1
# nbuckets                                : 100000
# null                                    : default
# num_samples                             : 100
# num_threads                             : 0
# output_bed                              : []
# output_counts_pattern                   : analysis/20220621_LocationPatterns/GATresults/WorkspaceHigh/counts/LFNAHRinvs_avgBherer_%s.tsv.gz
# output_filename_pattern                 : %s
# output_force                            : False
# output_order                            : fold
# output_plots_pattern                    : None
# output_samples_pattern                  : None
# output_stats                            : []
# output_tables_pattern                   : %s.tsv.gz
# overlapping_annotations                 : False
# pseudo_count                            : 1.0
# pvalue_method                           : empirical
# qvalue_lambda                           : None
# qvalue_method                           : BH
# qvalue_pi0_method                       : smoother
# random_seed                             : None
# restrict_workspace                      : False
# sample_files                            : []
# sampler                                 : annotator
# segment_files                           : ['analysis/20220621_LocationPatterns/GATfiles/Segments/LFNAHRinvs.bed']
# shift_expansion                         : 2.0
# shift_extension                         : 0
# short_help                              : None
# stderr                                  : <_io.TextIOWrapper name='<stderr>' mode='w' encoding='utf-8'>
# stdin                                   : <_io.TextIOWrapper name='<stdin>' mode='r' encoding='utf-8'>
# stdlog                                  : <_io.TextIOWrapper name='analysis/20220621_LocationPatterns/GATresults/WorkspaceHigh/log/LFNAHRinvs_avgBherer.log' mode='a' encoding='UTF-8'>
# stdout                                  : <_io.TextIOWrapper name='analysis/20220621_LocationPatterns/GATresults/WorkspaceHigh/tsv/LFNAHRinvs_avgBherer.tsv' mode='w' encoding='UTF-8'>
# timeit_file                             : None
# timeit_header                           : None
# timeit_name                             : all
# truncate_segments_to_workspace          : False
# truncate_workspace_to_annotations       : False
# workspace_files                         : ['analysis/20220621_LocationPatterns/GATfiles/Isochores/genomicSuperDups_COzones_0.1/Low.txt']
2022-06-21 09:38:22,205 INFO segments: reading tracks from 1 files
2022-06-21 09:38:22,205 INFO segments: read 1 tracks from 1 files
2022-06-21 09:38:22,205 INFO annotations: reading tracks from 1 files
2022-06-21 09:38:22,330 INFO annotations: read 1 tracks from 1 files
2022-06-21 09:38:22,334 INFO workspaces: reading tracks from 1 files
2022-06-21 09:38:22,334 INFO workspaces: read 1 tracks from 1 files
2022-06-21 09:38:22,334 INFO collapsing workspaces
2022-06-21 09:38:22,334 INFO intervals loaded in 0 seconds
2022-06-21 09:38:22,334 INFO collecting observed counts
2022-06-21 09:38:22,334 INFO starting sampling
2022-06-21 09:38:22,334 INFO sampling: merged: 1/1
2022-06-21 09:38:22,334 INFO performing unconditional sampling
2022-06-21 09:38:22,335 INFO workspace without conditioning: 49 segments, 2341202087 nucleotides
2022-06-21 09:38:22,335 INFO workspace after conditioning: 49 segments, 2341202087 nucleotides
2022-06-21 09:38:22,335 INFO sampling started
2022-06-21 09:38:22,336 INFO 0/100 done ( 0.00)
2022-06-21 09:38:22,493 INFO sampling completed
2022-06-21 09:38:22,493 INFO sampling finished
2022-06-21 09:38:22,493 INFO computing PValue statistics
2022-06-21 09:38:22,493 INFO writing counts to analysis/20220621_LocationPatterns/GATresults/WorkspaceHigh/counts/LFNAHRinvs_avgBherer_nucleotide-overlap.tsv.gz
2022-06-21 09:38:22,494 INFO computing FDR statistics
# job finished in 0 seconds at Tue Jun 21 09:38:22 2022 --  1.07  0.04  0.00  0.00 -- 0fc23c84-5eca-4246-8635-83ae302a4169
