# output generated by /home/rgomez/anaconda3/bin/gat-run.py --segments=analysis/20220621_LocationPatterns/GATfiles/Segments/LFNHinvs.bed --annotations=analysis/20220621_LocationPatterns/GATfiles/Annotations/genomicSuperDups_coords_normal.bed --output-counts-pattern=analysis/20220621_LocationPatterns/GATresults/WorkspaceHigh/counts/LFNHinvs_femBherer_%s.tsv.gz --workspace=analysis/20220621_LocationPatterns/GATfiles/Isochores/genomicSuperDups_COzones_0.1/Low.txt --num-samples=100 --log=analysis/20220621_LocationPatterns/GATresults/WorkspaceHigh/log/LFNHinvs_femBherer.log --stdout=analysis/20220621_LocationPatterns/GATresults/WorkspaceHigh/tsv/LFNHinvs_femBherer.tsv
# job started at Tue Jun 21 09:36:46 2022 on rgomez-pc -- 2cbed52c-62e5-4976-a12c-282e2512f970
# pid: 18626, system: Linux 5.3.0-7648-generic #41~1586790036~18.04~600aeb5-Ubuntu SMP Mon Apr 13 17:47:15 UTC  x86_64
# annotation_files                        : ['analysis/20220621_LocationPatterns/GATfiles/Annotations/genomicSuperDups_coords_normal.bed']
# annotations_label                       : None
# annotations_to_points                   : None
# bucket_size                             : 0
# cache                                   : None
# conditional                             : unconditional
# conditional_expansion                   : None
# conditional_extension                   : None
# counters                                : []
# enable_split_tracks                     : False
# ignore_segment_tracks                   : True
# input_filename_counts                   : None
# input_filename_descriptions             : None
# input_filename_results                  : None
# isochore_files                          : None
# loglevel                                : 1
# nbuckets                                : 100000
# null                                    : default
# num_samples                             : 100
# num_threads                             : 0
# output_bed                              : []
# output_counts_pattern                   : analysis/20220621_LocationPatterns/GATresults/WorkspaceHigh/counts/LFNHinvs_femBherer_%s.tsv.gz
# output_filename_pattern                 : %s
# output_force                            : False
# output_order                            : fold
# output_plots_pattern                    : None
# output_samples_pattern                  : None
# output_stats                            : []
# output_tables_pattern                   : %s.tsv.gz
# overlapping_annotations                 : False
# pseudo_count                            : 1.0
# pvalue_method                           : empirical
# qvalue_lambda                           : None
# qvalue_method                           : BH
# qvalue_pi0_method                       : smoother
# random_seed                             : None
# restrict_workspace                      : False
# sample_files                            : []
# sampler                                 : annotator
# segment_files                           : ['analysis/20220621_LocationPatterns/GATfiles/Segments/LFNHinvs.bed']
# shift_expansion                         : 2.0
# shift_extension                         : 0
# short_help                              : None
# stderr                                  : <_io.TextIOWrapper name='<stderr>' mode='w' encoding='utf-8'>
# stdin                                   : <_io.TextIOWrapper name='<stdin>' mode='r' encoding='utf-8'>
# stdlog                                  : <_io.TextIOWrapper name='analysis/20220621_LocationPatterns/GATresults/WorkspaceHigh/log/LFNHinvs_femBherer.log' mode='a' encoding='UTF-8'>
# stdout                                  : <_io.TextIOWrapper name='analysis/20220621_LocationPatterns/GATresults/WorkspaceHigh/tsv/LFNHinvs_femBherer.tsv' mode='w' encoding='UTF-8'>
# timeit_file                             : None
# timeit_header                           : None
# timeit_name                             : all
# truncate_segments_to_workspace          : False
# truncate_workspace_to_annotations       : False
# workspace_files                         : ['analysis/20220621_LocationPatterns/GATfiles/Isochores/genomicSuperDups_COzones_0.1/Low.txt']
2022-06-21 09:36:46,567 INFO segments: reading tracks from 1 files
2022-06-21 09:36:46,568 INFO segments: read 1 tracks from 1 files
2022-06-21 09:36:46,568 INFO annotations: reading tracks from 1 files
2022-06-21 09:36:46,691 INFO annotations: read 1 tracks from 1 files
2022-06-21 09:36:46,695 INFO workspaces: reading tracks from 1 files
2022-06-21 09:36:46,695 INFO workspaces: read 1 tracks from 1 files
2022-06-21 09:36:46,696 INFO collapsing workspaces
2022-06-21 09:36:46,696 INFO intervals loaded in 0 seconds
2022-06-21 09:36:46,696 INFO collecting observed counts
2022-06-21 09:36:46,696 INFO starting sampling
2022-06-21 09:36:46,696 INFO sampling: merged: 1/1
2022-06-21 09:36:46,696 INFO performing unconditional sampling
2022-06-21 09:36:46,696 INFO workspace without conditioning: 49 segments, 2341202087 nucleotides
2022-06-21 09:36:46,696 INFO workspace after conditioning: 49 segments, 2341202087 nucleotides
2022-06-21 09:36:46,696 INFO sampling started
2022-06-21 09:36:46,698 INFO 0/100 done ( 0.00)
2022-06-21 09:36:46,906 INFO sampling completed
2022-06-21 09:36:46,906 INFO sampling finished
2022-06-21 09:36:46,906 INFO computing PValue statistics
2022-06-21 09:36:46,906 INFO writing counts to analysis/20220621_LocationPatterns/GATresults/WorkspaceHigh/counts/LFNHinvs_femBherer_nucleotide-overlap.tsv.gz
2022-06-21 09:36:46,907 INFO computing FDR statistics
# job finished in 0 seconds at Tue Jun 21 09:36:46 2022 --  1.08  0.04  0.00  0.00 -- 2cbed52c-62e5-4976-a12c-282e2512f970
# output generated by /home/rgomez/anaconda3/bin/gat-run.py --segments=analysis/20220621_LocationPatterns/GATfiles/Segments/LFNHinvs.bed --annotations=analysis/20220621_LocationPatterns/GATfiles/Annotations/genomicSuperDups_coords_normal.bed --output-counts-pattern=analysis/20220621_LocationPatterns/GATresults/WorkspaceHigh/counts/LFNHinvs_femBherer_%s.tsv.gz --workspace=analysis/20220621_LocationPatterns/GATfiles/Isochores/genomicSuperDups_COzones_0.1/Low.txt --num-samples=100 --log=analysis/20220621_LocationPatterns/GATresults/WorkspaceHigh/log/LFNHinvs_femBherer.log --stdout=analysis/20220621_LocationPatterns/GATresults/WorkspaceHigh/tsv/LFNHinvs_femBherer.tsv
# job started at Tue Jun 21 09:38:27 2022 on rgomez-pc -- 530026e6-434c-441f-b93b-f0a0fc0c6198
# pid: 18868, system: Linux 5.3.0-7648-generic #41~1586790036~18.04~600aeb5-Ubuntu SMP Mon Apr 13 17:47:15 UTC  x86_64
# annotation_files                        : ['analysis/20220621_LocationPatterns/GATfiles/Annotations/genomicSuperDups_coords_normal.bed']
# annotations_label                       : None
# annotations_to_points                   : None
# bucket_size                             : 0
# cache                                   : None
# conditional                             : unconditional
# conditional_expansion                   : None
# conditional_extension                   : None
# counters                                : []
# enable_split_tracks                     : False
# ignore_segment_tracks                   : True
# input_filename_counts                   : None
# input_filename_descriptions             : None
# input_filename_results                  : None
# isochore_files                          : None
# loglevel                                : 1
# nbuckets                                : 100000
# null                                    : default
# num_samples                             : 100
# num_threads                             : 0
# output_bed                              : []
# output_counts_pattern                   : analysis/20220621_LocationPatterns/GATresults/WorkspaceHigh/counts/LFNHinvs_femBherer_%s.tsv.gz
# output_filename_pattern                 : %s
# output_force                            : False
# output_order                            : fold
# output_plots_pattern                    : None
# output_samples_pattern                  : None
# output_stats                            : []
# output_tables_pattern                   : %s.tsv.gz
# overlapping_annotations                 : False
# pseudo_count                            : 1.0
# pvalue_method                           : empirical
# qvalue_lambda                           : None
# qvalue_method                           : BH
# qvalue_pi0_method                       : smoother
# random_seed                             : None
# restrict_workspace                      : False
# sample_files                            : []
# sampler                                 : annotator
# segment_files                           : ['analysis/20220621_LocationPatterns/GATfiles/Segments/LFNHinvs.bed']
# shift_expansion                         : 2.0
# shift_extension                         : 0
# short_help                              : None
# stderr                                  : <_io.TextIOWrapper name='<stderr>' mode='w' encoding='utf-8'>
# stdin                                   : <_io.TextIOWrapper name='<stdin>' mode='r' encoding='utf-8'>
# stdlog                                  : <_io.TextIOWrapper name='analysis/20220621_LocationPatterns/GATresults/WorkspaceHigh/log/LFNHinvs_femBherer.log' mode='a' encoding='UTF-8'>
# stdout                                  : <_io.TextIOWrapper name='analysis/20220621_LocationPatterns/GATresults/WorkspaceHigh/tsv/LFNHinvs_femBherer.tsv' mode='w' encoding='UTF-8'>
# timeit_file                             : None
# timeit_header                           : None
# timeit_name                             : all
# truncate_segments_to_workspace          : False
# truncate_workspace_to_annotations       : False
# workspace_files                         : ['analysis/20220621_LocationPatterns/GATfiles/Isochores/genomicSuperDups_COzones_0.1/Low.txt']
2022-06-21 09:38:27,196 INFO segments: reading tracks from 1 files
2022-06-21 09:38:27,196 INFO segments: read 1 tracks from 1 files
2022-06-21 09:38:27,196 INFO annotations: reading tracks from 1 files
2022-06-21 09:38:27,321 INFO annotations: read 1 tracks from 1 files
2022-06-21 09:38:27,325 INFO workspaces: reading tracks from 1 files
2022-06-21 09:38:27,326 INFO workspaces: read 1 tracks from 1 files
2022-06-21 09:38:27,326 INFO collapsing workspaces
2022-06-21 09:38:27,326 INFO intervals loaded in 0 seconds
2022-06-21 09:38:27,326 INFO collecting observed counts
2022-06-21 09:38:27,326 INFO starting sampling
2022-06-21 09:38:27,326 INFO sampling: merged: 1/1
2022-06-21 09:38:27,326 INFO performing unconditional sampling
2022-06-21 09:38:27,326 INFO workspace without conditioning: 49 segments, 2341202087 nucleotides
2022-06-21 09:38:27,326 INFO workspace after conditioning: 49 segments, 2341202087 nucleotides
2022-06-21 09:38:27,326 INFO sampling started
2022-06-21 09:38:27,329 INFO 0/100 done ( 0.00)
2022-06-21 09:38:27,544 INFO sampling completed
2022-06-21 09:38:27,544 INFO sampling finished
2022-06-21 09:38:27,544 INFO computing PValue statistics
2022-06-21 09:38:27,545 INFO writing counts to analysis/20220621_LocationPatterns/GATresults/WorkspaceHigh/counts/LFNHinvs_femBherer_nucleotide-overlap.tsv.gz
2022-06-21 09:38:27,545 INFO computing FDR statistics
# job finished in 0 seconds at Tue Jun 21 09:38:27 2022 --  1.11  0.05  0.00  0.00 -- 530026e6-434c-441f-b93b-f0a0fc0c6198
