# output generated by /home/rgomez/anaconda3/bin/gat-run.py --segments=analysis/20220621_LocationPatterns/GATfiles/Segments/NAHRno501invs.bed --annotations=analysis/20220621_LocationPatterns/GATfiles/Annotations/genomicSuperDups_coords_normal.bed --output-counts-pattern=analysis/20220621_LocationPatterns/GATresults/WorkspaceHigh/counts/NAHRno501invs_avgBherer_%s.tsv.gz --workspace=analysis/20220621_LocationPatterns/GATfiles/Isochores/genomicSuperDups_COzones_0.1/Low.txt --num-samples=100 --log=analysis/20220621_LocationPatterns/GATresults/WorkspaceHigh/log/NAHRno501invs_avgBherer.log --stdout=analysis/20220621_LocationPatterns/GATresults/WorkspaceHigh/tsv/NAHRno501invs_avgBherer.tsv
# job started at Tue Jun 21 09:36:52 2022 on rgomez-pc -- 9699e0a6-219c-4b7d-9247-2bac4e63cddc
# pid: 18650, system: Linux 5.3.0-7648-generic #41~1586790036~18.04~600aeb5-Ubuntu SMP Mon Apr 13 17:47:15 UTC  x86_64
# annotation_files                        : ['analysis/20220621_LocationPatterns/GATfiles/Annotations/genomicSuperDups_coords_normal.bed']
# annotations_label                       : None
# annotations_to_points                   : None
# bucket_size                             : 0
# cache                                   : None
# conditional                             : unconditional
# conditional_expansion                   : None
# conditional_extension                   : None
# counters                                : []
# enable_split_tracks                     : False
# ignore_segment_tracks                   : True
# input_filename_counts                   : None
# input_filename_descriptions             : None
# input_filename_results                  : None
# isochore_files                          : None
# loglevel                                : 1
# nbuckets                                : 100000
# null                                    : default
# num_samples                             : 100
# num_threads                             : 0
# output_bed                              : []
# output_counts_pattern                   : analysis/20220621_LocationPatterns/GATresults/WorkspaceHigh/counts/NAHRno501invs_avgBherer_%s.tsv.gz
# output_filename_pattern                 : %s
# output_force                            : False
# output_order                            : fold
# output_plots_pattern                    : None
# output_samples_pattern                  : None
# output_stats                            : []
# output_tables_pattern                   : %s.tsv.gz
# overlapping_annotations                 : False
# pseudo_count                            : 1.0
# pvalue_method                           : empirical
# qvalue_lambda                           : None
# qvalue_method                           : BH
# qvalue_pi0_method                       : smoother
# random_seed                             : None
# restrict_workspace                      : False
# sample_files                            : []
# sampler                                 : annotator
# segment_files                           : ['analysis/20220621_LocationPatterns/GATfiles/Segments/NAHRno501invs.bed']
# shift_expansion                         : 2.0
# shift_extension                         : 0
# short_help                              : None
# stderr                                  : <_io.TextIOWrapper name='<stderr>' mode='w' encoding='utf-8'>
# stdin                                   : <_io.TextIOWrapper name='<stdin>' mode='r' encoding='utf-8'>
# stdlog                                  : <_io.TextIOWrapper name='analysis/20220621_LocationPatterns/GATresults/WorkspaceHigh/log/NAHRno501invs_avgBherer.log' mode='a' encoding='UTF-8'>
# stdout                                  : <_io.TextIOWrapper name='analysis/20220621_LocationPatterns/GATresults/WorkspaceHigh/tsv/NAHRno501invs_avgBherer.tsv' mode='w' encoding='UTF-8'>
# timeit_file                             : None
# timeit_header                           : None
# timeit_name                             : all
# truncate_segments_to_workspace          : False
# truncate_workspace_to_annotations       : False
# workspace_files                         : ['analysis/20220621_LocationPatterns/GATfiles/Isochores/genomicSuperDups_COzones_0.1/Low.txt']
2022-06-21 09:36:52,979 INFO segments: reading tracks from 1 files
2022-06-21 09:36:52,980 INFO segments: read 1 tracks from 1 files
2022-06-21 09:36:52,980 INFO annotations: reading tracks from 1 files
2022-06-21 09:36:53,105 INFO annotations: read 1 tracks from 1 files
2022-06-21 09:36:53,109 INFO workspaces: reading tracks from 1 files
2022-06-21 09:36:53,110 INFO workspaces: read 1 tracks from 1 files
2022-06-21 09:36:53,110 INFO collapsing workspaces
2022-06-21 09:36:53,110 INFO intervals loaded in 0 seconds
2022-06-21 09:36:53,110 INFO collecting observed counts
2022-06-21 09:36:53,110 INFO starting sampling
2022-06-21 09:36:53,110 INFO sampling: merged: 1/1
2022-06-21 09:36:53,110 INFO performing unconditional sampling
2022-06-21 09:36:53,110 INFO workspace without conditioning: 49 segments, 2341202087 nucleotides
2022-06-21 09:36:53,110 INFO workspace after conditioning: 49 segments, 2341202087 nucleotides
2022-06-21 09:36:53,111 INFO sampling started
2022-06-21 09:36:53,114 INFO 0/100 done ( 0.00)
2022-06-21 09:36:53,362 INFO sampling completed
2022-06-21 09:36:53,362 INFO sampling finished
2022-06-21 09:36:53,363 INFO computing PValue statistics
2022-06-21 09:36:53,363 INFO writing counts to analysis/20220621_LocationPatterns/GATresults/WorkspaceHigh/counts/NAHRno501invs_avgBherer_nucleotide-overlap.tsv.gz
2022-06-21 09:36:53,363 INFO computing FDR statistics
# job finished in 0 seconds at Tue Jun 21 09:36:53 2022 --  1.12  0.04  0.00  0.00 -- 9699e0a6-219c-4b7d-9247-2bac4e63cddc
# output generated by /home/rgomez/anaconda3/bin/gat-run.py --segments=analysis/20220621_LocationPatterns/GATfiles/Segments/NAHRno501invs.bed --annotations=analysis/20220621_LocationPatterns/GATfiles/Annotations/genomicSuperDups_coords_normal.bed --output-counts-pattern=analysis/20220621_LocationPatterns/GATresults/WorkspaceHigh/counts/NAHRno501invs_avgBherer_%s.tsv.gz --workspace=analysis/20220621_LocationPatterns/GATfiles/Isochores/genomicSuperDups_COzones_0.1/Low.txt --num-samples=100 --log=analysis/20220621_LocationPatterns/GATresults/WorkspaceHigh/log/NAHRno501invs_avgBherer.log --stdout=analysis/20220621_LocationPatterns/GATresults/WorkspaceHigh/tsv/NAHRno501invs_avgBherer.tsv
# job started at Tue Jun 21 09:38:33 2022 on rgomez-pc -- 9ced6fe9-c024-4e0c-bd3a-7a37ef8b05a5
# pid: 18900, system: Linux 5.3.0-7648-generic #41~1586790036~18.04~600aeb5-Ubuntu SMP Mon Apr 13 17:47:15 UTC  x86_64
# annotation_files                        : ['analysis/20220621_LocationPatterns/GATfiles/Annotations/genomicSuperDups_coords_normal.bed']
# annotations_label                       : None
# annotations_to_points                   : None
# bucket_size                             : 0
# cache                                   : None
# conditional                             : unconditional
# conditional_expansion                   : None
# conditional_extension                   : None
# counters                                : []
# enable_split_tracks                     : False
# ignore_segment_tracks                   : True
# input_filename_counts                   : None
# input_filename_descriptions             : None
# input_filename_results                  : None
# isochore_files                          : None
# loglevel                                : 1
# nbuckets                                : 100000
# null                                    : default
# num_samples                             : 100
# num_threads                             : 0
# output_bed                              : []
# output_counts_pattern                   : analysis/20220621_LocationPatterns/GATresults/WorkspaceHigh/counts/NAHRno501invs_avgBherer_%s.tsv.gz
# output_filename_pattern                 : %s
# output_force                            : False
# output_order                            : fold
# output_plots_pattern                    : None
# output_samples_pattern                  : None
# output_stats                            : []
# output_tables_pattern                   : %s.tsv.gz
# overlapping_annotations                 : False
# pseudo_count                            : 1.0
# pvalue_method                           : empirical
# qvalue_lambda                           : None
# qvalue_method                           : BH
# qvalue_pi0_method                       : smoother
# random_seed                             : None
# restrict_workspace                      : False
# sample_files                            : []
# sampler                                 : annotator
# segment_files                           : ['analysis/20220621_LocationPatterns/GATfiles/Segments/NAHRno501invs.bed']
# shift_expansion                         : 2.0
# shift_extension                         : 0
# short_help                              : None
# stderr                                  : <_io.TextIOWrapper name='<stderr>' mode='w' encoding='utf-8'>
# stdin                                   : <_io.TextIOWrapper name='<stdin>' mode='r' encoding='utf-8'>
# stdlog                                  : <_io.TextIOWrapper name='analysis/20220621_LocationPatterns/GATresults/WorkspaceHigh/log/NAHRno501invs_avgBherer.log' mode='a' encoding='UTF-8'>
# stdout                                  : <_io.TextIOWrapper name='analysis/20220621_LocationPatterns/GATresults/WorkspaceHigh/tsv/NAHRno501invs_avgBherer.tsv' mode='w' encoding='UTF-8'>
# timeit_file                             : None
# timeit_header                           : None
# timeit_name                             : all
# truncate_segments_to_workspace          : False
# truncate_workspace_to_annotations       : False
# workspace_files                         : ['analysis/20220621_LocationPatterns/GATfiles/Isochores/genomicSuperDups_COzones_0.1/Low.txt']
2022-06-21 09:38:33,813 INFO segments: reading tracks from 1 files
2022-06-21 09:38:33,813 INFO segments: read 1 tracks from 1 files
2022-06-21 09:38:33,813 INFO annotations: reading tracks from 1 files
2022-06-21 09:38:33,939 INFO annotations: read 1 tracks from 1 files
2022-06-21 09:38:33,943 INFO workspaces: reading tracks from 1 files
2022-06-21 09:38:33,944 INFO workspaces: read 1 tracks from 1 files
2022-06-21 09:38:33,944 INFO collapsing workspaces
2022-06-21 09:38:33,944 INFO intervals loaded in 0 seconds
2022-06-21 09:38:33,944 INFO collecting observed counts
2022-06-21 09:38:33,944 INFO starting sampling
2022-06-21 09:38:33,944 INFO sampling: merged: 1/1
2022-06-21 09:38:33,944 INFO performing unconditional sampling
2022-06-21 09:38:33,944 INFO workspace without conditioning: 49 segments, 2341202087 nucleotides
2022-06-21 09:38:33,944 INFO workspace after conditioning: 49 segments, 2341202087 nucleotides
2022-06-21 09:38:33,944 INFO sampling started
2022-06-21 09:38:33,947 INFO 0/100 done ( 0.00)
2022-06-21 09:38:34,222 INFO sampling completed
2022-06-21 09:38:34,222 INFO sampling finished
2022-06-21 09:38:34,222 INFO computing PValue statistics
2022-06-21 09:38:34,223 INFO writing counts to analysis/20220621_LocationPatterns/GATresults/WorkspaceHigh/counts/NAHRno501invs_avgBherer_nucleotide-overlap.tsv.gz
2022-06-21 09:38:34,223 INFO computing FDR statistics
# job finished in 0 seconds at Tue Jun 21 09:38:34 2022 --  1.19  0.04  0.00  0.00 -- 9ced6fe9-c024-4e0c-bd3a-7a37ef8b05a5
