# output generated by /home/rgomez/anaconda3/bin/gat-run.py --segments=analysis/20220621_LocationPatterns/GATfiles/Segments/NAHRno501invs.bed --annotations=analysis/20220621_LocationPatterns/GATfiles/Annotations/genomicSuperDups_coords_normal.bed --output-counts-pattern=analysis/20220621_LocationPatterns/GATresults/WorkspaceHigh/counts/NAHRno501invs_CEUSpence_%s.tsv.gz --workspace=analysis/20220621_LocationPatterns/GATfiles/Isochores/genomicSuperDups_COzones_0.1/Low.txt --num-samples=100 --log=analysis/20220621_LocationPatterns/GATresults/WorkspaceHigh/log/NAHRno501invs_CEUSpence.log --stdout=analysis/20220621_LocationPatterns/GATresults/WorkspaceHigh/tsv/NAHRno501invs_CEUSpence.tsv
# job started at Tue Jun 21 09:36:51 2022 on rgomez-pc -- 37a5d747-c87c-458f-84ba-e811380c051c
# pid: 18648, system: Linux 5.3.0-7648-generic #41~1586790036~18.04~600aeb5-Ubuntu SMP Mon Apr 13 17:47:15 UTC  x86_64
# annotation_files                        : ['analysis/20220621_LocationPatterns/GATfiles/Annotations/genomicSuperDups_coords_normal.bed']
# annotations_label                       : None
# annotations_to_points                   : None
# bucket_size                             : 0
# cache                                   : None
# conditional                             : unconditional
# conditional_expansion                   : None
# conditional_extension                   : None
# counters                                : []
# enable_split_tracks                     : False
# ignore_segment_tracks                   : True
# input_filename_counts                   : None
# input_filename_descriptions             : None
# input_filename_results                  : None
# isochore_files                          : None
# loglevel                                : 1
# nbuckets                                : 100000
# null                                    : default
# num_samples                             : 100
# num_threads                             : 0
# output_bed                              : []
# output_counts_pattern                   : analysis/20220621_LocationPatterns/GATresults/WorkspaceHigh/counts/NAHRno501invs_CEUSpence_%s.tsv.gz
# output_filename_pattern                 : %s
# output_force                            : False
# output_order                            : fold
# output_plots_pattern                    : None
# output_samples_pattern                  : None
# output_stats                            : []
# output_tables_pattern                   : %s.tsv.gz
# overlapping_annotations                 : False
# pseudo_count                            : 1.0
# pvalue_method                           : empirical
# qvalue_lambda                           : None
# qvalue_method                           : BH
# qvalue_pi0_method                       : smoother
# random_seed                             : None
# restrict_workspace                      : False
# sample_files                            : []
# sampler                                 : annotator
# segment_files                           : ['analysis/20220621_LocationPatterns/GATfiles/Segments/NAHRno501invs.bed']
# shift_expansion                         : 2.0
# shift_extension                         : 0
# short_help                              : None
# stderr                                  : <_io.TextIOWrapper name='<stderr>' mode='w' encoding='utf-8'>
# stdin                                   : <_io.TextIOWrapper name='<stdin>' mode='r' encoding='utf-8'>
# stdlog                                  : <_io.TextIOWrapper name='analysis/20220621_LocationPatterns/GATresults/WorkspaceHigh/log/NAHRno501invs_CEUSpence.log' mode='a' encoding='UTF-8'>
# stdout                                  : <_io.TextIOWrapper name='analysis/20220621_LocationPatterns/GATresults/WorkspaceHigh/tsv/NAHRno501invs_CEUSpence.tsv' mode='w' encoding='UTF-8'>
# timeit_file                             : None
# timeit_header                           : None
# timeit_name                             : all
# truncate_segments_to_workspace          : False
# truncate_workspace_to_annotations       : False
# workspace_files                         : ['analysis/20220621_LocationPatterns/GATfiles/Isochores/genomicSuperDups_COzones_0.1/Low.txt']
2022-06-21 09:36:51,697 INFO segments: reading tracks from 1 files
2022-06-21 09:36:51,697 INFO segments: read 1 tracks from 1 files
2022-06-21 09:36:51,697 INFO annotations: reading tracks from 1 files
2022-06-21 09:36:51,822 INFO annotations: read 1 tracks from 1 files
2022-06-21 09:36:51,826 INFO workspaces: reading tracks from 1 files
2022-06-21 09:36:51,827 INFO workspaces: read 1 tracks from 1 files
2022-06-21 09:36:51,827 INFO collapsing workspaces
2022-06-21 09:36:51,827 INFO intervals loaded in 0 seconds
2022-06-21 09:36:51,827 INFO collecting observed counts
2022-06-21 09:36:51,827 INFO starting sampling
2022-06-21 09:36:51,827 INFO sampling: merged: 1/1
2022-06-21 09:36:51,827 INFO performing unconditional sampling
2022-06-21 09:36:51,827 INFO workspace without conditioning: 49 segments, 2341202087 nucleotides
2022-06-21 09:36:51,827 INFO workspace after conditioning: 49 segments, 2341202087 nucleotides
2022-06-21 09:36:51,827 INFO sampling started
2022-06-21 09:36:51,830 INFO 0/100 done ( 0.00)
2022-06-21 09:36:52,073 INFO sampling completed
2022-06-21 09:36:52,073 INFO sampling finished
2022-06-21 09:36:52,073 INFO computing PValue statistics
2022-06-21 09:36:52,073 INFO writing counts to analysis/20220621_LocationPatterns/GATresults/WorkspaceHigh/counts/NAHRno501invs_CEUSpence_nucleotide-overlap.tsv.gz
2022-06-21 09:36:52,074 INFO computing FDR statistics
# job finished in 0 seconds at Tue Jun 21 09:36:52 2022 --  1.14  0.02  0.00  0.00 -- 37a5d747-c87c-458f-84ba-e811380c051c
# output generated by /home/rgomez/anaconda3/bin/gat-run.py --segments=analysis/20220621_LocationPatterns/GATfiles/Segments/NAHRno501invs.bed --annotations=analysis/20220621_LocationPatterns/GATfiles/Annotations/genomicSuperDups_coords_normal.bed --output-counts-pattern=analysis/20220621_LocationPatterns/GATresults/WorkspaceHigh/counts/NAHRno501invs_CEUSpence_%s.tsv.gz --workspace=analysis/20220621_LocationPatterns/GATfiles/Isochores/genomicSuperDups_COzones_0.1/Low.txt --num-samples=100 --log=analysis/20220621_LocationPatterns/GATresults/WorkspaceHigh/log/NAHRno501invs_CEUSpence.log --stdout=analysis/20220621_LocationPatterns/GATresults/WorkspaceHigh/tsv/NAHRno501invs_CEUSpence.tsv
# job started at Tue Jun 21 09:38:32 2022 on rgomez-pc -- a20b6554-3bca-4a73-a04f-bbe0c4c15997
# pid: 18898, system: Linux 5.3.0-7648-generic #41~1586790036~18.04~600aeb5-Ubuntu SMP Mon Apr 13 17:47:15 UTC  x86_64
# annotation_files                        : ['analysis/20220621_LocationPatterns/GATfiles/Annotations/genomicSuperDups_coords_normal.bed']
# annotations_label                       : None
# annotations_to_points                   : None
# bucket_size                             : 0
# cache                                   : None
# conditional                             : unconditional
# conditional_expansion                   : None
# conditional_extension                   : None
# counters                                : []
# enable_split_tracks                     : False
# ignore_segment_tracks                   : True
# input_filename_counts                   : None
# input_filename_descriptions             : None
# input_filename_results                  : None
# isochore_files                          : None
# loglevel                                : 1
# nbuckets                                : 100000
# null                                    : default
# num_samples                             : 100
# num_threads                             : 0
# output_bed                              : []
# output_counts_pattern                   : analysis/20220621_LocationPatterns/GATresults/WorkspaceHigh/counts/NAHRno501invs_CEUSpence_%s.tsv.gz
# output_filename_pattern                 : %s
# output_force                            : False
# output_order                            : fold
# output_plots_pattern                    : None
# output_samples_pattern                  : None
# output_stats                            : []
# output_tables_pattern                   : %s.tsv.gz
# overlapping_annotations                 : False
# pseudo_count                            : 1.0
# pvalue_method                           : empirical
# qvalue_lambda                           : None
# qvalue_method                           : BH
# qvalue_pi0_method                       : smoother
# random_seed                             : None
# restrict_workspace                      : False
# sample_files                            : []
# sampler                                 : annotator
# segment_files                           : ['analysis/20220621_LocationPatterns/GATfiles/Segments/NAHRno501invs.bed']
# shift_expansion                         : 2.0
# shift_extension                         : 0
# short_help                              : None
# stderr                                  : <_io.TextIOWrapper name='<stderr>' mode='w' encoding='utf-8'>
# stdin                                   : <_io.TextIOWrapper name='<stdin>' mode='r' encoding='utf-8'>
# stdlog                                  : <_io.TextIOWrapper name='analysis/20220621_LocationPatterns/GATresults/WorkspaceHigh/log/NAHRno501invs_CEUSpence.log' mode='a' encoding='UTF-8'>
# stdout                                  : <_io.TextIOWrapper name='analysis/20220621_LocationPatterns/GATresults/WorkspaceHigh/tsv/NAHRno501invs_CEUSpence.tsv' mode='w' encoding='UTF-8'>
# timeit_file                             : None
# timeit_header                           : None
# timeit_name                             : all
# truncate_segments_to_workspace          : False
# truncate_workspace_to_annotations       : False
# workspace_files                         : ['analysis/20220621_LocationPatterns/GATfiles/Isochores/genomicSuperDups_COzones_0.1/Low.txt']
2022-06-21 09:38:32,480 INFO segments: reading tracks from 1 files
2022-06-21 09:38:32,481 INFO segments: read 1 tracks from 1 files
2022-06-21 09:38:32,481 INFO annotations: reading tracks from 1 files
2022-06-21 09:38:32,603 INFO annotations: read 1 tracks from 1 files
2022-06-21 09:38:32,607 INFO workspaces: reading tracks from 1 files
2022-06-21 09:38:32,607 INFO workspaces: read 1 tracks from 1 files
2022-06-21 09:38:32,607 INFO collapsing workspaces
2022-06-21 09:38:32,607 INFO intervals loaded in 0 seconds
2022-06-21 09:38:32,607 INFO collecting observed counts
2022-06-21 09:38:32,607 INFO starting sampling
2022-06-21 09:38:32,607 INFO sampling: merged: 1/1
2022-06-21 09:38:32,607 INFO performing unconditional sampling
2022-06-21 09:38:32,608 INFO workspace without conditioning: 49 segments, 2341202087 nucleotides
2022-06-21 09:38:32,608 INFO workspace after conditioning: 49 segments, 2341202087 nucleotides
2022-06-21 09:38:32,608 INFO sampling started
2022-06-21 09:38:32,610 INFO 0/100 done ( 0.00)
2022-06-21 09:38:32,865 INFO sampling completed
2022-06-21 09:38:32,865 INFO sampling finished
2022-06-21 09:38:32,865 INFO computing PValue statistics
2022-06-21 09:38:32,865 INFO writing counts to analysis/20220621_LocationPatterns/GATresults/WorkspaceHigh/counts/NAHRno501invs_CEUSpence_nucleotide-overlap.tsv.gz
2022-06-21 09:38:32,866 INFO computing FDR statistics
# job finished in 0 seconds at Tue Jun 21 09:38:32 2022 --  1.14  0.05  0.00  0.00 -- a20b6554-3bca-4a73-a04f-bbe0c4c15997
