# output generated by /home/rgomez/anaconda3/bin/gat-run.py --segments=analysis/20220621_LocationPatterns/GATfiles/Segments/no501invs.bed --annotations=analysis/20220621_LocationPatterns/GATfiles/Annotations/genomicSuperDups_coords_normal.bed --output-counts-pattern=analysis/20220621_LocationPatterns/GATresults/WorkspaceHigh/counts/no501invs_CEUSpence_%s.tsv.gz --workspace=analysis/20220621_LocationPatterns/GATfiles/Isochores/genomicSuperDups_COzones_0.1/Low.txt --num-samples=100 --log=analysis/20220621_LocationPatterns/GATresults/WorkspaceHigh/log/no501invs_CEUSpence.log --stdout=analysis/20220621_LocationPatterns/GATresults/WorkspaceHigh/tsv/no501invs_CEUSpence.tsv
# job started at Tue Jun 21 09:36:59 2022 on rgomez-pc -- 1468fe18-141d-4f84-8542-41b634fc329c
# pid: 18674, system: Linux 5.3.0-7648-generic #41~1586790036~18.04~600aeb5-Ubuntu SMP Mon Apr 13 17:47:15 UTC  x86_64
# annotation_files                        : ['analysis/20220621_LocationPatterns/GATfiles/Annotations/genomicSuperDups_coords_normal.bed']
# annotations_label                       : None
# annotations_to_points                   : None
# bucket_size                             : 0
# cache                                   : None
# conditional                             : unconditional
# conditional_expansion                   : None
# conditional_extension                   : None
# counters                                : []
# enable_split_tracks                     : False
# ignore_segment_tracks                   : True
# input_filename_counts                   : None
# input_filename_descriptions             : None
# input_filename_results                  : None
# isochore_files                          : None
# loglevel                                : 1
# nbuckets                                : 100000
# null                                    : default
# num_samples                             : 100
# num_threads                             : 0
# output_bed                              : []
# output_counts_pattern                   : analysis/20220621_LocationPatterns/GATresults/WorkspaceHigh/counts/no501invs_CEUSpence_%s.tsv.gz
# output_filename_pattern                 : %s
# output_force                            : False
# output_order                            : fold
# output_plots_pattern                    : None
# output_samples_pattern                  : None
# output_stats                            : []
# output_tables_pattern                   : %s.tsv.gz
# overlapping_annotations                 : False
# pseudo_count                            : 1.0
# pvalue_method                           : empirical
# qvalue_lambda                           : None
# qvalue_method                           : BH
# qvalue_pi0_method                       : smoother
# random_seed                             : None
# restrict_workspace                      : False
# sample_files                            : []
# sampler                                 : annotator
# segment_files                           : ['analysis/20220621_LocationPatterns/GATfiles/Segments/no501invs.bed']
# shift_expansion                         : 2.0
# shift_extension                         : 0
# short_help                              : None
# stderr                                  : <_io.TextIOWrapper name='<stderr>' mode='w' encoding='utf-8'>
# stdin                                   : <_io.TextIOWrapper name='<stdin>' mode='r' encoding='utf-8'>
# stdlog                                  : <_io.TextIOWrapper name='analysis/20220621_LocationPatterns/GATresults/WorkspaceHigh/log/no501invs_CEUSpence.log' mode='a' encoding='UTF-8'>
# stdout                                  : <_io.TextIOWrapper name='analysis/20220621_LocationPatterns/GATresults/WorkspaceHigh/tsv/no501invs_CEUSpence.tsv' mode='w' encoding='UTF-8'>
# timeit_file                             : None
# timeit_header                           : None
# timeit_name                             : all
# truncate_segments_to_workspace          : False
# truncate_workspace_to_annotations       : False
# workspace_files                         : ['analysis/20220621_LocationPatterns/GATfiles/Isochores/genomicSuperDups_COzones_0.1/Low.txt']
2022-06-21 09:36:59,511 INFO segments: reading tracks from 1 files
2022-06-21 09:36:59,512 INFO segments: read 1 tracks from 1 files
2022-06-21 09:36:59,512 INFO annotations: reading tracks from 1 files
2022-06-21 09:36:59,651 INFO annotations: read 1 tracks from 1 files
2022-06-21 09:36:59,656 INFO workspaces: reading tracks from 1 files
2022-06-21 09:36:59,656 INFO workspaces: read 1 tracks from 1 files
2022-06-21 09:36:59,656 INFO collapsing workspaces
2022-06-21 09:36:59,656 INFO intervals loaded in 0 seconds
2022-06-21 09:36:59,656 INFO collecting observed counts
2022-06-21 09:36:59,656 INFO starting sampling
2022-06-21 09:36:59,656 INFO sampling: merged: 1/1
2022-06-21 09:36:59,656 INFO performing unconditional sampling
2022-06-21 09:36:59,656 INFO workspace without conditioning: 49 segments, 2341202087 nucleotides
2022-06-21 09:36:59,656 INFO workspace after conditioning: 49 segments, 2341202087 nucleotides
2022-06-21 09:36:59,656 INFO sampling started
2022-06-21 09:36:59,661 INFO 0/100 done ( 0.00)
2022-06-21 09:37:00,109 INFO sampling completed
2022-06-21 09:37:00,110 INFO sampling finished
2022-06-21 09:37:00,110 INFO computing PValue statistics
2022-06-21 09:37:00,110 INFO writing counts to analysis/20220621_LocationPatterns/GATresults/WorkspaceHigh/counts/no501invs_CEUSpence_nucleotide-overlap.tsv.gz
2022-06-21 09:37:00,110 INFO computing FDR statistics
# job finished in 0 seconds at Tue Jun 21 09:37:00 2022 --  1.33  0.06  0.00  0.00 -- 1468fe18-141d-4f84-8542-41b634fc329c
# output generated by /home/rgomez/anaconda3/bin/gat-run.py --segments=analysis/20220621_LocationPatterns/GATfiles/Segments/no501invs.bed --annotations=analysis/20220621_LocationPatterns/GATfiles/Annotations/genomicSuperDups_coords_normal.bed --output-counts-pattern=analysis/20220621_LocationPatterns/GATresults/WorkspaceHigh/counts/no501invs_CEUSpence_%s.tsv.gz --workspace=analysis/20220621_LocationPatterns/GATfiles/Isochores/genomicSuperDups_COzones_0.1/Low.txt --num-samples=100 --log=analysis/20220621_LocationPatterns/GATresults/WorkspaceHigh/log/no501invs_CEUSpence.log --stdout=analysis/20220621_LocationPatterns/GATresults/WorkspaceHigh/tsv/no501invs_CEUSpence.tsv
# job started at Tue Jun 21 09:38:40 2022 on rgomez-pc -- 13ec5d62-9068-4bd0-81b4-ab7c748eaaca
# pid: 18924, system: Linux 5.3.0-7648-generic #41~1586790036~18.04~600aeb5-Ubuntu SMP Mon Apr 13 17:47:15 UTC  x86_64
# annotation_files                        : ['analysis/20220621_LocationPatterns/GATfiles/Annotations/genomicSuperDups_coords_normal.bed']
# annotations_label                       : None
# annotations_to_points                   : None
# bucket_size                             : 0
# cache                                   : None
# conditional                             : unconditional
# conditional_expansion                   : None
# conditional_extension                   : None
# counters                                : []
# enable_split_tracks                     : False
# ignore_segment_tracks                   : True
# input_filename_counts                   : None
# input_filename_descriptions             : None
# input_filename_results                  : None
# isochore_files                          : None
# loglevel                                : 1
# nbuckets                                : 100000
# null                                    : default
# num_samples                             : 100
# num_threads                             : 0
# output_bed                              : []
# output_counts_pattern                   : analysis/20220621_LocationPatterns/GATresults/WorkspaceHigh/counts/no501invs_CEUSpence_%s.tsv.gz
# output_filename_pattern                 : %s
# output_force                            : False
# output_order                            : fold
# output_plots_pattern                    : None
# output_samples_pattern                  : None
# output_stats                            : []
# output_tables_pattern                   : %s.tsv.gz
# overlapping_annotations                 : False
# pseudo_count                            : 1.0
# pvalue_method                           : empirical
# qvalue_lambda                           : None
# qvalue_method                           : BH
# qvalue_pi0_method                       : smoother
# random_seed                             : None
# restrict_workspace                      : False
# sample_files                            : []
# sampler                                 : annotator
# segment_files                           : ['analysis/20220621_LocationPatterns/GATfiles/Segments/no501invs.bed']
# shift_expansion                         : 2.0
# shift_extension                         : 0
# short_help                              : None
# stderr                                  : <_io.TextIOWrapper name='<stderr>' mode='w' encoding='utf-8'>
# stdin                                   : <_io.TextIOWrapper name='<stdin>' mode='r' encoding='utf-8'>
# stdlog                                  : <_io.TextIOWrapper name='analysis/20220621_LocationPatterns/GATresults/WorkspaceHigh/log/no501invs_CEUSpence.log' mode='a' encoding='UTF-8'>
# stdout                                  : <_io.TextIOWrapper name='analysis/20220621_LocationPatterns/GATresults/WorkspaceHigh/tsv/no501invs_CEUSpence.tsv' mode='w' encoding='UTF-8'>
# timeit_file                             : None
# timeit_header                           : None
# timeit_name                             : all
# truncate_segments_to_workspace          : False
# truncate_workspace_to_annotations       : False
# workspace_files                         : ['analysis/20220621_LocationPatterns/GATfiles/Isochores/genomicSuperDups_COzones_0.1/Low.txt']
2022-06-21 09:38:40,633 INFO segments: reading tracks from 1 files
2022-06-21 09:38:40,633 INFO segments: read 1 tracks from 1 files
2022-06-21 09:38:40,633 INFO annotations: reading tracks from 1 files
2022-06-21 09:38:40,759 INFO annotations: read 1 tracks from 1 files
2022-06-21 09:38:40,763 INFO workspaces: reading tracks from 1 files
2022-06-21 09:38:40,763 INFO workspaces: read 1 tracks from 1 files
2022-06-21 09:38:40,764 INFO collapsing workspaces
2022-06-21 09:38:40,764 INFO intervals loaded in 0 seconds
2022-06-21 09:38:40,764 INFO collecting observed counts
2022-06-21 09:38:40,764 INFO starting sampling
2022-06-21 09:38:40,764 INFO sampling: merged: 1/1
2022-06-21 09:38:40,764 INFO performing unconditional sampling
2022-06-21 09:38:40,764 INFO workspace without conditioning: 49 segments, 2341202087 nucleotides
2022-06-21 09:38:40,764 INFO workspace after conditioning: 49 segments, 2341202087 nucleotides
2022-06-21 09:38:40,764 INFO sampling started
2022-06-21 09:38:40,769 INFO 0/100 done ( 0.00)
2022-06-21 09:38:41,229 INFO sampling completed
2022-06-21 09:38:41,229 INFO sampling finished
2022-06-21 09:38:41,229 INFO computing PValue statistics
2022-06-21 09:38:41,229 INFO writing counts to analysis/20220621_LocationPatterns/GATresults/WorkspaceHigh/counts/no501invs_CEUSpence_nucleotide-overlap.tsv.gz
2022-06-21 09:38:41,230 INFO computing FDR statistics
# job finished in 0 seconds at Tue Jun 21 09:38:41 2022 --  1.38  0.03  0.00  0.00 -- 13ec5d62-9068-4bd0-81b4-ab7c748eaaca
