# output generated by /home/rgomez/anaconda3/bin/gat-run.py --segments=analysis/20220517_LocationPatterns/GATfiles/Segments/HFinvs.bed --annotations=analysis/20220517_LocationPatterns/GATfiles/Annotations/annotations_CEUSpence.bed --output-counts-pattern=analysis/20220517_LocationPatterns/GATresults/counts/HFinvs_CEUSpence_%s.tsv.gz --isochores=analysis/20220517_LocationPatterns/GATfiles/Isochores/genomicSuperDups_COzones_0.1/windows.txt --workspace=analysis/20220517_LocationPatterns/GATfiles/Workspace/workspace_CEUSpence.bed --num-samples=100 --log=analysis/20220517_LocationPatterns/GATresults/log/HFinvs_CEUSpence.log --stdout=analysis/20220517_LocationPatterns/GATresults/tsv/HFinvs_CEUSpence.tsv
# job started at Tue May 17 13:19:07 2022 on rgomez-pc -- 86613b28-629a-4ae4-8317-f1d0b2b4b415
# pid: 6437, system: Linux 5.3.0-7648-generic #41~1586790036~18.04~600aeb5-Ubuntu SMP Mon Apr 13 17:47:15 UTC  x86_64
# annotation_files                        : ['analysis/20220517_LocationPatterns/GATfiles/Annotations/annotations_CEUSpence.bed']
# annotations_label                       : None
# annotations_to_points                   : None
# bucket_size                             : 0
# cache                                   : None
# conditional                             : unconditional
# conditional_expansion                   : None
# conditional_extension                   : None
# counters                                : []
# enable_split_tracks                     : False
# ignore_segment_tracks                   : True
# input_filename_counts                   : None
# input_filename_descriptions             : None
# input_filename_results                  : None
# isochore_files                          : ['analysis/20220517_LocationPatterns/GATfiles/Isochores/genomicSuperDups_COzones_0.1/windows.txt']
# loglevel                                : 1
# nbuckets                                : 100000
# null                                    : default
# num_samples                             : 100
# num_threads                             : 0
# output_bed                              : []
# output_counts_pattern                   : analysis/20220517_LocationPatterns/GATresults/counts/HFinvs_CEUSpence_%s.tsv.gz
# output_filename_pattern                 : %s
# output_force                            : False
# output_order                            : fold
# output_plots_pattern                    : None
# output_samples_pattern                  : None
# output_stats                            : []
# output_tables_pattern                   : %s.tsv.gz
# overlapping_annotations                 : False
# pseudo_count                            : 1.0
# pvalue_method                           : empirical
# qvalue_lambda                           : None
# qvalue_method                           : BH
# qvalue_pi0_method                       : smoother
# random_seed                             : None
# restrict_workspace                      : False
# sample_files                            : []
# sampler                                 : annotator
# segment_files                           : ['analysis/20220517_LocationPatterns/GATfiles/Segments/HFinvs.bed']
# shift_expansion                         : 2.0
# shift_extension                         : 0
# short_help                              : None
# stderr                                  : <_io.TextIOWrapper name='<stderr>' mode='w' encoding='utf-8'>
# stdin                                   : <_io.TextIOWrapper name='<stdin>' mode='r' encoding='utf-8'>
# stdlog                                  : <_io.TextIOWrapper name='analysis/20220517_LocationPatterns/GATresults/log/HFinvs_CEUSpence.log' mode='a' encoding='UTF-8'>
# stdout                                  : <_io.TextIOWrapper name='analysis/20220517_LocationPatterns/GATresults/tsv/HFinvs_CEUSpence.tsv' mode='w' encoding='UTF-8'>
# timeit_file                             : None
# timeit_header                           : None
# timeit_name                             : all
# truncate_segments_to_workspace          : False
# truncate_workspace_to_annotations       : False
# workspace_files                         : ['analysis/20220517_LocationPatterns/GATfiles/Workspace/workspace_CEUSpence.bed']
2022-05-17 13:19:07,806 INFO segments: reading tracks from 1 files
2022-05-17 13:19:07,806 INFO segments: read 1 tracks from 1 files
2022-05-17 13:19:07,807 INFO annotations: reading tracks from 1 files
2022-05-17 13:19:08,240 INFO annotations: read 6 tracks from 1 files
2022-05-17 13:19:08,246 INFO workspaces: reading tracks from 1 files
2022-05-17 13:19:08,246 INFO workspaces: read 1 tracks from 1 files
2022-05-17 13:19:08,247 INFO collapsing workspaces
2022-05-17 13:19:08,247 INFO isochores: reading isochores from 1 files
2022-05-17 13:19:08,247 INFO intervals loaded in 0 seconds
2022-05-17 13:19:08,247 INFO adding isochores to workspace
2022-05-17 13:19:08,250 INFO collecting observed counts
2022-05-17 13:19:08,250 INFO starting sampling
2022-05-17 13:19:08,250 INFO sampling: merged: 1/1
2022-05-17 13:19:08,250 INFO performing unconditional sampling
2022-05-17 13:19:08,259 INFO workspace without conditioning: 90 segments, 2698883317 nucleotides
2022-05-17 13:19:08,260 INFO workspace after conditioning: 90 segments, 2698883317 nucleotides
2022-05-17 13:19:08,260 INFO sampling started
2022-05-17 13:19:08,265 INFO 0/100 done ( 0.00)
2022-05-17 13:19:08,872 INFO sampling completed
2022-05-17 13:19:08,873 INFO sampling finished
2022-05-17 13:19:08,873 INFO computing PValue statistics
2022-05-17 13:19:08,875 INFO writing counts to analysis/20220517_LocationPatterns/GATresults/counts/HFinvs_CEUSpence_nucleotide-overlap.tsv.gz
2022-05-17 13:19:08,876 INFO computing FDR statistics
# job finished in 1 seconds at Tue May 17 13:19:08 2022 --  2.23  0.05  0.00  0.00 -- 86613b28-629a-4ae4-8317-f1d0b2b4b415
# output generated by /home/rgomez/anaconda3/bin/gat-run.py --segments=analysis/20220517_LocationPatterns/GATfiles/Segments/HFinvs.bed --annotations=analysis/20220517_LocationPatterns/GATfiles/Annotations/annotations_CEUSpence.bed --output-counts-pattern=analysis/20220517_LocationPatterns/GATresults/counts/HFinvs_CEUSpence_%s.tsv.gz --isochores=analysis/20220517_LocationPatterns/GATfiles/Isochores/genomicSuperDups_COzones_0.1/windows.txt --workspace=analysis/20220517_LocationPatterns/GATfiles/Workspace/workspace_CEUSpence.bed --num-samples=100 --log=analysis/20220517_LocationPatterns/GATresults/log/HFinvs_CEUSpence.log --stdout=analysis/20220517_LocationPatterns/GATresults/tsv/HFinvs_CEUSpence.tsv
# job started at Tue May 17 13:35:43 2022 on rgomez-pc -- 084d457a-c5d7-4684-ad47-c9109f95e61b
# pid: 9134, system: Linux 5.3.0-7648-generic #41~1586790036~18.04~600aeb5-Ubuntu SMP Mon Apr 13 17:47:15 UTC  x86_64
# annotation_files                        : ['analysis/20220517_LocationPatterns/GATfiles/Annotations/annotations_CEUSpence.bed']
# annotations_label                       : None
# annotations_to_points                   : None
# bucket_size                             : 0
# cache                                   : None
# conditional                             : unconditional
# conditional_expansion                   : None
# conditional_extension                   : None
# counters                                : []
# enable_split_tracks                     : False
# ignore_segment_tracks                   : True
# input_filename_counts                   : None
# input_filename_descriptions             : None
# input_filename_results                  : None
# isochore_files                          : ['analysis/20220517_LocationPatterns/GATfiles/Isochores/genomicSuperDups_COzones_0.1/windows.txt']
# loglevel                                : 1
# nbuckets                                : 100000
# null                                    : default
# num_samples                             : 100
# num_threads                             : 0
# output_bed                              : []
# output_counts_pattern                   : analysis/20220517_LocationPatterns/GATresults/counts/HFinvs_CEUSpence_%s.tsv.gz
# output_filename_pattern                 : %s
# output_force                            : False
# output_order                            : fold
# output_plots_pattern                    : None
# output_samples_pattern                  : None
# output_stats                            : []
# output_tables_pattern                   : %s.tsv.gz
# overlapping_annotations                 : False
# pseudo_count                            : 1.0
# pvalue_method                           : empirical
# qvalue_lambda                           : None
# qvalue_method                           : BH
# qvalue_pi0_method                       : smoother
# random_seed                             : None
# restrict_workspace                      : False
# sample_files                            : []
# sampler                                 : annotator
# segment_files                           : ['analysis/20220517_LocationPatterns/GATfiles/Segments/HFinvs.bed']
# shift_expansion                         : 2.0
# shift_extension                         : 0
# short_help                              : None
# stderr                                  : <_io.TextIOWrapper name='<stderr>' mode='w' encoding='utf-8'>
# stdin                                   : <_io.TextIOWrapper name='<stdin>' mode='r' encoding='utf-8'>
# stdlog                                  : <_io.TextIOWrapper name='analysis/20220517_LocationPatterns/GATresults/log/HFinvs_CEUSpence.log' mode='a' encoding='UTF-8'>
# stdout                                  : <_io.TextIOWrapper name='analysis/20220517_LocationPatterns/GATresults/tsv/HFinvs_CEUSpence.tsv' mode='w' encoding='UTF-8'>
# timeit_file                             : None
# timeit_header                           : None
# timeit_name                             : all
# truncate_segments_to_workspace          : False
# truncate_workspace_to_annotations       : False
# workspace_files                         : ['analysis/20220517_LocationPatterns/GATfiles/Workspace/workspace_CEUSpence.bed']
2022-05-17 13:35:43,952 INFO segments: reading tracks from 1 files
2022-05-17 13:35:43,952 INFO segments: read 1 tracks from 1 files
2022-05-17 13:35:43,952 INFO annotations: reading tracks from 1 files
2022-05-17 13:35:44,313 INFO annotations: read 6 tracks from 1 files
2022-05-17 13:35:44,318 INFO workspaces: reading tracks from 1 files
2022-05-17 13:35:44,318 INFO workspaces: read 1 tracks from 1 files
2022-05-17 13:35:44,318 INFO collapsing workspaces
2022-05-17 13:35:44,318 INFO isochores: reading isochores from 1 files
2022-05-17 13:35:44,319 INFO intervals loaded in 0 seconds
2022-05-17 13:35:44,319 INFO adding isochores to workspace
2022-05-17 13:35:44,322 INFO collecting observed counts
2022-05-17 13:35:44,323 INFO starting sampling
2022-05-17 13:35:44,323 INFO sampling: merged: 1/1
2022-05-17 13:35:44,323 INFO performing unconditional sampling
2022-05-17 13:35:44,330 INFO workspace without conditioning: 90 segments, 2698883317 nucleotides
2022-05-17 13:35:44,330 INFO workspace after conditioning: 90 segments, 2698883317 nucleotides
2022-05-17 13:35:44,330 INFO sampling started
2022-05-17 13:35:44,336 INFO 0/100 done ( 0.00)
2022-05-17 13:35:44,853 INFO sampling completed
2022-05-17 13:35:44,853 INFO sampling finished
2022-05-17 13:35:44,853 INFO computing PValue statistics
2022-05-17 13:35:44,856 INFO writing counts to analysis/20220517_LocationPatterns/GATresults/counts/HFinvs_CEUSpence_nucleotide-overlap.tsv.gz
2022-05-17 13:35:44,856 INFO computing FDR statistics
# job finished in 0 seconds at Tue May 17 13:35:44 2022 --  2.00  0.06  0.00  0.00 -- 084d457a-c5d7-4684-ad47-c9109f95e61b
