# output generated by /home/rgomez/anaconda3/bin/gat-run.py --segments=analysis/20220517_LocationPatterns/GATfiles/Segments/HFinvs.bed --annotations=analysis/20220517_LocationPatterns/GATfiles/Annotations/annotations_avgBherer.bed --output-counts-pattern=analysis/20220517_LocationPatterns/GATresults/counts/HFinvs_avgBherer_%s.tsv.gz --isochores=analysis/20220517_LocationPatterns/GATfiles/Isochores/genomicSuperDups_COzones_0.1/windows.txt --workspace=analysis/20220517_LocationPatterns/GATfiles/Workspace/workspace_avgBherer.bed --num-samples=100 --log=analysis/20220517_LocationPatterns/GATresults/log/HFinvs_avgBherer.log --stdout=analysis/20220517_LocationPatterns/GATresults/tsv/HFinvs_avgBherer.tsv
# job started at Tue May 17 13:19:09 2022 on rgomez-pc -- 24ed5e9f-621e-460b-a27b-1789142b1158
# pid: 6448, system: Linux 5.3.0-7648-generic #41~1586790036~18.04~600aeb5-Ubuntu SMP Mon Apr 13 17:47:15 UTC  x86_64
# annotation_files                        : ['analysis/20220517_LocationPatterns/GATfiles/Annotations/annotations_avgBherer.bed']
# annotations_label                       : None
# annotations_to_points                   : None
# bucket_size                             : 0
# cache                                   : None
# conditional                             : unconditional
# conditional_expansion                   : None
# conditional_extension                   : None
# counters                                : []
# enable_split_tracks                     : False
# ignore_segment_tracks                   : True
# input_filename_counts                   : None
# input_filename_descriptions             : None
# input_filename_results                  : None
# isochore_files                          : ['analysis/20220517_LocationPatterns/GATfiles/Isochores/genomicSuperDups_COzones_0.1/windows.txt']
# loglevel                                : 1
# nbuckets                                : 100000
# null                                    : default
# num_samples                             : 100
# num_threads                             : 0
# output_bed                              : []
# output_counts_pattern                   : analysis/20220517_LocationPatterns/GATresults/counts/HFinvs_avgBherer_%s.tsv.gz
# output_filename_pattern                 : %s
# output_force                            : False
# output_order                            : fold
# output_plots_pattern                    : None
# output_samples_pattern                  : None
# output_stats                            : []
# output_tables_pattern                   : %s.tsv.gz
# overlapping_annotations                 : False
# pseudo_count                            : 1.0
# pvalue_method                           : empirical
# qvalue_lambda                           : None
# qvalue_method                           : BH
# qvalue_pi0_method                       : smoother
# random_seed                             : None
# restrict_workspace                      : False
# sample_files                            : []
# sampler                                 : annotator
# segment_files                           : ['analysis/20220517_LocationPatterns/GATfiles/Segments/HFinvs.bed']
# shift_expansion                         : 2.0
# shift_extension                         : 0
# short_help                              : None
# stderr                                  : <_io.TextIOWrapper name='<stderr>' mode='w' encoding='utf-8'>
# stdin                                   : <_io.TextIOWrapper name='<stdin>' mode='r' encoding='utf-8'>
# stdlog                                  : <_io.TextIOWrapper name='analysis/20220517_LocationPatterns/GATresults/log/HFinvs_avgBherer.log' mode='a' encoding='UTF-8'>
# stdout                                  : <_io.TextIOWrapper name='analysis/20220517_LocationPatterns/GATresults/tsv/HFinvs_avgBherer.tsv' mode='w' encoding='UTF-8'>
# timeit_file                             : None
# timeit_header                           : None
# timeit_name                             : all
# truncate_segments_to_workspace          : False
# truncate_workspace_to_annotations       : False
# workspace_files                         : ['analysis/20220517_LocationPatterns/GATfiles/Workspace/workspace_avgBherer.bed']
2022-05-17 13:19:09,956 INFO segments: reading tracks from 1 files
2022-05-17 13:19:09,956 INFO segments: read 1 tracks from 1 files
2022-05-17 13:19:09,956 INFO annotations: reading tracks from 1 files
2022-05-17 13:19:10,269 INFO annotations: read 6 tracks from 1 files
2022-05-17 13:19:10,273 INFO workspaces: reading tracks from 1 files
2022-05-17 13:19:10,274 INFO workspaces: read 1 tracks from 1 files
2022-05-17 13:19:10,274 INFO collapsing workspaces
2022-05-17 13:19:10,274 INFO isochores: reading isochores from 1 files
2022-05-17 13:19:10,274 INFO intervals loaded in 0 seconds
2022-05-17 13:19:10,274 INFO adding isochores to workspace
2022-05-17 13:19:10,276 INFO collecting observed counts
2022-05-17 13:19:10,277 INFO starting sampling
2022-05-17 13:19:10,277 INFO sampling: merged: 1/1
2022-05-17 13:19:10,277 INFO performing unconditional sampling
2022-05-17 13:19:10,283 INFO workspace without conditioning: 88 segments, 2678195140 nucleotides
2022-05-17 13:19:10,283 INFO workspace after conditioning: 88 segments, 2678195140 nucleotides
2022-05-17 13:19:10,283 INFO sampling started
2022-05-17 13:19:10,289 INFO 0/100 done ( 0.00)
2022-05-17 13:19:10,847 INFO sampling completed
2022-05-17 13:19:10,848 INFO sampling finished
2022-05-17 13:19:10,848 INFO computing PValue statistics
2022-05-17 13:19:10,849 INFO writing counts to analysis/20220517_LocationPatterns/GATresults/counts/HFinvs_avgBherer_nucleotide-overlap.tsv.gz
2022-05-17 13:19:10,850 INFO computing FDR statistics
# job finished in 0 seconds at Tue May 17 13:19:10 2022 --  1.76  0.06  0.00  0.00 -- 24ed5e9f-621e-460b-a27b-1789142b1158
# output generated by /home/rgomez/anaconda3/bin/gat-run.py --segments=analysis/20220517_LocationPatterns/GATfiles/Segments/HFinvs.bed --annotations=analysis/20220517_LocationPatterns/GATfiles/Annotations/annotations_avgBherer.bed --output-counts-pattern=analysis/20220517_LocationPatterns/GATresults/counts/HFinvs_avgBherer_%s.tsv.gz --isochores=analysis/20220517_LocationPatterns/GATfiles/Isochores/genomicSuperDups_COzones_0.1/windows.txt --workspace=analysis/20220517_LocationPatterns/GATfiles/Workspace/workspace_avgBherer.bed --num-samples=100 --log=analysis/20220517_LocationPatterns/GATresults/log/HFinvs_avgBherer.log --stdout=analysis/20220517_LocationPatterns/GATresults/tsv/HFinvs_avgBherer.tsv
# job started at Tue May 17 13:35:45 2022 on rgomez-pc -- 58eb9d1a-8274-4a18-93e1-b4f74a1e36b1
# pid: 9136, system: Linux 5.3.0-7648-generic #41~1586790036~18.04~600aeb5-Ubuntu SMP Mon Apr 13 17:47:15 UTC  x86_64
# annotation_files                        : ['analysis/20220517_LocationPatterns/GATfiles/Annotations/annotations_avgBherer.bed']
# annotations_label                       : None
# annotations_to_points                   : None
# bucket_size                             : 0
# cache                                   : None
# conditional                             : unconditional
# conditional_expansion                   : None
# conditional_extension                   : None
# counters                                : []
# enable_split_tracks                     : False
# ignore_segment_tracks                   : True
# input_filename_counts                   : None
# input_filename_descriptions             : None
# input_filename_results                  : None
# isochore_files                          : ['analysis/20220517_LocationPatterns/GATfiles/Isochores/genomicSuperDups_COzones_0.1/windows.txt']
# loglevel                                : 1
# nbuckets                                : 100000
# null                                    : default
# num_samples                             : 100
# num_threads                             : 0
# output_bed                              : []
# output_counts_pattern                   : analysis/20220517_LocationPatterns/GATresults/counts/HFinvs_avgBherer_%s.tsv.gz
# output_filename_pattern                 : %s
# output_force                            : False
# output_order                            : fold
# output_plots_pattern                    : None
# output_samples_pattern                  : None
# output_stats                            : []
# output_tables_pattern                   : %s.tsv.gz
# overlapping_annotations                 : False
# pseudo_count                            : 1.0
# pvalue_method                           : empirical
# qvalue_lambda                           : None
# qvalue_method                           : BH
# qvalue_pi0_method                       : smoother
# random_seed                             : None
# restrict_workspace                      : False
# sample_files                            : []
# sampler                                 : annotator
# segment_files                           : ['analysis/20220517_LocationPatterns/GATfiles/Segments/HFinvs.bed']
# shift_expansion                         : 2.0
# shift_extension                         : 0
# short_help                              : None
# stderr                                  : <_io.TextIOWrapper name='<stderr>' mode='w' encoding='utf-8'>
# stdin                                   : <_io.TextIOWrapper name='<stdin>' mode='r' encoding='utf-8'>
# stdlog                                  : <_io.TextIOWrapper name='analysis/20220517_LocationPatterns/GATresults/log/HFinvs_avgBherer.log' mode='a' encoding='UTF-8'>
# stdout                                  : <_io.TextIOWrapper name='analysis/20220517_LocationPatterns/GATresults/tsv/HFinvs_avgBherer.tsv' mode='w' encoding='UTF-8'>
# timeit_file                             : None
# timeit_header                           : None
# timeit_name                             : all
# truncate_segments_to_workspace          : False
# truncate_workspace_to_annotations       : False
# workspace_files                         : ['analysis/20220517_LocationPatterns/GATfiles/Workspace/workspace_avgBherer.bed']
2022-05-17 13:35:45,864 INFO segments: reading tracks from 1 files
2022-05-17 13:35:45,865 INFO segments: read 1 tracks from 1 files
2022-05-17 13:35:45,865 INFO annotations: reading tracks from 1 files
2022-05-17 13:35:46,168 INFO annotations: read 6 tracks from 1 files
2022-05-17 13:35:46,173 INFO workspaces: reading tracks from 1 files
2022-05-17 13:35:46,173 INFO workspaces: read 1 tracks from 1 files
2022-05-17 13:35:46,173 INFO collapsing workspaces
2022-05-17 13:35:46,173 INFO isochores: reading isochores from 1 files
2022-05-17 13:35:46,174 INFO intervals loaded in 0 seconds
2022-05-17 13:35:46,174 INFO adding isochores to workspace
2022-05-17 13:35:46,176 INFO collecting observed counts
2022-05-17 13:35:46,176 INFO starting sampling
2022-05-17 13:35:46,176 INFO sampling: merged: 1/1
2022-05-17 13:35:46,176 INFO performing unconditional sampling
2022-05-17 13:35:46,182 INFO workspace without conditioning: 88 segments, 2678195140 nucleotides
2022-05-17 13:35:46,182 INFO workspace after conditioning: 88 segments, 2678195140 nucleotides
2022-05-17 13:35:46,182 INFO sampling started
2022-05-17 13:35:46,188 INFO 0/100 done ( 0.00)
2022-05-17 13:35:46,749 INFO sampling completed
2022-05-17 13:35:46,749 INFO sampling finished
2022-05-17 13:35:46,749 INFO computing PValue statistics
2022-05-17 13:35:46,751 INFO writing counts to analysis/20220517_LocationPatterns/GATresults/counts/HFinvs_avgBherer_nucleotide-overlap.tsv.gz
2022-05-17 13:35:46,752 INFO computing FDR statistics
# job finished in 0 seconds at Tue May 17 13:35:46 2022 --  1.72  0.05  0.00  0.00 -- 58eb9d1a-8274-4a18-93e1-b4f74a1e36b1
