# output generated by /home/rgomez/anaconda3/bin/gat-run.py --segments=analysis/20220517_LocationPatterns/GATfiles/Segments/HFNAHRno501invs.bed --annotations=analysis/20220517_LocationPatterns/GATfiles/Annotations/annotations_femBherer.bed --output-counts-pattern=analysis/20220517_LocationPatterns/GATresults/counts/HFNAHRno501invs_femBherer_%s.tsv.gz --isochores=analysis/20220517_LocationPatterns/GATfiles/Isochores/genomicSuperDups_COzones_0.1/windows.txt --workspace=analysis/20220517_LocationPatterns/GATfiles/Workspace/workspace_femBherer.bed --num-samples=100 --log=analysis/20220517_LocationPatterns/GATresults/log/HFNAHRno501invs_femBherer.log --stdout=analysis/20220517_LocationPatterns/GATresults/tsv/HFNAHRno501invs_femBherer.tsv
# job started at Tue May 17 13:19:22 2022 on rgomez-pc -- 2aa34d58-3b53-4758-a6d5-16b32952113e
# pid: 6479, system: Linux 5.3.0-7648-generic #41~1586790036~18.04~600aeb5-Ubuntu SMP Mon Apr 13 17:47:15 UTC  x86_64
# annotation_files                        : ['analysis/20220517_LocationPatterns/GATfiles/Annotations/annotations_femBherer.bed']
# annotations_label                       : None
# annotations_to_points                   : None
# bucket_size                             : 0
# cache                                   : None
# conditional                             : unconditional
# conditional_expansion                   : None
# conditional_extension                   : None
# counters                                : []
# enable_split_tracks                     : False
# ignore_segment_tracks                   : True
# input_filename_counts                   : None
# input_filename_descriptions             : None
# input_filename_results                  : None
# isochore_files                          : ['analysis/20220517_LocationPatterns/GATfiles/Isochores/genomicSuperDups_COzones_0.1/windows.txt']
# loglevel                                : 1
# nbuckets                                : 100000
# null                                    : default
# num_samples                             : 100
# num_threads                             : 0
# output_bed                              : []
# output_counts_pattern                   : analysis/20220517_LocationPatterns/GATresults/counts/HFNAHRno501invs_femBherer_%s.tsv.gz
# output_filename_pattern                 : %s
# output_force                            : False
# output_order                            : fold
# output_plots_pattern                    : None
# output_samples_pattern                  : None
# output_stats                            : []
# output_tables_pattern                   : %s.tsv.gz
# overlapping_annotations                 : False
# pseudo_count                            : 1.0
# pvalue_method                           : empirical
# qvalue_lambda                           : None
# qvalue_method                           : BH
# qvalue_pi0_method                       : smoother
# random_seed                             : None
# restrict_workspace                      : False
# sample_files                            : []
# sampler                                 : annotator
# segment_files                           : ['analysis/20220517_LocationPatterns/GATfiles/Segments/HFNAHRno501invs.bed']
# shift_expansion                         : 2.0
# shift_extension                         : 0
# short_help                              : None
# stderr                                  : <_io.TextIOWrapper name='<stderr>' mode='w' encoding='utf-8'>
# stdin                                   : <_io.TextIOWrapper name='<stdin>' mode='r' encoding='utf-8'>
# stdlog                                  : <_io.TextIOWrapper name='analysis/20220517_LocationPatterns/GATresults/log/HFNAHRno501invs_femBherer.log' mode='a' encoding='UTF-8'>
# stdout                                  : <_io.TextIOWrapper name='analysis/20220517_LocationPatterns/GATresults/tsv/HFNAHRno501invs_femBherer.tsv' mode='w' encoding='UTF-8'>
# timeit_file                             : None
# timeit_header                           : None
# timeit_name                             : all
# truncate_segments_to_workspace          : False
# truncate_workspace_to_annotations       : False
# workspace_files                         : ['analysis/20220517_LocationPatterns/GATfiles/Workspace/workspace_femBherer.bed']
2022-05-17 13:19:22,454 INFO segments: reading tracks from 1 files
2022-05-17 13:19:22,454 INFO segments: read 1 tracks from 1 files
2022-05-17 13:19:22,454 INFO annotations: reading tracks from 1 files
2022-05-17 13:19:22,783 INFO annotations: read 6 tracks from 1 files
2022-05-17 13:19:22,787 INFO workspaces: reading tracks from 1 files
2022-05-17 13:19:22,788 INFO workspaces: read 1 tracks from 1 files
2022-05-17 13:19:22,788 INFO collapsing workspaces
2022-05-17 13:19:22,788 INFO isochores: reading isochores from 1 files
2022-05-17 13:19:22,788 INFO intervals loaded in 0 seconds
2022-05-17 13:19:22,788 INFO adding isochores to workspace
2022-05-17 13:19:22,791 INFO collecting observed counts
2022-05-17 13:19:22,791 INFO starting sampling
2022-05-17 13:19:22,792 INFO sampling: merged: 1/1
2022-05-17 13:19:22,792 INFO performing unconditional sampling
2022-05-17 13:19:22,798 INFO workspace without conditioning: 92 segments, 2826410475 nucleotides
2022-05-17 13:19:22,798 INFO workspace after conditioning: 92 segments, 2826410475 nucleotides
2022-05-17 13:19:22,798 INFO sampling started
2022-05-17 13:19:22,802 INFO 0/100 done ( 0.00)
2022-05-17 13:19:23,144 INFO sampling completed
2022-05-17 13:19:23,145 INFO sampling finished
2022-05-17 13:19:23,145 INFO computing PValue statistics
2022-05-17 13:19:23,146 INFO writing counts to analysis/20220517_LocationPatterns/GATresults/counts/HFNAHRno501invs_femBherer_nucleotide-overlap.tsv.gz
2022-05-17 13:19:23,147 INFO computing FDR statistics
# job finished in 0 seconds at Tue May 17 13:19:23 2022 --  1.54  0.04  0.00  0.00 -- 2aa34d58-3b53-4758-a6d5-16b32952113e
# output generated by /home/rgomez/anaconda3/bin/gat-run.py --segments=analysis/20220517_LocationPatterns/GATfiles/Segments/HFNAHRno501invs.bed --annotations=analysis/20220517_LocationPatterns/GATfiles/Annotations/annotations_femBherer.bed --output-counts-pattern=analysis/20220517_LocationPatterns/GATresults/counts/HFNAHRno501invs_femBherer_%s.tsv.gz --isochores=analysis/20220517_LocationPatterns/GATfiles/Isochores/genomicSuperDups_COzones_0.1/windows.txt --workspace=analysis/20220517_LocationPatterns/GATfiles/Workspace/workspace_femBherer.bed --num-samples=100 --log=analysis/20220517_LocationPatterns/GATresults/log/HFNAHRno501invs_femBherer.log --stdout=analysis/20220517_LocationPatterns/GATresults/tsv/HFNAHRno501invs_femBherer.tsv
# job started at Tue May 17 13:35:58 2022 on rgomez-pc -- e0e5da8f-c8ed-445f-82f4-70292bf7b5ba
# pid: 9166, system: Linux 5.3.0-7648-generic #41~1586790036~18.04~600aeb5-Ubuntu SMP Mon Apr 13 17:47:15 UTC  x86_64
# annotation_files                        : ['analysis/20220517_LocationPatterns/GATfiles/Annotations/annotations_femBherer.bed']
# annotations_label                       : None
# annotations_to_points                   : None
# bucket_size                             : 0
# cache                                   : None
# conditional                             : unconditional
# conditional_expansion                   : None
# conditional_extension                   : None
# counters                                : []
# enable_split_tracks                     : False
# ignore_segment_tracks                   : True
# input_filename_counts                   : None
# input_filename_descriptions             : None
# input_filename_results                  : None
# isochore_files                          : ['analysis/20220517_LocationPatterns/GATfiles/Isochores/genomicSuperDups_COzones_0.1/windows.txt']
# loglevel                                : 1
# nbuckets                                : 100000
# null                                    : default
# num_samples                             : 100
# num_threads                             : 0
# output_bed                              : []
# output_counts_pattern                   : analysis/20220517_LocationPatterns/GATresults/counts/HFNAHRno501invs_femBherer_%s.tsv.gz
# output_filename_pattern                 : %s
# output_force                            : False
# output_order                            : fold
# output_plots_pattern                    : None
# output_samples_pattern                  : None
# output_stats                            : []
# output_tables_pattern                   : %s.tsv.gz
# overlapping_annotations                 : False
# pseudo_count                            : 1.0
# pvalue_method                           : empirical
# qvalue_lambda                           : None
# qvalue_method                           : BH
# qvalue_pi0_method                       : smoother
# random_seed                             : None
# restrict_workspace                      : False
# sample_files                            : []
# sampler                                 : annotator
# segment_files                           : ['analysis/20220517_LocationPatterns/GATfiles/Segments/HFNAHRno501invs.bed']
# shift_expansion                         : 2.0
# shift_extension                         : 0
# short_help                              : None
# stderr                                  : <_io.TextIOWrapper name='<stderr>' mode='w' encoding='utf-8'>
# stdin                                   : <_io.TextIOWrapper name='<stdin>' mode='r' encoding='utf-8'>
# stdlog                                  : <_io.TextIOWrapper name='analysis/20220517_LocationPatterns/GATresults/log/HFNAHRno501invs_femBherer.log' mode='a' encoding='UTF-8'>
# stdout                                  : <_io.TextIOWrapper name='analysis/20220517_LocationPatterns/GATresults/tsv/HFNAHRno501invs_femBherer.tsv' mode='w' encoding='UTF-8'>
# timeit_file                             : None
# timeit_header                           : None
# timeit_name                             : all
# truncate_segments_to_workspace          : False
# truncate_workspace_to_annotations       : False
# workspace_files                         : ['analysis/20220517_LocationPatterns/GATfiles/Workspace/workspace_femBherer.bed']
2022-05-17 13:35:58,401 INFO segments: reading tracks from 1 files
2022-05-17 13:35:58,401 INFO segments: read 1 tracks from 1 files
2022-05-17 13:35:58,401 INFO annotations: reading tracks from 1 files
2022-05-17 13:35:58,693 INFO annotations: read 6 tracks from 1 files
2022-05-17 13:35:58,697 INFO workspaces: reading tracks from 1 files
2022-05-17 13:35:58,697 INFO workspaces: read 1 tracks from 1 files
2022-05-17 13:35:58,698 INFO collapsing workspaces
2022-05-17 13:35:58,698 INFO isochores: reading isochores from 1 files
2022-05-17 13:35:58,698 INFO intervals loaded in 0 seconds
2022-05-17 13:35:58,698 INFO adding isochores to workspace
2022-05-17 13:35:58,700 INFO collecting observed counts
2022-05-17 13:35:58,700 INFO starting sampling
2022-05-17 13:35:58,700 INFO sampling: merged: 1/1
2022-05-17 13:35:58,700 INFO performing unconditional sampling
2022-05-17 13:35:58,706 INFO workspace without conditioning: 92 segments, 2826410475 nucleotides
2022-05-17 13:35:58,706 INFO workspace after conditioning: 92 segments, 2826410475 nucleotides
2022-05-17 13:35:58,706 INFO sampling started
2022-05-17 13:35:58,711 INFO 0/100 done ( 0.00)
2022-05-17 13:35:59,014 INFO sampling completed
2022-05-17 13:35:59,015 INFO sampling finished
2022-05-17 13:35:59,015 INFO computing PValue statistics
2022-05-17 13:35:59,016 INFO writing counts to analysis/20220517_LocationPatterns/GATresults/counts/HFNAHRno501invs_femBherer_nucleotide-overlap.tsv.gz
2022-05-17 13:35:59,017 INFO computing FDR statistics
# job finished in 0 seconds at Tue May 17 13:35:59 2022 --  1.41  0.05  0.00  0.00 -- e0e5da8f-c8ed-445f-82f4-70292bf7b5ba
