# output generated by /home/rgomez/anaconda3/bin/gat-run.py --segments=analysis/20220517_LocationPatterns/GATfiles/Segments/HFNHinvs.bed --annotations=analysis/20220517_LocationPatterns/GATfiles/Annotations/annotations_femBherer.bed --output-counts-pattern=analysis/20220517_LocationPatterns/GATresults/counts/HFNHinvs_femBherer_%s.tsv.gz --isochores=analysis/20220517_LocationPatterns/GATfiles/Isochores/genomicSuperDups_COzones_0.1/windows.txt --workspace=analysis/20220517_LocationPatterns/GATfiles/Workspace/workspace_femBherer.bed --num-samples=100 --log=analysis/20220517_LocationPatterns/GATresults/log/HFNHinvs_femBherer.log --stdout=analysis/20220517_LocationPatterns/GATresults/tsv/HFNHinvs_femBherer.tsv
# job started at Tue May 17 13:19:27 2022 on rgomez-pc -- fea972e4-6ab0-440e-b30d-1d09f649e327
# pid: 6491, system: Linux 5.3.0-7648-generic #41~1586790036~18.04~600aeb5-Ubuntu SMP Mon Apr 13 17:47:15 UTC  x86_64
# annotation_files                        : ['analysis/20220517_LocationPatterns/GATfiles/Annotations/annotations_femBherer.bed']
# annotations_label                       : None
# annotations_to_points                   : None
# bucket_size                             : 0
# cache                                   : None
# conditional                             : unconditional
# conditional_expansion                   : None
# conditional_extension                   : None
# counters                                : []
# enable_split_tracks                     : False
# ignore_segment_tracks                   : True
# input_filename_counts                   : None
# input_filename_descriptions             : None
# input_filename_results                  : None
# isochore_files                          : ['analysis/20220517_LocationPatterns/GATfiles/Isochores/genomicSuperDups_COzones_0.1/windows.txt']
# loglevel                                : 1
# nbuckets                                : 100000
# null                                    : default
# num_samples                             : 100
# num_threads                             : 0
# output_bed                              : []
# output_counts_pattern                   : analysis/20220517_LocationPatterns/GATresults/counts/HFNHinvs_femBherer_%s.tsv.gz
# output_filename_pattern                 : %s
# output_force                            : False
# output_order                            : fold
# output_plots_pattern                    : None
# output_samples_pattern                  : None
# output_stats                            : []
# output_tables_pattern                   : %s.tsv.gz
# overlapping_annotations                 : False
# pseudo_count                            : 1.0
# pvalue_method                           : empirical
# qvalue_lambda                           : None
# qvalue_method                           : BH
# qvalue_pi0_method                       : smoother
# random_seed                             : None
# restrict_workspace                      : False
# sample_files                            : []
# sampler                                 : annotator
# segment_files                           : ['analysis/20220517_LocationPatterns/GATfiles/Segments/HFNHinvs.bed']
# shift_expansion                         : 2.0
# shift_extension                         : 0
# short_help                              : None
# stderr                                  : <_io.TextIOWrapper name='<stderr>' mode='w' encoding='utf-8'>
# stdin                                   : <_io.TextIOWrapper name='<stdin>' mode='r' encoding='utf-8'>
# stdlog                                  : <_io.TextIOWrapper name='analysis/20220517_LocationPatterns/GATresults/log/HFNHinvs_femBherer.log' mode='a' encoding='UTF-8'>
# stdout                                  : <_io.TextIOWrapper name='analysis/20220517_LocationPatterns/GATresults/tsv/HFNHinvs_femBherer.tsv' mode='w' encoding='UTF-8'>
# timeit_file                             : None
# timeit_header                           : None
# timeit_name                             : all
# truncate_segments_to_workspace          : False
# truncate_workspace_to_annotations       : False
# workspace_files                         : ['analysis/20220517_LocationPatterns/GATfiles/Workspace/workspace_femBherer.bed']
2022-05-17 13:19:27,404 INFO segments: reading tracks from 1 files
2022-05-17 13:19:27,405 INFO segments: read 1 tracks from 1 files
2022-05-17 13:19:27,405 INFO annotations: reading tracks from 1 files
2022-05-17 13:19:27,718 INFO annotations: read 6 tracks from 1 files
2022-05-17 13:19:27,722 INFO workspaces: reading tracks from 1 files
2022-05-17 13:19:27,722 INFO workspaces: read 1 tracks from 1 files
2022-05-17 13:19:27,722 INFO collapsing workspaces
2022-05-17 13:19:27,722 INFO isochores: reading isochores from 1 files
2022-05-17 13:19:27,722 INFO intervals loaded in 0 seconds
2022-05-17 13:19:27,722 INFO adding isochores to workspace
2022-05-17 13:19:27,725 INFO collecting observed counts
2022-05-17 13:19:27,726 INFO starting sampling
2022-05-17 13:19:27,726 INFO sampling: merged: 1/1
2022-05-17 13:19:27,726 INFO performing unconditional sampling
2022-05-17 13:19:27,732 INFO workspace without conditioning: 92 segments, 2826410475 nucleotides
2022-05-17 13:19:27,732 INFO workspace after conditioning: 92 segments, 2826410475 nucleotides
2022-05-17 13:19:27,732 INFO sampling started
2022-05-17 13:19:27,735 INFO 0/100 done ( 0.00)
2022-05-17 13:19:27,974 INFO sampling completed
2022-05-17 13:19:27,974 INFO sampling finished
2022-05-17 13:19:27,974 INFO computing PValue statistics
2022-05-17 13:19:27,976 INFO writing counts to analysis/20220517_LocationPatterns/GATresults/counts/HFNHinvs_femBherer_nucleotide-overlap.tsv.gz
2022-05-17 13:19:27,977 INFO computing FDR statistics
# job finished in 0 seconds at Tue May 17 13:19:27 2022 --  1.39  0.05  0.00  0.00 -- fea972e4-6ab0-440e-b30d-1d09f649e327
# output generated by /home/rgomez/anaconda3/bin/gat-run.py --segments=analysis/20220517_LocationPatterns/GATfiles/Segments/HFNHinvs.bed --annotations=analysis/20220517_LocationPatterns/GATfiles/Annotations/annotations_femBherer.bed --output-counts-pattern=analysis/20220517_LocationPatterns/GATresults/counts/HFNHinvs_femBherer_%s.tsv.gz --isochores=analysis/20220517_LocationPatterns/GATfiles/Isochores/genomicSuperDups_COzones_0.1/windows.txt --workspace=analysis/20220517_LocationPatterns/GATfiles/Workspace/workspace_femBherer.bed --num-samples=100 --log=analysis/20220517_LocationPatterns/GATresults/log/HFNHinvs_femBherer.log --stdout=analysis/20220517_LocationPatterns/GATresults/tsv/HFNHinvs_femBherer.tsv
# job started at Tue May 17 13:36:03 2022 on rgomez-pc -- 5102d38d-1be7-4ac4-adc1-0d4cea41ad3c
# pid: 9179, system: Linux 5.3.0-7648-generic #41~1586790036~18.04~600aeb5-Ubuntu SMP Mon Apr 13 17:47:15 UTC  x86_64
# annotation_files                        : ['analysis/20220517_LocationPatterns/GATfiles/Annotations/annotations_femBherer.bed']
# annotations_label                       : None
# annotations_to_points                   : None
# bucket_size                             : 0
# cache                                   : None
# conditional                             : unconditional
# conditional_expansion                   : None
# conditional_extension                   : None
# counters                                : []
# enable_split_tracks                     : False
# ignore_segment_tracks                   : True
# input_filename_counts                   : None
# input_filename_descriptions             : None
# input_filename_results                  : None
# isochore_files                          : ['analysis/20220517_LocationPatterns/GATfiles/Isochores/genomicSuperDups_COzones_0.1/windows.txt']
# loglevel                                : 1
# nbuckets                                : 100000
# null                                    : default
# num_samples                             : 100
# num_threads                             : 0
# output_bed                              : []
# output_counts_pattern                   : analysis/20220517_LocationPatterns/GATresults/counts/HFNHinvs_femBherer_%s.tsv.gz
# output_filename_pattern                 : %s
# output_force                            : False
# output_order                            : fold
# output_plots_pattern                    : None
# output_samples_pattern                  : None
# output_stats                            : []
# output_tables_pattern                   : %s.tsv.gz
# overlapping_annotations                 : False
# pseudo_count                            : 1.0
# pvalue_method                           : empirical
# qvalue_lambda                           : None
# qvalue_method                           : BH
# qvalue_pi0_method                       : smoother
# random_seed                             : None
# restrict_workspace                      : False
# sample_files                            : []
# sampler                                 : annotator
# segment_files                           : ['analysis/20220517_LocationPatterns/GATfiles/Segments/HFNHinvs.bed']
# shift_expansion                         : 2.0
# shift_extension                         : 0
# short_help                              : None
# stderr                                  : <_io.TextIOWrapper name='<stderr>' mode='w' encoding='utf-8'>
# stdin                                   : <_io.TextIOWrapper name='<stdin>' mode='r' encoding='utf-8'>
# stdlog                                  : <_io.TextIOWrapper name='analysis/20220517_LocationPatterns/GATresults/log/HFNHinvs_femBherer.log' mode='a' encoding='UTF-8'>
# stdout                                  : <_io.TextIOWrapper name='analysis/20220517_LocationPatterns/GATresults/tsv/HFNHinvs_femBherer.tsv' mode='w' encoding='UTF-8'>
# timeit_file                             : None
# timeit_header                           : None
# timeit_name                             : all
# truncate_segments_to_workspace          : False
# truncate_workspace_to_annotations       : False
# workspace_files                         : ['analysis/20220517_LocationPatterns/GATfiles/Workspace/workspace_femBherer.bed']
2022-05-17 13:36:03,087 INFO segments: reading tracks from 1 files
2022-05-17 13:36:03,087 INFO segments: read 1 tracks from 1 files
2022-05-17 13:36:03,088 INFO annotations: reading tracks from 1 files
2022-05-17 13:36:03,375 INFO annotations: read 6 tracks from 1 files
2022-05-17 13:36:03,380 INFO workspaces: reading tracks from 1 files
2022-05-17 13:36:03,380 INFO workspaces: read 1 tracks from 1 files
2022-05-17 13:36:03,380 INFO collapsing workspaces
2022-05-17 13:36:03,380 INFO isochores: reading isochores from 1 files
2022-05-17 13:36:03,380 INFO intervals loaded in 0 seconds
2022-05-17 13:36:03,381 INFO adding isochores to workspace
2022-05-17 13:36:03,383 INFO collecting observed counts
2022-05-17 13:36:03,383 INFO starting sampling
2022-05-17 13:36:03,383 INFO sampling: merged: 1/1
2022-05-17 13:36:03,383 INFO performing unconditional sampling
2022-05-17 13:36:03,389 INFO workspace without conditioning: 92 segments, 2826410475 nucleotides
2022-05-17 13:36:03,389 INFO workspace after conditioning: 92 segments, 2826410475 nucleotides
2022-05-17 13:36:03,389 INFO sampling started
2022-05-17 13:36:03,392 INFO 0/100 done ( 0.00)
2022-05-17 13:36:03,634 INFO sampling completed
2022-05-17 13:36:03,634 INFO sampling finished
2022-05-17 13:36:03,634 INFO computing PValue statistics
2022-05-17 13:36:03,636 INFO writing counts to analysis/20220517_LocationPatterns/GATresults/counts/HFNHinvs_femBherer_nucleotide-overlap.tsv.gz
2022-05-17 13:36:03,636 INFO computing FDR statistics
# job finished in 0 seconds at Tue May 17 13:36:03 2022 --  1.34  0.05  0.00  0.00 -- 5102d38d-1be7-4ac4-adc1-0d4cea41ad3c
