# output generated by /home/rgomez/anaconda3/bin/gat-run.py --segments=analysis/20220517_LocationPatterns/GATfiles/Segments/HFNHinvs.bed --annotations=analysis/20220517_LocationPatterns/GATfiles/Annotations/annotations_CEUSpence.bed --output-counts-pattern=analysis/20220517_LocationPatterns/GATresults/counts/HFNHinvs_CEUSpence_%s.tsv.gz --isochores=analysis/20220517_LocationPatterns/GATfiles/Isochores/genomicSuperDups_COzones_0.1/windows.txt --workspace=analysis/20220517_LocationPatterns/GATfiles/Workspace/workspace_CEUSpence.bed --num-samples=100 --log=analysis/20220517_LocationPatterns/GATresults/log/HFNHinvs_CEUSpence.log --stdout=analysis/20220517_LocationPatterns/GATresults/tsv/HFNHinvs_CEUSpence.tsv
# job started at Tue May 17 13:19:24 2022 on rgomez-pc -- f9301937-3416-47fe-bef0-641b388ab99d
# pid: 6487, system: Linux 5.3.0-7648-generic #41~1586790036~18.04~600aeb5-Ubuntu SMP Mon Apr 13 17:47:15 UTC  x86_64
# annotation_files                        : ['analysis/20220517_LocationPatterns/GATfiles/Annotations/annotations_CEUSpence.bed']
# annotations_label                       : None
# annotations_to_points                   : None
# bucket_size                             : 0
# cache                                   : None
# conditional                             : unconditional
# conditional_expansion                   : None
# conditional_extension                   : None
# counters                                : []
# enable_split_tracks                     : False
# ignore_segment_tracks                   : True
# input_filename_counts                   : None
# input_filename_descriptions             : None
# input_filename_results                  : None
# isochore_files                          : ['analysis/20220517_LocationPatterns/GATfiles/Isochores/genomicSuperDups_COzones_0.1/windows.txt']
# loglevel                                : 1
# nbuckets                                : 100000
# null                                    : default
# num_samples                             : 100
# num_threads                             : 0
# output_bed                              : []
# output_counts_pattern                   : analysis/20220517_LocationPatterns/GATresults/counts/HFNHinvs_CEUSpence_%s.tsv.gz
# output_filename_pattern                 : %s
# output_force                            : False
# output_order                            : fold
# output_plots_pattern                    : None
# output_samples_pattern                  : None
# output_stats                            : []
# output_tables_pattern                   : %s.tsv.gz
# overlapping_annotations                 : False
# pseudo_count                            : 1.0
# pvalue_method                           : empirical
# qvalue_lambda                           : None
# qvalue_method                           : BH
# qvalue_pi0_method                       : smoother
# random_seed                             : None
# restrict_workspace                      : False
# sample_files                            : []
# sampler                                 : annotator
# segment_files                           : ['analysis/20220517_LocationPatterns/GATfiles/Segments/HFNHinvs.bed']
# shift_expansion                         : 2.0
# shift_extension                         : 0
# short_help                              : None
# stderr                                  : <_io.TextIOWrapper name='<stderr>' mode='w' encoding='utf-8'>
# stdin                                   : <_io.TextIOWrapper name='<stdin>' mode='r' encoding='utf-8'>
# stdlog                                  : <_io.TextIOWrapper name='analysis/20220517_LocationPatterns/GATresults/log/HFNHinvs_CEUSpence.log' mode='a' encoding='UTF-8'>
# stdout                                  : <_io.TextIOWrapper name='analysis/20220517_LocationPatterns/GATresults/tsv/HFNHinvs_CEUSpence.tsv' mode='w' encoding='UTF-8'>
# timeit_file                             : None
# timeit_header                           : None
# timeit_name                             : all
# truncate_segments_to_workspace          : False
# truncate_workspace_to_annotations       : False
# workspace_files                         : ['analysis/20220517_LocationPatterns/GATfiles/Workspace/workspace_CEUSpence.bed']
2022-05-17 13:19:24,222 INFO segments: reading tracks from 1 files
2022-05-17 13:19:24,222 INFO segments: read 1 tracks from 1 files
2022-05-17 13:19:24,222 INFO annotations: reading tracks from 1 files
2022-05-17 13:19:24,598 INFO annotations: read 6 tracks from 1 files
2022-05-17 13:19:24,603 INFO workspaces: reading tracks from 1 files
2022-05-17 13:19:24,604 INFO workspaces: read 1 tracks from 1 files
2022-05-17 13:19:24,604 INFO collapsing workspaces
2022-05-17 13:19:24,604 INFO isochores: reading isochores from 1 files
2022-05-17 13:19:24,604 INFO intervals loaded in 0 seconds
2022-05-17 13:19:24,604 INFO adding isochores to workspace
2022-05-17 13:19:24,607 INFO collecting observed counts
2022-05-17 13:19:24,608 INFO starting sampling
2022-05-17 13:19:24,608 INFO sampling: merged: 1/1
2022-05-17 13:19:24,608 INFO performing unconditional sampling
2022-05-17 13:19:24,615 INFO workspace without conditioning: 90 segments, 2698883317 nucleotides
2022-05-17 13:19:24,615 INFO workspace after conditioning: 90 segments, 2698883317 nucleotides
2022-05-17 13:19:24,615 INFO sampling started
2022-05-17 13:19:24,618 INFO 0/100 done ( 0.00)
2022-05-17 13:19:24,837 INFO sampling completed
2022-05-17 13:19:24,837 INFO sampling finished
2022-05-17 13:19:24,837 INFO computing PValue statistics
2022-05-17 13:19:24,839 INFO writing counts to analysis/20220517_LocationPatterns/GATresults/counts/HFNHinvs_CEUSpence_nucleotide-overlap.tsv.gz
2022-05-17 13:19:24,839 INFO computing FDR statistics
# job finished in 0 seconds at Tue May 17 13:19:24 2022 --  1.50  0.04  0.00  0.00 -- f9301937-3416-47fe-bef0-641b388ab99d
# output generated by /home/rgomez/anaconda3/bin/gat-run.py --segments=analysis/20220517_LocationPatterns/GATfiles/Segments/HFNHinvs.bed --annotations=analysis/20220517_LocationPatterns/GATfiles/Annotations/annotations_CEUSpence.bed --output-counts-pattern=analysis/20220517_LocationPatterns/GATresults/counts/HFNHinvs_CEUSpence_%s.tsv.gz --isochores=analysis/20220517_LocationPatterns/GATfiles/Isochores/genomicSuperDups_COzones_0.1/windows.txt --workspace=analysis/20220517_LocationPatterns/GATfiles/Workspace/workspace_CEUSpence.bed --num-samples=100 --log=analysis/20220517_LocationPatterns/GATresults/log/HFNHinvs_CEUSpence.log --stdout=analysis/20220517_LocationPatterns/GATresults/tsv/HFNHinvs_CEUSpence.tsv
# job started at Tue May 17 13:35:59 2022 on rgomez-pc -- d31b52fe-418d-4ff4-9b13-a4971ee822f2
# pid: 9174, system: Linux 5.3.0-7648-generic #41~1586790036~18.04~600aeb5-Ubuntu SMP Mon Apr 13 17:47:15 UTC  x86_64
# annotation_files                        : ['analysis/20220517_LocationPatterns/GATfiles/Annotations/annotations_CEUSpence.bed']
# annotations_label                       : None
# annotations_to_points                   : None
# bucket_size                             : 0
# cache                                   : None
# conditional                             : unconditional
# conditional_expansion                   : None
# conditional_extension                   : None
# counters                                : []
# enable_split_tracks                     : False
# ignore_segment_tracks                   : True
# input_filename_counts                   : None
# input_filename_descriptions             : None
# input_filename_results                  : None
# isochore_files                          : ['analysis/20220517_LocationPatterns/GATfiles/Isochores/genomicSuperDups_COzones_0.1/windows.txt']
# loglevel                                : 1
# nbuckets                                : 100000
# null                                    : default
# num_samples                             : 100
# num_threads                             : 0
# output_bed                              : []
# output_counts_pattern                   : analysis/20220517_LocationPatterns/GATresults/counts/HFNHinvs_CEUSpence_%s.tsv.gz
# output_filename_pattern                 : %s
# output_force                            : False
# output_order                            : fold
# output_plots_pattern                    : None
# output_samples_pattern                  : None
# output_stats                            : []
# output_tables_pattern                   : %s.tsv.gz
# overlapping_annotations                 : False
# pseudo_count                            : 1.0
# pvalue_method                           : empirical
# qvalue_lambda                           : None
# qvalue_method                           : BH
# qvalue_pi0_method                       : smoother
# random_seed                             : None
# restrict_workspace                      : False
# sample_files                            : []
# sampler                                 : annotator
# segment_files                           : ['analysis/20220517_LocationPatterns/GATfiles/Segments/HFNHinvs.bed']
# shift_expansion                         : 2.0
# shift_extension                         : 0
# short_help                              : None
# stderr                                  : <_io.TextIOWrapper name='<stderr>' mode='w' encoding='utf-8'>
# stdin                                   : <_io.TextIOWrapper name='<stdin>' mode='r' encoding='utf-8'>
# stdlog                                  : <_io.TextIOWrapper name='analysis/20220517_LocationPatterns/GATresults/log/HFNHinvs_CEUSpence.log' mode='a' encoding='UTF-8'>
# stdout                                  : <_io.TextIOWrapper name='analysis/20220517_LocationPatterns/GATresults/tsv/HFNHinvs_CEUSpence.tsv' mode='w' encoding='UTF-8'>
# timeit_file                             : None
# timeit_header                           : None
# timeit_name                             : all
# truncate_segments_to_workspace          : False
# truncate_workspace_to_annotations       : False
# workspace_files                         : ['analysis/20220517_LocationPatterns/GATfiles/Workspace/workspace_CEUSpence.bed']
2022-05-17 13:35:59,994 INFO segments: reading tracks from 1 files
2022-05-17 13:35:59,994 INFO segments: read 1 tracks from 1 files
2022-05-17 13:35:59,994 INFO annotations: reading tracks from 1 files
2022-05-17 13:36:00,349 INFO annotations: read 6 tracks from 1 files
2022-05-17 13:36:00,354 INFO workspaces: reading tracks from 1 files
2022-05-17 13:36:00,354 INFO workspaces: read 1 tracks from 1 files
2022-05-17 13:36:00,354 INFO collapsing workspaces
2022-05-17 13:36:00,354 INFO isochores: reading isochores from 1 files
2022-05-17 13:36:00,354 INFO intervals loaded in 0 seconds
2022-05-17 13:36:00,354 INFO adding isochores to workspace
2022-05-17 13:36:00,357 INFO collecting observed counts
2022-05-17 13:36:00,358 INFO starting sampling
2022-05-17 13:36:00,358 INFO sampling: merged: 1/1
2022-05-17 13:36:00,358 INFO performing unconditional sampling
2022-05-17 13:36:00,365 INFO workspace without conditioning: 90 segments, 2698883317 nucleotides
2022-05-17 13:36:00,365 INFO workspace after conditioning: 90 segments, 2698883317 nucleotides
2022-05-17 13:36:00,365 INFO sampling started
2022-05-17 13:36:00,368 INFO 0/100 done ( 0.00)
2022-05-17 13:36:00,606 INFO sampling completed
2022-05-17 13:36:00,606 INFO sampling finished
2022-05-17 13:36:00,606 INFO computing PValue statistics
2022-05-17 13:36:00,608 INFO writing counts to analysis/20220517_LocationPatterns/GATresults/counts/HFNHinvs_CEUSpence_nucleotide-overlap.tsv.gz
2022-05-17 13:36:00,610 INFO computing FDR statistics
# job finished in 0 seconds at Tue May 17 13:36:00 2022 --  1.43  0.03  0.00  0.00 -- d31b52fe-418d-4ff4-9b13-a4971ee822f2
