# output generated by /home/rgomez/anaconda3/bin/gat-run.py --segments=analysis/20220517_LocationPatterns/GATfiles/Segments/HFNHinvs.bed --annotations=analysis/20220517_LocationPatterns/GATfiles/Annotations/annotations_avgBherer.bed --output-counts-pattern=analysis/20220517_LocationPatterns/GATresults/counts/HFNHinvs_avgBherer_%s.tsv.gz --isochores=analysis/20220517_LocationPatterns/GATfiles/Isochores/genomicSuperDups_COzones_0.1/windows.txt --workspace=analysis/20220517_LocationPatterns/GATfiles/Workspace/workspace_avgBherer.bed --num-samples=100 --log=analysis/20220517_LocationPatterns/GATresults/log/HFNHinvs_avgBherer.log --stdout=analysis/20220517_LocationPatterns/GATresults/tsv/HFNHinvs_avgBherer.tsv
# job started at Tue May 17 13:19:25 2022 on rgomez-pc -- 263eb431-faba-4518-a2e2-5dbf06e151dc
# pid: 6489, system: Linux 5.3.0-7648-generic #41~1586790036~18.04~600aeb5-Ubuntu SMP Mon Apr 13 17:47:15 UTC  x86_64
# annotation_files                        : ['analysis/20220517_LocationPatterns/GATfiles/Annotations/annotations_avgBherer.bed']
# annotations_label                       : None
# annotations_to_points                   : None
# bucket_size                             : 0
# cache                                   : None
# conditional                             : unconditional
# conditional_expansion                   : None
# conditional_extension                   : None
# counters                                : []
# enable_split_tracks                     : False
# ignore_segment_tracks                   : True
# input_filename_counts                   : None
# input_filename_descriptions             : None
# input_filename_results                  : None
# isochore_files                          : ['analysis/20220517_LocationPatterns/GATfiles/Isochores/genomicSuperDups_COzones_0.1/windows.txt']
# loglevel                                : 1
# nbuckets                                : 100000
# null                                    : default
# num_samples                             : 100
# num_threads                             : 0
# output_bed                              : []
# output_counts_pattern                   : analysis/20220517_LocationPatterns/GATresults/counts/HFNHinvs_avgBherer_%s.tsv.gz
# output_filename_pattern                 : %s
# output_force                            : False
# output_order                            : fold
# output_plots_pattern                    : None
# output_samples_pattern                  : None
# output_stats                            : []
# output_tables_pattern                   : %s.tsv.gz
# overlapping_annotations                 : False
# pseudo_count                            : 1.0
# pvalue_method                           : empirical
# qvalue_lambda                           : None
# qvalue_method                           : BH
# qvalue_pi0_method                       : smoother
# random_seed                             : None
# restrict_workspace                      : False
# sample_files                            : []
# sampler                                 : annotator
# segment_files                           : ['analysis/20220517_LocationPatterns/GATfiles/Segments/HFNHinvs.bed']
# shift_expansion                         : 2.0
# shift_extension                         : 0
# short_help                              : None
# stderr                                  : <_io.TextIOWrapper name='<stderr>' mode='w' encoding='utf-8'>
# stdin                                   : <_io.TextIOWrapper name='<stdin>' mode='r' encoding='utf-8'>
# stdlog                                  : <_io.TextIOWrapper name='analysis/20220517_LocationPatterns/GATresults/log/HFNHinvs_avgBherer.log' mode='a' encoding='UTF-8'>
# stdout                                  : <_io.TextIOWrapper name='analysis/20220517_LocationPatterns/GATresults/tsv/HFNHinvs_avgBherer.tsv' mode='w' encoding='UTF-8'>
# timeit_file                             : None
# timeit_header                           : None
# timeit_name                             : all
# truncate_segments_to_workspace          : False
# truncate_workspace_to_annotations       : False
# workspace_files                         : ['analysis/20220517_LocationPatterns/GATfiles/Workspace/workspace_avgBherer.bed']
2022-05-17 13:19:25,847 INFO segments: reading tracks from 1 files
2022-05-17 13:19:25,847 INFO segments: read 1 tracks from 1 files
2022-05-17 13:19:25,847 INFO annotations: reading tracks from 1 files
2022-05-17 13:19:26,141 INFO annotations: read 6 tracks from 1 files
2022-05-17 13:19:26,145 INFO workspaces: reading tracks from 1 files
2022-05-17 13:19:26,146 INFO workspaces: read 1 tracks from 1 files
2022-05-17 13:19:26,146 INFO collapsing workspaces
2022-05-17 13:19:26,146 INFO isochores: reading isochores from 1 files
2022-05-17 13:19:26,146 INFO intervals loaded in 0 seconds
2022-05-17 13:19:26,146 INFO adding isochores to workspace
2022-05-17 13:19:26,148 INFO collecting observed counts
2022-05-17 13:19:26,148 INFO starting sampling
2022-05-17 13:19:26,148 INFO sampling: merged: 1/1
2022-05-17 13:19:26,149 INFO performing unconditional sampling
2022-05-17 13:19:26,154 INFO workspace without conditioning: 88 segments, 2678195140 nucleotides
2022-05-17 13:19:26,154 INFO workspace after conditioning: 88 segments, 2678195140 nucleotides
2022-05-17 13:19:26,154 INFO sampling started
2022-05-17 13:19:26,158 INFO 0/100 done ( 0.00)
2022-05-17 13:19:26,395 INFO sampling completed
2022-05-17 13:19:26,395 INFO sampling finished
2022-05-17 13:19:26,395 INFO computing PValue statistics
2022-05-17 13:19:26,397 INFO writing counts to analysis/20220517_LocationPatterns/GATresults/counts/HFNHinvs_avgBherer_nucleotide-overlap.tsv.gz
2022-05-17 13:19:26,397 INFO computing FDR statistics
# job finished in 0 seconds at Tue May 17 13:19:26 2022 --  1.40  0.02  0.00  0.00 -- 263eb431-faba-4518-a2e2-5dbf06e151dc
# output generated by /home/rgomez/anaconda3/bin/gat-run.py --segments=analysis/20220517_LocationPatterns/GATfiles/Segments/HFNHinvs.bed --annotations=analysis/20220517_LocationPatterns/GATfiles/Annotations/annotations_avgBherer.bed --output-counts-pattern=analysis/20220517_LocationPatterns/GATresults/counts/HFNHinvs_avgBherer_%s.tsv.gz --isochores=analysis/20220517_LocationPatterns/GATfiles/Isochores/genomicSuperDups_COzones_0.1/windows.txt --workspace=analysis/20220517_LocationPatterns/GATfiles/Workspace/workspace_avgBherer.bed --num-samples=100 --log=analysis/20220517_LocationPatterns/GATresults/log/HFNHinvs_avgBherer.log --stdout=analysis/20220517_LocationPatterns/GATresults/tsv/HFNHinvs_avgBherer.tsv
# job started at Tue May 17 13:36:01 2022 on rgomez-pc -- f6b04035-4396-4e85-bb47-df8b052f7632
# pid: 9177, system: Linux 5.3.0-7648-generic #41~1586790036~18.04~600aeb5-Ubuntu SMP Mon Apr 13 17:47:15 UTC  x86_64
# annotation_files                        : ['analysis/20220517_LocationPatterns/GATfiles/Annotations/annotations_avgBherer.bed']
# annotations_label                       : None
# annotations_to_points                   : None
# bucket_size                             : 0
# cache                                   : None
# conditional                             : unconditional
# conditional_expansion                   : None
# conditional_extension                   : None
# counters                                : []
# enable_split_tracks                     : False
# ignore_segment_tracks                   : True
# input_filename_counts                   : None
# input_filename_descriptions             : None
# input_filename_results                  : None
# isochore_files                          : ['analysis/20220517_LocationPatterns/GATfiles/Isochores/genomicSuperDups_COzones_0.1/windows.txt']
# loglevel                                : 1
# nbuckets                                : 100000
# null                                    : default
# num_samples                             : 100
# num_threads                             : 0
# output_bed                              : []
# output_counts_pattern                   : analysis/20220517_LocationPatterns/GATresults/counts/HFNHinvs_avgBherer_%s.tsv.gz
# output_filename_pattern                 : %s
# output_force                            : False
# output_order                            : fold
# output_plots_pattern                    : None
# output_samples_pattern                  : None
# output_stats                            : []
# output_tables_pattern                   : %s.tsv.gz
# overlapping_annotations                 : False
# pseudo_count                            : 1.0
# pvalue_method                           : empirical
# qvalue_lambda                           : None
# qvalue_method                           : BH
# qvalue_pi0_method                       : smoother
# random_seed                             : None
# restrict_workspace                      : False
# sample_files                            : []
# sampler                                 : annotator
# segment_files                           : ['analysis/20220517_LocationPatterns/GATfiles/Segments/HFNHinvs.bed']
# shift_expansion                         : 2.0
# shift_extension                         : 0
# short_help                              : None
# stderr                                  : <_io.TextIOWrapper name='<stderr>' mode='w' encoding='utf-8'>
# stdin                                   : <_io.TextIOWrapper name='<stdin>' mode='r' encoding='utf-8'>
# stdlog                                  : <_io.TextIOWrapper name='analysis/20220517_LocationPatterns/GATresults/log/HFNHinvs_avgBherer.log' mode='a' encoding='UTF-8'>
# stdout                                  : <_io.TextIOWrapper name='analysis/20220517_LocationPatterns/GATresults/tsv/HFNHinvs_avgBherer.tsv' mode='w' encoding='UTF-8'>
# timeit_file                             : None
# timeit_header                           : None
# timeit_name                             : all
# truncate_segments_to_workspace          : False
# truncate_workspace_to_annotations       : False
# workspace_files                         : ['analysis/20220517_LocationPatterns/GATfiles/Workspace/workspace_avgBherer.bed']
2022-05-17 13:36:01,587 INFO segments: reading tracks from 1 files
2022-05-17 13:36:01,588 INFO segments: read 1 tracks from 1 files
2022-05-17 13:36:01,588 INFO annotations: reading tracks from 1 files
2022-05-17 13:36:01,864 INFO annotations: read 6 tracks from 1 files
2022-05-17 13:36:01,869 INFO workspaces: reading tracks from 1 files
2022-05-17 13:36:01,869 INFO workspaces: read 1 tracks from 1 files
2022-05-17 13:36:01,869 INFO collapsing workspaces
2022-05-17 13:36:01,869 INFO isochores: reading isochores from 1 files
2022-05-17 13:36:01,869 INFO intervals loaded in 0 seconds
2022-05-17 13:36:01,869 INFO adding isochores to workspace
2022-05-17 13:36:01,871 INFO collecting observed counts
2022-05-17 13:36:01,872 INFO starting sampling
2022-05-17 13:36:01,872 INFO sampling: merged: 1/1
2022-05-17 13:36:01,872 INFO performing unconditional sampling
2022-05-17 13:36:01,878 INFO workspace without conditioning: 88 segments, 2678195140 nucleotides
2022-05-17 13:36:01,878 INFO workspace after conditioning: 88 segments, 2678195140 nucleotides
2022-05-17 13:36:01,878 INFO sampling started
2022-05-17 13:36:01,881 INFO 0/100 done ( 0.00)
2022-05-17 13:36:02,106 INFO sampling completed
2022-05-17 13:36:02,107 INFO sampling finished
2022-05-17 13:36:02,107 INFO computing PValue statistics
2022-05-17 13:36:02,109 INFO writing counts to analysis/20220517_LocationPatterns/GATresults/counts/HFNHinvs_avgBherer_nucleotide-overlap.tsv.gz
2022-05-17 13:36:02,110 INFO computing FDR statistics
# job finished in 0 seconds at Tue May 17 13:36:02 2022 --  1.32  0.05  0.00  0.00 -- f6b04035-4396-4e85-bb47-df8b052f7632
