# output generated by /home/rgomez/anaconda3/bin/gat-run.py --segments=analysis/20220517_LocationPatterns/GATfiles/Segments/HFno501invs.bed --annotations=analysis/20220517_LocationPatterns/GATfiles/Annotations/annotations_avgBherer.bed --output-counts-pattern=analysis/20220517_LocationPatterns/GATresults/counts/HFno501invs_avgBherer_%s.tsv.gz --isochores=analysis/20220517_LocationPatterns/GATfiles/Isochores/genomicSuperDups_COzones_0.1/windows.txt --workspace=analysis/20220517_LocationPatterns/GATfiles/Workspace/workspace_avgBherer.bed --num-samples=100 --log=analysis/20220517_LocationPatterns/GATresults/log/HFno501invs_avgBherer.log --stdout=analysis/20220517_LocationPatterns/GATresults/tsv/HFno501invs_avgBherer.tsv
# job started at Tue May 17 13:19:30 2022 on rgomez-pc -- cd224422-ad28-4ad0-892e-cec4237b5c3e
# pid: 6508, system: Linux 5.3.0-7648-generic #41~1586790036~18.04~600aeb5-Ubuntu SMP Mon Apr 13 17:47:15 UTC  x86_64
# annotation_files                        : ['analysis/20220517_LocationPatterns/GATfiles/Annotations/annotations_avgBherer.bed']
# annotations_label                       : None
# annotations_to_points                   : None
# bucket_size                             : 0
# cache                                   : None
# conditional                             : unconditional
# conditional_expansion                   : None
# conditional_extension                   : None
# counters                                : []
# enable_split_tracks                     : False
# ignore_segment_tracks                   : True
# input_filename_counts                   : None
# input_filename_descriptions             : None
# input_filename_results                  : None
# isochore_files                          : ['analysis/20220517_LocationPatterns/GATfiles/Isochores/genomicSuperDups_COzones_0.1/windows.txt']
# loglevel                                : 1
# nbuckets                                : 100000
# null                                    : default
# num_samples                             : 100
# num_threads                             : 0
# output_bed                              : []
# output_counts_pattern                   : analysis/20220517_LocationPatterns/GATresults/counts/HFno501invs_avgBherer_%s.tsv.gz
# output_filename_pattern                 : %s
# output_force                            : False
# output_order                            : fold
# output_plots_pattern                    : None
# output_samples_pattern                  : None
# output_stats                            : []
# output_tables_pattern                   : %s.tsv.gz
# overlapping_annotations                 : False
# pseudo_count                            : 1.0
# pvalue_method                           : empirical
# qvalue_lambda                           : None
# qvalue_method                           : BH
# qvalue_pi0_method                       : smoother
# random_seed                             : None
# restrict_workspace                      : False
# sample_files                            : []
# sampler                                 : annotator
# segment_files                           : ['analysis/20220517_LocationPatterns/GATfiles/Segments/HFno501invs.bed']
# shift_expansion                         : 2.0
# shift_extension                         : 0
# short_help                              : None
# stderr                                  : <_io.TextIOWrapper name='<stderr>' mode='w' encoding='utf-8'>
# stdin                                   : <_io.TextIOWrapper name='<stdin>' mode='r' encoding='utf-8'>
# stdlog                                  : <_io.TextIOWrapper name='analysis/20220517_LocationPatterns/GATresults/log/HFno501invs_avgBherer.log' mode='a' encoding='UTF-8'>
# stdout                                  : <_io.TextIOWrapper name='analysis/20220517_LocationPatterns/GATresults/tsv/HFno501invs_avgBherer.tsv' mode='w' encoding='UTF-8'>
# timeit_file                             : None
# timeit_header                           : None
# timeit_name                             : all
# truncate_segments_to_workspace          : False
# truncate_workspace_to_annotations       : False
# workspace_files                         : ['analysis/20220517_LocationPatterns/GATfiles/Workspace/workspace_avgBherer.bed']
2022-05-17 13:19:30,915 INFO segments: reading tracks from 1 files
2022-05-17 13:19:30,916 INFO segments: read 1 tracks from 1 files
2022-05-17 13:19:30,916 INFO annotations: reading tracks from 1 files
2022-05-17 13:19:31,205 INFO annotations: read 6 tracks from 1 files
2022-05-17 13:19:31,209 INFO workspaces: reading tracks from 1 files
2022-05-17 13:19:31,210 INFO workspaces: read 1 tracks from 1 files
2022-05-17 13:19:31,210 INFO collapsing workspaces
2022-05-17 13:19:31,210 INFO isochores: reading isochores from 1 files
2022-05-17 13:19:31,210 INFO intervals loaded in 0 seconds
2022-05-17 13:19:31,210 INFO adding isochores to workspace
2022-05-17 13:19:31,214 INFO collecting observed counts
2022-05-17 13:19:31,215 INFO starting sampling
2022-05-17 13:19:31,215 INFO sampling: merged: 1/1
2022-05-17 13:19:31,215 INFO performing unconditional sampling
2022-05-17 13:19:31,220 INFO workspace without conditioning: 88 segments, 2678195140 nucleotides
2022-05-17 13:19:31,221 INFO workspace after conditioning: 88 segments, 2678195140 nucleotides
2022-05-17 13:19:31,221 INFO sampling started
2022-05-17 13:19:31,227 INFO 0/100 done ( 0.00)
2022-05-17 13:19:31,738 INFO sampling completed
2022-05-17 13:19:31,739 INFO sampling finished
2022-05-17 13:19:31,739 INFO computing PValue statistics
2022-05-17 13:19:31,740 INFO writing counts to analysis/20220517_LocationPatterns/GATresults/counts/HFno501invs_avgBherer_nucleotide-overlap.tsv.gz
2022-05-17 13:19:31,741 INFO computing FDR statistics
# job finished in 0 seconds at Tue May 17 13:19:31 2022 --  1.67  0.06  0.00  0.00 -- cd224422-ad28-4ad0-892e-cec4237b5c3e
# output generated by /home/rgomez/anaconda3/bin/gat-run.py --segments=analysis/20220517_LocationPatterns/GATfiles/Segments/HFno501invs.bed --annotations=analysis/20220517_LocationPatterns/GATfiles/Annotations/annotations_avgBherer.bed --output-counts-pattern=analysis/20220517_LocationPatterns/GATresults/counts/HFno501invs_avgBherer_%s.tsv.gz --isochores=analysis/20220517_LocationPatterns/GATfiles/Isochores/genomicSuperDups_COzones_0.1/windows.txt --workspace=analysis/20220517_LocationPatterns/GATfiles/Workspace/workspace_avgBherer.bed --num-samples=100 --log=analysis/20220517_LocationPatterns/GATresults/log/HFno501invs_avgBherer.log --stdout=analysis/20220517_LocationPatterns/GATresults/tsv/HFno501invs_avgBherer.tsv
# job started at Tue May 17 13:36:06 2022 on rgomez-pc -- 2672a905-7a71-41e1-b516-840844265a60
# pid: 9191, system: Linux 5.3.0-7648-generic #41~1586790036~18.04~600aeb5-Ubuntu SMP Mon Apr 13 17:47:15 UTC  x86_64
# annotation_files                        : ['analysis/20220517_LocationPatterns/GATfiles/Annotations/annotations_avgBherer.bed']
# annotations_label                       : None
# annotations_to_points                   : None
# bucket_size                             : 0
# cache                                   : None
# conditional                             : unconditional
# conditional_expansion                   : None
# conditional_extension                   : None
# counters                                : []
# enable_split_tracks                     : False
# ignore_segment_tracks                   : True
# input_filename_counts                   : None
# input_filename_descriptions             : None
# input_filename_results                  : None
# isochore_files                          : ['analysis/20220517_LocationPatterns/GATfiles/Isochores/genomicSuperDups_COzones_0.1/windows.txt']
# loglevel                                : 1
# nbuckets                                : 100000
# null                                    : default
# num_samples                             : 100
# num_threads                             : 0
# output_bed                              : []
# output_counts_pattern                   : analysis/20220517_LocationPatterns/GATresults/counts/HFno501invs_avgBherer_%s.tsv.gz
# output_filename_pattern                 : %s
# output_force                            : False
# output_order                            : fold
# output_plots_pattern                    : None
# output_samples_pattern                  : None
# output_stats                            : []
# output_tables_pattern                   : %s.tsv.gz
# overlapping_annotations                 : False
# pseudo_count                            : 1.0
# pvalue_method                           : empirical
# qvalue_lambda                           : None
# qvalue_method                           : BH
# qvalue_pi0_method                       : smoother
# random_seed                             : None
# restrict_workspace                      : False
# sample_files                            : []
# sampler                                 : annotator
# segment_files                           : ['analysis/20220517_LocationPatterns/GATfiles/Segments/HFno501invs.bed']
# shift_expansion                         : 2.0
# shift_extension                         : 0
# short_help                              : None
# stderr                                  : <_io.TextIOWrapper name='<stderr>' mode='w' encoding='utf-8'>
# stdin                                   : <_io.TextIOWrapper name='<stdin>' mode='r' encoding='utf-8'>
# stdlog                                  : <_io.TextIOWrapper name='analysis/20220517_LocationPatterns/GATresults/log/HFno501invs_avgBherer.log' mode='a' encoding='UTF-8'>
# stdout                                  : <_io.TextIOWrapper name='analysis/20220517_LocationPatterns/GATresults/tsv/HFno501invs_avgBherer.tsv' mode='w' encoding='UTF-8'>
# timeit_file                             : None
# timeit_header                           : None
# timeit_name                             : all
# truncate_segments_to_workspace          : False
# truncate_workspace_to_annotations       : False
# workspace_files                         : ['analysis/20220517_LocationPatterns/GATfiles/Workspace/workspace_avgBherer.bed']
2022-05-17 13:36:06,479 INFO segments: reading tracks from 1 files
2022-05-17 13:36:06,480 INFO segments: read 1 tracks from 1 files
2022-05-17 13:36:06,480 INFO annotations: reading tracks from 1 files
2022-05-17 13:36:06,761 INFO annotations: read 6 tracks from 1 files
2022-05-17 13:36:06,765 INFO workspaces: reading tracks from 1 files
2022-05-17 13:36:06,766 INFO workspaces: read 1 tracks from 1 files
2022-05-17 13:36:06,766 INFO collapsing workspaces
2022-05-17 13:36:06,766 INFO isochores: reading isochores from 1 files
2022-05-17 13:36:06,766 INFO intervals loaded in 0 seconds
2022-05-17 13:36:06,766 INFO adding isochores to workspace
2022-05-17 13:36:06,768 INFO collecting observed counts
2022-05-17 13:36:06,769 INFO starting sampling
2022-05-17 13:36:06,769 INFO sampling: merged: 1/1
2022-05-17 13:36:06,769 INFO performing unconditional sampling
2022-05-17 13:36:06,774 INFO workspace without conditioning: 88 segments, 2678195140 nucleotides
2022-05-17 13:36:06,775 INFO workspace after conditioning: 88 segments, 2678195140 nucleotides
2022-05-17 13:36:06,775 INFO sampling started
2022-05-17 13:36:06,781 INFO 0/100 done ( 0.00)
2022-05-17 13:36:07,253 INFO sampling completed
2022-05-17 13:36:07,253 INFO sampling finished
2022-05-17 13:36:07,253 INFO computing PValue statistics
2022-05-17 13:36:07,254 INFO writing counts to analysis/20220517_LocationPatterns/GATresults/counts/HFno501invs_avgBherer_nucleotide-overlap.tsv.gz
2022-05-17 13:36:07,255 INFO computing FDR statistics
# job finished in 0 seconds at Tue May 17 13:36:07 2022 --  1.55  0.05  0.00  0.00 -- 2672a905-7a71-41e1-b516-840844265a60
