# output generated by /home/rgomez/anaconda3/bin/gat-run.py --segments=analysis/20220517_LocationPatterns/GATfiles/Segments/HFno501invs.bed --annotations=analysis/20220517_LocationPatterns/GATfiles/Annotations/annotations_femBherer.bed --output-counts-pattern=analysis/20220517_LocationPatterns/GATresults/counts/HFno501invs_femBherer_%s.tsv.gz --isochores=analysis/20220517_LocationPatterns/GATfiles/Isochores/genomicSuperDups_COzones_0.1/windows.txt --workspace=analysis/20220517_LocationPatterns/GATfiles/Workspace/workspace_femBherer.bed --num-samples=100 --log=analysis/20220517_LocationPatterns/GATresults/log/HFno501invs_femBherer.log --stdout=analysis/20220517_LocationPatterns/GATresults/tsv/HFno501invs_femBherer.tsv
# job started at Tue May 17 13:19:32 2022 on rgomez-pc -- 95c99425-4518-4e84-8c9b-d149bd4fb73f
# pid: 6546, system: Linux 5.3.0-7648-generic #41~1586790036~18.04~600aeb5-Ubuntu SMP Mon Apr 13 17:47:15 UTC  x86_64
# annotation_files                        : ['analysis/20220517_LocationPatterns/GATfiles/Annotations/annotations_femBherer.bed']
# annotations_label                       : None
# annotations_to_points                   : None
# bucket_size                             : 0
# cache                                   : None
# conditional                             : unconditional
# conditional_expansion                   : None
# conditional_extension                   : None
# counters                                : []
# enable_split_tracks                     : False
# ignore_segment_tracks                   : True
# input_filename_counts                   : None
# input_filename_descriptions             : None
# input_filename_results                  : None
# isochore_files                          : ['analysis/20220517_LocationPatterns/GATfiles/Isochores/genomicSuperDups_COzones_0.1/windows.txt']
# loglevel                                : 1
# nbuckets                                : 100000
# null                                    : default
# num_samples                             : 100
# num_threads                             : 0
# output_bed                              : []
# output_counts_pattern                   : analysis/20220517_LocationPatterns/GATresults/counts/HFno501invs_femBherer_%s.tsv.gz
# output_filename_pattern                 : %s
# output_force                            : False
# output_order                            : fold
# output_plots_pattern                    : None
# output_samples_pattern                  : None
# output_stats                            : []
# output_tables_pattern                   : %s.tsv.gz
# overlapping_annotations                 : False
# pseudo_count                            : 1.0
# pvalue_method                           : empirical
# qvalue_lambda                           : None
# qvalue_method                           : BH
# qvalue_pi0_method                       : smoother
# random_seed                             : None
# restrict_workspace                      : False
# sample_files                            : []
# sampler                                 : annotator
# segment_files                           : ['analysis/20220517_LocationPatterns/GATfiles/Segments/HFno501invs.bed']
# shift_expansion                         : 2.0
# shift_extension                         : 0
# short_help                              : None
# stderr                                  : <_io.TextIOWrapper name='<stderr>' mode='w' encoding='utf-8'>
# stdin                                   : <_io.TextIOWrapper name='<stdin>' mode='r' encoding='utf-8'>
# stdlog                                  : <_io.TextIOWrapper name='analysis/20220517_LocationPatterns/GATresults/log/HFno501invs_femBherer.log' mode='a' encoding='UTF-8'>
# stdout                                  : <_io.TextIOWrapper name='analysis/20220517_LocationPatterns/GATresults/tsv/HFno501invs_femBherer.tsv' mode='w' encoding='UTF-8'>
# timeit_file                             : None
# timeit_header                           : None
# timeit_name                             : all
# truncate_segments_to_workspace          : False
# truncate_workspace_to_annotations       : False
# workspace_files                         : ['analysis/20220517_LocationPatterns/GATfiles/Workspace/workspace_femBherer.bed']
2022-05-17 13:19:32,765 INFO segments: reading tracks from 1 files
2022-05-17 13:19:32,765 INFO segments: read 1 tracks from 1 files
2022-05-17 13:19:32,765 INFO annotations: reading tracks from 1 files
2022-05-17 13:19:33,052 INFO annotations: read 6 tracks from 1 files
2022-05-17 13:19:33,056 INFO workspaces: reading tracks from 1 files
2022-05-17 13:19:33,056 INFO workspaces: read 1 tracks from 1 files
2022-05-17 13:19:33,056 INFO collapsing workspaces
2022-05-17 13:19:33,056 INFO isochores: reading isochores from 1 files
2022-05-17 13:19:33,057 INFO intervals loaded in 0 seconds
2022-05-17 13:19:33,057 INFO adding isochores to workspace
2022-05-17 13:19:33,059 INFO collecting observed counts
2022-05-17 13:19:33,059 INFO starting sampling
2022-05-17 13:19:33,059 INFO sampling: merged: 1/1
2022-05-17 13:19:33,059 INFO performing unconditional sampling
2022-05-17 13:19:33,065 INFO workspace without conditioning: 92 segments, 2826410475 nucleotides
2022-05-17 13:19:33,066 INFO workspace after conditioning: 92 segments, 2826410475 nucleotides
2022-05-17 13:19:33,066 INFO sampling started
2022-05-17 13:19:33,072 INFO 0/100 done ( 0.00)
2022-05-17 13:19:33,630 INFO sampling completed
2022-05-17 13:19:33,630 INFO sampling finished
2022-05-17 13:19:33,631 INFO computing PValue statistics
2022-05-17 13:19:33,632 INFO writing counts to analysis/20220517_LocationPatterns/GATresults/counts/HFno501invs_femBherer_nucleotide-overlap.tsv.gz
2022-05-17 13:19:33,633 INFO computing FDR statistics
# job finished in 0 seconds at Tue May 17 13:19:33 2022 --  1.71  0.05  0.00  0.00 -- 95c99425-4518-4e84-8c9b-d149bd4fb73f
# output generated by /home/rgomez/anaconda3/bin/gat-run.py --segments=analysis/20220517_LocationPatterns/GATfiles/Segments/HFno501invs.bed --annotations=analysis/20220517_LocationPatterns/GATfiles/Annotations/annotations_femBherer.bed --output-counts-pattern=analysis/20220517_LocationPatterns/GATresults/counts/HFno501invs_femBherer_%s.tsv.gz --isochores=analysis/20220517_LocationPatterns/GATfiles/Isochores/genomicSuperDups_COzones_0.1/windows.txt --workspace=analysis/20220517_LocationPatterns/GATfiles/Workspace/workspace_femBherer.bed --num-samples=100 --log=analysis/20220517_LocationPatterns/GATresults/log/HFno501invs_femBherer.log --stdout=analysis/20220517_LocationPatterns/GATresults/tsv/HFno501invs_femBherer.tsv
# job started at Tue May 17 13:36:08 2022 on rgomez-pc -- 6a2a516a-fc85-4175-85a2-6c0d1afa03db
# pid: 9194, system: Linux 5.3.0-7648-generic #41~1586790036~18.04~600aeb5-Ubuntu SMP Mon Apr 13 17:47:15 UTC  x86_64
# annotation_files                        : ['analysis/20220517_LocationPatterns/GATfiles/Annotations/annotations_femBherer.bed']
# annotations_label                       : None
# annotations_to_points                   : None
# bucket_size                             : 0
# cache                                   : None
# conditional                             : unconditional
# conditional_expansion                   : None
# conditional_extension                   : None
# counters                                : []
# enable_split_tracks                     : False
# ignore_segment_tracks                   : True
# input_filename_counts                   : None
# input_filename_descriptions             : None
# input_filename_results                  : None
# isochore_files                          : ['analysis/20220517_LocationPatterns/GATfiles/Isochores/genomicSuperDups_COzones_0.1/windows.txt']
# loglevel                                : 1
# nbuckets                                : 100000
# null                                    : default
# num_samples                             : 100
# num_threads                             : 0
# output_bed                              : []
# output_counts_pattern                   : analysis/20220517_LocationPatterns/GATresults/counts/HFno501invs_femBherer_%s.tsv.gz
# output_filename_pattern                 : %s
# output_force                            : False
# output_order                            : fold
# output_plots_pattern                    : None
# output_samples_pattern                  : None
# output_stats                            : []
# output_tables_pattern                   : %s.tsv.gz
# overlapping_annotations                 : False
# pseudo_count                            : 1.0
# pvalue_method                           : empirical
# qvalue_lambda                           : None
# qvalue_method                           : BH
# qvalue_pi0_method                       : smoother
# random_seed                             : None
# restrict_workspace                      : False
# sample_files                            : []
# sampler                                 : annotator
# segment_files                           : ['analysis/20220517_LocationPatterns/GATfiles/Segments/HFno501invs.bed']
# shift_expansion                         : 2.0
# shift_extension                         : 0
# short_help                              : None
# stderr                                  : <_io.TextIOWrapper name='<stderr>' mode='w' encoding='utf-8'>
# stdin                                   : <_io.TextIOWrapper name='<stdin>' mode='r' encoding='utf-8'>
# stdlog                                  : <_io.TextIOWrapper name='analysis/20220517_LocationPatterns/GATresults/log/HFno501invs_femBherer.log' mode='a' encoding='UTF-8'>
# stdout                                  : <_io.TextIOWrapper name='analysis/20220517_LocationPatterns/GATresults/tsv/HFno501invs_femBherer.tsv' mode='w' encoding='UTF-8'>
# timeit_file                             : None
# timeit_header                           : None
# timeit_name                             : all
# truncate_segments_to_workspace          : False
# truncate_workspace_to_annotations       : False
# workspace_files                         : ['analysis/20220517_LocationPatterns/GATfiles/Workspace/workspace_femBherer.bed']
2022-05-17 13:36:08,236 INFO segments: reading tracks from 1 files
2022-05-17 13:36:08,237 INFO segments: read 1 tracks from 1 files
2022-05-17 13:36:08,237 INFO annotations: reading tracks from 1 files
2022-05-17 13:36:08,536 INFO annotations: read 6 tracks from 1 files
2022-05-17 13:36:08,540 INFO workspaces: reading tracks from 1 files
2022-05-17 13:36:08,540 INFO workspaces: read 1 tracks from 1 files
2022-05-17 13:36:08,540 INFO collapsing workspaces
2022-05-17 13:36:08,540 INFO isochores: reading isochores from 1 files
2022-05-17 13:36:08,541 INFO intervals loaded in 0 seconds
2022-05-17 13:36:08,541 INFO adding isochores to workspace
2022-05-17 13:36:08,543 INFO collecting observed counts
2022-05-17 13:36:08,544 INFO starting sampling
2022-05-17 13:36:08,544 INFO sampling: merged: 1/1
2022-05-17 13:36:08,544 INFO performing unconditional sampling
2022-05-17 13:36:08,551 INFO workspace without conditioning: 92 segments, 2826410475 nucleotides
2022-05-17 13:36:08,551 INFO workspace after conditioning: 92 segments, 2826410475 nucleotides
2022-05-17 13:36:08,551 INFO sampling started
2022-05-17 13:36:08,557 INFO 0/100 done ( 0.00)
2022-05-17 13:36:09,092 INFO sampling completed
2022-05-17 13:36:09,093 INFO sampling finished
2022-05-17 13:36:09,093 INFO computing PValue statistics
2022-05-17 13:36:09,095 INFO writing counts to analysis/20220517_LocationPatterns/GATresults/counts/HFno501invs_femBherer_nucleotide-overlap.tsv.gz
2022-05-17 13:36:09,096 INFO computing FDR statistics
# job finished in 0 seconds at Tue May 17 13:36:09 2022 --  1.68  0.03  0.00  0.00 -- 6a2a516a-fc85-4175-85a2-6c0d1afa03db
