# output generated by /home/rgomez/anaconda3/bin/gat-run.py --segments=analysis/20220517_LocationPatterns/GATfiles/Segments/invs.bed --annotations=analysis/20220517_LocationPatterns/GATfiles/Annotations/annotations_avgBherer.bed --output-counts-pattern=analysis/20220517_LocationPatterns/GATresults/counts/invs_avgBherer_%s.tsv.gz --isochores=analysis/20220517_LocationPatterns/GATfiles/Isochores/genomicSuperDups_COzones_0.1/windows.txt --workspace=analysis/20220517_LocationPatterns/GATfiles/Workspace/workspace_avgBherer.bed --num-samples=100 --log=analysis/20220517_LocationPatterns/GATresults/log/invs_avgBherer.log --stdout=analysis/20220517_LocationPatterns/GATresults/tsv/invs_avgBherer.tsv
# job started at Tue May 17 13:36:12 2022 on rgomez-pc -- 77ca53a2-e010-4692-89a8-7dd8a9039379
# pid: 9206, system: Linux 5.3.0-7648-generic #41~1586790036~18.04~600aeb5-Ubuntu SMP Mon Apr 13 17:47:15 UTC  x86_64
# annotation_files                        : ['analysis/20220517_LocationPatterns/GATfiles/Annotations/annotations_avgBherer.bed']
# annotations_label                       : None
# annotations_to_points                   : None
# bucket_size                             : 0
# cache                                   : None
# conditional                             : unconditional
# conditional_expansion                   : None
# conditional_extension                   : None
# counters                                : []
# enable_split_tracks                     : False
# ignore_segment_tracks                   : True
# input_filename_counts                   : None
# input_filename_descriptions             : None
# input_filename_results                  : None
# isochore_files                          : ['analysis/20220517_LocationPatterns/GATfiles/Isochores/genomicSuperDups_COzones_0.1/windows.txt']
# loglevel                                : 1
# nbuckets                                : 100000
# null                                    : default
# num_samples                             : 100
# num_threads                             : 0
# output_bed                              : []
# output_counts_pattern                   : analysis/20220517_LocationPatterns/GATresults/counts/invs_avgBherer_%s.tsv.gz
# output_filename_pattern                 : %s
# output_force                            : False
# output_order                            : fold
# output_plots_pattern                    : None
# output_samples_pattern                  : None
# output_stats                            : []
# output_tables_pattern                   : %s.tsv.gz
# overlapping_annotations                 : False
# pseudo_count                            : 1.0
# pvalue_method                           : empirical
# qvalue_lambda                           : None
# qvalue_method                           : BH
# qvalue_pi0_method                       : smoother
# random_seed                             : None
# restrict_workspace                      : False
# sample_files                            : []
# sampler                                 : annotator
# segment_files                           : ['analysis/20220517_LocationPatterns/GATfiles/Segments/invs.bed']
# shift_expansion                         : 2.0
# shift_extension                         : 0
# short_help                              : None
# stderr                                  : <_io.TextIOWrapper name='<stderr>' mode='w' encoding='utf-8'>
# stdin                                   : <_io.TextIOWrapper name='<stdin>' mode='r' encoding='utf-8'>
# stdlog                                  : <_io.TextIOWrapper name='analysis/20220517_LocationPatterns/GATresults/log/invs_avgBherer.log' mode='a' encoding='UTF-8'>
# stdout                                  : <_io.TextIOWrapper name='analysis/20220517_LocationPatterns/GATresults/tsv/invs_avgBherer.tsv' mode='w' encoding='UTF-8'>
# timeit_file                             : None
# timeit_header                           : None
# timeit_name                             : all
# truncate_segments_to_workspace          : False
# truncate_workspace_to_annotations       : False
# workspace_files                         : ['analysis/20220517_LocationPatterns/GATfiles/Workspace/workspace_avgBherer.bed']
2022-05-17 13:36:12,173 INFO segments: reading tracks from 1 files
2022-05-17 13:36:12,174 INFO segments: read 1 tracks from 1 files
2022-05-17 13:36:12,174 INFO annotations: reading tracks from 1 files
2022-05-17 13:36:12,456 INFO annotations: read 6 tracks from 1 files
2022-05-17 13:36:12,460 INFO workspaces: reading tracks from 1 files
2022-05-17 13:36:12,460 INFO workspaces: read 1 tracks from 1 files
2022-05-17 13:36:12,461 INFO collapsing workspaces
2022-05-17 13:36:12,461 INFO isochores: reading isochores from 1 files
2022-05-17 13:36:12,461 INFO intervals loaded in 0 seconds
2022-05-17 13:36:12,461 INFO adding isochores to workspace
2022-05-17 13:36:12,464 INFO collecting observed counts
2022-05-17 13:36:12,464 INFO starting sampling
2022-05-17 13:36:12,464 INFO sampling: merged: 1/1
2022-05-17 13:36:12,464 INFO performing unconditional sampling
2022-05-17 13:36:12,470 INFO workspace without conditioning: 88 segments, 2678195140 nucleotides
2022-05-17 13:36:12,470 INFO workspace after conditioning: 88 segments, 2678195140 nucleotides
2022-05-17 13:36:12,470 INFO sampling started
2022-05-17 13:36:12,479 INFO 0/100 done ( 0.00)
2022-05-17 13:36:13,193 INFO sampling completed
2022-05-17 13:36:13,193 INFO sampling finished
2022-05-17 13:36:13,193 INFO computing PValue statistics
2022-05-17 13:36:13,196 INFO writing counts to analysis/20220517_LocationPatterns/GATresults/counts/invs_avgBherer_nucleotide-overlap.tsv.gz
2022-05-17 13:36:13,197 INFO computing FDR statistics
# job finished in 1 seconds at Tue May 17 13:36:13 2022 --  1.81  0.06  0.00  0.00 -- 77ca53a2-e010-4692-89a8-7dd8a9039379
