# output generated by /home/rgomez/anaconda3/bin/gat-run.py --segments=analysis/20220517_LocationPatterns/GATfiles/Segments/LFinvs.bed --annotations=analysis/20220517_LocationPatterns/GATfiles/Annotations/annotations_femBherer.bed --output-counts-pattern=analysis/20220517_LocationPatterns/GATresults/counts/LFinvs_femBherer_%s.tsv.gz --isochores=analysis/20220517_LocationPatterns/GATfiles/Isochores/genomicSuperDups_COzones_0.1/windows.txt --workspace=analysis/20220517_LocationPatterns/GATfiles/Workspace/workspace_femBherer.bed --num-samples=100 --log=analysis/20220517_LocationPatterns/GATresults/log/LFinvs_femBherer.log --stdout=analysis/20220517_LocationPatterns/GATresults/tsv/LFinvs_femBherer.tsv
# job started at Tue May 17 13:19:38 2022 on rgomez-pc -- ab381d89-ff41-4a75-92bb-78b63a6379b9
# pid: 6563, system: Linux 5.3.0-7648-generic #41~1586790036~18.04~600aeb5-Ubuntu SMP Mon Apr 13 17:47:15 UTC  x86_64
# annotation_files                        : ['analysis/20220517_LocationPatterns/GATfiles/Annotations/annotations_femBherer.bed']
# annotations_label                       : None
# annotations_to_points                   : None
# bucket_size                             : 0
# cache                                   : None
# conditional                             : unconditional
# conditional_expansion                   : None
# conditional_extension                   : None
# counters                                : []
# enable_split_tracks                     : False
# ignore_segment_tracks                   : True
# input_filename_counts                   : None
# input_filename_descriptions             : None
# input_filename_results                  : None
# isochore_files                          : ['analysis/20220517_LocationPatterns/GATfiles/Isochores/genomicSuperDups_COzones_0.1/windows.txt']
# loglevel                                : 1
# nbuckets                                : 100000
# null                                    : default
# num_samples                             : 100
# num_threads                             : 0
# output_bed                              : []
# output_counts_pattern                   : analysis/20220517_LocationPatterns/GATresults/counts/LFinvs_femBherer_%s.tsv.gz
# output_filename_pattern                 : %s
# output_force                            : False
# output_order                            : fold
# output_plots_pattern                    : None
# output_samples_pattern                  : None
# output_stats                            : []
# output_tables_pattern                   : %s.tsv.gz
# overlapping_annotations                 : False
# pseudo_count                            : 1.0
# pvalue_method                           : empirical
# qvalue_lambda                           : None
# qvalue_method                           : BH
# qvalue_pi0_method                       : smoother
# random_seed                             : None
# restrict_workspace                      : False
# sample_files                            : []
# sampler                                 : annotator
# segment_files                           : ['analysis/20220517_LocationPatterns/GATfiles/Segments/LFinvs.bed']
# shift_expansion                         : 2.0
# shift_extension                         : 0
# short_help                              : None
# stderr                                  : <_io.TextIOWrapper name='<stderr>' mode='w' encoding='utf-8'>
# stdin                                   : <_io.TextIOWrapper name='<stdin>' mode='r' encoding='utf-8'>
# stdlog                                  : <_io.TextIOWrapper name='analysis/20220517_LocationPatterns/GATresults/log/LFinvs_femBherer.log' mode='a' encoding='UTF-8'>
# stdout                                  : <_io.TextIOWrapper name='analysis/20220517_LocationPatterns/GATresults/tsv/LFinvs_femBherer.tsv' mode='w' encoding='UTF-8'>
# timeit_file                             : None
# timeit_header                           : None
# timeit_name                             : all
# truncate_segments_to_workspace          : False
# truncate_workspace_to_annotations       : False
# workspace_files                         : ['analysis/20220517_LocationPatterns/GATfiles/Workspace/workspace_femBherer.bed']
2022-05-17 13:19:38,359 INFO segments: reading tracks from 1 files
2022-05-17 13:19:38,360 INFO segments: read 1 tracks from 1 files
2022-05-17 13:19:38,360 INFO annotations: reading tracks from 1 files
2022-05-17 13:19:38,676 INFO annotations: read 6 tracks from 1 files
2022-05-17 13:19:38,681 INFO workspaces: reading tracks from 1 files
2022-05-17 13:19:38,681 INFO workspaces: read 1 tracks from 1 files
2022-05-17 13:19:38,681 INFO collapsing workspaces
2022-05-17 13:19:38,681 INFO isochores: reading isochores from 1 files
2022-05-17 13:19:38,682 INFO intervals loaded in 0 seconds
2022-05-17 13:19:38,682 INFO adding isochores to workspace
2022-05-17 13:19:38,684 INFO collecting observed counts
2022-05-17 13:19:38,684 INFO starting sampling
2022-05-17 13:19:38,684 INFO sampling: merged: 1/1
2022-05-17 13:19:38,684 INFO performing unconditional sampling
2022-05-17 13:19:38,690 INFO workspace without conditioning: 92 segments, 2826410475 nucleotides
2022-05-17 13:19:38,690 INFO workspace after conditioning: 92 segments, 2826410475 nucleotides
2022-05-17 13:19:38,690 INFO sampling started
2022-05-17 13:19:38,697 INFO 0/100 done ( 0.00)
2022-05-17 13:19:39,267 INFO sampling completed
2022-05-17 13:19:39,267 INFO sampling finished
2022-05-17 13:19:39,267 INFO computing PValue statistics
2022-05-17 13:19:39,269 INFO writing counts to analysis/20220517_LocationPatterns/GATresults/counts/LFinvs_femBherer_nucleotide-overlap.tsv.gz
2022-05-17 13:19:39,270 INFO computing FDR statistics
# job finished in 0 seconds at Tue May 17 13:19:39 2022 --  1.77  0.03  0.00  0.00 -- ab381d89-ff41-4a75-92bb-78b63a6379b9
# output generated by /home/rgomez/anaconda3/bin/gat-run.py --segments=analysis/20220517_LocationPatterns/GATfiles/Segments/LFinvs.bed --annotations=analysis/20220517_LocationPatterns/GATfiles/Annotations/annotations_femBherer.bed --output-counts-pattern=analysis/20220517_LocationPatterns/GATresults/counts/LFinvs_femBherer_%s.tsv.gz --isochores=analysis/20220517_LocationPatterns/GATfiles/Isochores/genomicSuperDups_COzones_0.1/windows.txt --workspace=analysis/20220517_LocationPatterns/GATfiles/Workspace/workspace_femBherer.bed --num-samples=100 --log=analysis/20220517_LocationPatterns/GATresults/log/LFinvs_femBherer.log --stdout=analysis/20220517_LocationPatterns/GATresults/tsv/LFinvs_femBherer.tsv
# job started at Tue May 17 13:36:19 2022 on rgomez-pc -- 7a023a57-9189-40ab-a2ed-ee4d45eb010e
# pid: 9220, system: Linux 5.3.0-7648-generic #41~1586790036~18.04~600aeb5-Ubuntu SMP Mon Apr 13 17:47:15 UTC  x86_64
# annotation_files                        : ['analysis/20220517_LocationPatterns/GATfiles/Annotations/annotations_femBherer.bed']
# annotations_label                       : None
# annotations_to_points                   : None
# bucket_size                             : 0
# cache                                   : None
# conditional                             : unconditional
# conditional_expansion                   : None
# conditional_extension                   : None
# counters                                : []
# enable_split_tracks                     : False
# ignore_segment_tracks                   : True
# input_filename_counts                   : None
# input_filename_descriptions             : None
# input_filename_results                  : None
# isochore_files                          : ['analysis/20220517_LocationPatterns/GATfiles/Isochores/genomicSuperDups_COzones_0.1/windows.txt']
# loglevel                                : 1
# nbuckets                                : 100000
# null                                    : default
# num_samples                             : 100
# num_threads                             : 0
# output_bed                              : []
# output_counts_pattern                   : analysis/20220517_LocationPatterns/GATresults/counts/LFinvs_femBherer_%s.tsv.gz
# output_filename_pattern                 : %s
# output_force                            : False
# output_order                            : fold
# output_plots_pattern                    : None
# output_samples_pattern                  : None
# output_stats                            : []
# output_tables_pattern                   : %s.tsv.gz
# overlapping_annotations                 : False
# pseudo_count                            : 1.0
# pvalue_method                           : empirical
# qvalue_lambda                           : None
# qvalue_method                           : BH
# qvalue_pi0_method                       : smoother
# random_seed                             : None
# restrict_workspace                      : False
# sample_files                            : []
# sampler                                 : annotator
# segment_files                           : ['analysis/20220517_LocationPatterns/GATfiles/Segments/LFinvs.bed']
# shift_expansion                         : 2.0
# shift_extension                         : 0
# short_help                              : None
# stderr                                  : <_io.TextIOWrapper name='<stderr>' mode='w' encoding='utf-8'>
# stdin                                   : <_io.TextIOWrapper name='<stdin>' mode='r' encoding='utf-8'>
# stdlog                                  : <_io.TextIOWrapper name='analysis/20220517_LocationPatterns/GATresults/log/LFinvs_femBherer.log' mode='a' encoding='UTF-8'>
# stdout                                  : <_io.TextIOWrapper name='analysis/20220517_LocationPatterns/GATresults/tsv/LFinvs_femBherer.tsv' mode='w' encoding='UTF-8'>
# timeit_file                             : None
# timeit_header                           : None
# timeit_name                             : all
# truncate_segments_to_workspace          : False
# truncate_workspace_to_annotations       : False
# workspace_files                         : ['analysis/20220517_LocationPatterns/GATfiles/Workspace/workspace_femBherer.bed']
2022-05-17 13:36:19,935 INFO segments: reading tracks from 1 files
2022-05-17 13:36:19,935 INFO segments: read 1 tracks from 1 files
2022-05-17 13:36:19,936 INFO annotations: reading tracks from 1 files
2022-05-17 13:36:20,219 INFO annotations: read 6 tracks from 1 files
2022-05-17 13:36:20,223 INFO workspaces: reading tracks from 1 files
2022-05-17 13:36:20,224 INFO workspaces: read 1 tracks from 1 files
2022-05-17 13:36:20,224 INFO collapsing workspaces
2022-05-17 13:36:20,224 INFO isochores: reading isochores from 1 files
2022-05-17 13:36:20,224 INFO intervals loaded in 0 seconds
2022-05-17 13:36:20,224 INFO adding isochores to workspace
2022-05-17 13:36:20,226 INFO collecting observed counts
2022-05-17 13:36:20,226 INFO starting sampling
2022-05-17 13:36:20,227 INFO sampling: merged: 1/1
2022-05-17 13:36:20,227 INFO performing unconditional sampling
2022-05-17 13:36:20,233 INFO workspace without conditioning: 92 segments, 2826410475 nucleotides
2022-05-17 13:36:20,233 INFO workspace after conditioning: 92 segments, 2826410475 nucleotides
2022-05-17 13:36:20,233 INFO sampling started
2022-05-17 13:36:20,239 INFO 0/100 done ( 0.00)
2022-05-17 13:36:20,745 INFO sampling completed
2022-05-17 13:36:20,745 INFO sampling finished
2022-05-17 13:36:20,745 INFO computing PValue statistics
2022-05-17 13:36:20,747 INFO writing counts to analysis/20220517_LocationPatterns/GATresults/counts/LFinvs_femBherer_nucleotide-overlap.tsv.gz
2022-05-17 13:36:20,748 INFO computing FDR statistics
# job finished in 0 seconds at Tue May 17 13:36:20 2022 --  1.63  0.04  0.00  0.00 -- 7a023a57-9189-40ab-a2ed-ee4d45eb010e
