# output generated by /home/rgomez/anaconda3/bin/gat-run.py --segments=analysis/20220517_LocationPatterns/GATfiles/Segments/LFinvs.bed --annotations=analysis/20220517_LocationPatterns/GATfiles/Annotations/annotations_avgBherer.bed --output-counts-pattern=analysis/20220517_LocationPatterns/GATresults/counts/LFinvs_avgBherer_%s.tsv.gz --isochores=analysis/20220517_LocationPatterns/GATfiles/Isochores/genomicSuperDups_COzones_0.1/windows.txt --workspace=analysis/20220517_LocationPatterns/GATfiles/Workspace/workspace_avgBherer.bed --num-samples=100 --log=analysis/20220517_LocationPatterns/GATresults/log/LFinvs_avgBherer.log --stdout=analysis/20220517_LocationPatterns/GATresults/tsv/LFinvs_avgBherer.tsv
# job started at Tue May 17 13:19:36 2022 on rgomez-pc -- 03b7ada5-4317-4435-b496-1752ca35f7d6
# pid: 6561, system: Linux 5.3.0-7648-generic #41~1586790036~18.04~600aeb5-Ubuntu SMP Mon Apr 13 17:47:15 UTC  x86_64
# annotation_files                        : ['analysis/20220517_LocationPatterns/GATfiles/Annotations/annotations_avgBherer.bed']
# annotations_label                       : None
# annotations_to_points                   : None
# bucket_size                             : 0
# cache                                   : None
# conditional                             : unconditional
# conditional_expansion                   : None
# conditional_extension                   : None
# counters                                : []
# enable_split_tracks                     : False
# ignore_segment_tracks                   : True
# input_filename_counts                   : None
# input_filename_descriptions             : None
# input_filename_results                  : None
# isochore_files                          : ['analysis/20220517_LocationPatterns/GATfiles/Isochores/genomicSuperDups_COzones_0.1/windows.txt']
# loglevel                                : 1
# nbuckets                                : 100000
# null                                    : default
# num_samples                             : 100
# num_threads                             : 0
# output_bed                              : []
# output_counts_pattern                   : analysis/20220517_LocationPatterns/GATresults/counts/LFinvs_avgBherer_%s.tsv.gz
# output_filename_pattern                 : %s
# output_force                            : False
# output_order                            : fold
# output_plots_pattern                    : None
# output_samples_pattern                  : None
# output_stats                            : []
# output_tables_pattern                   : %s.tsv.gz
# overlapping_annotations                 : False
# pseudo_count                            : 1.0
# pvalue_method                           : empirical
# qvalue_lambda                           : None
# qvalue_method                           : BH
# qvalue_pi0_method                       : smoother
# random_seed                             : None
# restrict_workspace                      : False
# sample_files                            : []
# sampler                                 : annotator
# segment_files                           : ['analysis/20220517_LocationPatterns/GATfiles/Segments/LFinvs.bed']
# shift_expansion                         : 2.0
# shift_extension                         : 0
# short_help                              : None
# stderr                                  : <_io.TextIOWrapper name='<stderr>' mode='w' encoding='utf-8'>
# stdin                                   : <_io.TextIOWrapper name='<stdin>' mode='r' encoding='utf-8'>
# stdlog                                  : <_io.TextIOWrapper name='analysis/20220517_LocationPatterns/GATresults/log/LFinvs_avgBherer.log' mode='a' encoding='UTF-8'>
# stdout                                  : <_io.TextIOWrapper name='analysis/20220517_LocationPatterns/GATresults/tsv/LFinvs_avgBherer.tsv' mode='w' encoding='UTF-8'>
# timeit_file                             : None
# timeit_header                           : None
# timeit_name                             : all
# truncate_segments_to_workspace          : False
# truncate_workspace_to_annotations       : False
# workspace_files                         : ['analysis/20220517_LocationPatterns/GATfiles/Workspace/workspace_avgBherer.bed']
2022-05-17 13:19:36,527 INFO segments: reading tracks from 1 files
2022-05-17 13:19:36,527 INFO segments: read 1 tracks from 1 files
2022-05-17 13:19:36,528 INFO annotations: reading tracks from 1 files
2022-05-17 13:19:36,815 INFO annotations: read 6 tracks from 1 files
2022-05-17 13:19:36,819 INFO workspaces: reading tracks from 1 files
2022-05-17 13:19:36,819 INFO workspaces: read 1 tracks from 1 files
2022-05-17 13:19:36,819 INFO collapsing workspaces
2022-05-17 13:19:36,819 INFO isochores: reading isochores from 1 files
2022-05-17 13:19:36,820 INFO intervals loaded in 0 seconds
2022-05-17 13:19:36,820 INFO adding isochores to workspace
2022-05-17 13:19:36,822 INFO collecting observed counts
2022-05-17 13:19:36,822 INFO starting sampling
2022-05-17 13:19:36,822 INFO sampling: merged: 1/1
2022-05-17 13:19:36,822 INFO performing unconditional sampling
2022-05-17 13:19:36,828 INFO workspace without conditioning: 88 segments, 2678195140 nucleotides
2022-05-17 13:19:36,828 INFO workspace after conditioning: 88 segments, 2678195140 nucleotides
2022-05-17 13:19:36,828 INFO sampling started
2022-05-17 13:19:36,835 INFO 0/100 done ( 0.00)
2022-05-17 13:19:37,331 INFO sampling completed
2022-05-17 13:19:37,332 INFO sampling finished
2022-05-17 13:19:37,332 INFO computing PValue statistics
2022-05-17 13:19:37,333 INFO writing counts to analysis/20220517_LocationPatterns/GATresults/counts/LFinvs_avgBherer_nucleotide-overlap.tsv.gz
2022-05-17 13:19:37,334 INFO computing FDR statistics
# job finished in 0 seconds at Tue May 17 13:19:37 2022 --  1.62  0.06  0.00  0.00 -- 03b7ada5-4317-4435-b496-1752ca35f7d6
# output generated by /home/rgomez/anaconda3/bin/gat-run.py --segments=analysis/20220517_LocationPatterns/GATfiles/Segments/LFinvs.bed --annotations=analysis/20220517_LocationPatterns/GATfiles/Annotations/annotations_avgBherer.bed --output-counts-pattern=analysis/20220517_LocationPatterns/GATresults/counts/LFinvs_avgBherer_%s.tsv.gz --isochores=analysis/20220517_LocationPatterns/GATfiles/Isochores/genomicSuperDups_COzones_0.1/windows.txt --workspace=analysis/20220517_LocationPatterns/GATfiles/Workspace/workspace_avgBherer.bed --num-samples=100 --log=analysis/20220517_LocationPatterns/GATresults/log/LFinvs_avgBherer.log --stdout=analysis/20220517_LocationPatterns/GATresults/tsv/LFinvs_avgBherer.tsv
# job started at Tue May 17 13:36:18 2022 on rgomez-pc -- 3a6f027e-22df-4175-b4f7-955cdf2087c6
# pid: 9218, system: Linux 5.3.0-7648-generic #41~1586790036~18.04~600aeb5-Ubuntu SMP Mon Apr 13 17:47:15 UTC  x86_64
# annotation_files                        : ['analysis/20220517_LocationPatterns/GATfiles/Annotations/annotations_avgBherer.bed']
# annotations_label                       : None
# annotations_to_points                   : None
# bucket_size                             : 0
# cache                                   : None
# conditional                             : unconditional
# conditional_expansion                   : None
# conditional_extension                   : None
# counters                                : []
# enable_split_tracks                     : False
# ignore_segment_tracks                   : True
# input_filename_counts                   : None
# input_filename_descriptions             : None
# input_filename_results                  : None
# isochore_files                          : ['analysis/20220517_LocationPatterns/GATfiles/Isochores/genomicSuperDups_COzones_0.1/windows.txt']
# loglevel                                : 1
# nbuckets                                : 100000
# null                                    : default
# num_samples                             : 100
# num_threads                             : 0
# output_bed                              : []
# output_counts_pattern                   : analysis/20220517_LocationPatterns/GATresults/counts/LFinvs_avgBherer_%s.tsv.gz
# output_filename_pattern                 : %s
# output_force                            : False
# output_order                            : fold
# output_plots_pattern                    : None
# output_samples_pattern                  : None
# output_stats                            : []
# output_tables_pattern                   : %s.tsv.gz
# overlapping_annotations                 : False
# pseudo_count                            : 1.0
# pvalue_method                           : empirical
# qvalue_lambda                           : None
# qvalue_method                           : BH
# qvalue_pi0_method                       : smoother
# random_seed                             : None
# restrict_workspace                      : False
# sample_files                            : []
# sampler                                 : annotator
# segment_files                           : ['analysis/20220517_LocationPatterns/GATfiles/Segments/LFinvs.bed']
# shift_expansion                         : 2.0
# shift_extension                         : 0
# short_help                              : None
# stderr                                  : <_io.TextIOWrapper name='<stderr>' mode='w' encoding='utf-8'>
# stdin                                   : <_io.TextIOWrapper name='<stdin>' mode='r' encoding='utf-8'>
# stdlog                                  : <_io.TextIOWrapper name='analysis/20220517_LocationPatterns/GATresults/log/LFinvs_avgBherer.log' mode='a' encoding='UTF-8'>
# stdout                                  : <_io.TextIOWrapper name='analysis/20220517_LocationPatterns/GATresults/tsv/LFinvs_avgBherer.tsv' mode='w' encoding='UTF-8'>
# timeit_file                             : None
# timeit_header                           : None
# timeit_name                             : all
# truncate_segments_to_workspace          : False
# truncate_workspace_to_annotations       : False
# workspace_files                         : ['analysis/20220517_LocationPatterns/GATfiles/Workspace/workspace_avgBherer.bed']
2022-05-17 13:36:18,170 INFO segments: reading tracks from 1 files
2022-05-17 13:36:18,171 INFO segments: read 1 tracks from 1 files
2022-05-17 13:36:18,171 INFO annotations: reading tracks from 1 files
2022-05-17 13:36:18,450 INFO annotations: read 6 tracks from 1 files
2022-05-17 13:36:18,454 INFO workspaces: reading tracks from 1 files
2022-05-17 13:36:18,454 INFO workspaces: read 1 tracks from 1 files
2022-05-17 13:36:18,454 INFO collapsing workspaces
2022-05-17 13:36:18,454 INFO isochores: reading isochores from 1 files
2022-05-17 13:36:18,454 INFO intervals loaded in 0 seconds
2022-05-17 13:36:18,454 INFO adding isochores to workspace
2022-05-17 13:36:18,456 INFO collecting observed counts
2022-05-17 13:36:18,457 INFO starting sampling
2022-05-17 13:36:18,457 INFO sampling: merged: 1/1
2022-05-17 13:36:18,457 INFO performing unconditional sampling
2022-05-17 13:36:18,462 INFO workspace without conditioning: 88 segments, 2678195140 nucleotides
2022-05-17 13:36:18,463 INFO workspace after conditioning: 88 segments, 2678195140 nucleotides
2022-05-17 13:36:18,463 INFO sampling started
2022-05-17 13:36:18,468 INFO 0/100 done ( 0.00)
2022-05-17 13:36:18,947 INFO sampling completed
2022-05-17 13:36:18,947 INFO sampling finished
2022-05-17 13:36:18,947 INFO computing PValue statistics
2022-05-17 13:36:18,949 INFO writing counts to analysis/20220517_LocationPatterns/GATresults/counts/LFinvs_avgBherer_nucleotide-overlap.tsv.gz
2022-05-17 13:36:18,950 INFO computing FDR statistics
# job finished in 0 seconds at Tue May 17 13:36:18 2022 --  1.58  0.05  0.00  0.00 -- 3a6f027e-22df-4175-b4f7-955cdf2087c6
