# output generated by /home/rgomez/anaconda3/bin/gat-run.py --segments=analysis/20220517_LocationPatterns/GATfiles/Segments/LFinvs.bed --annotations=analysis/20220517_LocationPatterns/GATfiles/Annotations/annotations_CEUSpence.bed --output-counts-pattern=analysis/20220517_LocationPatterns/GATresults/counts/LFinvs_CEUSpence_%s.tsv.gz --isochores=analysis/20220517_LocationPatterns/GATfiles/Isochores/genomicSuperDups_COzones_0.1/windows.txt --workspace=analysis/20220517_LocationPatterns/GATfiles/Workspace/workspace_CEUSpence.bed --num-samples=100 --log=analysis/20220517_LocationPatterns/GATresults/log/LFinvs_CEUSpence.log --stdout=analysis/20220517_LocationPatterns/GATresults/tsv/LFinvs_CEUSpence.tsv
# job started at Tue May 17 13:19:34 2022 on rgomez-pc -- 0323dfa5-687a-485a-bdfd-ddc580de7dd2
# pid: 6554, system: Linux 5.3.0-7648-generic #41~1586790036~18.04~600aeb5-Ubuntu SMP Mon Apr 13 17:47:15 UTC  x86_64
# annotation_files                        : ['analysis/20220517_LocationPatterns/GATfiles/Annotations/annotations_CEUSpence.bed']
# annotations_label                       : None
# annotations_to_points                   : None
# bucket_size                             : 0
# cache                                   : None
# conditional                             : unconditional
# conditional_expansion                   : None
# conditional_extension                   : None
# counters                                : []
# enable_split_tracks                     : False
# ignore_segment_tracks                   : True
# input_filename_counts                   : None
# input_filename_descriptions             : None
# input_filename_results                  : None
# isochore_files                          : ['analysis/20220517_LocationPatterns/GATfiles/Isochores/genomicSuperDups_COzones_0.1/windows.txt']
# loglevel                                : 1
# nbuckets                                : 100000
# null                                    : default
# num_samples                             : 100
# num_threads                             : 0
# output_bed                              : []
# output_counts_pattern                   : analysis/20220517_LocationPatterns/GATresults/counts/LFinvs_CEUSpence_%s.tsv.gz
# output_filename_pattern                 : %s
# output_force                            : False
# output_order                            : fold
# output_plots_pattern                    : None
# output_samples_pattern                  : None
# output_stats                            : []
# output_tables_pattern                   : %s.tsv.gz
# overlapping_annotations                 : False
# pseudo_count                            : 1.0
# pvalue_method                           : empirical
# qvalue_lambda                           : None
# qvalue_method                           : BH
# qvalue_pi0_method                       : smoother
# random_seed                             : None
# restrict_workspace                      : False
# sample_files                            : []
# sampler                                 : annotator
# segment_files                           : ['analysis/20220517_LocationPatterns/GATfiles/Segments/LFinvs.bed']
# shift_expansion                         : 2.0
# shift_extension                         : 0
# short_help                              : None
# stderr                                  : <_io.TextIOWrapper name='<stderr>' mode='w' encoding='utf-8'>
# stdin                                   : <_io.TextIOWrapper name='<stdin>' mode='r' encoding='utf-8'>
# stdlog                                  : <_io.TextIOWrapper name='analysis/20220517_LocationPatterns/GATresults/log/LFinvs_CEUSpence.log' mode='a' encoding='UTF-8'>
# stdout                                  : <_io.TextIOWrapper name='analysis/20220517_LocationPatterns/GATresults/tsv/LFinvs_CEUSpence.tsv' mode='w' encoding='UTF-8'>
# timeit_file                             : None
# timeit_header                           : None
# timeit_name                             : all
# truncate_segments_to_workspace          : False
# truncate_workspace_to_annotations       : False
# workspace_files                         : ['analysis/20220517_LocationPatterns/GATfiles/Workspace/workspace_CEUSpence.bed']
2022-05-17 13:19:34,631 INFO segments: reading tracks from 1 files
2022-05-17 13:19:34,632 INFO segments: read 1 tracks from 1 files
2022-05-17 13:19:34,632 INFO annotations: reading tracks from 1 files
2022-05-17 13:19:34,981 INFO annotations: read 6 tracks from 1 files
2022-05-17 13:19:34,986 INFO workspaces: reading tracks from 1 files
2022-05-17 13:19:34,987 INFO workspaces: read 1 tracks from 1 files
2022-05-17 13:19:34,987 INFO collapsing workspaces
2022-05-17 13:19:34,987 INFO isochores: reading isochores from 1 files
2022-05-17 13:19:34,987 INFO intervals loaded in 0 seconds
2022-05-17 13:19:34,987 INFO adding isochores to workspace
2022-05-17 13:19:34,989 INFO collecting observed counts
2022-05-17 13:19:34,990 INFO starting sampling
2022-05-17 13:19:34,990 INFO sampling: merged: 1/1
2022-05-17 13:19:34,990 INFO performing unconditional sampling
2022-05-17 13:19:34,997 INFO workspace without conditioning: 90 segments, 2698883317 nucleotides
2022-05-17 13:19:34,997 INFO workspace after conditioning: 90 segments, 2698883317 nucleotides
2022-05-17 13:19:34,997 INFO sampling started
2022-05-17 13:19:35,003 INFO 0/100 done ( 0.00)
2022-05-17 13:19:35,497 INFO sampling completed
2022-05-17 13:19:35,497 INFO sampling finished
2022-05-17 13:19:35,497 INFO computing PValue statistics
2022-05-17 13:19:35,500 INFO writing counts to analysis/20220517_LocationPatterns/GATresults/counts/LFinvs_CEUSpence_nucleotide-overlap.tsv.gz
2022-05-17 13:19:35,500 INFO computing FDR statistics
# job finished in 0 seconds at Tue May 17 13:19:35 2022 --  1.70  0.03  0.00  0.00 -- 0323dfa5-687a-485a-bdfd-ddc580de7dd2
# output generated by /home/rgomez/anaconda3/bin/gat-run.py --segments=analysis/20220517_LocationPatterns/GATfiles/Segments/LFinvs.bed --annotations=analysis/20220517_LocationPatterns/GATfiles/Annotations/annotations_CEUSpence.bed --output-counts-pattern=analysis/20220517_LocationPatterns/GATresults/counts/LFinvs_CEUSpence_%s.tsv.gz --isochores=analysis/20220517_LocationPatterns/GATfiles/Isochores/genomicSuperDups_COzones_0.1/windows.txt --workspace=analysis/20220517_LocationPatterns/GATfiles/Workspace/workspace_CEUSpence.bed --num-samples=100 --log=analysis/20220517_LocationPatterns/GATresults/log/LFinvs_CEUSpence.log --stdout=analysis/20220517_LocationPatterns/GATresults/tsv/LFinvs_CEUSpence.tsv
# job started at Tue May 17 13:36:16 2022 on rgomez-pc -- 4f171459-f375-4efe-9465-925ef2539503
# pid: 9216, system: Linux 5.3.0-7648-generic #41~1586790036~18.04~600aeb5-Ubuntu SMP Mon Apr 13 17:47:15 UTC  x86_64
# annotation_files                        : ['analysis/20220517_LocationPatterns/GATfiles/Annotations/annotations_CEUSpence.bed']
# annotations_label                       : None
# annotations_to_points                   : None
# bucket_size                             : 0
# cache                                   : None
# conditional                             : unconditional
# conditional_expansion                   : None
# conditional_extension                   : None
# counters                                : []
# enable_split_tracks                     : False
# ignore_segment_tracks                   : True
# input_filename_counts                   : None
# input_filename_descriptions             : None
# input_filename_results                  : None
# isochore_files                          : ['analysis/20220517_LocationPatterns/GATfiles/Isochores/genomicSuperDups_COzones_0.1/windows.txt']
# loglevel                                : 1
# nbuckets                                : 100000
# null                                    : default
# num_samples                             : 100
# num_threads                             : 0
# output_bed                              : []
# output_counts_pattern                   : analysis/20220517_LocationPatterns/GATresults/counts/LFinvs_CEUSpence_%s.tsv.gz
# output_filename_pattern                 : %s
# output_force                            : False
# output_order                            : fold
# output_plots_pattern                    : None
# output_samples_pattern                  : None
# output_stats                            : []
# output_tables_pattern                   : %s.tsv.gz
# overlapping_annotations                 : False
# pseudo_count                            : 1.0
# pvalue_method                           : empirical
# qvalue_lambda                           : None
# qvalue_method                           : BH
# qvalue_pi0_method                       : smoother
# random_seed                             : None
# restrict_workspace                      : False
# sample_files                            : []
# sampler                                 : annotator
# segment_files                           : ['analysis/20220517_LocationPatterns/GATfiles/Segments/LFinvs.bed']
# shift_expansion                         : 2.0
# shift_extension                         : 0
# short_help                              : None
# stderr                                  : <_io.TextIOWrapper name='<stderr>' mode='w' encoding='utf-8'>
# stdin                                   : <_io.TextIOWrapper name='<stdin>' mode='r' encoding='utf-8'>
# stdlog                                  : <_io.TextIOWrapper name='analysis/20220517_LocationPatterns/GATresults/log/LFinvs_CEUSpence.log' mode='a' encoding='UTF-8'>
# stdout                                  : <_io.TextIOWrapper name='analysis/20220517_LocationPatterns/GATresults/tsv/LFinvs_CEUSpence.tsv' mode='w' encoding='UTF-8'>
# timeit_file                             : None
# timeit_header                           : None
# timeit_name                             : all
# truncate_segments_to_workspace          : False
# truncate_workspace_to_annotations       : False
# workspace_files                         : ['analysis/20220517_LocationPatterns/GATfiles/Workspace/workspace_CEUSpence.bed']
2022-05-17 13:36:16,345 INFO segments: reading tracks from 1 files
2022-05-17 13:36:16,346 INFO segments: read 1 tracks from 1 files
2022-05-17 13:36:16,346 INFO annotations: reading tracks from 1 files
2022-05-17 13:36:16,690 INFO annotations: read 6 tracks from 1 files
2022-05-17 13:36:16,695 INFO workspaces: reading tracks from 1 files
2022-05-17 13:36:16,695 INFO workspaces: read 1 tracks from 1 files
2022-05-17 13:36:16,695 INFO collapsing workspaces
2022-05-17 13:36:16,695 INFO isochores: reading isochores from 1 files
2022-05-17 13:36:16,696 INFO intervals loaded in 0 seconds
2022-05-17 13:36:16,696 INFO adding isochores to workspace
2022-05-17 13:36:16,699 INFO collecting observed counts
2022-05-17 13:36:16,699 INFO starting sampling
2022-05-17 13:36:16,699 INFO sampling: merged: 1/1
2022-05-17 13:36:16,700 INFO performing unconditional sampling
2022-05-17 13:36:16,706 INFO workspace without conditioning: 90 segments, 2698883317 nucleotides
2022-05-17 13:36:16,706 INFO workspace after conditioning: 90 segments, 2698883317 nucleotides
2022-05-17 13:36:16,706 INFO sampling started
2022-05-17 13:36:16,711 INFO 0/100 done ( 0.00)
2022-05-17 13:36:17,184 INFO sampling completed
2022-05-17 13:36:17,184 INFO sampling finished
2022-05-17 13:36:17,184 INFO computing PValue statistics
2022-05-17 13:36:17,186 INFO writing counts to analysis/20220517_LocationPatterns/GATresults/counts/LFinvs_CEUSpence_nucleotide-overlap.tsv.gz
2022-05-17 13:36:17,187 INFO computing FDR statistics
# job finished in 0 seconds at Tue May 17 13:36:17 2022 --  1.67  0.03  0.00  0.00 -- 4f171459-f375-4efe-9465-925ef2539503
