# output generated by /home/rgomez/anaconda3/bin/gat-run.py --segments=analysis/20220517_LocationPatterns/GATfiles/Segments/LFNAHRinvs.bed --annotations=analysis/20220517_LocationPatterns/GATfiles/Annotations/annotations_CEUSpence.bed --output-counts-pattern=analysis/20220517_LocationPatterns/GATresults/counts/LFNAHRinvs_CEUSpence_%s.tsv.gz --isochores=analysis/20220517_LocationPatterns/GATfiles/Isochores/genomicSuperDups_COzones_0.1/windows.txt --workspace=analysis/20220517_LocationPatterns/GATfiles/Workspace/workspace_CEUSpence.bed --num-samples=100 --log=analysis/20220517_LocationPatterns/GATresults/log/LFNAHRinvs_CEUSpence.log --stdout=analysis/20220517_LocationPatterns/GATresults/tsv/LFNAHRinvs_CEUSpence.tsv
# job started at Tue May 17 13:19:40 2022 on rgomez-pc -- 7c42d998-a200-4dae-ac30-5ae5f9b80aa4
# pid: 6575, system: Linux 5.3.0-7648-generic #41~1586790036~18.04~600aeb5-Ubuntu SMP Mon Apr 13 17:47:15 UTC  x86_64
# annotation_files                        : ['analysis/20220517_LocationPatterns/GATfiles/Annotations/annotations_CEUSpence.bed']
# annotations_label                       : None
# annotations_to_points                   : None
# bucket_size                             : 0
# cache                                   : None
# conditional                             : unconditional
# conditional_expansion                   : None
# conditional_extension                   : None
# counters                                : []
# enable_split_tracks                     : False
# ignore_segment_tracks                   : True
# input_filename_counts                   : None
# input_filename_descriptions             : None
# input_filename_results                  : None
# isochore_files                          : ['analysis/20220517_LocationPatterns/GATfiles/Isochores/genomicSuperDups_COzones_0.1/windows.txt']
# loglevel                                : 1
# nbuckets                                : 100000
# null                                    : default
# num_samples                             : 100
# num_threads                             : 0
# output_bed                              : []
# output_counts_pattern                   : analysis/20220517_LocationPatterns/GATresults/counts/LFNAHRinvs_CEUSpence_%s.tsv.gz
# output_filename_pattern                 : %s
# output_force                            : False
# output_order                            : fold
# output_plots_pattern                    : None
# output_samples_pattern                  : None
# output_stats                            : []
# output_tables_pattern                   : %s.tsv.gz
# overlapping_annotations                 : False
# pseudo_count                            : 1.0
# pvalue_method                           : empirical
# qvalue_lambda                           : None
# qvalue_method                           : BH
# qvalue_pi0_method                       : smoother
# random_seed                             : None
# restrict_workspace                      : False
# sample_files                            : []
# sampler                                 : annotator
# segment_files                           : ['analysis/20220517_LocationPatterns/GATfiles/Segments/LFNAHRinvs.bed']
# shift_expansion                         : 2.0
# shift_extension                         : 0
# short_help                              : None
# stderr                                  : <_io.TextIOWrapper name='<stderr>' mode='w' encoding='utf-8'>
# stdin                                   : <_io.TextIOWrapper name='<stdin>' mode='r' encoding='utf-8'>
# stdlog                                  : <_io.TextIOWrapper name='analysis/20220517_LocationPatterns/GATresults/log/LFNAHRinvs_CEUSpence.log' mode='a' encoding='UTF-8'>
# stdout                                  : <_io.TextIOWrapper name='analysis/20220517_LocationPatterns/GATresults/tsv/LFNAHRinvs_CEUSpence.tsv' mode='w' encoding='UTF-8'>
# timeit_file                             : None
# timeit_header                           : None
# timeit_name                             : all
# truncate_segments_to_workspace          : False
# truncate_workspace_to_annotations       : False
# workspace_files                         : ['analysis/20220517_LocationPatterns/GATfiles/Workspace/workspace_CEUSpence.bed']
2022-05-17 13:19:40,291 INFO segments: reading tracks from 1 files
2022-05-17 13:19:40,291 INFO segments: read 1 tracks from 1 files
2022-05-17 13:19:40,291 INFO annotations: reading tracks from 1 files
2022-05-17 13:19:40,665 INFO annotations: read 6 tracks from 1 files
2022-05-17 13:19:40,670 INFO workspaces: reading tracks from 1 files
2022-05-17 13:19:40,670 INFO workspaces: read 1 tracks from 1 files
2022-05-17 13:19:40,670 INFO collapsing workspaces
2022-05-17 13:19:40,671 INFO isochores: reading isochores from 1 files
2022-05-17 13:19:40,671 INFO intervals loaded in 0 seconds
2022-05-17 13:19:40,671 INFO adding isochores to workspace
2022-05-17 13:19:40,673 INFO collecting observed counts
2022-05-17 13:19:40,674 INFO starting sampling
2022-05-17 13:19:40,674 INFO sampling: merged: 1/1
2022-05-17 13:19:40,674 INFO performing unconditional sampling
2022-05-17 13:19:40,681 INFO workspace without conditioning: 90 segments, 2698883317 nucleotides
2022-05-17 13:19:40,681 INFO workspace after conditioning: 90 segments, 2698883317 nucleotides
2022-05-17 13:19:40,681 INFO sampling started
2022-05-17 13:19:40,684 INFO 0/100 done ( 0.00)
2022-05-17 13:19:40,920 INFO sampling completed
2022-05-17 13:19:40,920 INFO sampling finished
2022-05-17 13:19:40,920 INFO computing PValue statistics
2022-05-17 13:19:40,922 INFO writing counts to analysis/20220517_LocationPatterns/GATresults/counts/LFNAHRinvs_CEUSpence_nucleotide-overlap.tsv.gz
2022-05-17 13:19:40,922 INFO computing FDR statistics
# job finished in 0 seconds at Tue May 17 13:19:40 2022 --  1.47  0.04  0.00  0.00 -- 7c42d998-a200-4dae-ac30-5ae5f9b80aa4
# output generated by /home/rgomez/anaconda3/bin/gat-run.py --segments=analysis/20220517_LocationPatterns/GATfiles/Segments/LFNAHRinvs.bed --annotations=analysis/20220517_LocationPatterns/GATfiles/Annotations/annotations_CEUSpence.bed --output-counts-pattern=analysis/20220517_LocationPatterns/GATresults/counts/LFNAHRinvs_CEUSpence_%s.tsv.gz --isochores=analysis/20220517_LocationPatterns/GATfiles/Isochores/genomicSuperDups_COzones_0.1/windows.txt --workspace=analysis/20220517_LocationPatterns/GATfiles/Workspace/workspace_CEUSpence.bed --num-samples=100 --log=analysis/20220517_LocationPatterns/GATresults/log/LFNAHRinvs_CEUSpence.log --stdout=analysis/20220517_LocationPatterns/GATresults/tsv/LFNAHRinvs_CEUSpence.tsv
# job started at Tue May 17 13:36:21 2022 on rgomez-pc -- ac5e6f43-9874-428a-8baa-3d46dc59a713
# pid: 9229, system: Linux 5.3.0-7648-generic #41~1586790036~18.04~600aeb5-Ubuntu SMP Mon Apr 13 17:47:15 UTC  x86_64
# annotation_files                        : ['analysis/20220517_LocationPatterns/GATfiles/Annotations/annotations_CEUSpence.bed']
# annotations_label                       : None
# annotations_to_points                   : None
# bucket_size                             : 0
# cache                                   : None
# conditional                             : unconditional
# conditional_expansion                   : None
# conditional_extension                   : None
# counters                                : []
# enable_split_tracks                     : False
# ignore_segment_tracks                   : True
# input_filename_counts                   : None
# input_filename_descriptions             : None
# input_filename_results                  : None
# isochore_files                          : ['analysis/20220517_LocationPatterns/GATfiles/Isochores/genomicSuperDups_COzones_0.1/windows.txt']
# loglevel                                : 1
# nbuckets                                : 100000
# null                                    : default
# num_samples                             : 100
# num_threads                             : 0
# output_bed                              : []
# output_counts_pattern                   : analysis/20220517_LocationPatterns/GATresults/counts/LFNAHRinvs_CEUSpence_%s.tsv.gz
# output_filename_pattern                 : %s
# output_force                            : False
# output_order                            : fold
# output_plots_pattern                    : None
# output_samples_pattern                  : None
# output_stats                            : []
# output_tables_pattern                   : %s.tsv.gz
# overlapping_annotations                 : False
# pseudo_count                            : 1.0
# pvalue_method                           : empirical
# qvalue_lambda                           : None
# qvalue_method                           : BH
# qvalue_pi0_method                       : smoother
# random_seed                             : None
# restrict_workspace                      : False
# sample_files                            : []
# sampler                                 : annotator
# segment_files                           : ['analysis/20220517_LocationPatterns/GATfiles/Segments/LFNAHRinvs.bed']
# shift_expansion                         : 2.0
# shift_extension                         : 0
# short_help                              : None
# stderr                                  : <_io.TextIOWrapper name='<stderr>' mode='w' encoding='utf-8'>
# stdin                                   : <_io.TextIOWrapper name='<stdin>' mode='r' encoding='utf-8'>
# stdlog                                  : <_io.TextIOWrapper name='analysis/20220517_LocationPatterns/GATresults/log/LFNAHRinvs_CEUSpence.log' mode='a' encoding='UTF-8'>
# stdout                                  : <_io.TextIOWrapper name='analysis/20220517_LocationPatterns/GATresults/tsv/LFNAHRinvs_CEUSpence.tsv' mode='w' encoding='UTF-8'>
# timeit_file                             : None
# timeit_header                           : None
# timeit_name                             : all
# truncate_segments_to_workspace          : False
# truncate_workspace_to_annotations       : False
# workspace_files                         : ['analysis/20220517_LocationPatterns/GATfiles/Workspace/workspace_CEUSpence.bed']
2022-05-17 13:36:21,737 INFO segments: reading tracks from 1 files
2022-05-17 13:36:21,737 INFO segments: read 1 tracks from 1 files
2022-05-17 13:36:21,738 INFO annotations: reading tracks from 1 files
2022-05-17 13:36:22,128 INFO annotations: read 6 tracks from 1 files
2022-05-17 13:36:22,134 INFO workspaces: reading tracks from 1 files
2022-05-17 13:36:22,135 INFO workspaces: read 1 tracks from 1 files
2022-05-17 13:36:22,135 INFO collapsing workspaces
2022-05-17 13:36:22,135 INFO isochores: reading isochores from 1 files
2022-05-17 13:36:22,135 INFO intervals loaded in 0 seconds
2022-05-17 13:36:22,135 INFO adding isochores to workspace
2022-05-17 13:36:22,138 INFO collecting observed counts
2022-05-17 13:36:22,138 INFO starting sampling
2022-05-17 13:36:22,138 INFO sampling: merged: 1/1
2022-05-17 13:36:22,138 INFO performing unconditional sampling
2022-05-17 13:36:22,144 INFO workspace without conditioning: 90 segments, 2698883317 nucleotides
2022-05-17 13:36:22,145 INFO workspace after conditioning: 90 segments, 2698883317 nucleotides
2022-05-17 13:36:22,145 INFO sampling started
2022-05-17 13:36:22,148 INFO 0/100 done ( 0.00)
2022-05-17 13:36:22,393 INFO sampling completed
2022-05-17 13:36:22,394 INFO sampling finished
2022-05-17 13:36:22,394 INFO computing PValue statistics
2022-05-17 13:36:22,395 INFO writing counts to analysis/20220517_LocationPatterns/GATresults/counts/LFNAHRinvs_CEUSpence_nucleotide-overlap.tsv.gz
2022-05-17 13:36:22,396 INFO computing FDR statistics
# job finished in 0 seconds at Tue May 17 13:36:22 2022 --  1.49  0.03  0.00  0.00 -- ac5e6f43-9874-428a-8baa-3d46dc59a713
