# output generated by /home/rgomez/anaconda3/bin/gat-run.py --segments=analysis/20220517_LocationPatterns/GATfiles/Segments/LFNAHRinvs.bed --annotations=analysis/20220517_LocationPatterns/GATfiles/Annotations/annotations_femBherer.bed --output-counts-pattern=analysis/20220517_LocationPatterns/GATresults/counts/LFNAHRinvs_femBherer_%s.tsv.gz --isochores=analysis/20220517_LocationPatterns/GATfiles/Isochores/genomicSuperDups_COzones_0.1/windows.txt --workspace=analysis/20220517_LocationPatterns/GATfiles/Workspace/workspace_femBherer.bed --num-samples=100 --log=analysis/20220517_LocationPatterns/GATresults/log/LFNAHRinvs_femBherer.log --stdout=analysis/20220517_LocationPatterns/GATresults/tsv/LFNAHRinvs_femBherer.tsv
# job started at Tue May 17 13:19:43 2022 on rgomez-pc -- 1f7ed950-7a16-4400-bfe0-ef55007db521
# pid: 6589, system: Linux 5.3.0-7648-generic #41~1586790036~18.04~600aeb5-Ubuntu SMP Mon Apr 13 17:47:15 UTC  x86_64
# annotation_files                        : ['analysis/20220517_LocationPatterns/GATfiles/Annotations/annotations_femBherer.bed']
# annotations_label                       : None
# annotations_to_points                   : None
# bucket_size                             : 0
# cache                                   : None
# conditional                             : unconditional
# conditional_expansion                   : None
# conditional_extension                   : None
# counters                                : []
# enable_split_tracks                     : False
# ignore_segment_tracks                   : True
# input_filename_counts                   : None
# input_filename_descriptions             : None
# input_filename_results                  : None
# isochore_files                          : ['analysis/20220517_LocationPatterns/GATfiles/Isochores/genomicSuperDups_COzones_0.1/windows.txt']
# loglevel                                : 1
# nbuckets                                : 100000
# null                                    : default
# num_samples                             : 100
# num_threads                             : 0
# output_bed                              : []
# output_counts_pattern                   : analysis/20220517_LocationPatterns/GATresults/counts/LFNAHRinvs_femBherer_%s.tsv.gz
# output_filename_pattern                 : %s
# output_force                            : False
# output_order                            : fold
# output_plots_pattern                    : None
# output_samples_pattern                  : None
# output_stats                            : []
# output_tables_pattern                   : %s.tsv.gz
# overlapping_annotations                 : False
# pseudo_count                            : 1.0
# pvalue_method                           : empirical
# qvalue_lambda                           : None
# qvalue_method                           : BH
# qvalue_pi0_method                       : smoother
# random_seed                             : None
# restrict_workspace                      : False
# sample_files                            : []
# sampler                                 : annotator
# segment_files                           : ['analysis/20220517_LocationPatterns/GATfiles/Segments/LFNAHRinvs.bed']
# shift_expansion                         : 2.0
# shift_extension                         : 0
# short_help                              : None
# stderr                                  : <_io.TextIOWrapper name='<stderr>' mode='w' encoding='utf-8'>
# stdin                                   : <_io.TextIOWrapper name='<stdin>' mode='r' encoding='utf-8'>
# stdlog                                  : <_io.TextIOWrapper name='analysis/20220517_LocationPatterns/GATresults/log/LFNAHRinvs_femBherer.log' mode='a' encoding='UTF-8'>
# stdout                                  : <_io.TextIOWrapper name='analysis/20220517_LocationPatterns/GATresults/tsv/LFNAHRinvs_femBherer.tsv' mode='w' encoding='UTF-8'>
# timeit_file                             : None
# timeit_header                           : None
# timeit_name                             : all
# truncate_segments_to_workspace          : False
# truncate_workspace_to_annotations       : False
# workspace_files                         : ['analysis/20220517_LocationPatterns/GATfiles/Workspace/workspace_femBherer.bed']
2022-05-17 13:19:43,538 INFO segments: reading tracks from 1 files
2022-05-17 13:19:43,538 INFO segments: read 1 tracks from 1 files
2022-05-17 13:19:43,538 INFO annotations: reading tracks from 1 files
2022-05-17 13:19:43,851 INFO annotations: read 6 tracks from 1 files
2022-05-17 13:19:43,855 INFO workspaces: reading tracks from 1 files
2022-05-17 13:19:43,856 INFO workspaces: read 1 tracks from 1 files
2022-05-17 13:19:43,856 INFO collapsing workspaces
2022-05-17 13:19:43,856 INFO isochores: reading isochores from 1 files
2022-05-17 13:19:43,856 INFO intervals loaded in 0 seconds
2022-05-17 13:19:43,856 INFO adding isochores to workspace
2022-05-17 13:19:43,858 INFO collecting observed counts
2022-05-17 13:19:43,858 INFO starting sampling
2022-05-17 13:19:43,858 INFO sampling: merged: 1/1
2022-05-17 13:19:43,858 INFO performing unconditional sampling
2022-05-17 13:19:43,865 INFO workspace without conditioning: 92 segments, 2826410475 nucleotides
2022-05-17 13:19:43,865 INFO workspace after conditioning: 92 segments, 2826410475 nucleotides
2022-05-17 13:19:43,866 INFO sampling started
2022-05-17 13:19:43,870 INFO 0/100 done ( 0.00)
2022-05-17 13:19:44,156 INFO sampling completed
2022-05-17 13:19:44,156 INFO sampling finished
2022-05-17 13:19:44,156 INFO computing PValue statistics
2022-05-17 13:19:44,158 INFO writing counts to analysis/20220517_LocationPatterns/GATresults/counts/LFNAHRinvs_femBherer_nucleotide-overlap.tsv.gz
2022-05-17 13:19:44,158 INFO computing FDR statistics
# job finished in 0 seconds at Tue May 17 13:19:44 2022 --  1.43  0.06  0.00  0.00 -- 1f7ed950-7a16-4400-bfe0-ef55007db521
# output generated by /home/rgomez/anaconda3/bin/gat-run.py --segments=analysis/20220517_LocationPatterns/GATfiles/Segments/LFNAHRinvs.bed --annotations=analysis/20220517_LocationPatterns/GATfiles/Annotations/annotations_femBherer.bed --output-counts-pattern=analysis/20220517_LocationPatterns/GATresults/counts/LFNAHRinvs_femBherer_%s.tsv.gz --isochores=analysis/20220517_LocationPatterns/GATfiles/Isochores/genomicSuperDups_COzones_0.1/windows.txt --workspace=analysis/20220517_LocationPatterns/GATfiles/Workspace/workspace_femBherer.bed --num-samples=100 --log=analysis/20220517_LocationPatterns/GATresults/log/LFNAHRinvs_femBherer.log --stdout=analysis/20220517_LocationPatterns/GATresults/tsv/LFNAHRinvs_femBherer.tsv
# job started at Tue May 17 13:36:24 2022 on rgomez-pc -- b58c9732-6855-4d41-8452-6ec7aaa5b411
# pid: 9235, system: Linux 5.3.0-7648-generic #41~1586790036~18.04~600aeb5-Ubuntu SMP Mon Apr 13 17:47:15 UTC  x86_64
# annotation_files                        : ['analysis/20220517_LocationPatterns/GATfiles/Annotations/annotations_femBherer.bed']
# annotations_label                       : None
# annotations_to_points                   : None
# bucket_size                             : 0
# cache                                   : None
# conditional                             : unconditional
# conditional_expansion                   : None
# conditional_extension                   : None
# counters                                : []
# enable_split_tracks                     : False
# ignore_segment_tracks                   : True
# input_filename_counts                   : None
# input_filename_descriptions             : None
# input_filename_results                  : None
# isochore_files                          : ['analysis/20220517_LocationPatterns/GATfiles/Isochores/genomicSuperDups_COzones_0.1/windows.txt']
# loglevel                                : 1
# nbuckets                                : 100000
# null                                    : default
# num_samples                             : 100
# num_threads                             : 0
# output_bed                              : []
# output_counts_pattern                   : analysis/20220517_LocationPatterns/GATresults/counts/LFNAHRinvs_femBherer_%s.tsv.gz
# output_filename_pattern                 : %s
# output_force                            : False
# output_order                            : fold
# output_plots_pattern                    : None
# output_samples_pattern                  : None
# output_stats                            : []
# output_tables_pattern                   : %s.tsv.gz
# overlapping_annotations                 : False
# pseudo_count                            : 1.0
# pvalue_method                           : empirical
# qvalue_lambda                           : None
# qvalue_method                           : BH
# qvalue_pi0_method                       : smoother
# random_seed                             : None
# restrict_workspace                      : False
# sample_files                            : []
# sampler                                 : annotator
# segment_files                           : ['analysis/20220517_LocationPatterns/GATfiles/Segments/LFNAHRinvs.bed']
# shift_expansion                         : 2.0
# shift_extension                         : 0
# short_help                              : None
# stderr                                  : <_io.TextIOWrapper name='<stderr>' mode='w' encoding='utf-8'>
# stdin                                   : <_io.TextIOWrapper name='<stdin>' mode='r' encoding='utf-8'>
# stdlog                                  : <_io.TextIOWrapper name='analysis/20220517_LocationPatterns/GATresults/log/LFNAHRinvs_femBherer.log' mode='a' encoding='UTF-8'>
# stdout                                  : <_io.TextIOWrapper name='analysis/20220517_LocationPatterns/GATresults/tsv/LFNAHRinvs_femBherer.tsv' mode='w' encoding='UTF-8'>
# timeit_file                             : None
# timeit_header                           : None
# timeit_name                             : all
# truncate_segments_to_workspace          : False
# truncate_workspace_to_annotations       : False
# workspace_files                         : ['analysis/20220517_LocationPatterns/GATfiles/Workspace/workspace_femBherer.bed']
2022-05-17 13:36:24,879 INFO segments: reading tracks from 1 files
2022-05-17 13:36:24,879 INFO segments: read 1 tracks from 1 files
2022-05-17 13:36:24,879 INFO annotations: reading tracks from 1 files
2022-05-17 13:36:25,164 INFO annotations: read 6 tracks from 1 files
2022-05-17 13:36:25,168 INFO workspaces: reading tracks from 1 files
2022-05-17 13:36:25,169 INFO workspaces: read 1 tracks from 1 files
2022-05-17 13:36:25,169 INFO collapsing workspaces
2022-05-17 13:36:25,169 INFO isochores: reading isochores from 1 files
2022-05-17 13:36:25,169 INFO intervals loaded in 0 seconds
2022-05-17 13:36:25,169 INFO adding isochores to workspace
2022-05-17 13:36:25,171 INFO collecting observed counts
2022-05-17 13:36:25,172 INFO starting sampling
2022-05-17 13:36:25,172 INFO sampling: merged: 1/1
2022-05-17 13:36:25,172 INFO performing unconditional sampling
2022-05-17 13:36:25,177 INFO workspace without conditioning: 92 segments, 2826410475 nucleotides
2022-05-17 13:36:25,177 INFO workspace after conditioning: 92 segments, 2826410475 nucleotides
2022-05-17 13:36:25,178 INFO sampling started
2022-05-17 13:36:25,181 INFO 0/100 done ( 0.00)
2022-05-17 13:36:25,441 INFO sampling completed
2022-05-17 13:36:25,441 INFO sampling finished
2022-05-17 13:36:25,441 INFO computing PValue statistics
2022-05-17 13:36:25,443 INFO writing counts to analysis/20220517_LocationPatterns/GATresults/counts/LFNAHRinvs_femBherer_nucleotide-overlap.tsv.gz
2022-05-17 13:36:25,444 INFO computing FDR statistics
# job finished in 0 seconds at Tue May 17 13:36:25 2022 --  1.34  0.06  0.00  0.00 -- b58c9732-6855-4d41-8452-6ec7aaa5b411
