# output generated by /home/rgomez/anaconda3/bin/gat-run.py --segments=analysis/20220517_LocationPatterns/GATfiles/Segments/NAHRno501invs.bed --annotations=analysis/20220517_LocationPatterns/GATfiles/Annotations/annotations_CEUSpence.bed --output-counts-pattern=analysis/20220517_LocationPatterns/GATresults/counts/NAHRno501invs_CEUSpence_%s.tsv.gz --isochores=analysis/20220517_LocationPatterns/GATfiles/Isochores/genomicSuperDups_COzones_0.1/windows.txt --workspace=analysis/20220517_LocationPatterns/GATfiles/Workspace/workspace_CEUSpence.bed --num-samples=100 --log=analysis/20220517_LocationPatterns/GATresults/log/NAHRno501invs_CEUSpence.log --stdout=analysis/20220517_LocationPatterns/GATresults/tsv/NAHRno501invs_CEUSpence.tsv
# job started at Tue May 17 13:19:55 2022 on rgomez-pc -- f1e4c539-d137-4d27-aef5-5107dcda523a
# pid: 6623, system: Linux 5.3.0-7648-generic #41~1586790036~18.04~600aeb5-Ubuntu SMP Mon Apr 13 17:47:15 UTC  x86_64
# annotation_files                        : ['analysis/20220517_LocationPatterns/GATfiles/Annotations/annotations_CEUSpence.bed']
# annotations_label                       : None
# annotations_to_points                   : None
# bucket_size                             : 0
# cache                                   : None
# conditional                             : unconditional
# conditional_expansion                   : None
# conditional_extension                   : None
# counters                                : []
# enable_split_tracks                     : False
# ignore_segment_tracks                   : True
# input_filename_counts                   : None
# input_filename_descriptions             : None
# input_filename_results                  : None
# isochore_files                          : ['analysis/20220517_LocationPatterns/GATfiles/Isochores/genomicSuperDups_COzones_0.1/windows.txt']
# loglevel                                : 1
# nbuckets                                : 100000
# null                                    : default
# num_samples                             : 100
# num_threads                             : 0
# output_bed                              : []
# output_counts_pattern                   : analysis/20220517_LocationPatterns/GATresults/counts/NAHRno501invs_CEUSpence_%s.tsv.gz
# output_filename_pattern                 : %s
# output_force                            : False
# output_order                            : fold
# output_plots_pattern                    : None
# output_samples_pattern                  : None
# output_stats                            : []
# output_tables_pattern                   : %s.tsv.gz
# overlapping_annotations                 : False
# pseudo_count                            : 1.0
# pvalue_method                           : empirical
# qvalue_lambda                           : None
# qvalue_method                           : BH
# qvalue_pi0_method                       : smoother
# random_seed                             : None
# restrict_workspace                      : False
# sample_files                            : []
# sampler                                 : annotator
# segment_files                           : ['analysis/20220517_LocationPatterns/GATfiles/Segments/NAHRno501invs.bed']
# shift_expansion                         : 2.0
# shift_extension                         : 0
# short_help                              : None
# stderr                                  : <_io.TextIOWrapper name='<stderr>' mode='w' encoding='utf-8'>
# stdin                                   : <_io.TextIOWrapper name='<stdin>' mode='r' encoding='utf-8'>
# stdlog                                  : <_io.TextIOWrapper name='analysis/20220517_LocationPatterns/GATresults/log/NAHRno501invs_CEUSpence.log' mode='a' encoding='UTF-8'>
# stdout                                  : <_io.TextIOWrapper name='analysis/20220517_LocationPatterns/GATresults/tsv/NAHRno501invs_CEUSpence.tsv' mode='w' encoding='UTF-8'>
# timeit_file                             : None
# timeit_header                           : None
# timeit_name                             : all
# truncate_segments_to_workspace          : False
# truncate_workspace_to_annotations       : False
# workspace_files                         : ['analysis/20220517_LocationPatterns/GATfiles/Workspace/workspace_CEUSpence.bed']
2022-05-17 13:19:55,689 INFO segments: reading tracks from 1 files
2022-05-17 13:19:55,689 INFO segments: read 1 tracks from 1 files
2022-05-17 13:19:55,689 INFO annotations: reading tracks from 1 files
2022-05-17 13:19:56,029 INFO annotations: read 6 tracks from 1 files
2022-05-17 13:19:56,035 INFO workspaces: reading tracks from 1 files
2022-05-17 13:19:56,035 INFO workspaces: read 1 tracks from 1 files
2022-05-17 13:19:56,035 INFO collapsing workspaces
2022-05-17 13:19:56,035 INFO isochores: reading isochores from 1 files
2022-05-17 13:19:56,036 INFO intervals loaded in 0 seconds
2022-05-17 13:19:56,036 INFO adding isochores to workspace
2022-05-17 13:19:56,038 INFO collecting observed counts
2022-05-17 13:19:56,039 INFO starting sampling
2022-05-17 13:19:56,039 INFO sampling: merged: 1/1
2022-05-17 13:19:56,039 INFO performing unconditional sampling
2022-05-17 13:19:56,045 INFO workspace without conditioning: 90 segments, 2698883317 nucleotides
2022-05-17 13:19:56,046 INFO workspace after conditioning: 90 segments, 2698883317 nucleotides
2022-05-17 13:19:56,046 INFO sampling started
2022-05-17 13:19:56,051 INFO 0/100 done ( 0.00)
2022-05-17 13:19:56,454 INFO sampling completed
2022-05-17 13:19:56,454 INFO sampling finished
2022-05-17 13:19:56,455 INFO computing PValue statistics
2022-05-17 13:19:56,456 INFO writing counts to analysis/20220517_LocationPatterns/GATresults/counts/NAHRno501invs_CEUSpence_nucleotide-overlap.tsv.gz
2022-05-17 13:19:56,457 INFO computing FDR statistics
# job finished in 0 seconds at Tue May 17 13:19:56 2022 --  1.61  0.04  0.00  0.00 -- f1e4c539-d137-4d27-aef5-5107dcda523a
# output generated by /home/rgomez/anaconda3/bin/gat-run.py --segments=analysis/20220517_LocationPatterns/GATfiles/Segments/NAHRno501invs.bed --annotations=analysis/20220517_LocationPatterns/GATfiles/Annotations/annotations_CEUSpence.bed --output-counts-pattern=analysis/20220517_LocationPatterns/GATresults/counts/NAHRno501invs_CEUSpence_%s.tsv.gz --isochores=analysis/20220517_LocationPatterns/GATfiles/Isochores/genomicSuperDups_COzones_0.1/windows.txt --workspace=analysis/20220517_LocationPatterns/GATfiles/Workspace/workspace_CEUSpence.bed --num-samples=100 --log=analysis/20220517_LocationPatterns/GATresults/log/NAHRno501invs_CEUSpence.log --stdout=analysis/20220517_LocationPatterns/GATresults/tsv/NAHRno501invs_CEUSpence.tsv
# job started at Tue May 17 13:36:36 2022 on rgomez-pc -- 34399468-5d44-4004-8753-d042cf689379
# pid: 9270, system: Linux 5.3.0-7648-generic #41~1586790036~18.04~600aeb5-Ubuntu SMP Mon Apr 13 17:47:15 UTC  x86_64
# annotation_files                        : ['analysis/20220517_LocationPatterns/GATfiles/Annotations/annotations_CEUSpence.bed']
# annotations_label                       : None
# annotations_to_points                   : None
# bucket_size                             : 0
# cache                                   : None
# conditional                             : unconditional
# conditional_expansion                   : None
# conditional_extension                   : None
# counters                                : []
# enable_split_tracks                     : False
# ignore_segment_tracks                   : True
# input_filename_counts                   : None
# input_filename_descriptions             : None
# input_filename_results                  : None
# isochore_files                          : ['analysis/20220517_LocationPatterns/GATfiles/Isochores/genomicSuperDups_COzones_0.1/windows.txt']
# loglevel                                : 1
# nbuckets                                : 100000
# null                                    : default
# num_samples                             : 100
# num_threads                             : 0
# output_bed                              : []
# output_counts_pattern                   : analysis/20220517_LocationPatterns/GATresults/counts/NAHRno501invs_CEUSpence_%s.tsv.gz
# output_filename_pattern                 : %s
# output_force                            : False
# output_order                            : fold
# output_plots_pattern                    : None
# output_samples_pattern                  : None
# output_stats                            : []
# output_tables_pattern                   : %s.tsv.gz
# overlapping_annotations                 : False
# pseudo_count                            : 1.0
# pvalue_method                           : empirical
# qvalue_lambda                           : None
# qvalue_method                           : BH
# qvalue_pi0_method                       : smoother
# random_seed                             : None
# restrict_workspace                      : False
# sample_files                            : []
# sampler                                 : annotator
# segment_files                           : ['analysis/20220517_LocationPatterns/GATfiles/Segments/NAHRno501invs.bed']
# shift_expansion                         : 2.0
# shift_extension                         : 0
# short_help                              : None
# stderr                                  : <_io.TextIOWrapper name='<stderr>' mode='w' encoding='utf-8'>
# stdin                                   : <_io.TextIOWrapper name='<stdin>' mode='r' encoding='utf-8'>
# stdlog                                  : <_io.TextIOWrapper name='analysis/20220517_LocationPatterns/GATresults/log/NAHRno501invs_CEUSpence.log' mode='a' encoding='UTF-8'>
# stdout                                  : <_io.TextIOWrapper name='analysis/20220517_LocationPatterns/GATresults/tsv/NAHRno501invs_CEUSpence.tsv' mode='w' encoding='UTF-8'>
# timeit_file                             : None
# timeit_header                           : None
# timeit_name                             : all
# truncate_segments_to_workspace          : False
# truncate_workspace_to_annotations       : False
# workspace_files                         : ['analysis/20220517_LocationPatterns/GATfiles/Workspace/workspace_CEUSpence.bed']
2022-05-17 13:36:36,866 INFO segments: reading tracks from 1 files
2022-05-17 13:36:36,866 INFO segments: read 1 tracks from 1 files
2022-05-17 13:36:36,866 INFO annotations: reading tracks from 1 files
2022-05-17 13:36:37,226 INFO annotations: read 6 tracks from 1 files
2022-05-17 13:36:37,230 INFO workspaces: reading tracks from 1 files
2022-05-17 13:36:37,231 INFO workspaces: read 1 tracks from 1 files
2022-05-17 13:36:37,231 INFO collapsing workspaces
2022-05-17 13:36:37,231 INFO isochores: reading isochores from 1 files
2022-05-17 13:36:37,231 INFO intervals loaded in 0 seconds
2022-05-17 13:36:37,231 INFO adding isochores to workspace
2022-05-17 13:36:37,234 INFO collecting observed counts
2022-05-17 13:36:37,234 INFO starting sampling
2022-05-17 13:36:37,234 INFO sampling: merged: 1/1
2022-05-17 13:36:37,234 INFO performing unconditional sampling
2022-05-17 13:36:37,241 INFO workspace without conditioning: 90 segments, 2698883317 nucleotides
2022-05-17 13:36:37,241 INFO workspace after conditioning: 90 segments, 2698883317 nucleotides
2022-05-17 13:36:37,241 INFO sampling started
2022-05-17 13:36:37,246 INFO 0/100 done ( 0.00)
2022-05-17 13:36:37,641 INFO sampling completed
2022-05-17 13:36:37,641 INFO sampling finished
2022-05-17 13:36:37,641 INFO computing PValue statistics
2022-05-17 13:36:37,642 INFO writing counts to analysis/20220517_LocationPatterns/GATresults/counts/NAHRno501invs_CEUSpence_nucleotide-overlap.tsv.gz
2022-05-17 13:36:37,643 INFO computing FDR statistics
# job finished in 0 seconds at Tue May 17 13:36:37 2022 --  1.59  0.02  0.00  0.00 -- 34399468-5d44-4004-8753-d042cf689379
