# output generated by /home/rgomez/anaconda3/bin/gat-run.py --segments=analysis/20220517_LocationPatterns/GATfiles/Segments/NAHRno501invs.bed --annotations=analysis/20220517_LocationPatterns/GATfiles/Annotations/annotations_avgBherer.bed --output-counts-pattern=analysis/20220517_LocationPatterns/GATresults/counts/NAHRno501invs_avgBherer_%s.tsv.gz --isochores=analysis/20220517_LocationPatterns/GATfiles/Isochores/genomicSuperDups_COzones_0.1/windows.txt --workspace=analysis/20220517_LocationPatterns/GATfiles/Workspace/workspace_avgBherer.bed --num-samples=100 --log=analysis/20220517_LocationPatterns/GATresults/log/NAHRno501invs_avgBherer.log --stdout=analysis/20220517_LocationPatterns/GATresults/tsv/NAHRno501invs_avgBherer.tsv
# job started at Tue May 17 13:19:57 2022 on rgomez-pc -- 405f891e-5ae4-4c04-b9c1-68dc7cbccaf7
# pid: 6625, system: Linux 5.3.0-7648-generic #41~1586790036~18.04~600aeb5-Ubuntu SMP Mon Apr 13 17:47:15 UTC  x86_64
# annotation_files                        : ['analysis/20220517_LocationPatterns/GATfiles/Annotations/annotations_avgBherer.bed']
# annotations_label                       : None
# annotations_to_points                   : None
# bucket_size                             : 0
# cache                                   : None
# conditional                             : unconditional
# conditional_expansion                   : None
# conditional_extension                   : None
# counters                                : []
# enable_split_tracks                     : False
# ignore_segment_tracks                   : True
# input_filename_counts                   : None
# input_filename_descriptions             : None
# input_filename_results                  : None
# isochore_files                          : ['analysis/20220517_LocationPatterns/GATfiles/Isochores/genomicSuperDups_COzones_0.1/windows.txt']
# loglevel                                : 1
# nbuckets                                : 100000
# null                                    : default
# num_samples                             : 100
# num_threads                             : 0
# output_bed                              : []
# output_counts_pattern                   : analysis/20220517_LocationPatterns/GATresults/counts/NAHRno501invs_avgBherer_%s.tsv.gz
# output_filename_pattern                 : %s
# output_force                            : False
# output_order                            : fold
# output_plots_pattern                    : None
# output_samples_pattern                  : None
# output_stats                            : []
# output_tables_pattern                   : %s.tsv.gz
# overlapping_annotations                 : False
# pseudo_count                            : 1.0
# pvalue_method                           : empirical
# qvalue_lambda                           : None
# qvalue_method                           : BH
# qvalue_pi0_method                       : smoother
# random_seed                             : None
# restrict_workspace                      : False
# sample_files                            : []
# sampler                                 : annotator
# segment_files                           : ['analysis/20220517_LocationPatterns/GATfiles/Segments/NAHRno501invs.bed']
# shift_expansion                         : 2.0
# shift_extension                         : 0
# short_help                              : None
# stderr                                  : <_io.TextIOWrapper name='<stderr>' mode='w' encoding='utf-8'>
# stdin                                   : <_io.TextIOWrapper name='<stdin>' mode='r' encoding='utf-8'>
# stdlog                                  : <_io.TextIOWrapper name='analysis/20220517_LocationPatterns/GATresults/log/NAHRno501invs_avgBherer.log' mode='a' encoding='UTF-8'>
# stdout                                  : <_io.TextIOWrapper name='analysis/20220517_LocationPatterns/GATresults/tsv/NAHRno501invs_avgBherer.tsv' mode='w' encoding='UTF-8'>
# timeit_file                             : None
# timeit_header                           : None
# timeit_name                             : all
# truncate_segments_to_workspace          : False
# truncate_workspace_to_annotations       : False
# workspace_files                         : ['analysis/20220517_LocationPatterns/GATfiles/Workspace/workspace_avgBherer.bed']
2022-05-17 13:19:57,476 INFO segments: reading tracks from 1 files
2022-05-17 13:19:57,476 INFO segments: read 1 tracks from 1 files
2022-05-17 13:19:57,476 INFO annotations: reading tracks from 1 files
2022-05-17 13:19:57,773 INFO annotations: read 6 tracks from 1 files
2022-05-17 13:19:57,777 INFO workspaces: reading tracks from 1 files
2022-05-17 13:19:57,777 INFO workspaces: read 1 tracks from 1 files
2022-05-17 13:19:57,777 INFO collapsing workspaces
2022-05-17 13:19:57,777 INFO isochores: reading isochores from 1 files
2022-05-17 13:19:57,777 INFO intervals loaded in 0 seconds
2022-05-17 13:19:57,777 INFO adding isochores to workspace
2022-05-17 13:19:57,780 INFO collecting observed counts
2022-05-17 13:19:57,780 INFO starting sampling
2022-05-17 13:19:57,780 INFO sampling: merged: 1/1
2022-05-17 13:19:57,780 INFO performing unconditional sampling
2022-05-17 13:19:57,787 INFO workspace without conditioning: 88 segments, 2678195140 nucleotides
2022-05-17 13:19:57,787 INFO workspace after conditioning: 88 segments, 2678195140 nucleotides
2022-05-17 13:19:57,787 INFO sampling started
2022-05-17 13:19:57,792 INFO 0/100 done ( 0.00)
2022-05-17 13:19:58,199 INFO sampling completed
2022-05-17 13:19:58,200 INFO sampling finished
2022-05-17 13:19:58,200 INFO computing PValue statistics
2022-05-17 13:19:58,203 INFO writing counts to analysis/20220517_LocationPatterns/GATresults/counts/NAHRno501invs_avgBherer_nucleotide-overlap.tsv.gz
2022-05-17 13:19:58,205 INFO computing FDR statistics
# job finished in 0 seconds at Tue May 17 13:19:58 2022 --  1.54  0.06  0.00  0.00 -- 405f891e-5ae4-4c04-b9c1-68dc7cbccaf7
# output generated by /home/rgomez/anaconda3/bin/gat-run.py --segments=analysis/20220517_LocationPatterns/GATfiles/Segments/NAHRno501invs.bed --annotations=analysis/20220517_LocationPatterns/GATfiles/Annotations/annotations_avgBherer.bed --output-counts-pattern=analysis/20220517_LocationPatterns/GATresults/counts/NAHRno501invs_avgBherer_%s.tsv.gz --isochores=analysis/20220517_LocationPatterns/GATfiles/Isochores/genomicSuperDups_COzones_0.1/windows.txt --workspace=analysis/20220517_LocationPatterns/GATfiles/Workspace/workspace_avgBherer.bed --num-samples=100 --log=analysis/20220517_LocationPatterns/GATresults/log/NAHRno501invs_avgBherer.log --stdout=analysis/20220517_LocationPatterns/GATresults/tsv/NAHRno501invs_avgBherer.tsv
# job started at Tue May 17 13:36:38 2022 on rgomez-pc -- 7fa7f4fd-4404-4527-b41a-21884fb5444b
# pid: 9273, system: Linux 5.3.0-7648-generic #41~1586790036~18.04~600aeb5-Ubuntu SMP Mon Apr 13 17:47:15 UTC  x86_64
# annotation_files                        : ['analysis/20220517_LocationPatterns/GATfiles/Annotations/annotations_avgBherer.bed']
# annotations_label                       : None
# annotations_to_points                   : None
# bucket_size                             : 0
# cache                                   : None
# conditional                             : unconditional
# conditional_expansion                   : None
# conditional_extension                   : None
# counters                                : []
# enable_split_tracks                     : False
# ignore_segment_tracks                   : True
# input_filename_counts                   : None
# input_filename_descriptions             : None
# input_filename_results                  : None
# isochore_files                          : ['analysis/20220517_LocationPatterns/GATfiles/Isochores/genomicSuperDups_COzones_0.1/windows.txt']
# loglevel                                : 1
# nbuckets                                : 100000
# null                                    : default
# num_samples                             : 100
# num_threads                             : 0
# output_bed                              : []
# output_counts_pattern                   : analysis/20220517_LocationPatterns/GATresults/counts/NAHRno501invs_avgBherer_%s.tsv.gz
# output_filename_pattern                 : %s
# output_force                            : False
# output_order                            : fold
# output_plots_pattern                    : None
# output_samples_pattern                  : None
# output_stats                            : []
# output_tables_pattern                   : %s.tsv.gz
# overlapping_annotations                 : False
# pseudo_count                            : 1.0
# pvalue_method                           : empirical
# qvalue_lambda                           : None
# qvalue_method                           : BH
# qvalue_pi0_method                       : smoother
# random_seed                             : None
# restrict_workspace                      : False
# sample_files                            : []
# sampler                                 : annotator
# segment_files                           : ['analysis/20220517_LocationPatterns/GATfiles/Segments/NAHRno501invs.bed']
# shift_expansion                         : 2.0
# shift_extension                         : 0
# short_help                              : None
# stderr                                  : <_io.TextIOWrapper name='<stderr>' mode='w' encoding='utf-8'>
# stdin                                   : <_io.TextIOWrapper name='<stdin>' mode='r' encoding='utf-8'>
# stdlog                                  : <_io.TextIOWrapper name='analysis/20220517_LocationPatterns/GATresults/log/NAHRno501invs_avgBherer.log' mode='a' encoding='UTF-8'>
# stdout                                  : <_io.TextIOWrapper name='analysis/20220517_LocationPatterns/GATresults/tsv/NAHRno501invs_avgBherer.tsv' mode='w' encoding='UTF-8'>
# timeit_file                             : None
# timeit_header                           : None
# timeit_name                             : all
# truncate_segments_to_workspace          : False
# truncate_workspace_to_annotations       : False
# workspace_files                         : ['analysis/20220517_LocationPatterns/GATfiles/Workspace/workspace_avgBherer.bed']
2022-05-17 13:36:38,616 INFO segments: reading tracks from 1 files
2022-05-17 13:36:38,616 INFO segments: read 1 tracks from 1 files
2022-05-17 13:36:38,616 INFO annotations: reading tracks from 1 files
2022-05-17 13:36:38,895 INFO annotations: read 6 tracks from 1 files
2022-05-17 13:36:38,899 INFO workspaces: reading tracks from 1 files
2022-05-17 13:36:38,899 INFO workspaces: read 1 tracks from 1 files
2022-05-17 13:36:38,899 INFO collapsing workspaces
2022-05-17 13:36:38,900 INFO isochores: reading isochores from 1 files
2022-05-17 13:36:38,900 INFO intervals loaded in 0 seconds
2022-05-17 13:36:38,900 INFO adding isochores to workspace
2022-05-17 13:36:38,902 INFO collecting observed counts
2022-05-17 13:36:38,902 INFO starting sampling
2022-05-17 13:36:38,902 INFO sampling: merged: 1/1
2022-05-17 13:36:38,902 INFO performing unconditional sampling
2022-05-17 13:36:38,909 INFO workspace without conditioning: 88 segments, 2678195140 nucleotides
2022-05-17 13:36:38,909 INFO workspace after conditioning: 88 segments, 2678195140 nucleotides
2022-05-17 13:36:38,909 INFO sampling started
2022-05-17 13:36:38,914 INFO 0/100 done ( 0.00)
2022-05-17 13:36:39,331 INFO sampling completed
2022-05-17 13:36:39,331 INFO sampling finished
2022-05-17 13:36:39,331 INFO computing PValue statistics
2022-05-17 13:36:39,333 INFO writing counts to analysis/20220517_LocationPatterns/GATresults/counts/NAHRno501invs_avgBherer_nucleotide-overlap.tsv.gz
2022-05-17 13:36:39,334 INFO computing FDR statistics
# job finished in 0 seconds at Tue May 17 13:36:39 2022 --  1.54  0.03  0.00  0.00 -- 7fa7f4fd-4404-4527-b41a-21884fb5444b
