# output generated by /home/rgomez/anaconda3/bin/gat-run.py --segments=analysis/20220517_LocationPatterns/GATfiles/Segments/NHinvs.bed --annotations=analysis/20220517_LocationPatterns/GATfiles/Annotations/annotations_femBherer.bed --output-counts-pattern=analysis/20220517_LocationPatterns/GATresults/counts/NHinvs_femBherer_%s.tsv.gz --isochores=analysis/20220517_LocationPatterns/GATfiles/Isochores/genomicSuperDups_COzones_0.1/windows.txt --workspace=analysis/20220517_LocationPatterns/GATfiles/Workspace/workspace_femBherer.bed --num-samples=100 --log=analysis/20220517_LocationPatterns/GATresults/log/NHinvs_femBherer.log --stdout=analysis/20220517_LocationPatterns/GATresults/tsv/NHinvs_femBherer.tsv
# job started at Tue May 17 13:20:04 2022 on rgomez-pc -- a61b731c-099e-45ff-b941-69ffa51ac5f4
# pid: 6648, system: Linux 5.3.0-7648-generic #41~1586790036~18.04~600aeb5-Ubuntu SMP Mon Apr 13 17:47:15 UTC  x86_64
# annotation_files                        : ['analysis/20220517_LocationPatterns/GATfiles/Annotations/annotations_femBherer.bed']
# annotations_label                       : None
# annotations_to_points                   : None
# bucket_size                             : 0
# cache                                   : None
# conditional                             : unconditional
# conditional_expansion                   : None
# conditional_extension                   : None
# counters                                : []
# enable_split_tracks                     : False
# ignore_segment_tracks                   : True
# input_filename_counts                   : None
# input_filename_descriptions             : None
# input_filename_results                  : None
# isochore_files                          : ['analysis/20220517_LocationPatterns/GATfiles/Isochores/genomicSuperDups_COzones_0.1/windows.txt']
# loglevel                                : 1
# nbuckets                                : 100000
# null                                    : default
# num_samples                             : 100
# num_threads                             : 0
# output_bed                              : []
# output_counts_pattern                   : analysis/20220517_LocationPatterns/GATresults/counts/NHinvs_femBherer_%s.tsv.gz
# output_filename_pattern                 : %s
# output_force                            : False
# output_order                            : fold
# output_plots_pattern                    : None
# output_samples_pattern                  : None
# output_stats                            : []
# output_tables_pattern                   : %s.tsv.gz
# overlapping_annotations                 : False
# pseudo_count                            : 1.0
# pvalue_method                           : empirical
# qvalue_lambda                           : None
# qvalue_method                           : BH
# qvalue_pi0_method                       : smoother
# random_seed                             : None
# restrict_workspace                      : False
# sample_files                            : []
# sampler                                 : annotator
# segment_files                           : ['analysis/20220517_LocationPatterns/GATfiles/Segments/NHinvs.bed']
# shift_expansion                         : 2.0
# shift_extension                         : 0
# short_help                              : None
# stderr                                  : <_io.TextIOWrapper name='<stderr>' mode='w' encoding='utf-8'>
# stdin                                   : <_io.TextIOWrapper name='<stdin>' mode='r' encoding='utf-8'>
# stdlog                                  : <_io.TextIOWrapper name='analysis/20220517_LocationPatterns/GATresults/log/NHinvs_femBherer.log' mode='a' encoding='UTF-8'>
# stdout                                  : <_io.TextIOWrapper name='analysis/20220517_LocationPatterns/GATresults/tsv/NHinvs_femBherer.tsv' mode='w' encoding='UTF-8'>
# timeit_file                             : None
# timeit_header                           : None
# timeit_name                             : all
# truncate_segments_to_workspace          : False
# truncate_workspace_to_annotations       : False
# workspace_files                         : ['analysis/20220517_LocationPatterns/GATfiles/Workspace/workspace_femBherer.bed']
2022-05-17 13:20:04,633 INFO segments: reading tracks from 1 files
2022-05-17 13:20:04,634 INFO segments: read 1 tracks from 1 files
2022-05-17 13:20:04,634 INFO annotations: reading tracks from 1 files
2022-05-17 13:20:04,935 INFO annotations: read 6 tracks from 1 files
2022-05-17 13:20:04,941 INFO workspaces: reading tracks from 1 files
2022-05-17 13:20:04,941 INFO workspaces: read 1 tracks from 1 files
2022-05-17 13:20:04,941 INFO collapsing workspaces
2022-05-17 13:20:04,941 INFO isochores: reading isochores from 1 files
2022-05-17 13:20:04,942 INFO intervals loaded in 0 seconds
2022-05-17 13:20:04,942 INFO adding isochores to workspace
2022-05-17 13:20:04,944 INFO collecting observed counts
2022-05-17 13:20:04,945 INFO starting sampling
2022-05-17 13:20:04,945 INFO sampling: merged: 1/1
2022-05-17 13:20:04,945 INFO performing unconditional sampling
2022-05-17 13:20:04,950 INFO workspace without conditioning: 92 segments, 2826410475 nucleotides
2022-05-17 13:20:04,950 INFO workspace after conditioning: 92 segments, 2826410475 nucleotides
2022-05-17 13:20:04,950 INFO sampling started
2022-05-17 13:20:04,956 INFO 0/100 done ( 0.00)
2022-05-17 13:20:05,408 INFO sampling completed
2022-05-17 13:20:05,408 INFO sampling finished
2022-05-17 13:20:05,408 INFO computing PValue statistics
2022-05-17 13:20:05,410 INFO writing counts to analysis/20220517_LocationPatterns/GATresults/counts/NHinvs_femBherer_nucleotide-overlap.tsv.gz
2022-05-17 13:20:05,411 INFO computing FDR statistics
# job finished in 0 seconds at Tue May 17 13:20:05 2022 --  1.62  0.06  0.00  0.00 -- a61b731c-099e-45ff-b941-69ffa51ac5f4
# output generated by /home/rgomez/anaconda3/bin/gat-run.py --segments=analysis/20220517_LocationPatterns/GATfiles/Segments/NHinvs.bed --annotations=analysis/20220517_LocationPatterns/GATfiles/Annotations/annotations_femBherer.bed --output-counts-pattern=analysis/20220517_LocationPatterns/GATresults/counts/NHinvs_femBherer_%s.tsv.gz --isochores=analysis/20220517_LocationPatterns/GATfiles/Isochores/genomicSuperDups_COzones_0.1/windows.txt --workspace=analysis/20220517_LocationPatterns/GATfiles/Workspace/workspace_femBherer.bed --num-samples=100 --log=analysis/20220517_LocationPatterns/GATresults/log/NHinvs_femBherer.log --stdout=analysis/20220517_LocationPatterns/GATresults/tsv/NHinvs_femBherer.tsv
# job started at Tue May 17 13:36:45 2022 on rgomez-pc -- b36114ec-1541-4c19-a385-d56de8f96ef7
# pid: 9289, system: Linux 5.3.0-7648-generic #41~1586790036~18.04~600aeb5-Ubuntu SMP Mon Apr 13 17:47:15 UTC  x86_64
# annotation_files                        : ['analysis/20220517_LocationPatterns/GATfiles/Annotations/annotations_femBherer.bed']
# annotations_label                       : None
# annotations_to_points                   : None
# bucket_size                             : 0
# cache                                   : None
# conditional                             : unconditional
# conditional_expansion                   : None
# conditional_extension                   : None
# counters                                : []
# enable_split_tracks                     : False
# ignore_segment_tracks                   : True
# input_filename_counts                   : None
# input_filename_descriptions             : None
# input_filename_results                  : None
# isochore_files                          : ['analysis/20220517_LocationPatterns/GATfiles/Isochores/genomicSuperDups_COzones_0.1/windows.txt']
# loglevel                                : 1
# nbuckets                                : 100000
# null                                    : default
# num_samples                             : 100
# num_threads                             : 0
# output_bed                              : []
# output_counts_pattern                   : analysis/20220517_LocationPatterns/GATresults/counts/NHinvs_femBherer_%s.tsv.gz
# output_filename_pattern                 : %s
# output_force                            : False
# output_order                            : fold
# output_plots_pattern                    : None
# output_samples_pattern                  : None
# output_stats                            : []
# output_tables_pattern                   : %s.tsv.gz
# overlapping_annotations                 : False
# pseudo_count                            : 1.0
# pvalue_method                           : empirical
# qvalue_lambda                           : None
# qvalue_method                           : BH
# qvalue_pi0_method                       : smoother
# random_seed                             : None
# restrict_workspace                      : False
# sample_files                            : []
# sampler                                 : annotator
# segment_files                           : ['analysis/20220517_LocationPatterns/GATfiles/Segments/NHinvs.bed']
# shift_expansion                         : 2.0
# shift_extension                         : 0
# short_help                              : None
# stderr                                  : <_io.TextIOWrapper name='<stderr>' mode='w' encoding='utf-8'>
# stdin                                   : <_io.TextIOWrapper name='<stdin>' mode='r' encoding='utf-8'>
# stdlog                                  : <_io.TextIOWrapper name='analysis/20220517_LocationPatterns/GATresults/log/NHinvs_femBherer.log' mode='a' encoding='UTF-8'>
# stdout                                  : <_io.TextIOWrapper name='analysis/20220517_LocationPatterns/GATresults/tsv/NHinvs_femBherer.tsv' mode='w' encoding='UTF-8'>
# timeit_file                             : None
# timeit_header                           : None
# timeit_name                             : all
# truncate_segments_to_workspace          : False
# truncate_workspace_to_annotations       : False
# workspace_files                         : ['analysis/20220517_LocationPatterns/GATfiles/Workspace/workspace_femBherer.bed']
2022-05-17 13:36:45,536 INFO segments: reading tracks from 1 files
2022-05-17 13:36:45,536 INFO segments: read 1 tracks from 1 files
2022-05-17 13:36:45,536 INFO annotations: reading tracks from 1 files
2022-05-17 13:36:45,828 INFO annotations: read 6 tracks from 1 files
2022-05-17 13:36:45,832 INFO workspaces: reading tracks from 1 files
2022-05-17 13:36:45,832 INFO workspaces: read 1 tracks from 1 files
2022-05-17 13:36:45,832 INFO collapsing workspaces
2022-05-17 13:36:45,832 INFO isochores: reading isochores from 1 files
2022-05-17 13:36:45,833 INFO intervals loaded in 0 seconds
2022-05-17 13:36:45,833 INFO adding isochores to workspace
2022-05-17 13:36:45,835 INFO collecting observed counts
2022-05-17 13:36:45,835 INFO starting sampling
2022-05-17 13:36:45,835 INFO sampling: merged: 1/1
2022-05-17 13:36:45,835 INFO performing unconditional sampling
2022-05-17 13:36:45,842 INFO workspace without conditioning: 92 segments, 2826410475 nucleotides
2022-05-17 13:36:45,842 INFO workspace after conditioning: 92 segments, 2826410475 nucleotides
2022-05-17 13:36:45,842 INFO sampling started
2022-05-17 13:36:45,847 INFO 0/100 done ( 0.00)
2022-05-17 13:36:46,283 INFO sampling completed
2022-05-17 13:36:46,284 INFO sampling finished
2022-05-17 13:36:46,284 INFO computing PValue statistics
2022-05-17 13:36:46,285 INFO writing counts to analysis/20220517_LocationPatterns/GATresults/counts/NHinvs_femBherer_nucleotide-overlap.tsv.gz
2022-05-17 13:36:46,286 INFO computing FDR statistics
# job finished in 0 seconds at Tue May 17 13:36:46 2022 --  1.55  0.03  0.00  0.00 -- b36114ec-1541-4c19-a385-d56de8f96ef7
