# output generated by /home/rgomez/anaconda3/bin/gat-run.py --segments=analysis/20220517_LocationPatterns/GATfiles/Segments/NHinvs.bed --annotations=analysis/20220517_LocationPatterns/GATfiles/Annotations/annotations_CEUSpence.bed --output-counts-pattern=analysis/20220517_LocationPatterns/GATresults/counts/NHinvs_CEUSpence_%s.tsv.gz --isochores=analysis/20220517_LocationPatterns/GATfiles/Isochores/genomicSuperDups_COzones_0.1/windows.txt --workspace=analysis/20220517_LocationPatterns/GATfiles/Workspace/workspace_CEUSpence.bed --num-samples=100 --log=analysis/20220517_LocationPatterns/GATresults/log/NHinvs_CEUSpence.log --stdout=analysis/20220517_LocationPatterns/GATresults/tsv/NHinvs_CEUSpence.tsv
# job started at Tue May 17 13:20:01 2022 on rgomez-pc -- 66cfc1f3-4545-406c-ab5f-f102e2a5f8ef
# pid: 6636, system: Linux 5.3.0-7648-generic #41~1586790036~18.04~600aeb5-Ubuntu SMP Mon Apr 13 17:47:15 UTC  x86_64
# annotation_files                        : ['analysis/20220517_LocationPatterns/GATfiles/Annotations/annotations_CEUSpence.bed']
# annotations_label                       : None
# annotations_to_points                   : None
# bucket_size                             : 0
# cache                                   : None
# conditional                             : unconditional
# conditional_expansion                   : None
# conditional_extension                   : None
# counters                                : []
# enable_split_tracks                     : False
# ignore_segment_tracks                   : True
# input_filename_counts                   : None
# input_filename_descriptions             : None
# input_filename_results                  : None
# isochore_files                          : ['analysis/20220517_LocationPatterns/GATfiles/Isochores/genomicSuperDups_COzones_0.1/windows.txt']
# loglevel                                : 1
# nbuckets                                : 100000
# null                                    : default
# num_samples                             : 100
# num_threads                             : 0
# output_bed                              : []
# output_counts_pattern                   : analysis/20220517_LocationPatterns/GATresults/counts/NHinvs_CEUSpence_%s.tsv.gz
# output_filename_pattern                 : %s
# output_force                            : False
# output_order                            : fold
# output_plots_pattern                    : None
# output_samples_pattern                  : None
# output_stats                            : []
# output_tables_pattern                   : %s.tsv.gz
# overlapping_annotations                 : False
# pseudo_count                            : 1.0
# pvalue_method                           : empirical
# qvalue_lambda                           : None
# qvalue_method                           : BH
# qvalue_pi0_method                       : smoother
# random_seed                             : None
# restrict_workspace                      : False
# sample_files                            : []
# sampler                                 : annotator
# segment_files                           : ['analysis/20220517_LocationPatterns/GATfiles/Segments/NHinvs.bed']
# shift_expansion                         : 2.0
# shift_extension                         : 0
# short_help                              : None
# stderr                                  : <_io.TextIOWrapper name='<stderr>' mode='w' encoding='utf-8'>
# stdin                                   : <_io.TextIOWrapper name='<stdin>' mode='r' encoding='utf-8'>
# stdlog                                  : <_io.TextIOWrapper name='analysis/20220517_LocationPatterns/GATresults/log/NHinvs_CEUSpence.log' mode='a' encoding='UTF-8'>
# stdout                                  : <_io.TextIOWrapper name='analysis/20220517_LocationPatterns/GATresults/tsv/NHinvs_CEUSpence.tsv' mode='w' encoding='UTF-8'>
# timeit_file                             : None
# timeit_header                           : None
# timeit_name                             : all
# truncate_segments_to_workspace          : False
# truncate_workspace_to_annotations       : False
# workspace_files                         : ['analysis/20220517_LocationPatterns/GATfiles/Workspace/workspace_CEUSpence.bed']
2022-05-17 13:20:01,018 INFO segments: reading tracks from 1 files
2022-05-17 13:20:01,019 INFO segments: read 1 tracks from 1 files
2022-05-17 13:20:01,019 INFO annotations: reading tracks from 1 files
2022-05-17 13:20:01,403 INFO annotations: read 6 tracks from 1 files
2022-05-17 13:20:01,409 INFO workspaces: reading tracks from 1 files
2022-05-17 13:20:01,409 INFO workspaces: read 1 tracks from 1 files
2022-05-17 13:20:01,409 INFO collapsing workspaces
2022-05-17 13:20:01,409 INFO isochores: reading isochores from 1 files
2022-05-17 13:20:01,410 INFO intervals loaded in 0 seconds
2022-05-17 13:20:01,410 INFO adding isochores to workspace
2022-05-17 13:20:01,412 INFO collecting observed counts
2022-05-17 13:20:01,412 INFO starting sampling
2022-05-17 13:20:01,412 INFO sampling: merged: 1/1
2022-05-17 13:20:01,413 INFO performing unconditional sampling
2022-05-17 13:20:01,419 INFO workspace without conditioning: 90 segments, 2698883317 nucleotides
2022-05-17 13:20:01,419 INFO workspace after conditioning: 90 segments, 2698883317 nucleotides
2022-05-17 13:20:01,420 INFO sampling started
2022-05-17 13:20:01,424 INFO 0/100 done ( 0.00)
2022-05-17 13:20:01,842 INFO sampling completed
2022-05-17 13:20:01,842 INFO sampling finished
2022-05-17 13:20:01,843 INFO computing PValue statistics
2022-05-17 13:20:01,844 INFO writing counts to analysis/20220517_LocationPatterns/GATresults/counts/NHinvs_CEUSpence_nucleotide-overlap.tsv.gz
2022-05-17 13:20:01,845 INFO computing FDR statistics
# job finished in 0 seconds at Tue May 17 13:20:01 2022 --  1.64  0.07  0.00  0.00 -- 66cfc1f3-4545-406c-ab5f-f102e2a5f8ef
# output generated by /home/rgomez/anaconda3/bin/gat-run.py --segments=analysis/20220517_LocationPatterns/GATfiles/Segments/NHinvs.bed --annotations=analysis/20220517_LocationPatterns/GATfiles/Annotations/annotations_CEUSpence.bed --output-counts-pattern=analysis/20220517_LocationPatterns/GATresults/counts/NHinvs_CEUSpence_%s.tsv.gz --isochores=analysis/20220517_LocationPatterns/GATfiles/Isochores/genomicSuperDups_COzones_0.1/windows.txt --workspace=analysis/20220517_LocationPatterns/GATfiles/Workspace/workspace_CEUSpence.bed --num-samples=100 --log=analysis/20220517_LocationPatterns/GATresults/log/NHinvs_CEUSpence.log --stdout=analysis/20220517_LocationPatterns/GATresults/tsv/NHinvs_CEUSpence.tsv
# job started at Tue May 17 13:36:42 2022 on rgomez-pc -- 2ee568d2-510b-42bb-ab4a-446ba046d209
# pid: 9283, system: Linux 5.3.0-7648-generic #41~1586790036~18.04~600aeb5-Ubuntu SMP Mon Apr 13 17:47:15 UTC  x86_64
# annotation_files                        : ['analysis/20220517_LocationPatterns/GATfiles/Annotations/annotations_CEUSpence.bed']
# annotations_label                       : None
# annotations_to_points                   : None
# bucket_size                             : 0
# cache                                   : None
# conditional                             : unconditional
# conditional_expansion                   : None
# conditional_extension                   : None
# counters                                : []
# enable_split_tracks                     : False
# ignore_segment_tracks                   : True
# input_filename_counts                   : None
# input_filename_descriptions             : None
# input_filename_results                  : None
# isochore_files                          : ['analysis/20220517_LocationPatterns/GATfiles/Isochores/genomicSuperDups_COzones_0.1/windows.txt']
# loglevel                                : 1
# nbuckets                                : 100000
# null                                    : default
# num_samples                             : 100
# num_threads                             : 0
# output_bed                              : []
# output_counts_pattern                   : analysis/20220517_LocationPatterns/GATresults/counts/NHinvs_CEUSpence_%s.tsv.gz
# output_filename_pattern                 : %s
# output_force                            : False
# output_order                            : fold
# output_plots_pattern                    : None
# output_samples_pattern                  : None
# output_stats                            : []
# output_tables_pattern                   : %s.tsv.gz
# overlapping_annotations                 : False
# pseudo_count                            : 1.0
# pvalue_method                           : empirical
# qvalue_lambda                           : None
# qvalue_method                           : BH
# qvalue_pi0_method                       : smoother
# random_seed                             : None
# restrict_workspace                      : False
# sample_files                            : []
# sampler                                 : annotator
# segment_files                           : ['analysis/20220517_LocationPatterns/GATfiles/Segments/NHinvs.bed']
# shift_expansion                         : 2.0
# shift_extension                         : 0
# short_help                              : None
# stderr                                  : <_io.TextIOWrapper name='<stderr>' mode='w' encoding='utf-8'>
# stdin                                   : <_io.TextIOWrapper name='<stdin>' mode='r' encoding='utf-8'>
# stdlog                                  : <_io.TextIOWrapper name='analysis/20220517_LocationPatterns/GATresults/log/NHinvs_CEUSpence.log' mode='a' encoding='UTF-8'>
# stdout                                  : <_io.TextIOWrapper name='analysis/20220517_LocationPatterns/GATresults/tsv/NHinvs_CEUSpence.tsv' mode='w' encoding='UTF-8'>
# timeit_file                             : None
# timeit_header                           : None
# timeit_name                             : all
# truncate_segments_to_workspace          : False
# truncate_workspace_to_annotations       : False
# workspace_files                         : ['analysis/20220517_LocationPatterns/GATfiles/Workspace/workspace_CEUSpence.bed']
2022-05-17 13:36:42,039 INFO segments: reading tracks from 1 files
2022-05-17 13:36:42,040 INFO segments: read 1 tracks from 1 files
2022-05-17 13:36:42,040 INFO annotations: reading tracks from 1 files
2022-05-17 13:36:42,407 INFO annotations: read 6 tracks from 1 files
2022-05-17 13:36:42,412 INFO workspaces: reading tracks from 1 files
2022-05-17 13:36:42,412 INFO workspaces: read 1 tracks from 1 files
2022-05-17 13:36:42,412 INFO collapsing workspaces
2022-05-17 13:36:42,412 INFO isochores: reading isochores from 1 files
2022-05-17 13:36:42,412 INFO intervals loaded in 0 seconds
2022-05-17 13:36:42,412 INFO adding isochores to workspace
2022-05-17 13:36:42,415 INFO collecting observed counts
2022-05-17 13:36:42,415 INFO starting sampling
2022-05-17 13:36:42,415 INFO sampling: merged: 1/1
2022-05-17 13:36:42,416 INFO performing unconditional sampling
2022-05-17 13:36:42,423 INFO workspace without conditioning: 90 segments, 2698883317 nucleotides
2022-05-17 13:36:42,423 INFO workspace after conditioning: 90 segments, 2698883317 nucleotides
2022-05-17 13:36:42,423 INFO sampling started
2022-05-17 13:36:42,428 INFO 0/100 done ( 0.00)
2022-05-17 13:36:42,830 INFO sampling completed
2022-05-17 13:36:42,830 INFO sampling finished
2022-05-17 13:36:42,830 INFO computing PValue statistics
2022-05-17 13:36:42,832 INFO writing counts to analysis/20220517_LocationPatterns/GATresults/counts/NHinvs_CEUSpence_nucleotide-overlap.tsv.gz
2022-05-17 13:36:42,832 INFO computing FDR statistics
# job finished in 0 seconds at Tue May 17 13:36:42 2022 --  1.63  0.03  0.00  0.00 -- 2ee568d2-510b-42bb-ab4a-446ba046d209
