# output generated by /home/rgomez/anaconda3/bin/gat-run.py --segments=analysis/20220622_LocationPatterns/GATfiles/Segments/NAHR_1.bed --annotations=analysis/20220622_LocationPatterns/GATfiles/Annotations/annotations_avgBherer.bed --workspace=analysis/20220622_LocationPatterns/GATfiles/Workspace/workspace_avgBherer.bed --num-samples=1000 --log=analysis/20220622_LocationPatterns/GATresults/NAHR_1/log/NAHR_1_annotations_avgBherer.log --stdout=analysis/20220622_LocationPatterns/GATresults/NAHR_1/tsv/NAHR_1_annotations_avgBherer.tsv
# job started at Wed Jun 22 22:16:29 2022 on rgomez-pc -- 8481e8fb-b160-47cc-b23f-7f0c94b7c324
# pid: 21901, system: Linux 5.3.0-7648-generic #41~1586790036~18.04~600aeb5-Ubuntu SMP Mon Apr 13 17:47:15 UTC  x86_64
# annotation_files                        : ['analysis/20220622_LocationPatterns/GATfiles/Annotations/annotations_avgBherer.bed']
# annotations_label                       : None
# annotations_to_points                   : None
# bucket_size                             : 0
# cache                                   : None
# conditional                             : unconditional
# conditional_expansion                   : None
# conditional_extension                   : None
# counters                                : []
# enable_split_tracks                     : False
# ignore_segment_tracks                   : True
# input_filename_counts                   : None
# input_filename_descriptions             : None
# input_filename_results                  : None
# isochore_files                          : None
# loglevel                                : 1
# nbuckets                                : 100000
# null                                    : default
# num_samples                             : 1000
# num_threads                             : 0
# output_bed                              : []
# output_counts_pattern                   : None
# output_filename_pattern                 : %s
# output_force                            : False
# output_order                            : fold
# output_plots_pattern                    : None
# output_samples_pattern                  : None
# output_stats                            : []
# output_tables_pattern                   : %s.tsv.gz
# overlapping_annotations                 : False
# pseudo_count                            : 1.0
# pvalue_method                           : empirical
# qvalue_lambda                           : None
# qvalue_method                           : BH
# qvalue_pi0_method                       : smoother
# random_seed                             : None
# restrict_workspace                      : False
# sample_files                            : []
# sampler                                 : annotator
# segment_files                           : ['analysis/20220622_LocationPatterns/GATfiles/Segments/NAHR_1.bed']
# shift_expansion                         : 2.0
# shift_extension                         : 0
# short_help                              : None
# stderr                                  : <_io.TextIOWrapper name='<stderr>' mode='w' encoding='utf-8'>
# stdin                                   : <_io.TextIOWrapper name='<stdin>' mode='r' encoding='utf-8'>
# stdlog                                  : <_io.TextIOWrapper name='analysis/20220622_LocationPatterns/GATresults/NAHR_1/log/NAHR_1_annotations_avgBherer.log' mode='a' encoding='UTF-8'>
# stdout                                  : <_io.TextIOWrapper name='analysis/20220622_LocationPatterns/GATresults/NAHR_1/tsv/NAHR_1_annotations_avgBherer.tsv' mode='w' encoding='UTF-8'>
# timeit_file                             : None
# timeit_header                           : None
# timeit_name                             : all
# truncate_segments_to_workspace          : False
# truncate_workspace_to_annotations       : False
# workspace_files                         : ['analysis/20220622_LocationPatterns/GATfiles/Workspace/workspace_avgBherer.bed']
2022-06-22 22:16:29,662 INFO segments: reading tracks from 1 files
2022-06-22 22:16:29,662 INFO segments: read 1 tracks from 1 files
2022-06-22 22:16:29,662 INFO annotations: reading tracks from 1 files
2022-06-22 22:16:29,950 INFO annotations: read 6 tracks from 1 files
2022-06-22 22:16:29,953 INFO workspaces: reading tracks from 1 files
2022-06-22 22:16:29,954 INFO workspaces: read 1 tracks from 1 files
2022-06-22 22:16:29,954 INFO collapsing workspaces
2022-06-22 22:16:29,954 INFO intervals loaded in 0 seconds
2022-06-22 22:16:29,955 INFO collecting observed counts
2022-06-22 22:16:29,955 INFO starting sampling
2022-06-22 22:16:29,955 INFO sampling: merged: 1/1
2022-06-22 22:16:29,955 INFO performing unconditional sampling
2022-06-22 22:16:29,956 INFO workspace without conditioning: 39 segments, 2678195140 nucleotides
2022-06-22 22:16:29,956 INFO workspace after conditioning: 39 segments, 2678195140 nucleotides
2022-06-22 22:16:29,957 INFO sampling started
2022-06-22 22:16:29,958 INFO 0/1000 done ( 0.00)
2022-06-22 22:16:30,077 INFO 100/1000 done (10.00)
2022-06-22 22:16:30,203 INFO 200/1000 done (20.00)
2022-06-22 22:16:30,316 INFO 300/1000 done (30.00)
2022-06-22 22:16:30,435 INFO 400/1000 done (40.00)
2022-06-22 22:16:30,551 INFO 500/1000 done (50.00)
2022-06-22 22:16:30,666 INFO 600/1000 done (60.00)
2022-06-22 22:16:30,785 INFO 700/1000 done (70.00)
2022-06-22 22:16:30,900 INFO 800/1000 done (80.00)
2022-06-22 22:16:31,013 INFO 900/1000 done (90.00)
2022-06-22 22:16:31,127 INFO sampling completed
2022-06-22 22:16:31,128 INFO sampling finished
2022-06-22 22:16:31,128 INFO computing PValue statistics
2022-06-22 22:16:31,132 INFO computing FDR statistics
# job finished in 1 seconds at Wed Jun 22 22:16:31 2022 --  2.19  0.05  0.00  0.00 -- 8481e8fb-b160-47cc-b23f-7f0c94b7c324
# output generated by /home/rgomez/anaconda3/bin/gat-run.py --segments=analysis/20220622_LocationPatterns/GATfiles/Segments/NAHR_1.bed --annotations=analysis/20220622_LocationPatterns/GATfiles/Annotations/annotations_avgBherer.bed --workspace=analysis/20220622_LocationPatterns/GATfiles/Workspace/workspace_avgBherer.bed --num-samples=1000 --log=analysis/20220622_LocationPatterns/GATresults/NAHR_1/log/NAHR_1_annotations_avgBherer.log --stdout=analysis/20220622_LocationPatterns/GATresults/NAHR_1/tsv/NAHR_1_annotations_avgBherer.tsv
# job started at Wed Jun 22 22:17:44 2022 on rgomez-pc -- a7397fe0-7f7c-4a34-86a5-83ebe46c48ce
# pid: 22062, system: Linux 5.3.0-7648-generic #41~1586790036~18.04~600aeb5-Ubuntu SMP Mon Apr 13 17:47:15 UTC  x86_64
# annotation_files                        : ['analysis/20220622_LocationPatterns/GATfiles/Annotations/annotations_avgBherer.bed']
# annotations_label                       : None
# annotations_to_points                   : None
# bucket_size                             : 0
# cache                                   : None
# conditional                             : unconditional
# conditional_expansion                   : None
# conditional_extension                   : None
# counters                                : []
# enable_split_tracks                     : False
# ignore_segment_tracks                   : True
# input_filename_counts                   : None
# input_filename_descriptions             : None
# input_filename_results                  : None
# isochore_files                          : None
# loglevel                                : 1
# nbuckets                                : 100000
# null                                    : default
# num_samples                             : 1000
# num_threads                             : 0
# output_bed                              : []
# output_counts_pattern                   : None
# output_filename_pattern                 : %s
# output_force                            : False
# output_order                            : fold
# output_plots_pattern                    : None
# output_samples_pattern                  : None
# output_stats                            : []
# output_tables_pattern                   : %s.tsv.gz
# overlapping_annotations                 : False
# pseudo_count                            : 1.0
# pvalue_method                           : empirical
# qvalue_lambda                           : None
# qvalue_method                           : BH
# qvalue_pi0_method                       : smoother
# random_seed                             : None
# restrict_workspace                      : False
# sample_files                            : []
# sampler                                 : annotator
# segment_files                           : ['analysis/20220622_LocationPatterns/GATfiles/Segments/NAHR_1.bed']
# shift_expansion                         : 2.0
# shift_extension                         : 0
# short_help                              : None
# stderr                                  : <_io.TextIOWrapper name='<stderr>' mode='w' encoding='utf-8'>
# stdin                                   : <_io.TextIOWrapper name='<stdin>' mode='r' encoding='utf-8'>
# stdlog                                  : <_io.TextIOWrapper name='analysis/20220622_LocationPatterns/GATresults/NAHR_1/log/NAHR_1_annotations_avgBherer.log' mode='a' encoding='UTF-8'>
# stdout                                  : <_io.TextIOWrapper name='analysis/20220622_LocationPatterns/GATresults/NAHR_1/tsv/NAHR_1_annotations_avgBherer.tsv' mode='w' encoding='UTF-8'>
# timeit_file                             : None
# timeit_header                           : None
# timeit_name                             : all
# truncate_segments_to_workspace          : False
# truncate_workspace_to_annotations       : False
# workspace_files                         : ['analysis/20220622_LocationPatterns/GATfiles/Workspace/workspace_avgBherer.bed']
2022-06-22 22:17:44,787 INFO segments: reading tracks from 1 files
2022-06-22 22:17:44,787 INFO segments: read 1 tracks from 1 files
2022-06-22 22:17:44,788 INFO annotations: reading tracks from 1 files
2022-06-22 22:17:45,083 INFO annotations: read 6 tracks from 1 files
2022-06-22 22:17:45,087 INFO workspaces: reading tracks from 1 files
2022-06-22 22:17:45,087 INFO workspaces: read 1 tracks from 1 files
2022-06-22 22:17:45,087 INFO collapsing workspaces
2022-06-22 22:17:45,087 INFO intervals loaded in 0 seconds
2022-06-22 22:17:45,088 INFO collecting observed counts
2022-06-22 22:17:45,088 INFO starting sampling
2022-06-22 22:17:45,088 INFO sampling: merged: 1/1
2022-06-22 22:17:45,089 INFO performing unconditional sampling
2022-06-22 22:17:45,089 INFO workspace without conditioning: 39 segments, 2678195140 nucleotides
2022-06-22 22:17:45,089 INFO workspace after conditioning: 39 segments, 2678195140 nucleotides
2022-06-22 22:17:45,090 INFO sampling started
2022-06-22 22:17:45,093 INFO 0/1000 done ( 0.00)
2022-06-22 22:17:45,361 INFO 100/1000 done (10.00)
2022-06-22 22:17:45,635 INFO 200/1000 done (20.00)
2022-06-22 22:17:45,971 INFO 300/1000 done (30.00)
2022-06-22 22:17:46,242 INFO 400/1000 done (40.00)
2022-06-22 22:17:46,504 INFO 500/1000 done (50.00)
2022-06-22 22:17:46,770 INFO 600/1000 done (60.00)
2022-06-22 22:17:47,041 INFO 700/1000 done (70.00)
2022-06-22 22:17:47,333 INFO 800/1000 done (80.00)
2022-06-22 22:17:47,594 INFO 900/1000 done (90.00)
2022-06-22 22:17:47,870 INFO sampling completed
2022-06-22 22:17:47,871 INFO sampling finished
2022-06-22 22:17:47,871 INFO computing PValue statistics
2022-06-22 22:17:47,874 INFO computing FDR statistics
# job finished in 3 seconds at Wed Jun 22 22:17:47 2022 --  3.84  0.06  0.00  0.00 -- a7397fe0-7f7c-4a34-86a5-83ebe46c48ce
# output generated by /home/rgomez/anaconda3/bin/gat-run.py --segments=analysis/20220622_LocationPatterns/GATfiles/Segments/NAHR_1.bed --annotations=analysis/20220622_LocationPatterns/GATfiles/Annotations/annotations_avgBherer.bed --workspace=analysis/20220622_LocationPatterns/GATfiles/Workspace/workspace_avgBherer.bed --num-samples=1000 --log=analysis/20220622_LocationPatterns/GATresults/NAHR_1/log/NAHR_1_annotations_avgBherer.log --stdout=analysis/20220622_LocationPatterns/GATresults/NAHR_1/tsv/NAHR_1_annotations_avgBherer.tsv
# job started at Wed Jun 22 22:18:35 2022 on rgomez-pc -- 0dfe3ef8-f72f-429c-be78-d0c76adf636a
# pid: 22192, system: Linux 5.3.0-7648-generic #41~1586790036~18.04~600aeb5-Ubuntu SMP Mon Apr 13 17:47:15 UTC  x86_64
# annotation_files                        : ['analysis/20220622_LocationPatterns/GATfiles/Annotations/annotations_avgBherer.bed']
# annotations_label                       : None
# annotations_to_points                   : None
# bucket_size                             : 0
# cache                                   : None
# conditional                             : unconditional
# conditional_expansion                   : None
# conditional_extension                   : None
# counters                                : []
# enable_split_tracks                     : False
# ignore_segment_tracks                   : True
# input_filename_counts                   : None
# input_filename_descriptions             : None
# input_filename_results                  : None
# isochore_files                          : None
# loglevel                                : 1
# nbuckets                                : 100000
# null                                    : default
# num_samples                             : 1000
# num_threads                             : 0
# output_bed                              : []
# output_counts_pattern                   : None
# output_filename_pattern                 : %s
# output_force                            : False
# output_order                            : fold
# output_plots_pattern                    : None
# output_samples_pattern                  : None
# output_stats                            : []
# output_tables_pattern                   : %s.tsv.gz
# overlapping_annotations                 : False
# pseudo_count                            : 1.0
# pvalue_method                           : empirical
# qvalue_lambda                           : None
# qvalue_method                           : BH
# qvalue_pi0_method                       : smoother
# random_seed                             : None
# restrict_workspace                      : False
# sample_files                            : []
# sampler                                 : annotator
# segment_files                           : ['analysis/20220622_LocationPatterns/GATfiles/Segments/NAHR_1.bed']
# shift_expansion                         : 2.0
# shift_extension                         : 0
# short_help                              : None
# stderr                                  : <_io.TextIOWrapper name='<stderr>' mode='w' encoding='utf-8'>
# stdin                                   : <_io.TextIOWrapper name='<stdin>' mode='r' encoding='utf-8'>
# stdlog                                  : <_io.TextIOWrapper name='analysis/20220622_LocationPatterns/GATresults/NAHR_1/log/NAHR_1_annotations_avgBherer.log' mode='a' encoding='UTF-8'>
# stdout                                  : <_io.TextIOWrapper name='analysis/20220622_LocationPatterns/GATresults/NAHR_1/tsv/NAHR_1_annotations_avgBherer.tsv' mode='w' encoding='UTF-8'>
# timeit_file                             : None
# timeit_header                           : None
# timeit_name                             : all
# truncate_segments_to_workspace          : False
# truncate_workspace_to_annotations       : False
# workspace_files                         : ['analysis/20220622_LocationPatterns/GATfiles/Workspace/workspace_avgBherer.bed']
2022-06-22 22:18:35,872 INFO segments: reading tracks from 1 files
2022-06-22 22:18:35,872 INFO segments: read 1 tracks from 1 files
2022-06-22 22:18:35,872 INFO annotations: reading tracks from 1 files
2022-06-22 22:18:36,149 INFO annotations: read 6 tracks from 1 files
2022-06-22 22:18:36,153 INFO workspaces: reading tracks from 1 files
2022-06-22 22:18:36,153 INFO workspaces: read 1 tracks from 1 files
2022-06-22 22:18:36,153 INFO collapsing workspaces
2022-06-22 22:18:36,153 INFO intervals loaded in 0 seconds
2022-06-22 22:18:36,154 INFO collecting observed counts
2022-06-22 22:18:36,154 INFO starting sampling
2022-06-22 22:18:36,154 INFO sampling: merged: 1/1
2022-06-22 22:18:36,154 INFO performing unconditional sampling
2022-06-22 22:18:36,155 INFO workspace without conditioning: 39 segments, 2678195140 nucleotides
2022-06-22 22:18:36,155 INFO workspace after conditioning: 39 segments, 2678195140 nucleotides
2022-06-22 22:18:36,156 INFO sampling started
2022-06-22 22:18:36,159 INFO 0/1000 done ( 0.00)
2022-06-22 22:18:36,392 INFO 100/1000 done (10.00)
2022-06-22 22:18:36,626 INFO 200/1000 done (20.00)
2022-06-22 22:18:36,861 INFO 300/1000 done (30.00)
2022-06-22 22:18:37,093 INFO 400/1000 done (40.00)
2022-06-22 22:18:37,322 INFO 500/1000 done (50.00)
2022-06-22 22:18:37,551 INFO 600/1000 done (60.00)
2022-06-22 22:18:37,779 INFO 700/1000 done (70.00)
2022-06-22 22:18:38,004 INFO 800/1000 done (80.00)
2022-06-22 22:18:38,230 INFO 900/1000 done (90.00)
2022-06-22 22:18:38,454 INFO sampling completed
2022-06-22 22:18:38,455 INFO sampling finished
2022-06-22 22:18:38,455 INFO computing PValue statistics
2022-06-22 22:18:38,459 INFO computing FDR statistics
# job finished in 2 seconds at Wed Jun 22 22:18:38 2022 --  3.32  0.05  0.00  0.00 -- 0dfe3ef8-f72f-429c-be78-d0c76adf636a
# output generated by /home/rgomez/anaconda3/bin/gat-run.py --segments=analysis/20220622_LocationPatterns/GATfiles/Segments/NAHR_1.bed --annotations=analysis/20220622_LocationPatterns/GATfiles/Annotations/annotations_avgBherer.bed --workspace=analysis/20220622_LocationPatterns/GATfiles/Workspace/workspace_avgBherer.bed --num-samples=1000 --log=analysis/20220622_LocationPatterns/GATresults/NAHR_1/log/NAHR_1_annotations_avgBherer.log --stdout=analysis/20220622_LocationPatterns/GATresults/NAHR_1/tsv/NAHR_1_annotations_avgBherer.tsv
# job started at Wed Jun 22 22:20:00 2022 on rgomez-pc -- eb38fc55-a474-4ed2-8079-140a6d07dc15
# pid: 22351, system: Linux 5.3.0-7648-generic #41~1586790036~18.04~600aeb5-Ubuntu SMP Mon Apr 13 17:47:15 UTC  x86_64
# annotation_files                        : ['analysis/20220622_LocationPatterns/GATfiles/Annotations/annotations_avgBherer.bed']
# annotations_label                       : None
# annotations_to_points                   : None
# bucket_size                             : 0
# cache                                   : None
# conditional                             : unconditional
# conditional_expansion                   : None
# conditional_extension                   : None
# counters                                : []
# enable_split_tracks                     : False
# ignore_segment_tracks                   : True
# input_filename_counts                   : None
# input_filename_descriptions             : None
# input_filename_results                  : None
# isochore_files                          : None
# loglevel                                : 1
# nbuckets                                : 100000
# null                                    : default
# num_samples                             : 1000
# num_threads                             : 0
# output_bed                              : []
# output_counts_pattern                   : None
# output_filename_pattern                 : %s
# output_force                            : False
# output_order                            : fold
# output_plots_pattern                    : None
# output_samples_pattern                  : None
# output_stats                            : []
# output_tables_pattern                   : %s.tsv.gz
# overlapping_annotations                 : False
# pseudo_count                            : 1.0
# pvalue_method                           : empirical
# qvalue_lambda                           : None
# qvalue_method                           : BH
# qvalue_pi0_method                       : smoother
# random_seed                             : None
# restrict_workspace                      : False
# sample_files                            : []
# sampler                                 : annotator
# segment_files                           : ['analysis/20220622_LocationPatterns/GATfiles/Segments/NAHR_1.bed']
# shift_expansion                         : 2.0
# shift_extension                         : 0
# short_help                              : None
# stderr                                  : <_io.TextIOWrapper name='<stderr>' mode='w' encoding='utf-8'>
# stdin                                   : <_io.TextIOWrapper name='<stdin>' mode='r' encoding='utf-8'>
# stdlog                                  : <_io.TextIOWrapper name='analysis/20220622_LocationPatterns/GATresults/NAHR_1/log/NAHR_1_annotations_avgBherer.log' mode='a' encoding='UTF-8'>
# stdout                                  : <_io.TextIOWrapper name='analysis/20220622_LocationPatterns/GATresults/NAHR_1/tsv/NAHR_1_annotations_avgBherer.tsv' mode='w' encoding='UTF-8'>
# timeit_file                             : None
# timeit_header                           : None
# timeit_name                             : all
# truncate_segments_to_workspace          : False
# truncate_workspace_to_annotations       : False
# workspace_files                         : ['analysis/20220622_LocationPatterns/GATfiles/Workspace/workspace_avgBherer.bed']
2022-06-22 22:20:00,661 INFO segments: reading tracks from 1 files
2022-06-22 22:20:00,661 INFO segments: read 1 tracks from 1 files
2022-06-22 22:20:00,661 INFO annotations: reading tracks from 1 files
2022-06-22 22:20:00,942 INFO annotations: read 6 tracks from 1 files
2022-06-22 22:20:00,945 INFO workspaces: reading tracks from 1 files
2022-06-22 22:20:00,946 INFO workspaces: read 1 tracks from 1 files
2022-06-22 22:20:00,946 INFO collapsing workspaces
2022-06-22 22:20:00,946 INFO intervals loaded in 0 seconds
2022-06-22 22:20:00,947 INFO collecting observed counts
2022-06-22 22:20:00,947 INFO starting sampling
2022-06-22 22:20:00,947 INFO sampling: merged: 1/1
2022-06-22 22:20:00,947 INFO performing unconditional sampling
2022-06-22 22:20:00,948 INFO workspace without conditioning: 39 segments, 2678195140 nucleotides
2022-06-22 22:20:00,948 INFO workspace after conditioning: 39 segments, 2678195140 nucleotides
2022-06-22 22:20:00,948 INFO sampling started
2022-06-22 22:20:00,951 INFO 0/1000 done ( 0.00)
2022-06-22 22:20:01,165 INFO 100/1000 done (10.00)
2022-06-22 22:20:01,376 INFO 200/1000 done (20.00)
2022-06-22 22:20:01,584 INFO 300/1000 done (30.00)
2022-06-22 22:20:01,796 INFO 400/1000 done (40.00)
2022-06-22 22:20:02,004 INFO 500/1000 done (50.00)
2022-06-22 22:20:02,213 INFO 600/1000 done (60.00)
2022-06-22 22:20:02,425 INFO 700/1000 done (70.00)
2022-06-22 22:20:02,634 INFO 800/1000 done (80.00)
2022-06-22 22:20:02,843 INFO 900/1000 done (90.00)
2022-06-22 22:20:03,056 INFO sampling completed
2022-06-22 22:20:03,057 INFO sampling finished
2022-06-22 22:20:03,057 INFO computing PValue statistics
2022-06-22 22:20:03,061 INFO computing FDR statistics
# job finished in 2 seconds at Wed Jun 22 22:20:03 2022 --  3.15  0.05  0.00  0.00 -- eb38fc55-a474-4ed2-8079-140a6d07dc15
