# output generated by /home/rgomez/anaconda3/bin/gat-run.py --segments=analysis/20220621_LocationPatterns/GATfiles/Segments/no501invs.bed --annotations=analysis/20220621_LocationPatterns/GATfiles/Annotations/genomicSuperDups_coords_normal.bed --output-counts-pattern=analysis/20220621_LocationPatterns/GATresults/HighIsochores0.1/counts/no501invs_femBherer_%s.tsv.gz --isochores=analysis/20220621_LocationPatterns/GATfiles/Isochores/genomicSuperDups_COzones_0.1/High.txt --workspace=analysis/20220621_LocationPatterns/GATfiles/Workspace/workspace_femBherer.bed --num-samples=100 --log=analysis/20220621_LocationPatterns/GATresults/HighIsochores0.1/log/no501invs_femBherer.log --stdout=analysis/20220621_LocationPatterns/GATresults/HighIsochores0.1/tsv/no501invs_femBherer.tsv
# job started at Tue Jun 21 09:29:09 2022 on rgomez-pc -- 967dbe70-cfee-4dba-8141-ba30b0f1b8c2
# pid: 17498, system: Linux 5.3.0-7648-generic #41~1586790036~18.04~600aeb5-Ubuntu SMP Mon Apr 13 17:47:15 UTC  x86_64
# annotation_files                        : ['analysis/20220621_LocationPatterns/GATfiles/Annotations/genomicSuperDups_coords_normal.bed']
# annotations_label                       : None
# annotations_to_points                   : None
# bucket_size                             : 0
# cache                                   : None
# conditional                             : unconditional
# conditional_expansion                   : None
# conditional_extension                   : None
# counters                                : []
# enable_split_tracks                     : False
# ignore_segment_tracks                   : True
# input_filename_counts                   : None
# input_filename_descriptions             : None
# input_filename_results                  : None
# isochore_files                          : ['analysis/20220621_LocationPatterns/GATfiles/Isochores/genomicSuperDups_COzones_0.1/High.txt']
# loglevel                                : 1
# nbuckets                                : 100000
# null                                    : default
# num_samples                             : 100
# num_threads                             : 0
# output_bed                              : []
# output_counts_pattern                   : analysis/20220621_LocationPatterns/GATresults/HighIsochores0.1/counts/no501invs_femBherer_%s.tsv.gz
# output_filename_pattern                 : %s
# output_force                            : False
# output_order                            : fold
# output_plots_pattern                    : None
# output_samples_pattern                  : None
# output_stats                            : []
# output_tables_pattern                   : %s.tsv.gz
# overlapping_annotations                 : False
# pseudo_count                            : 1.0
# pvalue_method                           : empirical
# qvalue_lambda                           : None
# qvalue_method                           : BH
# qvalue_pi0_method                       : smoother
# random_seed                             : None
# restrict_workspace                      : False
# sample_files                            : []
# sampler                                 : annotator
# segment_files                           : ['analysis/20220621_LocationPatterns/GATfiles/Segments/no501invs.bed']
# shift_expansion                         : 2.0
# shift_extension                         : 0
# short_help                              : None
# stderr                                  : <_io.TextIOWrapper name='<stderr>' mode='w' encoding='utf-8'>
# stdin                                   : <_io.TextIOWrapper name='<stdin>' mode='r' encoding='utf-8'>
# stdlog                                  : <_io.TextIOWrapper name='analysis/20220621_LocationPatterns/GATresults/HighIsochores0.1/log/no501invs_femBherer.log' mode='a' encoding='UTF-8'>
# stdout                                  : <_io.TextIOWrapper name='analysis/20220621_LocationPatterns/GATresults/HighIsochores0.1/tsv/no501invs_femBherer.tsv' mode='w' encoding='UTF-8'>
# timeit_file                             : None
# timeit_header                           : None
# timeit_name                             : all
# truncate_segments_to_workspace          : False
# truncate_workspace_to_annotations       : False
# workspace_files                         : ['analysis/20220621_LocationPatterns/GATfiles/Workspace/workspace_femBherer.bed']
2022-06-21 09:29:09,189 INFO segments: reading tracks from 1 files
2022-06-21 09:29:09,190 INFO segments: read 1 tracks from 1 files
2022-06-21 09:29:09,190 INFO annotations: reading tracks from 1 files
2022-06-21 09:29:09,315 INFO annotations: read 1 tracks from 1 files
2022-06-21 09:29:09,319 INFO workspaces: reading tracks from 1 files
2022-06-21 09:29:09,320 INFO workspaces: read 1 tracks from 1 files
2022-06-21 09:29:09,320 INFO collapsing workspaces
2022-06-21 09:29:09,320 INFO isochores: reading isochores from 1 files
# output generated by /home/rgomez/anaconda3/bin/gat-run.py --segments=analysis/20220621_LocationPatterns/GATfiles/Segments/no501invs.bed --annotations=analysis/20220621_LocationPatterns/GATfiles/Annotations/genomicSuperDups_coords_normal.bed --output-counts-pattern=analysis/20220621_LocationPatterns/GATresults/HighIsochores0.1/counts/no501invs_femBherer_%s.tsv.gz --isochores=analysis/20220621_LocationPatterns/GATfiles/Isochores/genomicSuperDups_COzones_0.1/High.txt --workspace=analysis/20220621_LocationPatterns/GATfiles/Workspace/workspace_femBherer.bed --num-samples=100 --log=analysis/20220621_LocationPatterns/GATresults/HighIsochores0.1/log/no501invs_femBherer.log --stdout=analysis/20220621_LocationPatterns/GATresults/HighIsochores0.1/tsv/no501invs_femBherer.tsv
# job started at Tue Jun 21 09:30:30 2022 on rgomez-pc -- 6558f127-d371-45ab-938a-c274e15d49f5
# pid: 17711, system: Linux 5.3.0-7648-generic #41~1586790036~18.04~600aeb5-Ubuntu SMP Mon Apr 13 17:47:15 UTC  x86_64
# annotation_files                        : ['analysis/20220621_LocationPatterns/GATfiles/Annotations/genomicSuperDups_coords_normal.bed']
# annotations_label                       : None
# annotations_to_points                   : None
# bucket_size                             : 0
# cache                                   : None
# conditional                             : unconditional
# conditional_expansion                   : None
# conditional_extension                   : None
# counters                                : []
# enable_split_tracks                     : False
# ignore_segment_tracks                   : True
# input_filename_counts                   : None
# input_filename_descriptions             : None
# input_filename_results                  : None
# isochore_files                          : ['analysis/20220621_LocationPatterns/GATfiles/Isochores/genomicSuperDups_COzones_0.1/High.txt']
# loglevel                                : 1
# nbuckets                                : 100000
# null                                    : default
# num_samples                             : 100
# num_threads                             : 0
# output_bed                              : []
# output_counts_pattern                   : analysis/20220621_LocationPatterns/GATresults/HighIsochores0.1/counts/no501invs_femBherer_%s.tsv.gz
# output_filename_pattern                 : %s
# output_force                            : False
# output_order                            : fold
# output_plots_pattern                    : None
# output_samples_pattern                  : None
# output_stats                            : []
# output_tables_pattern                   : %s.tsv.gz
# overlapping_annotations                 : False
# pseudo_count                            : 1.0
# pvalue_method                           : empirical
# qvalue_lambda                           : None
# qvalue_method                           : BH
# qvalue_pi0_method                       : smoother
# random_seed                             : None
# restrict_workspace                      : False
# sample_files                            : []
# sampler                                 : annotator
# segment_files                           : ['analysis/20220621_LocationPatterns/GATfiles/Segments/no501invs.bed']
# shift_expansion                         : 2.0
# shift_extension                         : 0
# short_help                              : None
# stderr                                  : <_io.TextIOWrapper name='<stderr>' mode='w' encoding='utf-8'>
# stdin                                   : <_io.TextIOWrapper name='<stdin>' mode='r' encoding='utf-8'>
# stdlog                                  : <_io.TextIOWrapper name='analysis/20220621_LocationPatterns/GATresults/HighIsochores0.1/log/no501invs_femBherer.log' mode='a' encoding='UTF-8'>
# stdout                                  : <_io.TextIOWrapper name='analysis/20220621_LocationPatterns/GATresults/HighIsochores0.1/tsv/no501invs_femBherer.tsv' mode='w' encoding='UTF-8'>
# timeit_file                             : None
# timeit_header                           : None
# timeit_name                             : all
# truncate_segments_to_workspace          : False
# truncate_workspace_to_annotations       : False
# workspace_files                         : ['analysis/20220621_LocationPatterns/GATfiles/Workspace/workspace_femBherer.bed']
2022-06-21 09:30:30,716 INFO segments: reading tracks from 1 files
2022-06-21 09:30:30,716 INFO segments: read 1 tracks from 1 files
2022-06-21 09:30:30,717 INFO annotations: reading tracks from 1 files
2022-06-21 09:30:30,842 INFO annotations: read 1 tracks from 1 files
2022-06-21 09:30:30,846 INFO workspaces: reading tracks from 1 files
2022-06-21 09:30:30,846 INFO workspaces: read 1 tracks from 1 files
2022-06-21 09:30:30,846 INFO collapsing workspaces
2022-06-21 09:30:30,846 INFO isochores: reading isochores from 1 files
2022-06-21 09:30:30,847 INFO intervals loaded in 0 seconds
2022-06-21 09:30:30,847 INFO adding isochores to workspace
2022-06-21 09:30:30,847 INFO collecting observed counts
2022-06-21 09:30:30,847 INFO starting sampling
2022-06-21 09:30:30,847 INFO sampling: merged: 1/1
2022-06-21 09:30:30,847 INFO performing unconditional sampling
2022-06-21 09:30:30,847 INFO workspace without conditioning: 45 segments, 634433337 nucleotides
2022-06-21 09:30:30,847 INFO workspace after conditioning: 45 segments, 634433337 nucleotides
2022-06-21 09:30:30,847 INFO sampling started
2022-06-21 09:30:30,850 INFO 0/100 done ( 0.00)
2022-06-21 09:30:31,103 INFO sampling completed
2022-06-21 09:30:31,103 INFO sampling finished
2022-06-21 09:30:31,103 INFO computing PValue statistics
2022-06-21 09:30:31,103 INFO writing counts to analysis/20220621_LocationPatterns/GATresults/HighIsochores0.1/counts/no501invs_femBherer_nucleotide-overlap.tsv.gz
2022-06-21 09:30:31,104 INFO computing FDR statistics
# job finished in 0 seconds at Tue Jun 21 09:30:31 2022 --  1.13  0.04  0.00  0.00 -- 6558f127-d371-45ab-938a-c274e15d49f5
