# output generated by /home/rgomez/anaconda3/bin/gat-run.py --segments=analysis/20220621_LocationPatterns/GATfiles/Segments/genomicSuperDups_coords_normal.bed --annotations=analysis/20220621_LocationPatterns/GATfiles/Annotations/annotations_femBherer.bed --output-counts-pattern=analysis/20220621_LocationPatterns/GATresults/WorkspaceHigh0.09_noX/counts/genomicSuperDups_coords_normal_femBherer_%s.tsv.gz --workspace=analysis/20220621_LocationPatterns/GATfiles/Workspace/workspace_femBherer.bed --num-samples=100 --log=analysis/20220621_LocationPatterns/GATresults/WorkspaceHigh0.09_noX/log/genomicSuperDups_coords_normal_femBherer.log --stdout=analysis/20220621_LocationPatterns/GATresults/WorkspaceHigh0.09_noX/tsv/genomicSuperDups_coords_normal_femBherer.tsv
# job started at Tue Jun 21 11:50:11 2022 on rgomez-pc -- 8b753ab9-266d-4d73-ba9f-063a1f5530f6
# pid: 32643, system: Linux 5.3.0-7648-generic #41~1586790036~18.04~600aeb5-Ubuntu SMP Mon Apr 13 17:47:15 UTC  x86_64
# annotation_files                        : ['analysis/20220621_LocationPatterns/GATfiles/Annotations/annotations_femBherer.bed']
# annotations_label                       : None
# annotations_to_points                   : None
# bucket_size                             : 0
# cache                                   : None
# conditional                             : unconditional
# conditional_expansion                   : None
# conditional_extension                   : None
# counters                                : []
# enable_split_tracks                     : False
# ignore_segment_tracks                   : True
# input_filename_counts                   : None
# input_filename_descriptions             : None
# input_filename_results                  : None
# isochore_files                          : None
# loglevel                                : 1
# nbuckets                                : 100000
# null                                    : default
# num_samples                             : 100
# num_threads                             : 0
# output_bed                              : []
# output_counts_pattern                   : analysis/20220621_LocationPatterns/GATresults/WorkspaceHigh0.09_noX/counts/genomicSuperDups_coords_normal_femBherer_%s.tsv.gz
# output_filename_pattern                 : %s
# output_force                            : False
# output_order                            : fold
# output_plots_pattern                    : None
# output_samples_pattern                  : None
# output_stats                            : []
# output_tables_pattern                   : %s.tsv.gz
# overlapping_annotations                 : False
# pseudo_count                            : 1.0
# pvalue_method                           : empirical
# qvalue_lambda                           : None
# qvalue_method                           : BH
# qvalue_pi0_method                       : smoother
# random_seed                             : None
# restrict_workspace                      : False
# sample_files                            : []
# sampler                                 : annotator
# segment_files                           : ['analysis/20220621_LocationPatterns/GATfiles/Segments/genomicSuperDups_coords_normal.bed']
# shift_expansion                         : 2.0
# shift_extension                         : 0
# short_help                              : None
# stderr                                  : <_io.TextIOWrapper name='<stderr>' mode='w' encoding='utf-8'>
# stdin                                   : <_io.TextIOWrapper name='<stdin>' mode='r' encoding='utf-8'>
# stdlog                                  : <_io.TextIOWrapper name='analysis/20220621_LocationPatterns/GATresults/WorkspaceHigh0.09_noX/log/genomicSuperDups_coords_normal_femBherer.log' mode='a' encoding='UTF-8'>
# stdout                                  : <_io.TextIOWrapper name='analysis/20220621_LocationPatterns/GATresults/WorkspaceHigh0.09_noX/tsv/genomicSuperDups_coords_normal_femBherer.tsv' mode='w' encoding='UTF-8'>
# timeit_file                             : None
# timeit_header                           : None
# timeit_name                             : all
# truncate_segments_to_workspace          : False
# truncate_workspace_to_annotations       : False
# workspace_files                         : ['analysis/20220621_LocationPatterns/GATfiles/Workspace/workspace_femBherer.bed']
2022-06-21 11:50:11,377 INFO segments: reading tracks from 1 files
2022-06-21 11:50:11,560 INFO segments: read 1 tracks from 1 files
2022-06-21 11:50:11,565 INFO annotations: reading tracks from 1 files
2022-06-21 11:50:11,905 INFO annotations: read 6 tracks from 1 files
2022-06-21 11:50:11,909 INFO workspaces: reading tracks from 1 files
2022-06-21 11:50:11,910 INFO workspaces: read 1 tracks from 1 files
2022-06-21 11:50:11,910 INFO collapsing workspaces
2022-06-21 11:50:11,910 INFO intervals loaded in 0 seconds
2022-06-21 11:50:11,911 INFO collecting observed counts
2022-06-21 11:50:11,911 INFO starting sampling
2022-06-21 11:50:11,912 INFO sampling: merged: 1/1
2022-06-21 11:50:11,912 INFO performing unconditional sampling
2022-06-21 11:50:11,913 INFO workspace without conditioning: 41 segments, 2826410475 nucleotides
2022-06-21 11:50:11,913 INFO workspace after conditioning: 41 segments, 2826410475 nucleotides
2022-06-21 11:50:11,913 INFO sampling started
2022-06-21 11:50:12,010 INFO 0/100 done ( 0.00)
2022-06-21 11:50:21,061 INFO sampling completed
2022-06-21 11:50:21,061 INFO sampling finished
2022-06-21 11:50:21,061 INFO computing PValue statistics
2022-06-21 11:50:21,063 INFO writing counts to analysis/20220621_LocationPatterns/GATresults/WorkspaceHigh0.09_noX/counts/genomicSuperDups_coords_normal_femBherer_nucleotide-overlap.tsv.gz
2022-06-21 11:50:21,063 INFO computing FDR statistics
# job finished in 9 seconds at Tue Jun 21 11:50:21 2022 -- 10.57  0.07  0.00  0.00 -- 8b753ab9-266d-4d73-ba9f-063a1f5530f6
