# output generated by /home/rgomez/anaconda3/bin/gat-run.py --annotations=analysis/20220621_LocationPatterns/GATfiles/Segments/HFNAHRno501invs.bed --segments=analysis/20220621_LocationPatterns/GATfiles/Annotations/genomicSuperDups_coords_normal.bed --output-counts-pattern=analysis/20220621_LocationPatterns/GATresults/WorkspaceHigh0.09_noX/counts/HFNAHRno501invs_avgBherer_%s.tsv.gz --workspace=analysis/20220621_LocationPatterns/GATfiles/Isochores/genomicSuperDups_COzones_0.09/windows.txt --num-samples=100 --log=analysis/20220621_LocationPatterns/GATresults/WorkspaceHigh0.09_noX/log/HFNAHRno501invs_avgBherer.log --stdout=analysis/20220621_LocationPatterns/GATresults/WorkspaceHigh0.09_noX/tsv/HFNAHRno501invs_avgBherer.tsv
# job started at Tue Jun 21 11:22:31 2022 on rgomez-pc -- c2ddc560-561c-4b61-9e47-7adf6035c39e
# pid: 27513, system: Linux 5.3.0-7648-generic #41~1586790036~18.04~600aeb5-Ubuntu SMP Mon Apr 13 17:47:15 UTC  x86_64
# annotation_files                        : ['analysis/20220621_LocationPatterns/GATfiles/Segments/HFNAHRno501invs.bed']
# annotations_label                       : None
# annotations_to_points                   : None
# bucket_size                             : 0
# cache                                   : None
# conditional                             : unconditional
# conditional_expansion                   : None
# conditional_extension                   : None
# counters                                : []
# enable_split_tracks                     : False
# ignore_segment_tracks                   : True
# input_filename_counts                   : None
# input_filename_descriptions             : None
# input_filename_results                  : None
# isochore_files                          : None
# loglevel                                : 1
# nbuckets                                : 100000
# null                                    : default
# num_samples                             : 100
# num_threads                             : 0
# output_bed                              : []
# output_counts_pattern                   : analysis/20220621_LocationPatterns/GATresults/WorkspaceHigh0.09_noX/counts/HFNAHRno501invs_avgBherer_%s.tsv.gz
# output_filename_pattern                 : %s
# output_force                            : False
# output_order                            : fold
# output_plots_pattern                    : None
# output_samples_pattern                  : None
# output_stats                            : []
# output_tables_pattern                   : %s.tsv.gz
# overlapping_annotations                 : False
# pseudo_count                            : 1.0
# pvalue_method                           : empirical
# qvalue_lambda                           : None
# qvalue_method                           : BH
# qvalue_pi0_method                       : smoother
# random_seed                             : None
# restrict_workspace                      : False
# sample_files                            : []
# sampler                                 : annotator
# segment_files                           : ['analysis/20220621_LocationPatterns/GATfiles/Annotations/genomicSuperDups_coords_normal.bed']
# shift_expansion                         : 2.0
# shift_extension                         : 0
# short_help                              : None
# stderr                                  : <_io.TextIOWrapper name='<stderr>' mode='w' encoding='utf-8'>
# stdin                                   : <_io.TextIOWrapper name='<stdin>' mode='r' encoding='utf-8'>
# stdlog                                  : <_io.TextIOWrapper name='analysis/20220621_LocationPatterns/GATresults/WorkspaceHigh0.09_noX/log/HFNAHRno501invs_avgBherer.log' mode='a' encoding='UTF-8'>
# stdout                                  : <_io.TextIOWrapper name='analysis/20220621_LocationPatterns/GATresults/WorkspaceHigh0.09_noX/tsv/HFNAHRno501invs_avgBherer.tsv' mode='w' encoding='UTF-8'>
# timeit_file                             : None
# timeit_header                           : None
# timeit_name                             : all
# truncate_segments_to_workspace          : False
# truncate_workspace_to_annotations       : False
# workspace_files                         : ['analysis/20220621_LocationPatterns/GATfiles/Isochores/genomicSuperDups_COzones_0.09/windows.txt']
2022-06-21 11:22:31,494 INFO segments: reading tracks from 1 files
2022-06-21 11:22:31,606 INFO segments: read 1 tracks from 1 files
2022-06-21 11:22:31,610 INFO annotations: reading tracks from 1 files
2022-06-21 11:22:31,610 INFO annotations: read 29 tracks from 1 files
2022-06-21 11:22:31,610 INFO workspaces: reading tracks from 1 files
2022-06-21 11:22:31,611 INFO workspaces: read 2 tracks from 1 files
2022-06-21 11:22:31,611 INFO collapsing workspaces
2022-06-21 11:22:31,611 INFO intervals loaded in 0 seconds
2022-06-21 11:22:31,611 INFO collecting observed counts
2022-06-21 11:22:31,611 INFO starting sampling
2022-06-21 11:22:31,611 INFO sampling: merged: 1/1
2022-06-21 11:22:31,611 INFO performing unconditional sampling
2022-06-21 11:22:31,612 INFO workspace without conditioning: 0 segments, 0 nucleotides
2022-06-21 11:22:31,612 INFO workspace after conditioning: 0 segments, 0 nucleotides
2022-06-21 11:22:31,612 WARNING empty workspace - no computation performed
2022-06-21 11:22:31,612 INFO sampling finished
2022-06-21 11:22:31,612 INFO computing PValue statistics
2022-06-21 11:22:31,612 INFO writing counts to analysis/20220621_LocationPatterns/GATresults/WorkspaceHigh0.09_noX/counts/HFNAHRno501invs_avgBherer_nucleotide-overlap.tsv.gz
2022-06-21 11:22:31,612 INFO computing FDR statistics
# job finished in 0 seconds at Tue Jun 21 11:22:31 2022 --  0.86  0.04  0.00  0.00 -- c2ddc560-561c-4b61-9e47-7adf6035c39e
# output generated by /home/rgomez/anaconda3/bin/gat-run.py --annotations=analysis/20220621_LocationPatterns/GATfiles/Segments/HFNAHRno501invs.bed --segments=analysis/20220621_LocationPatterns/GATfiles/Annotations/genomicSuperDups_coords_normal.bed --output-counts-pattern=analysis/20220621_LocationPatterns/GATresults/WorkspaceHigh0.09_noX/counts/HFNAHRno501invs_avgBherer_%s.tsv.gz --workspace=analysis/20220621_LocationPatterns/GATfiles/Workspace/workspace_avgBherer.bed --num-samples=100 --log=analysis/20220621_LocationPatterns/GATresults/WorkspaceHigh0.09_noX/log/HFNAHRno501invs_avgBherer.log --stdout=analysis/20220621_LocationPatterns/GATresults/WorkspaceHigh0.09_noX/tsv/HFNAHRno501invs_avgBherer.tsv
# job started at Tue Jun 21 11:25:44 2022 on rgomez-pc -- 4943edfb-69ff-46b7-a168-a49cf126418b
# pid: 28184, system: Linux 5.3.0-7648-generic #41~1586790036~18.04~600aeb5-Ubuntu SMP Mon Apr 13 17:47:15 UTC  x86_64
# annotation_files                        : ['analysis/20220621_LocationPatterns/GATfiles/Segments/HFNAHRno501invs.bed']
# annotations_label                       : None
# annotations_to_points                   : None
# bucket_size                             : 0
# cache                                   : None
# conditional                             : unconditional
# conditional_expansion                   : None
# conditional_extension                   : None
# counters                                : []
# enable_split_tracks                     : False
# ignore_segment_tracks                   : True
# input_filename_counts                   : None
# input_filename_descriptions             : None
# input_filename_results                  : None
# isochore_files                          : None
# loglevel                                : 1
# nbuckets                                : 100000
# null                                    : default
# num_samples                             : 100
# num_threads                             : 0
# output_bed                              : []
# output_counts_pattern                   : analysis/20220621_LocationPatterns/GATresults/WorkspaceHigh0.09_noX/counts/HFNAHRno501invs_avgBherer_%s.tsv.gz
# output_filename_pattern                 : %s
# output_force                            : False
# output_order                            : fold
# output_plots_pattern                    : None
# output_samples_pattern                  : None
# output_stats                            : []
# output_tables_pattern                   : %s.tsv.gz
# overlapping_annotations                 : False
# pseudo_count                            : 1.0
# pvalue_method                           : empirical
# qvalue_lambda                           : None
# qvalue_method                           : BH
# qvalue_pi0_method                       : smoother
# random_seed                             : None
# restrict_workspace                      : False
# sample_files                            : []
# sampler                                 : annotator
# segment_files                           : ['analysis/20220621_LocationPatterns/GATfiles/Annotations/genomicSuperDups_coords_normal.bed']
# shift_expansion                         : 2.0
# shift_extension                         : 0
# short_help                              : None
# stderr                                  : <_io.TextIOWrapper name='<stderr>' mode='w' encoding='utf-8'>
# stdin                                   : <_io.TextIOWrapper name='<stdin>' mode='r' encoding='utf-8'>
# stdlog                                  : <_io.TextIOWrapper name='analysis/20220621_LocationPatterns/GATresults/WorkspaceHigh0.09_noX/log/HFNAHRno501invs_avgBherer.log' mode='a' encoding='UTF-8'>
# stdout                                  : <_io.TextIOWrapper name='analysis/20220621_LocationPatterns/GATresults/WorkspaceHigh0.09_noX/tsv/HFNAHRno501invs_avgBherer.tsv' mode='w' encoding='UTF-8'>
# timeit_file                             : None
# timeit_header                           : None
# timeit_name                             : all
# truncate_segments_to_workspace          : False
# truncate_workspace_to_annotations       : False
# workspace_files                         : ['analysis/20220621_LocationPatterns/GATfiles/Workspace/workspace_avgBherer.bed']
2022-06-21 11:25:44,138 INFO segments: reading tracks from 1 files
2022-06-21 11:25:44,249 INFO segments: read 1 tracks from 1 files
2022-06-21 11:25:44,253 INFO annotations: reading tracks from 1 files
2022-06-21 11:25:44,253 INFO annotations: read 29 tracks from 1 files
2022-06-21 11:25:44,253 INFO workspaces: reading tracks from 1 files
2022-06-21 11:25:44,253 INFO workspaces: read 1 tracks from 1 files
2022-06-21 11:25:44,253 INFO collapsing workspaces
2022-06-21 11:25:44,253 INFO intervals loaded in 0 seconds
2022-06-21 11:25:44,253 INFO collecting observed counts
2022-06-21 11:25:44,254 INFO starting sampling
2022-06-21 11:25:44,254 INFO sampling: merged: 1/1
2022-06-21 11:25:44,254 INFO performing unconditional sampling
2022-06-21 11:25:44,254 INFO workspace without conditioning: 39 segments, 2678195140 nucleotides
2022-06-21 11:25:44,254 INFO workspace after conditioning: 39 segments, 2678195140 nucleotides
2022-06-21 11:25:44,254 INFO sampling started
2022-06-21 11:25:44,336 INFO 0/100 done ( 0.00)
2022-06-21 11:25:51,977 INFO sampling completed
2022-06-21 11:25:51,978 INFO sampling finished
2022-06-21 11:25:51,978 INFO computing PValue statistics
2022-06-21 11:25:51,982 INFO writing counts to analysis/20220621_LocationPatterns/GATresults/WorkspaceHigh0.09_noX/counts/HFNAHRno501invs_avgBherer_nucleotide-overlap.tsv.gz
2022-06-21 11:25:51,983 INFO computing FDR statistics
# job finished in 7 seconds at Tue Jun 21 11:25:51 2022 --  8.59  0.03  0.00  0.00 -- 4943edfb-69ff-46b7-a168-a49cf126418b
# output generated by /home/rgomez/anaconda3/bin/gat-run.py --segments=analysis/20220621_LocationPatterns/GATfiles/Segments/HFNAHRno501invs.bed --annotations=analysis/20220621_LocationPatterns/GATfiles/Annotations/annotations_avgBherer.bed --output-counts-pattern=analysis/20220621_LocationPatterns/GATresults/WorkspaceHigh0.09_noX/counts/HFNAHRno501invs_avgBherer_%s.tsv.gz --workspace=analysis/20220621_LocationPatterns/GATfiles/Workspace/workspace_avgBherer.bed --num-samples=100 --log=analysis/20220621_LocationPatterns/GATresults/WorkspaceHigh0.09_noX/log/HFNAHRno501invs_avgBherer.log --stdout=analysis/20220621_LocationPatterns/GATresults/WorkspaceHigh0.09_noX/tsv/HFNAHRno501invs_avgBherer.tsv
# job started at Tue Jun 21 11:50:34 2022 on rgomez-pc -- 7d3fd6b3-aacb-4add-9369-fcb0c075276d
# pid: 32712, system: Linux 5.3.0-7648-generic #41~1586790036~18.04~600aeb5-Ubuntu SMP Mon Apr 13 17:47:15 UTC  x86_64
# annotation_files                        : ['analysis/20220621_LocationPatterns/GATfiles/Annotations/annotations_avgBherer.bed']
# annotations_label                       : None
# annotations_to_points                   : None
# bucket_size                             : 0
# cache                                   : None
# conditional                             : unconditional
# conditional_expansion                   : None
# conditional_extension                   : None
# counters                                : []
# enable_split_tracks                     : False
# ignore_segment_tracks                   : True
# input_filename_counts                   : None
# input_filename_descriptions             : None
# input_filename_results                  : None
# isochore_files                          : None
# loglevel                                : 1
# nbuckets                                : 100000
# null                                    : default
# num_samples                             : 100
# num_threads                             : 0
# output_bed                              : []
# output_counts_pattern                   : analysis/20220621_LocationPatterns/GATresults/WorkspaceHigh0.09_noX/counts/HFNAHRno501invs_avgBherer_%s.tsv.gz
# output_filename_pattern                 : %s
# output_force                            : False
# output_order                            : fold
# output_plots_pattern                    : None
# output_samples_pattern                  : None
# output_stats                            : []
# output_tables_pattern                   : %s.tsv.gz
# overlapping_annotations                 : False
# pseudo_count                            : 1.0
# pvalue_method                           : empirical
# qvalue_lambda                           : None
# qvalue_method                           : BH
# qvalue_pi0_method                       : smoother
# random_seed                             : None
# restrict_workspace                      : False
# sample_files                            : []
# sampler                                 : annotator
# segment_files                           : ['analysis/20220621_LocationPatterns/GATfiles/Segments/HFNAHRno501invs.bed']
# shift_expansion                         : 2.0
# shift_extension                         : 0
# short_help                              : None
# stderr                                  : <_io.TextIOWrapper name='<stderr>' mode='w' encoding='utf-8'>
# stdin                                   : <_io.TextIOWrapper name='<stdin>' mode='r' encoding='utf-8'>
# stdlog                                  : <_io.TextIOWrapper name='analysis/20220621_LocationPatterns/GATresults/WorkspaceHigh0.09_noX/log/HFNAHRno501invs_avgBherer.log' mode='a' encoding='UTF-8'>
# stdout                                  : <_io.TextIOWrapper name='analysis/20220621_LocationPatterns/GATresults/WorkspaceHigh0.09_noX/tsv/HFNAHRno501invs_avgBherer.tsv' mode='w' encoding='UTF-8'>
# timeit_file                             : None
# timeit_header                           : None
# timeit_name                             : all
# truncate_segments_to_workspace          : False
# truncate_workspace_to_annotations       : False
# workspace_files                         : ['analysis/20220621_LocationPatterns/GATfiles/Workspace/workspace_avgBherer.bed']
2022-06-21 11:50:34,642 INFO segments: reading tracks from 1 files
2022-06-21 11:50:34,643 INFO segments: read 1 tracks from 1 files
2022-06-21 11:50:34,643 INFO annotations: reading tracks from 1 files
2022-06-21 11:50:34,946 INFO annotations: read 6 tracks from 1 files
2022-06-21 11:50:34,949 INFO workspaces: reading tracks from 1 files
2022-06-21 11:50:34,950 INFO workspaces: read 1 tracks from 1 files
2022-06-21 11:50:34,950 INFO collapsing workspaces
2022-06-21 11:50:34,950 INFO intervals loaded in 0 seconds
2022-06-21 11:50:34,951 INFO collecting observed counts
2022-06-21 11:50:34,951 INFO starting sampling
2022-06-21 11:50:34,951 INFO sampling: merged: 1/1
2022-06-21 11:50:34,951 INFO performing unconditional sampling
2022-06-21 11:50:34,953 INFO workspace without conditioning: 39 segments, 2678195140 nucleotides
2022-06-21 11:50:34,953 INFO workspace after conditioning: 39 segments, 2678195140 nucleotides
2022-06-21 11:50:34,953 INFO sampling started
2022-06-21 11:50:34,959 INFO 0/100 done ( 0.00)
2022-06-21 11:50:35,278 INFO sampling completed
2022-06-21 11:50:35,278 INFO sampling finished
2022-06-21 11:50:35,278 INFO computing PValue statistics
2022-06-21 11:50:35,279 INFO writing counts to analysis/20220621_LocationPatterns/GATresults/WorkspaceHigh0.09_noX/counts/HFNAHRno501invs_avgBherer_nucleotide-overlap.tsv.gz
2022-06-21 11:50:35,280 INFO computing FDR statistics
# job finished in 0 seconds at Tue Jun 21 11:50:35 2022 --  1.47  0.06  0.00  0.00 -- 7d3fd6b3-aacb-4add-9369-fcb0c075276d
