# output generated by /home/rgomez/anaconda3/bin/gat-run.py --annotations=analysis/20220621_LocationPatterns/GATfiles/Segments/HFNAHRno501invs.bed --segments=analysis/20220621_LocationPatterns/GATfiles/Annotations/genomicSuperDups_coords_normal.bed --output-counts-pattern=analysis/20220621_LocationPatterns/GATresults/WorkspaceHigh0.09_noX/counts/HFNAHRno501invs_femBherer_%s.tsv.gz --workspace=analysis/20220621_LocationPatterns/GATfiles/Isochores/genomicSuperDups_COzones_0.09/windows.txt --num-samples=100 --log=analysis/20220621_LocationPatterns/GATresults/WorkspaceHigh0.09_noX/log/HFNAHRno501invs_femBherer.log --stdout=analysis/20220621_LocationPatterns/GATresults/WorkspaceHigh0.09_noX/tsv/HFNAHRno501invs_femBherer.tsv
# job started at Tue Jun 21 11:22:32 2022 on rgomez-pc -- ef7288ec-80eb-4931-94b4-51d96f27ce1e
# pid: 27517, system: Linux 5.3.0-7648-generic #41~1586790036~18.04~600aeb5-Ubuntu SMP Mon Apr 13 17:47:15 UTC  x86_64
# annotation_files                        : ['analysis/20220621_LocationPatterns/GATfiles/Segments/HFNAHRno501invs.bed']
# annotations_label                       : None
# annotations_to_points                   : None
# bucket_size                             : 0
# cache                                   : None
# conditional                             : unconditional
# conditional_expansion                   : None
# conditional_extension                   : None
# counters                                : []
# enable_split_tracks                     : False
# ignore_segment_tracks                   : True
# input_filename_counts                   : None
# input_filename_descriptions             : None
# input_filename_results                  : None
# isochore_files                          : None
# loglevel                                : 1
# nbuckets                                : 100000
# null                                    : default
# num_samples                             : 100
# num_threads                             : 0
# output_bed                              : []
# output_counts_pattern                   : analysis/20220621_LocationPatterns/GATresults/WorkspaceHigh0.09_noX/counts/HFNAHRno501invs_femBherer_%s.tsv.gz
# output_filename_pattern                 : %s
# output_force                            : False
# output_order                            : fold
# output_plots_pattern                    : None
# output_samples_pattern                  : None
# output_stats                            : []
# output_tables_pattern                   : %s.tsv.gz
# overlapping_annotations                 : False
# pseudo_count                            : 1.0
# pvalue_method                           : empirical
# qvalue_lambda                           : None
# qvalue_method                           : BH
# qvalue_pi0_method                       : smoother
# random_seed                             : None
# restrict_workspace                      : False
# sample_files                            : []
# sampler                                 : annotator
# segment_files                           : ['analysis/20220621_LocationPatterns/GATfiles/Annotations/genomicSuperDups_coords_normal.bed']
# shift_expansion                         : 2.0
# shift_extension                         : 0
# short_help                              : None
# stderr                                  : <_io.TextIOWrapper name='<stderr>' mode='w' encoding='utf-8'>
# stdin                                   : <_io.TextIOWrapper name='<stdin>' mode='r' encoding='utf-8'>
# stdlog                                  : <_io.TextIOWrapper name='analysis/20220621_LocationPatterns/GATresults/WorkspaceHigh0.09_noX/log/HFNAHRno501invs_femBherer.log' mode='a' encoding='UTF-8'>
# stdout                                  : <_io.TextIOWrapper name='analysis/20220621_LocationPatterns/GATresults/WorkspaceHigh0.09_noX/tsv/HFNAHRno501invs_femBherer.tsv' mode='w' encoding='UTF-8'>
# timeit_file                             : None
# timeit_header                           : None
# timeit_name                             : all
# truncate_segments_to_workspace          : False
# truncate_workspace_to_annotations       : False
# workspace_files                         : ['analysis/20220621_LocationPatterns/GATfiles/Isochores/genomicSuperDups_COzones_0.09/windows.txt']
2022-06-21 11:22:32,540 INFO segments: reading tracks from 1 files
2022-06-21 11:22:32,656 INFO segments: read 1 tracks from 1 files
2022-06-21 11:22:32,659 INFO annotations: reading tracks from 1 files
2022-06-21 11:22:32,660 INFO annotations: read 29 tracks from 1 files
2022-06-21 11:22:32,660 INFO workspaces: reading tracks from 1 files
2022-06-21 11:22:32,660 INFO workspaces: read 2 tracks from 1 files
2022-06-21 11:22:32,660 INFO collapsing workspaces
2022-06-21 11:22:32,660 INFO intervals loaded in 0 seconds
2022-06-21 11:22:32,660 INFO collecting observed counts
2022-06-21 11:22:32,661 INFO starting sampling
2022-06-21 11:22:32,661 INFO sampling: merged: 1/1
2022-06-21 11:22:32,661 INFO performing unconditional sampling
2022-06-21 11:22:32,661 INFO workspace without conditioning: 0 segments, 0 nucleotides
2022-06-21 11:22:32,661 INFO workspace after conditioning: 0 segments, 0 nucleotides
2022-06-21 11:22:32,661 WARNING empty workspace - no computation performed
2022-06-21 11:22:32,661 INFO sampling finished
2022-06-21 11:22:32,661 INFO computing PValue statistics
2022-06-21 11:22:32,662 INFO writing counts to analysis/20220621_LocationPatterns/GATresults/WorkspaceHigh0.09_noX/counts/HFNAHRno501invs_femBherer_nucleotide-overlap.tsv.gz
2022-06-21 11:22:32,662 INFO computing FDR statistics
# job finished in 0 seconds at Tue Jun 21 11:22:32 2022 --  0.90  0.04  0.00  0.00 -- ef7288ec-80eb-4931-94b4-51d96f27ce1e
# output generated by /home/rgomez/anaconda3/bin/gat-run.py --annotations=analysis/20220621_LocationPatterns/GATfiles/Segments/HFNAHRno501invs.bed --segments=analysis/20220621_LocationPatterns/GATfiles/Annotations/genomicSuperDups_coords_normal.bed --output-counts-pattern=analysis/20220621_LocationPatterns/GATresults/WorkspaceHigh0.09_noX/counts/HFNAHRno501invs_femBherer_%s.tsv.gz --workspace=analysis/20220621_LocationPatterns/GATfiles/Workspace/workspace_femBherer.bed --num-samples=100 --log=analysis/20220621_LocationPatterns/GATresults/WorkspaceHigh0.09_noX/log/HFNAHRno501invs_femBherer.log --stdout=analysis/20220621_LocationPatterns/GATresults/WorkspaceHigh0.09_noX/tsv/HFNAHRno501invs_femBherer.tsv
# job started at Tue Jun 21 11:25:52 2022 on rgomez-pc -- b83a7d3f-38a1-4a3e-bb26-76637ab6acb0
# pid: 28186, system: Linux 5.3.0-7648-generic #41~1586790036~18.04~600aeb5-Ubuntu SMP Mon Apr 13 17:47:15 UTC  x86_64
# annotation_files                        : ['analysis/20220621_LocationPatterns/GATfiles/Segments/HFNAHRno501invs.bed']
# annotations_label                       : None
# annotations_to_points                   : None
# bucket_size                             : 0
# cache                                   : None
# conditional                             : unconditional
# conditional_expansion                   : None
# conditional_extension                   : None
# counters                                : []
# enable_split_tracks                     : False
# ignore_segment_tracks                   : True
# input_filename_counts                   : None
# input_filename_descriptions             : None
# input_filename_results                  : None
# isochore_files                          : None
# loglevel                                : 1
# nbuckets                                : 100000
# null                                    : default
# num_samples                             : 100
# num_threads                             : 0
# output_bed                              : []
# output_counts_pattern                   : analysis/20220621_LocationPatterns/GATresults/WorkspaceHigh0.09_noX/counts/HFNAHRno501invs_femBherer_%s.tsv.gz
# output_filename_pattern                 : %s
# output_force                            : False
# output_order                            : fold
# output_plots_pattern                    : None
# output_samples_pattern                  : None
# output_stats                            : []
# output_tables_pattern                   : %s.tsv.gz
# overlapping_annotations                 : False
# pseudo_count                            : 1.0
# pvalue_method                           : empirical
# qvalue_lambda                           : None
# qvalue_method                           : BH
# qvalue_pi0_method                       : smoother
# random_seed                             : None
# restrict_workspace                      : False
# sample_files                            : []
# sampler                                 : annotator
# segment_files                           : ['analysis/20220621_LocationPatterns/GATfiles/Annotations/genomicSuperDups_coords_normal.bed']
# shift_expansion                         : 2.0
# shift_extension                         : 0
# short_help                              : None
# stderr                                  : <_io.TextIOWrapper name='<stderr>' mode='w' encoding='utf-8'>
# stdin                                   : <_io.TextIOWrapper name='<stdin>' mode='r' encoding='utf-8'>
# stdlog                                  : <_io.TextIOWrapper name='analysis/20220621_LocationPatterns/GATresults/WorkspaceHigh0.09_noX/log/HFNAHRno501invs_femBherer.log' mode='a' encoding='UTF-8'>
# stdout                                  : <_io.TextIOWrapper name='analysis/20220621_LocationPatterns/GATresults/WorkspaceHigh0.09_noX/tsv/HFNAHRno501invs_femBherer.tsv' mode='w' encoding='UTF-8'>
# timeit_file                             : None
# timeit_header                           : None
# timeit_name                             : all
# truncate_segments_to_workspace          : False
# truncate_workspace_to_annotations       : False
# workspace_files                         : ['analysis/20220621_LocationPatterns/GATfiles/Workspace/workspace_femBherer.bed']
2022-06-21 11:25:52,853 INFO segments: reading tracks from 1 files
2022-06-21 11:25:52,965 INFO segments: read 1 tracks from 1 files
2022-06-21 11:25:52,968 INFO annotations: reading tracks from 1 files
2022-06-21 11:25:52,969 INFO annotations: read 29 tracks from 1 files
2022-06-21 11:25:52,969 INFO workspaces: reading tracks from 1 files
2022-06-21 11:25:52,969 INFO workspaces: read 1 tracks from 1 files
2022-06-21 11:25:52,969 INFO collapsing workspaces
2022-06-21 11:25:52,969 INFO intervals loaded in 0 seconds
2022-06-21 11:25:52,969 INFO collecting observed counts
2022-06-21 11:25:52,970 INFO starting sampling
2022-06-21 11:25:52,970 INFO sampling: merged: 1/1
2022-06-21 11:25:52,970 INFO performing unconditional sampling
2022-06-21 11:25:52,970 INFO workspace without conditioning: 41 segments, 2826410475 nucleotides
2022-06-21 11:25:52,970 INFO workspace after conditioning: 41 segments, 2826410475 nucleotides
2022-06-21 11:25:52,970 INFO sampling started
2022-06-21 11:25:53,044 INFO 0/100 done ( 0.00)
2022-06-21 11:26:00,697 INFO sampling completed
2022-06-21 11:26:00,698 INFO sampling finished
2022-06-21 11:26:00,698 INFO computing PValue statistics
2022-06-21 11:26:00,702 INFO writing counts to analysis/20220621_LocationPatterns/GATresults/WorkspaceHigh0.09_noX/counts/HFNAHRno501invs_femBherer_nucleotide-overlap.tsv.gz
2022-06-21 11:26:00,704 INFO computing FDR statistics
# job finished in 7 seconds at Tue Jun 21 11:26:00 2022 --  8.58  0.03  0.00  0.00 -- b83a7d3f-38a1-4a3e-bb26-76637ab6acb0
# output generated by /home/rgomez/anaconda3/bin/gat-run.py --segments=analysis/20220621_LocationPatterns/GATfiles/Segments/HFNAHRno501invs.bed --annotations=analysis/20220621_LocationPatterns/GATfiles/Annotations/annotations_femBherer.bed --output-counts-pattern=analysis/20220621_LocationPatterns/GATresults/WorkspaceHigh0.09_noX/counts/HFNAHRno501invs_femBherer_%s.tsv.gz --workspace=analysis/20220621_LocationPatterns/GATfiles/Workspace/workspace_femBherer.bed --num-samples=100 --log=analysis/20220621_LocationPatterns/GATresults/WorkspaceHigh0.09_noX/log/HFNAHRno501invs_femBherer.log --stdout=analysis/20220621_LocationPatterns/GATresults/WorkspaceHigh0.09_noX/tsv/HFNAHRno501invs_femBherer.tsv
# job started at Tue Jun 21 11:50:36 2022 on rgomez-pc -- 07bd0802-7538-44c4-8f90-9c1a87206a25
# pid: 32714, system: Linux 5.3.0-7648-generic #41~1586790036~18.04~600aeb5-Ubuntu SMP Mon Apr 13 17:47:15 UTC  x86_64
# annotation_files                        : ['analysis/20220621_LocationPatterns/GATfiles/Annotations/annotations_femBherer.bed']
# annotations_label                       : None
# annotations_to_points                   : None
# bucket_size                             : 0
# cache                                   : None
# conditional                             : unconditional
# conditional_expansion                   : None
# conditional_extension                   : None
# counters                                : []
# enable_split_tracks                     : False
# ignore_segment_tracks                   : True
# input_filename_counts                   : None
# input_filename_descriptions             : None
# input_filename_results                  : None
# isochore_files                          : None
# loglevel                                : 1
# nbuckets                                : 100000
# null                                    : default
# num_samples                             : 100
# num_threads                             : 0
# output_bed                              : []
# output_counts_pattern                   : analysis/20220621_LocationPatterns/GATresults/WorkspaceHigh0.09_noX/counts/HFNAHRno501invs_femBherer_%s.tsv.gz
# output_filename_pattern                 : %s
# output_force                            : False
# output_order                            : fold
# output_plots_pattern                    : None
# output_samples_pattern                  : None
# output_stats                            : []
# output_tables_pattern                   : %s.tsv.gz
# overlapping_annotations                 : False
# pseudo_count                            : 1.0
# pvalue_method                           : empirical
# qvalue_lambda                           : None
# qvalue_method                           : BH
# qvalue_pi0_method                       : smoother
# random_seed                             : None
# restrict_workspace                      : False
# sample_files                            : []
# sampler                                 : annotator
# segment_files                           : ['analysis/20220621_LocationPatterns/GATfiles/Segments/HFNAHRno501invs.bed']
# shift_expansion                         : 2.0
# shift_extension                         : 0
# short_help                              : None
# stderr                                  : <_io.TextIOWrapper name='<stderr>' mode='w' encoding='utf-8'>
# stdin                                   : <_io.TextIOWrapper name='<stdin>' mode='r' encoding='utf-8'>
# stdlog                                  : <_io.TextIOWrapper name='analysis/20220621_LocationPatterns/GATresults/WorkspaceHigh0.09_noX/log/HFNAHRno501invs_femBherer.log' mode='a' encoding='UTF-8'>
# stdout                                  : <_io.TextIOWrapper name='analysis/20220621_LocationPatterns/GATresults/WorkspaceHigh0.09_noX/tsv/HFNAHRno501invs_femBherer.tsv' mode='w' encoding='UTF-8'>
# timeit_file                             : None
# timeit_header                           : None
# timeit_name                             : all
# truncate_segments_to_workspace          : False
# truncate_workspace_to_annotations       : False
# workspace_files                         : ['analysis/20220621_LocationPatterns/GATfiles/Workspace/workspace_femBherer.bed']
2022-06-21 11:50:36,273 INFO segments: reading tracks from 1 files
2022-06-21 11:50:36,273 INFO segments: read 1 tracks from 1 files
2022-06-21 11:50:36,273 INFO annotations: reading tracks from 1 files
2022-06-21 11:50:36,565 INFO annotations: read 6 tracks from 1 files
2022-06-21 11:50:36,570 INFO workspaces: reading tracks from 1 files
2022-06-21 11:50:36,570 INFO workspaces: read 1 tracks from 1 files
2022-06-21 11:50:36,570 INFO collapsing workspaces
2022-06-21 11:50:36,570 INFO intervals loaded in 0 seconds
2022-06-21 11:50:36,571 INFO collecting observed counts
2022-06-21 11:50:36,572 INFO starting sampling
2022-06-21 11:50:36,572 INFO sampling: merged: 1/1
2022-06-21 11:50:36,572 INFO performing unconditional sampling
2022-06-21 11:50:36,573 INFO workspace without conditioning: 41 segments, 2826410475 nucleotides
2022-06-21 11:50:36,574 INFO workspace after conditioning: 41 segments, 2826410475 nucleotides
2022-06-21 11:50:36,574 INFO sampling started
2022-06-21 11:50:36,579 INFO 0/100 done ( 0.00)
2022-06-21 11:50:36,921 INFO sampling completed
2022-06-21 11:50:36,921 INFO sampling finished
2022-06-21 11:50:36,921 INFO computing PValue statistics
2022-06-21 11:50:36,923 INFO writing counts to analysis/20220621_LocationPatterns/GATresults/WorkspaceHigh0.09_noX/counts/HFNAHRno501invs_femBherer_nucleotide-overlap.tsv.gz
2022-06-21 11:50:36,924 INFO computing FDR statistics
# job finished in 0 seconds at Tue Jun 21 11:50:36 2022 --  1.47  0.04  0.00  0.00 -- 07bd0802-7538-44c4-8f90-9c1a87206a25
