# output generated by /home/rgomez/anaconda3/bin/gat-run.py --annotations=analysis/20220621_LocationPatterns/GATfiles/Segments/HFNAHRinvs.bed --segments=analysis/20220621_LocationPatterns/GATfiles/Annotations/genomicSuperDups_coords_normal.bed --output-counts-pattern=analysis/20220621_LocationPatterns/GATresults/WorkspaceHigh0.09_noX/counts/HFNAHRinvs_femBherer_%s.tsv.gz --workspace=analysis/20220621_LocationPatterns/GATfiles/Isochores/genomicSuperDups_COzones_0.09/windows.txt --num-samples=100 --log=analysis/20220621_LocationPatterns/GATresults/WorkspaceHigh0.09_noX/log/HFNAHRinvs_femBherer.log --stdout=analysis/20220621_LocationPatterns/GATresults/WorkspaceHigh0.09_noX/tsv/HFNAHRinvs_femBherer.tsv
# job started at Tue Jun 21 11:22:29 2022 on rgomez-pc -- ae3c6a85-8564-4808-aa44-48478425c79e
# pid: 27503, system: Linux 5.3.0-7648-generic #41~1586790036~18.04~600aeb5-Ubuntu SMP Mon Apr 13 17:47:15 UTC  x86_64
# annotation_files                        : ['analysis/20220621_LocationPatterns/GATfiles/Segments/HFNAHRinvs.bed']
# annotations_label                       : None
# annotations_to_points                   : None
# bucket_size                             : 0
# cache                                   : None
# conditional                             : unconditional
# conditional_expansion                   : None
# conditional_extension                   : None
# counters                                : []
# enable_split_tracks                     : False
# ignore_segment_tracks                   : True
# input_filename_counts                   : None
# input_filename_descriptions             : None
# input_filename_results                  : None
# isochore_files                          : None
# loglevel                                : 1
# nbuckets                                : 100000
# null                                    : default
# num_samples                             : 100
# num_threads                             : 0
# output_bed                              : []
# output_counts_pattern                   : analysis/20220621_LocationPatterns/GATresults/WorkspaceHigh0.09_noX/counts/HFNAHRinvs_femBherer_%s.tsv.gz
# output_filename_pattern                 : %s
# output_force                            : False
# output_order                            : fold
# output_plots_pattern                    : None
# output_samples_pattern                  : None
# output_stats                            : []
# output_tables_pattern                   : %s.tsv.gz
# overlapping_annotations                 : False
# pseudo_count                            : 1.0
# pvalue_method                           : empirical
# qvalue_lambda                           : None
# qvalue_method                           : BH
# qvalue_pi0_method                       : smoother
# random_seed                             : None
# restrict_workspace                      : False
# sample_files                            : []
# sampler                                 : annotator
# segment_files                           : ['analysis/20220621_LocationPatterns/GATfiles/Annotations/genomicSuperDups_coords_normal.bed']
# shift_expansion                         : 2.0
# shift_extension                         : 0
# short_help                              : None
# stderr                                  : <_io.TextIOWrapper name='<stderr>' mode='w' encoding='utf-8'>
# stdin                                   : <_io.TextIOWrapper name='<stdin>' mode='r' encoding='utf-8'>
# stdlog                                  : <_io.TextIOWrapper name='analysis/20220621_LocationPatterns/GATresults/WorkspaceHigh0.09_noX/log/HFNAHRinvs_femBherer.log' mode='a' encoding='UTF-8'>
# stdout                                  : <_io.TextIOWrapper name='analysis/20220621_LocationPatterns/GATresults/WorkspaceHigh0.09_noX/tsv/HFNAHRinvs_femBherer.tsv' mode='w' encoding='UTF-8'>
# timeit_file                             : None
# timeit_header                           : None
# timeit_name                             : all
# truncate_segments_to_workspace          : False
# truncate_workspace_to_annotations       : False
# workspace_files                         : ['analysis/20220621_LocationPatterns/GATfiles/Isochores/genomicSuperDups_COzones_0.09/windows.txt']
2022-06-21 11:22:29,311 INFO segments: reading tracks from 1 files
2022-06-21 11:22:29,438 INFO segments: read 1 tracks from 1 files
2022-06-21 11:22:29,443 INFO annotations: reading tracks from 1 files
2022-06-21 11:22:29,443 INFO annotations: read 30 tracks from 1 files
2022-06-21 11:22:29,443 INFO workspaces: reading tracks from 1 files
2022-06-21 11:22:29,443 INFO workspaces: read 2 tracks from 1 files
2022-06-21 11:22:29,443 INFO collapsing workspaces
2022-06-21 11:22:29,443 INFO intervals loaded in 0 seconds
2022-06-21 11:22:29,444 INFO collecting observed counts
2022-06-21 11:22:29,444 INFO starting sampling
2022-06-21 11:22:29,444 INFO sampling: merged: 1/1
2022-06-21 11:22:29,444 INFO performing unconditional sampling
2022-06-21 11:22:29,444 INFO workspace without conditioning: 0 segments, 0 nucleotides
2022-06-21 11:22:29,444 INFO workspace after conditioning: 0 segments, 0 nucleotides
2022-06-21 11:22:29,444 WARNING empty workspace - no computation performed
2022-06-21 11:22:29,445 INFO sampling finished
2022-06-21 11:22:29,445 INFO computing PValue statistics
2022-06-21 11:22:29,445 INFO writing counts to analysis/20220621_LocationPatterns/GATresults/WorkspaceHigh0.09_noX/counts/HFNAHRinvs_femBherer_nucleotide-overlap.tsv.gz
2022-06-21 11:22:29,445 INFO computing FDR statistics
# job finished in 0 seconds at Tue Jun 21 11:22:29 2022 --  0.88  0.05  0.00  0.00 -- ae3c6a85-8564-4808-aa44-48478425c79e
# output generated by /home/rgomez/anaconda3/bin/gat-run.py --annotations=analysis/20220621_LocationPatterns/GATfiles/Segments/HFNAHRinvs.bed --segments=analysis/20220621_LocationPatterns/GATfiles/Annotations/genomicSuperDups_coords_normal.bed --output-counts-pattern=analysis/20220621_LocationPatterns/GATresults/WorkspaceHigh0.09_noX/counts/HFNAHRinvs_femBherer_%s.tsv.gz --workspace=analysis/20220621_LocationPatterns/GATfiles/Workspace/workspace_femBherer.bed --num-samples=100 --log=analysis/20220621_LocationPatterns/GATresults/WorkspaceHigh0.09_noX/log/HFNAHRinvs_femBherer.log --stdout=analysis/20220621_LocationPatterns/GATresults/WorkspaceHigh0.09_noX/tsv/HFNAHRinvs_femBherer.tsv
# job started at Tue Jun 21 11:25:26 2022 on rgomez-pc -- da80a35d-e250-4dae-9f76-96e4fa541574
# pid: 28172, system: Linux 5.3.0-7648-generic #41~1586790036~18.04~600aeb5-Ubuntu SMP Mon Apr 13 17:47:15 UTC  x86_64
# annotation_files                        : ['analysis/20220621_LocationPatterns/GATfiles/Segments/HFNAHRinvs.bed']
# annotations_label                       : None
# annotations_to_points                   : None
# bucket_size                             : 0
# cache                                   : None
# conditional                             : unconditional
# conditional_expansion                   : None
# conditional_extension                   : None
# counters                                : []
# enable_split_tracks                     : False
# ignore_segment_tracks                   : True
# input_filename_counts                   : None
# input_filename_descriptions             : None
# input_filename_results                  : None
# isochore_files                          : None
# loglevel                                : 1
# nbuckets                                : 100000
# null                                    : default
# num_samples                             : 100
# num_threads                             : 0
# output_bed                              : []
# output_counts_pattern                   : analysis/20220621_LocationPatterns/GATresults/WorkspaceHigh0.09_noX/counts/HFNAHRinvs_femBherer_%s.tsv.gz
# output_filename_pattern                 : %s
# output_force                            : False
# output_order                            : fold
# output_plots_pattern                    : None
# output_samples_pattern                  : None
# output_stats                            : []
# output_tables_pattern                   : %s.tsv.gz
# overlapping_annotations                 : False
# pseudo_count                            : 1.0
# pvalue_method                           : empirical
# qvalue_lambda                           : None
# qvalue_method                           : BH
# qvalue_pi0_method                       : smoother
# random_seed                             : None
# restrict_workspace                      : False
# sample_files                            : []
# sampler                                 : annotator
# segment_files                           : ['analysis/20220621_LocationPatterns/GATfiles/Annotations/genomicSuperDups_coords_normal.bed']
# shift_expansion                         : 2.0
# shift_extension                         : 0
# short_help                              : None
# stderr                                  : <_io.TextIOWrapper name='<stderr>' mode='w' encoding='utf-8'>
# stdin                                   : <_io.TextIOWrapper name='<stdin>' mode='r' encoding='utf-8'>
# stdlog                                  : <_io.TextIOWrapper name='analysis/20220621_LocationPatterns/GATresults/WorkspaceHigh0.09_noX/log/HFNAHRinvs_femBherer.log' mode='a' encoding='UTF-8'>
# stdout                                  : <_io.TextIOWrapper name='analysis/20220621_LocationPatterns/GATresults/WorkspaceHigh0.09_noX/tsv/HFNAHRinvs_femBherer.tsv' mode='w' encoding='UTF-8'>
# timeit_file                             : None
# timeit_header                           : None
# timeit_name                             : all
# truncate_segments_to_workspace          : False
# truncate_workspace_to_annotations       : False
# workspace_files                         : ['analysis/20220621_LocationPatterns/GATfiles/Workspace/workspace_femBherer.bed']
2022-06-21 11:25:26,013 INFO segments: reading tracks from 1 files
2022-06-21 11:25:26,124 INFO segments: read 1 tracks from 1 files
2022-06-21 11:25:26,128 INFO annotations: reading tracks from 1 files
2022-06-21 11:25:26,128 INFO annotations: read 30 tracks from 1 files
2022-06-21 11:25:26,129 INFO workspaces: reading tracks from 1 files
2022-06-21 11:25:26,129 INFO workspaces: read 1 tracks from 1 files
2022-06-21 11:25:26,129 INFO collapsing workspaces
2022-06-21 11:25:26,129 INFO intervals loaded in 0 seconds
2022-06-21 11:25:26,129 INFO collecting observed counts
2022-06-21 11:25:26,129 INFO starting sampling
2022-06-21 11:25:26,129 INFO sampling: merged: 1/1
2022-06-21 11:25:26,129 INFO performing unconditional sampling
2022-06-21 11:25:26,130 INFO workspace without conditioning: 41 segments, 2826410475 nucleotides
2022-06-21 11:25:26,130 INFO workspace after conditioning: 41 segments, 2826410475 nucleotides
2022-06-21 11:25:26,130 INFO sampling started
2022-06-21 11:25:26,210 INFO 0/100 done ( 0.00)
2022-06-21 11:25:34,032 INFO sampling completed
2022-06-21 11:25:34,032 INFO sampling finished
2022-06-21 11:25:34,033 INFO computing PValue statistics
2022-06-21 11:25:34,037 INFO writing counts to analysis/20220621_LocationPatterns/GATresults/WorkspaceHigh0.09_noX/counts/HFNAHRinvs_femBherer_nucleotide-overlap.tsv.gz
2022-06-21 11:25:34,038 INFO computing FDR statistics
# job finished in 8 seconds at Tue Jun 21 11:25:34 2022 --  8.74  0.05  0.00  0.00 -- da80a35d-e250-4dae-9f76-96e4fa541574
# output generated by /home/rgomez/anaconda3/bin/gat-run.py --segments=analysis/20220621_LocationPatterns/GATfiles/Segments/HFNAHRinvs.bed --annotations=analysis/20220621_LocationPatterns/GATfiles/Annotations/annotations_femBherer.bed --output-counts-pattern=analysis/20220621_LocationPatterns/GATresults/WorkspaceHigh0.09_noX/counts/HFNAHRinvs_femBherer_%s.tsv.gz --workspace=analysis/20220621_LocationPatterns/GATfiles/Workspace/workspace_femBherer.bed --num-samples=100 --log=analysis/20220621_LocationPatterns/GATresults/WorkspaceHigh0.09_noX/log/HFNAHRinvs_femBherer.log --stdout=analysis/20220621_LocationPatterns/GATresults/WorkspaceHigh0.09_noX/tsv/HFNAHRinvs_femBherer.tsv
# job started at Tue Jun 21 11:50:31 2022 on rgomez-pc -- 693be980-91c6-4938-81db-b869f528d313
# pid: 32694, system: Linux 5.3.0-7648-generic #41~1586790036~18.04~600aeb5-Ubuntu SMP Mon Apr 13 17:47:15 UTC  x86_64
# annotation_files                        : ['analysis/20220621_LocationPatterns/GATfiles/Annotations/annotations_femBherer.bed']
# annotations_label                       : None
# annotations_to_points                   : None
# bucket_size                             : 0
# cache                                   : None
# conditional                             : unconditional
# conditional_expansion                   : None
# conditional_extension                   : None
# counters                                : []
# enable_split_tracks                     : False
# ignore_segment_tracks                   : True
# input_filename_counts                   : None
# input_filename_descriptions             : None
# input_filename_results                  : None
# isochore_files                          : None
# loglevel                                : 1
# nbuckets                                : 100000
# null                                    : default
# num_samples                             : 100
# num_threads                             : 0
# output_bed                              : []
# output_counts_pattern                   : analysis/20220621_LocationPatterns/GATresults/WorkspaceHigh0.09_noX/counts/HFNAHRinvs_femBherer_%s.tsv.gz
# output_filename_pattern                 : %s
# output_force                            : False
# output_order                            : fold
# output_plots_pattern                    : None
# output_samples_pattern                  : None
# output_stats                            : []
# output_tables_pattern                   : %s.tsv.gz
# overlapping_annotations                 : False
# pseudo_count                            : 1.0
# pvalue_method                           : empirical
# qvalue_lambda                           : None
# qvalue_method                           : BH
# qvalue_pi0_method                       : smoother
# random_seed                             : None
# restrict_workspace                      : False
# sample_files                            : []
# sampler                                 : annotator
# segment_files                           : ['analysis/20220621_LocationPatterns/GATfiles/Segments/HFNAHRinvs.bed']
# shift_expansion                         : 2.0
# shift_extension                         : 0
# short_help                              : None
# stderr                                  : <_io.TextIOWrapper name='<stderr>' mode='w' encoding='utf-8'>
# stdin                                   : <_io.TextIOWrapper name='<stdin>' mode='r' encoding='utf-8'>
# stdlog                                  : <_io.TextIOWrapper name='analysis/20220621_LocationPatterns/GATresults/WorkspaceHigh0.09_noX/log/HFNAHRinvs_femBherer.log' mode='a' encoding='UTF-8'>
# stdout                                  : <_io.TextIOWrapper name='analysis/20220621_LocationPatterns/GATresults/WorkspaceHigh0.09_noX/tsv/HFNAHRinvs_femBherer.tsv' mode='w' encoding='UTF-8'>
# timeit_file                             : None
# timeit_header                           : None
# timeit_name                             : all
# truncate_segments_to_workspace          : False
# truncate_workspace_to_annotations       : False
# workspace_files                         : ['analysis/20220621_LocationPatterns/GATfiles/Workspace/workspace_femBherer.bed']
2022-06-21 11:50:31,295 INFO segments: reading tracks from 1 files
2022-06-21 11:50:31,295 INFO segments: read 1 tracks from 1 files
2022-06-21 11:50:31,295 INFO annotations: reading tracks from 1 files
2022-06-21 11:50:31,602 INFO annotations: read 6 tracks from 1 files
2022-06-21 11:50:31,607 INFO workspaces: reading tracks from 1 files
2022-06-21 11:50:31,607 INFO workspaces: read 1 tracks from 1 files
2022-06-21 11:50:31,607 INFO collapsing workspaces
2022-06-21 11:50:31,607 INFO intervals loaded in 0 seconds
2022-06-21 11:50:31,608 INFO collecting observed counts
2022-06-21 11:50:31,608 INFO starting sampling
2022-06-21 11:50:31,608 INFO sampling: merged: 1/1
2022-06-21 11:50:31,608 INFO performing unconditional sampling
2022-06-21 11:50:31,609 INFO workspace without conditioning: 41 segments, 2826410475 nucleotides
2022-06-21 11:50:31,609 INFO workspace after conditioning: 41 segments, 2826410475 nucleotides
2022-06-21 11:50:31,609 INFO sampling started
2022-06-21 11:50:31,613 INFO 0/100 done ( 0.00)
2022-06-21 11:50:32,000 INFO sampling completed
2022-06-21 11:50:32,001 INFO sampling finished
2022-06-21 11:50:32,001 INFO computing PValue statistics
2022-06-21 11:50:32,002 INFO writing counts to analysis/20220621_LocationPatterns/GATresults/WorkspaceHigh0.09_noX/counts/HFNAHRinvs_femBherer_nucleotide-overlap.tsv.gz
2022-06-21 11:50:32,003 INFO computing FDR statistics
# job finished in 0 seconds at Tue Jun 21 11:50:32 2022 --  1.50  0.07  0.00  0.00 -- 693be980-91c6-4938-81db-b869f528d313
