# output generated by /home/rgomez/anaconda3/bin/gat-run.py --annotations=analysis/20220621_LocationPatterns/GATfiles/Segments/HFNHinvs.bed --segments=analysis/20220621_LocationPatterns/GATfiles/Annotations/genomicSuperDups_coords_normal.bed --output-counts-pattern=analysis/20220621_LocationPatterns/GATresults/WorkspaceHigh0.09_noX/counts/HFNHinvs_femBherer_%s.tsv.gz --workspace=analysis/20220621_LocationPatterns/GATfiles/Isochores/genomicSuperDups_COzones_0.09/windows.txt --num-samples=100 --log=analysis/20220621_LocationPatterns/GATresults/WorkspaceHigh0.09_noX/log/HFNHinvs_femBherer.log --stdout=analysis/20220621_LocationPatterns/GATresults/WorkspaceHigh0.09_noX/tsv/HFNHinvs_femBherer.tsv
# job started at Tue Jun 21 11:22:35 2022 on rgomez-pc -- 42310a15-1d41-4820-a37f-0043eda55c9c
# pid: 27535, system: Linux 5.3.0-7648-generic #41~1586790036~18.04~600aeb5-Ubuntu SMP Mon Apr 13 17:47:15 UTC  x86_64
# annotation_files                        : ['analysis/20220621_LocationPatterns/GATfiles/Segments/HFNHinvs.bed']
# annotations_label                       : None
# annotations_to_points                   : None
# bucket_size                             : 0
# cache                                   : None
# conditional                             : unconditional
# conditional_expansion                   : None
# conditional_extension                   : None
# counters                                : []
# enable_split_tracks                     : False
# ignore_segment_tracks                   : True
# input_filename_counts                   : None
# input_filename_descriptions             : None
# input_filename_results                  : None
# isochore_files                          : None
# loglevel                                : 1
# nbuckets                                : 100000
# null                                    : default
# num_samples                             : 100
# num_threads                             : 0
# output_bed                              : []
# output_counts_pattern                   : analysis/20220621_LocationPatterns/GATresults/WorkspaceHigh0.09_noX/counts/HFNHinvs_femBherer_%s.tsv.gz
# output_filename_pattern                 : %s
# output_force                            : False
# output_order                            : fold
# output_plots_pattern                    : None
# output_samples_pattern                  : None
# output_stats                            : []
# output_tables_pattern                   : %s.tsv.gz
# overlapping_annotations                 : False
# pseudo_count                            : 1.0
# pvalue_method                           : empirical
# qvalue_lambda                           : None
# qvalue_method                           : BH
# qvalue_pi0_method                       : smoother
# random_seed                             : None
# restrict_workspace                      : False
# sample_files                            : []
# sampler                                 : annotator
# segment_files                           : ['analysis/20220621_LocationPatterns/GATfiles/Annotations/genomicSuperDups_coords_normal.bed']
# shift_expansion                         : 2.0
# shift_extension                         : 0
# short_help                              : None
# stderr                                  : <_io.TextIOWrapper name='<stderr>' mode='w' encoding='utf-8'>
# stdin                                   : <_io.TextIOWrapper name='<stdin>' mode='r' encoding='utf-8'>
# stdlog                                  : <_io.TextIOWrapper name='analysis/20220621_LocationPatterns/GATresults/WorkspaceHigh0.09_noX/log/HFNHinvs_femBherer.log' mode='a' encoding='UTF-8'>
# stdout                                  : <_io.TextIOWrapper name='analysis/20220621_LocationPatterns/GATresults/WorkspaceHigh0.09_noX/tsv/HFNHinvs_femBherer.tsv' mode='w' encoding='UTF-8'>
# timeit_file                             : None
# timeit_header                           : None
# timeit_name                             : all
# truncate_segments_to_workspace          : False
# truncate_workspace_to_annotations       : False
# workspace_files                         : ['analysis/20220621_LocationPatterns/GATfiles/Isochores/genomicSuperDups_COzones_0.09/windows.txt']
2022-06-21 11:22:35,617 INFO segments: reading tracks from 1 files
2022-06-21 11:22:35,727 INFO segments: read 1 tracks from 1 files
2022-06-21 11:22:35,732 INFO annotations: reading tracks from 1 files
2022-06-21 11:22:35,732 INFO annotations: read 30 tracks from 1 files
2022-06-21 11:22:35,733 INFO workspaces: reading tracks from 1 files
2022-06-21 11:22:35,733 INFO workspaces: read 2 tracks from 1 files
2022-06-21 11:22:35,733 INFO collapsing workspaces
2022-06-21 11:22:35,733 INFO intervals loaded in 0 seconds
2022-06-21 11:22:35,733 INFO collecting observed counts
2022-06-21 11:22:35,734 INFO starting sampling
2022-06-21 11:22:35,734 INFO sampling: merged: 1/1
2022-06-21 11:22:35,734 INFO performing unconditional sampling
2022-06-21 11:22:35,734 INFO workspace without conditioning: 0 segments, 0 nucleotides
2022-06-21 11:22:35,734 INFO workspace after conditioning: 0 segments, 0 nucleotides
2022-06-21 11:22:35,734 WARNING empty workspace - no computation performed
2022-06-21 11:22:35,734 INFO sampling finished
2022-06-21 11:22:35,734 INFO computing PValue statistics
2022-06-21 11:22:35,735 INFO writing counts to analysis/20220621_LocationPatterns/GATresults/WorkspaceHigh0.09_noX/counts/HFNHinvs_femBherer_nucleotide-overlap.tsv.gz
2022-06-21 11:22:35,735 INFO computing FDR statistics
# job finished in 0 seconds at Tue Jun 21 11:22:35 2022 --  0.84  0.05  0.00  0.00 -- 42310a15-1d41-4820-a37f-0043eda55c9c
# output generated by /home/rgomez/anaconda3/bin/gat-run.py --annotations=analysis/20220621_LocationPatterns/GATfiles/Segments/HFNHinvs.bed --segments=analysis/20220621_LocationPatterns/GATfiles/Annotations/genomicSuperDups_coords_normal.bed --output-counts-pattern=analysis/20220621_LocationPatterns/GATresults/WorkspaceHigh0.09_noX/counts/HFNHinvs_femBherer_%s.tsv.gz --workspace=analysis/20220621_LocationPatterns/GATfiles/Workspace/workspace_femBherer.bed --num-samples=100 --log=analysis/20220621_LocationPatterns/GATresults/WorkspaceHigh0.09_noX/log/HFNHinvs_femBherer.log --stdout=analysis/20220621_LocationPatterns/GATresults/WorkspaceHigh0.09_noX/tsv/HFNHinvs_femBherer.tsv
# job started at Tue Jun 21 11:26:21 2022 on rgomez-pc -- a455ad06-8849-4a3d-aef8-2fa36afbff75
# pid: 28206, system: Linux 5.3.0-7648-generic #41~1586790036~18.04~600aeb5-Ubuntu SMP Mon Apr 13 17:47:15 UTC  x86_64
# annotation_files                        : ['analysis/20220621_LocationPatterns/GATfiles/Segments/HFNHinvs.bed']
# annotations_label                       : None
# annotations_to_points                   : None
# bucket_size                             : 0
# cache                                   : None
# conditional                             : unconditional
# conditional_expansion                   : None
# conditional_extension                   : None
# counters                                : []
# enable_split_tracks                     : False
# ignore_segment_tracks                   : True
# input_filename_counts                   : None
# input_filename_descriptions             : None
# input_filename_results                  : None
# isochore_files                          : None
# loglevel                                : 1
# nbuckets                                : 100000
# null                                    : default
# num_samples                             : 100
# num_threads                             : 0
# output_bed                              : []
# output_counts_pattern                   : analysis/20220621_LocationPatterns/GATresults/WorkspaceHigh0.09_noX/counts/HFNHinvs_femBherer_%s.tsv.gz
# output_filename_pattern                 : %s
# output_force                            : False
# output_order                            : fold
# output_plots_pattern                    : None
# output_samples_pattern                  : None
# output_stats                            : []
# output_tables_pattern                   : %s.tsv.gz
# overlapping_annotations                 : False
# pseudo_count                            : 1.0
# pvalue_method                           : empirical
# qvalue_lambda                           : None
# qvalue_method                           : BH
# qvalue_pi0_method                       : smoother
# random_seed                             : None
# restrict_workspace                      : False
# sample_files                            : []
# sampler                                 : annotator
# segment_files                           : ['analysis/20220621_LocationPatterns/GATfiles/Annotations/genomicSuperDups_coords_normal.bed']
# shift_expansion                         : 2.0
# shift_extension                         : 0
# short_help                              : None
# stderr                                  : <_io.TextIOWrapper name='<stderr>' mode='w' encoding='utf-8'>
# stdin                                   : <_io.TextIOWrapper name='<stdin>' mode='r' encoding='utf-8'>
# stdlog                                  : <_io.TextIOWrapper name='analysis/20220621_LocationPatterns/GATresults/WorkspaceHigh0.09_noX/log/HFNHinvs_femBherer.log' mode='a' encoding='UTF-8'>
# stdout                                  : <_io.TextIOWrapper name='analysis/20220621_LocationPatterns/GATresults/WorkspaceHigh0.09_noX/tsv/HFNHinvs_femBherer.tsv' mode='w' encoding='UTF-8'>
# timeit_file                             : None
# timeit_header                           : None
# timeit_name                             : all
# truncate_segments_to_workspace          : False
# truncate_workspace_to_annotations       : False
# workspace_files                         : ['analysis/20220621_LocationPatterns/GATfiles/Workspace/workspace_femBherer.bed']
2022-06-21 11:26:21,123 INFO segments: reading tracks from 1 files
2022-06-21 11:26:21,238 INFO segments: read 1 tracks from 1 files
2022-06-21 11:26:21,242 INFO annotations: reading tracks from 1 files
2022-06-21 11:26:21,242 INFO annotations: read 30 tracks from 1 files
2022-06-21 11:26:21,242 INFO workspaces: reading tracks from 1 files
2022-06-21 11:26:21,242 INFO workspaces: read 1 tracks from 1 files
2022-06-21 11:26:21,242 INFO collapsing workspaces
2022-06-21 11:26:21,242 INFO intervals loaded in 0 seconds
2022-06-21 11:26:21,242 INFO collecting observed counts
2022-06-21 11:26:21,243 INFO starting sampling
2022-06-21 11:26:21,243 INFO sampling: merged: 1/1
2022-06-21 11:26:21,243 INFO performing unconditional sampling
2022-06-21 11:26:21,243 INFO workspace without conditioning: 41 segments, 2826410475 nucleotides
2022-06-21 11:26:21,243 INFO workspace after conditioning: 41 segments, 2826410475 nucleotides
2022-06-21 11:26:21,243 INFO sampling started
2022-06-21 11:26:21,330 INFO 0/100 done ( 0.00)
2022-06-21 11:26:29,099 INFO sampling completed
2022-06-21 11:26:29,100 INFO sampling finished
2022-06-21 11:26:29,100 INFO computing PValue statistics
2022-06-21 11:26:29,104 INFO writing counts to analysis/20220621_LocationPatterns/GATresults/WorkspaceHigh0.09_noX/counts/HFNHinvs_femBherer_nucleotide-overlap.tsv.gz
2022-06-21 11:26:29,106 INFO computing FDR statistics
# job finished in 7 seconds at Tue Jun 21 11:26:29 2022 --  8.69  0.05  0.00  0.00 -- a455ad06-8849-4a3d-aef8-2fa36afbff75
# output generated by /home/rgomez/anaconda3/bin/gat-run.py --segments=analysis/20220621_LocationPatterns/GATfiles/Segments/HFNHinvs.bed --annotations=analysis/20220621_LocationPatterns/GATfiles/Annotations/annotations_femBherer.bed --output-counts-pattern=analysis/20220621_LocationPatterns/GATresults/WorkspaceHigh0.09_noX/counts/HFNHinvs_femBherer_%s.tsv.gz --workspace=analysis/20220621_LocationPatterns/GATfiles/Workspace/workspace_femBherer.bed --num-samples=100 --log=analysis/20220621_LocationPatterns/GATresults/WorkspaceHigh0.09_noX/log/HFNHinvs_femBherer.log --stdout=analysis/20220621_LocationPatterns/GATresults/WorkspaceHigh0.09_noX/tsv/HFNHinvs_femBherer.tsv
# job started at Tue Jun 21 11:50:41 2022 on rgomez-pc -- 4ea58ccf-02f3-4d24-9c2b-cb314936c3b5
# pid: 32734, system: Linux 5.3.0-7648-generic #41~1586790036~18.04~600aeb5-Ubuntu SMP Mon Apr 13 17:47:15 UTC  x86_64
# annotation_files                        : ['analysis/20220621_LocationPatterns/GATfiles/Annotations/annotations_femBherer.bed']
# annotations_label                       : None
# annotations_to_points                   : None
# bucket_size                             : 0
# cache                                   : None
# conditional                             : unconditional
# conditional_expansion                   : None
# conditional_extension                   : None
# counters                                : []
# enable_split_tracks                     : False
# ignore_segment_tracks                   : True
# input_filename_counts                   : None
# input_filename_descriptions             : None
# input_filename_results                  : None
# isochore_files                          : None
# loglevel                                : 1
# nbuckets                                : 100000
# null                                    : default
# num_samples                             : 100
# num_threads                             : 0
# output_bed                              : []
# output_counts_pattern                   : analysis/20220621_LocationPatterns/GATresults/WorkspaceHigh0.09_noX/counts/HFNHinvs_femBherer_%s.tsv.gz
# output_filename_pattern                 : %s
# output_force                            : False
# output_order                            : fold
# output_plots_pattern                    : None
# output_samples_pattern                  : None
# output_stats                            : []
# output_tables_pattern                   : %s.tsv.gz
# overlapping_annotations                 : False
# pseudo_count                            : 1.0
# pvalue_method                           : empirical
# qvalue_lambda                           : None
# qvalue_method                           : BH
# qvalue_pi0_method                       : smoother
# random_seed                             : None
# restrict_workspace                      : False
# sample_files                            : []
# sampler                                 : annotator
# segment_files                           : ['analysis/20220621_LocationPatterns/GATfiles/Segments/HFNHinvs.bed']
# shift_expansion                         : 2.0
# shift_extension                         : 0
# short_help                              : None
# stderr                                  : <_io.TextIOWrapper name='<stderr>' mode='w' encoding='utf-8'>
# stdin                                   : <_io.TextIOWrapper name='<stdin>' mode='r' encoding='utf-8'>
# stdlog                                  : <_io.TextIOWrapper name='analysis/20220621_LocationPatterns/GATresults/WorkspaceHigh0.09_noX/log/HFNHinvs_femBherer.log' mode='a' encoding='UTF-8'>
# stdout                                  : <_io.TextIOWrapper name='analysis/20220621_LocationPatterns/GATresults/WorkspaceHigh0.09_noX/tsv/HFNHinvs_femBherer.tsv' mode='w' encoding='UTF-8'>
# timeit_file                             : None
# timeit_header                           : None
# timeit_name                             : all
# truncate_segments_to_workspace          : False
# truncate_workspace_to_annotations       : False
# workspace_files                         : ['analysis/20220621_LocationPatterns/GATfiles/Workspace/workspace_femBherer.bed']
2022-06-21 11:50:41,022 INFO segments: reading tracks from 1 files
2022-06-21 11:50:41,022 INFO segments: read 1 tracks from 1 files
2022-06-21 11:50:41,022 INFO annotations: reading tracks from 1 files
2022-06-21 11:50:41,333 INFO annotations: read 6 tracks from 1 files
2022-06-21 11:50:41,338 INFO workspaces: reading tracks from 1 files
2022-06-21 11:50:41,338 INFO workspaces: read 1 tracks from 1 files
2022-06-21 11:50:41,338 INFO collapsing workspaces
2022-06-21 11:50:41,338 INFO intervals loaded in 0 seconds
2022-06-21 11:50:41,340 INFO collecting observed counts
2022-06-21 11:50:41,340 INFO starting sampling
2022-06-21 11:50:41,340 INFO sampling: merged: 1/1
2022-06-21 11:50:41,340 INFO performing unconditional sampling
2022-06-21 11:50:41,341 INFO workspace without conditioning: 41 segments, 2826410475 nucleotides
2022-06-21 11:50:41,341 INFO workspace after conditioning: 41 segments, 2826410475 nucleotides
2022-06-21 11:50:41,341 INFO sampling started
2022-06-21 11:50:41,345 INFO 0/100 done ( 0.00)
2022-06-21 11:50:41,602 INFO sampling completed
2022-06-21 11:50:41,602 INFO sampling finished
2022-06-21 11:50:41,603 INFO computing PValue statistics
2022-06-21 11:50:41,604 INFO writing counts to analysis/20220621_LocationPatterns/GATresults/WorkspaceHigh0.09_noX/counts/HFNHinvs_femBherer_nucleotide-overlap.tsv.gz
2022-06-21 11:50:41,605 INFO computing FDR statistics
# job finished in 0 seconds at Tue Jun 21 11:50:41 2022 --  1.42  0.06  0.00  0.00 -- 4ea58ccf-02f3-4d24-9c2b-cb314936c3b5
