# output generated by /home/rgomez/anaconda3/bin/gat-run.py --annotations=analysis/20220621_LocationPatterns/GATfiles/Segments/HFNHinvs.bed --segments=analysis/20220621_LocationPatterns/GATfiles/Annotations/genomicSuperDups_coords_normal.bed --output-counts-pattern=analysis/20220621_LocationPatterns/GATresults/WorkspaceHigh0.09_noX/counts/HFNHinvs_CEUSpence_%s.tsv.gz --workspace=analysis/20220621_LocationPatterns/GATfiles/Isochores/genomicSuperDups_COzones_0.09/windows.txt --num-samples=100 --log=analysis/20220621_LocationPatterns/GATresults/WorkspaceHigh0.09_noX/log/HFNHinvs_CEUSpence.log --stdout=analysis/20220621_LocationPatterns/GATresults/WorkspaceHigh0.09_noX/tsv/HFNHinvs_CEUSpence.tsv
# job started at Tue Jun 21 11:22:33 2022 on rgomez-pc -- 3fb4a2ba-6e3b-4cea-910f-bb7891c39e2b
# pid: 27529, system: Linux 5.3.0-7648-generic #41~1586790036~18.04~600aeb5-Ubuntu SMP Mon Apr 13 17:47:15 UTC  x86_64
# annotation_files                        : ['analysis/20220621_LocationPatterns/GATfiles/Segments/HFNHinvs.bed']
# annotations_label                       : None
# annotations_to_points                   : None
# bucket_size                             : 0
# cache                                   : None
# conditional                             : unconditional
# conditional_expansion                   : None
# conditional_extension                   : None
# counters                                : []
# enable_split_tracks                     : False
# ignore_segment_tracks                   : True
# input_filename_counts                   : None
# input_filename_descriptions             : None
# input_filename_results                  : None
# isochore_files                          : None
# loglevel                                : 1
# nbuckets                                : 100000
# null                                    : default
# num_samples                             : 100
# num_threads                             : 0
# output_bed                              : []
# output_counts_pattern                   : analysis/20220621_LocationPatterns/GATresults/WorkspaceHigh0.09_noX/counts/HFNHinvs_CEUSpence_%s.tsv.gz
# output_filename_pattern                 : %s
# output_force                            : False
# output_order                            : fold
# output_plots_pattern                    : None
# output_samples_pattern                  : None
# output_stats                            : []
# output_tables_pattern                   : %s.tsv.gz
# overlapping_annotations                 : False
# pseudo_count                            : 1.0
# pvalue_method                           : empirical
# qvalue_lambda                           : None
# qvalue_method                           : BH
# qvalue_pi0_method                       : smoother
# random_seed                             : None
# restrict_workspace                      : False
# sample_files                            : []
# sampler                                 : annotator
# segment_files                           : ['analysis/20220621_LocationPatterns/GATfiles/Annotations/genomicSuperDups_coords_normal.bed']
# shift_expansion                         : 2.0
# shift_extension                         : 0
# short_help                              : None
# stderr                                  : <_io.TextIOWrapper name='<stderr>' mode='w' encoding='utf-8'>
# stdin                                   : <_io.TextIOWrapper name='<stdin>' mode='r' encoding='utf-8'>
# stdlog                                  : <_io.TextIOWrapper name='analysis/20220621_LocationPatterns/GATresults/WorkspaceHigh0.09_noX/log/HFNHinvs_CEUSpence.log' mode='a' encoding='UTF-8'>
# stdout                                  : <_io.TextIOWrapper name='analysis/20220621_LocationPatterns/GATresults/WorkspaceHigh0.09_noX/tsv/HFNHinvs_CEUSpence.tsv' mode='w' encoding='UTF-8'>
# timeit_file                             : None
# timeit_header                           : None
# timeit_name                             : all
# truncate_segments_to_workspace          : False
# truncate_workspace_to_annotations       : False
# workspace_files                         : ['analysis/20220621_LocationPatterns/GATfiles/Isochores/genomicSuperDups_COzones_0.09/windows.txt']
2022-06-21 11:22:33,558 INFO segments: reading tracks from 1 files
2022-06-21 11:22:33,672 INFO segments: read 1 tracks from 1 files
2022-06-21 11:22:33,675 INFO annotations: reading tracks from 1 files
2022-06-21 11:22:33,676 INFO annotations: read 30 tracks from 1 files
2022-06-21 11:22:33,676 INFO workspaces: reading tracks from 1 files
2022-06-21 11:22:33,676 INFO workspaces: read 2 tracks from 1 files
2022-06-21 11:22:33,676 INFO collapsing workspaces
2022-06-21 11:22:33,677 INFO intervals loaded in 0 seconds
2022-06-21 11:22:33,677 INFO collecting observed counts
2022-06-21 11:22:33,677 INFO starting sampling
2022-06-21 11:22:33,677 INFO sampling: merged: 1/1
2022-06-21 11:22:33,677 INFO performing unconditional sampling
2022-06-21 11:22:33,677 INFO workspace without conditioning: 0 segments, 0 nucleotides
2022-06-21 11:22:33,677 INFO workspace after conditioning: 0 segments, 0 nucleotides
2022-06-21 11:22:33,678 WARNING empty workspace - no computation performed
2022-06-21 11:22:33,678 INFO sampling finished
2022-06-21 11:22:33,678 INFO computing PValue statistics
2022-06-21 11:22:33,678 INFO writing counts to analysis/20220621_LocationPatterns/GATresults/WorkspaceHigh0.09_noX/counts/HFNHinvs_CEUSpence_nucleotide-overlap.tsv.gz
2022-06-21 11:22:33,678 INFO computing FDR statistics
# job finished in 0 seconds at Tue Jun 21 11:22:33 2022 --  0.86  0.04  0.00  0.00 -- 3fb4a2ba-6e3b-4cea-910f-bb7891c39e2b
# output generated by /home/rgomez/anaconda3/bin/gat-run.py --annotations=analysis/20220621_LocationPatterns/GATfiles/Segments/HFNHinvs.bed --segments=analysis/20220621_LocationPatterns/GATfiles/Annotations/genomicSuperDups_coords_normal.bed --output-counts-pattern=analysis/20220621_LocationPatterns/GATresults/WorkspaceHigh0.09_noX/counts/HFNHinvs_CEUSpence_%s.tsv.gz --workspace=analysis/20220621_LocationPatterns/GATfiles/Workspace/workspace_CEUSpence.bed --num-samples=100 --log=analysis/20220621_LocationPatterns/GATresults/WorkspaceHigh0.09_noX/log/HFNHinvs_CEUSpence.log --stdout=analysis/20220621_LocationPatterns/GATresults/WorkspaceHigh0.09_noX/tsv/HFNHinvs_CEUSpence.tsv
# job started at Tue Jun 21 11:26:01 2022 on rgomez-pc -- 484476ca-ab4e-4237-8f56-16f5c82bfbaa
# pid: 28195, system: Linux 5.3.0-7648-generic #41~1586790036~18.04~600aeb5-Ubuntu SMP Mon Apr 13 17:47:15 UTC  x86_64
# annotation_files                        : ['analysis/20220621_LocationPatterns/GATfiles/Segments/HFNHinvs.bed']
# annotations_label                       : None
# annotations_to_points                   : None
# bucket_size                             : 0
# cache                                   : None
# conditional                             : unconditional
# conditional_expansion                   : None
# conditional_extension                   : None
# counters                                : []
# enable_split_tracks                     : False
# ignore_segment_tracks                   : True
# input_filename_counts                   : None
# input_filename_descriptions             : None
# input_filename_results                  : None
# isochore_files                          : None
# loglevel                                : 1
# nbuckets                                : 100000
# null                                    : default
# num_samples                             : 100
# num_threads                             : 0
# output_bed                              : []
# output_counts_pattern                   : analysis/20220621_LocationPatterns/GATresults/WorkspaceHigh0.09_noX/counts/HFNHinvs_CEUSpence_%s.tsv.gz
# output_filename_pattern                 : %s
# output_force                            : False
# output_order                            : fold
# output_plots_pattern                    : None
# output_samples_pattern                  : None
# output_stats                            : []
# output_tables_pattern                   : %s.tsv.gz
# overlapping_annotations                 : False
# pseudo_count                            : 1.0
# pvalue_method                           : empirical
# qvalue_lambda                           : None
# qvalue_method                           : BH
# qvalue_pi0_method                       : smoother
# random_seed                             : None
# restrict_workspace                      : False
# sample_files                            : []
# sampler                                 : annotator
# segment_files                           : ['analysis/20220621_LocationPatterns/GATfiles/Annotations/genomicSuperDups_coords_normal.bed']
# shift_expansion                         : 2.0
# shift_extension                         : 0
# short_help                              : None
# stderr                                  : <_io.TextIOWrapper name='<stderr>' mode='w' encoding='utf-8'>
# stdin                                   : <_io.TextIOWrapper name='<stdin>' mode='r' encoding='utf-8'>
# stdlog                                  : <_io.TextIOWrapper name='analysis/20220621_LocationPatterns/GATresults/WorkspaceHigh0.09_noX/log/HFNHinvs_CEUSpence.log' mode='a' encoding='UTF-8'>
# stdout                                  : <_io.TextIOWrapper name='analysis/20220621_LocationPatterns/GATresults/WorkspaceHigh0.09_noX/tsv/HFNHinvs_CEUSpence.tsv' mode='w' encoding='UTF-8'>
# timeit_file                             : None
# timeit_header                           : None
# timeit_name                             : all
# truncate_segments_to_workspace          : False
# truncate_workspace_to_annotations       : False
# workspace_files                         : ['analysis/20220621_LocationPatterns/GATfiles/Workspace/workspace_CEUSpence.bed']
2022-06-21 11:26:01,580 INFO segments: reading tracks from 1 files
2022-06-21 11:26:01,691 INFO segments: read 1 tracks from 1 files
2022-06-21 11:26:01,695 INFO annotations: reading tracks from 1 files
2022-06-21 11:26:01,695 INFO annotations: read 30 tracks from 1 files
2022-06-21 11:26:01,696 INFO workspaces: reading tracks from 1 files
2022-06-21 11:26:01,696 INFO workspaces: read 1 tracks from 1 files
2022-06-21 11:26:01,696 INFO collapsing workspaces
2022-06-21 11:26:01,696 INFO intervals loaded in 0 seconds
2022-06-21 11:26:01,696 INFO collecting observed counts
2022-06-21 11:26:01,696 INFO starting sampling
2022-06-21 11:26:01,696 INFO sampling: merged: 1/1
2022-06-21 11:26:01,696 INFO performing unconditional sampling
2022-06-21 11:26:01,697 INFO workspace without conditioning: 40 segments, 2698883317 nucleotides
2022-06-21 11:26:01,697 INFO workspace after conditioning: 40 segments, 2698883317 nucleotides
2022-06-21 11:26:01,697 INFO sampling started
2022-06-21 11:26:01,785 INFO 0/100 done ( 0.00)
2022-06-21 11:26:10,559 INFO sampling completed
2022-06-21 11:26:10,559 INFO sampling finished
2022-06-21 11:26:10,559 INFO computing PValue statistics
2022-06-21 11:26:10,564 INFO writing counts to analysis/20220621_LocationPatterns/GATresults/WorkspaceHigh0.09_noX/counts/HFNHinvs_CEUSpence_nucleotide-overlap.tsv.gz
2022-06-21 11:26:10,566 INFO computing FDR statistics
# job finished in 8 seconds at Tue Jun 21 11:26:10 2022 --  9.71  0.04  0.00  0.00 -- 484476ca-ab4e-4237-8f56-16f5c82bfbaa
# output generated by /home/rgomez/anaconda3/bin/gat-run.py --segments=analysis/20220621_LocationPatterns/GATfiles/Segments/HFNHinvs.bed --annotations=analysis/20220621_LocationPatterns/GATfiles/Annotations/annotations_CEUSpence.bed --output-counts-pattern=analysis/20220621_LocationPatterns/GATresults/WorkspaceHigh0.09_noX/counts/HFNHinvs_CEUSpence_%s.tsv.gz --workspace=analysis/20220621_LocationPatterns/GATfiles/Workspace/workspace_CEUSpence.bed --num-samples=100 --log=analysis/20220621_LocationPatterns/GATresults/WorkspaceHigh0.09_noX/log/HFNHinvs_CEUSpence.log --stdout=analysis/20220621_LocationPatterns/GATresults/WorkspaceHigh0.09_noX/tsv/HFNHinvs_CEUSpence.tsv
# job started at Tue Jun 21 11:50:37 2022 on rgomez-pc -- a2a5a97f-2900-4bd6-9aaf-ea2ab6f5f9aa
# pid: 32723, system: Linux 5.3.0-7648-generic #41~1586790036~18.04~600aeb5-Ubuntu SMP Mon Apr 13 17:47:15 UTC  x86_64
# annotation_files                        : ['analysis/20220621_LocationPatterns/GATfiles/Annotations/annotations_CEUSpence.bed']
# annotations_label                       : None
# annotations_to_points                   : None
# bucket_size                             : 0
# cache                                   : None
# conditional                             : unconditional
# conditional_expansion                   : None
# conditional_extension                   : None
# counters                                : []
# enable_split_tracks                     : False
# ignore_segment_tracks                   : True
# input_filename_counts                   : None
# input_filename_descriptions             : None
# input_filename_results                  : None
# isochore_files                          : None
# loglevel                                : 1
# nbuckets                                : 100000
# null                                    : default
# num_samples                             : 100
# num_threads                             : 0
# output_bed                              : []
# output_counts_pattern                   : analysis/20220621_LocationPatterns/GATresults/WorkspaceHigh0.09_noX/counts/HFNHinvs_CEUSpence_%s.tsv.gz
# output_filename_pattern                 : %s
# output_force                            : False
# output_order                            : fold
# output_plots_pattern                    : None
# output_samples_pattern                  : None
# output_stats                            : []
# output_tables_pattern                   : %s.tsv.gz
# overlapping_annotations                 : False
# pseudo_count                            : 1.0
# pvalue_method                           : empirical
# qvalue_lambda                           : None
# qvalue_method                           : BH
# qvalue_pi0_method                       : smoother
# random_seed                             : None
# restrict_workspace                      : False
# sample_files                            : []
# sampler                                 : annotator
# segment_files                           : ['analysis/20220621_LocationPatterns/GATfiles/Segments/HFNHinvs.bed']
# shift_expansion                         : 2.0
# shift_extension                         : 0
# short_help                              : None
# stderr                                  : <_io.TextIOWrapper name='<stderr>' mode='w' encoding='utf-8'>
# stdin                                   : <_io.TextIOWrapper name='<stdin>' mode='r' encoding='utf-8'>
# stdlog                                  : <_io.TextIOWrapper name='analysis/20220621_LocationPatterns/GATresults/WorkspaceHigh0.09_noX/log/HFNHinvs_CEUSpence.log' mode='a' encoding='UTF-8'>
# stdout                                  : <_io.TextIOWrapper name='analysis/20220621_LocationPatterns/GATresults/WorkspaceHigh0.09_noX/tsv/HFNHinvs_CEUSpence.tsv' mode='w' encoding='UTF-8'>
# timeit_file                             : None
# timeit_header                           : None
# timeit_name                             : all
# truncate_segments_to_workspace          : False
# truncate_workspace_to_annotations       : False
# workspace_files                         : ['analysis/20220621_LocationPatterns/GATfiles/Workspace/workspace_CEUSpence.bed']
2022-06-21 11:50:37,974 INFO segments: reading tracks from 1 files
2022-06-21 11:50:37,975 INFO segments: read 1 tracks from 1 files
2022-06-21 11:50:37,975 INFO annotations: reading tracks from 1 files
2022-06-21 11:50:38,323 INFO annotations: read 6 tracks from 1 files
2022-06-21 11:50:38,328 INFO workspaces: reading tracks from 1 files
2022-06-21 11:50:38,328 INFO workspaces: read 1 tracks from 1 files
2022-06-21 11:50:38,328 INFO collapsing workspaces
2022-06-21 11:50:38,328 INFO intervals loaded in 0 seconds
2022-06-21 11:50:38,329 INFO collecting observed counts
2022-06-21 11:50:38,329 INFO starting sampling
2022-06-21 11:50:38,329 INFO sampling: merged: 1/1
2022-06-21 11:50:38,329 INFO performing unconditional sampling
2022-06-21 11:50:38,330 INFO workspace without conditioning: 40 segments, 2698883317 nucleotides
2022-06-21 11:50:38,330 INFO workspace after conditioning: 40 segments, 2698883317 nucleotides
2022-06-21 11:50:38,330 INFO sampling started
2022-06-21 11:50:38,333 INFO 0/100 done ( 0.00)
2022-06-21 11:50:38,553 INFO sampling completed
2022-06-21 11:50:38,553 INFO sampling finished
2022-06-21 11:50:38,553 INFO computing PValue statistics
2022-06-21 11:50:38,554 INFO writing counts to analysis/20220621_LocationPatterns/GATresults/WorkspaceHigh0.09_noX/counts/HFNHinvs_CEUSpence_nucleotide-overlap.tsv.gz
2022-06-21 11:50:38,555 INFO computing FDR statistics
# job finished in 0 seconds at Tue Jun 21 11:50:38 2022 --  1.42  0.05  0.00  0.00 -- a2a5a97f-2900-4bd6-9aaf-ea2ab6f5f9aa
