# output generated by /home/rgomez/anaconda3/bin/gat-run.py --annotations=analysis/20220621_LocationPatterns/GATfiles/Segments/HFNHinvs.bed --segments=analysis/20220621_LocationPatterns/GATfiles/Annotations/genomicSuperDups_coords_normal.bed --output-counts-pattern=analysis/20220621_LocationPatterns/GATresults/WorkspaceHigh0.09_noX/counts/HFNHinvs_avgBherer_%s.tsv.gz --workspace=analysis/20220621_LocationPatterns/GATfiles/Isochores/genomicSuperDups_COzones_0.09/windows.txt --num-samples=100 --log=analysis/20220621_LocationPatterns/GATresults/WorkspaceHigh0.09_noX/log/HFNHinvs_avgBherer.log --stdout=analysis/20220621_LocationPatterns/GATresults/WorkspaceHigh0.09_noX/tsv/HFNHinvs_avgBherer.tsv
# job started at Tue Jun 21 11:22:34 2022 on rgomez-pc -- 28da0478-e36e-4551-a61a-e9317e4af7d2
# pid: 27532, system: Linux 5.3.0-7648-generic #41~1586790036~18.04~600aeb5-Ubuntu SMP Mon Apr 13 17:47:15 UTC  x86_64
# annotation_files                        : ['analysis/20220621_LocationPatterns/GATfiles/Segments/HFNHinvs.bed']
# annotations_label                       : None
# annotations_to_points                   : None
# bucket_size                             : 0
# cache                                   : None
# conditional                             : unconditional
# conditional_expansion                   : None
# conditional_extension                   : None
# counters                                : []
# enable_split_tracks                     : False
# ignore_segment_tracks                   : True
# input_filename_counts                   : None
# input_filename_descriptions             : None
# input_filename_results                  : None
# isochore_files                          : None
# loglevel                                : 1
# nbuckets                                : 100000
# null                                    : default
# num_samples                             : 100
# num_threads                             : 0
# output_bed                              : []
# output_counts_pattern                   : analysis/20220621_LocationPatterns/GATresults/WorkspaceHigh0.09_noX/counts/HFNHinvs_avgBherer_%s.tsv.gz
# output_filename_pattern                 : %s
# output_force                            : False
# output_order                            : fold
# output_plots_pattern                    : None
# output_samples_pattern                  : None
# output_stats                            : []
# output_tables_pattern                   : %s.tsv.gz
# overlapping_annotations                 : False
# pseudo_count                            : 1.0
# pvalue_method                           : empirical
# qvalue_lambda                           : None
# qvalue_method                           : BH
# qvalue_pi0_method                       : smoother
# random_seed                             : None
# restrict_workspace                      : False
# sample_files                            : []
# sampler                                 : annotator
# segment_files                           : ['analysis/20220621_LocationPatterns/GATfiles/Annotations/genomicSuperDups_coords_normal.bed']
# shift_expansion                         : 2.0
# shift_extension                         : 0
# short_help                              : None
# stderr                                  : <_io.TextIOWrapper name='<stderr>' mode='w' encoding='utf-8'>
# stdin                                   : <_io.TextIOWrapper name='<stdin>' mode='r' encoding='utf-8'>
# stdlog                                  : <_io.TextIOWrapper name='analysis/20220621_LocationPatterns/GATresults/WorkspaceHigh0.09_noX/log/HFNHinvs_avgBherer.log' mode='a' encoding='UTF-8'>
# stdout                                  : <_io.TextIOWrapper name='analysis/20220621_LocationPatterns/GATresults/WorkspaceHigh0.09_noX/tsv/HFNHinvs_avgBherer.tsv' mode='w' encoding='UTF-8'>
# timeit_file                             : None
# timeit_header                           : None
# timeit_name                             : all
# truncate_segments_to_workspace          : False
# truncate_workspace_to_annotations       : False
# workspace_files                         : ['analysis/20220621_LocationPatterns/GATfiles/Isochores/genomicSuperDups_COzones_0.09/windows.txt']
2022-06-21 11:22:34,604 INFO segments: reading tracks from 1 files
2022-06-21 11:22:34,730 INFO segments: read 1 tracks from 1 files
2022-06-21 11:22:34,734 INFO annotations: reading tracks from 1 files
2022-06-21 11:22:34,734 INFO annotations: read 30 tracks from 1 files
2022-06-21 11:22:34,734 INFO workspaces: reading tracks from 1 files
2022-06-21 11:22:34,735 INFO workspaces: read 2 tracks from 1 files
2022-06-21 11:22:34,735 INFO collapsing workspaces
2022-06-21 11:22:34,735 INFO intervals loaded in 0 seconds
2022-06-21 11:22:34,735 INFO collecting observed counts
2022-06-21 11:22:34,735 INFO starting sampling
2022-06-21 11:22:34,736 INFO sampling: merged: 1/1
2022-06-21 11:22:34,736 INFO performing unconditional sampling
2022-06-21 11:22:34,736 INFO workspace without conditioning: 0 segments, 0 nucleotides
2022-06-21 11:22:34,736 INFO workspace after conditioning: 0 segments, 0 nucleotides
2022-06-21 11:22:34,736 WARNING empty workspace - no computation performed
2022-06-21 11:22:34,736 INFO sampling finished
2022-06-21 11:22:34,736 INFO computing PValue statistics
2022-06-21 11:22:34,736 INFO writing counts to analysis/20220621_LocationPatterns/GATresults/WorkspaceHigh0.09_noX/counts/HFNHinvs_avgBherer_nucleotide-overlap.tsv.gz
2022-06-21 11:22:34,737 INFO computing FDR statistics
# job finished in 0 seconds at Tue Jun 21 11:22:34 2022 --  0.88  0.06  0.00  0.00 -- 28da0478-e36e-4551-a61a-e9317e4af7d2
# output generated by /home/rgomez/anaconda3/bin/gat-run.py --annotations=analysis/20220621_LocationPatterns/GATfiles/Segments/HFNHinvs.bed --segments=analysis/20220621_LocationPatterns/GATfiles/Annotations/genomicSuperDups_coords_normal.bed --output-counts-pattern=analysis/20220621_LocationPatterns/GATresults/WorkspaceHigh0.09_noX/counts/HFNHinvs_avgBherer_%s.tsv.gz --workspace=analysis/20220621_LocationPatterns/GATfiles/Workspace/workspace_avgBherer.bed --num-samples=100 --log=analysis/20220621_LocationPatterns/GATresults/WorkspaceHigh0.09_noX/log/HFNHinvs_avgBherer.log --stdout=analysis/20220621_LocationPatterns/GATresults/WorkspaceHigh0.09_noX/tsv/HFNHinvs_avgBherer.tsv
# job started at Tue Jun 21 11:26:11 2022 on rgomez-pc -- cad4dc28-8571-4020-8832-a0edd41083b9
# pid: 28197, system: Linux 5.3.0-7648-generic #41~1586790036~18.04~600aeb5-Ubuntu SMP Mon Apr 13 17:47:15 UTC  x86_64
# annotation_files                        : ['analysis/20220621_LocationPatterns/GATfiles/Segments/HFNHinvs.bed']
# annotations_label                       : None
# annotations_to_points                   : None
# bucket_size                             : 0
# cache                                   : None
# conditional                             : unconditional
# conditional_expansion                   : None
# conditional_extension                   : None
# counters                                : []
# enable_split_tracks                     : False
# ignore_segment_tracks                   : True
# input_filename_counts                   : None
# input_filename_descriptions             : None
# input_filename_results                  : None
# isochore_files                          : None
# loglevel                                : 1
# nbuckets                                : 100000
# null                                    : default
# num_samples                             : 100
# num_threads                             : 0
# output_bed                              : []
# output_counts_pattern                   : analysis/20220621_LocationPatterns/GATresults/WorkspaceHigh0.09_noX/counts/HFNHinvs_avgBherer_%s.tsv.gz
# output_filename_pattern                 : %s
# output_force                            : False
# output_order                            : fold
# output_plots_pattern                    : None
# output_samples_pattern                  : None
# output_stats                            : []
# output_tables_pattern                   : %s.tsv.gz
# overlapping_annotations                 : False
# pseudo_count                            : 1.0
# pvalue_method                           : empirical
# qvalue_lambda                           : None
# qvalue_method                           : BH
# qvalue_pi0_method                       : smoother
# random_seed                             : None
# restrict_workspace                      : False
# sample_files                            : []
# sampler                                 : annotator
# segment_files                           : ['analysis/20220621_LocationPatterns/GATfiles/Annotations/genomicSuperDups_coords_normal.bed']
# shift_expansion                         : 2.0
# shift_extension                         : 0
# short_help                              : None
# stderr                                  : <_io.TextIOWrapper name='<stderr>' mode='w' encoding='utf-8'>
# stdin                                   : <_io.TextIOWrapper name='<stdin>' mode='r' encoding='utf-8'>
# stdlog                                  : <_io.TextIOWrapper name='analysis/20220621_LocationPatterns/GATresults/WorkspaceHigh0.09_noX/log/HFNHinvs_avgBherer.log' mode='a' encoding='UTF-8'>
# stdout                                  : <_io.TextIOWrapper name='analysis/20220621_LocationPatterns/GATresults/WorkspaceHigh0.09_noX/tsv/HFNHinvs_avgBherer.tsv' mode='w' encoding='UTF-8'>
# timeit_file                             : None
# timeit_header                           : None
# timeit_name                             : all
# truncate_segments_to_workspace          : False
# truncate_workspace_to_annotations       : False
# workspace_files                         : ['analysis/20220621_LocationPatterns/GATfiles/Workspace/workspace_avgBherer.bed']
2022-06-21 11:26:11,449 INFO segments: reading tracks from 1 files
2022-06-21 11:26:11,562 INFO segments: read 1 tracks from 1 files
2022-06-21 11:26:11,566 INFO annotations: reading tracks from 1 files
2022-06-21 11:26:11,566 INFO annotations: read 30 tracks from 1 files
2022-06-21 11:26:11,567 INFO workspaces: reading tracks from 1 files
2022-06-21 11:26:11,567 INFO workspaces: read 1 tracks from 1 files
2022-06-21 11:26:11,567 INFO collapsing workspaces
2022-06-21 11:26:11,567 INFO intervals loaded in 0 seconds
2022-06-21 11:26:11,567 INFO collecting observed counts
2022-06-21 11:26:11,567 INFO starting sampling
2022-06-21 11:26:11,567 INFO sampling: merged: 1/1
2022-06-21 11:26:11,567 INFO performing unconditional sampling
2022-06-21 11:26:11,568 INFO workspace without conditioning: 39 segments, 2678195140 nucleotides
2022-06-21 11:26:11,568 INFO workspace after conditioning: 39 segments, 2678195140 nucleotides
2022-06-21 11:26:11,568 INFO sampling started
2022-06-21 11:26:11,664 INFO 0/100 done ( 0.00)
2022-06-21 11:26:20,244 INFO sampling completed
2022-06-21 11:26:20,244 INFO sampling finished
2022-06-21 11:26:20,244 INFO computing PValue statistics
2022-06-21 11:26:20,248 INFO writing counts to analysis/20220621_LocationPatterns/GATresults/WorkspaceHigh0.09_noX/counts/HFNHinvs_avgBherer_nucleotide-overlap.tsv.gz
2022-06-21 11:26:20,250 INFO computing FDR statistics
# job finished in 8 seconds at Tue Jun 21 11:26:20 2022 --  9.51  0.06  0.00  0.00 -- cad4dc28-8571-4020-8832-a0edd41083b9
# output generated by /home/rgomez/anaconda3/bin/gat-run.py --segments=analysis/20220621_LocationPatterns/GATfiles/Segments/HFNHinvs.bed --annotations=analysis/20220621_LocationPatterns/GATfiles/Annotations/annotations_avgBherer.bed --output-counts-pattern=analysis/20220621_LocationPatterns/GATresults/WorkspaceHigh0.09_noX/counts/HFNHinvs_avgBherer_%s.tsv.gz --workspace=analysis/20220621_LocationPatterns/GATfiles/Workspace/workspace_avgBherer.bed --num-samples=100 --log=analysis/20220621_LocationPatterns/GATresults/WorkspaceHigh0.09_noX/log/HFNHinvs_avgBherer.log --stdout=analysis/20220621_LocationPatterns/GATresults/WorkspaceHigh0.09_noX/tsv/HFNHinvs_avgBherer.tsv
# job started at Tue Jun 21 11:50:39 2022 on rgomez-pc -- e6d5ce9e-537f-4c93-8688-a90172bc3a80
# pid: 32727, system: Linux 5.3.0-7648-generic #41~1586790036~18.04~600aeb5-Ubuntu SMP Mon Apr 13 17:47:15 UTC  x86_64
# annotation_files                        : ['analysis/20220621_LocationPatterns/GATfiles/Annotations/annotations_avgBherer.bed']
# annotations_label                       : None
# annotations_to_points                   : None
# bucket_size                             : 0
# cache                                   : None
# conditional                             : unconditional
# conditional_expansion                   : None
# conditional_extension                   : None
# counters                                : []
# enable_split_tracks                     : False
# ignore_segment_tracks                   : True
# input_filename_counts                   : None
# input_filename_descriptions             : None
# input_filename_results                  : None
# isochore_files                          : None
# loglevel                                : 1
# nbuckets                                : 100000
# null                                    : default
# num_samples                             : 100
# num_threads                             : 0
# output_bed                              : []
# output_counts_pattern                   : analysis/20220621_LocationPatterns/GATresults/WorkspaceHigh0.09_noX/counts/HFNHinvs_avgBherer_%s.tsv.gz
# output_filename_pattern                 : %s
# output_force                            : False
# output_order                            : fold
# output_plots_pattern                    : None
# output_samples_pattern                  : None
# output_stats                            : []
# output_tables_pattern                   : %s.tsv.gz
# overlapping_annotations                 : False
# pseudo_count                            : 1.0
# pvalue_method                           : empirical
# qvalue_lambda                           : None
# qvalue_method                           : BH
# qvalue_pi0_method                       : smoother
# random_seed                             : None
# restrict_workspace                      : False
# sample_files                            : []
# sampler                                 : annotator
# segment_files                           : ['analysis/20220621_LocationPatterns/GATfiles/Segments/HFNHinvs.bed']
# shift_expansion                         : 2.0
# shift_extension                         : 0
# short_help                              : None
# stderr                                  : <_io.TextIOWrapper name='<stderr>' mode='w' encoding='utf-8'>
# stdin                                   : <_io.TextIOWrapper name='<stdin>' mode='r' encoding='utf-8'>
# stdlog                                  : <_io.TextIOWrapper name='analysis/20220621_LocationPatterns/GATresults/WorkspaceHigh0.09_noX/log/HFNHinvs_avgBherer.log' mode='a' encoding='UTF-8'>
# stdout                                  : <_io.TextIOWrapper name='analysis/20220621_LocationPatterns/GATresults/WorkspaceHigh0.09_noX/tsv/HFNHinvs_avgBherer.tsv' mode='w' encoding='UTF-8'>
# timeit_file                             : None
# timeit_header                           : None
# timeit_name                             : all
# truncate_segments_to_workspace          : False
# truncate_workspace_to_annotations       : False
# workspace_files                         : ['analysis/20220621_LocationPatterns/GATfiles/Workspace/workspace_avgBherer.bed']
2022-06-21 11:50:39,439 INFO segments: reading tracks from 1 files
2022-06-21 11:50:39,439 INFO segments: read 1 tracks from 1 files
2022-06-21 11:50:39,439 INFO annotations: reading tracks from 1 files
2022-06-21 11:50:39,711 INFO annotations: read 6 tracks from 1 files
2022-06-21 11:50:39,715 INFO workspaces: reading tracks from 1 files
2022-06-21 11:50:39,715 INFO workspaces: read 1 tracks from 1 files
2022-06-21 11:50:39,715 INFO collapsing workspaces
2022-06-21 11:50:39,715 INFO intervals loaded in 0 seconds
2022-06-21 11:50:39,716 INFO collecting observed counts
2022-06-21 11:50:39,716 INFO starting sampling
2022-06-21 11:50:39,716 INFO sampling: merged: 1/1
2022-06-21 11:50:39,716 INFO performing unconditional sampling
2022-06-21 11:50:39,717 INFO workspace without conditioning: 39 segments, 2678195140 nucleotides
2022-06-21 11:50:39,717 INFO workspace after conditioning: 39 segments, 2678195140 nucleotides
2022-06-21 11:50:39,717 INFO sampling started
2022-06-21 11:50:39,720 INFO 0/100 done ( 0.00)
2022-06-21 11:50:39,950 INFO sampling completed
2022-06-21 11:50:39,950 INFO sampling finished
2022-06-21 11:50:39,950 INFO computing PValue statistics
2022-06-21 11:50:39,952 INFO writing counts to analysis/20220621_LocationPatterns/GATresults/WorkspaceHigh0.09_noX/counts/HFNHinvs_avgBherer_nucleotide-overlap.tsv.gz
2022-06-21 11:50:39,953 INFO computing FDR statistics
# job finished in 0 seconds at Tue Jun 21 11:50:39 2022 --  1.25  0.04  0.00  0.00 -- e6d5ce9e-537f-4c93-8688-a90172bc3a80
