# output generated by /home/rgomez/anaconda3/bin/gat-run.py --annotations=analysis/20220621_LocationPatterns/GATfiles/Segments/HFno501invs.bed --segments=analysis/20220621_LocationPatterns/GATfiles/Annotations/genomicSuperDups_coords_normal.bed --output-counts-pattern=analysis/20220621_LocationPatterns/GATresults/WorkspaceHigh0.09_noX/counts/HFno501invs_CEUSpence_%s.tsv.gz --workspace=analysis/20220621_LocationPatterns/GATfiles/Isochores/genomicSuperDups_COzones_0.09/windows.txt --num-samples=100 --log=analysis/20220621_LocationPatterns/GATresults/WorkspaceHigh0.09_noX/log/HFno501invs_CEUSpence.log --stdout=analysis/20220621_LocationPatterns/GATresults/WorkspaceHigh0.09_noX/tsv/HFno501invs_CEUSpence.tsv
# job started at Tue Jun 21 11:22:36 2022 on rgomez-pc -- d9656200-bfe3-490b-934a-ad58cc009183
# pid: 27545, system: Linux 5.3.0-7648-generic #41~1586790036~18.04~600aeb5-Ubuntu SMP Mon Apr 13 17:47:15 UTC  x86_64
# annotation_files                        : ['analysis/20220621_LocationPatterns/GATfiles/Segments/HFno501invs.bed']
# annotations_label                       : None
# annotations_to_points                   : None
# bucket_size                             : 0
# cache                                   : None
# conditional                             : unconditional
# conditional_expansion                   : None
# conditional_extension                   : None
# counters                                : []
# enable_split_tracks                     : False
# ignore_segment_tracks                   : True
# input_filename_counts                   : None
# input_filename_descriptions             : None
# input_filename_results                  : None
# isochore_files                          : None
# loglevel                                : 1
# nbuckets                                : 100000
# null                                    : default
# num_samples                             : 100
# num_threads                             : 0
# output_bed                              : []
# output_counts_pattern                   : analysis/20220621_LocationPatterns/GATresults/WorkspaceHigh0.09_noX/counts/HFno501invs_CEUSpence_%s.tsv.gz
# output_filename_pattern                 : %s
# output_force                            : False
# output_order                            : fold
# output_plots_pattern                    : None
# output_samples_pattern                  : None
# output_stats                            : []
# output_tables_pattern                   : %s.tsv.gz
# overlapping_annotations                 : False
# pseudo_count                            : 1.0
# pvalue_method                           : empirical
# qvalue_lambda                           : None
# qvalue_method                           : BH
# qvalue_pi0_method                       : smoother
# random_seed                             : None
# restrict_workspace                      : False
# sample_files                            : []
# sampler                                 : annotator
# segment_files                           : ['analysis/20220621_LocationPatterns/GATfiles/Annotations/genomicSuperDups_coords_normal.bed']
# shift_expansion                         : 2.0
# shift_extension                         : 0
# short_help                              : None
# stderr                                  : <_io.TextIOWrapper name='<stderr>' mode='w' encoding='utf-8'>
# stdin                                   : <_io.TextIOWrapper name='<stdin>' mode='r' encoding='utf-8'>
# stdlog                                  : <_io.TextIOWrapper name='analysis/20220621_LocationPatterns/GATresults/WorkspaceHigh0.09_noX/log/HFno501invs_CEUSpence.log' mode='a' encoding='UTF-8'>
# stdout                                  : <_io.TextIOWrapper name='analysis/20220621_LocationPatterns/GATresults/WorkspaceHigh0.09_noX/tsv/HFno501invs_CEUSpence.tsv' mode='w' encoding='UTF-8'>
# timeit_file                             : None
# timeit_header                           : None
# timeit_name                             : all
# truncate_segments_to_workspace          : False
# truncate_workspace_to_annotations       : False
# workspace_files                         : ['analysis/20220621_LocationPatterns/GATfiles/Isochores/genomicSuperDups_COzones_0.09/windows.txt']
2022-06-21 11:22:36,621 INFO segments: reading tracks from 1 files
2022-06-21 11:22:36,731 INFO segments: read 1 tracks from 1 files
2022-06-21 11:22:36,736 INFO annotations: reading tracks from 1 files
2022-06-21 11:22:36,737 INFO annotations: read 59 tracks from 1 files
2022-06-21 11:22:36,737 INFO workspaces: reading tracks from 1 files
2022-06-21 11:22:36,737 INFO workspaces: read 2 tracks from 1 files
2022-06-21 11:22:36,737 INFO collapsing workspaces
2022-06-21 11:22:36,738 INFO intervals loaded in 0 seconds
2022-06-21 11:22:36,738 INFO collecting observed counts
2022-06-21 11:22:36,738 INFO starting sampling
2022-06-21 11:22:36,738 INFO sampling: merged: 1/1
2022-06-21 11:22:36,738 INFO performing unconditional sampling
2022-06-21 11:22:36,739 INFO workspace without conditioning: 0 segments, 0 nucleotides
2022-06-21 11:22:36,739 INFO workspace after conditioning: 0 segments, 0 nucleotides
2022-06-21 11:22:36,739 WARNING empty workspace - no computation performed
2022-06-21 11:22:36,739 INFO sampling finished
2022-06-21 11:22:36,739 INFO computing PValue statistics
2022-06-21 11:22:36,740 INFO writing counts to analysis/20220621_LocationPatterns/GATresults/WorkspaceHigh0.09_noX/counts/HFno501invs_CEUSpence_nucleotide-overlap.tsv.gz
2022-06-21 11:22:36,740 INFO computing FDR statistics
# job finished in 0 seconds at Tue Jun 21 11:22:36 2022 --  0.86  0.02  0.00  0.00 -- d9656200-bfe3-490b-934a-ad58cc009183
# output generated by /home/rgomez/anaconda3/bin/gat-run.py --annotations=analysis/20220621_LocationPatterns/GATfiles/Segments/HFno501invs.bed --segments=analysis/20220621_LocationPatterns/GATfiles/Annotations/genomicSuperDups_coords_normal.bed --output-counts-pattern=analysis/20220621_LocationPatterns/GATresults/WorkspaceHigh0.09_noX/counts/HFno501invs_CEUSpence_%s.tsv.gz --workspace=analysis/20220621_LocationPatterns/GATfiles/Workspace/workspace_CEUSpence.bed --num-samples=100 --log=analysis/20220621_LocationPatterns/GATresults/WorkspaceHigh0.09_noX/log/HFno501invs_CEUSpence.log --stdout=analysis/20220621_LocationPatterns/GATresults/WorkspaceHigh0.09_noX/tsv/HFno501invs_CEUSpence.tsv
# job started at Tue Jun 21 11:26:29 2022 on rgomez-pc -- b4375aaf-9d6f-4cd4-96bc-70242b885430
# pid: 28220, system: Linux 5.3.0-7648-generic #41~1586790036~18.04~600aeb5-Ubuntu SMP Mon Apr 13 17:47:15 UTC  x86_64
# annotation_files                        : ['analysis/20220621_LocationPatterns/GATfiles/Segments/HFno501invs.bed']
# annotations_label                       : None
# annotations_to_points                   : None
# bucket_size                             : 0
# cache                                   : None
# conditional                             : unconditional
# conditional_expansion                   : None
# conditional_extension                   : None
# counters                                : []
# enable_split_tracks                     : False
# ignore_segment_tracks                   : True
# input_filename_counts                   : None
# input_filename_descriptions             : None
# input_filename_results                  : None
# isochore_files                          : None
# loglevel                                : 1
# nbuckets                                : 100000
# null                                    : default
# num_samples                             : 100
# num_threads                             : 0
# output_bed                              : []
# output_counts_pattern                   : analysis/20220621_LocationPatterns/GATresults/WorkspaceHigh0.09_noX/counts/HFno501invs_CEUSpence_%s.tsv.gz
# output_filename_pattern                 : %s
# output_force                            : False
# output_order                            : fold
# output_plots_pattern                    : None
# output_samples_pattern                  : None
# output_stats                            : []
# output_tables_pattern                   : %s.tsv.gz
# overlapping_annotations                 : False
# pseudo_count                            : 1.0
# pvalue_method                           : empirical
# qvalue_lambda                           : None
# qvalue_method                           : BH
# qvalue_pi0_method                       : smoother
# random_seed                             : None
# restrict_workspace                      : False
# sample_files                            : []
# sampler                                 : annotator
# segment_files                           : ['analysis/20220621_LocationPatterns/GATfiles/Annotations/genomicSuperDups_coords_normal.bed']
# shift_expansion                         : 2.0
# shift_extension                         : 0
# short_help                              : None
# stderr                                  : <_io.TextIOWrapper name='<stderr>' mode='w' encoding='utf-8'>
# stdin                                   : <_io.TextIOWrapper name='<stdin>' mode='r' encoding='utf-8'>
# stdlog                                  : <_io.TextIOWrapper name='analysis/20220621_LocationPatterns/GATresults/WorkspaceHigh0.09_noX/log/HFno501invs_CEUSpence.log' mode='a' encoding='UTF-8'>
# stdout                                  : <_io.TextIOWrapper name='analysis/20220621_LocationPatterns/GATresults/WorkspaceHigh0.09_noX/tsv/HFno501invs_CEUSpence.tsv' mode='w' encoding='UTF-8'>
# timeit_file                             : None
# timeit_header                           : None
# timeit_name                             : all
# truncate_segments_to_workspace          : False
# truncate_workspace_to_annotations       : False
# workspace_files                         : ['analysis/20220621_LocationPatterns/GATfiles/Workspace/workspace_CEUSpence.bed']
2022-06-21 11:26:29,987 INFO segments: reading tracks from 1 files
2022-06-21 11:26:30,096 INFO segments: read 1 tracks from 1 files
2022-06-21 11:26:30,099 INFO annotations: reading tracks from 1 files
2022-06-21 11:26:30,100 INFO annotations: read 59 tracks from 1 files
2022-06-21 11:26:30,100 INFO workspaces: reading tracks from 1 files
2022-06-21 11:26:30,100 INFO workspaces: read 1 tracks from 1 files
2022-06-21 11:26:30,100 INFO collapsing workspaces
2022-06-21 11:26:30,100 INFO intervals loaded in 0 seconds
2022-06-21 11:26:30,100 INFO collecting observed counts
2022-06-21 11:26:30,101 INFO starting sampling
2022-06-21 11:26:30,101 INFO sampling: merged: 1/1
2022-06-21 11:26:30,101 INFO performing unconditional sampling
2022-06-21 11:26:30,102 INFO workspace without conditioning: 40 segments, 2698883317 nucleotides
2022-06-21 11:26:30,102 INFO workspace after conditioning: 40 segments, 2698883317 nucleotides
2022-06-21 11:26:30,102 INFO sampling started
2022-06-21 11:26:30,188 INFO 0/100 done ( 0.00)
2022-06-21 11:26:38,627 INFO sampling completed
2022-06-21 11:26:38,628 INFO sampling finished
2022-06-21 11:26:38,628 INFO computing PValue statistics
2022-06-21 11:26:38,636 INFO writing counts to analysis/20220621_LocationPatterns/GATresults/WorkspaceHigh0.09_noX/counts/HFno501invs_CEUSpence_nucleotide-overlap.tsv.gz
2022-06-21 11:26:38,640 INFO computing FDR statistics
# job finished in 8 seconds at Tue Jun 21 11:26:38 2022 --  9.38  0.05  0.00  0.00 -- b4375aaf-9d6f-4cd4-96bc-70242b885430
# output generated by /home/rgomez/anaconda3/bin/gat-run.py --segments=analysis/20220621_LocationPatterns/GATfiles/Segments/HFno501invs.bed --annotations=analysis/20220621_LocationPatterns/GATfiles/Annotations/annotations_CEUSpence.bed --output-counts-pattern=analysis/20220621_LocationPatterns/GATresults/WorkspaceHigh0.09_noX/counts/HFno501invs_CEUSpence_%s.tsv.gz --workspace=analysis/20220621_LocationPatterns/GATfiles/Workspace/workspace_CEUSpence.bed --num-samples=100 --log=analysis/20220621_LocationPatterns/GATresults/WorkspaceHigh0.09_noX/log/HFno501invs_CEUSpence.log --stdout=analysis/20220621_LocationPatterns/GATresults/WorkspaceHigh0.09_noX/tsv/HFno501invs_CEUSpence.tsv
# job started at Tue Jun 21 11:50:42 2022 on rgomez-pc -- 0e2f44f0-4070-4243-8ad3-788ac43b3e8e
# pid: 32744, system: Linux 5.3.0-7648-generic #41~1586790036~18.04~600aeb5-Ubuntu SMP Mon Apr 13 17:47:15 UTC  x86_64
# annotation_files                        : ['analysis/20220621_LocationPatterns/GATfiles/Annotations/annotations_CEUSpence.bed']
# annotations_label                       : None
# annotations_to_points                   : None
# bucket_size                             : 0
# cache                                   : None
# conditional                             : unconditional
# conditional_expansion                   : None
# conditional_extension                   : None
# counters                                : []
# enable_split_tracks                     : False
# ignore_segment_tracks                   : True
# input_filename_counts                   : None
# input_filename_descriptions             : None
# input_filename_results                  : None
# isochore_files                          : None
# loglevel                                : 1
# nbuckets                                : 100000
# null                                    : default
# num_samples                             : 100
# num_threads                             : 0
# output_bed                              : []
# output_counts_pattern                   : analysis/20220621_LocationPatterns/GATresults/WorkspaceHigh0.09_noX/counts/HFno501invs_CEUSpence_%s.tsv.gz
# output_filename_pattern                 : %s
# output_force                            : False
# output_order                            : fold
# output_plots_pattern                    : None
# output_samples_pattern                  : None
# output_stats                            : []
# output_tables_pattern                   : %s.tsv.gz
# overlapping_annotations                 : False
# pseudo_count                            : 1.0
# pvalue_method                           : empirical
# qvalue_lambda                           : None
# qvalue_method                           : BH
# qvalue_pi0_method                       : smoother
# random_seed                             : None
# restrict_workspace                      : False
# sample_files                            : []
# sampler                                 : annotator
# segment_files                           : ['analysis/20220621_LocationPatterns/GATfiles/Segments/HFno501invs.bed']
# shift_expansion                         : 2.0
# shift_extension                         : 0
# short_help                              : None
# stderr                                  : <_io.TextIOWrapper name='<stderr>' mode='w' encoding='utf-8'>
# stdin                                   : <_io.TextIOWrapper name='<stdin>' mode='r' encoding='utf-8'>
# stdlog                                  : <_io.TextIOWrapper name='analysis/20220621_LocationPatterns/GATresults/WorkspaceHigh0.09_noX/log/HFno501invs_CEUSpence.log' mode='a' encoding='UTF-8'>
# stdout                                  : <_io.TextIOWrapper name='analysis/20220621_LocationPatterns/GATresults/WorkspaceHigh0.09_noX/tsv/HFno501invs_CEUSpence.tsv' mode='w' encoding='UTF-8'>
# timeit_file                             : None
# timeit_header                           : None
# timeit_name                             : all
# truncate_segments_to_workspace          : False
# truncate_workspace_to_annotations       : False
# workspace_files                         : ['analysis/20220621_LocationPatterns/GATfiles/Workspace/workspace_CEUSpence.bed']
2022-06-21 11:50:42,606 INFO segments: reading tracks from 1 files
2022-06-21 11:50:42,607 INFO segments: read 1 tracks from 1 files
2022-06-21 11:50:42,607 INFO annotations: reading tracks from 1 files
2022-06-21 11:50:42,965 INFO annotations: read 6 tracks from 1 files
2022-06-21 11:50:42,970 INFO workspaces: reading tracks from 1 files
2022-06-21 11:50:42,970 INFO workspaces: read 1 tracks from 1 files
2022-06-21 11:50:42,970 INFO collapsing workspaces
2022-06-21 11:50:42,970 INFO intervals loaded in 0 seconds
2022-06-21 11:50:42,971 INFO collecting observed counts
2022-06-21 11:50:42,972 INFO starting sampling
2022-06-21 11:50:42,972 INFO sampling: merged: 1/1
2022-06-21 11:50:42,972 INFO performing unconditional sampling
2022-06-21 11:50:42,973 INFO workspace without conditioning: 40 segments, 2698883317 nucleotides
2022-06-21 11:50:42,973 INFO workspace after conditioning: 40 segments, 2698883317 nucleotides
2022-06-21 11:50:42,973 INFO sampling started
2022-06-21 11:50:42,979 INFO 0/100 done ( 0.00)
2022-06-21 11:50:43,532 INFO sampling completed
2022-06-21 11:50:43,533 INFO sampling finished
2022-06-21 11:50:43,533 INFO computing PValue statistics
2022-06-21 11:50:43,534 INFO writing counts to analysis/20220621_LocationPatterns/GATresults/WorkspaceHigh0.09_noX/counts/HFno501invs_CEUSpence_nucleotide-overlap.tsv.gz
2022-06-21 11:50:43,535 INFO computing FDR statistics
# job finished in 0 seconds at Tue Jun 21 11:50:43 2022 --  1.73  0.04  0.00  0.00 -- 0e2f44f0-4070-4243-8ad3-788ac43b3e8e
