# output generated by /home/rgomez/anaconda3/bin/gat-run.py --annotations=analysis/20220621_LocationPatterns/GATfiles/Segments/invs.bed --segments=analysis/20220621_LocationPatterns/GATfiles/Annotations/genomicSuperDups_coords_normal.bed --output-counts-pattern=analysis/20220621_LocationPatterns/GATresults/WorkspaceHigh0.09_noX/counts/invs_CEUSpence_%s.tsv.gz --workspace=analysis/20220621_LocationPatterns/GATfiles/Isochores/genomicSuperDups_COzones_0.09/windows.txt --num-samples=100 --log=analysis/20220621_LocationPatterns/GATresults/WorkspaceHigh0.09_noX/log/invs_CEUSpence.log --stdout=analysis/20220621_LocationPatterns/GATresults/WorkspaceHigh0.09_noX/tsv/invs_CEUSpence.tsv
# job started at Tue Jun 21 11:22:39 2022 on rgomez-pc -- 970ecf84-a2e0-474d-bfbd-18593a7539e7
# pid: 27560, system: Linux 5.3.0-7648-generic #41~1586790036~18.04~600aeb5-Ubuntu SMP Mon Apr 13 17:47:15 UTC  x86_64
# annotation_files                        : ['analysis/20220621_LocationPatterns/GATfiles/Segments/invs.bed']
# annotations_label                       : None
# annotations_to_points                   : None
# bucket_size                             : 0
# cache                                   : None
# conditional                             : unconditional
# conditional_expansion                   : None
# conditional_extension                   : None
# counters                                : []
# enable_split_tracks                     : False
# ignore_segment_tracks                   : True
# input_filename_counts                   : None
# input_filename_descriptions             : None
# input_filename_results                  : None
# isochore_files                          : None
# loglevel                                : 1
# nbuckets                                : 100000
# null                                    : default
# num_samples                             : 100
# num_threads                             : 0
# output_bed                              : []
# output_counts_pattern                   : analysis/20220621_LocationPatterns/GATresults/WorkspaceHigh0.09_noX/counts/invs_CEUSpence_%s.tsv.gz
# output_filename_pattern                 : %s
# output_force                            : False
# output_order                            : fold
# output_plots_pattern                    : None
# output_samples_pattern                  : None
# output_stats                            : []
# output_tables_pattern                   : %s.tsv.gz
# overlapping_annotations                 : False
# pseudo_count                            : 1.0
# pvalue_method                           : empirical
# qvalue_lambda                           : None
# qvalue_method                           : BH
# qvalue_pi0_method                       : smoother
# random_seed                             : None
# restrict_workspace                      : False
# sample_files                            : []
# sampler                                 : annotator
# segment_files                           : ['analysis/20220621_LocationPatterns/GATfiles/Annotations/genomicSuperDups_coords_normal.bed']
# shift_expansion                         : 2.0
# shift_extension                         : 0
# short_help                              : None
# stderr                                  : <_io.TextIOWrapper name='<stderr>' mode='w' encoding='utf-8'>
# stdin                                   : <_io.TextIOWrapper name='<stdin>' mode='r' encoding='utf-8'>
# stdlog                                  : <_io.TextIOWrapper name='analysis/20220621_LocationPatterns/GATresults/WorkspaceHigh0.09_noX/log/invs_CEUSpence.log' mode='a' encoding='UTF-8'>
# stdout                                  : <_io.TextIOWrapper name='analysis/20220621_LocationPatterns/GATresults/WorkspaceHigh0.09_noX/tsv/invs_CEUSpence.tsv' mode='w' encoding='UTF-8'>
# timeit_file                             : None
# timeit_header                           : None
# timeit_name                             : all
# truncate_segments_to_workspace          : False
# truncate_workspace_to_annotations       : False
# workspace_files                         : ['analysis/20220621_LocationPatterns/GATfiles/Isochores/genomicSuperDups_COzones_0.09/windows.txt']
2022-06-21 11:22:39,674 INFO segments: reading tracks from 1 files
2022-06-21 11:22:39,786 INFO segments: read 1 tracks from 1 files
2022-06-21 11:22:39,790 INFO annotations: reading tracks from 1 files
2022-06-21 11:22:39,832 INFO annotations: read 137 tracks from 1 files
2022-06-21 11:22:39,832 INFO workspaces: reading tracks from 1 files
2022-06-21 11:22:39,833 INFO workspaces: read 2 tracks from 1 files
2022-06-21 11:22:39,833 INFO collapsing workspaces
2022-06-21 11:22:39,833 INFO intervals loaded in 0 seconds
2022-06-21 11:22:39,833 INFO collecting observed counts
2022-06-21 11:22:39,835 INFO starting sampling
2022-06-21 11:22:39,835 INFO sampling: merged: 1/1
2022-06-21 11:22:39,835 INFO performing unconditional sampling
2022-06-21 11:22:39,839 INFO workspace without conditioning: 0 segments, 0 nucleotides
2022-06-21 11:22:39,839 INFO workspace after conditioning: 0 segments, 0 nucleotides
2022-06-21 11:22:39,839 WARNING empty workspace - no computation performed
2022-06-21 11:22:39,840 INFO sampling finished
2022-06-21 11:22:39,840 INFO computing PValue statistics
2022-06-21 11:22:39,840 INFO writing counts to analysis/20220621_LocationPatterns/GATresults/WorkspaceHigh0.09_noX/counts/invs_CEUSpence_nucleotide-overlap.tsv.gz
2022-06-21 11:22:39,840 INFO computing FDR statistics
# job finished in 0 seconds at Tue Jun 21 11:22:39 2022 --  0.86  0.07  0.00  0.00 -- 970ecf84-a2e0-474d-bfbd-18593a7539e7
# output generated by /home/rgomez/anaconda3/bin/gat-run.py --annotations=analysis/20220621_LocationPatterns/GATfiles/Segments/invs.bed --segments=analysis/20220621_LocationPatterns/GATfiles/Annotations/genomicSuperDups_coords_normal.bed --output-counts-pattern=analysis/20220621_LocationPatterns/GATresults/WorkspaceHigh0.09_noX/counts/invs_CEUSpence_%s.tsv.gz --workspace=analysis/20220621_LocationPatterns/GATfiles/Workspace/workspace_CEUSpence.bed --num-samples=100 --log=analysis/20220621_LocationPatterns/GATresults/WorkspaceHigh0.09_noX/log/invs_CEUSpence.log --stdout=analysis/20220621_LocationPatterns/GATresults/WorkspaceHigh0.09_noX/tsv/invs_CEUSpence.tsv
# job started at Tue Jun 21 11:26:57 2022 on rgomez-pc -- ebafcdc8-142f-421f-a2b1-18a39e7bc375
# pid: 28238, system: Linux 5.3.0-7648-generic #41~1586790036~18.04~600aeb5-Ubuntu SMP Mon Apr 13 17:47:15 UTC  x86_64
# annotation_files                        : ['analysis/20220621_LocationPatterns/GATfiles/Segments/invs.bed']
# annotations_label                       : None
# annotations_to_points                   : None
# bucket_size                             : 0
# cache                                   : None
# conditional                             : unconditional
# conditional_expansion                   : None
# conditional_extension                   : None
# counters                                : []
# enable_split_tracks                     : False
# ignore_segment_tracks                   : True
# input_filename_counts                   : None
# input_filename_descriptions             : None
# input_filename_results                  : None
# isochore_files                          : None
# loglevel                                : 1
# nbuckets                                : 100000
# null                                    : default
# num_samples                             : 100
# num_threads                             : 0
# output_bed                              : []
# output_counts_pattern                   : analysis/20220621_LocationPatterns/GATresults/WorkspaceHigh0.09_noX/counts/invs_CEUSpence_%s.tsv.gz
# output_filename_pattern                 : %s
# output_force                            : False
# output_order                            : fold
# output_plots_pattern                    : None
# output_samples_pattern                  : None
# output_stats                            : []
# output_tables_pattern                   : %s.tsv.gz
# overlapping_annotations                 : False
# pseudo_count                            : 1.0
# pvalue_method                           : empirical
# qvalue_lambda                           : None
# qvalue_method                           : BH
# qvalue_pi0_method                       : smoother
# random_seed                             : None
# restrict_workspace                      : False
# sample_files                            : []
# sampler                                 : annotator
# segment_files                           : ['analysis/20220621_LocationPatterns/GATfiles/Annotations/genomicSuperDups_coords_normal.bed']
# shift_expansion                         : 2.0
# shift_extension                         : 0
# short_help                              : None
# stderr                                  : <_io.TextIOWrapper name='<stderr>' mode='w' encoding='utf-8'>
# stdin                                   : <_io.TextIOWrapper name='<stdin>' mode='r' encoding='utf-8'>
# stdlog                                  : <_io.TextIOWrapper name='analysis/20220621_LocationPatterns/GATresults/WorkspaceHigh0.09_noX/log/invs_CEUSpence.log' mode='a' encoding='UTF-8'>
# stdout                                  : <_io.TextIOWrapper name='analysis/20220621_LocationPatterns/GATresults/WorkspaceHigh0.09_noX/tsv/invs_CEUSpence.tsv' mode='w' encoding='UTF-8'>
# timeit_file                             : None
# timeit_header                           : None
# timeit_name                             : all
# truncate_segments_to_workspace          : False
# truncate_workspace_to_annotations       : False
# workspace_files                         : ['analysis/20220621_LocationPatterns/GATfiles/Workspace/workspace_CEUSpence.bed']
2022-06-21 11:26:57,542 INFO segments: reading tracks from 1 files
2022-06-21 11:26:57,654 INFO segments: read 1 tracks from 1 files
2022-06-21 11:26:57,658 INFO annotations: reading tracks from 1 files
2022-06-21 11:26:57,659 INFO annotations: read 137 tracks from 1 files
2022-06-21 11:26:57,659 INFO workspaces: reading tracks from 1 files
2022-06-21 11:26:57,659 INFO workspaces: read 1 tracks from 1 files
2022-06-21 11:26:57,659 INFO collapsing workspaces
2022-06-21 11:26:57,659 INFO intervals loaded in 0 seconds
2022-06-21 11:26:57,659 INFO collecting observed counts
2022-06-21 11:26:57,660 INFO starting sampling
2022-06-21 11:26:57,660 INFO sampling: merged: 1/1
2022-06-21 11:26:57,660 INFO performing unconditional sampling
2022-06-21 11:26:57,662 INFO workspace without conditioning: 40 segments, 2698883317 nucleotides
2022-06-21 11:26:57,662 INFO workspace after conditioning: 40 segments, 2698883317 nucleotides
2022-06-21 11:26:57,662 INFO sampling started
2022-06-21 11:26:57,760 INFO 0/100 done ( 0.00)
2022-06-21 11:27:07,085 INFO sampling completed
2022-06-21 11:27:07,087 INFO sampling finished
2022-06-21 11:27:07,087 INFO computing PValue statistics
2022-06-21 11:27:07,106 INFO writing counts to analysis/20220621_LocationPatterns/GATresults/WorkspaceHigh0.09_noX/counts/invs_CEUSpence_nucleotide-overlap.tsv.gz
2022-06-21 11:27:07,115 INFO computing FDR statistics
# job finished in 9 seconds at Tue Jun 21 11:27:07 2022 -- 10.31  0.03  0.00  0.00 -- ebafcdc8-142f-421f-a2b1-18a39e7bc375
# output generated by /home/rgomez/anaconda3/bin/gat-run.py --segments=analysis/20220621_LocationPatterns/GATfiles/Segments/invs.bed --annotations=analysis/20220621_LocationPatterns/GATfiles/Annotations/annotations_CEUSpence.bed --output-counts-pattern=analysis/20220621_LocationPatterns/GATresults/WorkspaceHigh0.09_noX/counts/invs_CEUSpence_%s.tsv.gz --workspace=analysis/20220621_LocationPatterns/GATfiles/Workspace/workspace_CEUSpence.bed --num-samples=100 --log=analysis/20220621_LocationPatterns/GATresults/WorkspaceHigh0.09_noX/log/invs_CEUSpence.log --stdout=analysis/20220621_LocationPatterns/GATresults/WorkspaceHigh0.09_noX/tsv/invs_CEUSpence.tsv
# job started at Tue Jun 21 11:50:48 2022 on rgomez-pc -- a16165e4-9d9d-497d-b3d0-ef2af2f777a4
# pid: 32759, system: Linux 5.3.0-7648-generic #41~1586790036~18.04~600aeb5-Ubuntu SMP Mon Apr 13 17:47:15 UTC  x86_64
# annotation_files                        : ['analysis/20220621_LocationPatterns/GATfiles/Annotations/annotations_CEUSpence.bed']
# annotations_label                       : None
# annotations_to_points                   : None
# bucket_size                             : 0
# cache                                   : None
# conditional                             : unconditional
# conditional_expansion                   : None
# conditional_extension                   : None
# counters                                : []
# enable_split_tracks                     : False
# ignore_segment_tracks                   : True
# input_filename_counts                   : None
# input_filename_descriptions             : None
# input_filename_results                  : None
# isochore_files                          : None
# loglevel                                : 1
# nbuckets                                : 100000
# null                                    : default
# num_samples                             : 100
# num_threads                             : 0
# output_bed                              : []
# output_counts_pattern                   : analysis/20220621_LocationPatterns/GATresults/WorkspaceHigh0.09_noX/counts/invs_CEUSpence_%s.tsv.gz
# output_filename_pattern                 : %s
# output_force                            : False
# output_order                            : fold
# output_plots_pattern                    : None
# output_samples_pattern                  : None
# output_stats                            : []
# output_tables_pattern                   : %s.tsv.gz
# overlapping_annotations                 : False
# pseudo_count                            : 1.0
# pvalue_method                           : empirical
# qvalue_lambda                           : None
# qvalue_method                           : BH
# qvalue_pi0_method                       : smoother
# random_seed                             : None
# restrict_workspace                      : False
# sample_files                            : []
# sampler                                 : annotator
# segment_files                           : ['analysis/20220621_LocationPatterns/GATfiles/Segments/invs.bed']
# shift_expansion                         : 2.0
# shift_extension                         : 0
# short_help                              : None
# stderr                                  : <_io.TextIOWrapper name='<stderr>' mode='w' encoding='utf-8'>
# stdin                                   : <_io.TextIOWrapper name='<stdin>' mode='r' encoding='utf-8'>
# stdlog                                  : <_io.TextIOWrapper name='analysis/20220621_LocationPatterns/GATresults/WorkspaceHigh0.09_noX/log/invs_CEUSpence.log' mode='a' encoding='UTF-8'>
# stdout                                  : <_io.TextIOWrapper name='analysis/20220621_LocationPatterns/GATresults/WorkspaceHigh0.09_noX/tsv/invs_CEUSpence.tsv' mode='w' encoding='UTF-8'>
# timeit_file                             : None
# timeit_header                           : None
# timeit_name                             : all
# truncate_segments_to_workspace          : False
# truncate_workspace_to_annotations       : False
# workspace_files                         : ['analysis/20220621_LocationPatterns/GATfiles/Workspace/workspace_CEUSpence.bed']
2022-06-21 11:50:48,158 INFO segments: reading tracks from 1 files
2022-06-21 11:50:48,158 INFO segments: read 1 tracks from 1 files
2022-06-21 11:50:48,158 INFO annotations: reading tracks from 1 files
2022-06-21 11:50:48,516 INFO annotations: read 6 tracks from 1 files
2022-06-21 11:50:48,521 INFO workspaces: reading tracks from 1 files
2022-06-21 11:50:48,521 INFO workspaces: read 1 tracks from 1 files
2022-06-21 11:50:48,521 INFO collapsing workspaces
2022-06-21 11:50:48,521 INFO intervals loaded in 0 seconds
2022-06-21 11:50:48,522 INFO collecting observed counts
2022-06-21 11:50:48,523 INFO starting sampling
2022-06-21 11:50:48,523 INFO sampling: merged: 1/1
2022-06-21 11:50:48,523 INFO performing unconditional sampling
2022-06-21 11:50:48,524 INFO workspace without conditioning: 40 segments, 2698883317 nucleotides
2022-06-21 11:50:48,525 INFO workspace after conditioning: 40 segments, 2698883317 nucleotides
2022-06-21 11:50:48,525 INFO sampling started
2022-06-21 11:50:48,536 INFO 0/100 done ( 0.00)
2022-06-21 11:50:49,576 INFO sampling completed
2022-06-21 11:50:49,576 INFO sampling finished
2022-06-21 11:50:49,576 INFO computing PValue statistics
2022-06-21 11:50:49,578 INFO writing counts to analysis/20220621_LocationPatterns/GATresults/WorkspaceHigh0.09_noX/counts/invs_CEUSpence_nucleotide-overlap.tsv.gz
2022-06-21 11:50:49,579 INFO computing FDR statistics
# job finished in 1 seconds at Tue Jun 21 11:50:49 2022 --  2.25  0.04  0.00  0.00 -- a16165e4-9d9d-497d-b3d0-ef2af2f777a4
