# output generated by /home/rgomez/anaconda3/bin/gat-run.py --annotations=analysis/20220621_LocationPatterns/GATfiles/Segments/invs.bed --segments=analysis/20220621_LocationPatterns/GATfiles/Annotations/genomicSuperDups_coords_normal.bed --output-counts-pattern=analysis/20220621_LocationPatterns/GATresults/WorkspaceHigh0.09_noX/counts/invs_avgBherer_%s.tsv.gz --workspace=analysis/20220621_LocationPatterns/GATfiles/Isochores/genomicSuperDups_COzones_0.09/windows.txt --num-samples=100 --log=analysis/20220621_LocationPatterns/GATresults/WorkspaceHigh0.09_noX/log/invs_avgBherer.log --stdout=analysis/20220621_LocationPatterns/GATresults/WorkspaceHigh0.09_noX/tsv/invs_avgBherer.tsv
# job started at Tue Jun 21 11:22:40 2022 on rgomez-pc -- fd034f8a-b4f0-4c55-8336-70f56b29b480
# pid: 27563, system: Linux 5.3.0-7648-generic #41~1586790036~18.04~600aeb5-Ubuntu SMP Mon Apr 13 17:47:15 UTC  x86_64
# annotation_files                        : ['analysis/20220621_LocationPatterns/GATfiles/Segments/invs.bed']
# annotations_label                       : None
# annotations_to_points                   : None
# bucket_size                             : 0
# cache                                   : None
# conditional                             : unconditional
# conditional_expansion                   : None
# conditional_extension                   : None
# counters                                : []
# enable_split_tracks                     : False
# ignore_segment_tracks                   : True
# input_filename_counts                   : None
# input_filename_descriptions             : None
# input_filename_results                  : None
# isochore_files                          : None
# loglevel                                : 1
# nbuckets                                : 100000
# null                                    : default
# num_samples                             : 100
# num_threads                             : 0
# output_bed                              : []
# output_counts_pattern                   : analysis/20220621_LocationPatterns/GATresults/WorkspaceHigh0.09_noX/counts/invs_avgBherer_%s.tsv.gz
# output_filename_pattern                 : %s
# output_force                            : False
# output_order                            : fold
# output_plots_pattern                    : None
# output_samples_pattern                  : None
# output_stats                            : []
# output_tables_pattern                   : %s.tsv.gz
# overlapping_annotations                 : False
# pseudo_count                            : 1.0
# pvalue_method                           : empirical
# qvalue_lambda                           : None
# qvalue_method                           : BH
# qvalue_pi0_method                       : smoother
# random_seed                             : None
# restrict_workspace                      : False
# sample_files                            : []
# sampler                                 : annotator
# segment_files                           : ['analysis/20220621_LocationPatterns/GATfiles/Annotations/genomicSuperDups_coords_normal.bed']
# shift_expansion                         : 2.0
# shift_extension                         : 0
# short_help                              : None
# stderr                                  : <_io.TextIOWrapper name='<stderr>' mode='w' encoding='utf-8'>
# stdin                                   : <_io.TextIOWrapper name='<stdin>' mode='r' encoding='utf-8'>
# stdlog                                  : <_io.TextIOWrapper name='analysis/20220621_LocationPatterns/GATresults/WorkspaceHigh0.09_noX/log/invs_avgBherer.log' mode='a' encoding='UTF-8'>
# stdout                                  : <_io.TextIOWrapper name='analysis/20220621_LocationPatterns/GATresults/WorkspaceHigh0.09_noX/tsv/invs_avgBherer.tsv' mode='w' encoding='UTF-8'>
# timeit_file                             : None
# timeit_header                           : None
# timeit_name                             : all
# truncate_segments_to_workspace          : False
# truncate_workspace_to_annotations       : False
# workspace_files                         : ['analysis/20220621_LocationPatterns/GATfiles/Isochores/genomicSuperDups_COzones_0.09/windows.txt']
2022-06-21 11:22:40,738 INFO segments: reading tracks from 1 files
2022-06-21 11:22:40,862 INFO segments: read 1 tracks from 1 files
2022-06-21 11:22:40,866 INFO annotations: reading tracks from 1 files
2022-06-21 11:22:40,867 INFO annotations: read 137 tracks from 1 files
2022-06-21 11:22:40,867 INFO workspaces: reading tracks from 1 files
2022-06-21 11:22:40,868 INFO workspaces: read 2 tracks from 1 files
2022-06-21 11:22:40,868 INFO collapsing workspaces
2022-06-21 11:22:40,868 INFO intervals loaded in 0 seconds
2022-06-21 11:22:40,868 INFO collecting observed counts
2022-06-21 11:22:40,869 INFO starting sampling
2022-06-21 11:22:40,869 INFO sampling: merged: 1/1
2022-06-21 11:22:40,869 INFO performing unconditional sampling
2022-06-21 11:22:40,872 INFO workspace without conditioning: 0 segments, 0 nucleotides
2022-06-21 11:22:40,872 INFO workspace after conditioning: 0 segments, 0 nucleotides
2022-06-21 11:22:40,872 WARNING empty workspace - no computation performed
2022-06-21 11:22:40,872 INFO sampling finished
2022-06-21 11:22:40,872 INFO computing PValue statistics
2022-06-21 11:22:40,872 INFO writing counts to analysis/20220621_LocationPatterns/GATresults/WorkspaceHigh0.09_noX/counts/invs_avgBherer_nucleotide-overlap.tsv.gz
2022-06-21 11:22:40,873 INFO computing FDR statistics
# job finished in 0 seconds at Tue Jun 21 11:22:40 2022 --  0.88  0.04  0.00  0.00 -- fd034f8a-b4f0-4c55-8336-70f56b29b480
# output generated by /home/rgomez/anaconda3/bin/gat-run.py --annotations=analysis/20220621_LocationPatterns/GATfiles/Segments/invs.bed --segments=analysis/20220621_LocationPatterns/GATfiles/Annotations/genomicSuperDups_coords_normal.bed --output-counts-pattern=analysis/20220621_LocationPatterns/GATresults/WorkspaceHigh0.09_noX/counts/invs_avgBherer_%s.tsv.gz --workspace=analysis/20220621_LocationPatterns/GATfiles/Workspace/workspace_avgBherer.bed --num-samples=100 --log=analysis/20220621_LocationPatterns/GATresults/WorkspaceHigh0.09_noX/log/invs_avgBherer.log --stdout=analysis/20220621_LocationPatterns/GATresults/WorkspaceHigh0.09_noX/tsv/invs_avgBherer.tsv
# job started at Tue Jun 21 11:27:08 2022 on rgomez-pc -- d6b3bffe-e4a6-4c88-9b2b-f12c785ac795
# pid: 28242, system: Linux 5.3.0-7648-generic #41~1586790036~18.04~600aeb5-Ubuntu SMP Mon Apr 13 17:47:15 UTC  x86_64
# annotation_files                        : ['analysis/20220621_LocationPatterns/GATfiles/Segments/invs.bed']
# annotations_label                       : None
# annotations_to_points                   : None
# bucket_size                             : 0
# cache                                   : None
# conditional                             : unconditional
# conditional_expansion                   : None
# conditional_extension                   : None
# counters                                : []
# enable_split_tracks                     : False
# ignore_segment_tracks                   : True
# input_filename_counts                   : None
# input_filename_descriptions             : None
# input_filename_results                  : None
# isochore_files                          : None
# loglevel                                : 1
# nbuckets                                : 100000
# null                                    : default
# num_samples                             : 100
# num_threads                             : 0
# output_bed                              : []
# output_counts_pattern                   : analysis/20220621_LocationPatterns/GATresults/WorkspaceHigh0.09_noX/counts/invs_avgBherer_%s.tsv.gz
# output_filename_pattern                 : %s
# output_force                            : False
# output_order                            : fold
# output_plots_pattern                    : None
# output_samples_pattern                  : None
# output_stats                            : []
# output_tables_pattern                   : %s.tsv.gz
# overlapping_annotations                 : False
# pseudo_count                            : 1.0
# pvalue_method                           : empirical
# qvalue_lambda                           : None
# qvalue_method                           : BH
# qvalue_pi0_method                       : smoother
# random_seed                             : None
# restrict_workspace                      : False
# sample_files                            : []
# sampler                                 : annotator
# segment_files                           : ['analysis/20220621_LocationPatterns/GATfiles/Annotations/genomicSuperDups_coords_normal.bed']
# shift_expansion                         : 2.0
# shift_extension                         : 0
# short_help                              : None
# stderr                                  : <_io.TextIOWrapper name='<stderr>' mode='w' encoding='utf-8'>
# stdin                                   : <_io.TextIOWrapper name='<stdin>' mode='r' encoding='utf-8'>
# stdlog                                  : <_io.TextIOWrapper name='analysis/20220621_LocationPatterns/GATresults/WorkspaceHigh0.09_noX/log/invs_avgBherer.log' mode='a' encoding='UTF-8'>
# stdout                                  : <_io.TextIOWrapper name='analysis/20220621_LocationPatterns/GATresults/WorkspaceHigh0.09_noX/tsv/invs_avgBherer.tsv' mode='w' encoding='UTF-8'>
# timeit_file                             : None
# timeit_header                           : None
# timeit_name                             : all
# truncate_segments_to_workspace          : False
# truncate_workspace_to_annotations       : False
# workspace_files                         : ['analysis/20220621_LocationPatterns/GATfiles/Workspace/workspace_avgBherer.bed']
2022-06-21 11:27:08,010 INFO segments: reading tracks from 1 files
2022-06-21 11:27:08,125 INFO segments: read 1 tracks from 1 files
2022-06-21 11:27:08,130 INFO annotations: reading tracks from 1 files
2022-06-21 11:27:08,131 INFO annotations: read 137 tracks from 1 files
2022-06-21 11:27:08,131 INFO workspaces: reading tracks from 1 files
2022-06-21 11:27:08,132 INFO workspaces: read 1 tracks from 1 files
2022-06-21 11:27:08,132 INFO collapsing workspaces
2022-06-21 11:27:08,132 INFO intervals loaded in 0 seconds
2022-06-21 11:27:08,133 INFO collecting observed counts
2022-06-21 11:27:08,134 INFO starting sampling
2022-06-21 11:27:08,134 INFO sampling: merged: 1/1
2022-06-21 11:27:08,134 INFO performing unconditional sampling
2022-06-21 11:27:08,136 INFO workspace without conditioning: 39 segments, 2678195140 nucleotides
2022-06-21 11:27:08,136 INFO workspace after conditioning: 39 segments, 2678195140 nucleotides
2022-06-21 11:27:08,137 INFO sampling started
2022-06-21 11:27:08,243 INFO 0/100 done ( 0.00)
2022-06-21 11:27:17,427 INFO sampling completed
2022-06-21 11:27:17,429 INFO sampling finished
2022-06-21 11:27:17,429 INFO computing PValue statistics
2022-06-21 11:27:17,448 INFO writing counts to analysis/20220621_LocationPatterns/GATresults/WorkspaceHigh0.09_noX/counts/invs_avgBherer_nucleotide-overlap.tsv.gz
2022-06-21 11:27:17,457 INFO computing FDR statistics
# job finished in 9 seconds at Tue Jun 21 11:27:17 2022 -- 10.18  0.05  0.00  0.00 -- d6b3bffe-e4a6-4c88-9b2b-f12c785ac795
# output generated by /home/rgomez/anaconda3/bin/gat-run.py --segments=analysis/20220621_LocationPatterns/GATfiles/Segments/invs.bed --annotations=analysis/20220621_LocationPatterns/GATfiles/Annotations/annotations_avgBherer.bed --output-counts-pattern=analysis/20220621_LocationPatterns/GATresults/WorkspaceHigh0.09_noX/counts/invs_avgBherer_%s.tsv.gz --workspace=analysis/20220621_LocationPatterns/GATfiles/Workspace/workspace_avgBherer.bed --num-samples=100 --log=analysis/20220621_LocationPatterns/GATresults/WorkspaceHigh0.09_noX/log/invs_avgBherer.log --stdout=analysis/20220621_LocationPatterns/GATresults/WorkspaceHigh0.09_noX/tsv/invs_avgBherer.tsv
# job started at Tue Jun 21 11:50:50 2022 on rgomez-pc -- 2ebf9ef1-0fa1-40d0-a3ef-4db2f49f212d
# pid: 32761, system: Linux 5.3.0-7648-generic #41~1586790036~18.04~600aeb5-Ubuntu SMP Mon Apr 13 17:47:15 UTC  x86_64
# annotation_files                        : ['analysis/20220621_LocationPatterns/GATfiles/Annotations/annotations_avgBherer.bed']
# annotations_label                       : None
# annotations_to_points                   : None
# bucket_size                             : 0
# cache                                   : None
# conditional                             : unconditional
# conditional_expansion                   : None
# conditional_extension                   : None
# counters                                : []
# enable_split_tracks                     : False
# ignore_segment_tracks                   : True
# input_filename_counts                   : None
# input_filename_descriptions             : None
# input_filename_results                  : None
# isochore_files                          : None
# loglevel                                : 1
# nbuckets                                : 100000
# null                                    : default
# num_samples                             : 100
# num_threads                             : 0
# output_bed                              : []
# output_counts_pattern                   : analysis/20220621_LocationPatterns/GATresults/WorkspaceHigh0.09_noX/counts/invs_avgBherer_%s.tsv.gz
# output_filename_pattern                 : %s
# output_force                            : False
# output_order                            : fold
# output_plots_pattern                    : None
# output_samples_pattern                  : None
# output_stats                            : []
# output_tables_pattern                   : %s.tsv.gz
# overlapping_annotations                 : False
# pseudo_count                            : 1.0
# pvalue_method                           : empirical
# qvalue_lambda                           : None
# qvalue_method                           : BH
# qvalue_pi0_method                       : smoother
# random_seed                             : None
# restrict_workspace                      : False
# sample_files                            : []
# sampler                                 : annotator
# segment_files                           : ['analysis/20220621_LocationPatterns/GATfiles/Segments/invs.bed']
# shift_expansion                         : 2.0
# shift_extension                         : 0
# short_help                              : None
# stderr                                  : <_io.TextIOWrapper name='<stderr>' mode='w' encoding='utf-8'>
# stdin                                   : <_io.TextIOWrapper name='<stdin>' mode='r' encoding='utf-8'>
# stdlog                                  : <_io.TextIOWrapper name='analysis/20220621_LocationPatterns/GATresults/WorkspaceHigh0.09_noX/log/invs_avgBherer.log' mode='a' encoding='UTF-8'>
# stdout                                  : <_io.TextIOWrapper name='analysis/20220621_LocationPatterns/GATresults/WorkspaceHigh0.09_noX/tsv/invs_avgBherer.tsv' mode='w' encoding='UTF-8'>
# timeit_file                             : None
# timeit_header                           : None
# timeit_name                             : all
# truncate_segments_to_workspace          : False
# truncate_workspace_to_annotations       : False
# workspace_files                         : ['analysis/20220621_LocationPatterns/GATfiles/Workspace/workspace_avgBherer.bed']
2022-06-21 11:50:50,610 INFO segments: reading tracks from 1 files
2022-06-21 11:50:50,611 INFO segments: read 1 tracks from 1 files
2022-06-21 11:50:50,611 INFO annotations: reading tracks from 1 files
2022-06-21 11:50:50,905 INFO annotations: read 6 tracks from 1 files
2022-06-21 11:50:50,910 INFO workspaces: reading tracks from 1 files
2022-06-21 11:50:50,910 INFO workspaces: read 1 tracks from 1 files
2022-06-21 11:50:50,910 INFO collapsing workspaces
2022-06-21 11:50:50,910 INFO intervals loaded in 0 seconds
2022-06-21 11:50:50,911 INFO collecting observed counts
2022-06-21 11:50:50,912 INFO starting sampling
2022-06-21 11:50:50,912 INFO sampling: merged: 1/1
2022-06-21 11:50:50,912 INFO performing unconditional sampling
2022-06-21 11:50:50,913 INFO workspace without conditioning: 39 segments, 2678195140 nucleotides
2022-06-21 11:50:50,913 INFO workspace after conditioning: 39 segments, 2678195140 nucleotides
2022-06-21 11:50:50,913 INFO sampling started
2022-06-21 11:50:50,923 INFO 0/100 done ( 0.00)
2022-06-21 11:50:51,864 INFO sampling completed
2022-06-21 11:50:51,864 INFO sampling finished
2022-06-21 11:50:51,864 INFO computing PValue statistics
2022-06-21 11:50:51,866 INFO writing counts to analysis/20220621_LocationPatterns/GATresults/WorkspaceHigh0.09_noX/counts/invs_avgBherer_nucleotide-overlap.tsv.gz
2022-06-21 11:50:51,867 INFO computing FDR statistics
# job finished in 1 seconds at Tue Jun 21 11:50:51 2022 --  2.11  0.02  0.00  0.00 -- 2ebf9ef1-0fa1-40d0-a3ef-4db2f49f212d
