# output generated by /home/rgomez/anaconda3/bin/gat-run.py --annotations=analysis/20220621_LocationPatterns/GATfiles/Segments/LFNAHRinvs.bed --segments=analysis/20220621_LocationPatterns/GATfiles/Annotations/genomicSuperDups_coords_normal.bed --output-counts-pattern=analysis/20220621_LocationPatterns/GATresults/WorkspaceHigh0.09_noX/counts/LFNAHRinvs_femBherer_%s.tsv.gz --workspace=analysis/20220621_LocationPatterns/GATfiles/Isochores/genomicSuperDups_COzones_0.09/windows.txt --num-samples=100 --log=analysis/20220621_LocationPatterns/GATresults/WorkspaceHigh0.09_noX/log/LFNAHRinvs_femBherer.log --stdout=analysis/20220621_LocationPatterns/GATresults/WorkspaceHigh0.09_noX/tsv/LFNAHRinvs_femBherer.tsv
# job started at Tue Jun 21 11:22:47 2022 on rgomez-pc -- c3a91806-e0fc-4ec0-a926-2c4e356d7c63
# pid: 27597, system: Linux 5.3.0-7648-generic #41~1586790036~18.04~600aeb5-Ubuntu SMP Mon Apr 13 17:47:15 UTC  x86_64
# annotation_files                        : ['analysis/20220621_LocationPatterns/GATfiles/Segments/LFNAHRinvs.bed']
# annotations_label                       : None
# annotations_to_points                   : None
# bucket_size                             : 0
# cache                                   : None
# conditional                             : unconditional
# conditional_expansion                   : None
# conditional_extension                   : None
# counters                                : []
# enable_split_tracks                     : False
# ignore_segment_tracks                   : True
# input_filename_counts                   : None
# input_filename_descriptions             : None
# input_filename_results                  : None
# isochore_files                          : None
# loglevel                                : 1
# nbuckets                                : 100000
# null                                    : default
# num_samples                             : 100
# num_threads                             : 0
# output_bed                              : []
# output_counts_pattern                   : analysis/20220621_LocationPatterns/GATresults/WorkspaceHigh0.09_noX/counts/LFNAHRinvs_femBherer_%s.tsv.gz
# output_filename_pattern                 : %s
# output_force                            : False
# output_order                            : fold
# output_plots_pattern                    : None
# output_samples_pattern                  : None
# output_stats                            : []
# output_tables_pattern                   : %s.tsv.gz
# overlapping_annotations                 : False
# pseudo_count                            : 1.0
# pvalue_method                           : empirical
# qvalue_lambda                           : None
# qvalue_method                           : BH
# qvalue_pi0_method                       : smoother
# random_seed                             : None
# restrict_workspace                      : False
# sample_files                            : []
# sampler                                 : annotator
# segment_files                           : ['analysis/20220621_LocationPatterns/GATfiles/Annotations/genomicSuperDups_coords_normal.bed']
# shift_expansion                         : 2.0
# shift_extension                         : 0
# short_help                              : None
# stderr                                  : <_io.TextIOWrapper name='<stderr>' mode='w' encoding='utf-8'>
# stdin                                   : <_io.TextIOWrapper name='<stdin>' mode='r' encoding='utf-8'>
# stdlog                                  : <_io.TextIOWrapper name='analysis/20220621_LocationPatterns/GATresults/WorkspaceHigh0.09_noX/log/LFNAHRinvs_femBherer.log' mode='a' encoding='UTF-8'>
# stdout                                  : <_io.TextIOWrapper name='analysis/20220621_LocationPatterns/GATresults/WorkspaceHigh0.09_noX/tsv/LFNAHRinvs_femBherer.tsv' mode='w' encoding='UTF-8'>
# timeit_file                             : None
# timeit_header                           : None
# timeit_name                             : all
# truncate_segments_to_workspace          : False
# truncate_workspace_to_annotations       : False
# workspace_files                         : ['analysis/20220621_LocationPatterns/GATfiles/Isochores/genomicSuperDups_COzones_0.09/windows.txt']
2022-06-21 11:22:47,990 INFO segments: reading tracks from 1 files
2022-06-21 11:22:48,101 INFO segments: read 1 tracks from 1 files
2022-06-21 11:22:48,105 INFO annotations: reading tracks from 1 files
2022-06-21 11:22:48,106 INFO annotations: read 27 tracks from 1 files
2022-06-21 11:22:48,106 INFO workspaces: reading tracks from 1 files
2022-06-21 11:22:48,106 INFO workspaces: read 2 tracks from 1 files
2022-06-21 11:22:48,106 INFO collapsing workspaces
2022-06-21 11:22:48,106 INFO intervals loaded in 0 seconds
2022-06-21 11:22:48,107 INFO collecting observed counts
2022-06-21 11:22:48,107 INFO starting sampling
2022-06-21 11:22:48,107 INFO sampling: merged: 1/1
2022-06-21 11:22:48,107 INFO performing unconditional sampling
2022-06-21 11:22:48,107 INFO workspace without conditioning: 0 segments, 0 nucleotides
2022-06-21 11:22:48,107 INFO workspace after conditioning: 0 segments, 0 nucleotides
2022-06-21 11:22:48,107 WARNING empty workspace - no computation performed
2022-06-21 11:22:48,108 INFO sampling finished
2022-06-21 11:22:48,108 INFO computing PValue statistics
2022-06-21 11:22:48,108 INFO writing counts to analysis/20220621_LocationPatterns/GATresults/WorkspaceHigh0.09_noX/counts/LFNAHRinvs_femBherer_nucleotide-overlap.tsv.gz
2022-06-21 11:22:48,108 INFO computing FDR statistics
# job finished in 0 seconds at Tue Jun 21 11:22:48 2022 --  0.85  0.02  0.00  0.00 -- c3a91806-e0fc-4ec0-a926-2c4e356d7c63
# output generated by /home/rgomez/anaconda3/bin/gat-run.py --annotations=analysis/20220621_LocationPatterns/GATfiles/Segments/LFNAHRinvs.bed --segments=analysis/20220621_LocationPatterns/GATfiles/Annotations/genomicSuperDups_coords_normal.bed --output-counts-pattern=analysis/20220621_LocationPatterns/GATresults/WorkspaceHigh0.09_noX/counts/LFNAHRinvs_femBherer_%s.tsv.gz --workspace=analysis/20220621_LocationPatterns/GATfiles/Workspace/workspace_femBherer.bed --num-samples=100 --log=analysis/20220621_LocationPatterns/GATresults/WorkspaceHigh0.09_noX/log/LFNAHRinvs_femBherer.log --stdout=analysis/20220621_LocationPatterns/GATresults/WorkspaceHigh0.09_noX/tsv/LFNAHRinvs_femBherer.tsv
# job started at Tue Jun 21 11:28:13 2022 on rgomez-pc -- 65417077-b8c2-4217-997e-394b6a6be9c8
# pid: 28289, system: Linux 5.3.0-7648-generic #41~1586790036~18.04~600aeb5-Ubuntu SMP Mon Apr 13 17:47:15 UTC  x86_64
# annotation_files                        : ['analysis/20220621_LocationPatterns/GATfiles/Segments/LFNAHRinvs.bed']
# annotations_label                       : None
# annotations_to_points                   : None
# bucket_size                             : 0
# cache                                   : None
# conditional                             : unconditional
# conditional_expansion                   : None
# conditional_extension                   : None
# counters                                : []
# enable_split_tracks                     : False
# ignore_segment_tracks                   : True
# input_filename_counts                   : None
# input_filename_descriptions             : None
# input_filename_results                  : None
# isochore_files                          : None
# loglevel                                : 1
# nbuckets                                : 100000
# null                                    : default
# num_samples                             : 100
# num_threads                             : 0
# output_bed                              : []
# output_counts_pattern                   : analysis/20220621_LocationPatterns/GATresults/WorkspaceHigh0.09_noX/counts/LFNAHRinvs_femBherer_%s.tsv.gz
# output_filename_pattern                 : %s
# output_force                            : False
# output_order                            : fold
# output_plots_pattern                    : None
# output_samples_pattern                  : None
# output_stats                            : []
# output_tables_pattern                   : %s.tsv.gz
# overlapping_annotations                 : False
# pseudo_count                            : 1.0
# pvalue_method                           : empirical
# qvalue_lambda                           : None
# qvalue_method                           : BH
# qvalue_pi0_method                       : smoother
# random_seed                             : None
# restrict_workspace                      : False
# sample_files                            : []
# sampler                                 : annotator
# segment_files                           : ['analysis/20220621_LocationPatterns/GATfiles/Annotations/genomicSuperDups_coords_normal.bed']
# shift_expansion                         : 2.0
# shift_extension                         : 0
# short_help                              : None
# stderr                                  : <_io.TextIOWrapper name='<stderr>' mode='w' encoding='utf-8'>
# stdin                                   : <_io.TextIOWrapper name='<stdin>' mode='r' encoding='utf-8'>
# stdlog                                  : <_io.TextIOWrapper name='analysis/20220621_LocationPatterns/GATresults/WorkspaceHigh0.09_noX/log/LFNAHRinvs_femBherer.log' mode='a' encoding='UTF-8'>
# stdout                                  : <_io.TextIOWrapper name='analysis/20220621_LocationPatterns/GATresults/WorkspaceHigh0.09_noX/tsv/LFNAHRinvs_femBherer.tsv' mode='w' encoding='UTF-8'>
# timeit_file                             : None
# timeit_header                           : None
# timeit_name                             : all
# truncate_segments_to_workspace          : False
# truncate_workspace_to_annotations       : False
# workspace_files                         : ['analysis/20220621_LocationPatterns/GATfiles/Workspace/workspace_femBherer.bed']
2022-06-21 11:28:13,292 INFO segments: reading tracks from 1 files
2022-06-21 11:28:13,400 INFO segments: read 1 tracks from 1 files
2022-06-21 11:28:13,404 INFO annotations: reading tracks from 1 files
2022-06-21 11:28:13,404 INFO annotations: read 27 tracks from 1 files
2022-06-21 11:28:13,404 INFO workspaces: reading tracks from 1 files
2022-06-21 11:28:13,405 INFO workspaces: read 1 tracks from 1 files
2022-06-21 11:28:13,405 INFO collapsing workspaces
2022-06-21 11:28:13,405 INFO intervals loaded in 0 seconds
2022-06-21 11:28:13,405 INFO collecting observed counts
2022-06-21 11:28:13,405 INFO starting sampling
2022-06-21 11:28:13,405 INFO sampling: merged: 1/1
2022-06-21 11:28:13,405 INFO performing unconditional sampling
2022-06-21 11:28:13,406 INFO workspace without conditioning: 41 segments, 2826410475 nucleotides
2022-06-21 11:28:13,406 INFO workspace after conditioning: 41 segments, 2826410475 nucleotides
2022-06-21 11:28:13,406 INFO sampling started
2022-06-21 11:28:13,484 INFO 0/100 done ( 0.00)
2022-06-21 11:28:21,425 INFO sampling completed
2022-06-21 11:28:21,426 INFO sampling finished
2022-06-21 11:28:21,426 INFO computing PValue statistics
2022-06-21 11:28:21,430 INFO writing counts to analysis/20220621_LocationPatterns/GATresults/WorkspaceHigh0.09_noX/counts/LFNAHRinvs_femBherer_nucleotide-overlap.tsv.gz
2022-06-21 11:28:21,431 INFO computing FDR statistics
# job finished in 8 seconds at Tue Jun 21 11:28:21 2022 --  8.86  0.03  0.00  0.00 -- 65417077-b8c2-4217-997e-394b6a6be9c8
# output generated by /home/rgomez/anaconda3/bin/gat-run.py --segments=analysis/20220621_LocationPatterns/GATfiles/Segments/LFNAHRinvs.bed --annotations=analysis/20220621_LocationPatterns/GATfiles/Annotations/annotations_femBherer.bed --output-counts-pattern=analysis/20220621_LocationPatterns/GATresults/WorkspaceHigh0.09_noX/counts/LFNAHRinvs_femBherer_%s.tsv.gz --workspace=analysis/20220621_LocationPatterns/GATfiles/Workspace/workspace_femBherer.bed --num-samples=100 --log=analysis/20220621_LocationPatterns/GATresults/WorkspaceHigh0.09_noX/log/LFNAHRinvs_femBherer.log --stdout=analysis/20220621_LocationPatterns/GATresults/WorkspaceHigh0.09_noX/tsv/LFNAHRinvs_femBherer.tsv
# job started at Tue Jun 21 11:51:03 2022 on rgomez-pc -- 2ad14566-3bb5-411e-92ae-5f1abecb0ee7
# pid: 498, system: Linux 5.3.0-7648-generic #41~1586790036~18.04~600aeb5-Ubuntu SMP Mon Apr 13 17:47:15 UTC  x86_64
# annotation_files                        : ['analysis/20220621_LocationPatterns/GATfiles/Annotations/annotations_femBherer.bed']
# annotations_label                       : None
# annotations_to_points                   : None
# bucket_size                             : 0
# cache                                   : None
# conditional                             : unconditional
# conditional_expansion                   : None
# conditional_extension                   : None
# counters                                : []
# enable_split_tracks                     : False
# ignore_segment_tracks                   : True
# input_filename_counts                   : None
# input_filename_descriptions             : None
# input_filename_results                  : None
# isochore_files                          : None
# loglevel                                : 1
# nbuckets                                : 100000
# null                                    : default
# num_samples                             : 100
# num_threads                             : 0
# output_bed                              : []
# output_counts_pattern                   : analysis/20220621_LocationPatterns/GATresults/WorkspaceHigh0.09_noX/counts/LFNAHRinvs_femBherer_%s.tsv.gz
# output_filename_pattern                 : %s
# output_force                            : False
# output_order                            : fold
# output_plots_pattern                    : None
# output_samples_pattern                  : None
# output_stats                            : []
# output_tables_pattern                   : %s.tsv.gz
# overlapping_annotations                 : False
# pseudo_count                            : 1.0
# pvalue_method                           : empirical
# qvalue_lambda                           : None
# qvalue_method                           : BH
# qvalue_pi0_method                       : smoother
# random_seed                             : None
# restrict_workspace                      : False
# sample_files                            : []
# sampler                                 : annotator
# segment_files                           : ['analysis/20220621_LocationPatterns/GATfiles/Segments/LFNAHRinvs.bed']
# shift_expansion                         : 2.0
# shift_extension                         : 0
# short_help                              : None
# stderr                                  : <_io.TextIOWrapper name='<stderr>' mode='w' encoding='utf-8'>
# stdin                                   : <_io.TextIOWrapper name='<stdin>' mode='r' encoding='utf-8'>
# stdlog                                  : <_io.TextIOWrapper name='analysis/20220621_LocationPatterns/GATresults/WorkspaceHigh0.09_noX/log/LFNAHRinvs_femBherer.log' mode='a' encoding='UTF-8'>
# stdout                                  : <_io.TextIOWrapper name='analysis/20220621_LocationPatterns/GATresults/WorkspaceHigh0.09_noX/tsv/LFNAHRinvs_femBherer.tsv' mode='w' encoding='UTF-8'>
# timeit_file                             : None
# timeit_header                           : None
# timeit_name                             : all
# truncate_segments_to_workspace          : False
# truncate_workspace_to_annotations       : False
# workspace_files                         : ['analysis/20220621_LocationPatterns/GATfiles/Workspace/workspace_femBherer.bed']
2022-06-21 11:51:03,710 INFO segments: reading tracks from 1 files
2022-06-21 11:51:03,711 INFO segments: read 1 tracks from 1 files
2022-06-21 11:51:03,711 INFO annotations: reading tracks from 1 files
2022-06-21 11:51:04,009 INFO annotations: read 6 tracks from 1 files
2022-06-21 11:51:04,013 INFO workspaces: reading tracks from 1 files
2022-06-21 11:51:04,013 INFO workspaces: read 1 tracks from 1 files
2022-06-21 11:51:04,013 INFO collapsing workspaces
2022-06-21 11:51:04,013 INFO intervals loaded in 0 seconds
2022-06-21 11:51:04,014 INFO collecting observed counts
2022-06-21 11:51:04,015 INFO starting sampling
2022-06-21 11:51:04,015 INFO sampling: merged: 1/1
2022-06-21 11:51:04,015 INFO performing unconditional sampling
2022-06-21 11:51:04,016 INFO workspace without conditioning: 41 segments, 2826410475 nucleotides
2022-06-21 11:51:04,016 INFO workspace after conditioning: 41 segments, 2826410475 nucleotides
2022-06-21 11:51:04,017 INFO sampling started
2022-06-21 11:51:04,019 INFO 0/100 done ( 0.00)
2022-06-21 11:51:04,268 INFO sampling completed
2022-06-21 11:51:04,268 INFO sampling finished
2022-06-21 11:51:04,269 INFO computing PValue statistics
2022-06-21 11:51:04,271 INFO writing counts to analysis/20220621_LocationPatterns/GATresults/WorkspaceHigh0.09_noX/counts/LFNAHRinvs_femBherer_nucleotide-overlap.tsv.gz
2022-06-21 11:51:04,272 INFO computing FDR statistics
# job finished in 0 seconds at Tue Jun 21 11:51:04 2022 --  1.44  0.03  0.00  0.00 -- 2ad14566-3bb5-411e-92ae-5f1abecb0ee7
