# output generated by /home/rgomez/anaconda3/bin/gat-run.py --annotations=analysis/20220621_LocationPatterns/GATfiles/Segments/LFNHinvs.bed --segments=analysis/20220621_LocationPatterns/GATfiles/Annotations/genomicSuperDups_coords_normal.bed --output-counts-pattern=analysis/20220621_LocationPatterns/GATresults/WorkspaceHigh0.09_noX/counts/LFNHinvs_avgBherer_%s.tsv.gz --workspace=analysis/20220621_LocationPatterns/GATfiles/Isochores/genomicSuperDups_COzones_0.09/windows.txt --num-samples=100 --log=analysis/20220621_LocationPatterns/GATresults/WorkspaceHigh0.09_noX/log/LFNHinvs_avgBherer.log --stdout=analysis/20220621_LocationPatterns/GATresults/WorkspaceHigh0.09_noX/tsv/LFNHinvs_avgBherer.tsv
# job started at Tue Jun 21 11:22:50 2022 on rgomez-pc -- 468e40ce-dd38-42f6-8bb0-58270dbbc48a
# pid: 27609, system: Linux 5.3.0-7648-generic #41~1586790036~18.04~600aeb5-Ubuntu SMP Mon Apr 13 17:47:15 UTC  x86_64
# annotation_files                        : ['analysis/20220621_LocationPatterns/GATfiles/Segments/LFNHinvs.bed']
# annotations_label                       : None
# annotations_to_points                   : None
# bucket_size                             : 0
# cache                                   : None
# conditional                             : unconditional
# conditional_expansion                   : None
# conditional_extension                   : None
# counters                                : []
# enable_split_tracks                     : False
# ignore_segment_tracks                   : True
# input_filename_counts                   : None
# input_filename_descriptions             : None
# input_filename_results                  : None
# isochore_files                          : None
# loglevel                                : 1
# nbuckets                                : 100000
# null                                    : default
# num_samples                             : 100
# num_threads                             : 0
# output_bed                              : []
# output_counts_pattern                   : analysis/20220621_LocationPatterns/GATresults/WorkspaceHigh0.09_noX/counts/LFNHinvs_avgBherer_%s.tsv.gz
# output_filename_pattern                 : %s
# output_force                            : False
# output_order                            : fold
# output_plots_pattern                    : None
# output_samples_pattern                  : None
# output_stats                            : []
# output_tables_pattern                   : %s.tsv.gz
# overlapping_annotations                 : False
# pseudo_count                            : 1.0
# pvalue_method                           : empirical
# qvalue_lambda                           : None
# qvalue_method                           : BH
# qvalue_pi0_method                       : smoother
# random_seed                             : None
# restrict_workspace                      : False
# sample_files                            : []
# sampler                                 : annotator
# segment_files                           : ['analysis/20220621_LocationPatterns/GATfiles/Annotations/genomicSuperDups_coords_normal.bed']
# shift_expansion                         : 2.0
# shift_extension                         : 0
# short_help                              : None
# stderr                                  : <_io.TextIOWrapper name='<stderr>' mode='w' encoding='utf-8'>
# stdin                                   : <_io.TextIOWrapper name='<stdin>' mode='r' encoding='utf-8'>
# stdlog                                  : <_io.TextIOWrapper name='analysis/20220621_LocationPatterns/GATresults/WorkspaceHigh0.09_noX/log/LFNHinvs_avgBherer.log' mode='a' encoding='UTF-8'>
# stdout                                  : <_io.TextIOWrapper name='analysis/20220621_LocationPatterns/GATresults/WorkspaceHigh0.09_noX/tsv/LFNHinvs_avgBherer.tsv' mode='w' encoding='UTF-8'>
# timeit_file                             : None
# timeit_header                           : None
# timeit_name                             : all
# truncate_segments_to_workspace          : False
# truncate_workspace_to_annotations       : False
# workspace_files                         : ['analysis/20220621_LocationPatterns/GATfiles/Isochores/genomicSuperDups_COzones_0.09/windows.txt']
2022-06-21 11:22:50,162 INFO segments: reading tracks from 1 files
2022-06-21 11:22:50,278 INFO segments: read 1 tracks from 1 files
2022-06-21 11:22:50,282 INFO annotations: reading tracks from 1 files
2022-06-21 11:22:50,282 INFO annotations: read 50 tracks from 1 files
2022-06-21 11:22:50,282 INFO workspaces: reading tracks from 1 files
2022-06-21 11:22:50,282 INFO workspaces: read 2 tracks from 1 files
2022-06-21 11:22:50,283 INFO collapsing workspaces
2022-06-21 11:22:50,283 INFO intervals loaded in 0 seconds
2022-06-21 11:22:50,283 INFO collecting observed counts
2022-06-21 11:22:50,283 INFO starting sampling
2022-06-21 11:22:50,283 INFO sampling: merged: 1/1
2022-06-21 11:22:50,283 INFO performing unconditional sampling
2022-06-21 11:22:50,284 INFO workspace without conditioning: 0 segments, 0 nucleotides
2022-06-21 11:22:50,284 INFO workspace after conditioning: 0 segments, 0 nucleotides
2022-06-21 11:22:50,284 WARNING empty workspace - no computation performed
2022-06-21 11:22:50,284 INFO sampling finished
2022-06-21 11:22:50,284 INFO computing PValue statistics
2022-06-21 11:22:50,285 INFO writing counts to analysis/20220621_LocationPatterns/GATresults/WorkspaceHigh0.09_noX/counts/LFNHinvs_avgBherer_nucleotide-overlap.tsv.gz
2022-06-21 11:22:50,285 INFO computing FDR statistics
# job finished in 0 seconds at Tue Jun 21 11:22:50 2022 --  0.90  0.04  0.00  0.00 -- 468e40ce-dd38-42f6-8bb0-58270dbbc48a
# output generated by /home/rgomez/anaconda3/bin/gat-run.py --annotations=analysis/20220621_LocationPatterns/GATfiles/Segments/LFNHinvs.bed --segments=analysis/20220621_LocationPatterns/GATfiles/Annotations/genomicSuperDups_coords_normal.bed --output-counts-pattern=analysis/20220621_LocationPatterns/GATresults/WorkspaceHigh0.09_noX/counts/LFNHinvs_avgBherer_%s.tsv.gz --workspace=analysis/20220621_LocationPatterns/GATfiles/Workspace/workspace_avgBherer.bed --num-samples=100 --log=analysis/20220621_LocationPatterns/GATresults/WorkspaceHigh0.09_noX/log/LFNHinvs_avgBherer.log --stdout=analysis/20220621_LocationPatterns/GATresults/WorkspaceHigh0.09_noX/tsv/LFNHinvs_avgBherer.tsv
# job started at Tue Jun 21 11:28:31 2022 on rgomez-pc -- 6afc0910-d210-4394-a56d-a6ba34aff079
# pid: 28317, system: Linux 5.3.0-7648-generic #41~1586790036~18.04~600aeb5-Ubuntu SMP Mon Apr 13 17:47:15 UTC  x86_64
# annotation_files                        : ['analysis/20220621_LocationPatterns/GATfiles/Segments/LFNHinvs.bed']
# annotations_label                       : None
# annotations_to_points                   : None
# bucket_size                             : 0
# cache                                   : None
# conditional                             : unconditional
# conditional_expansion                   : None
# conditional_extension                   : None
# counters                                : []
# enable_split_tracks                     : False
# ignore_segment_tracks                   : True
# input_filename_counts                   : None
# input_filename_descriptions             : None
# input_filename_results                  : None
# isochore_files                          : None
# loglevel                                : 1
# nbuckets                                : 100000
# null                                    : default
# num_samples                             : 100
# num_threads                             : 0
# output_bed                              : []
# output_counts_pattern                   : analysis/20220621_LocationPatterns/GATresults/WorkspaceHigh0.09_noX/counts/LFNHinvs_avgBherer_%s.tsv.gz
# output_filename_pattern                 : %s
# output_force                            : False
# output_order                            : fold
# output_plots_pattern                    : None
# output_samples_pattern                  : None
# output_stats                            : []
# output_tables_pattern                   : %s.tsv.gz
# overlapping_annotations                 : False
# pseudo_count                            : 1.0
# pvalue_method                           : empirical
# qvalue_lambda                           : None
# qvalue_method                           : BH
# qvalue_pi0_method                       : smoother
# random_seed                             : None
# restrict_workspace                      : False
# sample_files                            : []
# sampler                                 : annotator
# segment_files                           : ['analysis/20220621_LocationPatterns/GATfiles/Annotations/genomicSuperDups_coords_normal.bed']
# shift_expansion                         : 2.0
# shift_extension                         : 0
# short_help                              : None
# stderr                                  : <_io.TextIOWrapper name='<stderr>' mode='w' encoding='utf-8'>
# stdin                                   : <_io.TextIOWrapper name='<stdin>' mode='r' encoding='utf-8'>
# stdlog                                  : <_io.TextIOWrapper name='analysis/20220621_LocationPatterns/GATresults/WorkspaceHigh0.09_noX/log/LFNHinvs_avgBherer.log' mode='a' encoding='UTF-8'>
# stdout                                  : <_io.TextIOWrapper name='analysis/20220621_LocationPatterns/GATresults/WorkspaceHigh0.09_noX/tsv/LFNHinvs_avgBherer.tsv' mode='w' encoding='UTF-8'>
# timeit_file                             : None
# timeit_header                           : None
# timeit_name                             : all
# truncate_segments_to_workspace          : False
# truncate_workspace_to_annotations       : False
# workspace_files                         : ['analysis/20220621_LocationPatterns/GATfiles/Workspace/workspace_avgBherer.bed']
2022-06-21 11:28:31,341 INFO segments: reading tracks from 1 files
2022-06-21 11:28:31,452 INFO segments: read 1 tracks from 1 files
2022-06-21 11:28:31,456 INFO annotations: reading tracks from 1 files
2022-06-21 11:28:31,456 INFO annotations: read 50 tracks from 1 files
2022-06-21 11:28:31,456 INFO workspaces: reading tracks from 1 files
2022-06-21 11:28:31,456 INFO workspaces: read 1 tracks from 1 files
2022-06-21 11:28:31,456 INFO collapsing workspaces
2022-06-21 11:28:31,456 INFO intervals loaded in 0 seconds
2022-06-21 11:28:31,457 INFO collecting observed counts
2022-06-21 11:28:31,457 INFO starting sampling
2022-06-21 11:28:31,457 INFO sampling: merged: 1/1
2022-06-21 11:28:31,457 INFO performing unconditional sampling
2022-06-21 11:28:31,458 INFO workspace without conditioning: 39 segments, 2678195140 nucleotides
2022-06-21 11:28:31,458 INFO workspace after conditioning: 39 segments, 2678195140 nucleotides
2022-06-21 11:28:31,458 INFO sampling started
2022-06-21 11:28:31,538 INFO 0/100 done ( 0.00)
2022-06-21 11:28:39,271 INFO sampling completed
2022-06-21 11:28:39,272 INFO sampling finished
2022-06-21 11:28:39,272 INFO computing PValue statistics
2022-06-21 11:28:39,279 INFO writing counts to analysis/20220621_LocationPatterns/GATresults/WorkspaceHigh0.09_noX/counts/LFNHinvs_avgBherer_nucleotide-overlap.tsv.gz
2022-06-21 11:28:39,282 INFO computing FDR statistics
# job finished in 7 seconds at Tue Jun 21 11:28:39 2022 --  8.68  0.03  0.00  0.00 -- 6afc0910-d210-4394-a56d-a6ba34aff079
# output generated by /home/rgomez/anaconda3/bin/gat-run.py --segments=analysis/20220621_LocationPatterns/GATfiles/Segments/LFNHinvs.bed --annotations=analysis/20220621_LocationPatterns/GATfiles/Annotations/annotations_avgBherer.bed --output-counts-pattern=analysis/20220621_LocationPatterns/GATresults/WorkspaceHigh0.09_noX/counts/LFNHinvs_avgBherer_%s.tsv.gz --workspace=analysis/20220621_LocationPatterns/GATfiles/Workspace/workspace_avgBherer.bed --num-samples=100 --log=analysis/20220621_LocationPatterns/GATresults/WorkspaceHigh0.09_noX/log/LFNHinvs_avgBherer.log --stdout=analysis/20220621_LocationPatterns/GATresults/WorkspaceHigh0.09_noX/tsv/LFNHinvs_avgBherer.tsv
# job started at Tue Jun 21 11:51:07 2022 on rgomez-pc -- 17a9718d-2d5c-4297-bfe5-5f16d1c037f5
# pid: 693, system: Linux 5.3.0-7648-generic #41~1586790036~18.04~600aeb5-Ubuntu SMP Mon Apr 13 17:47:15 UTC  x86_64
# annotation_files                        : ['analysis/20220621_LocationPatterns/GATfiles/Annotations/annotations_avgBherer.bed']
# annotations_label                       : None
# annotations_to_points                   : None
# bucket_size                             : 0
# cache                                   : None
# conditional                             : unconditional
# conditional_expansion                   : None
# conditional_extension                   : None
# counters                                : []
# enable_split_tracks                     : False
# ignore_segment_tracks                   : True
# input_filename_counts                   : None
# input_filename_descriptions             : None
# input_filename_results                  : None
# isochore_files                          : None
# loglevel                                : 1
# nbuckets                                : 100000
# null                                    : default
# num_samples                             : 100
# num_threads                             : 0
# output_bed                              : []
# output_counts_pattern                   : analysis/20220621_LocationPatterns/GATresults/WorkspaceHigh0.09_noX/counts/LFNHinvs_avgBherer_%s.tsv.gz
# output_filename_pattern                 : %s
# output_force                            : False
# output_order                            : fold
# output_plots_pattern                    : None
# output_samples_pattern                  : None
# output_stats                            : []
# output_tables_pattern                   : %s.tsv.gz
# overlapping_annotations                 : False
# pseudo_count                            : 1.0
# pvalue_method                           : empirical
# qvalue_lambda                           : None
# qvalue_method                           : BH
# qvalue_pi0_method                       : smoother
# random_seed                             : None
# restrict_workspace                      : False
# sample_files                            : []
# sampler                                 : annotator
# segment_files                           : ['analysis/20220621_LocationPatterns/GATfiles/Segments/LFNHinvs.bed']
# shift_expansion                         : 2.0
# shift_extension                         : 0
# short_help                              : None
# stderr                                  : <_io.TextIOWrapper name='<stderr>' mode='w' encoding='utf-8'>
# stdin                                   : <_io.TextIOWrapper name='<stdin>' mode='r' encoding='utf-8'>
# stdlog                                  : <_io.TextIOWrapper name='analysis/20220621_LocationPatterns/GATresults/WorkspaceHigh0.09_noX/log/LFNHinvs_avgBherer.log' mode='a' encoding='UTF-8'>
# stdout                                  : <_io.TextIOWrapper name='analysis/20220621_LocationPatterns/GATresults/WorkspaceHigh0.09_noX/tsv/LFNHinvs_avgBherer.tsv' mode='w' encoding='UTF-8'>
# timeit_file                             : None
# timeit_header                           : None
# timeit_name                             : all
# truncate_segments_to_workspace          : False
# truncate_workspace_to_annotations       : False
# workspace_files                         : ['analysis/20220621_LocationPatterns/GATfiles/Workspace/workspace_avgBherer.bed']
2022-06-21 11:51:07,251 INFO segments: reading tracks from 1 files
2022-06-21 11:51:07,251 INFO segments: read 1 tracks from 1 files
2022-06-21 11:51:07,252 INFO annotations: reading tracks from 1 files
2022-06-21 11:51:07,587 INFO annotations: read 6 tracks from 1 files
2022-06-21 11:51:07,592 INFO workspaces: reading tracks from 1 files
2022-06-21 11:51:07,592 INFO workspaces: read 1 tracks from 1 files
2022-06-21 11:51:07,592 INFO collapsing workspaces
2022-06-21 11:51:07,592 INFO intervals loaded in 0 seconds
2022-06-21 11:51:07,593 INFO collecting observed counts
2022-06-21 11:51:07,594 INFO starting sampling
2022-06-21 11:51:07,594 INFO sampling: merged: 1/1
2022-06-21 11:51:07,594 INFO performing unconditional sampling
2022-06-21 11:51:07,595 INFO workspace without conditioning: 39 segments, 2678195140 nucleotides
2022-06-21 11:51:07,595 INFO workspace after conditioning: 39 segments, 2678195140 nucleotides
2022-06-21 11:51:07,595 INFO sampling started
2022-06-21 11:51:07,600 INFO 0/100 done ( 0.00)
2022-06-21 11:51:07,955 INFO sampling completed
2022-06-21 11:51:07,955 INFO sampling finished
2022-06-21 11:51:07,955 INFO computing PValue statistics
2022-06-21 11:51:07,956 INFO writing counts to analysis/20220621_LocationPatterns/GATresults/WorkspaceHigh0.09_noX/counts/LFNHinvs_avgBherer_nucleotide-overlap.tsv.gz
2022-06-21 11:51:08,062 INFO computing FDR statistics
# job finished in 0 seconds at Tue Jun 21 11:51:08 2022 --  1.61  0.07  0.00  0.00 -- 17a9718d-2d5c-4297-bfe5-5f16d1c037f5
