# output generated by /home/rgomez/anaconda3/bin/gat-run.py --annotations=analysis/20220621_LocationPatterns/GATfiles/Segments/NAHRno501invs.bed --segments=analysis/20220621_LocationPatterns/GATfiles/Annotations/genomicSuperDups_coords_normal.bed --output-counts-pattern=analysis/20220621_LocationPatterns/GATresults/WorkspaceHigh0.09_noX/counts/NAHRno501invs_CEUSpence_%s.tsv.gz --workspace=analysis/20220621_LocationPatterns/GATfiles/Isochores/genomicSuperDups_COzones_0.09/windows.txt --num-samples=100 --log=analysis/20220621_LocationPatterns/GATresults/WorkspaceHigh0.09_noX/log/NAHRno501invs_CEUSpence.log --stdout=analysis/20220621_LocationPatterns/GATresults/WorkspaceHigh0.09_noX/tsv/NAHRno501invs_CEUSpence.tsv
# job started at Tue Jun 21 11:22:55 2022 on rgomez-pc -- 8438072d-d782-4790-868b-102e87d91d02
# pid: 27636, system: Linux 5.3.0-7648-generic #41~1586790036~18.04~600aeb5-Ubuntu SMP Mon Apr 13 17:47:15 UTC  x86_64
# annotation_files                        : ['analysis/20220621_LocationPatterns/GATfiles/Segments/NAHRno501invs.bed']
# annotations_label                       : None
# annotations_to_points                   : None
# bucket_size                             : 0
# cache                                   : None
# conditional                             : unconditional
# conditional_expansion                   : None
# conditional_extension                   : None
# counters                                : []
# enable_split_tracks                     : False
# ignore_segment_tracks                   : True
# input_filename_counts                   : None
# input_filename_descriptions             : None
# input_filename_results                  : None
# isochore_files                          : None
# loglevel                                : 1
# nbuckets                                : 100000
# null                                    : default
# num_samples                             : 100
# num_threads                             : 0
# output_bed                              : []
# output_counts_pattern                   : analysis/20220621_LocationPatterns/GATresults/WorkspaceHigh0.09_noX/counts/NAHRno501invs_CEUSpence_%s.tsv.gz
# output_filename_pattern                 : %s
# output_force                            : False
# output_order                            : fold
# output_plots_pattern                    : None
# output_samples_pattern                  : None
# output_stats                            : []
# output_tables_pattern                   : %s.tsv.gz
# overlapping_annotations                 : False
# pseudo_count                            : 1.0
# pvalue_method                           : empirical
# qvalue_lambda                           : None
# qvalue_method                           : BH
# qvalue_pi0_method                       : smoother
# random_seed                             : None
# restrict_workspace                      : False
# sample_files                            : []
# sampler                                 : annotator
# segment_files                           : ['analysis/20220621_LocationPatterns/GATfiles/Annotations/genomicSuperDups_coords_normal.bed']
# shift_expansion                         : 2.0
# shift_extension                         : 0
# short_help                              : None
# stderr                                  : <_io.TextIOWrapper name='<stderr>' mode='w' encoding='utf-8'>
# stdin                                   : <_io.TextIOWrapper name='<stdin>' mode='r' encoding='utf-8'>
# stdlog                                  : <_io.TextIOWrapper name='analysis/20220621_LocationPatterns/GATresults/WorkspaceHigh0.09_noX/log/NAHRno501invs_CEUSpence.log' mode='a' encoding='UTF-8'>
# stdout                                  : <_io.TextIOWrapper name='analysis/20220621_LocationPatterns/GATresults/WorkspaceHigh0.09_noX/tsv/NAHRno501invs_CEUSpence.tsv' mode='w' encoding='UTF-8'>
# timeit_file                             : None
# timeit_header                           : None
# timeit_name                             : all
# truncate_segments_to_workspace          : False
# truncate_workspace_to_annotations       : False
# workspace_files                         : ['analysis/20220621_LocationPatterns/GATfiles/Isochores/genomicSuperDups_COzones_0.09/windows.txt']
2022-06-21 11:22:55,208 INFO segments: reading tracks from 1 files
2022-06-21 11:22:55,329 INFO segments: read 1 tracks from 1 files
2022-06-21 11:22:55,333 INFO annotations: reading tracks from 1 files
2022-06-21 11:22:55,333 INFO annotations: read 56 tracks from 1 files
2022-06-21 11:22:55,334 INFO workspaces: reading tracks from 1 files
2022-06-21 11:22:55,334 INFO workspaces: read 2 tracks from 1 files
2022-06-21 11:22:55,334 INFO collapsing workspaces
2022-06-21 11:22:55,334 INFO intervals loaded in 0 seconds
2022-06-21 11:22:55,334 INFO collecting observed counts
2022-06-21 11:22:55,335 INFO starting sampling
2022-06-21 11:22:55,335 INFO sampling: merged: 1/1
2022-06-21 11:22:55,335 INFO performing unconditional sampling
2022-06-21 11:22:55,336 INFO workspace without conditioning: 0 segments, 0 nucleotides
2022-06-21 11:22:55,336 INFO workspace after conditioning: 0 segments, 0 nucleotides
2022-06-21 11:22:55,336 WARNING empty workspace - no computation performed
2022-06-21 11:22:55,336 INFO sampling finished
2022-06-21 11:22:55,336 INFO computing PValue statistics
2022-06-21 11:22:55,336 INFO writing counts to analysis/20220621_LocationPatterns/GATresults/WorkspaceHigh0.09_noX/counts/NAHRno501invs_CEUSpence_nucleotide-overlap.tsv.gz
2022-06-21 11:22:55,336 INFO computing FDR statistics
# job finished in 0 seconds at Tue Jun 21 11:22:55 2022 --  0.85  0.04  0.00  0.00 -- 8438072d-d782-4790-868b-102e87d91d02
# output generated by /home/rgomez/anaconda3/bin/gat-run.py --annotations=analysis/20220621_LocationPatterns/GATfiles/Segments/NAHRno501invs.bed --segments=analysis/20220621_LocationPatterns/GATfiles/Annotations/genomicSuperDups_coords_normal.bed --output-counts-pattern=analysis/20220621_LocationPatterns/GATresults/WorkspaceHigh0.09_noX/counts/NAHRno501invs_CEUSpence_%s.tsv.gz --workspace=analysis/20220621_LocationPatterns/GATfiles/Workspace/workspace_CEUSpence.bed --num-samples=100 --log=analysis/20220621_LocationPatterns/GATresults/WorkspaceHigh0.09_noX/log/NAHRno501invs_CEUSpence.log --stdout=analysis/20220621_LocationPatterns/GATresults/WorkspaceHigh0.09_noX/tsv/NAHRno501invs_CEUSpence.tsv
# job started at Tue Jun 21 11:29:19 2022 on rgomez-pc -- aa228347-11a0-4510-ac83-f5023a8adfe8
# pid: 28381, system: Linux 5.3.0-7648-generic #41~1586790036~18.04~600aeb5-Ubuntu SMP Mon Apr 13 17:47:15 UTC  x86_64
# annotation_files                        : ['analysis/20220621_LocationPatterns/GATfiles/Segments/NAHRno501invs.bed']
# annotations_label                       : None
# annotations_to_points                   : None
# bucket_size                             : 0
# cache                                   : None
# conditional                             : unconditional
# conditional_expansion                   : None
# conditional_extension                   : None
# counters                                : []
# enable_split_tracks                     : False
# ignore_segment_tracks                   : True
# input_filename_counts                   : None
# input_filename_descriptions             : None
# input_filename_results                  : None
# isochore_files                          : None
# loglevel                                : 1
# nbuckets                                : 100000
# null                                    : default
# num_samples                             : 100
# num_threads                             : 0
# output_bed                              : []
# output_counts_pattern                   : analysis/20220621_LocationPatterns/GATresults/WorkspaceHigh0.09_noX/counts/NAHRno501invs_CEUSpence_%s.tsv.gz
# output_filename_pattern                 : %s
# output_force                            : False
# output_order                            : fold
# output_plots_pattern                    : None
# output_samples_pattern                  : None
# output_stats                            : []
# output_tables_pattern                   : %s.tsv.gz
# overlapping_annotations                 : False
# pseudo_count                            : 1.0
# pvalue_method                           : empirical
# qvalue_lambda                           : None
# qvalue_method                           : BH
# qvalue_pi0_method                       : smoother
# random_seed                             : None
# restrict_workspace                      : False
# sample_files                            : []
# sampler                                 : annotator
# segment_files                           : ['analysis/20220621_LocationPatterns/GATfiles/Annotations/genomicSuperDups_coords_normal.bed']
# shift_expansion                         : 2.0
# shift_extension                         : 0
# short_help                              : None
# stderr                                  : <_io.TextIOWrapper name='<stderr>' mode='w' encoding='utf-8'>
# stdin                                   : <_io.TextIOWrapper name='<stdin>' mode='r' encoding='utf-8'>
# stdlog                                  : <_io.TextIOWrapper name='analysis/20220621_LocationPatterns/GATresults/WorkspaceHigh0.09_noX/log/NAHRno501invs_CEUSpence.log' mode='a' encoding='UTF-8'>
# stdout                                  : <_io.TextIOWrapper name='analysis/20220621_LocationPatterns/GATresults/WorkspaceHigh0.09_noX/tsv/NAHRno501invs_CEUSpence.tsv' mode='w' encoding='UTF-8'>
# timeit_file                             : None
# timeit_header                           : None
# timeit_name                             : all
# truncate_segments_to_workspace          : False
# truncate_workspace_to_annotations       : False
# workspace_files                         : ['analysis/20220621_LocationPatterns/GATfiles/Workspace/workspace_CEUSpence.bed']
2022-06-21 11:29:19,070 INFO segments: reading tracks from 1 files
2022-06-21 11:29:19,194 INFO segments: read 1 tracks from 1 files
2022-06-21 11:29:19,198 INFO annotations: reading tracks from 1 files
2022-06-21 11:29:19,198 INFO annotations: read 56 tracks from 1 files
2022-06-21 11:29:19,198 INFO workspaces: reading tracks from 1 files
2022-06-21 11:29:19,199 INFO workspaces: read 1 tracks from 1 files
2022-06-21 11:29:19,199 INFO collapsing workspaces
2022-06-21 11:29:19,199 INFO intervals loaded in 0 seconds
2022-06-21 11:29:19,199 INFO collecting observed counts
2022-06-21 11:29:19,199 INFO starting sampling
2022-06-21 11:29:19,200 INFO sampling: merged: 1/1
2022-06-21 11:29:19,200 INFO performing unconditional sampling
2022-06-21 11:29:19,200 INFO workspace without conditioning: 40 segments, 2698883317 nucleotides
2022-06-21 11:29:19,200 INFO workspace after conditioning: 40 segments, 2698883317 nucleotides
2022-06-21 11:29:19,201 INFO sampling started
2022-06-21 11:29:19,288 INFO 0/100 done ( 0.00)
2022-06-21 11:29:28,282 INFO sampling completed
2022-06-21 11:29:28,282 INFO sampling finished
2022-06-21 11:29:28,283 INFO computing PValue statistics
2022-06-21 11:29:28,290 INFO writing counts to analysis/20220621_LocationPatterns/GATresults/WorkspaceHigh0.09_noX/counts/NAHRno501invs_CEUSpence_nucleotide-overlap.tsv.gz
2022-06-21 11:29:28,293 INFO computing FDR statistics
# job finished in 9 seconds at Tue Jun 21 11:29:28 2022 -- 10.04  0.06  0.00  0.00 -- aa228347-11a0-4510-ac83-f5023a8adfe8
# output generated by /home/rgomez/anaconda3/bin/gat-run.py --segments=analysis/20220621_LocationPatterns/GATfiles/Segments/NAHRno501invs.bed --annotations=analysis/20220621_LocationPatterns/GATfiles/Annotations/annotations_CEUSpence.bed --output-counts-pattern=analysis/20220621_LocationPatterns/GATresults/WorkspaceHigh0.09_noX/counts/NAHRno501invs_CEUSpence_%s.tsv.gz --workspace=analysis/20220621_LocationPatterns/GATfiles/Workspace/workspace_CEUSpence.bed --num-samples=100 --log=analysis/20220621_LocationPatterns/GATresults/WorkspaceHigh0.09_noX/log/NAHRno501invs_CEUSpence.log --stdout=analysis/20220621_LocationPatterns/GATresults/WorkspaceHigh0.09_noX/tsv/NAHRno501invs_CEUSpence.tsv
# job started at Tue Jun 21 11:51:18 2022 on rgomez-pc -- 1b0f326c-c71e-4c4b-bd87-811db7c2dc39
# pid: 773, system: Linux 5.3.0-7648-generic #41~1586790036~18.04~600aeb5-Ubuntu SMP Mon Apr 13 17:47:15 UTC  x86_64
# annotation_files                        : ['analysis/20220621_LocationPatterns/GATfiles/Annotations/annotations_CEUSpence.bed']
# annotations_label                       : None
# annotations_to_points                   : None
# bucket_size                             : 0
# cache                                   : None
# conditional                             : unconditional
# conditional_expansion                   : None
# conditional_extension                   : None
# counters                                : []
# enable_split_tracks                     : False
# ignore_segment_tracks                   : True
# input_filename_counts                   : None
# input_filename_descriptions             : None
# input_filename_results                  : None
# isochore_files                          : None
# loglevel                                : 1
# nbuckets                                : 100000
# null                                    : default
# num_samples                             : 100
# num_threads                             : 0
# output_bed                              : []
# output_counts_pattern                   : analysis/20220621_LocationPatterns/GATresults/WorkspaceHigh0.09_noX/counts/NAHRno501invs_CEUSpence_%s.tsv.gz
# output_filename_pattern                 : %s
# output_force                            : False
# output_order                            : fold
# output_plots_pattern                    : None
# output_samples_pattern                  : None
# output_stats                            : []
# output_tables_pattern                   : %s.tsv.gz
# overlapping_annotations                 : False
# pseudo_count                            : 1.0
# pvalue_method                           : empirical
# qvalue_lambda                           : None
# qvalue_method                           : BH
# qvalue_pi0_method                       : smoother
# random_seed                             : None
# restrict_workspace                      : False
# sample_files                            : []
# sampler                                 : annotator
# segment_files                           : ['analysis/20220621_LocationPatterns/GATfiles/Segments/NAHRno501invs.bed']
# shift_expansion                         : 2.0
# shift_extension                         : 0
# short_help                              : None
# stderr                                  : <_io.TextIOWrapper name='<stderr>' mode='w' encoding='utf-8'>
# stdin                                   : <_io.TextIOWrapper name='<stdin>' mode='r' encoding='utf-8'>
# stdlog                                  : <_io.TextIOWrapper name='analysis/20220621_LocationPatterns/GATresults/WorkspaceHigh0.09_noX/log/NAHRno501invs_CEUSpence.log' mode='a' encoding='UTF-8'>
# stdout                                  : <_io.TextIOWrapper name='analysis/20220621_LocationPatterns/GATresults/WorkspaceHigh0.09_noX/tsv/NAHRno501invs_CEUSpence.tsv' mode='w' encoding='UTF-8'>
# timeit_file                             : None
# timeit_header                           : None
# timeit_name                             : all
# truncate_segments_to_workspace          : False
# truncate_workspace_to_annotations       : False
# workspace_files                         : ['analysis/20220621_LocationPatterns/GATfiles/Workspace/workspace_CEUSpence.bed']
2022-06-21 11:51:18,246 INFO segments: reading tracks from 1 files
2022-06-21 11:51:18,246 INFO segments: read 1 tracks from 1 files
2022-06-21 11:51:18,246 INFO annotations: reading tracks from 1 files
2022-06-21 11:51:18,606 INFO annotations: read 6 tracks from 1 files
2022-06-21 11:51:18,611 INFO workspaces: reading tracks from 1 files
2022-06-21 11:51:18,612 INFO workspaces: read 1 tracks from 1 files
2022-06-21 11:51:18,612 INFO collapsing workspaces
2022-06-21 11:51:18,612 INFO intervals loaded in 0 seconds
2022-06-21 11:51:18,613 INFO collecting observed counts
2022-06-21 11:51:18,614 INFO starting sampling
2022-06-21 11:51:18,614 INFO sampling: merged: 1/1
2022-06-21 11:51:18,614 INFO performing unconditional sampling
2022-06-21 11:51:18,615 INFO workspace without conditioning: 40 segments, 2698883317 nucleotides
2022-06-21 11:51:18,615 INFO workspace after conditioning: 40 segments, 2698883317 nucleotides
2022-06-21 11:51:18,615 INFO sampling started
2022-06-21 11:51:18,620 INFO 0/100 done ( 0.00)
2022-06-21 11:51:19,069 INFO sampling completed
2022-06-21 11:51:19,070 INFO sampling finished
2022-06-21 11:51:19,070 INFO computing PValue statistics
2022-06-21 11:51:19,074 INFO writing counts to analysis/20220621_LocationPatterns/GATresults/WorkspaceHigh0.09_noX/counts/NAHRno501invs_CEUSpence_nucleotide-overlap.tsv.gz
2022-06-21 11:51:19,075 INFO computing FDR statistics
# job finished in 0 seconds at Tue Jun 21 11:51:19 2022 --  1.74  0.05  0.00  0.00 -- 1b0f326c-c71e-4c4b-bd87-811db7c2dc39
