# output generated by /home/rgomez/anaconda3/bin/gat-run.py --annotations=analysis/20220621_LocationPatterns/GATfiles/Segments/NHinvs.bed --segments=analysis/20220621_LocationPatterns/GATfiles/Annotations/genomicSuperDups_coords_normal.bed --output-counts-pattern=analysis/20220621_LocationPatterns/GATresults/WorkspaceHigh0.09_noX/counts/NHinvs_femBherer_%s.tsv.gz --workspace=analysis/20220621_LocationPatterns/GATfiles/Isochores/genomicSuperDups_COzones_0.09/windows.txt --num-samples=100 --log=analysis/20220621_LocationPatterns/GATresults/WorkspaceHigh0.09_noX/log/NHinvs_femBherer.log --stdout=analysis/20220621_LocationPatterns/GATresults/WorkspaceHigh0.09_noX/tsv/NHinvs_femBherer.tsv
# job started at Tue Jun 21 11:23:00 2022 on rgomez-pc -- 0da00816-0b4b-48d7-9a9b-b5a7c0941726
# pid: 27657, system: Linux 5.3.0-7648-generic #41~1586790036~18.04~600aeb5-Ubuntu SMP Mon Apr 13 17:47:15 UTC  x86_64
# annotation_files                        : ['analysis/20220621_LocationPatterns/GATfiles/Segments/NHinvs.bed']
# annotations_label                       : None
# annotations_to_points                   : None
# bucket_size                             : 0
# cache                                   : None
# conditional                             : unconditional
# conditional_expansion                   : None
# conditional_extension                   : None
# counters                                : []
# enable_split_tracks                     : False
# ignore_segment_tracks                   : True
# input_filename_counts                   : None
# input_filename_descriptions             : None
# input_filename_results                  : None
# isochore_files                          : None
# loglevel                                : 1
# nbuckets                                : 100000
# null                                    : default
# num_samples                             : 100
# num_threads                             : 0
# output_bed                              : []
# output_counts_pattern                   : analysis/20220621_LocationPatterns/GATresults/WorkspaceHigh0.09_noX/counts/NHinvs_femBherer_%s.tsv.gz
# output_filename_pattern                 : %s
# output_force                            : False
# output_order                            : fold
# output_plots_pattern                    : None
# output_samples_pattern                  : None
# output_stats                            : []
# output_tables_pattern                   : %s.tsv.gz
# overlapping_annotations                 : False
# pseudo_count                            : 1.0
# pvalue_method                           : empirical
# qvalue_lambda                           : None
# qvalue_method                           : BH
# qvalue_pi0_method                       : smoother
# random_seed                             : None
# restrict_workspace                      : False
# sample_files                            : []
# sampler                                 : annotator
# segment_files                           : ['analysis/20220621_LocationPatterns/GATfiles/Annotations/genomicSuperDups_coords_normal.bed']
# shift_expansion                         : 2.0
# shift_extension                         : 0
# short_help                              : None
# stderr                                  : <_io.TextIOWrapper name='<stderr>' mode='w' encoding='utf-8'>
# stdin                                   : <_io.TextIOWrapper name='<stdin>' mode='r' encoding='utf-8'>
# stdlog                                  : <_io.TextIOWrapper name='analysis/20220621_LocationPatterns/GATresults/WorkspaceHigh0.09_noX/log/NHinvs_femBherer.log' mode='a' encoding='UTF-8'>
# stdout                                  : <_io.TextIOWrapper name='analysis/20220621_LocationPatterns/GATresults/WorkspaceHigh0.09_noX/tsv/NHinvs_femBherer.tsv' mode='w' encoding='UTF-8'>
# timeit_file                             : None
# timeit_header                           : None
# timeit_name                             : all
# truncate_segments_to_workspace          : False
# truncate_workspace_to_annotations       : False
# workspace_files                         : ['analysis/20220621_LocationPatterns/GATfiles/Isochores/genomicSuperDups_COzones_0.09/windows.txt']
2022-06-21 11:23:00,223 INFO segments: reading tracks from 1 files
2022-06-21 11:23:00,335 INFO segments: read 1 tracks from 1 files
2022-06-21 11:23:00,339 INFO annotations: reading tracks from 1 files
2022-06-21 11:23:00,339 INFO annotations: read 80 tracks from 1 files
2022-06-21 11:23:00,339 INFO workspaces: reading tracks from 1 files
2022-06-21 11:23:00,340 INFO workspaces: read 2 tracks from 1 files
2022-06-21 11:23:00,340 INFO collapsing workspaces
2022-06-21 11:23:00,340 INFO intervals loaded in 0 seconds
2022-06-21 11:23:00,340 INFO collecting observed counts
2022-06-21 11:23:00,341 INFO starting sampling
2022-06-21 11:23:00,341 INFO sampling: merged: 1/1
2022-06-21 11:23:00,341 INFO performing unconditional sampling
2022-06-21 11:23:00,342 INFO workspace without conditioning: 0 segments, 0 nucleotides
2022-06-21 11:23:00,342 INFO workspace after conditioning: 0 segments, 0 nucleotides
2022-06-21 11:23:00,342 WARNING empty workspace - no computation performed
2022-06-21 11:23:00,342 INFO sampling finished
2022-06-21 11:23:00,342 INFO computing PValue statistics
2022-06-21 11:23:00,343 INFO writing counts to analysis/20220621_LocationPatterns/GATresults/WorkspaceHigh0.09_noX/counts/NHinvs_femBherer_nucleotide-overlap.tsv.gz
2022-06-21 11:23:00,343 INFO computing FDR statistics
# job finished in 0 seconds at Tue Jun 21 11:23:00 2022 --  0.81  0.05  0.00  0.00 -- 0da00816-0b4b-48d7-9a9b-b5a7c0941726
# output generated by /home/rgomez/anaconda3/bin/gat-run.py --annotations=analysis/20220621_LocationPatterns/GATfiles/Segments/NHinvs.bed --segments=analysis/20220621_LocationPatterns/GATfiles/Annotations/genomicSuperDups_coords_normal.bed --output-counts-pattern=analysis/20220621_LocationPatterns/GATresults/WorkspaceHigh0.09_noX/counts/NHinvs_femBherer_%s.tsv.gz --workspace=analysis/20220621_LocationPatterns/GATfiles/Workspace/workspace_femBherer.bed --num-samples=100 --log=analysis/20220621_LocationPatterns/GATresults/WorkspaceHigh0.09_noX/log/NHinvs_femBherer.log --stdout=analysis/20220621_LocationPatterns/GATresults/WorkspaceHigh0.09_noX/tsv/NHinvs_femBherer.tsv
# job started at Tue Jun 21 11:30:08 2022 on rgomez-pc -- 8bcc5e0d-5874-45a6-b3f5-04d9905c7727
# pid: 28428, system: Linux 5.3.0-7648-generic #41~1586790036~18.04~600aeb5-Ubuntu SMP Mon Apr 13 17:47:15 UTC  x86_64
# annotation_files                        : ['analysis/20220621_LocationPatterns/GATfiles/Segments/NHinvs.bed']
# annotations_label                       : None
# annotations_to_points                   : None
# bucket_size                             : 0
# cache                                   : None
# conditional                             : unconditional
# conditional_expansion                   : None
# conditional_extension                   : None
# counters                                : []
# enable_split_tracks                     : False
# ignore_segment_tracks                   : True
# input_filename_counts                   : None
# input_filename_descriptions             : None
# input_filename_results                  : None
# isochore_files                          : None
# loglevel                                : 1
# nbuckets                                : 100000
# null                                    : default
# num_samples                             : 100
# num_threads                             : 0
# output_bed                              : []
# output_counts_pattern                   : analysis/20220621_LocationPatterns/GATresults/WorkspaceHigh0.09_noX/counts/NHinvs_femBherer_%s.tsv.gz
# output_filename_pattern                 : %s
# output_force                            : False
# output_order                            : fold
# output_plots_pattern                    : None
# output_samples_pattern                  : None
# output_stats                            : []
# output_tables_pattern                   : %s.tsv.gz
# overlapping_annotations                 : False
# pseudo_count                            : 1.0
# pvalue_method                           : empirical
# qvalue_lambda                           : None
# qvalue_method                           : BH
# qvalue_pi0_method                       : smoother
# random_seed                             : None
# restrict_workspace                      : False
# sample_files                            : []
# sampler                                 : annotator
# segment_files                           : ['analysis/20220621_LocationPatterns/GATfiles/Annotations/genomicSuperDups_coords_normal.bed']
# shift_expansion                         : 2.0
# shift_extension                         : 0
# short_help                              : None
# stderr                                  : <_io.TextIOWrapper name='<stderr>' mode='w' encoding='utf-8'>
# stdin                                   : <_io.TextIOWrapper name='<stdin>' mode='r' encoding='utf-8'>
# stdlog                                  : <_io.TextIOWrapper name='analysis/20220621_LocationPatterns/GATresults/WorkspaceHigh0.09_noX/log/NHinvs_femBherer.log' mode='a' encoding='UTF-8'>
# stdout                                  : <_io.TextIOWrapper name='analysis/20220621_LocationPatterns/GATresults/WorkspaceHigh0.09_noX/tsv/NHinvs_femBherer.tsv' mode='w' encoding='UTF-8'>
# timeit_file                             : None
# timeit_header                           : None
# timeit_name                             : all
# truncate_segments_to_workspace          : False
# truncate_workspace_to_annotations       : False
# workspace_files                         : ['analysis/20220621_LocationPatterns/GATfiles/Workspace/workspace_femBherer.bed']
2022-06-21 11:30:08,473 INFO segments: reading tracks from 1 files
2022-06-21 11:30:08,588 INFO segments: read 1 tracks from 1 files
2022-06-21 11:30:08,592 INFO annotations: reading tracks from 1 files
2022-06-21 11:30:08,593 INFO annotations: read 80 tracks from 1 files
2022-06-21 11:30:08,593 INFO workspaces: reading tracks from 1 files
2022-06-21 11:30:08,593 INFO workspaces: read 1 tracks from 1 files
2022-06-21 11:30:08,593 INFO collapsing workspaces
2022-06-21 11:30:08,593 INFO intervals loaded in 0 seconds
2022-06-21 11:30:08,593 INFO collecting observed counts
2022-06-21 11:30:08,594 INFO starting sampling
2022-06-21 11:30:08,594 INFO sampling: merged: 1/1
2022-06-21 11:30:08,594 INFO performing unconditional sampling
2022-06-21 11:30:08,595 INFO workspace without conditioning: 41 segments, 2826410475 nucleotides
2022-06-21 11:30:08,595 INFO workspace after conditioning: 41 segments, 2826410475 nucleotides
2022-06-21 11:30:08,595 INFO sampling started
2022-06-21 11:30:08,682 INFO 0/100 done ( 0.00)
2022-06-21 11:30:16,702 INFO sampling completed
2022-06-21 11:30:16,704 INFO sampling finished
2022-06-21 11:30:16,704 INFO computing PValue statistics
2022-06-21 11:30:16,715 INFO writing counts to analysis/20220621_LocationPatterns/GATresults/WorkspaceHigh0.09_noX/counts/NHinvs_femBherer_nucleotide-overlap.tsv.gz
2022-06-21 11:30:16,719 INFO computing FDR statistics
# job finished in 8 seconds at Tue Jun 21 11:30:16 2022 --  9.02  0.04  0.00  0.00 -- 8bcc5e0d-5874-45a6-b3f5-04d9905c7727
# output generated by /home/rgomez/anaconda3/bin/gat-run.py --segments=analysis/20220621_LocationPatterns/GATfiles/Segments/NHinvs.bed --annotations=analysis/20220621_LocationPatterns/GATfiles/Annotations/annotations_femBherer.bed --output-counts-pattern=analysis/20220621_LocationPatterns/GATresults/WorkspaceHigh0.09_noX/counts/NHinvs_femBherer_%s.tsv.gz --workspace=analysis/20220621_LocationPatterns/GATfiles/Workspace/workspace_femBherer.bed --num-samples=100 --log=analysis/20220621_LocationPatterns/GATresults/WorkspaceHigh0.09_noX/log/NHinvs_femBherer.log --stdout=analysis/20220621_LocationPatterns/GATresults/WorkspaceHigh0.09_noX/tsv/NHinvs_femBherer.tsv
# job started at Tue Jun 21 11:51:28 2022 on rgomez-pc -- 18c3f859-13fd-4000-ad38-9d138fb4b912
# pid: 846, system: Linux 5.3.0-7648-generic #41~1586790036~18.04~600aeb5-Ubuntu SMP Mon Apr 13 17:47:15 UTC  x86_64
# annotation_files                        : ['analysis/20220621_LocationPatterns/GATfiles/Annotations/annotations_femBherer.bed']
# annotations_label                       : None
# annotations_to_points                   : None
# bucket_size                             : 0
# cache                                   : None
# conditional                             : unconditional
# conditional_expansion                   : None
# conditional_extension                   : None
# counters                                : []
# enable_split_tracks                     : False
# ignore_segment_tracks                   : True
# input_filename_counts                   : None
# input_filename_descriptions             : None
# input_filename_results                  : None
# isochore_files                          : None
# loglevel                                : 1
# nbuckets                                : 100000
# null                                    : default
# num_samples                             : 100
# num_threads                             : 0
# output_bed                              : []
# output_counts_pattern                   : analysis/20220621_LocationPatterns/GATresults/WorkspaceHigh0.09_noX/counts/NHinvs_femBherer_%s.tsv.gz
# output_filename_pattern                 : %s
# output_force                            : False
# output_order                            : fold
# output_plots_pattern                    : None
# output_samples_pattern                  : None
# output_stats                            : []
# output_tables_pattern                   : %s.tsv.gz
# overlapping_annotations                 : False
# pseudo_count                            : 1.0
# pvalue_method                           : empirical
# qvalue_lambda                           : None
# qvalue_method                           : BH
# qvalue_pi0_method                       : smoother
# random_seed                             : None
# restrict_workspace                      : False
# sample_files                            : []
# sampler                                 : annotator
# segment_files                           : ['analysis/20220621_LocationPatterns/GATfiles/Segments/NHinvs.bed']
# shift_expansion                         : 2.0
# shift_extension                         : 0
# short_help                              : None
# stderr                                  : <_io.TextIOWrapper name='<stderr>' mode='w' encoding='utf-8'>
# stdin                                   : <_io.TextIOWrapper name='<stdin>' mode='r' encoding='utf-8'>
# stdlog                                  : <_io.TextIOWrapper name='analysis/20220621_LocationPatterns/GATresults/WorkspaceHigh0.09_noX/log/NHinvs_femBherer.log' mode='a' encoding='UTF-8'>
# stdout                                  : <_io.TextIOWrapper name='analysis/20220621_LocationPatterns/GATresults/WorkspaceHigh0.09_noX/tsv/NHinvs_femBherer.tsv' mode='w' encoding='UTF-8'>
# timeit_file                             : None
# timeit_header                           : None
# timeit_name                             : all
# truncate_segments_to_workspace          : False
# truncate_workspace_to_annotations       : False
# workspace_files                         : ['analysis/20220621_LocationPatterns/GATfiles/Workspace/workspace_femBherer.bed']
2022-06-21 11:51:28,214 INFO segments: reading tracks from 1 files
2022-06-21 11:51:28,215 INFO segments: read 1 tracks from 1 files
2022-06-21 11:51:28,215 INFO annotations: reading tracks from 1 files
2022-06-21 11:51:28,546 INFO annotations: read 6 tracks from 1 files
2022-06-21 11:51:28,550 INFO workspaces: reading tracks from 1 files
2022-06-21 11:51:28,550 INFO workspaces: read 1 tracks from 1 files
2022-06-21 11:51:28,550 INFO collapsing workspaces
2022-06-21 11:51:28,550 INFO intervals loaded in 0 seconds
2022-06-21 11:51:28,551 INFO collecting observed counts
2022-06-21 11:51:28,551 INFO starting sampling
2022-06-21 11:51:28,551 INFO sampling: merged: 1/1
2022-06-21 11:51:28,551 INFO performing unconditional sampling
2022-06-21 11:51:28,552 INFO workspace without conditioning: 41 segments, 2826410475 nucleotides
2022-06-21 11:51:28,552 INFO workspace after conditioning: 41 segments, 2826410475 nucleotides
2022-06-21 11:51:28,552 INFO sampling started
2022-06-21 11:51:28,560 INFO 0/100 done ( 0.00)
2022-06-21 11:51:29,067 INFO sampling completed
2022-06-21 11:51:29,068 INFO sampling finished
2022-06-21 11:51:29,068 INFO computing PValue statistics
2022-06-21 11:51:29,069 INFO writing counts to analysis/20220621_LocationPatterns/GATresults/WorkspaceHigh0.09_noX/counts/NHinvs_femBherer_nucleotide-overlap.tsv.gz
2022-06-21 11:51:29,070 INFO computing FDR statistics
# job finished in 0 seconds at Tue Jun 21 11:51:29 2022 --  1.89  0.04  0.00  0.00 -- 18c3f859-13fd-4000-ad38-9d138fb4b912
