# output generated by /home/rgomez/anaconda3/bin/gat-run.py --segments=analysis/20220622_LocationPatterns/GATfiles/Segments/LFNHinvs.bed --annotations=analysis/20220622_LocationPatterns/GATfiles/Annotations/annotations_avgBherer.bed --workspace=analysis/20220622_LocationPatterns/GATfiles/Workspace/workspace_avgBherer.bed --num-samples=10 --log=analysis/20220622_LocationPatterns/GATresults/NHinvs/log/LFNHinvs_annotations_avgBherer.log --stdout=analysis/20220622_LocationPatterns/GATresults/NHinvs/tsv/LFNHinvs_annotations_avgBherer.tsv
# job started at Wed Jun 22 21:34:43 2022 on rgomez-pc -- edef7a3d-81b0-4d1b-972e-0189eeea3e0e
# pid: 18846, system: Linux 5.3.0-7648-generic #41~1586790036~18.04~600aeb5-Ubuntu SMP Mon Apr 13 17:47:15 UTC  x86_64
# annotation_files                        : ['analysis/20220622_LocationPatterns/GATfiles/Annotations/annotations_avgBherer.bed']
# annotations_label                       : None
# annotations_to_points                   : None
# bucket_size                             : 0
# cache                                   : None
# conditional                             : unconditional
# conditional_expansion                   : None
# conditional_extension                   : None
# counters                                : []
# enable_split_tracks                     : False
# ignore_segment_tracks                   : True
# input_filename_counts                   : None
# input_filename_descriptions             : None
# input_filename_results                  : None
# isochore_files                          : None
# loglevel                                : 1
# nbuckets                                : 100000
# null                                    : default
# num_samples                             : 10
# num_threads                             : 0
# output_bed                              : []
# output_counts_pattern                   : None
# output_filename_pattern                 : %s
# output_force                            : False
# output_order                            : fold
# output_plots_pattern                    : None
# output_samples_pattern                  : None
# output_stats                            : []
# output_tables_pattern                   : %s.tsv.gz
# overlapping_annotations                 : False
# pseudo_count                            : 1.0
# pvalue_method                           : empirical
# qvalue_lambda                           : None
# qvalue_method                           : BH
# qvalue_pi0_method                       : smoother
# random_seed                             : None
# restrict_workspace                      : False
# sample_files                            : []
# sampler                                 : annotator
# segment_files                           : ['analysis/20220622_LocationPatterns/GATfiles/Segments/LFNHinvs.bed']
# shift_expansion                         : 2.0
# shift_extension                         : 0
# short_help                              : None
# stderr                                  : <_io.TextIOWrapper name='<stderr>' mode='w' encoding='utf-8'>
# stdin                                   : <_io.TextIOWrapper name='<stdin>' mode='r' encoding='utf-8'>
# stdlog                                  : <_io.TextIOWrapper name='analysis/20220622_LocationPatterns/GATresults/NHinvs/log/LFNHinvs_annotations_avgBherer.log' mode='a' encoding='UTF-8'>
# stdout                                  : <_io.TextIOWrapper name='analysis/20220622_LocationPatterns/GATresults/NHinvs/tsv/LFNHinvs_annotations_avgBherer.tsv' mode='w' encoding='UTF-8'>
# timeit_file                             : None
# timeit_header                           : None
# timeit_name                             : all
# truncate_segments_to_workspace          : False
# truncate_workspace_to_annotations       : False
# workspace_files                         : ['analysis/20220622_LocationPatterns/GATfiles/Workspace/workspace_avgBherer.bed']
2022-06-22 21:34:43,918 INFO segments: reading tracks from 1 files
2022-06-22 21:34:43,919 INFO segments: read 1 tracks from 1 files
2022-06-22 21:34:43,919 INFO annotations: reading tracks from 1 files
2022-06-22 21:34:44,189 INFO annotations: read 6 tracks from 1 files
2022-06-22 21:34:44,193 INFO workspaces: reading tracks from 1 files
2022-06-22 21:34:44,193 INFO workspaces: read 1 tracks from 1 files
2022-06-22 21:34:44,193 INFO collapsing workspaces
2022-06-22 21:34:44,193 INFO intervals loaded in 0 seconds
2022-06-22 21:34:44,194 INFO collecting observed counts
2022-06-22 21:34:44,194 INFO starting sampling
2022-06-22 21:34:44,195 INFO sampling: merged: 1/1
2022-06-22 21:34:44,195 INFO performing unconditional sampling
2022-06-22 21:34:44,195 INFO workspace without conditioning: 39 segments, 2678195140 nucleotides
2022-06-22 21:34:44,195 INFO workspace after conditioning: 39 segments, 2678195140 nucleotides
2022-06-22 21:34:44,195 INFO sampling started
2022-06-22 21:34:44,199 INFO 0/10 done ( 0.00)
2022-06-22 21:34:44,226 INFO sampling completed
2022-06-22 21:34:44,226 INFO sampling finished
2022-06-22 21:34:44,226 INFO computing PValue statistics
2022-06-22 21:34:44,227 INFO computing FDR statistics
# job finished in 0 seconds at Wed Jun 22 21:34:44 2022 --  1.05  0.04  0.00  0.00 -- edef7a3d-81b0-4d1b-972e-0189eeea3e0e
# output generated by /home/rgomez/anaconda3/bin/gat-run.py --segments=analysis/20220622_LocationPatterns/GATfiles/Segments/LFNHinvs.bed --annotations=analysis/20220622_LocationPatterns/GATfiles/Annotations/annotations_avgBherer.bed --workspace=analysis/20220622_LocationPatterns/GATfiles/Workspace/workspace_avgBherer.bed --num-samples=10 --log=analysis/20220622_LocationPatterns/GATresults/NHinvs/log/LFNHinvs_annotations_avgBherer.log --stdout=analysis/20220622_LocationPatterns/GATresults/NHinvs/tsv/LFNHinvs_annotations_avgBherer.tsv
# job started at Wed Jun 22 21:40:33 2022 on rgomez-pc -- a1346b48-e8d2-4a70-8cdb-c7e0042597c8
# pid: 19461, system: Linux 5.3.0-7648-generic #41~1586790036~18.04~600aeb5-Ubuntu SMP Mon Apr 13 17:47:15 UTC  x86_64
# annotation_files                        : ['analysis/20220622_LocationPatterns/GATfiles/Annotations/annotations_avgBherer.bed']
# annotations_label                       : None
# annotations_to_points                   : None
# bucket_size                             : 0
# cache                                   : None
# conditional                             : unconditional
# conditional_expansion                   : None
# conditional_extension                   : None
# counters                                : []
# enable_split_tracks                     : False
# ignore_segment_tracks                   : True
# input_filename_counts                   : None
# input_filename_descriptions             : None
# input_filename_results                  : None
# isochore_files                          : None
# loglevel                                : 1
# nbuckets                                : 100000
# null                                    : default
# num_samples                             : 10
# num_threads                             : 0
# output_bed                              : []
# output_counts_pattern                   : None
# output_filename_pattern                 : %s
# output_force                            : False
# output_order                            : fold
# output_plots_pattern                    : None
# output_samples_pattern                  : None
# output_stats                            : []
# output_tables_pattern                   : %s.tsv.gz
# overlapping_annotations                 : False
# pseudo_count                            : 1.0
# pvalue_method                           : empirical
# qvalue_lambda                           : None
# qvalue_method                           : BH
# qvalue_pi0_method                       : smoother
# random_seed                             : None
# restrict_workspace                      : False
# sample_files                            : []
# sampler                                 : annotator
# segment_files                           : ['analysis/20220622_LocationPatterns/GATfiles/Segments/LFNHinvs.bed']
# shift_expansion                         : 2.0
# shift_extension                         : 0
# short_help                              : None
# stderr                                  : <_io.TextIOWrapper name='<stderr>' mode='w' encoding='utf-8'>
# stdin                                   : <_io.TextIOWrapper name='<stdin>' mode='r' encoding='utf-8'>
# stdlog                                  : <_io.TextIOWrapper name='analysis/20220622_LocationPatterns/GATresults/NHinvs/log/LFNHinvs_annotations_avgBherer.log' mode='a' encoding='UTF-8'>
# stdout                                  : <_io.TextIOWrapper name='analysis/20220622_LocationPatterns/GATresults/NHinvs/tsv/LFNHinvs_annotations_avgBherer.tsv' mode='w' encoding='UTF-8'>
# timeit_file                             : None
# timeit_header                           : None
# timeit_name                             : all
# truncate_segments_to_workspace          : False
# truncate_workspace_to_annotations       : False
# workspace_files                         : ['analysis/20220622_LocationPatterns/GATfiles/Workspace/workspace_avgBherer.bed']
2022-06-22 21:40:33,402 INFO segments: reading tracks from 1 files
2022-06-22 21:40:33,402 INFO segments: read 1 tracks from 1 files
2022-06-22 21:40:33,402 INFO annotations: reading tracks from 1 files
2022-06-22 21:40:33,666 INFO annotations: read 6 tracks from 1 files
2022-06-22 21:40:33,670 INFO workspaces: reading tracks from 1 files
2022-06-22 21:40:33,671 INFO workspaces: read 1 tracks from 1 files
2022-06-22 21:40:33,671 INFO collapsing workspaces
2022-06-22 21:40:33,671 INFO intervals loaded in 0 seconds
2022-06-22 21:40:33,672 INFO collecting observed counts
2022-06-22 21:40:33,672 INFO starting sampling
2022-06-22 21:40:33,672 INFO sampling: merged: 1/1
2022-06-22 21:40:33,672 INFO performing unconditional sampling
2022-06-22 21:40:33,673 INFO workspace without conditioning: 39 segments, 2678195140 nucleotides
2022-06-22 21:40:33,673 INFO workspace after conditioning: 39 segments, 2678195140 nucleotides
2022-06-22 21:40:33,673 INFO sampling started
2022-06-22 21:40:33,676 INFO 0/10 done ( 0.00)
2022-06-22 21:40:33,703 INFO sampling completed
2022-06-22 21:40:33,703 INFO sampling finished
2022-06-22 21:40:33,703 INFO computing PValue statistics
2022-06-22 21:40:33,704 INFO computing FDR statistics
# job finished in 0 seconds at Wed Jun 22 21:40:33 2022 --  1.03  0.03  0.00  0.00 -- a1346b48-e8d2-4a70-8cdb-c7e0042597c8
# output generated by /home/rgomez/anaconda3/bin/gat-run.py --segments=analysis/20220622_LocationPatterns/GATfiles/Segments/LFNHinvs.bed --annotations=analysis/20220622_LocationPatterns/GATfiles/Annotations/annotations_avgBherer.bed --workspace=analysis/20220622_LocationPatterns/GATfiles/Workspace/workspace_avgBherer.bed --num-samples=1000 --log=analysis/20220622_LocationPatterns/GATresults/NHinvs/log/LFNHinvs_annotations_avgBherer.log --stdout=analysis/20220622_LocationPatterns/GATresults/NHinvs/tsv/LFNHinvs_annotations_avgBherer.tsv
# job started at Wed Jun 22 21:42:11 2022 on rgomez-pc -- 39cbf071-0d91-46c8-be23-45f2372d93a9
# pid: 19711, system: Linux 5.3.0-7648-generic #41~1586790036~18.04~600aeb5-Ubuntu SMP Mon Apr 13 17:47:15 UTC  x86_64
# annotation_files                        : ['analysis/20220622_LocationPatterns/GATfiles/Annotations/annotations_avgBherer.bed']
# annotations_label                       : None
# annotations_to_points                   : None
# bucket_size                             : 0
# cache                                   : None
# conditional                             : unconditional
# conditional_expansion                   : None
# conditional_extension                   : None
# counters                                : []
# enable_split_tracks                     : False
# ignore_segment_tracks                   : True
# input_filename_counts                   : None
# input_filename_descriptions             : None
# input_filename_results                  : None
# isochore_files                          : None
# loglevel                                : 1
# nbuckets                                : 100000
# null                                    : default
# num_samples                             : 1000
# num_threads                             : 0
# output_bed                              : []
# output_counts_pattern                   : None
# output_filename_pattern                 : %s
# output_force                            : False
# output_order                            : fold
# output_plots_pattern                    : None
# output_samples_pattern                  : None
# output_stats                            : []
# output_tables_pattern                   : %s.tsv.gz
# overlapping_annotations                 : False
# pseudo_count                            : 1.0
# pvalue_method                           : empirical
# qvalue_lambda                           : None
# qvalue_method                           : BH
# qvalue_pi0_method                       : smoother
# random_seed                             : None
# restrict_workspace                      : False
# sample_files                            : []
# sampler                                 : annotator
# segment_files                           : ['analysis/20220622_LocationPatterns/GATfiles/Segments/LFNHinvs.bed']
# shift_expansion                         : 2.0
# shift_extension                         : 0
# short_help                              : None
# stderr                                  : <_io.TextIOWrapper name='<stderr>' mode='w' encoding='utf-8'>
# stdin                                   : <_io.TextIOWrapper name='<stdin>' mode='r' encoding='utf-8'>
# stdlog                                  : <_io.TextIOWrapper name='analysis/20220622_LocationPatterns/GATresults/NHinvs/log/LFNHinvs_annotations_avgBherer.log' mode='a' encoding='UTF-8'>
# stdout                                  : <_io.TextIOWrapper name='analysis/20220622_LocationPatterns/GATresults/NHinvs/tsv/LFNHinvs_annotations_avgBherer.tsv' mode='w' encoding='UTF-8'>
# timeit_file                             : None
# timeit_header                           : None
# timeit_name                             : all
# truncate_segments_to_workspace          : False
# truncate_workspace_to_annotations       : False
# workspace_files                         : ['analysis/20220622_LocationPatterns/GATfiles/Workspace/workspace_avgBherer.bed']
2022-06-22 21:42:11,197 INFO segments: reading tracks from 1 files
2022-06-22 21:42:11,197 INFO segments: read 1 tracks from 1 files
2022-06-22 21:42:11,197 INFO annotations: reading tracks from 1 files
2022-06-22 21:42:11,461 INFO annotations: read 6 tracks from 1 files
2022-06-22 21:42:11,465 INFO workspaces: reading tracks from 1 files
2022-06-22 21:42:11,465 INFO workspaces: read 1 tracks from 1 files
2022-06-22 21:42:11,466 INFO collapsing workspaces
2022-06-22 21:42:11,466 INFO intervals loaded in 0 seconds
2022-06-22 21:42:11,466 INFO collecting observed counts
2022-06-22 21:42:11,467 INFO starting sampling
2022-06-22 21:42:11,467 INFO sampling: merged: 1/1
2022-06-22 21:42:11,467 INFO performing unconditional sampling
2022-06-22 21:42:11,468 INFO workspace without conditioning: 39 segments, 2678195140 nucleotides
2022-06-22 21:42:11,468 INFO workspace after conditioning: 39 segments, 2678195140 nucleotides
2022-06-22 21:42:11,468 INFO sampling started
2022-06-22 21:42:11,472 INFO 0/1000 done ( 0.00)
2022-06-22 21:42:11,764 INFO 100/1000 done (10.00)
2022-06-22 21:42:12,057 INFO 200/1000 done (20.00)
2022-06-22 21:42:12,351 INFO 300/1000 done (30.00)
2022-06-22 21:42:12,647 INFO 400/1000 done (40.00)
2022-06-22 21:42:12,936 INFO 500/1000 done (50.00)
2022-06-22 21:42:13,231 INFO 600/1000 done (60.00)
2022-06-22 21:42:13,525 INFO 700/1000 done (70.00)
2022-06-22 21:42:13,816 INFO 800/1000 done (80.00)
2022-06-22 21:42:14,107 INFO 900/1000 done (90.00)
2022-06-22 21:42:14,400 INFO sampling completed
2022-06-22 21:42:14,401 INFO sampling finished
2022-06-22 21:42:14,401 INFO computing PValue statistics
2022-06-22 21:42:14,405 INFO computing FDR statistics
# job finished in 3 seconds at Wed Jun 22 21:42:14 2022 --  3.95  0.04  0.00  0.00 -- 39cbf071-0d91-46c8-be23-45f2372d93a9
