# output generated by /home/rgomez/anaconda3/bin/gat-run.py --segments=analysis/20220622_LocationPatterns/GATfiles/Segments/LFNHinvs.bed --annotations=analysis/20220622_LocationPatterns/GATfiles/Annotations/annotations_repeats.bed --workspace=analysis/20220622_LocationPatterns/GATfiles/Workspace/workspace_avgBherer.bed --num-samples=10 --log=analysis/20220622_LocationPatterns/GATresults/NHinvs/log/LFNHinvs_annotations_repeats.log --stdout=analysis/20220622_LocationPatterns/GATresults/NHinvs/tsv/LFNHinvs_annotations_repeats.tsv
# job started at Wed Jun 22 21:40:32 2022 on rgomez-pc -- 5b62c573-ce99-4a36-a5cb-0da89e5941e5
# pid: 19458, system: Linux 5.3.0-7648-generic #41~1586790036~18.04~600aeb5-Ubuntu SMP Mon Apr 13 17:47:15 UTC  x86_64
# annotation_files                        : ['analysis/20220622_LocationPatterns/GATfiles/Annotations/annotations_repeats.bed']
# annotations_label                       : None
# annotations_to_points                   : None
# bucket_size                             : 0
# cache                                   : None
# conditional                             : unconditional
# conditional_expansion                   : None
# conditional_extension                   : None
# counters                                : []
# enable_split_tracks                     : False
# ignore_segment_tracks                   : True
# input_filename_counts                   : None
# input_filename_descriptions             : None
# input_filename_results                  : None
# isochore_files                          : None
# loglevel                                : 1
# nbuckets                                : 100000
# null                                    : default
# num_samples                             : 10
# num_threads                             : 0
# output_bed                              : []
# output_counts_pattern                   : None
# output_filename_pattern                 : %s
# output_force                            : False
# output_order                            : fold
# output_plots_pattern                    : None
# output_samples_pattern                  : None
# output_stats                            : []
# output_tables_pattern                   : %s.tsv.gz
# overlapping_annotations                 : False
# pseudo_count                            : 1.0
# pvalue_method                           : empirical
# qvalue_lambda                           : None
# qvalue_method                           : BH
# qvalue_pi0_method                       : smoother
# random_seed                             : None
# restrict_workspace                      : False
# sample_files                            : []
# sampler                                 : annotator
# segment_files                           : ['analysis/20220622_LocationPatterns/GATfiles/Segments/LFNHinvs.bed']
# shift_expansion                         : 2.0
# shift_extension                         : 0
# short_help                              : None
# stderr                                  : <_io.TextIOWrapper name='<stderr>' mode='w' encoding='utf-8'>
# stdin                                   : <_io.TextIOWrapper name='<stdin>' mode='r' encoding='utf-8'>
# stdlog                                  : <_io.TextIOWrapper name='analysis/20220622_LocationPatterns/GATresults/NHinvs/log/LFNHinvs_annotations_repeats.log' mode='a' encoding='UTF-8'>
# stdout                                  : <_io.TextIOWrapper name='analysis/20220622_LocationPatterns/GATresults/NHinvs/tsv/LFNHinvs_annotations_repeats.tsv' mode='w' encoding='UTF-8'>
# timeit_file                             : None
# timeit_header                           : None
# timeit_name                             : all
# truncate_segments_to_workspace          : False
# truncate_workspace_to_annotations       : False
# workspace_files                         : ['analysis/20220622_LocationPatterns/GATfiles/Workspace/workspace_avgBherer.bed']
2022-06-22 21:40:32,361 INFO segments: reading tracks from 1 files
2022-06-22 21:40:32,362 INFO segments: read 1 tracks from 1 files
2022-06-22 21:40:32,362 INFO annotations: reading tracks from 1 files
2022-06-22 21:40:32,482 INFO annotations: read 1 tracks from 1 files
2022-06-22 21:40:32,486 INFO workspaces: reading tracks from 1 files
2022-06-22 21:40:32,486 INFO workspaces: read 1 tracks from 1 files
2022-06-22 21:40:32,486 INFO collapsing workspaces
2022-06-22 21:40:32,486 INFO intervals loaded in 0 seconds
2022-06-22 21:40:32,486 INFO collecting observed counts
2022-06-22 21:40:32,486 INFO starting sampling
2022-06-22 21:40:32,486 INFO sampling: merged: 1/1
2022-06-22 21:40:32,486 INFO performing unconditional sampling
2022-06-22 21:40:32,486 INFO workspace without conditioning: 39 segments, 2678195140 nucleotides
2022-06-22 21:40:32,486 INFO workspace after conditioning: 39 segments, 2678195140 nucleotides
2022-06-22 21:40:32,486 INFO sampling started
2022-06-22 21:40:32,490 INFO 0/10 done ( 0.00)
2022-06-22 21:40:32,514 INFO sampling completed
2022-06-22 21:40:32,514 INFO sampling finished
2022-06-22 21:40:32,514 INFO computing PValue statistics
2022-06-22 21:40:32,515 INFO computing FDR statistics
# job finished in 0 seconds at Wed Jun 22 21:40:32 2022 --  1.01  0.05  0.00  0.00 -- 5b62c573-ce99-4a36-a5cb-0da89e5941e5
# output generated by /home/rgomez/anaconda3/bin/gat-run.py --segments=analysis/20220622_LocationPatterns/GATfiles/Segments/LFNHinvs.bed --annotations=analysis/20220622_LocationPatterns/GATfiles/Annotations/annotations_repeats.bed --workspace=analysis/20220622_LocationPatterns/GATfiles/Workspace/workspace_avgBherer.bed --num-samples=1000 --log=analysis/20220622_LocationPatterns/GATresults/NHinvs/log/LFNHinvs_annotations_repeats.log --stdout=analysis/20220622_LocationPatterns/GATresults/NHinvs/tsv/LFNHinvs_annotations_repeats.tsv
# job started at Wed Jun 22 21:42:07 2022 on rgomez-pc -- 88fca1c6-cd85-46e8-a730-4bffa15c9efc
# pid: 19705, system: Linux 5.3.0-7648-generic #41~1586790036~18.04~600aeb5-Ubuntu SMP Mon Apr 13 17:47:15 UTC  x86_64
# annotation_files                        : ['analysis/20220622_LocationPatterns/GATfiles/Annotations/annotations_repeats.bed']
# annotations_label                       : None
# annotations_to_points                   : None
# bucket_size                             : 0
# cache                                   : None
# conditional                             : unconditional
# conditional_expansion                   : None
# conditional_extension                   : None
# counters                                : []
# enable_split_tracks                     : False
# ignore_segment_tracks                   : True
# input_filename_counts                   : None
# input_filename_descriptions             : None
# input_filename_results                  : None
# isochore_files                          : None
# loglevel                                : 1
# nbuckets                                : 100000
# null                                    : default
# num_samples                             : 1000
# num_threads                             : 0
# output_bed                              : []
# output_counts_pattern                   : None
# output_filename_pattern                 : %s
# output_force                            : False
# output_order                            : fold
# output_plots_pattern                    : None
# output_samples_pattern                  : None
# output_stats                            : []
# output_tables_pattern                   : %s.tsv.gz
# overlapping_annotations                 : False
# pseudo_count                            : 1.0
# pvalue_method                           : empirical
# qvalue_lambda                           : None
# qvalue_method                           : BH
# qvalue_pi0_method                       : smoother
# random_seed                             : None
# restrict_workspace                      : False
# sample_files                            : []
# sampler                                 : annotator
# segment_files                           : ['analysis/20220622_LocationPatterns/GATfiles/Segments/LFNHinvs.bed']
# shift_expansion                         : 2.0
# shift_extension                         : 0
# short_help                              : None
# stderr                                  : <_io.TextIOWrapper name='<stderr>' mode='w' encoding='utf-8'>
# stdin                                   : <_io.TextIOWrapper name='<stdin>' mode='r' encoding='utf-8'>
# stdlog                                  : <_io.TextIOWrapper name='analysis/20220622_LocationPatterns/GATresults/NHinvs/log/LFNHinvs_annotations_repeats.log' mode='a' encoding='UTF-8'>
# stdout                                  : <_io.TextIOWrapper name='analysis/20220622_LocationPatterns/GATresults/NHinvs/tsv/LFNHinvs_annotations_repeats.tsv' mode='w' encoding='UTF-8'>
# timeit_file                             : None
# timeit_header                           : None
# timeit_name                             : all
# truncate_segments_to_workspace          : False
# truncate_workspace_to_annotations       : False
# workspace_files                         : ['analysis/20220622_LocationPatterns/GATfiles/Workspace/workspace_avgBherer.bed']
2022-06-22 21:42:07,437 INFO segments: reading tracks from 1 files
2022-06-22 21:42:07,437 INFO segments: read 1 tracks from 1 files
2022-06-22 21:42:07,437 INFO annotations: reading tracks from 1 files
2022-06-22 21:42:07,551 INFO annotations: read 1 tracks from 1 files
2022-06-22 21:42:07,554 INFO workspaces: reading tracks from 1 files
2022-06-22 21:42:07,555 INFO workspaces: read 1 tracks from 1 files
2022-06-22 21:42:07,555 INFO collapsing workspaces
2022-06-22 21:42:07,555 INFO intervals loaded in 0 seconds
2022-06-22 21:42:07,555 INFO collecting observed counts
2022-06-22 21:42:07,555 INFO starting sampling
2022-06-22 21:42:07,555 INFO sampling: merged: 1/1
2022-06-22 21:42:07,555 INFO performing unconditional sampling
2022-06-22 21:42:07,555 INFO workspace without conditioning: 39 segments, 2678195140 nucleotides
2022-06-22 21:42:07,555 INFO workspace after conditioning: 39 segments, 2678195140 nucleotides
2022-06-22 21:42:07,556 INFO sampling started
2022-06-22 21:42:07,559 INFO 0/1000 done ( 0.00)
2022-06-22 21:42:07,829 INFO 100/1000 done (10.00)
2022-06-22 21:42:08,158 INFO 200/1000 done (20.00)
2022-06-22 21:42:08,425 INFO 300/1000 done (30.00)
2022-06-22 21:42:08,711 INFO 400/1000 done (40.00)
2022-06-22 21:42:08,977 INFO 500/1000 done (50.00)
2022-06-22 21:42:09,246 INFO 600/1000 done (60.00)
2022-06-22 21:42:09,513 INFO 700/1000 done (70.00)
2022-06-22 21:42:09,777 INFO 800/1000 done (80.00)
2022-06-22 21:42:10,041 INFO 900/1000 done (90.00)
2022-06-22 21:42:10,307 INFO sampling completed
2022-06-22 21:42:10,307 INFO sampling finished
2022-06-22 21:42:10,307 INFO computing PValue statistics
2022-06-22 21:42:10,308 INFO computing FDR statistics
# job finished in 2 seconds at Wed Jun 22 21:42:10 2022 --  3.61  0.03  0.00  0.00 -- 88fca1c6-cd85-46e8-a730-4bffa15c9efc
