# output generated by /home/rgomez/anaconda3/bin/gat-run.py --segments=analysis/20220622_LocationPatterns/GATfiles/Segments/NHinvs.bed --annotations=analysis/20220622_LocationPatterns/GATfiles/Annotations/annotations_avgBherer.bed --workspace=analysis/20220622_LocationPatterns/GATfiles/Workspace/workspace_avgBherer.bed --num-samples=10 --log=analysis/20220622_LocationPatterns/GATresults/NHinvs/log/NHinvs_annotations_avgBherer.log --stdout=analysis/20220622_LocationPatterns/GATresults/NHinvs/tsv/NHinvs_annotations_avgBherer.tsv
# job started at Wed Jun 22 21:34:39 2022 on rgomez-pc -- 72b6511c-b541-46bd-9b74-68d2c564001d
# pid: 18835, system: Linux 5.3.0-7648-generic #41~1586790036~18.04~600aeb5-Ubuntu SMP Mon Apr 13 17:47:15 UTC  x86_64
# annotation_files                        : ['analysis/20220622_LocationPatterns/GATfiles/Annotations/annotations_avgBherer.bed']
# annotations_label                       : None
# annotations_to_points                   : None
# bucket_size                             : 0
# cache                                   : None
# conditional                             : unconditional
# conditional_expansion                   : None
# conditional_extension                   : None
# counters                                : []
# enable_split_tracks                     : False
# ignore_segment_tracks                   : True
# input_filename_counts                   : None
# input_filename_descriptions             : None
# input_filename_results                  : None
# isochore_files                          : None
# loglevel                                : 1
# nbuckets                                : 100000
# null                                    : default
# num_samples                             : 10
# num_threads                             : 0
# output_bed                              : []
# output_counts_pattern                   : None
# output_filename_pattern                 : %s
# output_force                            : False
# output_order                            : fold
# output_plots_pattern                    : None
# output_samples_pattern                  : None
# output_stats                            : []
# output_tables_pattern                   : %s.tsv.gz
# overlapping_annotations                 : False
# pseudo_count                            : 1.0
# pvalue_method                           : empirical
# qvalue_lambda                           : None
# qvalue_method                           : BH
# qvalue_pi0_method                       : smoother
# random_seed                             : None
# restrict_workspace                      : False
# sample_files                            : []
# sampler                                 : annotator
# segment_files                           : ['analysis/20220622_LocationPatterns/GATfiles/Segments/NHinvs.bed']
# shift_expansion                         : 2.0
# shift_extension                         : 0
# short_help                              : None
# stderr                                  : <_io.TextIOWrapper name='<stderr>' mode='w' encoding='utf-8'>
# stdin                                   : <_io.TextIOWrapper name='<stdin>' mode='r' encoding='utf-8'>
# stdlog                                  : <_io.TextIOWrapper name='analysis/20220622_LocationPatterns/GATresults/NHinvs/log/NHinvs_annotations_avgBherer.log' mode='a' encoding='UTF-8'>
# stdout                                  : <_io.TextIOWrapper name='analysis/20220622_LocationPatterns/GATresults/NHinvs/tsv/NHinvs_annotations_avgBherer.tsv' mode='w' encoding='UTF-8'>
# timeit_file                             : None
# timeit_header                           : None
# timeit_name                             : all
# truncate_segments_to_workspace          : False
# truncate_workspace_to_annotations       : False
# workspace_files                         : ['analysis/20220622_LocationPatterns/GATfiles/Workspace/workspace_avgBherer.bed']
2022-06-22 21:34:39,707 INFO segments: reading tracks from 1 files
2022-06-22 21:34:39,707 INFO segments: read 1 tracks from 1 files
2022-06-22 21:34:39,707 INFO annotations: reading tracks from 1 files
2022-06-22 21:34:39,983 INFO annotations: read 6 tracks from 1 files
2022-06-22 21:34:39,987 INFO workspaces: reading tracks from 1 files
2022-06-22 21:34:39,988 INFO workspaces: read 1 tracks from 1 files
2022-06-22 21:34:39,988 INFO collapsing workspaces
2022-06-22 21:34:39,988 INFO intervals loaded in 0 seconds
2022-06-22 21:34:39,989 INFO collecting observed counts
2022-06-22 21:34:39,989 INFO starting sampling
2022-06-22 21:34:39,989 INFO sampling: merged: 1/1
2022-06-22 21:34:39,989 INFO performing unconditional sampling
2022-06-22 21:34:39,990 INFO workspace without conditioning: 39 segments, 2678195140 nucleotides
2022-06-22 21:34:39,990 INFO workspace after conditioning: 39 segments, 2678195140 nucleotides
2022-06-22 21:34:39,990 INFO sampling started
2022-06-22 21:34:39,994 INFO 0/10 done ( 0.00)
2022-06-22 21:34:40,031 INFO sampling completed
2022-06-22 21:34:40,031 INFO sampling finished
2022-06-22 21:34:40,031 INFO computing PValue statistics
2022-06-22 21:34:40,032 INFO computing FDR statistics
# job finished in 0 seconds at Wed Jun 22 21:34:40 2022 --  1.07  0.05  0.00  0.00 -- 72b6511c-b541-46bd-9b74-68d2c564001d
# output generated by /home/rgomez/anaconda3/bin/gat-run.py --segments=analysis/20220622_LocationPatterns/GATfiles/Segments/NHinvs.bed --annotations=analysis/20220622_LocationPatterns/GATfiles/Annotations/annotations_avgBherer.bed --workspace=analysis/20220622_LocationPatterns/GATfiles/Workspace/workspace_avgBherer.bed --num-samples=10 --log=analysis/20220622_LocationPatterns/GATresults/NHinvs/log/NHinvs_annotations_avgBherer.log --stdout=analysis/20220622_LocationPatterns/GATresults/NHinvs/tsv/NHinvs_annotations_avgBherer.tsv
# job started at Wed Jun 22 21:40:28 2022 on rgomez-pc -- c6df39d2-1d2b-4d60-8ba2-41a3eb63e9eb
# pid: 19452, system: Linux 5.3.0-7648-generic #41~1586790036~18.04~600aeb5-Ubuntu SMP Mon Apr 13 17:47:15 UTC  x86_64
# annotation_files                        : ['analysis/20220622_LocationPatterns/GATfiles/Annotations/annotations_avgBherer.bed']
# annotations_label                       : None
# annotations_to_points                   : None
# bucket_size                             : 0
# cache                                   : None
# conditional                             : unconditional
# conditional_expansion                   : None
# conditional_extension                   : None
# counters                                : []
# enable_split_tracks                     : False
# ignore_segment_tracks                   : True
# input_filename_counts                   : None
# input_filename_descriptions             : None
# input_filename_results                  : None
# isochore_files                          : None
# loglevel                                : 1
# nbuckets                                : 100000
# null                                    : default
# num_samples                             : 10
# num_threads                             : 0
# output_bed                              : []
# output_counts_pattern                   : None
# output_filename_pattern                 : %s
# output_force                            : False
# output_order                            : fold
# output_plots_pattern                    : None
# output_samples_pattern                  : None
# output_stats                            : []
# output_tables_pattern                   : %s.tsv.gz
# overlapping_annotations                 : False
# pseudo_count                            : 1.0
# pvalue_method                           : empirical
# qvalue_lambda                           : None
# qvalue_method                           : BH
# qvalue_pi0_method                       : smoother
# random_seed                             : None
# restrict_workspace                      : False
# sample_files                            : []
# sampler                                 : annotator
# segment_files                           : ['analysis/20220622_LocationPatterns/GATfiles/Segments/NHinvs.bed']
# shift_expansion                         : 2.0
# shift_extension                         : 0
# short_help                              : None
# stderr                                  : <_io.TextIOWrapper name='<stderr>' mode='w' encoding='utf-8'>
# stdin                                   : <_io.TextIOWrapper name='<stdin>' mode='r' encoding='utf-8'>
# stdlog                                  : <_io.TextIOWrapper name='analysis/20220622_LocationPatterns/GATresults/NHinvs/log/NHinvs_annotations_avgBherer.log' mode='a' encoding='UTF-8'>
# stdout                                  : <_io.TextIOWrapper name='analysis/20220622_LocationPatterns/GATresults/NHinvs/tsv/NHinvs_annotations_avgBherer.tsv' mode='w' encoding='UTF-8'>
# timeit_file                             : None
# timeit_header                           : None
# timeit_name                             : all
# truncate_segments_to_workspace          : False
# truncate_workspace_to_annotations       : False
# workspace_files                         : ['analysis/20220622_LocationPatterns/GATfiles/Workspace/workspace_avgBherer.bed']
2022-06-22 21:40:28,775 INFO segments: reading tracks from 1 files
2022-06-22 21:40:28,776 INFO segments: read 1 tracks from 1 files
2022-06-22 21:40:28,776 INFO annotations: reading tracks from 1 files
2022-06-22 21:40:29,050 INFO annotations: read 6 tracks from 1 files
2022-06-22 21:40:29,054 INFO workspaces: reading tracks from 1 files
2022-06-22 21:40:29,054 INFO workspaces: read 1 tracks from 1 files
2022-06-22 21:40:29,054 INFO collapsing workspaces
2022-06-22 21:40:29,054 INFO intervals loaded in 0 seconds
2022-06-22 21:40:29,055 INFO collecting observed counts
2022-06-22 21:40:29,056 INFO starting sampling
2022-06-22 21:40:29,056 INFO sampling: merged: 1/1
2022-06-22 21:40:29,056 INFO performing unconditional sampling
2022-06-22 21:40:29,056 INFO workspace without conditioning: 39 segments, 2678195140 nucleotides
2022-06-22 21:40:29,056 INFO workspace after conditioning: 39 segments, 2678195140 nucleotides
2022-06-22 21:40:29,056 INFO sampling started
2022-06-22 21:40:29,061 INFO 0/10 done ( 0.00)
2022-06-22 21:40:29,098 INFO sampling completed
2022-06-22 21:40:29,098 INFO sampling finished
2022-06-22 21:40:29,098 INFO computing PValue statistics
2022-06-22 21:40:29,099 INFO computing FDR statistics
# job finished in 0 seconds at Wed Jun 22 21:40:29 2022 --  1.05  0.05  0.00  0.00 -- c6df39d2-1d2b-4d60-8ba2-41a3eb63e9eb
# output generated by /home/rgomez/anaconda3/bin/gat-run.py --segments=analysis/20220622_LocationPatterns/GATfiles/Segments/NHinvs.bed --annotations=analysis/20220622_LocationPatterns/GATfiles/Annotations/annotations_avgBherer.bed --workspace=analysis/20220622_LocationPatterns/GATfiles/Workspace/workspace_avgBherer.bed --num-samples=1000 --log=analysis/20220622_LocationPatterns/GATresults/NHinvs/log/NHinvs_annotations_avgBherer.log --stdout=analysis/20220622_LocationPatterns/GATresults/NHinvs/tsv/NHinvs_annotations_avgBherer.tsv
# job started at Wed Jun 22 21:41:56 2022 on rgomez-pc -- dc51008f-6e3e-485e-8fa1-7173edc5ebf8
# pid: 19694, system: Linux 5.3.0-7648-generic #41~1586790036~18.04~600aeb5-Ubuntu SMP Mon Apr 13 17:47:15 UTC  x86_64
# annotation_files                        : ['analysis/20220622_LocationPatterns/GATfiles/Annotations/annotations_avgBherer.bed']
# annotations_label                       : None
# annotations_to_points                   : None
# bucket_size                             : 0
# cache                                   : None
# conditional                             : unconditional
# conditional_expansion                   : None
# conditional_extension                   : None
# counters                                : []
# enable_split_tracks                     : False
# ignore_segment_tracks                   : True
# input_filename_counts                   : None
# input_filename_descriptions             : None
# input_filename_results                  : None
# isochore_files                          : None
# loglevel                                : 1
# nbuckets                                : 100000
# null                                    : default
# num_samples                             : 1000
# num_threads                             : 0
# output_bed                              : []
# output_counts_pattern                   : None
# output_filename_pattern                 : %s
# output_force                            : False
# output_order                            : fold
# output_plots_pattern                    : None
# output_samples_pattern                  : None
# output_stats                            : []
# output_tables_pattern                   : %s.tsv.gz
# overlapping_annotations                 : False
# pseudo_count                            : 1.0
# pvalue_method                           : empirical
# qvalue_lambda                           : None
# qvalue_method                           : BH
# qvalue_pi0_method                       : smoother
# random_seed                             : None
# restrict_workspace                      : False
# sample_files                            : []
# sampler                                 : annotator
# segment_files                           : ['analysis/20220622_LocationPatterns/GATfiles/Segments/NHinvs.bed']
# shift_expansion                         : 2.0
# shift_extension                         : 0
# short_help                              : None
# stderr                                  : <_io.TextIOWrapper name='<stderr>' mode='w' encoding='utf-8'>
# stdin                                   : <_io.TextIOWrapper name='<stdin>' mode='r' encoding='utf-8'>
# stdlog                                  : <_io.TextIOWrapper name='analysis/20220622_LocationPatterns/GATresults/NHinvs/log/NHinvs_annotations_avgBherer.log' mode='a' encoding='UTF-8'>
# stdout                                  : <_io.TextIOWrapper name='analysis/20220622_LocationPatterns/GATresults/NHinvs/tsv/NHinvs_annotations_avgBherer.tsv' mode='w' encoding='UTF-8'>
# timeit_file                             : None
# timeit_header                           : None
# timeit_name                             : all
# truncate_segments_to_workspace          : False
# truncate_workspace_to_annotations       : False
# workspace_files                         : ['analysis/20220622_LocationPatterns/GATfiles/Workspace/workspace_avgBherer.bed']
2022-06-22 21:41:56,003 INFO segments: reading tracks from 1 files
2022-06-22 21:41:56,003 INFO segments: read 1 tracks from 1 files
2022-06-22 21:41:56,003 INFO annotations: reading tracks from 1 files
2022-06-22 21:41:56,271 INFO annotations: read 6 tracks from 1 files
2022-06-22 21:41:56,275 INFO workspaces: reading tracks from 1 files
2022-06-22 21:41:56,275 INFO workspaces: read 1 tracks from 1 files
2022-06-22 21:41:56,275 INFO collapsing workspaces
2022-06-22 21:41:56,275 INFO intervals loaded in 0 seconds
2022-06-22 21:41:56,276 INFO collecting observed counts
2022-06-22 21:41:56,277 INFO starting sampling
2022-06-22 21:41:56,277 INFO sampling: merged: 1/1
2022-06-22 21:41:56,277 INFO performing unconditional sampling
2022-06-22 21:41:56,277 INFO workspace without conditioning: 39 segments, 2678195140 nucleotides
2022-06-22 21:41:56,277 INFO workspace after conditioning: 39 segments, 2678195140 nucleotides
2022-06-22 21:41:56,278 INFO sampling started
2022-06-22 21:41:56,282 INFO 0/1000 done ( 0.00)
2022-06-22 21:41:56,678 INFO 100/1000 done (10.00)
2022-06-22 21:41:57,072 INFO 200/1000 done (20.00)
2022-06-22 21:41:57,470 INFO 300/1000 done (30.00)
2022-06-22 21:41:57,866 INFO 400/1000 done (40.00)
2022-06-22 21:41:58,262 INFO 500/1000 done (50.00)
2022-06-22 21:41:58,667 INFO 600/1000 done (60.00)
2022-06-22 21:41:59,058 INFO 700/1000 done (70.00)
2022-06-22 21:41:59,454 INFO 800/1000 done (80.00)
2022-06-22 21:41:59,847 INFO 900/1000 done (90.00)
2022-06-22 21:42:00,240 INFO sampling completed
2022-06-22 21:42:00,241 INFO sampling finished
2022-06-22 21:42:00,241 INFO computing PValue statistics
2022-06-22 21:42:00,245 INFO computing FDR statistics
# job finished in 4 seconds at Wed Jun 22 21:42:00 2022 --  4.96  0.06  0.00  0.00 -- dc51008f-6e3e-485e-8fa1-7173edc5ebf8
