# output generated by /home/rgomez/anaconda3/bin/gat-run.py --segments=analysis/20220622_LocationPatterns/GATfiles/Segments/NHinvs.bed --annotations=analysis/20220622_LocationPatterns/GATfiles/Annotations/annotations_repeats.bed --workspace=analysis/20220622_LocationPatterns/GATfiles/Workspace/workspace_avgBherer.bed --num-samples=10 --log=analysis/20220622_LocationPatterns/GATresults/NHinvs/log/NHinvs_annotations_repeats.log --stdout=analysis/20220622_LocationPatterns/GATresults/NHinvs/tsv/NHinvs_annotations_repeats.tsv
# job started at Wed Jun 22 21:40:27 2022 on rgomez-pc -- f2a4e7c8-05c0-4a6e-aa94-0e19f638a474
# pid: 19450, system: Linux 5.3.0-7648-generic #41~1586790036~18.04~600aeb5-Ubuntu SMP Mon Apr 13 17:47:15 UTC  x86_64
# annotation_files                        : ['analysis/20220622_LocationPatterns/GATfiles/Annotations/annotations_repeats.bed']
# annotations_label                       : None
# annotations_to_points                   : None
# bucket_size                             : 0
# cache                                   : None
# conditional                             : unconditional
# conditional_expansion                   : None
# conditional_extension                   : None
# counters                                : []
# enable_split_tracks                     : False
# ignore_segment_tracks                   : True
# input_filename_counts                   : None
# input_filename_descriptions             : None
# input_filename_results                  : None
# isochore_files                          : None
# loglevel                                : 1
# nbuckets                                : 100000
# null                                    : default
# num_samples                             : 10
# num_threads                             : 0
# output_bed                              : []
# output_counts_pattern                   : None
# output_filename_pattern                 : %s
# output_force                            : False
# output_order                            : fold
# output_plots_pattern                    : None
# output_samples_pattern                  : None
# output_stats                            : []
# output_tables_pattern                   : %s.tsv.gz
# overlapping_annotations                 : False
# pseudo_count                            : 1.0
# pvalue_method                           : empirical
# qvalue_lambda                           : None
# qvalue_method                           : BH
# qvalue_pi0_method                       : smoother
# random_seed                             : None
# restrict_workspace                      : False
# sample_files                            : []
# sampler                                 : annotator
# segment_files                           : ['analysis/20220622_LocationPatterns/GATfiles/Segments/NHinvs.bed']
# shift_expansion                         : 2.0
# shift_extension                         : 0
# short_help                              : None
# stderr                                  : <_io.TextIOWrapper name='<stderr>' mode='w' encoding='utf-8'>
# stdin                                   : <_io.TextIOWrapper name='<stdin>' mode='r' encoding='utf-8'>
# stdlog                                  : <_io.TextIOWrapper name='analysis/20220622_LocationPatterns/GATresults/NHinvs/log/NHinvs_annotations_repeats.log' mode='a' encoding='UTF-8'>
# stdout                                  : <_io.TextIOWrapper name='analysis/20220622_LocationPatterns/GATresults/NHinvs/tsv/NHinvs_annotations_repeats.tsv' mode='w' encoding='UTF-8'>
# timeit_file                             : None
# timeit_header                           : None
# timeit_name                             : all
# truncate_segments_to_workspace          : False
# truncate_workspace_to_annotations       : False
# workspace_files                         : ['analysis/20220622_LocationPatterns/GATfiles/Workspace/workspace_avgBherer.bed']
2022-06-22 21:40:27,728 INFO segments: reading tracks from 1 files
2022-06-22 21:40:27,728 INFO segments: read 1 tracks from 1 files
2022-06-22 21:40:27,728 INFO annotations: reading tracks from 1 files
2022-06-22 21:40:27,839 INFO annotations: read 1 tracks from 1 files
2022-06-22 21:40:27,843 INFO workspaces: reading tracks from 1 files
2022-06-22 21:40:27,843 INFO workspaces: read 1 tracks from 1 files
2022-06-22 21:40:27,844 INFO collapsing workspaces
2022-06-22 21:40:27,844 INFO intervals loaded in 0 seconds
2022-06-22 21:40:27,844 INFO collecting observed counts
2022-06-22 21:40:27,844 INFO starting sampling
2022-06-22 21:40:27,844 INFO sampling: merged: 1/1
2022-06-22 21:40:27,844 INFO performing unconditional sampling
2022-06-22 21:40:27,844 INFO workspace without conditioning: 39 segments, 2678195140 nucleotides
2022-06-22 21:40:27,844 INFO workspace after conditioning: 39 segments, 2678195140 nucleotides
2022-06-22 21:40:27,844 INFO sampling started
2022-06-22 21:40:27,849 INFO 0/10 done ( 0.00)
2022-06-22 21:40:27,884 INFO sampling completed
2022-06-22 21:40:27,884 INFO sampling finished
2022-06-22 21:40:27,884 INFO computing PValue statistics
2022-06-22 21:40:27,885 INFO computing FDR statistics
# job finished in 0 seconds at Wed Jun 22 21:40:27 2022 --  1.03  0.08  0.00  0.00 -- f2a4e7c8-05c0-4a6e-aa94-0e19f638a474
# output generated by /home/rgomez/anaconda3/bin/gat-run.py --segments=analysis/20220622_LocationPatterns/GATfiles/Segments/NHinvs.bed --annotations=analysis/20220622_LocationPatterns/GATfiles/Annotations/annotations_repeats.bed --workspace=analysis/20220622_LocationPatterns/GATfiles/Workspace/workspace_avgBherer.bed --num-samples=1000 --log=analysis/20220622_LocationPatterns/GATresults/NHinvs/log/NHinvs_annotations_repeats.log --stdout=analysis/20220622_LocationPatterns/GATresults/NHinvs/tsv/NHinvs_annotations_repeats.tsv
# job started at Wed Jun 22 21:41:51 2022 on rgomez-pc -- f6c7a440-b853-40a6-9629-1c7effce27b9
# pid: 19690, system: Linux 5.3.0-7648-generic #41~1586790036~18.04~600aeb5-Ubuntu SMP Mon Apr 13 17:47:15 UTC  x86_64
# annotation_files                        : ['analysis/20220622_LocationPatterns/GATfiles/Annotations/annotations_repeats.bed']
# annotations_label                       : None
# annotations_to_points                   : None
# bucket_size                             : 0
# cache                                   : None
# conditional                             : unconditional
# conditional_expansion                   : None
# conditional_extension                   : None
# counters                                : []
# enable_split_tracks                     : False
# ignore_segment_tracks                   : True
# input_filename_counts                   : None
# input_filename_descriptions             : None
# input_filename_results                  : None
# isochore_files                          : None
# loglevel                                : 1
# nbuckets                                : 100000
# null                                    : default
# num_samples                             : 1000
# num_threads                             : 0
# output_bed                              : []
# output_counts_pattern                   : None
# output_filename_pattern                 : %s
# output_force                            : False
# output_order                            : fold
# output_plots_pattern                    : None
# output_samples_pattern                  : None
# output_stats                            : []
# output_tables_pattern                   : %s.tsv.gz
# overlapping_annotations                 : False
# pseudo_count                            : 1.0
# pvalue_method                           : empirical
# qvalue_lambda                           : None
# qvalue_method                           : BH
# qvalue_pi0_method                       : smoother
# random_seed                             : None
# restrict_workspace                      : False
# sample_files                            : []
# sampler                                 : annotator
# segment_files                           : ['analysis/20220622_LocationPatterns/GATfiles/Segments/NHinvs.bed']
# shift_expansion                         : 2.0
# shift_extension                         : 0
# short_help                              : None
# stderr                                  : <_io.TextIOWrapper name='<stderr>' mode='w' encoding='utf-8'>
# stdin                                   : <_io.TextIOWrapper name='<stdin>' mode='r' encoding='utf-8'>
# stdlog                                  : <_io.TextIOWrapper name='analysis/20220622_LocationPatterns/GATresults/NHinvs/log/NHinvs_annotations_repeats.log' mode='a' encoding='UTF-8'>
# stdout                                  : <_io.TextIOWrapper name='analysis/20220622_LocationPatterns/GATresults/NHinvs/tsv/NHinvs_annotations_repeats.tsv' mode='w' encoding='UTF-8'>
# timeit_file                             : None
# timeit_header                           : None
# timeit_name                             : all
# truncate_segments_to_workspace          : False
# truncate_workspace_to_annotations       : False
# workspace_files                         : ['analysis/20220622_LocationPatterns/GATfiles/Workspace/workspace_avgBherer.bed']
2022-06-22 21:41:51,234 INFO segments: reading tracks from 1 files
2022-06-22 21:41:51,234 INFO segments: read 1 tracks from 1 files
2022-06-22 21:41:51,234 INFO annotations: reading tracks from 1 files
2022-06-22 21:41:51,345 INFO annotations: read 1 tracks from 1 files
2022-06-22 21:41:51,349 INFO workspaces: reading tracks from 1 files
2022-06-22 21:41:51,350 INFO workspaces: read 1 tracks from 1 files
2022-06-22 21:41:51,350 INFO collapsing workspaces
2022-06-22 21:41:51,350 INFO intervals loaded in 0 seconds
2022-06-22 21:41:51,350 INFO collecting observed counts
2022-06-22 21:41:51,350 INFO starting sampling
2022-06-22 21:41:51,350 INFO sampling: merged: 1/1
2022-06-22 21:41:51,350 INFO performing unconditional sampling
2022-06-22 21:41:51,350 INFO workspace without conditioning: 39 segments, 2678195140 nucleotides
2022-06-22 21:41:51,350 INFO workspace after conditioning: 39 segments, 2678195140 nucleotides
2022-06-22 21:41:51,351 INFO sampling started
2022-06-22 21:41:51,355 INFO 0/1000 done ( 0.00)
2022-06-22 21:41:51,729 INFO 100/1000 done (10.00)
2022-06-22 21:41:52,100 INFO 200/1000 done (20.00)
2022-06-22 21:41:52,500 INFO 300/1000 done (30.00)
2022-06-22 21:41:52,877 INFO 400/1000 done (40.00)
2022-06-22 21:41:53,257 INFO 500/1000 done (50.00)
2022-06-22 21:41:53,644 INFO 600/1000 done (60.00)
2022-06-22 21:41:54,014 INFO 700/1000 done (70.00)
2022-06-22 21:41:54,386 INFO 800/1000 done (80.00)
2022-06-22 21:41:54,757 INFO 900/1000 done (90.00)
2022-06-22 21:41:55,121 INFO sampling completed
2022-06-22 21:41:55,121 INFO sampling finished
2022-06-22 21:41:55,121 INFO computing PValue statistics
2022-06-22 21:41:55,122 INFO computing FDR statistics
# job finished in 3 seconds at Wed Jun 22 21:41:55 2022 --  4.66  0.03  0.00  0.00 -- f6c7a440-b853-40a6-9629-1c7effce27b9
