# output generated by /home/rgomez/anaconda3/bin/gat-run.py --segments=analysis/20220622_LocationPatterns/GATfiles/Segments/HFNAHRnoOutinvs.bed --isochores=analysis/20220622_LocationPatterns/GATfiles/Isochores/Isochores_25Mwin_4cat.bed --annotations=analysis/20220622_LocationPatterns/GATfiles/Annotations/annotations_avgBherer.bed --workspace=analysis/20220622_LocationPatterns/GATfiles/Workspace/workspace_avgBherer.bed --num-samples=50 --log=analysis/20220622_LocationPatterns/GATresults/DefResults/log/HFNAHRnoOutinvs_avgBherer.log --stdout=analysis/20220622_LocationPatterns/GATresults/DefResults/tsv/HFNAHRnoOutinvs_avgBherer.tsv
# job started at Wed Jun 22 18:32:17 2022 on rgomez-pc -- 856e4b64-01ee-46e1-96a5-793bf05f8931
# pid: 9687, system: Linux 5.3.0-7648-generic #41~1586790036~18.04~600aeb5-Ubuntu SMP Mon Apr 13 17:47:15 UTC  x86_64
# annotation_files                        : ['analysis/20220622_LocationPatterns/GATfiles/Annotations/annotations_avgBherer.bed']
# annotations_label                       : None
# annotations_to_points                   : None
# bucket_size                             : 0
# cache                                   : None
# conditional                             : unconditional
# conditional_expansion                   : None
# conditional_extension                   : None
# counters                                : []
# enable_split_tracks                     : False
# ignore_segment_tracks                   : True
# input_filename_counts                   : None
# input_filename_descriptions             : None
# input_filename_results                  : None
# isochore_files                          : ['analysis/20220622_LocationPatterns/GATfiles/Isochores/Isochores_25Mwin_4cat.bed']
# loglevel                                : 1
# nbuckets                                : 100000
# null                                    : default
# num_samples                             : 50
# num_threads                             : 0
# output_bed                              : []
# output_counts_pattern                   : None
# output_filename_pattern                 : %s
# output_force                            : False
# output_order                            : fold
# output_plots_pattern                    : None
# output_samples_pattern                  : None
# output_stats                            : []
# output_tables_pattern                   : %s.tsv.gz
# overlapping_annotations                 : False
# pseudo_count                            : 1.0
# pvalue_method                           : empirical
# qvalue_lambda                           : None
# qvalue_method                           : BH
# qvalue_pi0_method                       : smoother
# random_seed                             : None
# restrict_workspace                      : False
# sample_files                            : []
# sampler                                 : annotator
# segment_files                           : ['analysis/20220622_LocationPatterns/GATfiles/Segments/HFNAHRnoOutinvs.bed']
# shift_expansion                         : 2.0
# shift_extension                         : 0
# short_help                              : None
# stderr                                  : <_io.TextIOWrapper name='<stderr>' mode='w' encoding='utf-8'>
# stdin                                   : <_io.TextIOWrapper name='<stdin>' mode='r' encoding='utf-8'>
# stdlog                                  : <_io.TextIOWrapper name='analysis/20220622_LocationPatterns/GATresults/DefResults/log/HFNAHRnoOutinvs_avgBherer.log' mode='a' encoding='UTF-8'>
# stdout                                  : <_io.TextIOWrapper name='analysis/20220622_LocationPatterns/GATresults/DefResults/tsv/HFNAHRnoOutinvs_avgBherer.tsv' mode='w' encoding='UTF-8'>
# timeit_file                             : None
# timeit_header                           : None
# timeit_name                             : all
# truncate_segments_to_workspace          : False
# truncate_workspace_to_annotations       : False
# workspace_files                         : ['analysis/20220622_LocationPatterns/GATfiles/Workspace/workspace_avgBherer.bed']
2022-06-22 18:32:17,713 INFO segments: reading tracks from 1 files
2022-06-22 18:32:17,713 INFO segments: read 1 tracks from 1 files
2022-06-22 18:32:17,713 INFO annotations: reading tracks from 1 files
2022-06-22 18:32:18,016 INFO annotations: read 6 tracks from 1 files
2022-06-22 18:32:18,020 INFO workspaces: reading tracks from 1 files
2022-06-22 18:32:18,020 INFO workspaces: read 1 tracks from 1 files
2022-06-22 18:32:18,021 INFO collapsing workspaces
2022-06-22 18:32:18,021 INFO isochores: reading isochores from 1 files
2022-06-22 18:32:18,023 INFO intervals loaded in 0 seconds
2022-06-22 18:32:18,023 INFO adding isochores to workspace
2022-06-22 18:32:18,027 INFO collecting observed counts
2022-06-22 18:32:18,028 INFO starting sampling
2022-06-22 18:32:18,028 INFO sampling: merged: 1/1
2022-06-22 18:32:18,028 INFO performing unconditional sampling
2022-06-22 18:32:18,034 INFO workspace without conditioning: 1090 segments, 2678195140 nucleotides
2022-06-22 18:32:18,034 INFO workspace after conditioning: 1090 segments, 2678195140 nucleotides
2022-06-22 18:32:18,034 INFO sampling started
2022-06-22 18:32:18,039 INFO 0/50 done ( 0.00)
2022-06-22 18:32:18,188 INFO sampling completed
2022-06-22 18:32:18,188 INFO sampling finished
2022-06-22 18:32:18,188 INFO computing PValue statistics
2022-06-22 18:32:18,191 INFO computing FDR statistics
# job finished in 0 seconds at Wed Jun 22 18:32:18 2022 --  1.32  0.06  0.00  0.00 -- 856e4b64-01ee-46e1-96a5-793bf05f8931
# output generated by /home/rgomez/anaconda3/bin/gat-run.py --segments=analysis/20220622_LocationPatterns/GATfiles/Segments/HFNAHRnoOutinvs.bed --isochores=analysis/20220622_LocationPatterns/GATfiles/Isochores/Isochores_25Mwin_4cat.bed --annotations=analysis/20220622_LocationPatterns/GATfiles/Annotations/annotations_avgBherer.bed --workspace=analysis/20220622_LocationPatterns/GATfiles/Workspace/workspace_avgBherer.bed --num-samples=2000 --log=analysis/20220622_LocationPatterns/GATresults/DefResults/log/HFNAHRnoOutinvs_avgBherer.log --stdout=analysis/20220622_LocationPatterns/GATresults/DefResults/tsv/HFNAHRnoOutinvs_avgBherer.tsv
# job started at Wed Jun 22 18:34:54 2022 on rgomez-pc -- e30a8956-8a09-41a8-a7a9-c21756bfe186
# pid: 9954, system: Linux 5.3.0-7648-generic #41~1586790036~18.04~600aeb5-Ubuntu SMP Mon Apr 13 17:47:15 UTC  x86_64
# annotation_files                        : ['analysis/20220622_LocationPatterns/GATfiles/Annotations/annotations_avgBherer.bed']
# annotations_label                       : None
# annotations_to_points                   : None
# bucket_size                             : 0
# cache                                   : None
# conditional                             : unconditional
# conditional_expansion                   : None
# conditional_extension                   : None
# counters                                : []
# enable_split_tracks                     : False
# ignore_segment_tracks                   : True
# input_filename_counts                   : None
# input_filename_descriptions             : None
# input_filename_results                  : None
# isochore_files                          : ['analysis/20220622_LocationPatterns/GATfiles/Isochores/Isochores_25Mwin_4cat.bed']
# loglevel                                : 1
# nbuckets                                : 100000
# null                                    : default
# num_samples                             : 2000
# num_threads                             : 0
# output_bed                              : []
# output_counts_pattern                   : None
# output_filename_pattern                 : %s
# output_force                            : False
# output_order                            : fold
# output_plots_pattern                    : None
# output_samples_pattern                  : None
# output_stats                            : []
# output_tables_pattern                   : %s.tsv.gz
# overlapping_annotations                 : False
# pseudo_count                            : 1.0
# pvalue_method                           : empirical
# qvalue_lambda                           : None
# qvalue_method                           : BH
# qvalue_pi0_method                       : smoother
# random_seed                             : None
# restrict_workspace                      : False
# sample_files                            : []
# sampler                                 : annotator
# segment_files                           : ['analysis/20220622_LocationPatterns/GATfiles/Segments/HFNAHRnoOutinvs.bed']
# shift_expansion                         : 2.0
# shift_extension                         : 0
# short_help                              : None
# stderr                                  : <_io.TextIOWrapper name='<stderr>' mode='w' encoding='utf-8'>
# stdin                                   : <_io.TextIOWrapper name='<stdin>' mode='r' encoding='utf-8'>
# stdlog                                  : <_io.TextIOWrapper name='analysis/20220622_LocationPatterns/GATresults/DefResults/log/HFNAHRnoOutinvs_avgBherer.log' mode='a' encoding='UTF-8'>
# stdout                                  : <_io.TextIOWrapper name='analysis/20220622_LocationPatterns/GATresults/DefResults/tsv/HFNAHRnoOutinvs_avgBherer.tsv' mode='w' encoding='UTF-8'>
# timeit_file                             : None
# timeit_header                           : None
# timeit_name                             : all
# truncate_segments_to_workspace          : False
# truncate_workspace_to_annotations       : False
# workspace_files                         : ['analysis/20220622_LocationPatterns/GATfiles/Workspace/workspace_avgBherer.bed']
2022-06-22 18:34:54,969 INFO segments: reading tracks from 1 files
2022-06-22 18:34:54,970 INFO segments: read 1 tracks from 1 files
2022-06-22 18:34:54,970 INFO annotations: reading tracks from 1 files
2022-06-22 18:34:55,279 INFO annotations: read 6 tracks from 1 files
2022-06-22 18:34:55,283 INFO workspaces: reading tracks from 1 files
2022-06-22 18:34:55,283 INFO workspaces: read 1 tracks from 1 files
2022-06-22 18:34:55,283 INFO collapsing workspaces
2022-06-22 18:34:55,283 INFO isochores: reading isochores from 1 files
2022-06-22 18:34:55,285 INFO intervals loaded in 0 seconds
2022-06-22 18:34:55,285 INFO adding isochores to workspace
2022-06-22 18:34:55,288 INFO collecting observed counts
2022-06-22 18:34:55,289 INFO starting sampling
2022-06-22 18:34:55,289 INFO sampling: merged: 1/1
2022-06-22 18:34:55,289 INFO performing unconditional sampling
2022-06-22 18:34:55,295 INFO workspace without conditioning: 1090 segments, 2678195140 nucleotides
2022-06-22 18:34:55,295 INFO workspace after conditioning: 1090 segments, 2678195140 nucleotides
2022-06-22 18:34:55,296 INFO sampling started
2022-06-22 18:34:55,299 INFO 0/2000 done ( 0.00)
2022-06-22 18:34:55,596 INFO 100/2000 done ( 5.00)
2022-06-22 18:34:55,904 INFO 200/2000 done (10.00)
2022-06-22 18:34:56,192 INFO 300/2000 done (15.00)
2022-06-22 18:34:56,476 INFO 400/2000 done (20.00)
2022-06-22 18:34:56,783 INFO 500/2000 done (25.00)
2022-06-22 18:34:57,073 INFO 600/2000 done (30.00)
2022-06-22 18:34:57,374 INFO 700/2000 done (35.00)
2022-06-22 18:34:57,660 INFO 800/2000 done (40.00)
2022-06-22 18:34:57,951 INFO 900/2000 done (45.00)
2022-06-22 18:34:58,240 INFO 1000/2000 done (50.00)
2022-06-22 18:34:58,537 INFO 1100/2000 done (55.00)
2022-06-22 18:34:58,809 INFO 1200/2000 done (60.00)
2022-06-22 18:34:59,102 INFO 1300/2000 done (65.00)
2022-06-22 18:34:59,391 INFO 1400/2000 done (70.00)
2022-06-22 18:34:59,687 INFO 1500/2000 done (75.00)
2022-06-22 18:34:59,983 INFO 1600/2000 done (80.00)
2022-06-22 18:35:00,272 INFO 1700/2000 done (85.00)
2022-06-22 18:35:00,564 INFO 1800/2000 done (90.00)
2022-06-22 18:35:00,854 INFO 1900/2000 done (95.00)
2022-06-22 18:35:01,148 INFO sampling completed
2022-06-22 18:35:01,150 INFO sampling finished
2022-06-22 18:35:01,150 INFO computing PValue statistics
2022-06-22 18:35:01,156 INFO computing FDR statistics
# job finished in 6 seconds at Wed Jun 22 18:35:01 2022 --  6.95  0.04  0.00  0.00 -- e30a8956-8a09-41a8-a7a9-c21756bfe186
# output generated by /home/rgomez/anaconda3/bin/gat-run.py --segments=analysis/20220622_LocationPatterns/GATfiles/Segments/HFNAHRnoOutinvs.bed --isochores=analysis/20220622_LocationPatterns/GATfiles/Isochores/Isochores_25Mwin_4cat.bed --annotations=analysis/20220622_LocationPatterns/GATfiles/Annotations/annotations_avgBherer.bed --workspace=analysis/20220622_LocationPatterns/GATfiles/Workspace/workspace_avgBherer.bed --num-samples=5000 --log=analysis/20220622_LocationPatterns/GATresults/DefResults/log/HFNAHRnoOutinvs_avgBherer.log --stdout=analysis/20220622_LocationPatterns/GATresults/DefResults/tsv/HFNAHRnoOutinvs_avgBherer.tsv
# job started at Wed Jun 22 18:42:46 2022 on rgomez-pc -- c8ad39bd-a4cb-4656-a1ae-9fa3d39c790f
# pid: 10525, system: Linux 5.3.0-7648-generic #41~1586790036~18.04~600aeb5-Ubuntu SMP Mon Apr 13 17:47:15 UTC  x86_64
# annotation_files                        : ['analysis/20220622_LocationPatterns/GATfiles/Annotations/annotations_avgBherer.bed']
# annotations_label                       : None
# annotations_to_points                   : None
# bucket_size                             : 0
# cache                                   : None
# conditional                             : unconditional
# conditional_expansion                   : None
# conditional_extension                   : None
# counters                                : []
# enable_split_tracks                     : False
# ignore_segment_tracks                   : True
# input_filename_counts                   : None
# input_filename_descriptions             : None
# input_filename_results                  : None
# isochore_files                          : ['analysis/20220622_LocationPatterns/GATfiles/Isochores/Isochores_25Mwin_4cat.bed']
# loglevel                                : 1
# nbuckets                                : 100000
# null                                    : default
# num_samples                             : 5000
# num_threads                             : 0
# output_bed                              : []
# output_counts_pattern                   : None
# output_filename_pattern                 : %s
# output_force                            : False
# output_order                            : fold
# output_plots_pattern                    : None
# output_samples_pattern                  : None
# output_stats                            : []
# output_tables_pattern                   : %s.tsv.gz
# overlapping_annotations                 : False
# pseudo_count                            : 1.0
# pvalue_method                           : empirical
# qvalue_lambda                           : None
# qvalue_method                           : BH
# qvalue_pi0_method                       : smoother
# random_seed                             : None
# restrict_workspace                      : False
# sample_files                            : []
# sampler                                 : annotator
# segment_files                           : ['analysis/20220622_LocationPatterns/GATfiles/Segments/HFNAHRnoOutinvs.bed']
# shift_expansion                         : 2.0
# shift_extension                         : 0
# short_help                              : None
# stderr                                  : <_io.TextIOWrapper name='<stderr>' mode='w' encoding='utf-8'>
# stdin                                   : <_io.TextIOWrapper name='<stdin>' mode='r' encoding='utf-8'>
# stdlog                                  : <_io.TextIOWrapper name='analysis/20220622_LocationPatterns/GATresults/DefResults/log/HFNAHRnoOutinvs_avgBherer.log' mode='a' encoding='UTF-8'>
# stdout                                  : <_io.TextIOWrapper name='analysis/20220622_LocationPatterns/GATresults/DefResults/tsv/HFNAHRnoOutinvs_avgBherer.tsv' mode='w' encoding='UTF-8'>
# timeit_file                             : None
# timeit_header                           : None
# timeit_name                             : all
# truncate_segments_to_workspace          : False
# truncate_workspace_to_annotations       : False
# workspace_files                         : ['analysis/20220622_LocationPatterns/GATfiles/Workspace/workspace_avgBherer.bed']
2022-06-22 18:42:46,176 INFO segments: reading tracks from 1 files
2022-06-22 18:42:46,176 INFO segments: read 1 tracks from 1 files
2022-06-22 18:42:46,176 INFO annotations: reading tracks from 1 files
2022-06-22 18:42:46,453 INFO annotations: read 6 tracks from 1 files
2022-06-22 18:42:46,457 INFO workspaces: reading tracks from 1 files
2022-06-22 18:42:46,458 INFO workspaces: read 1 tracks from 1 files
2022-06-22 18:42:46,458 INFO collapsing workspaces
2022-06-22 18:42:46,458 INFO isochores: reading isochores from 1 files
2022-06-22 18:42:46,460 INFO intervals loaded in 0 seconds
2022-06-22 18:42:46,460 INFO adding isochores to workspace
2022-06-22 18:42:46,462 INFO collecting observed counts
2022-06-22 18:42:46,463 INFO starting sampling
2022-06-22 18:42:46,463 INFO sampling: merged: 1/1
2022-06-22 18:42:46,463 INFO performing unconditional sampling
2022-06-22 18:42:46,469 INFO workspace without conditioning: 1090 segments, 2678195140 nucleotides
2022-06-22 18:42:46,469 INFO workspace after conditioning: 1090 segments, 2678195140 nucleotides
2022-06-22 18:42:46,471 INFO sampling started
2022-06-22 18:42:46,474 INFO 0/5000 done ( 0.00)
2022-06-22 18:42:46,767 INFO 100/5000 done ( 2.00)
2022-06-22 18:42:47,074 INFO 200/5000 done ( 4.00)
2022-06-22 18:42:47,369 INFO 300/5000 done ( 6.00)
2022-06-22 18:42:47,659 INFO 400/5000 done ( 8.00)
2022-06-22 18:42:47,948 INFO 500/5000 done (10.00)
2022-06-22 18:42:48,233 INFO 600/5000 done (12.00)
2022-06-22 18:42:48,533 INFO 700/5000 done (14.00)
2022-06-22 18:42:48,820 INFO 800/5000 done (16.00)
2022-06-22 18:42:49,107 INFO 900/5000 done (18.00)
2022-06-22 18:42:49,404 INFO 1000/5000 done (20.00)
2022-06-22 18:42:49,695 INFO 1100/5000 done (22.00)
2022-06-22 18:42:49,986 INFO 1200/5000 done (24.00)
2022-06-22 18:42:50,273 INFO 1300/5000 done (26.00)
2022-06-22 18:42:50,581 INFO 1400/5000 done (28.00)
2022-06-22 18:42:50,858 INFO 1500/5000 done (30.00)
2022-06-22 18:42:51,152 INFO 1600/5000 done (32.00)
2022-06-22 18:42:51,447 INFO 1700/5000 done (34.00)
2022-06-22 18:42:51,739 INFO 1800/5000 done (36.00)
2022-06-22 18:42:52,034 INFO 1900/5000 done (38.00)
2022-06-22 18:42:52,334 INFO 2000/5000 done (40.00)
2022-06-22 18:42:52,650 INFO 2100/5000 done (42.00)
2022-06-22 18:42:52,952 INFO 2200/5000 done (44.00)
2022-06-22 18:42:53,237 INFO 2300/5000 done (46.00)
2022-06-22 18:42:53,541 INFO 2400/5000 done (48.00)
2022-06-22 18:42:53,844 INFO 2500/5000 done (50.00)
2022-06-22 18:42:54,139 INFO 2600/5000 done (52.00)
2022-06-22 18:42:54,453 INFO 2700/5000 done (54.00)
2022-06-22 18:42:54,745 INFO 2800/5000 done (56.00)
2022-06-22 18:42:55,042 INFO 2900/5000 done (58.00)
2022-06-22 18:42:55,348 INFO 3000/5000 done (60.00)
2022-06-22 18:42:55,651 INFO 3100/5000 done (62.00)
2022-06-22 18:42:55,951 INFO 3200/5000 done (64.00)
2022-06-22 18:42:56,253 INFO 3300/5000 done (66.00)
2022-06-22 18:42:56,574 INFO 3400/5000 done (68.00)
2022-06-22 18:42:56,862 INFO 3500/5000 done (70.00)
2022-06-22 18:42:57,159 INFO 3600/5000 done (72.00)
2022-06-22 18:42:57,449 INFO 3700/5000 done (74.00)
2022-06-22 18:42:57,753 INFO 3800/5000 done (76.00)
2022-06-22 18:42:58,046 INFO 3900/5000 done (78.00)
2022-06-22 18:42:58,335 INFO 4000/5000 done (80.00)
2022-06-22 18:42:58,623 INFO 4100/5000 done (82.00)
2022-06-22 18:42:58,903 INFO 4200/5000 done (84.00)
2022-06-22 18:42:59,197 INFO 4300/5000 done (86.00)
2022-06-22 18:42:59,499 INFO 4400/5000 done (88.00)
2022-06-22 18:42:59,784 INFO 4500/5000 done (90.00)
2022-06-22 18:43:00,084 INFO 4600/5000 done (92.00)
2022-06-22 18:43:00,387 INFO 4700/5000 done (94.00)
2022-06-22 18:43:00,674 INFO 4800/5000 done (96.00)
2022-06-22 18:43:00,965 INFO 4900/5000 done (98.00)
2022-06-22 18:43:01,249 INFO sampling completed
2022-06-22 18:43:01,254 INFO sampling finished
2022-06-22 18:43:01,254 INFO computing PValue statistics
2022-06-22 18:43:01,267 INFO computing FDR statistics
# job finished in 15 seconds at Wed Jun 22 18:43:01 2022 -- 15.84  0.04  0.00  0.00 -- c8ad39bd-a4cb-4656-a1ae-9fa3d39c790f
# output generated by /home/rgomez/anaconda3/bin/gat-run.py --segments=analysis/20220622_LocationPatterns/GATfiles/Segments/HFNAHRnoOutinvs.bed --isochores=analysis/20220622_LocationPatterns/GATfiles/Isochores/Isochores_25Mwin_4cat.bed --annotations=analysis/20220622_LocationPatterns/GATfiles/Annotations/annotations_avgBherer.bed --workspace=analysis/20220622_LocationPatterns/GATfiles/Workspace/workspace_avgBherer.bed --num-samples=5000 --log=analysis/20220622_LocationPatterns/GATresults/DefResults/log/HFNAHRnoOutinvs_avgBherer.log --stdout=analysis/20220622_LocationPatterns/GATresults/DefResults/tsv/HFNAHRnoOutinvs_avgBherer.tsv
# job started at Wed Jun 22 18:50:51 2022 on rgomez-pc -- 31bd6ce2-d939-4ea1-815b-fdf02072fd63
# pid: 10989, system: Linux 5.3.0-7648-generic #41~1586790036~18.04~600aeb5-Ubuntu SMP Mon Apr 13 17:47:15 UTC  x86_64
# annotation_files                        : ['analysis/20220622_LocationPatterns/GATfiles/Annotations/annotations_avgBherer.bed']
# annotations_label                       : None
# annotations_to_points                   : None
# bucket_size                             : 0
# cache                                   : None
# conditional                             : unconditional
# conditional_expansion                   : None
# conditional_extension                   : None
# counters                                : []
# enable_split_tracks                     : False
# ignore_segment_tracks                   : True
# input_filename_counts                   : None
# input_filename_descriptions             : None
# input_filename_results                  : None
# isochore_files                          : ['analysis/20220622_LocationPatterns/GATfiles/Isochores/Isochores_25Mwin_4cat.bed']
# loglevel                                : 1
# nbuckets                                : 100000
# null                                    : default
# num_samples                             : 5000
# num_threads                             : 0
# output_bed                              : []
# output_counts_pattern                   : None
# output_filename_pattern                 : %s
# output_force                            : False
# output_order                            : fold
# output_plots_pattern                    : None
# output_samples_pattern                  : None
# output_stats                            : []
# output_tables_pattern                   : %s.tsv.gz
# overlapping_annotations                 : False
# pseudo_count                            : 1.0
# pvalue_method                           : empirical
# qvalue_lambda                           : None
# qvalue_method                           : BH
# qvalue_pi0_method                       : smoother
# random_seed                             : None
# restrict_workspace                      : False
# sample_files                            : []
# sampler                                 : annotator
# segment_files                           : ['analysis/20220622_LocationPatterns/GATfiles/Segments/HFNAHRnoOutinvs.bed']
# shift_expansion                         : 2.0
# shift_extension                         : 0
# short_help                              : None
# stderr                                  : <_io.TextIOWrapper name='<stderr>' mode='w' encoding='utf-8'>
# stdin                                   : <_io.TextIOWrapper name='<stdin>' mode='r' encoding='utf-8'>
# stdlog                                  : <_io.TextIOWrapper name='analysis/20220622_LocationPatterns/GATresults/DefResults/log/HFNAHRnoOutinvs_avgBherer.log' mode='a' encoding='UTF-8'>
# stdout                                  : <_io.TextIOWrapper name='analysis/20220622_LocationPatterns/GATresults/DefResults/tsv/HFNAHRnoOutinvs_avgBherer.tsv' mode='w' encoding='UTF-8'>
# timeit_file                             : None
# timeit_header                           : None
# timeit_name                             : all
# truncate_segments_to_workspace          : False
# truncate_workspace_to_annotations       : False
# workspace_files                         : ['analysis/20220622_LocationPatterns/GATfiles/Workspace/workspace_avgBherer.bed']
2022-06-22 18:50:51,722 INFO segments: reading tracks from 1 files
2022-06-22 18:50:51,723 INFO segments: read 1 tracks from 1 files
2022-06-22 18:50:51,723 INFO annotations: reading tracks from 1 files
2022-06-22 18:50:51,991 INFO annotations: read 6 tracks from 1 files
2022-06-22 18:50:51,995 INFO workspaces: reading tracks from 1 files
2022-06-22 18:50:51,996 INFO workspaces: read 1 tracks from 1 files
2022-06-22 18:50:51,996 INFO collapsing workspaces
2022-06-22 18:50:51,996 INFO isochores: reading isochores from 1 files
2022-06-22 18:50:51,998 INFO intervals loaded in 0 seconds
2022-06-22 18:50:51,998 INFO adding isochores to workspace
2022-06-22 18:50:52,001 INFO collecting observed counts
2022-06-22 18:50:52,001 INFO starting sampling
2022-06-22 18:50:52,001 INFO sampling: merged: 1/1
2022-06-22 18:50:52,001 INFO performing unconditional sampling
2022-06-22 18:50:52,007 INFO workspace without conditioning: 1090 segments, 2678195140 nucleotides
2022-06-22 18:50:52,007 INFO workspace after conditioning: 1090 segments, 2678195140 nucleotides
2022-06-22 18:50:52,009 INFO sampling started
2022-06-22 18:50:52,014 INFO 0/5000 done ( 0.00)
2022-06-22 18:50:52,292 INFO 100/5000 done ( 2.00)
2022-06-22 18:50:52,585 INFO 200/5000 done ( 4.00)
2022-06-22 18:50:52,888 INFO 300/5000 done ( 6.00)
2022-06-22 18:50:53,158 INFO 400/5000 done ( 8.00)
2022-06-22 18:50:53,429 INFO 500/5000 done (10.00)
2022-06-22 18:50:53,717 INFO 600/5000 done (12.00)
2022-06-22 18:50:53,996 INFO 700/5000 done (14.00)
2022-06-22 18:50:54,285 INFO 800/5000 done (16.00)
2022-06-22 18:50:54,563 INFO 900/5000 done (18.00)
2022-06-22 18:50:54,842 INFO 1000/5000 done (20.00)
2022-06-22 18:50:55,123 INFO 1100/5000 done (22.00)
2022-06-22 18:50:55,393 INFO 1200/5000 done (24.00)
2022-06-22 18:50:55,673 INFO 1300/5000 done (26.00)
2022-06-22 18:50:55,952 INFO 1400/5000 done (28.00)
2022-06-22 18:50:56,226 INFO 1500/5000 done (30.00)
2022-06-22 18:50:56,508 INFO 1600/5000 done (32.00)
2022-06-22 18:50:56,791 INFO 1700/5000 done (34.00)
2022-06-22 18:50:57,079 INFO 1800/5000 done (36.00)
2022-06-22 18:50:57,357 INFO 1900/5000 done (38.00)
2022-06-22 18:50:57,646 INFO 2000/5000 done (40.00)
2022-06-22 18:50:57,920 INFO 2100/5000 done (42.00)
2022-06-22 18:50:58,197 INFO 2200/5000 done (44.00)
2022-06-22 18:50:58,471 INFO 2300/5000 done (46.00)
2022-06-22 18:50:58,760 INFO 2400/5000 done (48.00)
2022-06-22 18:50:59,051 INFO 2500/5000 done (50.00)
2022-06-22 18:50:59,329 INFO 2600/5000 done (52.00)
2022-06-22 18:50:59,619 INFO 2700/5000 done (54.00)
2022-06-22 18:50:59,889 INFO 2800/5000 done (56.00)
2022-06-22 18:51:00,193 INFO 2900/5000 done (58.00)
2022-06-22 18:51:00,484 INFO 3000/5000 done (60.00)
2022-06-22 18:51:00,775 INFO 3100/5000 done (62.00)
2022-06-22 18:51:01,048 INFO 3200/5000 done (64.00)
2022-06-22 18:51:01,326 INFO 3300/5000 done (66.00)
2022-06-22 18:51:01,617 INFO 3400/5000 done (68.00)
2022-06-22 18:51:01,895 INFO 3500/5000 done (70.00)
2022-06-22 18:51:02,186 INFO 3600/5000 done (72.00)
2022-06-22 18:51:02,459 INFO 3700/5000 done (74.00)
2022-06-22 18:51:02,739 INFO 3800/5000 done (76.00)
2022-06-22 18:51:03,009 INFO 3900/5000 done (78.00)
2022-06-22 18:51:03,279 INFO 4000/5000 done (80.00)
2022-06-22 18:51:03,573 INFO 4100/5000 done (82.00)
2022-06-22 18:51:03,858 INFO 4200/5000 done (84.00)
2022-06-22 18:51:04,138 INFO 4300/5000 done (86.00)
2022-06-22 18:51:04,417 INFO 4400/5000 done (88.00)
2022-06-22 18:51:04,701 INFO 4500/5000 done (90.00)
2022-06-22 18:51:04,997 INFO 4600/5000 done (92.00)
2022-06-22 18:51:05,283 INFO 4700/5000 done (94.00)
2022-06-22 18:51:05,567 INFO 4800/5000 done (96.00)
2022-06-22 18:51:05,862 INFO 4900/5000 done (98.00)
2022-06-22 18:51:06,146 INFO sampling completed
2022-06-22 18:51:06,151 INFO sampling finished
2022-06-22 18:51:06,152 INFO computing PValue statistics
2022-06-22 18:51:06,165 INFO computing FDR statistics
# job finished in 14 seconds at Wed Jun 22 18:51:06 2022 -- 15.18  0.04  0.00  0.00 -- 31bd6ce2-d939-4ea1-815b-fdf02072fd63
