# output generated by /home/rgomez/anaconda3/bin/gat-run.py --segments=analysis/20220622_LocationPatterns/GATfiles/Segments/LFNHinvs.bed --isochores=analysis/20220622_LocationPatterns/GATfiles/Isochores/Isochores_25Mwin_4cat.bed --annotations=analysis/20220622_LocationPatterns/GATfiles/Annotations/annotations_repeats.bed --workspace=analysis/20220622_LocationPatterns/GATfiles/Workspace/workspace_avgBherer.bed --num-samples=50 --log=analysis/20220622_LocationPatterns/GATresults/DefResults/log/LFNHinvs_repeats.log --stdout=analysis/20220622_LocationPatterns/GATresults/DefResults/tsv/LFNHinvs_repeats.tsv
# job started at Wed Jun 22 18:32:13 2022 on rgomez-pc -- c62f2346-211a-424d-8eab-52ea0cb40169
# pid: 9676, system: Linux 5.3.0-7648-generic #41~1586790036~18.04~600aeb5-Ubuntu SMP Mon Apr 13 17:47:15 UTC  x86_64
# annotation_files                        : ['analysis/20220622_LocationPatterns/GATfiles/Annotations/annotations_repeats.bed']
# annotations_label                       : None
# annotations_to_points                   : None
# bucket_size                             : 0
# cache                                   : None
# conditional                             : unconditional
# conditional_expansion                   : None
# conditional_extension                   : None
# counters                                : []
# enable_split_tracks                     : False
# ignore_segment_tracks                   : True
# input_filename_counts                   : None
# input_filename_descriptions             : None
# input_filename_results                  : None
# isochore_files                          : ['analysis/20220622_LocationPatterns/GATfiles/Isochores/Isochores_25Mwin_4cat.bed']
# loglevel                                : 1
# nbuckets                                : 100000
# null                                    : default
# num_samples                             : 50
# num_threads                             : 0
# output_bed                              : []
# output_counts_pattern                   : None
# output_filename_pattern                 : %s
# output_force                            : False
# output_order                            : fold
# output_plots_pattern                    : None
# output_samples_pattern                  : None
# output_stats                            : []
# output_tables_pattern                   : %s.tsv.gz
# overlapping_annotations                 : False
# pseudo_count                            : 1.0
# pvalue_method                           : empirical
# qvalue_lambda                           : None
# qvalue_method                           : BH
# qvalue_pi0_method                       : smoother
# random_seed                             : None
# restrict_workspace                      : False
# sample_files                            : []
# sampler                                 : annotator
# segment_files                           : ['analysis/20220622_LocationPatterns/GATfiles/Segments/LFNHinvs.bed']
# shift_expansion                         : 2.0
# shift_extension                         : 0
# short_help                              : None
# stderr                                  : <_io.TextIOWrapper name='<stderr>' mode='w' encoding='utf-8'>
# stdin                                   : <_io.TextIOWrapper name='<stdin>' mode='r' encoding='utf-8'>
# stdlog                                  : <_io.TextIOWrapper name='analysis/20220622_LocationPatterns/GATresults/DefResults/log/LFNHinvs_repeats.log' mode='a' encoding='UTF-8'>
# stdout                                  : <_io.TextIOWrapper name='analysis/20220622_LocationPatterns/GATresults/DefResults/tsv/LFNHinvs_repeats.tsv' mode='w' encoding='UTF-8'>
# timeit_file                             : None
# timeit_header                           : None
# timeit_name                             : all
# truncate_segments_to_workspace          : False
# truncate_workspace_to_annotations       : False
# workspace_files                         : ['analysis/20220622_LocationPatterns/GATfiles/Workspace/workspace_avgBherer.bed']
2022-06-22 18:32:13,428 INFO segments: reading tracks from 1 files
2022-06-22 18:32:13,429 INFO segments: read 1 tracks from 1 files
2022-06-22 18:32:13,429 INFO annotations: reading tracks from 1 files
2022-06-22 18:32:13,581 INFO annotations: read 1 tracks from 1 files
2022-06-22 18:32:13,587 INFO workspaces: reading tracks from 1 files
2022-06-22 18:32:13,588 INFO workspaces: read 1 tracks from 1 files
2022-06-22 18:32:13,588 INFO collapsing workspaces
2022-06-22 18:32:13,589 INFO isochores: reading isochores from 1 files
2022-06-22 18:32:13,594 INFO intervals loaded in 0 seconds
2022-06-22 18:32:13,594 INFO adding isochores to workspace
2022-06-22 18:32:13,594 INFO collecting observed counts
2022-06-22 18:32:13,595 INFO starting sampling
2022-06-22 18:32:13,595 INFO sampling: merged: 1/1
2022-06-22 18:32:13,595 INFO performing unconditional sampling
2022-06-22 18:32:13,596 INFO workspace without conditioning: 1090 segments, 2678195140 nucleotides
2022-06-22 18:32:13,596 INFO workspace after conditioning: 1090 segments, 2678195140 nucleotides
2022-06-22 18:32:13,596 INFO sampling started
2022-06-22 18:32:13,603 INFO 0/50 done ( 0.00)
2022-06-22 18:32:13,794 INFO sampling completed
2022-06-22 18:32:13,794 INFO sampling finished
2022-06-22 18:32:13,794 INFO computing PValue statistics
2022-06-22 18:32:13,795 INFO computing FDR statistics
# job finished in 0 seconds at Wed Jun 22 18:32:13 2022 --  1.29  0.05  0.00  0.00 -- c62f2346-211a-424d-8eab-52ea0cb40169
# output generated by /home/rgomez/anaconda3/bin/gat-run.py --segments=analysis/20220622_LocationPatterns/GATfiles/Segments/LFNHinvs.bed --isochores=analysis/20220622_LocationPatterns/GATfiles/Isochores/Isochores_25Mwin_4cat.bed --annotations=analysis/20220622_LocationPatterns/GATfiles/Annotations/annotations_repeats.bed --workspace=analysis/20220622_LocationPatterns/GATfiles/Workspace/workspace_avgBherer.bed --num-samples=2000 --log=analysis/20220622_LocationPatterns/GATresults/DefResults/log/LFNHinvs_repeats.log --stdout=analysis/20220622_LocationPatterns/GATresults/DefResults/tsv/LFNHinvs_repeats.tsv
# job started at Wed Jun 22 18:34:38 2022 on rgomez-pc -- f14ecf96-33c1-4604-aa27-caa804314590
# pid: 9939, system: Linux 5.3.0-7648-generic #41~1586790036~18.04~600aeb5-Ubuntu SMP Mon Apr 13 17:47:15 UTC  x86_64
# annotation_files                        : ['analysis/20220622_LocationPatterns/GATfiles/Annotations/annotations_repeats.bed']
# annotations_label                       : None
# annotations_to_points                   : None
# bucket_size                             : 0
# cache                                   : None
# conditional                             : unconditional
# conditional_expansion                   : None
# conditional_extension                   : None
# counters                                : []
# enable_split_tracks                     : False
# ignore_segment_tracks                   : True
# input_filename_counts                   : None
# input_filename_descriptions             : None
# input_filename_results                  : None
# isochore_files                          : ['analysis/20220622_LocationPatterns/GATfiles/Isochores/Isochores_25Mwin_4cat.bed']
# loglevel                                : 1
# nbuckets                                : 100000
# null                                    : default
# num_samples                             : 2000
# num_threads                             : 0
# output_bed                              : []
# output_counts_pattern                   : None
# output_filename_pattern                 : %s
# output_force                            : False
# output_order                            : fold
# output_plots_pattern                    : None
# output_samples_pattern                  : None
# output_stats                            : []
# output_tables_pattern                   : %s.tsv.gz
# overlapping_annotations                 : False
# pseudo_count                            : 1.0
# pvalue_method                           : empirical
# qvalue_lambda                           : None
# qvalue_method                           : BH
# qvalue_pi0_method                       : smoother
# random_seed                             : None
# restrict_workspace                      : False
# sample_files                            : []
# sampler                                 : annotator
# segment_files                           : ['analysis/20220622_LocationPatterns/GATfiles/Segments/LFNHinvs.bed']
# shift_expansion                         : 2.0
# shift_extension                         : 0
# short_help                              : None
# stderr                                  : <_io.TextIOWrapper name='<stderr>' mode='w' encoding='utf-8'>
# stdin                                   : <_io.TextIOWrapper name='<stdin>' mode='r' encoding='utf-8'>
# stdlog                                  : <_io.TextIOWrapper name='analysis/20220622_LocationPatterns/GATresults/DefResults/log/LFNHinvs_repeats.log' mode='a' encoding='UTF-8'>
# stdout                                  : <_io.TextIOWrapper name='analysis/20220622_LocationPatterns/GATresults/DefResults/tsv/LFNHinvs_repeats.tsv' mode='w' encoding='UTF-8'>
# timeit_file                             : None
# timeit_header                           : None
# timeit_name                             : all
# truncate_segments_to_workspace          : False
# truncate_workspace_to_annotations       : False
# workspace_files                         : ['analysis/20220622_LocationPatterns/GATfiles/Workspace/workspace_avgBherer.bed']
2022-06-22 18:34:38,480 INFO segments: reading tracks from 1 files
2022-06-22 18:34:38,480 INFO segments: read 1 tracks from 1 files
2022-06-22 18:34:38,480 INFO annotations: reading tracks from 1 files
2022-06-22 18:34:38,594 INFO annotations: read 1 tracks from 1 files
2022-06-22 18:34:38,598 INFO workspaces: reading tracks from 1 files
2022-06-22 18:34:38,598 INFO workspaces: read 1 tracks from 1 files
2022-06-22 18:34:38,599 INFO collapsing workspaces
2022-06-22 18:34:38,599 INFO isochores: reading isochores from 1 files
2022-06-22 18:34:38,601 INFO intervals loaded in 0 seconds
2022-06-22 18:34:38,601 INFO adding isochores to workspace
2022-06-22 18:34:38,601 INFO collecting observed counts
2022-06-22 18:34:38,601 INFO starting sampling
2022-06-22 18:34:38,601 INFO sampling: merged: 1/1
2022-06-22 18:34:38,601 INFO performing unconditional sampling
2022-06-22 18:34:38,602 INFO workspace without conditioning: 1090 segments, 2678195140 nucleotides
2022-06-22 18:34:38,602 INFO workspace after conditioning: 1090 segments, 2678195140 nucleotides
2022-06-22 18:34:38,603 INFO sampling started
2022-06-22 18:34:38,607 INFO 0/2000 done ( 0.00)
2022-06-22 18:34:38,949 INFO 100/2000 done ( 5.00)
2022-06-22 18:34:39,285 INFO 200/2000 done (10.00)
2022-06-22 18:34:39,629 INFO 300/2000 done (15.00)
2022-06-22 18:34:39,971 INFO 400/2000 done (20.00)
2022-06-22 18:34:40,318 INFO 500/2000 done (25.00)
2022-06-22 18:34:40,658 INFO 600/2000 done (30.00)
2022-06-22 18:34:41,004 INFO 700/2000 done (35.00)
2022-06-22 18:34:41,343 INFO 800/2000 done (40.00)
2022-06-22 18:34:41,697 INFO 900/2000 done (45.00)
2022-06-22 18:34:42,043 INFO 1000/2000 done (50.00)
2022-06-22 18:34:42,380 INFO 1100/2000 done (55.00)
2022-06-22 18:34:42,732 INFO 1200/2000 done (60.00)
2022-06-22 18:34:43,075 INFO 1300/2000 done (65.00)
2022-06-22 18:34:43,414 INFO 1400/2000 done (70.00)
2022-06-22 18:34:43,757 INFO 1500/2000 done (75.00)
2022-06-22 18:34:44,098 INFO 1600/2000 done (80.00)
2022-06-22 18:34:44,438 INFO 1700/2000 done (85.00)
2022-06-22 18:34:44,780 INFO 1800/2000 done (90.00)
2022-06-22 18:34:45,122 INFO 1900/2000 done (95.00)
2022-06-22 18:34:45,457 INFO sampling completed
2022-06-22 18:34:45,458 INFO sampling finished
2022-06-22 18:34:45,458 INFO computing PValue statistics
2022-06-22 18:34:45,459 INFO computing FDR statistics
# job finished in 6 seconds at Wed Jun 22 18:34:45 2022 --  7.70  0.06  0.00  0.00 -- f14ecf96-33c1-4604-aa27-caa804314590
# output generated by /home/rgomez/anaconda3/bin/gat-run.py --segments=analysis/20220622_LocationPatterns/GATfiles/Segments/LFNHinvs.bed --isochores=analysis/20220622_LocationPatterns/GATfiles/Isochores/Isochores_25Mwin_4cat.bed --annotations=analysis/20220622_LocationPatterns/GATfiles/Annotations/annotations_repeats.bed --workspace=analysis/20220622_LocationPatterns/GATfiles/Workspace/workspace_avgBherer.bed --num-samples=5000 --log=analysis/20220622_LocationPatterns/GATresults/DefResults/log/LFNHinvs_repeats.log --stdout=analysis/20220622_LocationPatterns/GATresults/DefResults/tsv/LFNHinvs_repeats.tsv
# job started at Wed Jun 22 18:42:10 2022 on rgomez-pc -- 980dd867-05e5-4868-a0ca-5449491591ea
# pid: 10502, system: Linux 5.3.0-7648-generic #41~1586790036~18.04~600aeb5-Ubuntu SMP Mon Apr 13 17:47:15 UTC  x86_64
# annotation_files                        : ['analysis/20220622_LocationPatterns/GATfiles/Annotations/annotations_repeats.bed']
# annotations_label                       : None
# annotations_to_points                   : None
# bucket_size                             : 0
# cache                                   : None
# conditional                             : unconditional
# conditional_expansion                   : None
# conditional_extension                   : None
# counters                                : []
# enable_split_tracks                     : False
# ignore_segment_tracks                   : True
# input_filename_counts                   : None
# input_filename_descriptions             : None
# input_filename_results                  : None
# isochore_files                          : ['analysis/20220622_LocationPatterns/GATfiles/Isochores/Isochores_25Mwin_4cat.bed']
# loglevel                                : 1
# nbuckets                                : 100000
# null                                    : default
# num_samples                             : 5000
# num_threads                             : 0
# output_bed                              : []
# output_counts_pattern                   : None
# output_filename_pattern                 : %s
# output_force                            : False
# output_order                            : fold
# output_plots_pattern                    : None
# output_samples_pattern                  : None
# output_stats                            : []
# output_tables_pattern                   : %s.tsv.gz
# overlapping_annotations                 : False
# pseudo_count                            : 1.0
# pvalue_method                           : empirical
# qvalue_lambda                           : None
# qvalue_method                           : BH
# qvalue_pi0_method                       : smoother
# random_seed                             : None
# restrict_workspace                      : False
# sample_files                            : []
# sampler                                 : annotator
# segment_files                           : ['analysis/20220622_LocationPatterns/GATfiles/Segments/LFNHinvs.bed']
# shift_expansion                         : 2.0
# shift_extension                         : 0
# short_help                              : None
# stderr                                  : <_io.TextIOWrapper name='<stderr>' mode='w' encoding='utf-8'>
# stdin                                   : <_io.TextIOWrapper name='<stdin>' mode='r' encoding='utf-8'>
# stdlog                                  : <_io.TextIOWrapper name='analysis/20220622_LocationPatterns/GATresults/DefResults/log/LFNHinvs_repeats.log' mode='a' encoding='UTF-8'>
# stdout                                  : <_io.TextIOWrapper name='analysis/20220622_LocationPatterns/GATresults/DefResults/tsv/LFNHinvs_repeats.tsv' mode='w' encoding='UTF-8'>
# timeit_file                             : None
# timeit_header                           : None
# timeit_name                             : all
# truncate_segments_to_workspace          : False
# truncate_workspace_to_annotations       : False
# workspace_files                         : ['analysis/20220622_LocationPatterns/GATfiles/Workspace/workspace_avgBherer.bed']
2022-06-22 18:42:10,270 INFO segments: reading tracks from 1 files
2022-06-22 18:42:10,270 INFO segments: read 1 tracks from 1 files
2022-06-22 18:42:10,270 INFO annotations: reading tracks from 1 files
2022-06-22 18:42:10,383 INFO annotations: read 1 tracks from 1 files
2022-06-22 18:42:10,387 INFO workspaces: reading tracks from 1 files
2022-06-22 18:42:10,387 INFO workspaces: read 1 tracks from 1 files
2022-06-22 18:42:10,387 INFO collapsing workspaces
2022-06-22 18:42:10,387 INFO isochores: reading isochores from 1 files
2022-06-22 18:42:10,389 INFO intervals loaded in 0 seconds
2022-06-22 18:42:10,389 INFO adding isochores to workspace
2022-06-22 18:42:10,390 INFO collecting observed counts
2022-06-22 18:42:10,390 INFO starting sampling
2022-06-22 18:42:10,390 INFO sampling: merged: 1/1
2022-06-22 18:42:10,390 INFO performing unconditional sampling
2022-06-22 18:42:10,390 INFO workspace without conditioning: 1090 segments, 2678195140 nucleotides
2022-06-22 18:42:10,390 INFO workspace after conditioning: 1090 segments, 2678195140 nucleotides
2022-06-22 18:42:10,393 INFO sampling started
2022-06-22 18:42:10,397 INFO 0/5000 done ( 0.00)
2022-06-22 18:42:10,738 INFO 100/5000 done ( 2.00)
2022-06-22 18:42:11,083 INFO 200/5000 done ( 4.00)
2022-06-22 18:42:11,430 INFO 300/5000 done ( 6.00)
2022-06-22 18:42:11,773 INFO 400/5000 done ( 8.00)
2022-06-22 18:42:12,119 INFO 500/5000 done (10.00)
2022-06-22 18:42:12,467 INFO 600/5000 done (12.00)
2022-06-22 18:42:12,811 INFO 700/5000 done (14.00)
2022-06-22 18:42:13,160 INFO 800/5000 done (16.00)
2022-06-22 18:42:13,508 INFO 900/5000 done (18.00)
2022-06-22 18:42:13,852 INFO 1000/5000 done (20.00)
2022-06-22 18:42:14,203 INFO 1100/5000 done (22.00)
2022-06-22 18:42:14,551 INFO 1200/5000 done (24.00)
2022-06-22 18:42:14,897 INFO 1300/5000 done (26.00)
2022-06-22 18:42:15,240 INFO 1400/5000 done (28.00)
2022-06-22 18:42:15,587 INFO 1500/5000 done (30.00)
2022-06-22 18:42:15,935 INFO 1600/5000 done (32.00)
2022-06-22 18:42:16,281 INFO 1700/5000 done (34.00)
2022-06-22 18:42:16,629 INFO 1800/5000 done (36.00)
2022-06-22 18:42:16,974 INFO 1900/5000 done (38.00)
2022-06-22 18:42:17,330 INFO 2000/5000 done (40.00)
2022-06-22 18:42:17,674 INFO 2100/5000 done (42.00)
2022-06-22 18:42:18,025 INFO 2200/5000 done (44.00)
2022-06-22 18:42:18,374 INFO 2300/5000 done (46.00)
2022-06-22 18:42:18,716 INFO 2400/5000 done (48.00)
2022-06-22 18:42:19,064 INFO 2500/5000 done (50.00)
2022-06-22 18:42:19,412 INFO 2600/5000 done (52.00)
2022-06-22 18:42:19,755 INFO 2700/5000 done (54.00)
2022-06-22 18:42:20,104 INFO 2800/5000 done (56.00)
2022-06-22 18:42:20,453 INFO 2900/5000 done (58.00)
2022-06-22 18:42:20,796 INFO 3000/5000 done (60.00)
2022-06-22 18:42:21,142 INFO 3100/5000 done (62.00)
2022-06-22 18:42:21,490 INFO 3200/5000 done (64.00)
2022-06-22 18:42:21,834 INFO 3300/5000 done (66.00)
2022-06-22 18:42:22,180 INFO 3400/5000 done (68.00)
2022-06-22 18:42:22,528 INFO 3500/5000 done (70.00)
2022-06-22 18:42:22,871 INFO 3600/5000 done (72.00)
2022-06-22 18:42:23,221 INFO 3700/5000 done (74.00)
2022-06-22 18:42:23,570 INFO 3800/5000 done (76.00)
2022-06-22 18:42:23,913 INFO 3900/5000 done (78.00)
2022-06-22 18:42:24,266 INFO 4000/5000 done (80.00)
2022-06-22 18:42:24,613 INFO 4100/5000 done (82.00)
2022-06-22 18:42:24,958 INFO 4200/5000 done (84.00)
2022-06-22 18:42:25,303 INFO 4300/5000 done (86.00)
2022-06-22 18:42:25,648 INFO 4400/5000 done (88.00)
2022-06-22 18:42:25,997 INFO 4500/5000 done (90.00)
2022-06-22 18:42:26,343 INFO 4600/5000 done (92.00)
2022-06-22 18:42:26,686 INFO 4700/5000 done (94.00)
2022-06-22 18:42:27,032 INFO 4800/5000 done (96.00)
2022-06-22 18:42:27,379 INFO 4900/5000 done (98.00)
2022-06-22 18:42:27,718 INFO sampling completed
2022-06-22 18:42:27,721 INFO sampling finished
2022-06-22 18:42:27,721 INFO computing PValue statistics
2022-06-22 18:42:27,723 INFO computing FDR statistics
# job finished in 17 seconds at Wed Jun 22 18:42:27 2022 -- 18.17  0.05  0.00  0.00 -- 980dd867-05e5-4868-a0ca-5449491591ea
# output generated by /home/rgomez/anaconda3/bin/gat-run.py --segments=analysis/20220622_LocationPatterns/GATfiles/Segments/LFNHinvs.bed --isochores=analysis/20220622_LocationPatterns/GATfiles/Isochores/Isochores_25Mwin_4cat.bed --annotations=analysis/20220622_LocationPatterns/GATfiles/Annotations/annotations_repeats.bed --workspace=analysis/20220622_LocationPatterns/GATfiles/Workspace/workspace_avgBherer.bed --num-samples=5000 --log=analysis/20220622_LocationPatterns/GATresults/DefResults/log/LFNHinvs_repeats.log --stdout=analysis/20220622_LocationPatterns/GATresults/DefResults/tsv/LFNHinvs_repeats.tsv
# job started at Wed Jun 22 18:50:16 2022 on rgomez-pc -- f951c188-e5de-4911-9549-4c05e29cb5a3
# pid: 10966, system: Linux 5.3.0-7648-generic #41~1586790036~18.04~600aeb5-Ubuntu SMP Mon Apr 13 17:47:15 UTC  x86_64
# annotation_files                        : ['analysis/20220622_LocationPatterns/GATfiles/Annotations/annotations_repeats.bed']
# annotations_label                       : None
# annotations_to_points                   : None
# bucket_size                             : 0
# cache                                   : None
# conditional                             : unconditional
# conditional_expansion                   : None
# conditional_extension                   : None
# counters                                : []
# enable_split_tracks                     : False
# ignore_segment_tracks                   : True
# input_filename_counts                   : None
# input_filename_descriptions             : None
# input_filename_results                  : None
# isochore_files                          : ['analysis/20220622_LocationPatterns/GATfiles/Isochores/Isochores_25Mwin_4cat.bed']
# loglevel                                : 1
# nbuckets                                : 100000
# null                                    : default
# num_samples                             : 5000
# num_threads                             : 0
# output_bed                              : []
# output_counts_pattern                   : None
# output_filename_pattern                 : %s
# output_force                            : False
# output_order                            : fold
# output_plots_pattern                    : None
# output_samples_pattern                  : None
# output_stats                            : []
# output_tables_pattern                   : %s.tsv.gz
# overlapping_annotations                 : False
# pseudo_count                            : 1.0
# pvalue_method                           : empirical
# qvalue_lambda                           : None
# qvalue_method                           : BH
# qvalue_pi0_method                       : smoother
# random_seed                             : None
# restrict_workspace                      : False
# sample_files                            : []
# sampler                                 : annotator
# segment_files                           : ['analysis/20220622_LocationPatterns/GATfiles/Segments/LFNHinvs.bed']
# shift_expansion                         : 2.0
# shift_extension                         : 0
# short_help                              : None
# stderr                                  : <_io.TextIOWrapper name='<stderr>' mode='w' encoding='utf-8'>
# stdin                                   : <_io.TextIOWrapper name='<stdin>' mode='r' encoding='utf-8'>
# stdlog                                  : <_io.TextIOWrapper name='analysis/20220622_LocationPatterns/GATresults/DefResults/log/LFNHinvs_repeats.log' mode='a' encoding='UTF-8'>
# stdout                                  : <_io.TextIOWrapper name='analysis/20220622_LocationPatterns/GATresults/DefResults/tsv/LFNHinvs_repeats.tsv' mode='w' encoding='UTF-8'>
# timeit_file                             : None
# timeit_header                           : None
# timeit_name                             : all
# truncate_segments_to_workspace          : False
# truncate_workspace_to_annotations       : False
# workspace_files                         : ['analysis/20220622_LocationPatterns/GATfiles/Workspace/workspace_avgBherer.bed']
2022-06-22 18:50:16,149 INFO segments: reading tracks from 1 files
2022-06-22 18:50:16,149 INFO segments: read 1 tracks from 1 files
2022-06-22 18:50:16,149 INFO annotations: reading tracks from 1 files
2022-06-22 18:50:16,260 INFO annotations: read 1 tracks from 1 files
2022-06-22 18:50:16,264 INFO workspaces: reading tracks from 1 files
2022-06-22 18:50:16,264 INFO workspaces: read 1 tracks from 1 files
2022-06-22 18:50:16,264 INFO collapsing workspaces
2022-06-22 18:50:16,264 INFO isochores: reading isochores from 1 files
2022-06-22 18:50:16,266 INFO intervals loaded in 0 seconds
2022-06-22 18:50:16,266 INFO adding isochores to workspace
2022-06-22 18:50:16,266 INFO collecting observed counts
2022-06-22 18:50:16,266 INFO starting sampling
2022-06-22 18:50:16,266 INFO sampling: merged: 1/1
2022-06-22 18:50:16,267 INFO performing unconditional sampling
2022-06-22 18:50:16,267 INFO workspace without conditioning: 1090 segments, 2678195140 nucleotides
2022-06-22 18:50:16,267 INFO workspace after conditioning: 1090 segments, 2678195140 nucleotides
2022-06-22 18:50:16,269 INFO sampling started
2022-06-22 18:50:16,273 INFO 0/5000 done ( 0.00)
2022-06-22 18:50:16,606 INFO 100/5000 done ( 2.00)
2022-06-22 18:50:16,938 INFO 200/5000 done ( 4.00)
2022-06-22 18:50:17,268 INFO 300/5000 done ( 6.00)
2022-06-22 18:50:17,605 INFO 400/5000 done ( 8.00)
2022-06-22 18:50:17,935 INFO 500/5000 done (10.00)
2022-06-22 18:50:18,266 INFO 600/5000 done (12.00)
2022-06-22 18:50:18,600 INFO 700/5000 done (14.00)
2022-06-22 18:50:18,930 INFO 800/5000 done (16.00)
2022-06-22 18:50:19,261 INFO 900/5000 done (18.00)
2022-06-22 18:50:19,591 INFO 1000/5000 done (20.00)
2022-06-22 18:50:19,921 INFO 1100/5000 done (22.00)
2022-06-22 18:50:20,251 INFO 1200/5000 done (24.00)
2022-06-22 18:50:20,588 INFO 1300/5000 done (26.00)
2022-06-22 18:50:20,917 INFO 1400/5000 done (28.00)
2022-06-22 18:50:21,246 INFO 1500/5000 done (30.00)
2022-06-22 18:50:21,576 INFO 1600/5000 done (32.00)
2022-06-22 18:50:21,905 INFO 1700/5000 done (34.00)
2022-06-22 18:50:22,235 INFO 1800/5000 done (36.00)
2022-06-22 18:50:22,563 INFO 1900/5000 done (38.00)
2022-06-22 18:50:22,892 INFO 2000/5000 done (40.00)
2022-06-22 18:50:23,223 INFO 2100/5000 done (42.00)
2022-06-22 18:50:23,550 INFO 2200/5000 done (44.00)
2022-06-22 18:50:23,880 INFO 2300/5000 done (46.00)
2022-06-22 18:50:24,210 INFO 2400/5000 done (48.00)
2022-06-22 18:50:24,539 INFO 2500/5000 done (50.00)
2022-06-22 18:50:24,880 INFO 2600/5000 done (52.00)
2022-06-22 18:50:25,208 INFO 2700/5000 done (54.00)
2022-06-22 18:50:25,540 INFO 2800/5000 done (56.00)
2022-06-22 18:50:25,870 INFO 2900/5000 done (58.00)
2022-06-22 18:50:26,200 INFO 3000/5000 done (60.00)
2022-06-22 18:50:26,531 INFO 3100/5000 done (62.00)
2022-06-22 18:50:26,860 INFO 3200/5000 done (64.00)
2022-06-22 18:50:27,192 INFO 3300/5000 done (66.00)
2022-06-22 18:50:27,522 INFO 3400/5000 done (68.00)
2022-06-22 18:50:27,850 INFO 3500/5000 done (70.00)
2022-06-22 18:50:28,178 INFO 3600/5000 done (72.00)
2022-06-22 18:50:28,509 INFO 3700/5000 done (74.00)
2022-06-22 18:50:28,837 INFO 3800/5000 done (76.00)
2022-06-22 18:50:29,166 INFO 3900/5000 done (78.00)
2022-06-22 18:50:29,508 INFO 4000/5000 done (80.00)
2022-06-22 18:50:29,838 INFO 4100/5000 done (82.00)
2022-06-22 18:50:30,168 INFO 4200/5000 done (84.00)
2022-06-22 18:50:30,498 INFO 4300/5000 done (86.00)
2022-06-22 18:50:30,826 INFO 4400/5000 done (88.00)
2022-06-22 18:50:31,157 INFO 4500/5000 done (90.00)
2022-06-22 18:50:31,486 INFO 4600/5000 done (92.00)
2022-06-22 18:50:31,814 INFO 4700/5000 done (94.00)
2022-06-22 18:50:32,144 INFO 4800/5000 done (96.00)
2022-06-22 18:50:32,472 INFO 4900/5000 done (98.00)
2022-06-22 18:50:32,797 INFO sampling completed
2022-06-22 18:50:32,800 INFO sampling finished
2022-06-22 18:50:32,800 INFO computing PValue statistics
2022-06-22 18:50:32,802 INFO computing FDR statistics
# job finished in 16 seconds at Wed Jun 22 18:50:32 2022 -- 17.36  0.07  0.00  0.00 -- f951c188-e5de-4911-9549-4c05e29cb5a3
