# output generated by /home/rgomez/anaconda3/bin/gat-run.py --segments=analysis/20220622_LocationPatterns/GATfiles/Segments/NAHRnoOutinvs.bed --isochores=analysis/20220622_LocationPatterns/GATfiles/Isochores/isochores_calculated.bed --annotations=analysis/20220622_LocationPatterns/GATfiles/Annotations/genomicSuperDups_coords.bed --workspace=analysis/20220622_LocationPatterns/GATfiles/Workspace/workspace_avgBherer.bed --num-samples=2000 --log=analysis/20220622_LocationPatterns/GATresults/DefResults/log/NAHRnoOutinvs_avgBherer.log --stdout=analysis/20220622_LocationPatterns/GATresults/DefResults/tsv/NAHRnoOutinvs_avgBherer.tsv
# job started at Wed Jun 22 18:24:21 2022 on rgomez-pc -- f60489b8-f389-4194-8e97-46903d85f245
# pid: 9180, system: Linux 5.3.0-7648-generic #41~1586790036~18.04~600aeb5-Ubuntu SMP Mon Apr 13 17:47:15 UTC  x86_64
# annotation_files                        : ['analysis/20220622_LocationPatterns/GATfiles/Annotations/genomicSuperDups_coords.bed']
# annotations_label                       : None
# annotations_to_points                   : None
# bucket_size                             : 0
# cache                                   : None
# conditional                             : unconditional
# conditional_expansion                   : None
# conditional_extension                   : None
# counters                                : []
# enable_split_tracks                     : False
# ignore_segment_tracks                   : True
# input_filename_counts                   : None
# input_filename_descriptions             : None
# input_filename_results                  : None
# isochore_files                          : ['analysis/20220622_LocationPatterns/GATfiles/Isochores/isochores_calculated.bed']
# loglevel                                : 1
# nbuckets                                : 100000
# null                                    : default
# num_samples                             : 2000
# num_threads                             : 0
# output_bed                              : []
# output_counts_pattern                   : None
# output_filename_pattern                 : %s
# output_force                            : False
# output_order                            : fold
# output_plots_pattern                    : None
# output_samples_pattern                  : None
# output_stats                            : []
# output_tables_pattern                   : %s.tsv.gz
# overlapping_annotations                 : False
# pseudo_count                            : 1.0
# pvalue_method                           : empirical
# qvalue_lambda                           : None
# qvalue_method                           : BH
# qvalue_pi0_method                       : smoother
# random_seed                             : None
# restrict_workspace                      : False
# sample_files                            : []
# sampler                                 : annotator
# segment_files                           : ['analysis/20220622_LocationPatterns/GATfiles/Segments/NAHRnoOutinvs.bed']
# shift_expansion                         : 2.0
# shift_extension                         : 0
# short_help                              : None
# stderr                                  : <_io.TextIOWrapper name='<stderr>' mode='w' encoding='utf-8'>
# stdin                                   : <_io.TextIOWrapper name='<stdin>' mode='r' encoding='utf-8'>
# stdlog                                  : <_io.TextIOWrapper name='analysis/20220622_LocationPatterns/GATresults/DefResults/log/NAHRnoOutinvs_avgBherer.log' mode='a' encoding='UTF-8'>
# stdout                                  : <_io.TextIOWrapper name='analysis/20220622_LocationPatterns/GATresults/DefResults/tsv/NAHRnoOutinvs_avgBherer.tsv' mode='w' encoding='UTF-8'>
# timeit_file                             : None
# timeit_header                           : None
# timeit_name                             : all
# truncate_segments_to_workspace          : False
# truncate_workspace_to_annotations       : False
# workspace_files                         : ['analysis/20220622_LocationPatterns/GATfiles/Workspace/workspace_avgBherer.bed']
2022-06-22 18:24:21,402 INFO segments: reading tracks from 1 files
2022-06-22 18:24:21,403 INFO segments: read 1 tracks from 1 files
2022-06-22 18:24:21,403 INFO annotations: reading tracks from 1 files
2022-06-22 18:24:21,533 INFO annotations: read 1 tracks from 1 files
2022-06-22 18:24:21,537 INFO workspaces: reading tracks from 1 files
2022-06-22 18:24:21,538 INFO workspaces: read 1 tracks from 1 files
2022-06-22 18:24:21,538 INFO collapsing workspaces
2022-06-22 18:24:21,538 INFO isochores: reading isochores from 1 files
2022-06-22 18:24:21,540 INFO intervals loaded in 0 seconds
2022-06-22 18:24:21,540 INFO adding isochores to workspace
2022-06-22 18:24:21,540 INFO collecting observed counts
2022-06-22 18:24:21,540 INFO starting sampling
2022-06-22 18:24:21,541 INFO sampling: merged: 1/1
2022-06-22 18:24:21,541 INFO performing unconditional sampling
2022-06-22 18:24:21,541 INFO workspace without conditioning: 1090 segments, 2678195140 nucleotides
2022-06-22 18:24:21,541 INFO workspace after conditioning: 1090 segments, 2678195140 nucleotides
2022-06-22 18:24:21,542 INFO sampling started
2022-06-22 18:24:21,547 INFO 0/2000 done ( 0.00)
2022-06-22 18:24:22,002 INFO 100/2000 done ( 5.00)
2022-06-22 18:24:22,457 INFO 200/2000 done (10.00)
2022-06-22 18:24:22,918 INFO 300/2000 done (15.00)
2022-06-22 18:24:23,353 INFO 400/2000 done (20.00)
2022-06-22 18:24:23,806 INFO 500/2000 done (25.00)
2022-06-22 18:24:24,257 INFO 600/2000 done (30.00)
2022-06-22 18:24:24,706 INFO 700/2000 done (35.00)
2022-06-22 18:24:25,164 INFO 800/2000 done (40.00)
2022-06-22 18:24:25,618 INFO 900/2000 done (45.00)
2022-06-22 18:24:26,082 INFO 1000/2000 done (50.00)
2022-06-22 18:24:26,538 INFO 1100/2000 done (55.00)
2022-06-22 18:24:26,975 INFO 1200/2000 done (60.00)
2022-06-22 18:24:27,428 INFO 1300/2000 done (65.00)
2022-06-22 18:24:27,872 INFO 1400/2000 done (70.00)
2022-06-22 18:24:28,319 INFO 1500/2000 done (75.00)
2022-06-22 18:24:28,771 INFO 1600/2000 done (80.00)
2022-06-22 18:24:29,215 INFO 1700/2000 done (85.00)
2022-06-22 18:24:29,644 INFO 1800/2000 done (90.00)
2022-06-22 18:24:30,134 INFO 1900/2000 done (95.00)
2022-06-22 18:24:30,607 INFO sampling completed
2022-06-22 18:24:30,608 INFO sampling finished
2022-06-22 18:24:30,608 INFO computing PValue statistics
2022-06-22 18:24:30,609 INFO computing FDR statistics
# job finished in 9 seconds at Wed Jun 22 18:24:30 2022 --  9.93  0.05  0.00  0.00 -- f60489b8-f389-4194-8e97-46903d85f245
# output generated by /home/rgomez/anaconda3/bin/gat-run.py --segments=analysis/20220622_LocationPatterns/GATfiles/Segments/NAHRnoOutinvs.bed --isochores=analysis/20220622_LocationPatterns/GATfiles/Isochores/Isochores_25Mwin_4cat.bed --annotations=analysis/20220622_LocationPatterns/GATfiles/Annotations/annotations_avgBherer.bed --workspace=analysis/20220622_LocationPatterns/GATfiles/Workspace/workspace_avgBherer.bed --num-samples=50 --log=analysis/20220622_LocationPatterns/GATresults/DefResults/log/NAHRnoOutinvs_avgBherer.log --stdout=analysis/20220622_LocationPatterns/GATresults/DefResults/tsv/NAHRnoOutinvs_avgBherer.tsv
# job started at Wed Jun 22 18:32:05 2022 on rgomez-pc -- f177c5c5-c413-42cf-8902-143f78877e8a
# pid: 9660, system: Linux 5.3.0-7648-generic #41~1586790036~18.04~600aeb5-Ubuntu SMP Mon Apr 13 17:47:15 UTC  x86_64
# annotation_files                        : ['analysis/20220622_LocationPatterns/GATfiles/Annotations/annotations_avgBherer.bed']
# annotations_label                       : None
# annotations_to_points                   : None
# bucket_size                             : 0
# cache                                   : None
# conditional                             : unconditional
# conditional_expansion                   : None
# conditional_extension                   : None
# counters                                : []
# enable_split_tracks                     : False
# ignore_segment_tracks                   : True
# input_filename_counts                   : None
# input_filename_descriptions             : None
# input_filename_results                  : None
# isochore_files                          : ['analysis/20220622_LocationPatterns/GATfiles/Isochores/Isochores_25Mwin_4cat.bed']
# loglevel                                : 1
# nbuckets                                : 100000
# null                                    : default
# num_samples                             : 50
# num_threads                             : 0
# output_bed                              : []
# output_counts_pattern                   : None
# output_filename_pattern                 : %s
# output_force                            : False
# output_order                            : fold
# output_plots_pattern                    : None
# output_samples_pattern                  : None
# output_stats                            : []
# output_tables_pattern                   : %s.tsv.gz
# overlapping_annotations                 : False
# pseudo_count                            : 1.0
# pvalue_method                           : empirical
# qvalue_lambda                           : None
# qvalue_method                           : BH
# qvalue_pi0_method                       : smoother
# random_seed                             : None
# restrict_workspace                      : False
# sample_files                            : []
# sampler                                 : annotator
# segment_files                           : ['analysis/20220622_LocationPatterns/GATfiles/Segments/NAHRnoOutinvs.bed']
# shift_expansion                         : 2.0
# shift_extension                         : 0
# short_help                              : None
# stderr                                  : <_io.TextIOWrapper name='<stderr>' mode='w' encoding='utf-8'>
# stdin                                   : <_io.TextIOWrapper name='<stdin>' mode='r' encoding='utf-8'>
# stdlog                                  : <_io.TextIOWrapper name='analysis/20220622_LocationPatterns/GATresults/DefResults/log/NAHRnoOutinvs_avgBherer.log' mode='a' encoding='UTF-8'>
# stdout                                  : <_io.TextIOWrapper name='analysis/20220622_LocationPatterns/GATresults/DefResults/tsv/NAHRnoOutinvs_avgBherer.tsv' mode='w' encoding='UTF-8'>
# timeit_file                             : None
# timeit_header                           : None
# timeit_name                             : all
# truncate_segments_to_workspace          : False
# truncate_workspace_to_annotations       : False
# workspace_files                         : ['analysis/20220622_LocationPatterns/GATfiles/Workspace/workspace_avgBherer.bed']
2022-06-22 18:32:05,736 INFO segments: reading tracks from 1 files
2022-06-22 18:32:05,737 INFO segments: read 1 tracks from 1 files
2022-06-22 18:32:05,737 INFO annotations: reading tracks from 1 files
2022-06-22 18:32:06,056 INFO annotations: read 6 tracks from 1 files
2022-06-22 18:32:06,062 INFO workspaces: reading tracks from 1 files
2022-06-22 18:32:06,062 INFO workspaces: read 1 tracks from 1 files
2022-06-22 18:32:06,062 INFO collapsing workspaces
2022-06-22 18:32:06,062 INFO isochores: reading isochores from 1 files
2022-06-22 18:32:06,064 INFO intervals loaded in 0 seconds
2022-06-22 18:32:06,064 INFO adding isochores to workspace
2022-06-22 18:32:06,067 INFO collecting observed counts
2022-06-22 18:32:06,067 INFO starting sampling
2022-06-22 18:32:06,067 INFO sampling: merged: 1/1
2022-06-22 18:32:06,067 INFO performing unconditional sampling
2022-06-22 18:32:06,075 INFO workspace without conditioning: 1090 segments, 2678195140 nucleotides
2022-06-22 18:32:06,075 INFO workspace after conditioning: 1090 segments, 2678195140 nucleotides
2022-06-22 18:32:06,075 INFO sampling started
2022-06-22 18:32:06,079 INFO 0/50 done ( 0.00)
2022-06-22 18:32:06,331 INFO sampling completed
2022-06-22 18:32:06,331 INFO sampling finished
2022-06-22 18:32:06,331 INFO computing PValue statistics
2022-06-22 18:32:06,334 INFO computing FDR statistics
# job finished in 0 seconds at Wed Jun 22 18:32:06 2022 --  1.48  0.06  0.00  0.00 -- f177c5c5-c413-42cf-8902-143f78877e8a
# output generated by /home/rgomez/anaconda3/bin/gat-run.py --segments=analysis/20220622_LocationPatterns/GATfiles/Segments/NAHRnoOutinvs.bed --isochores=analysis/20220622_LocationPatterns/GATfiles/Isochores/Isochores_25Mwin_4cat.bed --annotations=analysis/20220622_LocationPatterns/GATfiles/Annotations/annotations_avgBherer.bed --workspace=analysis/20220622_LocationPatterns/GATfiles/Workspace/workspace_avgBherer.bed --num-samples=2000 --log=analysis/20220622_LocationPatterns/GATresults/DefResults/log/NAHRnoOutinvs_avgBherer.log --stdout=analysis/20220622_LocationPatterns/GATresults/DefResults/tsv/NAHRnoOutinvs_avgBherer.tsv
# job started at Wed Jun 22 18:33:58 2022 on rgomez-pc -- 16cb62a8-a6d2-41ef-8c93-af94564b400e
# pid: 9915, system: Linux 5.3.0-7648-generic #41~1586790036~18.04~600aeb5-Ubuntu SMP Mon Apr 13 17:47:15 UTC  x86_64
# annotation_files                        : ['analysis/20220622_LocationPatterns/GATfiles/Annotations/annotations_avgBherer.bed']
# annotations_label                       : None
# annotations_to_points                   : None
# bucket_size                             : 0
# cache                                   : None
# conditional                             : unconditional
# conditional_expansion                   : None
# conditional_extension                   : None
# counters                                : []
# enable_split_tracks                     : False
# ignore_segment_tracks                   : True
# input_filename_counts                   : None
# input_filename_descriptions             : None
# input_filename_results                  : None
# isochore_files                          : ['analysis/20220622_LocationPatterns/GATfiles/Isochores/Isochores_25Mwin_4cat.bed']
# loglevel                                : 1
# nbuckets                                : 100000
# null                                    : default
# num_samples                             : 2000
# num_threads                             : 0
# output_bed                              : []
# output_counts_pattern                   : None
# output_filename_pattern                 : %s
# output_force                            : False
# output_order                            : fold
# output_plots_pattern                    : None
# output_samples_pattern                  : None
# output_stats                            : []
# output_tables_pattern                   : %s.tsv.gz
# overlapping_annotations                 : False
# pseudo_count                            : 1.0
# pvalue_method                           : empirical
# qvalue_lambda                           : None
# qvalue_method                           : BH
# qvalue_pi0_method                       : smoother
# random_seed                             : None
# restrict_workspace                      : False
# sample_files                            : []
# sampler                                 : annotator
# segment_files                           : ['analysis/20220622_LocationPatterns/GATfiles/Segments/NAHRnoOutinvs.bed']
# shift_expansion                         : 2.0
# shift_extension                         : 0
# short_help                              : None
# stderr                                  : <_io.TextIOWrapper name='<stderr>' mode='w' encoding='utf-8'>
# stdin                                   : <_io.TextIOWrapper name='<stdin>' mode='r' encoding='utf-8'>
# stdlog                                  : <_io.TextIOWrapper name='analysis/20220622_LocationPatterns/GATresults/DefResults/log/NAHRnoOutinvs_avgBherer.log' mode='a' encoding='UTF-8'>
# stdout                                  : <_io.TextIOWrapper name='analysis/20220622_LocationPatterns/GATresults/DefResults/tsv/NAHRnoOutinvs_avgBherer.tsv' mode='w' encoding='UTF-8'>
# timeit_file                             : None
# timeit_header                           : None
# timeit_name                             : all
# truncate_segments_to_workspace          : False
# truncate_workspace_to_annotations       : False
# workspace_files                         : ['analysis/20220622_LocationPatterns/GATfiles/Workspace/workspace_avgBherer.bed']
2022-06-22 18:33:58,134 INFO segments: reading tracks from 1 files
2022-06-22 18:33:58,135 INFO segments: read 1 tracks from 1 files
2022-06-22 18:33:58,135 INFO annotations: reading tracks from 1 files
2022-06-22 18:33:58,403 INFO annotations: read 6 tracks from 1 files
2022-06-22 18:33:58,407 INFO workspaces: reading tracks from 1 files
2022-06-22 18:33:58,407 INFO workspaces: read 1 tracks from 1 files
2022-06-22 18:33:58,407 INFO collapsing workspaces
2022-06-22 18:33:58,407 INFO isochores: reading isochores from 1 files
2022-06-22 18:33:58,409 INFO intervals loaded in 0 seconds
2022-06-22 18:33:58,409 INFO adding isochores to workspace
2022-06-22 18:33:58,412 INFO collecting observed counts
2022-06-22 18:33:58,412 INFO starting sampling
2022-06-22 18:33:58,412 INFO sampling: merged: 1/1
2022-06-22 18:33:58,412 INFO performing unconditional sampling
2022-06-22 18:33:58,418 INFO workspace without conditioning: 1090 segments, 2678195140 nucleotides
2022-06-22 18:33:58,418 INFO workspace after conditioning: 1090 segments, 2678195140 nucleotides
2022-06-22 18:33:58,419 INFO sampling started
2022-06-22 18:33:58,424 INFO 0/2000 done ( 0.00)
2022-06-22 18:33:58,891 INFO 100/2000 done ( 5.00)
2022-06-22 18:33:59,422 INFO 200/2000 done (10.00)
2022-06-22 18:33:59,882 INFO 300/2000 done (15.00)
2022-06-22 18:34:00,389 INFO 400/2000 done (20.00)
2022-06-22 18:34:00,862 INFO 500/2000 done (25.00)
2022-06-22 18:34:01,311 INFO 600/2000 done (30.00)
2022-06-22 18:34:01,768 INFO 700/2000 done (35.00)
2022-06-22 18:34:02,222 INFO 800/2000 done (40.00)
2022-06-22 18:34:02,691 INFO 900/2000 done (45.00)
2022-06-22 18:34:03,149 INFO 1000/2000 done (50.00)
2022-06-22 18:34:03,625 INFO 1100/2000 done (55.00)
2022-06-22 18:34:04,084 INFO 1200/2000 done (60.00)
2022-06-22 18:34:04,546 INFO 1300/2000 done (65.00)
2022-06-22 18:34:05,027 INFO 1400/2000 done (70.00)
2022-06-22 18:34:05,496 INFO 1500/2000 done (75.00)
2022-06-22 18:34:05,945 INFO 1600/2000 done (80.00)
2022-06-22 18:34:06,403 INFO 1700/2000 done (85.00)
2022-06-22 18:34:06,860 INFO 1800/2000 done (90.00)
2022-06-22 18:34:07,337 INFO 1900/2000 done (95.00)
2022-06-22 18:34:07,785 INFO sampling completed
2022-06-22 18:34:07,787 INFO sampling finished
2022-06-22 18:34:07,787 INFO computing PValue statistics
2022-06-22 18:34:07,793 INFO computing FDR statistics
# job finished in 9 seconds at Wed Jun 22 18:34:07 2022 -- 10.41  0.03  0.00  0.00 -- 16cb62a8-a6d2-41ef-8c93-af94564b400e
# output generated by /home/rgomez/anaconda3/bin/gat-run.py --segments=analysis/20220622_LocationPatterns/GATfiles/Segments/NAHRnoOutinvs.bed --isochores=analysis/20220622_LocationPatterns/GATfiles/Isochores/Isochores_25Mwin_4cat.bed --annotations=analysis/20220622_LocationPatterns/GATfiles/Annotations/annotations_avgBherer.bed --workspace=analysis/20220622_LocationPatterns/GATfiles/Workspace/workspace_avgBherer.bed --num-samples=5000 --log=analysis/20220622_LocationPatterns/GATresults/DefResults/log/NAHRnoOutinvs_avgBherer.log --stdout=analysis/20220622_LocationPatterns/GATresults/DefResults/tsv/NAHRnoOutinvs_avgBherer.tsv
# job started at Wed Jun 22 18:40:39 2022 on rgomez-pc -- fc6270b3-9174-4586-baff-a7e7cc5309c4
# pid: 10436, system: Linux 5.3.0-7648-generic #41~1586790036~18.04~600aeb5-Ubuntu SMP Mon Apr 13 17:47:15 UTC  x86_64
# annotation_files                        : ['analysis/20220622_LocationPatterns/GATfiles/Annotations/annotations_avgBherer.bed']
# annotations_label                       : None
# annotations_to_points                   : None
# bucket_size                             : 0
# cache                                   : None
# conditional                             : unconditional
# conditional_expansion                   : None
# conditional_extension                   : None
# counters                                : []
# enable_split_tracks                     : False
# ignore_segment_tracks                   : True
# input_filename_counts                   : None
# input_filename_descriptions             : None
# input_filename_results                  : None
# isochore_files                          : ['analysis/20220622_LocationPatterns/GATfiles/Isochores/Isochores_25Mwin_4cat.bed']
# loglevel                                : 1
# nbuckets                                : 100000
# null                                    : default
# num_samples                             : 5000
# num_threads                             : 0
# output_bed                              : []
# output_counts_pattern                   : None
# output_filename_pattern                 : %s
# output_force                            : False
# output_order                            : fold
# output_plots_pattern                    : None
# output_samples_pattern                  : None
# output_stats                            : []
# output_tables_pattern                   : %s.tsv.gz
# overlapping_annotations                 : False
# pseudo_count                            : 1.0
# pvalue_method                           : empirical
# qvalue_lambda                           : None
# qvalue_method                           : BH
# qvalue_pi0_method                       : smoother
# random_seed                             : None
# restrict_workspace                      : False
# sample_files                            : []
# sampler                                 : annotator
# segment_files                           : ['analysis/20220622_LocationPatterns/GATfiles/Segments/NAHRnoOutinvs.bed']
# shift_expansion                         : 2.0
# shift_extension                         : 0
# short_help                              : None
# stderr                                  : <_io.TextIOWrapper name='<stderr>' mode='w' encoding='utf-8'>
# stdin                                   : <_io.TextIOWrapper name='<stdin>' mode='r' encoding='utf-8'>
# stdlog                                  : <_io.TextIOWrapper name='analysis/20220622_LocationPatterns/GATresults/DefResults/log/NAHRnoOutinvs_avgBherer.log' mode='a' encoding='UTF-8'>
# stdout                                  : <_io.TextIOWrapper name='analysis/20220622_LocationPatterns/GATresults/DefResults/tsv/NAHRnoOutinvs_avgBherer.tsv' mode='w' encoding='UTF-8'>
# timeit_file                             : None
# timeit_header                           : None
# timeit_name                             : all
# truncate_segments_to_workspace          : False
# truncate_workspace_to_annotations       : False
# workspace_files                         : ['analysis/20220622_LocationPatterns/GATfiles/Workspace/workspace_avgBherer.bed']
2022-06-22 18:40:39,643 INFO segments: reading tracks from 1 files
2022-06-22 18:40:39,644 INFO segments: read 1 tracks from 1 files
2022-06-22 18:40:39,644 INFO annotations: reading tracks from 1 files
2022-06-22 18:40:39,915 INFO annotations: read 6 tracks from 1 files
2022-06-22 18:40:39,920 INFO workspaces: reading tracks from 1 files
2022-06-22 18:40:39,920 INFO workspaces: read 1 tracks from 1 files
2022-06-22 18:40:39,921 INFO collapsing workspaces
2022-06-22 18:40:39,921 INFO isochores: reading isochores from 1 files
2022-06-22 18:40:39,924 INFO intervals loaded in 0 seconds
2022-06-22 18:40:39,924 INFO adding isochores to workspace
2022-06-22 18:40:39,927 INFO collecting observed counts
2022-06-22 18:40:39,928 INFO starting sampling
2022-06-22 18:40:39,928 INFO sampling: merged: 1/1
2022-06-22 18:40:39,928 INFO performing unconditional sampling
2022-06-22 18:40:39,934 INFO workspace without conditioning: 1090 segments, 2678195140 nucleotides
2022-06-22 18:40:39,934 INFO workspace after conditioning: 1090 segments, 2678195140 nucleotides
2022-06-22 18:40:39,936 INFO sampling started
2022-06-22 18:40:39,942 INFO 0/5000 done ( 0.00)
2022-06-22 18:40:40,390 INFO 100/5000 done ( 2.00)
2022-06-22 18:40:40,838 INFO 200/5000 done ( 4.00)
2022-06-22 18:40:41,284 INFO 300/5000 done ( 6.00)
2022-06-22 18:40:41,744 INFO 400/5000 done ( 8.00)
2022-06-22 18:40:42,208 INFO 500/5000 done (10.00)
2022-06-22 18:40:42,662 INFO 600/5000 done (12.00)
2022-06-22 18:40:43,127 INFO 700/5000 done (14.00)
2022-06-22 18:40:43,578 INFO 800/5000 done (16.00)
2022-06-22 18:40:44,025 INFO 900/5000 done (18.00)
2022-06-22 18:40:44,490 INFO 1000/5000 done (20.00)
2022-06-22 18:40:44,933 INFO 1100/5000 done (22.00)
2022-06-22 18:40:45,376 INFO 1200/5000 done (24.00)
2022-06-22 18:40:45,826 INFO 1300/5000 done (26.00)
2022-06-22 18:40:46,265 INFO 1400/5000 done (28.00)
2022-06-22 18:40:46,714 INFO 1500/5000 done (30.00)
2022-06-22 18:40:47,166 INFO 1600/5000 done (32.00)
2022-06-22 18:40:47,627 INFO 1700/5000 done (34.00)
2022-06-22 18:40:48,087 INFO 1800/5000 done (36.00)
2022-06-22 18:40:48,545 INFO 1900/5000 done (38.00)
2022-06-22 18:40:48,999 INFO 2000/5000 done (40.00)
2022-06-22 18:40:49,440 INFO 2100/5000 done (42.00)
2022-06-22 18:40:49,878 INFO 2200/5000 done (44.00)
2022-06-22 18:40:50,327 INFO 2300/5000 done (46.00)
2022-06-22 18:40:50,762 INFO 2400/5000 done (48.00)
2022-06-22 18:40:51,212 INFO 2500/5000 done (50.00)
2022-06-22 18:40:51,651 INFO 2600/5000 done (52.00)
2022-06-22 18:40:52,103 INFO 2700/5000 done (54.00)
2022-06-22 18:40:52,552 INFO 2800/5000 done (56.00)
2022-06-22 18:40:52,998 INFO 2900/5000 done (58.00)
2022-06-22 18:40:53,455 INFO 3000/5000 done (60.00)
2022-06-22 18:40:53,903 INFO 3100/5000 done (62.00)
2022-06-22 18:40:54,363 INFO 3200/5000 done (64.00)
2022-06-22 18:40:54,830 INFO 3300/5000 done (66.00)
2022-06-22 18:40:55,277 INFO 3400/5000 done (68.00)
2022-06-22 18:40:55,733 INFO 3500/5000 done (70.00)
2022-06-22 18:40:56,198 INFO 3600/5000 done (72.00)
2022-06-22 18:40:56,651 INFO 3700/5000 done (74.00)
2022-06-22 18:40:57,100 INFO 3800/5000 done (76.00)
2022-06-22 18:40:57,554 INFO 3900/5000 done (78.00)
2022-06-22 18:40:57,996 INFO 4000/5000 done (80.00)
2022-06-22 18:40:58,452 INFO 4100/5000 done (82.00)
2022-06-22 18:40:58,892 INFO 4200/5000 done (84.00)
2022-06-22 18:40:59,361 INFO 4300/5000 done (86.00)
2022-06-22 18:40:59,821 INFO 4400/5000 done (88.00)
2022-06-22 18:41:00,273 INFO 4500/5000 done (90.00)
2022-06-22 18:41:00,729 INFO 4600/5000 done (92.00)
2022-06-22 18:41:01,190 INFO 4700/5000 done (94.00)
2022-06-22 18:41:01,651 INFO 4800/5000 done (96.00)
2022-06-22 18:41:02,103 INFO 4900/5000 done (98.00)
2022-06-22 18:41:02,530 INFO sampling completed
2022-06-22 18:41:02,536 INFO sampling finished
2022-06-22 18:41:02,536 INFO computing PValue statistics
2022-06-22 18:41:02,549 INFO computing FDR statistics
# job finished in 22 seconds at Wed Jun 22 18:41:02 2022 -- 23.64  0.03  0.00  0.00 -- fc6270b3-9174-4586-baff-a7e7cc5309c4
# output generated by /home/rgomez/anaconda3/bin/gat-run.py --segments=analysis/20220622_LocationPatterns/GATfiles/Segments/NAHRnoOutinvs.bed --isochores=analysis/20220622_LocationPatterns/GATfiles/Isochores/Isochores_25Mwin_4cat.bed --annotations=analysis/20220622_LocationPatterns/GATfiles/Annotations/annotations_avgBherer.bed --workspace=analysis/20220622_LocationPatterns/GATfiles/Workspace/workspace_avgBherer.bed --num-samples=5000 --log=analysis/20220622_LocationPatterns/GATresults/DefResults/log/NAHRnoOutinvs_avgBherer.log --stdout=analysis/20220622_LocationPatterns/GATresults/DefResults/tsv/NAHRnoOutinvs_avgBherer.tsv
# job started at Wed Jun 22 18:48:44 2022 on rgomez-pc -- 4f952728-f9fa-4a8b-9bf7-e31dccac4555
# pid: 10925, system: Linux 5.3.0-7648-generic #41~1586790036~18.04~600aeb5-Ubuntu SMP Mon Apr 13 17:47:15 UTC  x86_64
# annotation_files                        : ['analysis/20220622_LocationPatterns/GATfiles/Annotations/annotations_avgBherer.bed']
# annotations_label                       : None
# annotations_to_points                   : None
# bucket_size                             : 0
# cache                                   : None
# conditional                             : unconditional
# conditional_expansion                   : None
# conditional_extension                   : None
# counters                                : []
# enable_split_tracks                     : False
# ignore_segment_tracks                   : True
# input_filename_counts                   : None
# input_filename_descriptions             : None
# input_filename_results                  : None
# isochore_files                          : ['analysis/20220622_LocationPatterns/GATfiles/Isochores/Isochores_25Mwin_4cat.bed']
# loglevel                                : 1
# nbuckets                                : 100000
# null                                    : default
# num_samples                             : 5000
# num_threads                             : 0
# output_bed                              : []
# output_counts_pattern                   : None
# output_filename_pattern                 : %s
# output_force                            : False
# output_order                            : fold
# output_plots_pattern                    : None
# output_samples_pattern                  : None
# output_stats                            : []
# output_tables_pattern                   : %s.tsv.gz
# overlapping_annotations                 : False
# pseudo_count                            : 1.0
# pvalue_method                           : empirical
# qvalue_lambda                           : None
# qvalue_method                           : BH
# qvalue_pi0_method                       : smoother
# random_seed                             : None
# restrict_workspace                      : False
# sample_files                            : []
# sampler                                 : annotator
# segment_files                           : ['analysis/20220622_LocationPatterns/GATfiles/Segments/NAHRnoOutinvs.bed']
# shift_expansion                         : 2.0
# shift_extension                         : 0
# short_help                              : None
# stderr                                  : <_io.TextIOWrapper name='<stderr>' mode='w' encoding='utf-8'>
# stdin                                   : <_io.TextIOWrapper name='<stdin>' mode='r' encoding='utf-8'>
# stdlog                                  : <_io.TextIOWrapper name='analysis/20220622_LocationPatterns/GATresults/DefResults/log/NAHRnoOutinvs_avgBherer.log' mode='a' encoding='UTF-8'>
# stdout                                  : <_io.TextIOWrapper name='analysis/20220622_LocationPatterns/GATresults/DefResults/tsv/NAHRnoOutinvs_avgBherer.tsv' mode='w' encoding='UTF-8'>
# timeit_file                             : None
# timeit_header                           : None
# timeit_name                             : all
# truncate_segments_to_workspace          : False
# truncate_workspace_to_annotations       : False
# workspace_files                         : ['analysis/20220622_LocationPatterns/GATfiles/Workspace/workspace_avgBherer.bed']
2022-06-22 18:48:44,700 INFO segments: reading tracks from 1 files
2022-06-22 18:48:44,700 INFO segments: read 1 tracks from 1 files
2022-06-22 18:48:44,700 INFO annotations: reading tracks from 1 files
2022-06-22 18:48:44,970 INFO annotations: read 6 tracks from 1 files
2022-06-22 18:48:44,974 INFO workspaces: reading tracks from 1 files
2022-06-22 18:48:44,974 INFO workspaces: read 1 tracks from 1 files
2022-06-22 18:48:44,974 INFO collapsing workspaces
2022-06-22 18:48:44,974 INFO isochores: reading isochores from 1 files
2022-06-22 18:48:44,976 INFO intervals loaded in 0 seconds
2022-06-22 18:48:44,976 INFO adding isochores to workspace
2022-06-22 18:48:44,979 INFO collecting observed counts
2022-06-22 18:48:44,979 INFO starting sampling
2022-06-22 18:48:44,979 INFO sampling: merged: 1/1
2022-06-22 18:48:44,979 INFO performing unconditional sampling
2022-06-22 18:48:44,985 INFO workspace without conditioning: 1090 segments, 2678195140 nucleotides
2022-06-22 18:48:44,985 INFO workspace after conditioning: 1090 segments, 2678195140 nucleotides
2022-06-22 18:48:44,987 INFO sampling started
2022-06-22 18:48:44,993 INFO 0/5000 done ( 0.00)
2022-06-22 18:48:45,444 INFO 100/5000 done ( 2.00)
2022-06-22 18:48:45,901 INFO 200/5000 done ( 4.00)
2022-06-22 18:48:46,356 INFO 300/5000 done ( 6.00)
2022-06-22 18:48:46,798 INFO 400/5000 done ( 8.00)
2022-06-22 18:48:47,248 INFO 500/5000 done (10.00)
2022-06-22 18:48:47,704 INFO 600/5000 done (12.00)
2022-06-22 18:48:48,150 INFO 700/5000 done (14.00)
2022-06-22 18:48:48,605 INFO 800/5000 done (16.00)
2022-06-22 18:48:49,047 INFO 900/5000 done (18.00)
2022-06-22 18:48:49,499 INFO 1000/5000 done (20.00)
2022-06-22 18:48:49,958 INFO 1100/5000 done (22.00)
2022-06-22 18:48:50,422 INFO 1200/5000 done (24.00)
2022-06-22 18:48:50,870 INFO 1300/5000 done (26.00)
2022-06-22 18:48:51,332 INFO 1400/5000 done (28.00)
2022-06-22 18:48:51,776 INFO 1500/5000 done (30.00)
2022-06-22 18:48:52,234 INFO 1600/5000 done (32.00)
2022-06-22 18:48:52,666 INFO 1700/5000 done (34.00)
2022-06-22 18:48:53,136 INFO 1800/5000 done (36.00)
2022-06-22 18:48:53,581 INFO 1900/5000 done (38.00)
2022-06-22 18:48:54,043 INFO 2000/5000 done (40.00)
2022-06-22 18:48:54,505 INFO 2100/5000 done (42.00)
2022-06-22 18:48:54,956 INFO 2200/5000 done (44.00)
2022-06-22 18:48:55,409 INFO 2300/5000 done (46.00)
2022-06-22 18:48:55,856 INFO 2400/5000 done (48.00)
2022-06-22 18:48:56,297 INFO 2500/5000 done (50.00)
2022-06-22 18:48:56,749 INFO 2600/5000 done (52.00)
2022-06-22 18:48:57,210 INFO 2700/5000 done (54.00)
2022-06-22 18:48:57,659 INFO 2800/5000 done (56.00)
2022-06-22 18:48:58,115 INFO 2900/5000 done (58.00)
2022-06-22 18:48:58,559 INFO 3000/5000 done (60.00)
2022-06-22 18:48:58,994 INFO 3100/5000 done (62.00)
2022-06-22 18:48:59,444 INFO 3200/5000 done (64.00)
2022-06-22 18:48:59,896 INFO 3300/5000 done (66.00)
2022-06-22 18:49:00,336 INFO 3400/5000 done (68.00)
2022-06-22 18:49:00,793 INFO 3500/5000 done (70.00)
2022-06-22 18:49:01,250 INFO 3600/5000 done (72.00)
2022-06-22 18:49:01,691 INFO 3700/5000 done (74.00)
2022-06-22 18:49:02,137 INFO 3800/5000 done (76.00)
2022-06-22 18:49:02,585 INFO 3900/5000 done (78.00)
2022-06-22 18:49:03,044 INFO 4000/5000 done (80.00)
2022-06-22 18:49:03,523 INFO 4100/5000 done (82.00)
2022-06-22 18:49:03,969 INFO 4200/5000 done (84.00)
2022-06-22 18:49:04,426 INFO 4300/5000 done (86.00)
2022-06-22 18:49:04,894 INFO 4400/5000 done (88.00)
2022-06-22 18:49:05,338 INFO 4500/5000 done (90.00)
2022-06-22 18:49:05,799 INFO 4600/5000 done (92.00)
2022-06-22 18:49:06,254 INFO 4700/5000 done (94.00)
2022-06-22 18:49:06,712 INFO 4800/5000 done (96.00)
2022-06-22 18:49:07,152 INFO 4900/5000 done (98.00)
2022-06-22 18:49:07,600 INFO sampling completed
2022-06-22 18:49:07,606 INFO sampling finished
2022-06-22 18:49:07,606 INFO computing PValue statistics
2022-06-22 18:49:07,619 INFO computing FDR statistics
# job finished in 22 seconds at Wed Jun 22 18:49:07 2022 -- 23.62  0.07  0.00  0.00 -- 4f952728-f9fa-4a8b-9bf7-e31dccac4555
# output generated by /home/rgomez/anaconda3/bin/gat-run.py --segments=analysis/20220622_LocationPatterns/GATfiles/Segments/NAHRnoOutinvs.bed --isochores=analysis/20220622_LocationPatterns/GATfiles/Isochores/isochores_calculated.bed --annotations=analysis/20220622_LocationPatterns/GATfiles/Annotations/genomicSuperDups_coords.bed --workspace=analysis/20220622_LocationPatterns/GATfiles/Workspace/workspace_avgBherer.bed --num-samples=2000 --log=analysis/20220622_LocationPatterns/GATresults/DefResults/log/NAHRnoOutinvs_avgBherer.log --stdout=analysis/20220622_LocationPatterns/GATresults/DefResults/tsv/NAHRnoOutinvs_avgBherer.tsv
# job started at Wed Jun 22 18:53:20 2022 on rgomez-pc -- aeb2a754-5c20-4c0c-9dfc-8861c94c54a6
# pid: 11292, system: Linux 5.3.0-7648-generic #41~1586790036~18.04~600aeb5-Ubuntu SMP Mon Apr 13 17:47:15 UTC  x86_64
# annotation_files                        : ['analysis/20220622_LocationPatterns/GATfiles/Annotations/genomicSuperDups_coords.bed']
# annotations_label                       : None
# annotations_to_points                   : None
# bucket_size                             : 0
# cache                                   : None
# conditional                             : unconditional
# conditional_expansion                   : None
# conditional_extension                   : None
# counters                                : []
# enable_split_tracks                     : False
# ignore_segment_tracks                   : True
# input_filename_counts                   : None
# input_filename_descriptions             : None
# input_filename_results                  : None
# isochore_files                          : ['analysis/20220622_LocationPatterns/GATfiles/Isochores/isochores_calculated.bed']
# loglevel                                : 1
# nbuckets                                : 100000
# null                                    : default
# num_samples                             : 2000
# num_threads                             : 0
# output_bed                              : []
# output_counts_pattern                   : None
# output_filename_pattern                 : %s
# output_force                            : False
# output_order                            : fold
# output_plots_pattern                    : None
# output_samples_pattern                  : None
# output_stats                            : []
# output_tables_pattern                   : %s.tsv.gz
# overlapping_annotations                 : False
# pseudo_count                            : 1.0
# pvalue_method                           : empirical
# qvalue_lambda                           : None
# qvalue_method                           : BH
# qvalue_pi0_method                       : smoother
# random_seed                             : None
# restrict_workspace                      : False
# sample_files                            : []
# sampler                                 : annotator
# segment_files                           : ['analysis/20220622_LocationPatterns/GATfiles/Segments/NAHRnoOutinvs.bed']
# shift_expansion                         : 2.0
# shift_extension                         : 0
# short_help                              : None
# stderr                                  : <_io.TextIOWrapper name='<stderr>' mode='w' encoding='utf-8'>
# stdin                                   : <_io.TextIOWrapper name='<stdin>' mode='r' encoding='utf-8'>
# stdlog                                  : <_io.TextIOWrapper name='analysis/20220622_LocationPatterns/GATresults/DefResults/log/NAHRnoOutinvs_avgBherer.log' mode='a' encoding='UTF-8'>
# stdout                                  : <_io.TextIOWrapper name='analysis/20220622_LocationPatterns/GATresults/DefResults/tsv/NAHRnoOutinvs_avgBherer.tsv' mode='w' encoding='UTF-8'>
# timeit_file                             : None
# timeit_header                           : None
# timeit_name                             : all
# truncate_segments_to_workspace          : False
# truncate_workspace_to_annotations       : False
# workspace_files                         : ['analysis/20220622_LocationPatterns/GATfiles/Workspace/workspace_avgBherer.bed']
2022-06-22 18:53:20,253 INFO segments: reading tracks from 1 files
2022-06-22 18:53:20,253 INFO segments: read 1 tracks from 1 files
2022-06-22 18:53:20,253 INFO annotations: reading tracks from 1 files
2022-06-22 18:53:20,398 INFO annotations: read 1 tracks from 1 files
2022-06-22 18:53:20,402 INFO workspaces: reading tracks from 1 files
2022-06-22 18:53:20,403 INFO workspaces: read 1 tracks from 1 files
2022-06-22 18:53:20,403 INFO collapsing workspaces
2022-06-22 18:53:20,403 INFO isochores: reading isochores from 1 files
2022-06-22 18:53:20,405 INFO intervals loaded in 0 seconds
2022-06-22 18:53:20,405 INFO adding isochores to workspace
2022-06-22 18:53:20,406 INFO collecting observed counts
2022-06-22 18:53:20,407 INFO starting sampling
2022-06-22 18:53:20,407 INFO sampling: merged: 1/1
2022-06-22 18:53:20,407 INFO performing unconditional sampling
2022-06-22 18:53:20,408 INFO workspace without conditioning: 1090 segments, 2678195140 nucleotides
2022-06-22 18:53:20,408 INFO workspace after conditioning: 1090 segments, 2678195140 nucleotides
2022-06-22 18:53:20,409 INFO sampling started
2022-06-22 18:53:20,414 INFO 0/2000 done ( 0.00)
2022-06-22 18:53:20,939 INFO 100/2000 done ( 5.00)
2022-06-22 18:53:21,432 INFO 200/2000 done (10.00)
2022-06-22 18:53:21,922 INFO 300/2000 done (15.00)
2022-06-22 18:53:22,403 INFO 400/2000 done (20.00)
2022-06-22 18:53:22,890 INFO 500/2000 done (25.00)
2022-06-22 18:53:23,375 INFO 600/2000 done (30.00)
2022-06-22 18:53:23,837 INFO 700/2000 done (35.00)
2022-06-22 18:53:24,358 INFO 800/2000 done (40.00)
2022-06-22 18:53:24,924 INFO 900/2000 done (45.00)
2022-06-22 18:53:25,419 INFO 1000/2000 done (50.00)
2022-06-22 18:53:25,908 INFO 1100/2000 done (55.00)
2022-06-22 18:53:26,390 INFO 1200/2000 done (60.00)
2022-06-22 18:53:26,876 INFO 1300/2000 done (65.00)
2022-06-22 18:53:27,356 INFO 1400/2000 done (70.00)
2022-06-22 18:53:27,817 INFO 1500/2000 done (75.00)
2022-06-22 18:53:28,282 INFO 1600/2000 done (80.00)
2022-06-22 18:53:28,750 INFO 1700/2000 done (85.00)
2022-06-22 18:53:29,204 INFO 1800/2000 done (90.00)
2022-06-22 18:53:29,684 INFO 1900/2000 done (95.00)
2022-06-22 18:53:30,135 INFO sampling completed
2022-06-22 18:53:30,136 INFO sampling finished
2022-06-22 18:53:30,136 INFO computing PValue statistics
2022-06-22 18:53:30,138 INFO computing FDR statistics
# job finished in 9 seconds at Wed Jun 22 18:53:30 2022 -- 10.78  0.06  0.00  0.00 -- aeb2a754-5c20-4c0c-9dfc-8861c94c54a6
