# output generated by /home/rgomez/anaconda3/bin/gat-run.py --segments=analysis/20220622_LocationPatterns/GATfiles/Segments/HFNAHR_Med.bed --isochores=analysis/20220622_LocationPatterns/GATfiles/Isochores/isochores_NAHR_Med.bed --annotations=analysis/20220622_LocationPatterns/GATfiles/Annotations/annotations_repeats.bed --workspace=analysis/20220622_LocationPatterns/GATfiles/Workspace/workspace_avgBherer.bed --num-samples=1000 --log=analysis/20220622_LocationPatterns/GATresults/NAHR_Med/log/HFNAHR_Med_annotations_repeats.log --stdout=analysis/20220622_LocationPatterns/GATresults/NAHR_Med/tsv/HFNAHR_Med_annotations_repeats.tsv
# job started at Wed Jun 22 23:11:27 2022 on rgomez-pc -- 61a12f56-fc35-485c-84be-847e2a2d57db
# pid: 27007, system: Linux 5.3.0-7648-generic #41~1586790036~18.04~600aeb5-Ubuntu SMP Mon Apr 13 17:47:15 UTC  x86_64
# annotation_files                        : ['analysis/20220622_LocationPatterns/GATfiles/Annotations/annotations_repeats.bed']
# annotations_label                       : None
# annotations_to_points                   : None
# bucket_size                             : 0
# cache                                   : None
# conditional                             : unconditional
# conditional_expansion                   : None
# conditional_extension                   : None
# counters                                : []
# enable_split_tracks                     : False
# ignore_segment_tracks                   : True
# input_filename_counts                   : None
# input_filename_descriptions             : None
# input_filename_results                  : None
# isochore_files                          : ['analysis/20220622_LocationPatterns/GATfiles/Isochores/isochores_NAHR_Med.bed']
# loglevel                                : 1
# nbuckets                                : 100000
# null                                    : default
# num_samples                             : 1000
# num_threads                             : 0
# output_bed                              : []
# output_counts_pattern                   : None
# output_filename_pattern                 : %s
# output_force                            : False
# output_order                            : fold
# output_plots_pattern                    : None
# output_samples_pattern                  : None
# output_stats                            : []
# output_tables_pattern                   : %s.tsv.gz
# overlapping_annotations                 : False
# pseudo_count                            : 1.0
# pvalue_method                           : empirical
# qvalue_lambda                           : None
# qvalue_method                           : BH
# qvalue_pi0_method                       : smoother
# random_seed                             : None
# restrict_workspace                      : False
# sample_files                            : []
# sampler                                 : annotator
# segment_files                           : ['analysis/20220622_LocationPatterns/GATfiles/Segments/HFNAHR_Med.bed']
# shift_expansion                         : 2.0
# shift_extension                         : 0
# short_help                              : None
# stderr                                  : <_io.TextIOWrapper name='<stderr>' mode='w' encoding='utf-8'>
# stdin                                   : <_io.TextIOWrapper name='<stdin>' mode='r' encoding='utf-8'>
# stdlog                                  : <_io.TextIOWrapper name='analysis/20220622_LocationPatterns/GATresults/NAHR_Med/log/HFNAHR_Med_annotations_repeats.log' mode='a' encoding='UTF-8'>
# stdout                                  : <_io.TextIOWrapper name='analysis/20220622_LocationPatterns/GATresults/NAHR_Med/tsv/HFNAHR_Med_annotations_repeats.tsv' mode='w' encoding='UTF-8'>
# timeit_file                             : None
# timeit_header                           : None
# timeit_name                             : all
# truncate_segments_to_workspace          : False
# truncate_workspace_to_annotations       : False
# workspace_files                         : ['analysis/20220622_LocationPatterns/GATfiles/Workspace/workspace_avgBherer.bed']
2022-06-22 23:11:27,235 INFO segments: reading tracks from 1 files
2022-06-22 23:11:27,236 INFO segments: read 1 tracks from 1 files
2022-06-22 23:11:27,236 INFO annotations: reading tracks from 1 files
2022-06-22 23:11:27,362 INFO annotations: read 1 tracks from 1 files
2022-06-22 23:11:27,366 INFO workspaces: reading tracks from 1 files
2022-06-22 23:11:27,366 INFO workspaces: read 1 tracks from 1 files
2022-06-22 23:11:27,366 INFO collapsing workspaces
2022-06-22 23:11:27,366 INFO isochores: reading isochores from 1 files
2022-06-22 23:11:27,368 INFO intervals loaded in 0 seconds
2022-06-22 23:11:27,368 INFO adding isochores to workspace
2022-06-22 23:11:27,369 INFO collecting observed counts
2022-06-22 23:11:27,369 INFO starting sampling
2022-06-22 23:11:27,369 INFO sampling: merged: 1/1
2022-06-22 23:11:27,369 INFO performing unconditional sampling
2022-06-22 23:11:27,370 INFO workspace without conditioning: 1090 segments, 2678195140 nucleotides
2022-06-22 23:11:27,370 INFO workspace after conditioning: 1090 segments, 2678195140 nucleotides
2022-06-22 23:11:27,371 INFO sampling started
2022-06-22 23:11:27,374 INFO 0/1000 done ( 0.00)
2022-06-22 23:11:27,493 INFO 100/1000 done (10.00)
2022-06-22 23:11:27,607 INFO 200/1000 done (20.00)
2022-06-22 23:11:27,715 INFO 300/1000 done (30.00)
2022-06-22 23:11:27,814 INFO 400/1000 done (40.00)
2022-06-22 23:11:27,913 INFO 500/1000 done (50.00)
2022-06-22 23:11:28,011 INFO 600/1000 done (60.00)
2022-06-22 23:11:28,110 INFO 700/1000 done (70.00)
2022-06-22 23:11:28,213 INFO 800/1000 done (80.00)
2022-06-22 23:11:28,312 INFO 900/1000 done (90.00)
2022-06-22 23:11:28,418 INFO sampling completed
2022-06-22 23:11:28,419 INFO sampling finished
2022-06-22 23:11:28,419 INFO computing PValue statistics
2022-06-22 23:11:28,420 INFO computing FDR statistics
# job finished in 1 seconds at Wed Jun 22 23:11:28 2022 --  1.94  0.03  0.00  0.00 -- 61a12f56-fc35-485c-84be-847e2a2d57db
# output generated by /home/rgomez/anaconda3/bin/gat-run.py --segments=analysis/20220622_LocationPatterns/GATfiles/Segments/HFNAHR_Med.bed --isochores=analysis/20220622_LocationPatterns/GATfiles/Isochores/isochores_NAHR_Med.bed --annotations=analysis/20220622_LocationPatterns/GATfiles/Annotations/annotations_repeats.bed --workspace=analysis/20220622_LocationPatterns/GATfiles/Workspace/workspace_avgBherer.bed --num-samples=1000 --log=analysis/20220622_LocationPatterns/GATresults/NAHR_Med/log/HFNAHR_Med_annotations_repeats.log --stdout=analysis/20220622_LocationPatterns/GATresults/NAHR_Med/tsv/HFNAHR_Med_annotations_repeats.tsv
# job started at Wed Jun 22 23:12:49 2022 on rgomez-pc -- 0f044d82-36c0-49b5-aec2-a285cdefb6bd
# pid: 27201, system: Linux 5.3.0-7648-generic #41~1586790036~18.04~600aeb5-Ubuntu SMP Mon Apr 13 17:47:15 UTC  x86_64
# annotation_files                        : ['analysis/20220622_LocationPatterns/GATfiles/Annotations/annotations_repeats.bed']
# annotations_label                       : None
# annotations_to_points                   : None
# bucket_size                             : 0
# cache                                   : None
# conditional                             : unconditional
# conditional_expansion                   : None
# conditional_extension                   : None
# counters                                : []
# enable_split_tracks                     : False
# ignore_segment_tracks                   : True
# input_filename_counts                   : None
# input_filename_descriptions             : None
# input_filename_results                  : None
# isochore_files                          : ['analysis/20220622_LocationPatterns/GATfiles/Isochores/isochores_NAHR_Med.bed']
# loglevel                                : 1
# nbuckets                                : 100000
# null                                    : default
# num_samples                             : 1000
# num_threads                             : 0
# output_bed                              : []
# output_counts_pattern                   : None
# output_filename_pattern                 : %s
# output_force                            : False
# output_order                            : fold
# output_plots_pattern                    : None
# output_samples_pattern                  : None
# output_stats                            : []
# output_tables_pattern                   : %s.tsv.gz
# overlapping_annotations                 : False
# pseudo_count                            : 1.0
# pvalue_method                           : empirical
# qvalue_lambda                           : None
# qvalue_method                           : BH
# qvalue_pi0_method                       : smoother
# random_seed                             : None
# restrict_workspace                      : False
# sample_files                            : []
# sampler                                 : annotator
# segment_files                           : ['analysis/20220622_LocationPatterns/GATfiles/Segments/HFNAHR_Med.bed']
# shift_expansion                         : 2.0
# shift_extension                         : 0
# short_help                              : None
# stderr                                  : <_io.TextIOWrapper name='<stderr>' mode='w' encoding='utf-8'>
# stdin                                   : <_io.TextIOWrapper name='<stdin>' mode='r' encoding='utf-8'>
# stdlog                                  : <_io.TextIOWrapper name='analysis/20220622_LocationPatterns/GATresults/NAHR_Med/log/HFNAHR_Med_annotations_repeats.log' mode='a' encoding='UTF-8'>
# stdout                                  : <_io.TextIOWrapper name='analysis/20220622_LocationPatterns/GATresults/NAHR_Med/tsv/HFNAHR_Med_annotations_repeats.tsv' mode='w' encoding='UTF-8'>
# timeit_file                             : None
# timeit_header                           : None
# timeit_name                             : all
# truncate_segments_to_workspace          : False
# truncate_workspace_to_annotations       : False
# workspace_files                         : ['analysis/20220622_LocationPatterns/GATfiles/Workspace/workspace_avgBherer.bed']
2022-06-22 23:12:49,608 INFO segments: reading tracks from 1 files
2022-06-22 23:12:49,608 INFO segments: read 1 tracks from 1 files
2022-06-22 23:12:49,608 INFO annotations: reading tracks from 1 files
2022-06-22 23:12:49,720 INFO annotations: read 1 tracks from 1 files
2022-06-22 23:12:49,726 INFO workspaces: reading tracks from 1 files
2022-06-22 23:12:49,726 INFO workspaces: read 1 tracks from 1 files
2022-06-22 23:12:49,726 INFO collapsing workspaces
2022-06-22 23:12:49,726 INFO isochores: reading isochores from 1 files
2022-06-22 23:12:49,728 INFO intervals loaded in 0 seconds
2022-06-22 23:12:49,728 INFO adding isochores to workspace
2022-06-22 23:12:49,728 INFO collecting observed counts
2022-06-22 23:12:49,729 INFO starting sampling
2022-06-22 23:12:49,729 INFO sampling: merged: 1/1
2022-06-22 23:12:49,729 INFO performing unconditional sampling
2022-06-22 23:12:49,729 INFO workspace without conditioning: 1090 segments, 2678195140 nucleotides
2022-06-22 23:12:49,729 INFO workspace after conditioning: 1090 segments, 2678195140 nucleotides
2022-06-22 23:12:49,730 INFO sampling started
2022-06-22 23:12:49,732 INFO 0/1000 done ( 0.00)
2022-06-22 23:12:49,896 INFO 100/1000 done (10.00)
2022-06-22 23:12:50,060 INFO 200/1000 done (20.00)
2022-06-22 23:12:50,224 INFO 300/1000 done (30.00)
2022-06-22 23:12:50,401 INFO 400/1000 done (40.00)
2022-06-22 23:12:50,569 INFO 500/1000 done (50.00)
2022-06-22 23:12:50,732 INFO 600/1000 done (60.00)
2022-06-22 23:12:50,896 INFO 700/1000 done (70.00)
2022-06-22 23:12:51,061 INFO 800/1000 done (80.00)
2022-06-22 23:12:51,226 INFO 900/1000 done (90.00)
2022-06-22 23:12:51,392 INFO sampling completed
2022-06-22 23:12:51,392 INFO sampling finished
2022-06-22 23:12:51,392 INFO computing PValue statistics
2022-06-22 23:12:51,393 INFO computing FDR statistics
# job finished in 1 seconds at Wed Jun 22 23:12:51 2022 --  2.50  0.05  0.00  0.00 -- 0f044d82-36c0-49b5-aec2-a285cdefb6bd
# output generated by /home/rgomez/anaconda3/bin/gat-run.py --segments=analysis/20220622_LocationPatterns/GATfiles/Segments/HFNAHR_Med.bed --isochores=analysis/20220622_LocationPatterns/GATfiles/Isochores/isochores_NAHR_Med.bed --annotations=analysis/20220622_LocationPatterns/GATfiles/Annotations/annotations_repeats.bed --workspace=analysis/20220622_LocationPatterns/GATfiles/Workspace/workspace_avgBherer.bed --num-samples=1000 --log=analysis/20220622_LocationPatterns/GATresults/NAHR_Med/log/HFNAHR_Med_annotations_repeats.log --stdout=analysis/20220622_LocationPatterns/GATresults/NAHR_Med/tsv/HFNAHR_Med_annotations_repeats.tsv
# job started at Wed Jun 22 23:14:26 2022 on rgomez-pc -- 24779990-855c-49ea-95b4-fdd97584dd75
# pid: 27362, system: Linux 5.3.0-7648-generic #41~1586790036~18.04~600aeb5-Ubuntu SMP Mon Apr 13 17:47:15 UTC  x86_64
# annotation_files                        : ['analysis/20220622_LocationPatterns/GATfiles/Annotations/annotations_repeats.bed']
# annotations_label                       : None
# annotations_to_points                   : None
# bucket_size                             : 0
# cache                                   : None
# conditional                             : unconditional
# conditional_expansion                   : None
# conditional_extension                   : None
# counters                                : []
# enable_split_tracks                     : False
# ignore_segment_tracks                   : True
# input_filename_counts                   : None
# input_filename_descriptions             : None
# input_filename_results                  : None
# isochore_files                          : ['analysis/20220622_LocationPatterns/GATfiles/Isochores/isochores_NAHR_Med.bed']
# loglevel                                : 1
# nbuckets                                : 100000
# null                                    : default
# num_samples                             : 1000
# num_threads                             : 0
# output_bed                              : []
# output_counts_pattern                   : None
# output_filename_pattern                 : %s
# output_force                            : False
# output_order                            : fold
# output_plots_pattern                    : None
# output_samples_pattern                  : None
# output_stats                            : []
# output_tables_pattern                   : %s.tsv.gz
# overlapping_annotations                 : False
# pseudo_count                            : 1.0
# pvalue_method                           : empirical
# qvalue_lambda                           : None
# qvalue_method                           : BH
# qvalue_pi0_method                       : smoother
# random_seed                             : None
# restrict_workspace                      : False
# sample_files                            : []
# sampler                                 : annotator
# segment_files                           : ['analysis/20220622_LocationPatterns/GATfiles/Segments/HFNAHR_Med.bed']
# shift_expansion                         : 2.0
# shift_extension                         : 0
# short_help                              : None
# stderr                                  : <_io.TextIOWrapper name='<stderr>' mode='w' encoding='utf-8'>
# stdin                                   : <_io.TextIOWrapper name='<stdin>' mode='r' encoding='utf-8'>
# stdlog                                  : <_io.TextIOWrapper name='analysis/20220622_LocationPatterns/GATresults/NAHR_Med/log/HFNAHR_Med_annotations_repeats.log' mode='a' encoding='UTF-8'>
# stdout                                  : <_io.TextIOWrapper name='analysis/20220622_LocationPatterns/GATresults/NAHR_Med/tsv/HFNAHR_Med_annotations_repeats.tsv' mode='w' encoding='UTF-8'>
# timeit_file                             : None
# timeit_header                           : None
# timeit_name                             : all
# truncate_segments_to_workspace          : False
# truncate_workspace_to_annotations       : False
# workspace_files                         : ['analysis/20220622_LocationPatterns/GATfiles/Workspace/workspace_avgBherer.bed']
2022-06-22 23:14:26,488 INFO segments: reading tracks from 1 files
2022-06-22 23:14:26,489 INFO segments: read 1 tracks from 1 files
2022-06-22 23:14:26,489 INFO annotations: reading tracks from 1 files
2022-06-22 23:14:26,608 INFO annotations: read 1 tracks from 1 files
2022-06-22 23:14:26,612 INFO workspaces: reading tracks from 1 files
2022-06-22 23:14:26,612 INFO workspaces: read 1 tracks from 1 files
2022-06-22 23:14:26,612 INFO collapsing workspaces
2022-06-22 23:14:26,612 INFO isochores: reading isochores from 1 files
2022-06-22 23:14:26,614 INFO intervals loaded in 0 seconds
2022-06-22 23:14:26,614 INFO adding isochores to workspace
2022-06-22 23:14:26,614 INFO collecting observed counts
2022-06-22 23:14:26,614 INFO starting sampling
2022-06-22 23:14:26,614 INFO sampling: merged: 1/1
2022-06-22 23:14:26,614 INFO performing unconditional sampling
2022-06-22 23:14:26,615 INFO workspace without conditioning: 1090 segments, 2678195140 nucleotides
2022-06-22 23:14:26,615 INFO workspace after conditioning: 1090 segments, 2678195140 nucleotides
2022-06-22 23:14:26,615 INFO sampling started
2022-06-22 23:14:26,618 INFO 0/1000 done ( 0.00)
2022-06-22 23:14:26,793 INFO 100/1000 done (10.00)
2022-06-22 23:14:26,974 INFO 200/1000 done (20.00)
2022-06-22 23:14:27,152 INFO 300/1000 done (30.00)
2022-06-22 23:14:27,333 INFO 400/1000 done (40.00)
2022-06-22 23:14:27,514 INFO 500/1000 done (50.00)
2022-06-22 23:14:27,692 INFO 600/1000 done (60.00)
2022-06-22 23:14:27,870 INFO 700/1000 done (70.00)
2022-06-22 23:14:28,049 INFO 800/1000 done (80.00)
2022-06-22 23:14:28,223 INFO 900/1000 done (90.00)
2022-06-22 23:14:28,398 INFO sampling completed
2022-06-22 23:14:28,398 INFO sampling finished
2022-06-22 23:14:28,398 INFO computing PValue statistics
2022-06-22 23:14:28,399 INFO computing FDR statistics
# job finished in 1 seconds at Wed Jun 22 23:14:28 2022 --  2.64  0.07  0.00  0.00 -- 24779990-855c-49ea-95b4-fdd97584dd75
# output generated by /home/rgomez/anaconda3/bin/gat-run.py --segments=analysis/20220622_LocationPatterns/GATfiles/Segments/HFNAHR_Med.bed --isochores=analysis/20220622_LocationPatterns/GATfiles/Isochores/isochores_NAHR_Med.bed --annotations=analysis/20220622_LocationPatterns/GATfiles/Annotations/annotations_repeats.bed --workspace=analysis/20220622_LocationPatterns/GATfiles/Workspace/workspace_avgBherer.bed --num-samples=1000 --log=analysis/20220622_LocationPatterns/GATresults/NAHR_Med/log/HFNAHR_Med_annotations_repeats.log --stdout=analysis/20220622_LocationPatterns/GATresults/NAHR_Med/tsv/HFNAHR_Med_annotations_repeats.tsv
# job started at Wed Jun 22 23:18:13 2022 on rgomez-pc -- 2307db4a-8a41-41a9-bc12-c95189465e6f
# pid: 27621, system: Linux 5.3.0-7648-generic #41~1586790036~18.04~600aeb5-Ubuntu SMP Mon Apr 13 17:47:15 UTC  x86_64
# annotation_files                        : ['analysis/20220622_LocationPatterns/GATfiles/Annotations/annotations_repeats.bed']
# annotations_label                       : None
# annotations_to_points                   : None
# bucket_size                             : 0
# cache                                   : None
# conditional                             : unconditional
# conditional_expansion                   : None
# conditional_extension                   : None
# counters                                : []
# enable_split_tracks                     : False
# ignore_segment_tracks                   : True
# input_filename_counts                   : None
# input_filename_descriptions             : None
# input_filename_results                  : None
# isochore_files                          : ['analysis/20220622_LocationPatterns/GATfiles/Isochores/isochores_NAHR_Med.bed']
# loglevel                                : 1
# nbuckets                                : 100000
# null                                    : default
# num_samples                             : 1000
# num_threads                             : 0
# output_bed                              : []
# output_counts_pattern                   : None
# output_filename_pattern                 : %s
# output_force                            : False
# output_order                            : fold
# output_plots_pattern                    : None
# output_samples_pattern                  : None
# output_stats                            : []
# output_tables_pattern                   : %s.tsv.gz
# overlapping_annotations                 : False
# pseudo_count                            : 1.0
# pvalue_method                           : empirical
# qvalue_lambda                           : None
# qvalue_method                           : BH
# qvalue_pi0_method                       : smoother
# random_seed                             : None
# restrict_workspace                      : False
# sample_files                            : []
# sampler                                 : annotator
# segment_files                           : ['analysis/20220622_LocationPatterns/GATfiles/Segments/HFNAHR_Med.bed']
# shift_expansion                         : 2.0
# shift_extension                         : 0
# short_help                              : None
# stderr                                  : <_io.TextIOWrapper name='<stderr>' mode='w' encoding='utf-8'>
# stdin                                   : <_io.TextIOWrapper name='<stdin>' mode='r' encoding='utf-8'>
# stdlog                                  : <_io.TextIOWrapper name='analysis/20220622_LocationPatterns/GATresults/NAHR_Med/log/HFNAHR_Med_annotations_repeats.log' mode='a' encoding='UTF-8'>
# stdout                                  : <_io.TextIOWrapper name='analysis/20220622_LocationPatterns/GATresults/NAHR_Med/tsv/HFNAHR_Med_annotations_repeats.tsv' mode='w' encoding='UTF-8'>
# timeit_file                             : None
# timeit_header                           : None
# timeit_name                             : all
# truncate_segments_to_workspace          : False
# truncate_workspace_to_annotations       : False
# workspace_files                         : ['analysis/20220622_LocationPatterns/GATfiles/Workspace/workspace_avgBherer.bed']
2022-06-22 23:18:13,278 INFO segments: reading tracks from 1 files
2022-06-22 23:18:13,278 INFO segments: read 1 tracks from 1 files
2022-06-22 23:18:13,278 INFO annotations: reading tracks from 1 files
2022-06-22 23:18:13,391 INFO annotations: read 1 tracks from 1 files
2022-06-22 23:18:13,395 INFO workspaces: reading tracks from 1 files
2022-06-22 23:18:13,396 INFO workspaces: read 1 tracks from 1 files
2022-06-22 23:18:13,396 INFO collapsing workspaces
2022-06-22 23:18:13,396 INFO isochores: reading isochores from 1 files
2022-06-22 23:18:13,397 INFO intervals loaded in 0 seconds
2022-06-22 23:18:13,398 INFO adding isochores to workspace
2022-06-22 23:18:13,398 INFO collecting observed counts
2022-06-22 23:18:13,398 INFO starting sampling
2022-06-22 23:18:13,398 INFO sampling: merged: 1/1
2022-06-22 23:18:13,398 INFO performing unconditional sampling
2022-06-22 23:18:13,398 INFO workspace without conditioning: 1090 segments, 2678195140 nucleotides
2022-06-22 23:18:13,398 INFO workspace after conditioning: 1090 segments, 2678195140 nucleotides
2022-06-22 23:18:13,399 INFO sampling started
2022-06-22 23:18:13,400 INFO 0/1000 done ( 0.00)
2022-06-22 23:18:13,466 INFO 100/1000 done (10.00)
2022-06-22 23:18:13,533 INFO 200/1000 done (20.00)
2022-06-22 23:18:13,600 INFO 300/1000 done (30.00)
2022-06-22 23:18:13,666 INFO 400/1000 done (40.00)
2022-06-22 23:18:13,731 INFO 500/1000 done (50.00)
2022-06-22 23:18:13,797 INFO 600/1000 done (60.00)
2022-06-22 23:18:13,862 INFO 700/1000 done (70.00)
2022-06-22 23:18:13,931 INFO 800/1000 done (80.00)
2022-06-22 23:18:13,996 INFO 900/1000 done (90.00)
2022-06-22 23:18:14,060 INFO sampling completed
2022-06-22 23:18:14,061 INFO sampling finished
2022-06-22 23:18:14,061 INFO computing PValue statistics
2022-06-22 23:18:14,062 INFO computing FDR statistics
# job finished in 0 seconds at Wed Jun 22 23:18:14 2022 --  1.52  0.04  0.00  0.00 -- 2307db4a-8a41-41a9-bc12-c95189465e6f
# output generated by /home/rgomez/anaconda3/bin/gat-run.py --segments=analysis/20220622_LocationPatterns/GATfiles/Segments/HFNAHR_Med.bed --isochores=analysis/20220622_LocationPatterns/GATfiles/Isochores/isochores_NAHR_Med.bed --annotations=analysis/20220622_LocationPatterns/GATfiles/Annotations/annotations_repeats.bed --workspace=analysis/20220622_LocationPatterns/GATfiles/Workspace/workspace_avgBherer.bed --num-samples=1000 --log=analysis/20220622_LocationPatterns/GATresults/NAHR_Med/log/HFNAHR_Med_annotations_repeats.log --stdout=analysis/20220622_LocationPatterns/GATresults/NAHR_Med/tsv/HFNAHR_Med_annotations_repeats.tsv
# job started at Wed Jun 22 23:21:57 2022 on rgomez-pc -- 7a80535e-7880-4276-99bf-b74eba8608ab
# pid: 27852, system: Linux 5.3.0-7648-generic #41~1586790036~18.04~600aeb5-Ubuntu SMP Mon Apr 13 17:47:15 UTC  x86_64
# annotation_files                        : ['analysis/20220622_LocationPatterns/GATfiles/Annotations/annotations_repeats.bed']
# annotations_label                       : None
# annotations_to_points                   : None
# bucket_size                             : 0
# cache                                   : None
# conditional                             : unconditional
# conditional_expansion                   : None
# conditional_extension                   : None
# counters                                : []
# enable_split_tracks                     : False
# ignore_segment_tracks                   : True
# input_filename_counts                   : None
# input_filename_descriptions             : None
# input_filename_results                  : None
# isochore_files                          : ['analysis/20220622_LocationPatterns/GATfiles/Isochores/isochores_NAHR_Med.bed']
# loglevel                                : 1
# nbuckets                                : 100000
# null                                    : default
# num_samples                             : 1000
# num_threads                             : 0
# output_bed                              : []
# output_counts_pattern                   : None
# output_filename_pattern                 : %s
# output_force                            : False
# output_order                            : fold
# output_plots_pattern                    : None
# output_samples_pattern                  : None
# output_stats                            : []
# output_tables_pattern                   : %s.tsv.gz
# overlapping_annotations                 : False
# pseudo_count                            : 1.0
# pvalue_method                           : empirical
# qvalue_lambda                           : None
# qvalue_method                           : BH
# qvalue_pi0_method                       : smoother
# random_seed                             : None
# restrict_workspace                      : False
# sample_files                            : []
# sampler                                 : annotator
# segment_files                           : ['analysis/20220622_LocationPatterns/GATfiles/Segments/HFNAHR_Med.bed']
# shift_expansion                         : 2.0
# shift_extension                         : 0
# short_help                              : None
# stderr                                  : <_io.TextIOWrapper name='<stderr>' mode='w' encoding='utf-8'>
# stdin                                   : <_io.TextIOWrapper name='<stdin>' mode='r' encoding='utf-8'>
# stdlog                                  : <_io.TextIOWrapper name='analysis/20220622_LocationPatterns/GATresults/NAHR_Med/log/HFNAHR_Med_annotations_repeats.log' mode='a' encoding='UTF-8'>
# stdout                                  : <_io.TextIOWrapper name='analysis/20220622_LocationPatterns/GATresults/NAHR_Med/tsv/HFNAHR_Med_annotations_repeats.tsv' mode='w' encoding='UTF-8'>
# timeit_file                             : None
# timeit_header                           : None
# timeit_name                             : all
# truncate_segments_to_workspace          : False
# truncate_workspace_to_annotations       : False
# workspace_files                         : ['analysis/20220622_LocationPatterns/GATfiles/Workspace/workspace_avgBherer.bed']
2022-06-22 23:21:57,767 INFO segments: reading tracks from 1 files
2022-06-22 23:21:57,767 INFO segments: read 1 tracks from 1 files
2022-06-22 23:21:57,767 INFO annotations: reading tracks from 1 files
2022-06-22 23:21:57,887 INFO annotations: read 1 tracks from 1 files
2022-06-22 23:21:57,891 INFO workspaces: reading tracks from 1 files
2022-06-22 23:21:57,891 INFO workspaces: read 1 tracks from 1 files
2022-06-22 23:21:57,892 INFO collapsing workspaces
2022-06-22 23:21:57,892 INFO isochores: reading isochores from 1 files
2022-06-22 23:21:57,895 INFO intervals loaded in 0 seconds
2022-06-22 23:21:57,895 INFO adding isochores to workspace
2022-06-22 23:21:57,896 INFO collecting observed counts
2022-06-22 23:21:57,896 INFO starting sampling
2022-06-22 23:21:57,896 INFO sampling: merged: 1/1
2022-06-22 23:21:57,896 INFO performing unconditional sampling
2022-06-22 23:21:57,896 INFO workspace without conditioning: 1090 segments, 2678195140 nucleotides
2022-06-22 23:21:57,896 INFO workspace after conditioning: 1090 segments, 2678195140 nucleotides
2022-06-22 23:21:57,897 INFO sampling started
2022-06-22 23:21:57,901 INFO 0/1000 done ( 0.00)
2022-06-22 23:21:58,208 INFO 100/1000 done (10.00)
2022-06-22 23:21:58,538 INFO 200/1000 done (20.00)
2022-06-22 23:21:58,867 INFO 300/1000 done (30.00)
2022-06-22 23:21:59,182 INFO 400/1000 done (40.00)
2022-06-22 23:21:59,494 INFO 500/1000 done (50.00)
2022-06-22 23:21:59,816 INFO 600/1000 done (60.00)
2022-06-22 23:22:00,126 INFO 700/1000 done (70.00)
2022-06-22 23:22:00,444 INFO 800/1000 done (80.00)
2022-06-22 23:22:00,767 INFO 900/1000 done (90.00)
2022-06-22 23:22:01,073 INFO sampling completed
2022-06-22 23:22:01,074 INFO sampling finished
2022-06-22 23:22:01,074 INFO computing PValue statistics
2022-06-22 23:22:01,074 INFO computing FDR statistics
# job finished in 3 seconds at Wed Jun 22 23:22:01 2022 --  4.02  0.05  0.00  0.00 -- 7a80535e-7880-4276-99bf-b74eba8608ab
# output generated by /home/rgomez/anaconda3/bin/gat-run.py --segments=analysis/20220622_LocationPatterns/GATfiles/Segments/HFNAHR_Med.bed --isochores=analysis/20220622_LocationPatterns/GATfiles/Isochores/isochores_NAHR_Med.bed --annotations=analysis/20220622_LocationPatterns/GATfiles/Annotations/annotations_repeats.bed --workspace=analysis/20220622_LocationPatterns/GATfiles/Workspace/workspace_avgBherer.bed --num-samples=1000 --log=analysis/20220622_LocationPatterns/GATresults/NAHR_Med/log/HFNAHR_Med_annotations_repeats.log --stdout=analysis/20220622_LocationPatterns/GATresults/NAHR_Med/tsv/HFNAHR_Med_annotations_repeats.tsv
# job started at Wed Jun 22 23:23:47 2022 on rgomez-pc -- c24bba66-3cce-45ed-8b77-7810fb5ac30a
# pid: 28035, system: Linux 5.3.0-7648-generic #41~1586790036~18.04~600aeb5-Ubuntu SMP Mon Apr 13 17:47:15 UTC  x86_64
# annotation_files                        : ['analysis/20220622_LocationPatterns/GATfiles/Annotations/annotations_repeats.bed']
# annotations_label                       : None
# annotations_to_points                   : None
# bucket_size                             : 0
# cache                                   : None
# conditional                             : unconditional
# conditional_expansion                   : None
# conditional_extension                   : None
# counters                                : []
# enable_split_tracks                     : False
# ignore_segment_tracks                   : True
# input_filename_counts                   : None
# input_filename_descriptions             : None
# input_filename_results                  : None
# isochore_files                          : ['analysis/20220622_LocationPatterns/GATfiles/Isochores/isochores_NAHR_Med.bed']
# loglevel                                : 1
# nbuckets                                : 100000
# null                                    : default
# num_samples                             : 1000
# num_threads                             : 0
# output_bed                              : []
# output_counts_pattern                   : None
# output_filename_pattern                 : %s
# output_force                            : False
# output_order                            : fold
# output_plots_pattern                    : None
# output_samples_pattern                  : None
# output_stats                            : []
# output_tables_pattern                   : %s.tsv.gz
# overlapping_annotations                 : False
# pseudo_count                            : 1.0
# pvalue_method                           : empirical
# qvalue_lambda                           : None
# qvalue_method                           : BH
# qvalue_pi0_method                       : smoother
# random_seed                             : None
# restrict_workspace                      : False
# sample_files                            : []
# sampler                                 : annotator
# segment_files                           : ['analysis/20220622_LocationPatterns/GATfiles/Segments/HFNAHR_Med.bed']
# shift_expansion                         : 2.0
# shift_extension                         : 0
# short_help                              : None
# stderr                                  : <_io.TextIOWrapper name='<stderr>' mode='w' encoding='utf-8'>
# stdin                                   : <_io.TextIOWrapper name='<stdin>' mode='r' encoding='utf-8'>
# stdlog                                  : <_io.TextIOWrapper name='analysis/20220622_LocationPatterns/GATresults/NAHR_Med/log/HFNAHR_Med_annotations_repeats.log' mode='a' encoding='UTF-8'>
# stdout                                  : <_io.TextIOWrapper name='analysis/20220622_LocationPatterns/GATresults/NAHR_Med/tsv/HFNAHR_Med_annotations_repeats.tsv' mode='w' encoding='UTF-8'>
# timeit_file                             : None
# timeit_header                           : None
# timeit_name                             : all
# truncate_segments_to_workspace          : False
# truncate_workspace_to_annotations       : False
# workspace_files                         : ['analysis/20220622_LocationPatterns/GATfiles/Workspace/workspace_avgBherer.bed']
2022-06-22 23:23:47,470 INFO segments: reading tracks from 1 files
2022-06-22 23:23:47,470 INFO segments: read 1 tracks from 1 files
2022-06-22 23:23:47,470 INFO annotations: reading tracks from 1 files
2022-06-22 23:23:47,602 INFO annotations: read 1 tracks from 1 files
2022-06-22 23:23:47,607 INFO workspaces: reading tracks from 1 files
2022-06-22 23:23:47,607 INFO workspaces: read 1 tracks from 1 files
2022-06-22 23:23:47,608 INFO collapsing workspaces
2022-06-22 23:23:47,608 INFO isochores: reading isochores from 1 files
2022-06-22 23:23:47,611 INFO intervals loaded in 0 seconds
2022-06-22 23:23:47,611 INFO adding isochores to workspace
2022-06-22 23:23:47,611 INFO collecting observed counts
2022-06-22 23:23:47,611 INFO starting sampling
2022-06-22 23:23:47,611 INFO sampling: merged: 1/1
2022-06-22 23:23:47,611 INFO performing unconditional sampling
2022-06-22 23:23:47,612 INFO workspace without conditioning: 1090 segments, 2678195140 nucleotides
2022-06-22 23:23:47,612 INFO workspace after conditioning: 1090 segments, 2678195140 nucleotides
2022-06-22 23:23:47,613 INFO sampling started
2022-06-22 23:23:47,616 INFO 0/1000 done ( 0.00)
2022-06-22 23:23:47,937 INFO 100/1000 done (10.00)
2022-06-22 23:23:48,292 INFO 200/1000 done (20.00)
2022-06-22 23:23:48,585 INFO 300/1000 done (30.00)
2022-06-22 23:23:48,845 INFO 400/1000 done (40.00)
2022-06-22 23:23:49,132 INFO 500/1000 done (50.00)
2022-06-22 23:23:49,444 INFO 600/1000 done (60.00)
2022-06-22 23:23:49,730 INFO 700/1000 done (70.00)
2022-06-22 23:23:49,990 INFO 800/1000 done (80.00)
2022-06-22 23:23:50,260 INFO 900/1000 done (90.00)
2022-06-22 23:23:50,542 INFO sampling completed
2022-06-22 23:23:50,543 INFO sampling finished
2022-06-22 23:23:50,543 INFO computing PValue statistics
2022-06-22 23:23:50,544 INFO computing FDR statistics
# job finished in 3 seconds at Wed Jun 22 23:23:50 2022 --  3.99  0.04  0.00  0.00 -- c24bba66-3cce-45ed-8b77-7810fb5ac30a
# output generated by /home/rgomez/anaconda3/bin/gat-run.py --segments=analysis/20220622_LocationPatterns/GATfiles/Segments/HFNAHR_Med.bed --isochores=analysis/20220622_LocationPatterns/GATfiles/Isochores/isochores_NAHR_Med.bed --annotations=analysis/20220622_LocationPatterns/GATfiles/Annotations/annotations_repeats.bed --workspace=analysis/20220622_LocationPatterns/GATfiles/Workspace/workspace_avgBherer.bed --num-samples=1000 --log=analysis/20220622_LocationPatterns/GATresults/NAHR_Med/log/HFNAHR_Med_annotations_repeats.log --stdout=analysis/20220622_LocationPatterns/GATresults/NAHR_Med/tsv/HFNAHR_Med_annotations_repeats.tsv
# job started at Wed Jun 22 23:24:47 2022 on rgomez-pc -- a52b0be4-e090-432a-bbbc-f51aab033bb5
# pid: 28189, system: Linux 5.3.0-7648-generic #41~1586790036~18.04~600aeb5-Ubuntu SMP Mon Apr 13 17:47:15 UTC  x86_64
# annotation_files                        : ['analysis/20220622_LocationPatterns/GATfiles/Annotations/annotations_repeats.bed']
# annotations_label                       : None
# annotations_to_points                   : None
# bucket_size                             : 0
# cache                                   : None
# conditional                             : unconditional
# conditional_expansion                   : None
# conditional_extension                   : None
# counters                                : []
# enable_split_tracks                     : False
# ignore_segment_tracks                   : True
# input_filename_counts                   : None
# input_filename_descriptions             : None
# input_filename_results                  : None
# isochore_files                          : ['analysis/20220622_LocationPatterns/GATfiles/Isochores/isochores_NAHR_Med.bed']
# loglevel                                : 1
# nbuckets                                : 100000
# null                                    : default
# num_samples                             : 1000
# num_threads                             : 0
# output_bed                              : []
# output_counts_pattern                   : None
# output_filename_pattern                 : %s
# output_force                            : False
# output_order                            : fold
# output_plots_pattern                    : None
# output_samples_pattern                  : None
# output_stats                            : []
# output_tables_pattern                   : %s.tsv.gz
# overlapping_annotations                 : False
# pseudo_count                            : 1.0
# pvalue_method                           : empirical
# qvalue_lambda                           : None
# qvalue_method                           : BH
# qvalue_pi0_method                       : smoother
# random_seed                             : None
# restrict_workspace                      : False
# sample_files                            : []
# sampler                                 : annotator
# segment_files                           : ['analysis/20220622_LocationPatterns/GATfiles/Segments/HFNAHR_Med.bed']
# shift_expansion                         : 2.0
# shift_extension                         : 0
# short_help                              : None
# stderr                                  : <_io.TextIOWrapper name='<stderr>' mode='w' encoding='utf-8'>
# stdin                                   : <_io.TextIOWrapper name='<stdin>' mode='r' encoding='utf-8'>
# stdlog                                  : <_io.TextIOWrapper name='analysis/20220622_LocationPatterns/GATresults/NAHR_Med/log/HFNAHR_Med_annotations_repeats.log' mode='a' encoding='UTF-8'>
# stdout                                  : <_io.TextIOWrapper name='analysis/20220622_LocationPatterns/GATresults/NAHR_Med/tsv/HFNAHR_Med_annotations_repeats.tsv' mode='w' encoding='UTF-8'>
# timeit_file                             : None
# timeit_header                           : None
# timeit_name                             : all
# truncate_segments_to_workspace          : False
# truncate_workspace_to_annotations       : False
# workspace_files                         : ['analysis/20220622_LocationPatterns/GATfiles/Workspace/workspace_avgBherer.bed']
2022-06-22 23:24:47,929 INFO segments: reading tracks from 1 files
2022-06-22 23:24:47,929 INFO segments: read 1 tracks from 1 files
2022-06-22 23:24:47,929 INFO annotations: reading tracks from 1 files
2022-06-22 23:24:48,041 INFO annotations: read 1 tracks from 1 files
2022-06-22 23:24:48,045 INFO workspaces: reading tracks from 1 files
2022-06-22 23:24:48,045 INFO workspaces: read 1 tracks from 1 files
2022-06-22 23:24:48,045 INFO collapsing workspaces
2022-06-22 23:24:48,045 INFO isochores: reading isochores from 1 files
2022-06-22 23:24:48,047 INFO intervals loaded in 0 seconds
2022-06-22 23:24:48,047 INFO adding isochores to workspace
2022-06-22 23:24:48,048 INFO collecting observed counts
2022-06-22 23:24:48,048 INFO starting sampling
2022-06-22 23:24:48,048 INFO sampling: merged: 1/1
2022-06-22 23:24:48,048 INFO performing unconditional sampling
2022-06-22 23:24:48,048 INFO workspace without conditioning: 1090 segments, 2678195140 nucleotides
2022-06-22 23:24:48,048 INFO workspace after conditioning: 1090 segments, 2678195140 nucleotides
2022-06-22 23:24:48,049 INFO sampling started
2022-06-22 23:24:48,051 INFO 0/1000 done ( 0.00)
2022-06-22 23:24:48,168 INFO 100/1000 done (10.00)
2022-06-22 23:24:48,285 INFO 200/1000 done (20.00)
2022-06-22 23:24:48,402 INFO 300/1000 done (30.00)
2022-06-22 23:24:48,519 INFO 400/1000 done (40.00)
2022-06-22 23:24:48,638 INFO 500/1000 done (50.00)
2022-06-22 23:24:48,754 INFO 600/1000 done (60.00)
2022-06-22 23:24:48,872 INFO 700/1000 done (70.00)
2022-06-22 23:24:48,989 INFO 800/1000 done (80.00)
2022-06-22 23:24:49,108 INFO 900/1000 done (90.00)
2022-06-22 23:24:49,224 INFO sampling completed
2022-06-22 23:24:49,225 INFO sampling finished
2022-06-22 23:24:49,225 INFO computing PValue statistics
2022-06-22 23:24:49,226 INFO computing FDR statistics
# job finished in 1 seconds at Wed Jun 22 23:24:49 2022 --  2.01  0.05  0.00  0.00 -- a52b0be4-e090-432a-bbbc-f51aab033bb5
# output generated by /home/rgomez/anaconda3/bin/gat-run.py --segments=analysis/20220622_LocationPatterns/GATfiles/Segments/HFNAHR_Med.bed --isochores=analysis/20220622_LocationPatterns/GATfiles/Isochores/isochores_NAHR_Med.bed --annotations=analysis/20220622_LocationPatterns/GATfiles/Annotations/annotations_repeats.bed --workspace=analysis/20220622_LocationPatterns/GATfiles/Workspace/workspace_avgBherer.bed --num-samples=1000 --log=analysis/20220622_LocationPatterns/GATresults/NAHR_Med/log/HFNAHR_Med_annotations_repeats.log --stdout=analysis/20220622_LocationPatterns/GATresults/NAHR_Med/tsv/HFNAHR_Med_annotations_repeats.tsv
# job started at Wed Jun 22 23:26:18 2022 on rgomez-pc -- f97e8312-ddcf-4174-9aab-7bac41f3efdd
# pid: 28370, system: Linux 5.3.0-7648-generic #41~1586790036~18.04~600aeb5-Ubuntu SMP Mon Apr 13 17:47:15 UTC  x86_64
# annotation_files                        : ['analysis/20220622_LocationPatterns/GATfiles/Annotations/annotations_repeats.bed']
# annotations_label                       : None
# annotations_to_points                   : None
# bucket_size                             : 0
# cache                                   : None
# conditional                             : unconditional
# conditional_expansion                   : None
# conditional_extension                   : None
# counters                                : []
# enable_split_tracks                     : False
# ignore_segment_tracks                   : True
# input_filename_counts                   : None
# input_filename_descriptions             : None
# input_filename_results                  : None
# isochore_files                          : ['analysis/20220622_LocationPatterns/GATfiles/Isochores/isochores_NAHR_Med.bed']
# loglevel                                : 1
# nbuckets                                : 100000
# null                                    : default
# num_samples                             : 1000
# num_threads                             : 0
# output_bed                              : []
# output_counts_pattern                   : None
# output_filename_pattern                 : %s
# output_force                            : False
# output_order                            : fold
# output_plots_pattern                    : None
# output_samples_pattern                  : None
# output_stats                            : []
# output_tables_pattern                   : %s.tsv.gz
# overlapping_annotations                 : False
# pseudo_count                            : 1.0
# pvalue_method                           : empirical
# qvalue_lambda                           : None
# qvalue_method                           : BH
# qvalue_pi0_method                       : smoother
# random_seed                             : None
# restrict_workspace                      : False
# sample_files                            : []
# sampler                                 : annotator
# segment_files                           : ['analysis/20220622_LocationPatterns/GATfiles/Segments/HFNAHR_Med.bed']
# shift_expansion                         : 2.0
# shift_extension                         : 0
# short_help                              : None
# stderr                                  : <_io.TextIOWrapper name='<stderr>' mode='w' encoding='utf-8'>
# stdin                                   : <_io.TextIOWrapper name='<stdin>' mode='r' encoding='utf-8'>
# stdlog                                  : <_io.TextIOWrapper name='analysis/20220622_LocationPatterns/GATresults/NAHR_Med/log/HFNAHR_Med_annotations_repeats.log' mode='a' encoding='UTF-8'>
# stdout                                  : <_io.TextIOWrapper name='analysis/20220622_LocationPatterns/GATresults/NAHR_Med/tsv/HFNAHR_Med_annotations_repeats.tsv' mode='w' encoding='UTF-8'>
# timeit_file                             : None
# timeit_header                           : None
# timeit_name                             : all
# truncate_segments_to_workspace          : False
# truncate_workspace_to_annotations       : False
# workspace_files                         : ['analysis/20220622_LocationPatterns/GATfiles/Workspace/workspace_avgBherer.bed']
2022-06-22 23:26:18,257 INFO segments: reading tracks from 1 files
2022-06-22 23:26:18,258 INFO segments: read 1 tracks from 1 files
2022-06-22 23:26:18,258 INFO annotations: reading tracks from 1 files
2022-06-22 23:26:18,371 INFO annotations: read 1 tracks from 1 files
2022-06-22 23:26:18,375 INFO workspaces: reading tracks from 1 files
2022-06-22 23:26:18,375 INFO workspaces: read 1 tracks from 1 files
2022-06-22 23:26:18,375 INFO collapsing workspaces
2022-06-22 23:26:18,375 INFO isochores: reading isochores from 1 files
2022-06-22 23:26:18,377 INFO intervals loaded in 0 seconds
2022-06-22 23:26:18,377 INFO adding isochores to workspace
2022-06-22 23:26:18,378 INFO collecting observed counts
2022-06-22 23:26:18,378 INFO starting sampling
2022-06-22 23:26:18,378 INFO sampling: merged: 1/1
2022-06-22 23:26:18,378 INFO performing unconditional sampling
2022-06-22 23:26:18,378 INFO workspace without conditioning: 1090 segments, 2678195140 nucleotides
2022-06-22 23:26:18,378 INFO workspace after conditioning: 1090 segments, 2678195140 nucleotides
2022-06-22 23:26:18,379 INFO sampling started
2022-06-22 23:26:18,381 INFO 0/1000 done ( 0.00)
2022-06-22 23:26:18,514 INFO 100/1000 done (10.00)
2022-06-22 23:26:18,642 INFO 200/1000 done (20.00)
2022-06-22 23:26:18,771 INFO 300/1000 done (30.00)
2022-06-22 23:26:18,899 INFO 400/1000 done (40.00)
2022-06-22 23:26:19,027 INFO 500/1000 done (50.00)
2022-06-22 23:26:19,156 INFO 600/1000 done (60.00)
2022-06-22 23:26:19,284 INFO 700/1000 done (70.00)
2022-06-22 23:26:19,412 INFO 800/1000 done (80.00)
2022-06-22 23:26:19,542 INFO 900/1000 done (90.00)
2022-06-22 23:26:19,669 INFO sampling completed
2022-06-22 23:26:19,670 INFO sampling finished
2022-06-22 23:26:19,670 INFO computing PValue statistics
2022-06-22 23:26:19,670 INFO computing FDR statistics
# job finished in 1 seconds at Wed Jun 22 23:26:19 2022 --  2.15  0.03  0.00  0.00 -- f97e8312-ddcf-4174-9aab-7bac41f3efdd
# output generated by /home/rgomez/anaconda3/bin/gat-run.py --segments=analysis/20220622_LocationPatterns/GATfiles/Segments/HFNAHR_Med.bed --isochores=analysis/20220622_LocationPatterns/GATfiles/Isochores/isochores_NAHR_Med.bed --annotations=analysis/20220622_LocationPatterns/GATfiles/Annotations/annotations_repeats.bed --workspace=analysis/20220622_LocationPatterns/GATfiles/Workspace/workspace_avgBherer.bed --num-samples=1000 --log=analysis/20220622_LocationPatterns/GATresults/NAHR_Med/log/HFNAHR_Med_annotations_repeats.log --stdout=analysis/20220622_LocationPatterns/GATresults/NAHR_Med/tsv/HFNAHR_Med_annotations_repeats.tsv
# job started at Wed Jun 22 23:31:02 2022 on rgomez-pc -- 53f972ff-288b-4025-9d24-a6f91ee74cb9
# pid: 28623, system: Linux 5.3.0-7648-generic #41~1586790036~18.04~600aeb5-Ubuntu SMP Mon Apr 13 17:47:15 UTC  x86_64
# annotation_files                        : ['analysis/20220622_LocationPatterns/GATfiles/Annotations/annotations_repeats.bed']
# annotations_label                       : None
# annotations_to_points                   : None
# bucket_size                             : 0
# cache                                   : None
# conditional                             : unconditional
# conditional_expansion                   : None
# conditional_extension                   : None
# counters                                : []
# enable_split_tracks                     : False
# ignore_segment_tracks                   : True
# input_filename_counts                   : None
# input_filename_descriptions             : None
# input_filename_results                  : None
# isochore_files                          : ['analysis/20220622_LocationPatterns/GATfiles/Isochores/isochores_NAHR_Med.bed']
# loglevel                                : 1
# nbuckets                                : 100000
# null                                    : default
# num_samples                             : 1000
# num_threads                             : 0
# output_bed                              : []
# output_counts_pattern                   : None
# output_filename_pattern                 : %s
# output_force                            : False
# output_order                            : fold
# output_plots_pattern                    : None
# output_samples_pattern                  : None
# output_stats                            : []
# output_tables_pattern                   : %s.tsv.gz
# overlapping_annotations                 : False
# pseudo_count                            : 1.0
# pvalue_method                           : empirical
# qvalue_lambda                           : None
# qvalue_method                           : BH
# qvalue_pi0_method                       : smoother
# random_seed                             : None
# restrict_workspace                      : False
# sample_files                            : []
# sampler                                 : annotator
# segment_files                           : ['analysis/20220622_LocationPatterns/GATfiles/Segments/HFNAHR_Med.bed']
# shift_expansion                         : 2.0
# shift_extension                         : 0
# short_help                              : None
# stderr                                  : <_io.TextIOWrapper name='<stderr>' mode='w' encoding='utf-8'>
# stdin                                   : <_io.TextIOWrapper name='<stdin>' mode='r' encoding='utf-8'>
# stdlog                                  : <_io.TextIOWrapper name='analysis/20220622_LocationPatterns/GATresults/NAHR_Med/log/HFNAHR_Med_annotations_repeats.log' mode='a' encoding='UTF-8'>
# stdout                                  : <_io.TextIOWrapper name='analysis/20220622_LocationPatterns/GATresults/NAHR_Med/tsv/HFNAHR_Med_annotations_repeats.tsv' mode='w' encoding='UTF-8'>
# timeit_file                             : None
# timeit_header                           : None
# timeit_name                             : all
# truncate_segments_to_workspace          : False
# truncate_workspace_to_annotations       : False
# workspace_files                         : ['analysis/20220622_LocationPatterns/GATfiles/Workspace/workspace_avgBherer.bed']
2022-06-22 23:31:02,123 INFO segments: reading tracks from 1 files
2022-06-22 23:31:02,123 INFO segments: read 1 tracks from 1 files
2022-06-22 23:31:02,123 INFO annotations: reading tracks from 1 files
2022-06-22 23:31:02,238 INFO annotations: read 1 tracks from 1 files
2022-06-22 23:31:02,242 INFO workspaces: reading tracks from 1 files
2022-06-22 23:31:02,242 INFO workspaces: read 1 tracks from 1 files
2022-06-22 23:31:02,242 INFO collapsing workspaces
2022-06-22 23:31:02,242 INFO isochores: reading isochores from 1 files
2022-06-22 23:31:02,244 INFO intervals loaded in 0 seconds
2022-06-22 23:31:02,244 INFO adding isochores to workspace
2022-06-22 23:31:02,244 INFO collecting observed counts
2022-06-22 23:31:02,244 INFO starting sampling
2022-06-22 23:31:02,245 INFO sampling: merged: 1/1
2022-06-22 23:31:02,245 INFO performing unconditional sampling
2022-06-22 23:31:02,245 INFO workspace without conditioning: 1090 segments, 2678195140 nucleotides
2022-06-22 23:31:02,245 INFO workspace after conditioning: 1090 segments, 2678195140 nucleotides
2022-06-22 23:31:02,246 INFO sampling started
2022-06-22 23:31:02,247 INFO 0/1000 done ( 0.00)
2022-06-22 23:31:02,369 INFO 100/1000 done (10.00)
2022-06-22 23:31:02,490 INFO 200/1000 done (20.00)
2022-06-22 23:31:02,613 INFO 300/1000 done (30.00)
2022-06-22 23:31:02,734 INFO 400/1000 done (40.00)
2022-06-22 23:31:02,855 INFO 500/1000 done (50.00)
2022-06-22 23:31:02,975 INFO 600/1000 done (60.00)
2022-06-22 23:31:03,095 INFO 700/1000 done (70.00)
2022-06-22 23:31:03,217 INFO 800/1000 done (80.00)
2022-06-22 23:31:03,337 INFO 900/1000 done (90.00)
2022-06-22 23:31:03,457 INFO sampling completed
2022-06-22 23:31:03,457 INFO sampling finished
2022-06-22 23:31:03,457 INFO computing PValue statistics
2022-06-22 23:31:03,458 INFO computing FDR statistics
# job finished in 1 seconds at Wed Jun 22 23:31:03 2022 --  2.05  0.05  0.00  0.00 -- 53f972ff-288b-4025-9d24-a6f91ee74cb9
# output generated by /home/rgomez/anaconda3/bin/gat-run.py --segments=analysis/20220622_LocationPatterns/GATfiles/Segments/HFNAHR_Med.bed --isochores=analysis/20220622_LocationPatterns/GATfiles/Isochores/isochores_NAHR_Med.bed --annotations=analysis/20220622_LocationPatterns/GATfiles/Annotations/annotations_repeats.bed --workspace=analysis/20220622_LocationPatterns/GATfiles/Workspace/workspace_avgBherer.bed --num-samples=1000 --log=analysis/20220622_LocationPatterns/GATresults/NAHR_Med/log/HFNAHR_Med_annotations_repeats.log --stdout=analysis/20220622_LocationPatterns/GATresults/NAHR_Med/tsv/HFNAHR_Med_annotations_repeats.tsv
# job started at Wed Jun 22 23:32:32 2022 on rgomez-pc -- 2bd67d9a-9d5b-4dc5-b8ee-2eed684cdbfc
# pid: 28803, system: Linux 5.3.0-7648-generic #41~1586790036~18.04~600aeb5-Ubuntu SMP Mon Apr 13 17:47:15 UTC  x86_64
# annotation_files                        : ['analysis/20220622_LocationPatterns/GATfiles/Annotations/annotations_repeats.bed']
# annotations_label                       : None
# annotations_to_points                   : None
# bucket_size                             : 0
# cache                                   : None
# conditional                             : unconditional
# conditional_expansion                   : None
# conditional_extension                   : None
# counters                                : []
# enable_split_tracks                     : False
# ignore_segment_tracks                   : True
# input_filename_counts                   : None
# input_filename_descriptions             : None
# input_filename_results                  : None
# isochore_files                          : ['analysis/20220622_LocationPatterns/GATfiles/Isochores/isochores_NAHR_Med.bed']
# loglevel                                : 1
# nbuckets                                : 100000
# null                                    : default
# num_samples                             : 1000
# num_threads                             : 0
# output_bed                              : []
# output_counts_pattern                   : None
# output_filename_pattern                 : %s
# output_force                            : False
# output_order                            : fold
# output_plots_pattern                    : None
# output_samples_pattern                  : None
# output_stats                            : []
# output_tables_pattern                   : %s.tsv.gz
# overlapping_annotations                 : False
# pseudo_count                            : 1.0
# pvalue_method                           : empirical
# qvalue_lambda                           : None
# qvalue_method                           : BH
# qvalue_pi0_method                       : smoother
# random_seed                             : None
# restrict_workspace                      : False
# sample_files                            : []
# sampler                                 : annotator
# segment_files                           : ['analysis/20220622_LocationPatterns/GATfiles/Segments/HFNAHR_Med.bed']
# shift_expansion                         : 2.0
# shift_extension                         : 0
# short_help                              : None
# stderr                                  : <_io.TextIOWrapper name='<stderr>' mode='w' encoding='utf-8'>
# stdin                                   : <_io.TextIOWrapper name='<stdin>' mode='r' encoding='utf-8'>
# stdlog                                  : <_io.TextIOWrapper name='analysis/20220622_LocationPatterns/GATresults/NAHR_Med/log/HFNAHR_Med_annotations_repeats.log' mode='a' encoding='UTF-8'>
# stdout                                  : <_io.TextIOWrapper name='analysis/20220622_LocationPatterns/GATresults/NAHR_Med/tsv/HFNAHR_Med_annotations_repeats.tsv' mode='w' encoding='UTF-8'>
# timeit_file                             : None
# timeit_header                           : None
# timeit_name                             : all
# truncate_segments_to_workspace          : False
# truncate_workspace_to_annotations       : False
# workspace_files                         : ['analysis/20220622_LocationPatterns/GATfiles/Workspace/workspace_avgBherer.bed']
2022-06-22 23:32:32,712 INFO segments: reading tracks from 1 files
2022-06-22 23:32:32,713 INFO segments: read 1 tracks from 1 files
2022-06-22 23:32:32,713 INFO annotations: reading tracks from 1 files
2022-06-22 23:32:32,825 INFO annotations: read 1 tracks from 1 files
2022-06-22 23:32:32,829 INFO workspaces: reading tracks from 1 files
2022-06-22 23:32:32,829 INFO workspaces: read 1 tracks from 1 files
2022-06-22 23:32:32,829 INFO collapsing workspaces
2022-06-22 23:32:32,829 INFO isochores: reading isochores from 1 files
2022-06-22 23:32:32,831 INFO intervals loaded in 0 seconds
2022-06-22 23:32:32,831 INFO adding isochores to workspace
2022-06-22 23:32:32,832 INFO collecting observed counts
2022-06-22 23:32:32,832 INFO starting sampling
2022-06-22 23:32:32,832 INFO sampling: merged: 1/1
2022-06-22 23:32:32,832 INFO performing unconditional sampling
2022-06-22 23:32:32,832 INFO workspace without conditioning: 1090 segments, 2678195140 nucleotides
2022-06-22 23:32:32,833 INFO workspace after conditioning: 1090 segments, 2678195140 nucleotides
2022-06-22 23:32:32,833 INFO sampling started
2022-06-22 23:32:32,835 INFO 0/1000 done ( 0.00)
2022-06-22 23:32:32,958 INFO 100/1000 done (10.00)
2022-06-22 23:32:33,078 INFO 200/1000 done (20.00)
2022-06-22 23:32:33,198 INFO 300/1000 done (30.00)
2022-06-22 23:32:33,322 INFO 400/1000 done (40.00)
2022-06-22 23:32:33,442 INFO 500/1000 done (50.00)
2022-06-22 23:32:33,562 INFO 600/1000 done (60.00)
2022-06-22 23:32:33,682 INFO 700/1000 done (70.00)
2022-06-22 23:32:33,803 INFO 800/1000 done (80.00)
2022-06-22 23:32:33,927 INFO 900/1000 done (90.00)
2022-06-22 23:32:34,047 INFO sampling completed
2022-06-22 23:32:34,048 INFO sampling finished
2022-06-22 23:32:34,048 INFO computing PValue statistics
2022-06-22 23:32:34,049 INFO computing FDR statistics
# job finished in 1 seconds at Wed Jun 22 23:32:34 2022 --  2.10  0.02  0.00  0.00 -- 2bd67d9a-9d5b-4dc5-b8ee-2eed684cdbfc
# output generated by /home/rgomez/anaconda3/bin/gat-run.py --segments=analysis/20220622_LocationPatterns/GATfiles/Segments/HFNAHR_Med.bed --isochores=analysis/20220622_LocationPatterns/GATfiles/Isochores/isochores_NAHR_Med.bed --annotations=analysis/20220622_LocationPatterns/GATfiles/Annotations/annotations_repeats.bed --workspace=analysis/20220622_LocationPatterns/GATfiles/Workspace/workspace_avgBherer.bed --num-samples=1000 --log=analysis/20220622_LocationPatterns/GATresults/NAHR_Med/log/HFNAHR_Med_annotations_repeats.log --stdout=analysis/20220622_LocationPatterns/GATresults/NAHR_Med/tsv/HFNAHR_Med_annotations_repeats.tsv
# job started at Wed Jun 22 23:37:00 2022 on rgomez-pc -- 798ab846-bba3-408a-a821-cc4a099e5c3a
# pid: 29022, system: Linux 5.3.0-7648-generic #41~1586790036~18.04~600aeb5-Ubuntu SMP Mon Apr 13 17:47:15 UTC  x86_64
# annotation_files                        : ['analysis/20220622_LocationPatterns/GATfiles/Annotations/annotations_repeats.bed']
# annotations_label                       : None
# annotations_to_points                   : None
# bucket_size                             : 0
# cache                                   : None
# conditional                             : unconditional
# conditional_expansion                   : None
# conditional_extension                   : None
# counters                                : []
# enable_split_tracks                     : False
# ignore_segment_tracks                   : True
# input_filename_counts                   : None
# input_filename_descriptions             : None
# input_filename_results                  : None
# isochore_files                          : ['analysis/20220622_LocationPatterns/GATfiles/Isochores/isochores_NAHR_Med.bed']
# loglevel                                : 1
# nbuckets                                : 100000
# null                                    : default
# num_samples                             : 1000
# num_threads                             : 0
# output_bed                              : []
# output_counts_pattern                   : None
# output_filename_pattern                 : %s
# output_force                            : False
# output_order                            : fold
# output_plots_pattern                    : None
# output_samples_pattern                  : None
# output_stats                            : []
# output_tables_pattern                   : %s.tsv.gz
# overlapping_annotations                 : False
# pseudo_count                            : 1.0
# pvalue_method                           : empirical
# qvalue_lambda                           : None
# qvalue_method                           : BH
# qvalue_pi0_method                       : smoother
# random_seed                             : None
# restrict_workspace                      : False
# sample_files                            : []
# sampler                                 : annotator
# segment_files                           : ['analysis/20220622_LocationPatterns/GATfiles/Segments/HFNAHR_Med.bed']
# shift_expansion                         : 2.0
# shift_extension                         : 0
# short_help                              : None
# stderr                                  : <_io.TextIOWrapper name='<stderr>' mode='w' encoding='utf-8'>
# stdin                                   : <_io.TextIOWrapper name='<stdin>' mode='r' encoding='utf-8'>
# stdlog                                  : <_io.TextIOWrapper name='analysis/20220622_LocationPatterns/GATresults/NAHR_Med/log/HFNAHR_Med_annotations_repeats.log' mode='a' encoding='UTF-8'>
# stdout                                  : <_io.TextIOWrapper name='analysis/20220622_LocationPatterns/GATresults/NAHR_Med/tsv/HFNAHR_Med_annotations_repeats.tsv' mode='w' encoding='UTF-8'>
# timeit_file                             : None
# timeit_header                           : None
# timeit_name                             : all
# truncate_segments_to_workspace          : False
# truncate_workspace_to_annotations       : False
# workspace_files                         : ['analysis/20220622_LocationPatterns/GATfiles/Workspace/workspace_avgBherer.bed']
2022-06-22 23:37:00,422 INFO segments: reading tracks from 1 files
2022-06-22 23:37:00,422 INFO segments: read 1 tracks from 1 files
2022-06-22 23:37:00,422 INFO annotations: reading tracks from 1 files
2022-06-22 23:37:00,542 INFO annotations: read 1 tracks from 1 files
2022-06-22 23:37:00,546 INFO workspaces: reading tracks from 1 files
2022-06-22 23:37:00,546 INFO workspaces: read 1 tracks from 1 files
2022-06-22 23:37:00,547 INFO collapsing workspaces
2022-06-22 23:37:00,547 INFO isochores: reading isochores from 1 files
2022-06-22 23:37:00,549 INFO intervals loaded in 0 seconds
2022-06-22 23:37:00,549 INFO adding isochores to workspace
2022-06-22 23:37:00,550 INFO collecting observed counts
2022-06-22 23:37:00,550 INFO starting sampling
2022-06-22 23:37:00,550 INFO sampling: merged: 1/1
2022-06-22 23:37:00,550 INFO performing unconditional sampling
2022-06-22 23:37:00,551 INFO workspace without conditioning: 1090 segments, 2678195140 nucleotides
2022-06-22 23:37:00,552 INFO workspace after conditioning: 1090 segments, 2678195140 nucleotides
2022-06-22 23:37:00,552 INFO sampling started
2022-06-22 23:37:00,554 INFO 0/1000 done ( 0.00)
2022-06-22 23:37:00,765 INFO 100/1000 done (10.00)
2022-06-22 23:37:00,991 INFO 200/1000 done (20.00)
2022-06-22 23:37:01,205 INFO 300/1000 done (30.00)
2022-06-22 23:37:01,427 INFO 400/1000 done (40.00)
2022-06-22 23:37:01,654 INFO 500/1000 done (50.00)
2022-06-22 23:37:01,915 INFO 600/1000 done (60.00)
2022-06-22 23:37:02,138 INFO 700/1000 done (70.00)
2022-06-22 23:37:02,353 INFO 800/1000 done (80.00)
2022-06-22 23:37:02,595 INFO 900/1000 done (90.00)
2022-06-22 23:37:02,802 INFO sampling completed
2022-06-22 23:37:02,803 INFO sampling finished
2022-06-22 23:37:02,803 INFO computing PValue statistics
2022-06-22 23:37:02,804 INFO computing FDR statistics
# job finished in 2 seconds at Wed Jun 22 23:37:02 2022 --  3.24  0.07  0.00  0.00 -- 798ab846-bba3-408a-a821-cc4a099e5c3a
# output generated by /home/rgomez/anaconda3/bin/gat-run.py --segments=analysis/20220622_LocationPatterns/GATfiles/Segments/HFNAHR_Med.bed --isochores=analysis/20220622_LocationPatterns/GATfiles/Isochores/isochores_NAHR_Med.bed --annotations=analysis/20220622_LocationPatterns/GATfiles/Annotations/annotations_repeats.bed --workspace=analysis/20220622_LocationPatterns/GATfiles/Workspace/workspace_avgBherer.bed --num-samples=1000 --log=analysis/20220622_LocationPatterns/GATresults/NAHR_Med/log/HFNAHR_Med_annotations_repeats.log --stdout=analysis/20220622_LocationPatterns/GATresults/NAHR_Med/tsv/HFNAHR_Med_annotations_repeats.tsv
# job started at Wed Jun 22 23:38:01 2022 on rgomez-pc -- 12b467e1-8511-4a36-9857-3e952cee4de1
# pid: 29153, system: Linux 5.3.0-7648-generic #41~1586790036~18.04~600aeb5-Ubuntu SMP Mon Apr 13 17:47:15 UTC  x86_64
# annotation_files                        : ['analysis/20220622_LocationPatterns/GATfiles/Annotations/annotations_repeats.bed']
# annotations_label                       : None
# annotations_to_points                   : None
# bucket_size                             : 0
# cache                                   : None
# conditional                             : unconditional
# conditional_expansion                   : None
# conditional_extension                   : None
# counters                                : []
# enable_split_tracks                     : False
# ignore_segment_tracks                   : True
# input_filename_counts                   : None
# input_filename_descriptions             : None
# input_filename_results                  : None
# isochore_files                          : ['analysis/20220622_LocationPatterns/GATfiles/Isochores/isochores_NAHR_Med.bed']
# loglevel                                : 1
# nbuckets                                : 100000
# null                                    : default
# num_samples                             : 1000
# num_threads                             : 0
# output_bed                              : []
# output_counts_pattern                   : None
# output_filename_pattern                 : %s
# output_force                            : False
# output_order                            : fold
# output_plots_pattern                    : None
# output_samples_pattern                  : None
# output_stats                            : []
# output_tables_pattern                   : %s.tsv.gz
# overlapping_annotations                 : False
# pseudo_count                            : 1.0
# pvalue_method                           : empirical
# qvalue_lambda                           : None
# qvalue_method                           : BH
# qvalue_pi0_method                       : smoother
# random_seed                             : None
# restrict_workspace                      : False
# sample_files                            : []
# sampler                                 : annotator
# segment_files                           : ['analysis/20220622_LocationPatterns/GATfiles/Segments/HFNAHR_Med.bed']
# shift_expansion                         : 2.0
# shift_extension                         : 0
# short_help                              : None
# stderr                                  : <_io.TextIOWrapper name='<stderr>' mode='w' encoding='utf-8'>
# stdin                                   : <_io.TextIOWrapper name='<stdin>' mode='r' encoding='utf-8'>
# stdlog                                  : <_io.TextIOWrapper name='analysis/20220622_LocationPatterns/GATresults/NAHR_Med/log/HFNAHR_Med_annotations_repeats.log' mode='a' encoding='UTF-8'>
# stdout                                  : <_io.TextIOWrapper name='analysis/20220622_LocationPatterns/GATresults/NAHR_Med/tsv/HFNAHR_Med_annotations_repeats.tsv' mode='w' encoding='UTF-8'>
# timeit_file                             : None
# timeit_header                           : None
# timeit_name                             : all
# truncate_segments_to_workspace          : False
# truncate_workspace_to_annotations       : False
# workspace_files                         : ['analysis/20220622_LocationPatterns/GATfiles/Workspace/workspace_avgBherer.bed']
2022-06-22 23:38:01,234 INFO segments: reading tracks from 1 files
2022-06-22 23:38:01,234 INFO segments: read 1 tracks from 1 files
2022-06-22 23:38:01,234 INFO annotations: reading tracks from 1 files
2022-06-22 23:38:01,344 INFO annotations: read 1 tracks from 1 files
2022-06-22 23:38:01,348 INFO workspaces: reading tracks from 1 files
2022-06-22 23:38:01,348 INFO workspaces: read 1 tracks from 1 files
2022-06-22 23:38:01,348 INFO collapsing workspaces
2022-06-22 23:38:01,348 INFO isochores: reading isochores from 1 files
2022-06-22 23:38:01,350 INFO intervals loaded in 0 seconds
2022-06-22 23:38:01,350 INFO adding isochores to workspace
2022-06-22 23:38:01,351 INFO collecting observed counts
2022-06-22 23:38:01,351 INFO starting sampling
2022-06-22 23:38:01,351 INFO sampling: merged: 1/1
2022-06-22 23:38:01,351 INFO performing unconditional sampling
2022-06-22 23:38:01,351 INFO workspace without conditioning: 1090 segments, 2678195140 nucleotides
2022-06-22 23:38:01,351 INFO workspace after conditioning: 1090 segments, 2678195140 nucleotides
2022-06-22 23:38:01,352 INFO sampling started
2022-06-22 23:38:01,356 INFO 0/1000 done ( 0.00)
2022-06-22 23:38:01,541 INFO 100/1000 done (10.00)
2022-06-22 23:38:01,707 INFO 200/1000 done (20.00)
2022-06-22 23:38:01,878 INFO 300/1000 done (30.00)
2022-06-22 23:38:02,064 INFO 400/1000 done (40.00)
2022-06-22 23:38:02,221 INFO 500/1000 done (50.00)
2022-06-22 23:38:02,386 INFO 600/1000 done (60.00)
2022-06-22 23:38:02,562 INFO 700/1000 done (70.00)
2022-06-22 23:38:02,741 INFO 800/1000 done (80.00)
2022-06-22 23:38:02,912 INFO 900/1000 done (90.00)
2022-06-22 23:38:03,073 INFO sampling completed
2022-06-22 23:38:03,074 INFO sampling finished
2022-06-22 23:38:03,074 INFO computing PValue statistics
2022-06-22 23:38:03,075 INFO computing FDR statistics
# job finished in 1 seconds at Wed Jun 22 23:38:03 2022 --  2.55  0.05  0.00  0.00 -- 12b467e1-8511-4a36-9857-3e952cee4de1
# output generated by /home/rgomez/anaconda3/bin/gat-run.py --segments=analysis/20220622_LocationPatterns/GATfiles/Segments/HFNAHR_Med.bed --isochores=analysis/20220622_LocationPatterns/GATfiles/Isochores/isochores_NAHR_Med.bed --annotations=analysis/20220622_LocationPatterns/GATfiles/Annotations/annotations_repeats.bed --workspace=analysis/20220622_LocationPatterns/GATfiles/Workspace/workspace_avgBherer.bed --num-samples=1000 --log=analysis/20220622_LocationPatterns/GATresults/NAHR_Med/log/HFNAHR_Med_annotations_repeats.log --stdout=analysis/20220622_LocationPatterns/GATresults/NAHR_Med/tsv/HFNAHR_Med_annotations_repeats.tsv
# job started at Wed Jun 22 23:39:11 2022 on rgomez-pc -- ab6e7edd-02bc-4f56-913a-b843eeda360f
# pid: 29457, system: Linux 5.3.0-7648-generic #41~1586790036~18.04~600aeb5-Ubuntu SMP Mon Apr 13 17:47:15 UTC  x86_64
# annotation_files                        : ['analysis/20220622_LocationPatterns/GATfiles/Annotations/annotations_repeats.bed']
# annotations_label                       : None
# annotations_to_points                   : None
# bucket_size                             : 0
# cache                                   : None
# conditional                             : unconditional
# conditional_expansion                   : None
# conditional_extension                   : None
# counters                                : []
# enable_split_tracks                     : False
# ignore_segment_tracks                   : True
# input_filename_counts                   : None
# input_filename_descriptions             : None
# input_filename_results                  : None
# isochore_files                          : ['analysis/20220622_LocationPatterns/GATfiles/Isochores/isochores_NAHR_Med.bed']
# loglevel                                : 1
# nbuckets                                : 100000
# null                                    : default
# num_samples                             : 1000
# num_threads                             : 0
# output_bed                              : []
# output_counts_pattern                   : None
# output_filename_pattern                 : %s
# output_force                            : False
# output_order                            : fold
# output_plots_pattern                    : None
# output_samples_pattern                  : None
# output_stats                            : []
# output_tables_pattern                   : %s.tsv.gz
# overlapping_annotations                 : False
# pseudo_count                            : 1.0
# pvalue_method                           : empirical
# qvalue_lambda                           : None
# qvalue_method                           : BH
# qvalue_pi0_method                       : smoother
# random_seed                             : None
# restrict_workspace                      : False
# sample_files                            : []
# sampler                                 : annotator
# segment_files                           : ['analysis/20220622_LocationPatterns/GATfiles/Segments/HFNAHR_Med.bed']
# shift_expansion                         : 2.0
# shift_extension                         : 0
# short_help                              : None
# stderr                                  : <_io.TextIOWrapper name='<stderr>' mode='w' encoding='utf-8'>
# stdin                                   : <_io.TextIOWrapper name='<stdin>' mode='r' encoding='utf-8'>
# stdlog                                  : <_io.TextIOWrapper name='analysis/20220622_LocationPatterns/GATresults/NAHR_Med/log/HFNAHR_Med_annotations_repeats.log' mode='a' encoding='UTF-8'>
# stdout                                  : <_io.TextIOWrapper name='analysis/20220622_LocationPatterns/GATresults/NAHR_Med/tsv/HFNAHR_Med_annotations_repeats.tsv' mode='w' encoding='UTF-8'>
# timeit_file                             : None
# timeit_header                           : None
# timeit_name                             : all
# truncate_segments_to_workspace          : False
# truncate_workspace_to_annotations       : False
# workspace_files                         : ['analysis/20220622_LocationPatterns/GATfiles/Workspace/workspace_avgBherer.bed']
2022-06-22 23:39:11,316 INFO segments: reading tracks from 1 files
2022-06-22 23:39:11,316 INFO segments: read 1 tracks from 1 files
2022-06-22 23:39:11,316 INFO annotations: reading tracks from 1 files
2022-06-22 23:39:11,435 INFO annotations: read 1 tracks from 1 files
2022-06-22 23:39:11,438 INFO workspaces: reading tracks from 1 files
2022-06-22 23:39:11,439 INFO workspaces: read 1 tracks from 1 files
2022-06-22 23:39:11,439 INFO collapsing workspaces
2022-06-22 23:39:11,439 INFO isochores: reading isochores from 1 files
2022-06-22 23:39:11,441 INFO intervals loaded in 0 seconds
2022-06-22 23:39:11,441 INFO adding isochores to workspace
2022-06-22 23:39:11,441 INFO collecting observed counts
2022-06-22 23:39:11,441 INFO starting sampling
2022-06-22 23:39:11,441 INFO sampling: merged: 1/1
2022-06-22 23:39:11,441 INFO performing unconditional sampling
2022-06-22 23:39:11,442 INFO workspace without conditioning: 1090 segments, 2678195140 nucleotides
2022-06-22 23:39:11,442 INFO workspace after conditioning: 1090 segments, 2678195140 nucleotides
2022-06-22 23:39:11,442 INFO sampling started
2022-06-22 23:39:11,444 INFO 0/1000 done ( 0.00)
2022-06-22 23:39:11,605 INFO 100/1000 done (10.00)
2022-06-22 23:39:11,785 INFO 200/1000 done (20.00)
2022-06-22 23:39:11,955 INFO 300/1000 done (30.00)
2022-06-22 23:39:12,123 INFO 400/1000 done (40.00)
2022-06-22 23:39:12,285 INFO 500/1000 done (50.00)
2022-06-22 23:39:12,460 INFO 600/1000 done (60.00)
2022-06-22 23:39:12,630 INFO 700/1000 done (70.00)
2022-06-22 23:39:12,809 INFO 800/1000 done (80.00)
2022-06-22 23:39:12,973 INFO 900/1000 done (90.00)
2022-06-22 23:39:13,129 INFO sampling completed
2022-06-22 23:39:13,129 INFO sampling finished
2022-06-22 23:39:13,129 INFO computing PValue statistics
2022-06-22 23:39:13,130 INFO computing FDR statistics
# job finished in 1 seconds at Wed Jun 22 23:39:13 2022 --  2.53  0.04  0.00  0.00 -- ab6e7edd-02bc-4f56-913a-b843eeda360f
# output generated by /home/rgomez/anaconda3/bin/gat-run.py --segments=analysis/20220622_LocationPatterns/GATfiles/Segments/HFNAHR_Med.bed --isochores=analysis/20220622_LocationPatterns/GATfiles/Isochores/isochores_NAHR_Med.bed --annotations=analysis/20220622_LocationPatterns/GATfiles/Annotations/annotations_repeats.bed --workspace=analysis/20220622_LocationPatterns/GATfiles/Workspace/workspace_avgBherer.bed --num-samples=1000 --log=analysis/20220622_LocationPatterns/GATresults/NAHR_Med/log/HFNAHR_Med_annotations_repeats.log --stdout=analysis/20220622_LocationPatterns/GATresults/NAHR_Med/tsv/HFNAHR_Med_annotations_repeats.tsv
# job started at Wed Jun 22 23:40:20 2022 on rgomez-pc -- dc99d48a-52c2-44be-85bd-70f9fb7ff260
# pid: 29627, system: Linux 5.3.0-7648-generic #41~1586790036~18.04~600aeb5-Ubuntu SMP Mon Apr 13 17:47:15 UTC  x86_64
# annotation_files                        : ['analysis/20220622_LocationPatterns/GATfiles/Annotations/annotations_repeats.bed']
# annotations_label                       : None
# annotations_to_points                   : None
# bucket_size                             : 0
# cache                                   : None
# conditional                             : unconditional
# conditional_expansion                   : None
# conditional_extension                   : None
# counters                                : []
# enable_split_tracks                     : False
# ignore_segment_tracks                   : True
# input_filename_counts                   : None
# input_filename_descriptions             : None
# input_filename_results                  : None
# isochore_files                          : ['analysis/20220622_LocationPatterns/GATfiles/Isochores/isochores_NAHR_Med.bed']
# loglevel                                : 1
# nbuckets                                : 100000
# null                                    : default
# num_samples                             : 1000
# num_threads                             : 0
# output_bed                              : []
# output_counts_pattern                   : None
# output_filename_pattern                 : %s
# output_force                            : False
# output_order                            : fold
# output_plots_pattern                    : None
# output_samples_pattern                  : None
# output_stats                            : []
# output_tables_pattern                   : %s.tsv.gz
# overlapping_annotations                 : False
# pseudo_count                            : 1.0
# pvalue_method                           : empirical
# qvalue_lambda                           : None
# qvalue_method                           : BH
# qvalue_pi0_method                       : smoother
# random_seed                             : None
# restrict_workspace                      : False
# sample_files                            : []
# sampler                                 : annotator
# segment_files                           : ['analysis/20220622_LocationPatterns/GATfiles/Segments/HFNAHR_Med.bed']
# shift_expansion                         : 2.0
# shift_extension                         : 0
# short_help                              : None
# stderr                                  : <_io.TextIOWrapper name='<stderr>' mode='w' encoding='utf-8'>
# stdin                                   : <_io.TextIOWrapper name='<stdin>' mode='r' encoding='utf-8'>
# stdlog                                  : <_io.TextIOWrapper name='analysis/20220622_LocationPatterns/GATresults/NAHR_Med/log/HFNAHR_Med_annotations_repeats.log' mode='a' encoding='UTF-8'>
# stdout                                  : <_io.TextIOWrapper name='analysis/20220622_LocationPatterns/GATresults/NAHR_Med/tsv/HFNAHR_Med_annotations_repeats.tsv' mode='w' encoding='UTF-8'>
# timeit_file                             : None
# timeit_header                           : None
# timeit_name                             : all
# truncate_segments_to_workspace          : False
# truncate_workspace_to_annotations       : False
# workspace_files                         : ['analysis/20220622_LocationPatterns/GATfiles/Workspace/workspace_avgBherer.bed']
2022-06-22 23:40:20,506 INFO segments: reading tracks from 1 files
2022-06-22 23:40:20,506 INFO segments: read 1 tracks from 1 files
2022-06-22 23:40:20,506 INFO annotations: reading tracks from 1 files
2022-06-22 23:40:20,616 INFO annotations: read 1 tracks from 1 files
2022-06-22 23:40:20,620 INFO workspaces: reading tracks from 1 files
2022-06-22 23:40:20,620 INFO workspaces: read 1 tracks from 1 files
2022-06-22 23:40:20,620 INFO collapsing workspaces
2022-06-22 23:40:20,620 INFO isochores: reading isochores from 1 files
2022-06-22 23:40:20,622 INFO intervals loaded in 0 seconds
2022-06-22 23:40:20,622 INFO adding isochores to workspace
2022-06-22 23:40:20,622 INFO collecting observed counts
2022-06-22 23:40:20,622 INFO starting sampling
2022-06-22 23:40:20,622 INFO sampling: merged: 1/1
2022-06-22 23:40:20,622 INFO performing unconditional sampling
2022-06-22 23:40:20,623 INFO workspace without conditioning: 1090 segments, 2678195140 nucleotides
2022-06-22 23:40:20,623 INFO workspace after conditioning: 1090 segments, 2678195140 nucleotides
2022-06-22 23:40:20,624 INFO sampling started
2022-06-22 23:40:20,627 INFO 0/1000 done ( 0.00)
2022-06-22 23:40:20,910 INFO 100/1000 done (10.00)
2022-06-22 23:40:21,195 INFO 200/1000 done (20.00)
2022-06-22 23:40:21,474 INFO 300/1000 done (30.00)
2022-06-22 23:40:21,750 INFO 400/1000 done (40.00)
2022-06-22 23:40:22,022 INFO 500/1000 done (50.00)
2022-06-22 23:40:22,297 INFO 600/1000 done (60.00)
2022-06-22 23:40:22,571 INFO 700/1000 done (70.00)
2022-06-22 23:40:22,841 INFO 800/1000 done (80.00)
2022-06-22 23:40:23,100 INFO 900/1000 done (90.00)
2022-06-22 23:40:23,377 INFO sampling completed
2022-06-22 23:40:23,378 INFO sampling finished
2022-06-22 23:40:23,378 INFO computing PValue statistics
2022-06-22 23:40:23,379 INFO computing FDR statistics
# job finished in 2 seconds at Wed Jun 22 23:40:23 2022 --  3.61  0.02  0.00  0.00 -- dc99d48a-52c2-44be-85bd-70f9fb7ff260
# output generated by /home/rgomez/anaconda3/bin/gat-run.py --segments=analysis/20220622_LocationPatterns/GATfiles/Segments/HFNAHR_Med.bed --isochores=analysis/20220622_LocationPatterns/GATfiles/Isochores/isochores_NAHR_Med.bed --annotations=analysis/20220622_LocationPatterns/GATfiles/Annotations/annotations_repeats.bed --workspace=analysis/20220622_LocationPatterns/GATfiles/Workspace/workspace_avgBherer.bed --num-samples=1000 --log=analysis/20220622_LocationPatterns/GATresults/NAHR_Med/log/HFNAHR_Med_annotations_repeats.log --stdout=analysis/20220622_LocationPatterns/GATresults/NAHR_Med/tsv/HFNAHR_Med_annotations_repeats.tsv
# job started at Wed Jun 22 23:41:40 2022 on rgomez-pc -- da456c7c-a843-492c-89ed-c673a16c57ba
# pid: 29797, system: Linux 5.3.0-7648-generic #41~1586790036~18.04~600aeb5-Ubuntu SMP Mon Apr 13 17:47:15 UTC  x86_64
# annotation_files                        : ['analysis/20220622_LocationPatterns/GATfiles/Annotations/annotations_repeats.bed']
# annotations_label                       : None
# annotations_to_points                   : None
# bucket_size                             : 0
# cache                                   : None
# conditional                             : unconditional
# conditional_expansion                   : None
# conditional_extension                   : None
# counters                                : []
# enable_split_tracks                     : False
# ignore_segment_tracks                   : True
# input_filename_counts                   : None
# input_filename_descriptions             : None
# input_filename_results                  : None
# isochore_files                          : ['analysis/20220622_LocationPatterns/GATfiles/Isochores/isochores_NAHR_Med.bed']
# loglevel                                : 1
# nbuckets                                : 100000
# null                                    : default
# num_samples                             : 1000
# num_threads                             : 0
# output_bed                              : []
# output_counts_pattern                   : None
# output_filename_pattern                 : %s
# output_force                            : False
# output_order                            : fold
# output_plots_pattern                    : None
# output_samples_pattern                  : None
# output_stats                            : []
# output_tables_pattern                   : %s.tsv.gz
# overlapping_annotations                 : False
# pseudo_count                            : 1.0
# pvalue_method                           : empirical
# qvalue_lambda                           : None
# qvalue_method                           : BH
# qvalue_pi0_method                       : smoother
# random_seed                             : None
# restrict_workspace                      : False
# sample_files                            : []
# sampler                                 : annotator
# segment_files                           : ['analysis/20220622_LocationPatterns/GATfiles/Segments/HFNAHR_Med.bed']
# shift_expansion                         : 2.0
# shift_extension                         : 0
# short_help                              : None
# stderr                                  : <_io.TextIOWrapper name='<stderr>' mode='w' encoding='utf-8'>
# stdin                                   : <_io.TextIOWrapper name='<stdin>' mode='r' encoding='utf-8'>
# stdlog                                  : <_io.TextIOWrapper name='analysis/20220622_LocationPatterns/GATresults/NAHR_Med/log/HFNAHR_Med_annotations_repeats.log' mode='a' encoding='UTF-8'>
# stdout                                  : <_io.TextIOWrapper name='analysis/20220622_LocationPatterns/GATresults/NAHR_Med/tsv/HFNAHR_Med_annotations_repeats.tsv' mode='w' encoding='UTF-8'>
# timeit_file                             : None
# timeit_header                           : None
# timeit_name                             : all
# truncate_segments_to_workspace          : False
# truncate_workspace_to_annotations       : False
# workspace_files                         : ['analysis/20220622_LocationPatterns/GATfiles/Workspace/workspace_avgBherer.bed']
2022-06-22 23:41:40,991 INFO segments: reading tracks from 1 files
2022-06-22 23:41:40,991 INFO segments: read 1 tracks from 1 files
2022-06-22 23:41:40,991 INFO annotations: reading tracks from 1 files
2022-06-22 23:41:41,118 INFO annotations: read 1 tracks from 1 files
2022-06-22 23:41:41,122 INFO workspaces: reading tracks from 1 files
2022-06-22 23:41:41,123 INFO workspaces: read 1 tracks from 1 files
2022-06-22 23:41:41,123 INFO collapsing workspaces
2022-06-22 23:41:41,123 INFO isochores: reading isochores from 1 files
2022-06-22 23:41:41,125 INFO intervals loaded in 0 seconds
2022-06-22 23:41:41,125 INFO adding isochores to workspace
2022-06-22 23:41:41,125 INFO collecting observed counts
2022-06-22 23:41:41,126 INFO starting sampling
2022-06-22 23:41:41,126 INFO sampling: merged: 1/1
2022-06-22 23:41:41,126 INFO performing unconditional sampling
2022-06-22 23:41:41,126 INFO workspace without conditioning: 1090 segments, 2678195140 nucleotides
2022-06-22 23:41:41,126 INFO workspace after conditioning: 1090 segments, 2678195140 nucleotides
2022-06-22 23:41:41,127 INFO sampling started
2022-06-22 23:41:41,130 INFO 0/1000 done ( 0.00)
2022-06-22 23:41:41,464 INFO 100/1000 done (10.00)
2022-06-22 23:41:41,802 INFO 200/1000 done (20.00)
2022-06-22 23:41:42,118 INFO 300/1000 done (30.00)
2022-06-22 23:41:42,433 INFO 400/1000 done (40.00)
2022-06-22 23:41:42,749 INFO 500/1000 done (50.00)
2022-06-22 23:41:43,080 INFO 600/1000 done (60.00)
2022-06-22 23:41:43,388 INFO 700/1000 done (70.00)
2022-06-22 23:41:43,714 INFO 800/1000 done (80.00)
2022-06-22 23:41:44,017 INFO 900/1000 done (90.00)
2022-06-22 23:41:44,327 INFO sampling completed
2022-06-22 23:41:44,328 INFO sampling finished
2022-06-22 23:41:44,328 INFO computing PValue statistics
2022-06-22 23:41:44,329 INFO computing FDR statistics
# job finished in 3 seconds at Wed Jun 22 23:41:44 2022 --  4.18  0.06  0.00  0.00 -- da456c7c-a843-492c-89ed-c673a16c57ba
