# output generated by /home/rgomez/anaconda3/bin/gat-run.py --segments=analysis/20220622_LocationPatterns/GATfiles/Segments/LFNAHR_Med.bed --isochores=analysis/20220622_LocationPatterns/GATfiles/Isochores/isochores_NAHR_Med.bed --annotations=analysis/20220622_LocationPatterns/GATfiles/Annotations/annotations_repeats.bed --workspace=analysis/20220622_LocationPatterns/GATfiles/Workspace/workspace_avgBherer.bed --num-samples=1000 --log=analysis/20220622_LocationPatterns/GATresults/NAHR_Med/log/LFNAHR_Med_annotations_repeats.log --stdout=analysis/20220622_LocationPatterns/GATresults/NAHR_Med/tsv/LFNAHR_Med_annotations_repeats.tsv
# job started at Wed Jun 22 23:11:31 2022 on rgomez-pc -- 5ba78bd3-b7ca-4e97-8eb5-e66640ed9098
# pid: 27035, system: Linux 5.3.0-7648-generic #41~1586790036~18.04~600aeb5-Ubuntu SMP Mon Apr 13 17:47:15 UTC  x86_64
# annotation_files                        : ['analysis/20220622_LocationPatterns/GATfiles/Annotations/annotations_repeats.bed']
# annotations_label                       : None
# annotations_to_points                   : None
# bucket_size                             : 0
# cache                                   : None
# conditional                             : unconditional
# conditional_expansion                   : None
# conditional_extension                   : None
# counters                                : []
# enable_split_tracks                     : False
# ignore_segment_tracks                   : True
# input_filename_counts                   : None
# input_filename_descriptions             : None
# input_filename_results                  : None
# isochore_files                          : ['analysis/20220622_LocationPatterns/GATfiles/Isochores/isochores_NAHR_Med.bed']
# loglevel                                : 1
# nbuckets                                : 100000
# null                                    : default
# num_samples                             : 1000
# num_threads                             : 0
# output_bed                              : []
# output_counts_pattern                   : None
# output_filename_pattern                 : %s
# output_force                            : False
# output_order                            : fold
# output_plots_pattern                    : None
# output_samples_pattern                  : None
# output_stats                            : []
# output_tables_pattern                   : %s.tsv.gz
# overlapping_annotations                 : False
# pseudo_count                            : 1.0
# pvalue_method                           : empirical
# qvalue_lambda                           : None
# qvalue_method                           : BH
# qvalue_pi0_method                       : smoother
# random_seed                             : None
# restrict_workspace                      : False
# sample_files                            : []
# sampler                                 : annotator
# segment_files                           : ['analysis/20220622_LocationPatterns/GATfiles/Segments/LFNAHR_Med.bed']
# shift_expansion                         : 2.0
# shift_extension                         : 0
# short_help                              : None
# stderr                                  : <_io.TextIOWrapper name='<stderr>' mode='w' encoding='utf-8'>
# stdin                                   : <_io.TextIOWrapper name='<stdin>' mode='r' encoding='utf-8'>
# stdlog                                  : <_io.TextIOWrapper name='analysis/20220622_LocationPatterns/GATresults/NAHR_Med/log/LFNAHR_Med_annotations_repeats.log' mode='a' encoding='UTF-8'>
# stdout                                  : <_io.TextIOWrapper name='analysis/20220622_LocationPatterns/GATresults/NAHR_Med/tsv/LFNAHR_Med_annotations_repeats.tsv' mode='w' encoding='UTF-8'>
# timeit_file                             : None
# timeit_header                           : None
# timeit_name                             : all
# truncate_segments_to_workspace          : False
# truncate_workspace_to_annotations       : False
# workspace_files                         : ['analysis/20220622_LocationPatterns/GATfiles/Workspace/workspace_avgBherer.bed']
2022-06-22 23:11:31,534 INFO segments: reading tracks from 1 files
2022-06-22 23:11:31,534 INFO segments: read 1 tracks from 1 files
2022-06-22 23:11:31,534 INFO annotations: reading tracks from 1 files
2022-06-22 23:11:31,649 INFO annotations: read 1 tracks from 1 files
2022-06-22 23:11:31,653 INFO workspaces: reading tracks from 1 files
2022-06-22 23:11:31,653 INFO workspaces: read 1 tracks from 1 files
2022-06-22 23:11:31,653 INFO collapsing workspaces
2022-06-22 23:11:31,653 INFO isochores: reading isochores from 1 files
2022-06-22 23:11:31,655 INFO intervals loaded in 0 seconds
2022-06-22 23:11:31,655 INFO adding isochores to workspace
2022-06-22 23:11:31,656 INFO collecting observed counts
2022-06-22 23:11:31,656 INFO starting sampling
2022-06-22 23:11:31,656 INFO sampling: merged: 1/1
2022-06-22 23:11:31,656 INFO performing unconditional sampling
2022-06-22 23:11:31,656 INFO workspace without conditioning: 1090 segments, 2678195140 nucleotides
2022-06-22 23:11:31,656 INFO workspace after conditioning: 1090 segments, 2678195140 nucleotides
2022-06-22 23:11:31,657 INFO sampling started
2022-06-22 23:11:31,658 INFO 0/1000 done ( 0.00)
2022-06-22 23:11:31,736 INFO 100/1000 done (10.00)
2022-06-22 23:11:31,816 INFO 200/1000 done (20.00)
2022-06-22 23:11:31,892 INFO 300/1000 done (30.00)
2022-06-22 23:11:31,969 INFO 400/1000 done (40.00)
2022-06-22 23:11:32,054 INFO 500/1000 done (50.00)
2022-06-22 23:11:32,136 INFO 600/1000 done (60.00)
2022-06-22 23:11:32,217 INFO 700/1000 done (70.00)
2022-06-22 23:11:32,295 INFO 800/1000 done (80.00)
2022-06-22 23:11:32,378 INFO 900/1000 done (90.00)
2022-06-22 23:11:32,463 INFO sampling completed
2022-06-22 23:11:32,464 INFO sampling finished
2022-06-22 23:11:32,464 INFO computing PValue statistics
2022-06-22 23:11:32,465 INFO computing FDR statistics
# job finished in 0 seconds at Wed Jun 22 23:11:32 2022 --  1.68  0.05  0.00  0.00 -- 5ba78bd3-b7ca-4e97-8eb5-e66640ed9098
# output generated by /home/rgomez/anaconda3/bin/gat-run.py --segments=analysis/20220622_LocationPatterns/GATfiles/Segments/LFNAHR_Med.bed --isochores=analysis/20220622_LocationPatterns/GATfiles/Isochores/isochores_NAHR_Med.bed --annotations=analysis/20220622_LocationPatterns/GATfiles/Annotations/annotations_repeats.bed --workspace=analysis/20220622_LocationPatterns/GATfiles/Workspace/workspace_avgBherer.bed --num-samples=1000 --log=analysis/20220622_LocationPatterns/GATresults/NAHR_Med/log/LFNAHR_Med_annotations_repeats.log --stdout=analysis/20220622_LocationPatterns/GATresults/NAHR_Med/tsv/LFNAHR_Med_annotations_repeats.tsv
# job started at Wed Jun 22 23:12:55 2022 on rgomez-pc -- 3b74f036-6e82-47e4-8703-60ee58e0b6d8
# pid: 27208, system: Linux 5.3.0-7648-generic #41~1586790036~18.04~600aeb5-Ubuntu SMP Mon Apr 13 17:47:15 UTC  x86_64
# annotation_files                        : ['analysis/20220622_LocationPatterns/GATfiles/Annotations/annotations_repeats.bed']
# annotations_label                       : None
# annotations_to_points                   : None
# bucket_size                             : 0
# cache                                   : None
# conditional                             : unconditional
# conditional_expansion                   : None
# conditional_extension                   : None
# counters                                : []
# enable_split_tracks                     : False
# ignore_segment_tracks                   : True
# input_filename_counts                   : None
# input_filename_descriptions             : None
# input_filename_results                  : None
# isochore_files                          : ['analysis/20220622_LocationPatterns/GATfiles/Isochores/isochores_NAHR_Med.bed']
# loglevel                                : 1
# nbuckets                                : 100000
# null                                    : default
# num_samples                             : 1000
# num_threads                             : 0
# output_bed                              : []
# output_counts_pattern                   : None
# output_filename_pattern                 : %s
# output_force                            : False
# output_order                            : fold
# output_plots_pattern                    : None
# output_samples_pattern                  : None
# output_stats                            : []
# output_tables_pattern                   : %s.tsv.gz
# overlapping_annotations                 : False
# pseudo_count                            : 1.0
# pvalue_method                           : empirical
# qvalue_lambda                           : None
# qvalue_method                           : BH
# qvalue_pi0_method                       : smoother
# random_seed                             : None
# restrict_workspace                      : False
# sample_files                            : []
# sampler                                 : annotator
# segment_files                           : ['analysis/20220622_LocationPatterns/GATfiles/Segments/LFNAHR_Med.bed']
# shift_expansion                         : 2.0
# shift_extension                         : 0
# short_help                              : None
# stderr                                  : <_io.TextIOWrapper name='<stderr>' mode='w' encoding='utf-8'>
# stdin                                   : <_io.TextIOWrapper name='<stdin>' mode='r' encoding='utf-8'>
# stdlog                                  : <_io.TextIOWrapper name='analysis/20220622_LocationPatterns/GATresults/NAHR_Med/log/LFNAHR_Med_annotations_repeats.log' mode='a' encoding='UTF-8'>
# stdout                                  : <_io.TextIOWrapper name='analysis/20220622_LocationPatterns/GATresults/NAHR_Med/tsv/LFNAHR_Med_annotations_repeats.tsv' mode='w' encoding='UTF-8'>
# timeit_file                             : None
# timeit_header                           : None
# timeit_name                             : all
# truncate_segments_to_workspace          : False
# truncate_workspace_to_annotations       : False
# workspace_files                         : ['analysis/20220622_LocationPatterns/GATfiles/Workspace/workspace_avgBherer.bed']
2022-06-22 23:12:55,121 INFO segments: reading tracks from 1 files
2022-06-22 23:12:55,121 INFO segments: read 1 tracks from 1 files
2022-06-22 23:12:55,121 INFO annotations: reading tracks from 1 files
2022-06-22 23:12:55,233 INFO annotations: read 1 tracks from 1 files
2022-06-22 23:12:55,237 INFO workspaces: reading tracks from 1 files
2022-06-22 23:12:55,237 INFO workspaces: read 1 tracks from 1 files
2022-06-22 23:12:55,237 INFO collapsing workspaces
2022-06-22 23:12:55,237 INFO isochores: reading isochores from 1 files
2022-06-22 23:12:55,239 INFO intervals loaded in 0 seconds
2022-06-22 23:12:55,239 INFO adding isochores to workspace
2022-06-22 23:12:55,239 INFO collecting observed counts
2022-06-22 23:12:55,239 INFO starting sampling
2022-06-22 23:12:55,239 INFO sampling: merged: 1/1
2022-06-22 23:12:55,239 INFO performing unconditional sampling
2022-06-22 23:12:55,240 INFO workspace without conditioning: 1090 segments, 2678195140 nucleotides
2022-06-22 23:12:55,240 INFO workspace after conditioning: 1090 segments, 2678195140 nucleotides
2022-06-22 23:12:55,240 INFO sampling started
2022-06-22 23:12:55,242 INFO 0/1000 done ( 0.00)
2022-06-22 23:12:55,318 INFO 100/1000 done (10.00)
2022-06-22 23:12:55,394 INFO 200/1000 done (20.00)
2022-06-22 23:12:55,470 INFO 300/1000 done (30.00)
2022-06-22 23:12:55,547 INFO 400/1000 done (40.00)
2022-06-22 23:12:55,623 INFO 500/1000 done (50.00)
2022-06-22 23:12:55,698 INFO 600/1000 done (60.00)
2022-06-22 23:12:55,774 INFO 700/1000 done (70.00)
2022-06-22 23:12:55,850 INFO 800/1000 done (80.00)
2022-06-22 23:12:55,926 INFO 900/1000 done (90.00)
2022-06-22 23:12:56,003 INFO sampling completed
2022-06-22 23:12:56,004 INFO sampling finished
2022-06-22 23:12:56,004 INFO computing PValue statistics
2022-06-22 23:12:56,004 INFO computing FDR statistics
# job finished in 0 seconds at Wed Jun 22 23:12:56 2022 --  1.61  0.03  0.00  0.00 -- 3b74f036-6e82-47e4-8703-60ee58e0b6d8
# output generated by /home/rgomez/anaconda3/bin/gat-run.py --segments=analysis/20220622_LocationPatterns/GATfiles/Segments/LFNAHR_Med.bed --isochores=analysis/20220622_LocationPatterns/GATfiles/Isochores/isochores_NAHR_Med.bed --annotations=analysis/20220622_LocationPatterns/GATfiles/Annotations/annotations_repeats.bed --workspace=analysis/20220622_LocationPatterns/GATfiles/Workspace/workspace_avgBherer.bed --num-samples=1000 --log=analysis/20220622_LocationPatterns/GATresults/NAHR_Med/log/LFNAHR_Med_annotations_repeats.log --stdout=analysis/20220622_LocationPatterns/GATresults/NAHR_Med/tsv/LFNAHR_Med_annotations_repeats.tsv
# job started at Wed Jun 22 23:14:32 2022 on rgomez-pc -- c1ddecef-6c63-43ec-9997-b2ac9979be68
# pid: 27366, system: Linux 5.3.0-7648-generic #41~1586790036~18.04~600aeb5-Ubuntu SMP Mon Apr 13 17:47:15 UTC  x86_64
# annotation_files                        : ['analysis/20220622_LocationPatterns/GATfiles/Annotations/annotations_repeats.bed']
# annotations_label                       : None
# annotations_to_points                   : None
# bucket_size                             : 0
# cache                                   : None
# conditional                             : unconditional
# conditional_expansion                   : None
# conditional_extension                   : None
# counters                                : []
# enable_split_tracks                     : False
# ignore_segment_tracks                   : True
# input_filename_counts                   : None
# input_filename_descriptions             : None
# input_filename_results                  : None
# isochore_files                          : ['analysis/20220622_LocationPatterns/GATfiles/Isochores/isochores_NAHR_Med.bed']
# loglevel                                : 1
# nbuckets                                : 100000
# null                                    : default
# num_samples                             : 1000
# num_threads                             : 0
# output_bed                              : []
# output_counts_pattern                   : None
# output_filename_pattern                 : %s
# output_force                            : False
# output_order                            : fold
# output_plots_pattern                    : None
# output_samples_pattern                  : None
# output_stats                            : []
# output_tables_pattern                   : %s.tsv.gz
# overlapping_annotations                 : False
# pseudo_count                            : 1.0
# pvalue_method                           : empirical
# qvalue_lambda                           : None
# qvalue_method                           : BH
# qvalue_pi0_method                       : smoother
# random_seed                             : None
# restrict_workspace                      : False
# sample_files                            : []
# sampler                                 : annotator
# segment_files                           : ['analysis/20220622_LocationPatterns/GATfiles/Segments/LFNAHR_Med.bed']
# shift_expansion                         : 2.0
# shift_extension                         : 0
# short_help                              : None
# stderr                                  : <_io.TextIOWrapper name='<stderr>' mode='w' encoding='utf-8'>
# stdin                                   : <_io.TextIOWrapper name='<stdin>' mode='r' encoding='utf-8'>
# stdlog                                  : <_io.TextIOWrapper name='analysis/20220622_LocationPatterns/GATresults/NAHR_Med/log/LFNAHR_Med_annotations_repeats.log' mode='a' encoding='UTF-8'>
# stdout                                  : <_io.TextIOWrapper name='analysis/20220622_LocationPatterns/GATresults/NAHR_Med/tsv/LFNAHR_Med_annotations_repeats.tsv' mode='w' encoding='UTF-8'>
# timeit_file                             : None
# timeit_header                           : None
# timeit_name                             : all
# truncate_segments_to_workspace          : False
# truncate_workspace_to_annotations       : False
# workspace_files                         : ['analysis/20220622_LocationPatterns/GATfiles/Workspace/workspace_avgBherer.bed']
2022-06-22 23:14:32,439 INFO segments: reading tracks from 1 files
2022-06-22 23:14:32,439 INFO segments: read 1 tracks from 1 files
2022-06-22 23:14:32,439 INFO annotations: reading tracks from 1 files
2022-06-22 23:14:32,557 INFO annotations: read 1 tracks from 1 files
2022-06-22 23:14:32,561 INFO workspaces: reading tracks from 1 files
2022-06-22 23:14:32,562 INFO workspaces: read 1 tracks from 1 files
2022-06-22 23:14:32,562 INFO collapsing workspaces
2022-06-22 23:14:32,562 INFO isochores: reading isochores from 1 files
2022-06-22 23:14:32,563 INFO intervals loaded in 0 seconds
2022-06-22 23:14:32,564 INFO adding isochores to workspace
2022-06-22 23:14:32,564 INFO collecting observed counts
2022-06-22 23:14:32,564 INFO starting sampling
2022-06-22 23:14:32,564 INFO sampling: merged: 1/1
2022-06-22 23:14:32,564 INFO performing unconditional sampling
2022-06-22 23:14:32,564 INFO workspace without conditioning: 1090 segments, 2678195140 nucleotides
2022-06-22 23:14:32,564 INFO workspace after conditioning: 1090 segments, 2678195140 nucleotides
2022-06-22 23:14:32,565 INFO sampling started
2022-06-22 23:14:32,567 INFO 0/1000 done ( 0.00)
2022-06-22 23:14:32,725 INFO 100/1000 done (10.00)
2022-06-22 23:14:32,872 INFO 200/1000 done (20.00)
2022-06-22 23:14:33,029 INFO 300/1000 done (30.00)
2022-06-22 23:14:33,194 INFO 400/1000 done (40.00)
2022-06-22 23:14:33,344 INFO 500/1000 done (50.00)
2022-06-22 23:14:33,504 INFO 600/1000 done (60.00)
2022-06-22 23:14:33,656 INFO 700/1000 done (70.00)
2022-06-22 23:14:33,806 INFO 800/1000 done (80.00)
2022-06-22 23:14:33,966 INFO 900/1000 done (90.00)
2022-06-22 23:14:34,112 INFO sampling completed
2022-06-22 23:14:34,113 INFO sampling finished
2022-06-22 23:14:34,113 INFO computing PValue statistics
2022-06-22 23:14:34,113 INFO computing FDR statistics
# job finished in 1 seconds at Wed Jun 22 23:14:34 2022 --  2.44  0.06  0.00  0.00 -- c1ddecef-6c63-43ec-9997-b2ac9979be68
# output generated by /home/rgomez/anaconda3/bin/gat-run.py --segments=analysis/20220622_LocationPatterns/GATfiles/Segments/LFNAHR_Med.bed --isochores=analysis/20220622_LocationPatterns/GATfiles/Isochores/isochores_NAHR_Med.bed --annotations=analysis/20220622_LocationPatterns/GATfiles/Annotations/annotations_repeats.bed --workspace=analysis/20220622_LocationPatterns/GATfiles/Workspace/workspace_avgBherer.bed --num-samples=1000 --log=analysis/20220622_LocationPatterns/GATresults/NAHR_Med/log/LFNAHR_Med_annotations_repeats.log --stdout=analysis/20220622_LocationPatterns/GATresults/NAHR_Med/tsv/LFNAHR_Med_annotations_repeats.tsv
# job started at Wed Jun 22 23:18:16 2022 on rgomez-pc -- 424bb8ec-b5e7-49cf-aca9-c37f0dd05b4d
# pid: 27628, system: Linux 5.3.0-7648-generic #41~1586790036~18.04~600aeb5-Ubuntu SMP Mon Apr 13 17:47:15 UTC  x86_64
# annotation_files                        : ['analysis/20220622_LocationPatterns/GATfiles/Annotations/annotations_repeats.bed']
# annotations_label                       : None
# annotations_to_points                   : None
# bucket_size                             : 0
# cache                                   : None
# conditional                             : unconditional
# conditional_expansion                   : None
# conditional_extension                   : None
# counters                                : []
# enable_split_tracks                     : False
# ignore_segment_tracks                   : True
# input_filename_counts                   : None
# input_filename_descriptions             : None
# input_filename_results                  : None
# isochore_files                          : ['analysis/20220622_LocationPatterns/GATfiles/Isochores/isochores_NAHR_Med.bed']
# loglevel                                : 1
# nbuckets                                : 100000
# null                                    : default
# num_samples                             : 1000
# num_threads                             : 0
# output_bed                              : []
# output_counts_pattern                   : None
# output_filename_pattern                 : %s
# output_force                            : False
# output_order                            : fold
# output_plots_pattern                    : None
# output_samples_pattern                  : None
# output_stats                            : []
# output_tables_pattern                   : %s.tsv.gz
# overlapping_annotations                 : False
# pseudo_count                            : 1.0
# pvalue_method                           : empirical
# qvalue_lambda                           : None
# qvalue_method                           : BH
# qvalue_pi0_method                       : smoother
# random_seed                             : None
# restrict_workspace                      : False
# sample_files                            : []
# sampler                                 : annotator
# segment_files                           : ['analysis/20220622_LocationPatterns/GATfiles/Segments/LFNAHR_Med.bed']
# shift_expansion                         : 2.0
# shift_extension                         : 0
# short_help                              : None
# stderr                                  : <_io.TextIOWrapper name='<stderr>' mode='w' encoding='utf-8'>
# stdin                                   : <_io.TextIOWrapper name='<stdin>' mode='r' encoding='utf-8'>
# stdlog                                  : <_io.TextIOWrapper name='analysis/20220622_LocationPatterns/GATresults/NAHR_Med/log/LFNAHR_Med_annotations_repeats.log' mode='a' encoding='UTF-8'>
# stdout                                  : <_io.TextIOWrapper name='analysis/20220622_LocationPatterns/GATresults/NAHR_Med/tsv/LFNAHR_Med_annotations_repeats.tsv' mode='w' encoding='UTF-8'>
# timeit_file                             : None
# timeit_header                           : None
# timeit_name                             : all
# truncate_segments_to_workspace          : False
# truncate_workspace_to_annotations       : False
# workspace_files                         : ['analysis/20220622_LocationPatterns/GATfiles/Workspace/workspace_avgBherer.bed']
2022-06-22 23:18:16,815 INFO segments: reading tracks from 1 files
2022-06-22 23:18:16,815 INFO segments: read 1 tracks from 1 files
2022-06-22 23:18:16,815 INFO annotations: reading tracks from 1 files
2022-06-22 23:18:16,929 INFO annotations: read 1 tracks from 1 files
2022-06-22 23:18:16,933 INFO workspaces: reading tracks from 1 files
2022-06-22 23:18:16,934 INFO workspaces: read 1 tracks from 1 files
2022-06-22 23:18:16,934 INFO collapsing workspaces
2022-06-22 23:18:16,934 INFO isochores: reading isochores from 1 files
2022-06-22 23:18:16,936 INFO intervals loaded in 0 seconds
2022-06-22 23:18:16,936 INFO adding isochores to workspace
2022-06-22 23:18:16,936 INFO collecting observed counts
2022-06-22 23:18:16,936 INFO starting sampling
2022-06-22 23:18:16,936 INFO sampling: merged: 1/1
2022-06-22 23:18:16,936 INFO performing unconditional sampling
2022-06-22 23:18:16,937 INFO workspace without conditioning: 1090 segments, 2678195140 nucleotides
2022-06-22 23:18:16,937 INFO workspace after conditioning: 1090 segments, 2678195140 nucleotides
2022-06-22 23:18:16,937 INFO sampling started
2022-06-22 23:18:16,938 INFO 0/1000 done ( 0.00)
2022-06-22 23:18:16,989 INFO 100/1000 done (10.00)
2022-06-22 23:18:17,039 INFO 200/1000 done (20.00)
2022-06-22 23:18:17,089 INFO 300/1000 done (30.00)
2022-06-22 23:18:17,140 INFO 400/1000 done (40.00)
2022-06-22 23:18:17,190 INFO 500/1000 done (50.00)
2022-06-22 23:18:17,240 INFO 600/1000 done (60.00)
2022-06-22 23:18:17,290 INFO 700/1000 done (70.00)
2022-06-22 23:18:17,341 INFO 800/1000 done (80.00)
2022-06-22 23:18:17,392 INFO 900/1000 done (90.00)
2022-06-22 23:18:17,442 INFO sampling completed
2022-06-22 23:18:17,442 INFO sampling finished
2022-06-22 23:18:17,442 INFO computing PValue statistics
2022-06-22 23:18:17,443 INFO computing FDR statistics
# job finished in 0 seconds at Wed Jun 22 23:18:17 2022 --  1.37  0.03  0.00  0.00 -- 424bb8ec-b5e7-49cf-aca9-c37f0dd05b4d
# output generated by /home/rgomez/anaconda3/bin/gat-run.py --segments=analysis/20220622_LocationPatterns/GATfiles/Segments/LFNAHR_Med.bed --isochores=analysis/20220622_LocationPatterns/GATfiles/Isochores/isochores_NAHR_Med.bed --annotations=analysis/20220622_LocationPatterns/GATfiles/Annotations/annotations_repeats.bed --workspace=analysis/20220622_LocationPatterns/GATfiles/Workspace/workspace_avgBherer.bed --num-samples=1000 --log=analysis/20220622_LocationPatterns/GATresults/NAHR_Med/log/LFNAHR_Med_annotations_repeats.log --stdout=analysis/20220622_LocationPatterns/GATresults/NAHR_Med/tsv/LFNAHR_Med_annotations_repeats.tsv
# job started at Wed Jun 22 23:22:06 2022 on rgomez-pc -- 2fed37f7-70e9-48d1-a168-71e1fa78ecfc
# pid: 27858, system: Linux 5.3.0-7648-generic #41~1586790036~18.04~600aeb5-Ubuntu SMP Mon Apr 13 17:47:15 UTC  x86_64
# annotation_files                        : ['analysis/20220622_LocationPatterns/GATfiles/Annotations/annotations_repeats.bed']
# annotations_label                       : None
# annotations_to_points                   : None
# bucket_size                             : 0
# cache                                   : None
# conditional                             : unconditional
# conditional_expansion                   : None
# conditional_extension                   : None
# counters                                : []
# enable_split_tracks                     : False
# ignore_segment_tracks                   : True
# input_filename_counts                   : None
# input_filename_descriptions             : None
# input_filename_results                  : None
# isochore_files                          : ['analysis/20220622_LocationPatterns/GATfiles/Isochores/isochores_NAHR_Med.bed']
# loglevel                                : 1
# nbuckets                                : 100000
# null                                    : default
# num_samples                             : 1000
# num_threads                             : 0
# output_bed                              : []
# output_counts_pattern                   : None
# output_filename_pattern                 : %s
# output_force                            : False
# output_order                            : fold
# output_plots_pattern                    : None
# output_samples_pattern                  : None
# output_stats                            : []
# output_tables_pattern                   : %s.tsv.gz
# overlapping_annotations                 : False
# pseudo_count                            : 1.0
# pvalue_method                           : empirical
# qvalue_lambda                           : None
# qvalue_method                           : BH
# qvalue_pi0_method                       : smoother
# random_seed                             : None
# restrict_workspace                      : False
# sample_files                            : []
# sampler                                 : annotator
# segment_files                           : ['analysis/20220622_LocationPatterns/GATfiles/Segments/LFNAHR_Med.bed']
# shift_expansion                         : 2.0
# shift_extension                         : 0
# short_help                              : None
# stderr                                  : <_io.TextIOWrapper name='<stderr>' mode='w' encoding='utf-8'>
# stdin                                   : <_io.TextIOWrapper name='<stdin>' mode='r' encoding='utf-8'>
# stdlog                                  : <_io.TextIOWrapper name='analysis/20220622_LocationPatterns/GATresults/NAHR_Med/log/LFNAHR_Med_annotations_repeats.log' mode='a' encoding='UTF-8'>
# stdout                                  : <_io.TextIOWrapper name='analysis/20220622_LocationPatterns/GATresults/NAHR_Med/tsv/LFNAHR_Med_annotations_repeats.tsv' mode='w' encoding='UTF-8'>
# timeit_file                             : None
# timeit_header                           : None
# timeit_name                             : all
# truncate_segments_to_workspace          : False
# truncate_workspace_to_annotations       : False
# workspace_files                         : ['analysis/20220622_LocationPatterns/GATfiles/Workspace/workspace_avgBherer.bed']
2022-06-22 23:22:06,518 INFO segments: reading tracks from 1 files
2022-06-22 23:22:06,518 INFO segments: read 1 tracks from 1 files
2022-06-22 23:22:06,518 INFO annotations: reading tracks from 1 files
2022-06-22 23:22:06,632 INFO annotations: read 1 tracks from 1 files
2022-06-22 23:22:06,636 INFO workspaces: reading tracks from 1 files
2022-06-22 23:22:06,636 INFO workspaces: read 1 tracks from 1 files
2022-06-22 23:22:06,636 INFO collapsing workspaces
2022-06-22 23:22:06,636 INFO isochores: reading isochores from 1 files
2022-06-22 23:22:06,638 INFO intervals loaded in 0 seconds
2022-06-22 23:22:06,638 INFO adding isochores to workspace
2022-06-22 23:22:06,638 INFO collecting observed counts
2022-06-22 23:22:06,639 INFO starting sampling
2022-06-22 23:22:06,639 INFO sampling: merged: 1/1
2022-06-22 23:22:06,639 INFO performing unconditional sampling
2022-06-22 23:22:06,639 INFO workspace without conditioning: 1090 segments, 2678195140 nucleotides
2022-06-22 23:22:06,639 INFO workspace after conditioning: 1090 segments, 2678195140 nucleotides
2022-06-22 23:22:06,640 INFO sampling started
2022-06-22 23:22:06,643 INFO 0/1000 done ( 0.00)
2022-06-22 23:22:06,844 INFO 100/1000 done (10.00)
2022-06-22 23:22:07,048 INFO 200/1000 done (20.00)
2022-06-22 23:22:07,252 INFO 300/1000 done (30.00)
2022-06-22 23:22:07,453 INFO 400/1000 done (40.00)
2022-06-22 23:22:07,657 INFO 500/1000 done (50.00)
2022-06-22 23:22:07,857 INFO 600/1000 done (60.00)
2022-06-22 23:22:08,061 INFO 700/1000 done (70.00)
2022-06-22 23:22:08,260 INFO 800/1000 done (80.00)
2022-06-22 23:22:08,460 INFO 900/1000 done (90.00)
2022-06-22 23:22:08,662 INFO sampling completed
2022-06-22 23:22:08,663 INFO sampling finished
2022-06-22 23:22:08,663 INFO computing PValue statistics
2022-06-22 23:22:08,664 INFO computing FDR statistics
# job finished in 2 seconds at Wed Jun 22 23:22:08 2022 --  2.90  0.03  0.00  0.00 -- 2fed37f7-70e9-48d1-a168-71e1fa78ecfc
# output generated by /home/rgomez/anaconda3/bin/gat-run.py --segments=analysis/20220622_LocationPatterns/GATfiles/Segments/LFNAHR_Med.bed --isochores=analysis/20220622_LocationPatterns/GATfiles/Isochores/isochores_NAHR_Med.bed --annotations=analysis/20220622_LocationPatterns/GATfiles/Annotations/annotations_repeats.bed --workspace=analysis/20220622_LocationPatterns/GATfiles/Workspace/workspace_avgBherer.bed --num-samples=1000 --log=analysis/20220622_LocationPatterns/GATresults/NAHR_Med/log/LFNAHR_Med_annotations_repeats.log --stdout=analysis/20220622_LocationPatterns/GATresults/NAHR_Med/tsv/LFNAHR_Med_annotations_repeats.tsv
# job started at Wed Jun 22 23:23:55 2022 on rgomez-pc -- 209032bd-8315-4122-a926-865a5aa5ac7b
# pid: 28052, system: Linux 5.3.0-7648-generic #41~1586790036~18.04~600aeb5-Ubuntu SMP Mon Apr 13 17:47:15 UTC  x86_64
# annotation_files                        : ['analysis/20220622_LocationPatterns/GATfiles/Annotations/annotations_repeats.bed']
# annotations_label                       : None
# annotations_to_points                   : None
# bucket_size                             : 0
# cache                                   : None
# conditional                             : unconditional
# conditional_expansion                   : None
# conditional_extension                   : None
# counters                                : []
# enable_split_tracks                     : False
# ignore_segment_tracks                   : True
# input_filename_counts                   : None
# input_filename_descriptions             : None
# input_filename_results                  : None
# isochore_files                          : ['analysis/20220622_LocationPatterns/GATfiles/Isochores/isochores_NAHR_Med.bed']
# loglevel                                : 1
# nbuckets                                : 100000
# null                                    : default
# num_samples                             : 1000
# num_threads                             : 0
# output_bed                              : []
# output_counts_pattern                   : None
# output_filename_pattern                 : %s
# output_force                            : False
# output_order                            : fold
# output_plots_pattern                    : None
# output_samples_pattern                  : None
# output_stats                            : []
# output_tables_pattern                   : %s.tsv.gz
# overlapping_annotations                 : False
# pseudo_count                            : 1.0
# pvalue_method                           : empirical
# qvalue_lambda                           : None
# qvalue_method                           : BH
# qvalue_pi0_method                       : smoother
# random_seed                             : None
# restrict_workspace                      : False
# sample_files                            : []
# sampler                                 : annotator
# segment_files                           : ['analysis/20220622_LocationPatterns/GATfiles/Segments/LFNAHR_Med.bed']
# shift_expansion                         : 2.0
# shift_extension                         : 0
# short_help                              : None
# stderr                                  : <_io.TextIOWrapper name='<stderr>' mode='w' encoding='utf-8'>
# stdin                                   : <_io.TextIOWrapper name='<stdin>' mode='r' encoding='utf-8'>
# stdlog                                  : <_io.TextIOWrapper name='analysis/20220622_LocationPatterns/GATresults/NAHR_Med/log/LFNAHR_Med_annotations_repeats.log' mode='a' encoding='UTF-8'>
# stdout                                  : <_io.TextIOWrapper name='analysis/20220622_LocationPatterns/GATresults/NAHR_Med/tsv/LFNAHR_Med_annotations_repeats.tsv' mode='w' encoding='UTF-8'>
# timeit_file                             : None
# timeit_header                           : None
# timeit_name                             : all
# truncate_segments_to_workspace          : False
# truncate_workspace_to_annotations       : False
# workspace_files                         : ['analysis/20220622_LocationPatterns/GATfiles/Workspace/workspace_avgBherer.bed']
2022-06-22 23:23:55,605 INFO segments: reading tracks from 1 files
2022-06-22 23:23:55,605 INFO segments: read 1 tracks from 1 files
2022-06-22 23:23:55,605 INFO annotations: reading tracks from 1 files
2022-06-22 23:23:55,718 INFO annotations: read 1 tracks from 1 files
2022-06-22 23:23:55,722 INFO workspaces: reading tracks from 1 files
2022-06-22 23:23:55,722 INFO workspaces: read 1 tracks from 1 files
2022-06-22 23:23:55,722 INFO collapsing workspaces
2022-06-22 23:23:55,722 INFO isochores: reading isochores from 1 files
2022-06-22 23:23:55,724 INFO intervals loaded in 0 seconds
2022-06-22 23:23:55,724 INFO adding isochores to workspace
2022-06-22 23:23:55,725 INFO collecting observed counts
2022-06-22 23:23:55,725 INFO starting sampling
2022-06-22 23:23:55,725 INFO sampling: merged: 1/1
2022-06-22 23:23:55,725 INFO performing unconditional sampling
2022-06-22 23:23:55,725 INFO workspace without conditioning: 1090 segments, 2678195140 nucleotides
2022-06-22 23:23:55,725 INFO workspace after conditioning: 1090 segments, 2678195140 nucleotides
2022-06-22 23:23:55,726 INFO sampling started
2022-06-22 23:23:55,728 INFO 0/1000 done ( 0.00)
2022-06-22 23:23:55,880 INFO 100/1000 done (10.00)
2022-06-22 23:23:56,031 INFO 200/1000 done (20.00)
2022-06-22 23:23:56,182 INFO 300/1000 done (30.00)
2022-06-22 23:23:56,333 INFO 400/1000 done (40.00)
2022-06-22 23:23:56,484 INFO 500/1000 done (50.00)
2022-06-22 23:23:56,635 INFO 600/1000 done (60.00)
2022-06-22 23:23:56,790 INFO 700/1000 done (70.00)
2022-06-22 23:23:56,941 INFO 800/1000 done (80.00)
2022-06-22 23:23:57,092 INFO 900/1000 done (90.00)
2022-06-22 23:23:57,243 INFO sampling completed
2022-06-22 23:23:57,243 INFO sampling finished
2022-06-22 23:23:57,243 INFO computing PValue statistics
2022-06-22 23:23:57,244 INFO computing FDR statistics
# job finished in 1 seconds at Wed Jun 22 23:23:57 2022 --  2.32  0.07  0.00  0.00 -- 209032bd-8315-4122-a926-865a5aa5ac7b
# output generated by /home/rgomez/anaconda3/bin/gat-run.py --segments=analysis/20220622_LocationPatterns/GATfiles/Segments/LFNAHR_Med.bed --isochores=analysis/20220622_LocationPatterns/GATfiles/Isochores/isochores_NAHR_Med.bed --annotations=analysis/20220622_LocationPatterns/GATfiles/Annotations/annotations_repeats.bed --workspace=analysis/20220622_LocationPatterns/GATfiles/Workspace/workspace_avgBherer.bed --num-samples=1000 --log=analysis/20220622_LocationPatterns/GATresults/NAHR_Med/log/LFNAHR_Med_annotations_repeats.log --stdout=analysis/20220622_LocationPatterns/GATresults/NAHR_Med/tsv/LFNAHR_Med_annotations_repeats.tsv
# job started at Wed Jun 22 23:24:52 2022 on rgomez-pc -- 31ff1e6f-fb7f-4bee-bb9c-d617e1994123
# pid: 28197, system: Linux 5.3.0-7648-generic #41~1586790036~18.04~600aeb5-Ubuntu SMP Mon Apr 13 17:47:15 UTC  x86_64
# annotation_files                        : ['analysis/20220622_LocationPatterns/GATfiles/Annotations/annotations_repeats.bed']
# annotations_label                       : None
# annotations_to_points                   : None
# bucket_size                             : 0
# cache                                   : None
# conditional                             : unconditional
# conditional_expansion                   : None
# conditional_extension                   : None
# counters                                : []
# enable_split_tracks                     : False
# ignore_segment_tracks                   : True
# input_filename_counts                   : None
# input_filename_descriptions             : None
# input_filename_results                  : None
# isochore_files                          : ['analysis/20220622_LocationPatterns/GATfiles/Isochores/isochores_NAHR_Med.bed']
# loglevel                                : 1
# nbuckets                                : 100000
# null                                    : default
# num_samples                             : 1000
# num_threads                             : 0
# output_bed                              : []
# output_counts_pattern                   : None
# output_filename_pattern                 : %s
# output_force                            : False
# output_order                            : fold
# output_plots_pattern                    : None
# output_samples_pattern                  : None
# output_stats                            : []
# output_tables_pattern                   : %s.tsv.gz
# overlapping_annotations                 : False
# pseudo_count                            : 1.0
# pvalue_method                           : empirical
# qvalue_lambda                           : None
# qvalue_method                           : BH
# qvalue_pi0_method                       : smoother
# random_seed                             : None
# restrict_workspace                      : False
# sample_files                            : []
# sampler                                 : annotator
# segment_files                           : ['analysis/20220622_LocationPatterns/GATfiles/Segments/LFNAHR_Med.bed']
# shift_expansion                         : 2.0
# shift_extension                         : 0
# short_help                              : None
# stderr                                  : <_io.TextIOWrapper name='<stderr>' mode='w' encoding='utf-8'>
# stdin                                   : <_io.TextIOWrapper name='<stdin>' mode='r' encoding='utf-8'>
# stdlog                                  : <_io.TextIOWrapper name='analysis/20220622_LocationPatterns/GATresults/NAHR_Med/log/LFNAHR_Med_annotations_repeats.log' mode='a' encoding='UTF-8'>
# stdout                                  : <_io.TextIOWrapper name='analysis/20220622_LocationPatterns/GATresults/NAHR_Med/tsv/LFNAHR_Med_annotations_repeats.tsv' mode='w' encoding='UTF-8'>
# timeit_file                             : None
# timeit_header                           : None
# timeit_name                             : all
# truncate_segments_to_workspace          : False
# truncate_workspace_to_annotations       : False
# workspace_files                         : ['analysis/20220622_LocationPatterns/GATfiles/Workspace/workspace_avgBherer.bed']
2022-06-22 23:24:52,623 INFO segments: reading tracks from 1 files
2022-06-22 23:24:52,623 INFO segments: read 1 tracks from 1 files
2022-06-22 23:24:52,623 INFO annotations: reading tracks from 1 files
2022-06-22 23:24:52,736 INFO annotations: read 1 tracks from 1 files
2022-06-22 23:24:52,740 INFO workspaces: reading tracks from 1 files
2022-06-22 23:24:52,740 INFO workspaces: read 1 tracks from 1 files
2022-06-22 23:24:52,740 INFO collapsing workspaces
2022-06-22 23:24:52,740 INFO isochores: reading isochores from 1 files
2022-06-22 23:24:52,742 INFO intervals loaded in 0 seconds
2022-06-22 23:24:52,742 INFO adding isochores to workspace
2022-06-22 23:24:52,742 INFO collecting observed counts
2022-06-22 23:24:52,742 INFO starting sampling
2022-06-22 23:24:52,743 INFO sampling: merged: 1/1
2022-06-22 23:24:52,743 INFO performing unconditional sampling
2022-06-22 23:24:52,743 INFO workspace without conditioning: 1090 segments, 2678195140 nucleotides
2022-06-22 23:24:52,743 INFO workspace after conditioning: 1090 segments, 2678195140 nucleotides
2022-06-22 23:24:52,744 INFO sampling started
2022-06-22 23:24:52,746 INFO 0/1000 done ( 0.00)
2022-06-22 23:24:52,863 INFO 100/1000 done (10.00)
2022-06-22 23:24:52,979 INFO 200/1000 done (20.00)
2022-06-22 23:24:53,095 INFO 300/1000 done (30.00)
2022-06-22 23:24:53,211 INFO 400/1000 done (40.00)
2022-06-22 23:24:53,334 INFO 500/1000 done (50.00)
2022-06-22 23:24:53,458 INFO 600/1000 done (60.00)
2022-06-22 23:24:53,580 INFO 700/1000 done (70.00)
2022-06-22 23:24:53,703 INFO 800/1000 done (80.00)
2022-06-22 23:24:53,826 INFO 900/1000 done (90.00)
2022-06-22 23:24:53,948 INFO sampling completed
2022-06-22 23:24:53,949 INFO sampling finished
2022-06-22 23:24:53,949 INFO computing PValue statistics
2022-06-22 23:24:53,949 INFO computing FDR statistics
# job finished in 1 seconds at Wed Jun 22 23:24:53 2022 --  2.07  0.03  0.00  0.00 -- 31ff1e6f-fb7f-4bee-bb9c-d617e1994123
# output generated by /home/rgomez/anaconda3/bin/gat-run.py --segments=analysis/20220622_LocationPatterns/GATfiles/Segments/LFNAHR_Med.bed --isochores=analysis/20220622_LocationPatterns/GATfiles/Isochores/isochores_NAHR_Med.bed --annotations=analysis/20220622_LocationPatterns/GATfiles/Annotations/annotations_repeats.bed --workspace=analysis/20220622_LocationPatterns/GATfiles/Workspace/workspace_avgBherer.bed --num-samples=1000 --log=analysis/20220622_LocationPatterns/GATresults/NAHR_Med/log/LFNAHR_Med_annotations_repeats.log --stdout=analysis/20220622_LocationPatterns/GATresults/NAHR_Med/tsv/LFNAHR_Med_annotations_repeats.tsv
# job started at Wed Jun 22 23:26:23 2022 on rgomez-pc -- 0c9c8c40-3c7c-4794-9e5b-7ca02d24fae5
# pid: 28382, system: Linux 5.3.0-7648-generic #41~1586790036~18.04~600aeb5-Ubuntu SMP Mon Apr 13 17:47:15 UTC  x86_64
# annotation_files                        : ['analysis/20220622_LocationPatterns/GATfiles/Annotations/annotations_repeats.bed']
# annotations_label                       : None
# annotations_to_points                   : None
# bucket_size                             : 0
# cache                                   : None
# conditional                             : unconditional
# conditional_expansion                   : None
# conditional_extension                   : None
# counters                                : []
# enable_split_tracks                     : False
# ignore_segment_tracks                   : True
# input_filename_counts                   : None
# input_filename_descriptions             : None
# input_filename_results                  : None
# isochore_files                          : ['analysis/20220622_LocationPatterns/GATfiles/Isochores/isochores_NAHR_Med.bed']
# loglevel                                : 1
# nbuckets                                : 100000
# null                                    : default
# num_samples                             : 1000
# num_threads                             : 0
# output_bed                              : []
# output_counts_pattern                   : None
# output_filename_pattern                 : %s
# output_force                            : False
# output_order                            : fold
# output_plots_pattern                    : None
# output_samples_pattern                  : None
# output_stats                            : []
# output_tables_pattern                   : %s.tsv.gz
# overlapping_annotations                 : False
# pseudo_count                            : 1.0
# pvalue_method                           : empirical
# qvalue_lambda                           : None
# qvalue_method                           : BH
# qvalue_pi0_method                       : smoother
# random_seed                             : None
# restrict_workspace                      : False
# sample_files                            : []
# sampler                                 : annotator
# segment_files                           : ['analysis/20220622_LocationPatterns/GATfiles/Segments/LFNAHR_Med.bed']
# shift_expansion                         : 2.0
# shift_extension                         : 0
# short_help                              : None
# stderr                                  : <_io.TextIOWrapper name='<stderr>' mode='w' encoding='utf-8'>
# stdin                                   : <_io.TextIOWrapper name='<stdin>' mode='r' encoding='utf-8'>
# stdlog                                  : <_io.TextIOWrapper name='analysis/20220622_LocationPatterns/GATresults/NAHR_Med/log/LFNAHR_Med_annotations_repeats.log' mode='a' encoding='UTF-8'>
# stdout                                  : <_io.TextIOWrapper name='analysis/20220622_LocationPatterns/GATresults/NAHR_Med/tsv/LFNAHR_Med_annotations_repeats.tsv' mode='w' encoding='UTF-8'>
# timeit_file                             : None
# timeit_header                           : None
# timeit_name                             : all
# truncate_segments_to_workspace          : False
# truncate_workspace_to_annotations       : False
# workspace_files                         : ['analysis/20220622_LocationPatterns/GATfiles/Workspace/workspace_avgBherer.bed']
2022-06-22 23:26:23,066 INFO segments: reading tracks from 1 files
2022-06-22 23:26:23,066 INFO segments: read 1 tracks from 1 files
2022-06-22 23:26:23,066 INFO annotations: reading tracks from 1 files
2022-06-22 23:26:23,175 INFO annotations: read 1 tracks from 1 files
2022-06-22 23:26:23,178 INFO workspaces: reading tracks from 1 files
2022-06-22 23:26:23,178 INFO workspaces: read 1 tracks from 1 files
2022-06-22 23:26:23,179 INFO collapsing workspaces
2022-06-22 23:26:23,179 INFO isochores: reading isochores from 1 files
2022-06-22 23:26:23,180 INFO intervals loaded in 0 seconds
2022-06-22 23:26:23,180 INFO adding isochores to workspace
2022-06-22 23:26:23,181 INFO collecting observed counts
2022-06-22 23:26:23,181 INFO starting sampling
2022-06-22 23:26:23,181 INFO sampling: merged: 1/1
2022-06-22 23:26:23,181 INFO performing unconditional sampling
2022-06-22 23:26:23,182 INFO workspace without conditioning: 1090 segments, 2678195140 nucleotides
2022-06-22 23:26:23,182 INFO workspace after conditioning: 1090 segments, 2678195140 nucleotides
2022-06-22 23:26:23,182 INFO sampling started
2022-06-22 23:26:23,184 INFO 0/1000 done ( 0.00)
2022-06-22 23:26:23,299 INFO 100/1000 done (10.00)
2022-06-22 23:26:23,417 INFO 200/1000 done (20.00)
2022-06-22 23:26:23,534 INFO 300/1000 done (30.00)
2022-06-22 23:26:23,649 INFO 400/1000 done (40.00)
2022-06-22 23:26:23,764 INFO 500/1000 done (50.00)
2022-06-22 23:26:23,879 INFO 600/1000 done (60.00)
2022-06-22 23:26:23,994 INFO 700/1000 done (70.00)
2022-06-22 23:26:24,109 INFO 800/1000 done (80.00)
2022-06-22 23:26:24,224 INFO 900/1000 done (90.00)
2022-06-22 23:26:24,338 INFO sampling completed
2022-06-22 23:26:24,339 INFO sampling finished
2022-06-22 23:26:24,339 INFO computing PValue statistics
2022-06-22 23:26:24,340 INFO computing FDR statistics
# job finished in 1 seconds at Wed Jun 22 23:26:24 2022 --  2.01  0.03  0.00  0.00 -- 0c9c8c40-3c7c-4794-9e5b-7ca02d24fae5
# output generated by /home/rgomez/anaconda3/bin/gat-run.py --segments=analysis/20220622_LocationPatterns/GATfiles/Segments/LFNAHR_Med.bed --isochores=analysis/20220622_LocationPatterns/GATfiles/Isochores/isochores_NAHR_Med.bed --annotations=analysis/20220622_LocationPatterns/GATfiles/Annotations/annotations_repeats.bed --workspace=analysis/20220622_LocationPatterns/GATfiles/Workspace/workspace_avgBherer.bed --num-samples=1000 --log=analysis/20220622_LocationPatterns/GATresults/NAHR_Med/log/LFNAHR_Med_annotations_repeats.log --stdout=analysis/20220622_LocationPatterns/GATresults/NAHR_Med/tsv/LFNAHR_Med_annotations_repeats.tsv
# job started at Wed Jun 22 23:31:06 2022 on rgomez-pc -- 248ced76-aefa-4c78-9819-b6b09cf8715d
# pid: 28630, system: Linux 5.3.0-7648-generic #41~1586790036~18.04~600aeb5-Ubuntu SMP Mon Apr 13 17:47:15 UTC  x86_64
# annotation_files                        : ['analysis/20220622_LocationPatterns/GATfiles/Annotations/annotations_repeats.bed']
# annotations_label                       : None
# annotations_to_points                   : None
# bucket_size                             : 0
# cache                                   : None
# conditional                             : unconditional
# conditional_expansion                   : None
# conditional_extension                   : None
# counters                                : []
# enable_split_tracks                     : False
# ignore_segment_tracks                   : True
# input_filename_counts                   : None
# input_filename_descriptions             : None
# input_filename_results                  : None
# isochore_files                          : ['analysis/20220622_LocationPatterns/GATfiles/Isochores/isochores_NAHR_Med.bed']
# loglevel                                : 1
# nbuckets                                : 100000
# null                                    : default
# num_samples                             : 1000
# num_threads                             : 0
# output_bed                              : []
# output_counts_pattern                   : None
# output_filename_pattern                 : %s
# output_force                            : False
# output_order                            : fold
# output_plots_pattern                    : None
# output_samples_pattern                  : None
# output_stats                            : []
# output_tables_pattern                   : %s.tsv.gz
# overlapping_annotations                 : False
# pseudo_count                            : 1.0
# pvalue_method                           : empirical
# qvalue_lambda                           : None
# qvalue_method                           : BH
# qvalue_pi0_method                       : smoother
# random_seed                             : None
# restrict_workspace                      : False
# sample_files                            : []
# sampler                                 : annotator
# segment_files                           : ['analysis/20220622_LocationPatterns/GATfiles/Segments/LFNAHR_Med.bed']
# shift_expansion                         : 2.0
# shift_extension                         : 0
# short_help                              : None
# stderr                                  : <_io.TextIOWrapper name='<stderr>' mode='w' encoding='utf-8'>
# stdin                                   : <_io.TextIOWrapper name='<stdin>' mode='r' encoding='utf-8'>
# stdlog                                  : <_io.TextIOWrapper name='analysis/20220622_LocationPatterns/GATresults/NAHR_Med/log/LFNAHR_Med_annotations_repeats.log' mode='a' encoding='UTF-8'>
# stdout                                  : <_io.TextIOWrapper name='analysis/20220622_LocationPatterns/GATresults/NAHR_Med/tsv/LFNAHR_Med_annotations_repeats.tsv' mode='w' encoding='UTF-8'>
# timeit_file                             : None
# timeit_header                           : None
# timeit_name                             : all
# truncate_segments_to_workspace          : False
# truncate_workspace_to_annotations       : False
# workspace_files                         : ['analysis/20220622_LocationPatterns/GATfiles/Workspace/workspace_avgBherer.bed']
2022-06-22 23:31:06,822 INFO segments: reading tracks from 1 files
2022-06-22 23:31:06,823 INFO segments: read 1 tracks from 1 files
2022-06-22 23:31:06,823 INFO annotations: reading tracks from 1 files
2022-06-22 23:31:06,940 INFO annotations: read 1 tracks from 1 files
2022-06-22 23:31:06,944 INFO workspaces: reading tracks from 1 files
2022-06-22 23:31:06,945 INFO workspaces: read 1 tracks from 1 files
2022-06-22 23:31:06,945 INFO collapsing workspaces
2022-06-22 23:31:06,945 INFO isochores: reading isochores from 1 files
2022-06-22 23:31:06,947 INFO intervals loaded in 0 seconds
2022-06-22 23:31:06,947 INFO adding isochores to workspace
2022-06-22 23:31:06,947 INFO collecting observed counts
2022-06-22 23:31:06,947 INFO starting sampling
2022-06-22 23:31:06,947 INFO sampling: merged: 1/1
2022-06-22 23:31:06,947 INFO performing unconditional sampling
2022-06-22 23:31:06,948 INFO workspace without conditioning: 1090 segments, 2678195140 nucleotides
2022-06-22 23:31:06,948 INFO workspace after conditioning: 1090 segments, 2678195140 nucleotides
2022-06-22 23:31:06,948 INFO sampling started
2022-06-22 23:31:06,951 INFO 0/1000 done ( 0.00)
2022-06-22 23:31:07,125 INFO 100/1000 done (10.00)
2022-06-22 23:31:07,277 INFO 200/1000 done (20.00)
2022-06-22 23:31:07,430 INFO 300/1000 done (30.00)
2022-06-22 23:31:07,583 INFO 400/1000 done (40.00)
2022-06-22 23:31:07,740 INFO 500/1000 done (50.00)
2022-06-22 23:31:07,901 INFO 600/1000 done (60.00)
2022-06-22 23:31:08,058 INFO 700/1000 done (70.00)
2022-06-22 23:31:08,225 INFO 800/1000 done (80.00)
2022-06-22 23:31:08,383 INFO 900/1000 done (90.00)
2022-06-22 23:31:08,547 INFO sampling completed
2022-06-22 23:31:08,547 INFO sampling finished
2022-06-22 23:31:08,547 INFO computing PValue statistics
2022-06-22 23:31:08,548 INFO computing FDR statistics
# job finished in 1 seconds at Wed Jun 22 23:31:08 2022 --  2.46  0.05  0.00  0.00 -- 248ced76-aefa-4c78-9819-b6b09cf8715d
# output generated by /home/rgomez/anaconda3/bin/gat-run.py --segments=analysis/20220622_LocationPatterns/GATfiles/Segments/LFNAHR_Med.bed --isochores=analysis/20220622_LocationPatterns/GATfiles/Isochores/isochores_NAHR_Med.bed --annotations=analysis/20220622_LocationPatterns/GATfiles/Annotations/annotations_repeats.bed --workspace=analysis/20220622_LocationPatterns/GATfiles/Workspace/workspace_avgBherer.bed --num-samples=1000 --log=analysis/20220622_LocationPatterns/GATresults/NAHR_Med/log/LFNAHR_Med_annotations_repeats.log --stdout=analysis/20220622_LocationPatterns/GATresults/NAHR_Med/tsv/LFNAHR_Med_annotations_repeats.tsv
# job started at Wed Jun 22 23:32:37 2022 on rgomez-pc -- b147f51a-f48b-4d7a-be20-0dbe9fd34304
# pid: 28807, system: Linux 5.3.0-7648-generic #41~1586790036~18.04~600aeb5-Ubuntu SMP Mon Apr 13 17:47:15 UTC  x86_64
# annotation_files                        : ['analysis/20220622_LocationPatterns/GATfiles/Annotations/annotations_repeats.bed']
# annotations_label                       : None
# annotations_to_points                   : None
# bucket_size                             : 0
# cache                                   : None
# conditional                             : unconditional
# conditional_expansion                   : None
# conditional_extension                   : None
# counters                                : []
# enable_split_tracks                     : False
# ignore_segment_tracks                   : True
# input_filename_counts                   : None
# input_filename_descriptions             : None
# input_filename_results                  : None
# isochore_files                          : ['analysis/20220622_LocationPatterns/GATfiles/Isochores/isochores_NAHR_Med.bed']
# loglevel                                : 1
# nbuckets                                : 100000
# null                                    : default
# num_samples                             : 1000
# num_threads                             : 0
# output_bed                              : []
# output_counts_pattern                   : None
# output_filename_pattern                 : %s
# output_force                            : False
# output_order                            : fold
# output_plots_pattern                    : None
# output_samples_pattern                  : None
# output_stats                            : []
# output_tables_pattern                   : %s.tsv.gz
# overlapping_annotations                 : False
# pseudo_count                            : 1.0
# pvalue_method                           : empirical
# qvalue_lambda                           : None
# qvalue_method                           : BH
# qvalue_pi0_method                       : smoother
# random_seed                             : None
# restrict_workspace                      : False
# sample_files                            : []
# sampler                                 : annotator
# segment_files                           : ['analysis/20220622_LocationPatterns/GATfiles/Segments/LFNAHR_Med.bed']
# shift_expansion                         : 2.0
# shift_extension                         : 0
# short_help                              : None
# stderr                                  : <_io.TextIOWrapper name='<stderr>' mode='w' encoding='utf-8'>
# stdin                                   : <_io.TextIOWrapper name='<stdin>' mode='r' encoding='utf-8'>
# stdlog                                  : <_io.TextIOWrapper name='analysis/20220622_LocationPatterns/GATresults/NAHR_Med/log/LFNAHR_Med_annotations_repeats.log' mode='a' encoding='UTF-8'>
# stdout                                  : <_io.TextIOWrapper name='analysis/20220622_LocationPatterns/GATresults/NAHR_Med/tsv/LFNAHR_Med_annotations_repeats.tsv' mode='w' encoding='UTF-8'>
# timeit_file                             : None
# timeit_header                           : None
# timeit_name                             : all
# truncate_segments_to_workspace          : False
# truncate_workspace_to_annotations       : False
# workspace_files                         : ['analysis/20220622_LocationPatterns/GATfiles/Workspace/workspace_avgBherer.bed']
2022-06-22 23:32:37,391 INFO segments: reading tracks from 1 files
2022-06-22 23:32:37,391 INFO segments: read 1 tracks from 1 files
2022-06-22 23:32:37,392 INFO annotations: reading tracks from 1 files
2022-06-22 23:32:37,505 INFO annotations: read 1 tracks from 1 files
2022-06-22 23:32:37,508 INFO workspaces: reading tracks from 1 files
2022-06-22 23:32:37,509 INFO workspaces: read 1 tracks from 1 files
2022-06-22 23:32:37,509 INFO collapsing workspaces
2022-06-22 23:32:37,509 INFO isochores: reading isochores from 1 files
2022-06-22 23:32:37,511 INFO intervals loaded in 0 seconds
2022-06-22 23:32:37,511 INFO adding isochores to workspace
2022-06-22 23:32:37,511 INFO collecting observed counts
2022-06-22 23:32:37,511 INFO starting sampling
2022-06-22 23:32:37,511 INFO sampling: merged: 1/1
2022-06-22 23:32:37,511 INFO performing unconditional sampling
2022-06-22 23:32:37,512 INFO workspace without conditioning: 1090 segments, 2678195140 nucleotides
2022-06-22 23:32:37,512 INFO workspace after conditioning: 1090 segments, 2678195140 nucleotides
2022-06-22 23:32:37,512 INFO sampling started
2022-06-22 23:32:37,515 INFO 0/1000 done ( 0.00)
2022-06-22 23:32:37,668 INFO 100/1000 done (10.00)
2022-06-22 23:32:37,822 INFO 200/1000 done (20.00)
2022-06-22 23:32:37,978 INFO 300/1000 done (30.00)
2022-06-22 23:32:38,132 INFO 400/1000 done (40.00)
2022-06-22 23:32:38,290 INFO 500/1000 done (50.00)
2022-06-22 23:32:38,447 INFO 600/1000 done (60.00)
2022-06-22 23:32:38,610 INFO 700/1000 done (70.00)
2022-06-22 23:32:38,764 INFO 800/1000 done (80.00)
2022-06-22 23:32:38,920 INFO 900/1000 done (90.00)
2022-06-22 23:32:39,072 INFO sampling completed
2022-06-22 23:32:39,073 INFO sampling finished
2022-06-22 23:32:39,073 INFO computing PValue statistics
2022-06-22 23:32:39,074 INFO computing FDR statistics
# job finished in 1 seconds at Wed Jun 22 23:32:39 2022 --  2.44  0.01  0.00  0.00 -- b147f51a-f48b-4d7a-be20-0dbe9fd34304
# output generated by /home/rgomez/anaconda3/bin/gat-run.py --segments=analysis/20220622_LocationPatterns/GATfiles/Segments/LFNAHR_Med.bed --isochores=analysis/20220622_LocationPatterns/GATfiles/Isochores/isochores_NAHR_Med.bed --annotations=analysis/20220622_LocationPatterns/GATfiles/Annotations/annotations_repeats.bed --workspace=analysis/20220622_LocationPatterns/GATfiles/Workspace/workspace_avgBherer.bed --num-samples=1000 --log=analysis/20220622_LocationPatterns/GATresults/NAHR_Med/log/LFNAHR_Med_annotations_repeats.log --stdout=analysis/20220622_LocationPatterns/GATresults/NAHR_Med/tsv/LFNAHR_Med_annotations_repeats.tsv
# job started at Wed Jun 22 23:37:07 2022 on rgomez-pc -- 929b36cb-94d1-4a27-9f92-6dcdcd649eed
# pid: 29029, system: Linux 5.3.0-7648-generic #41~1586790036~18.04~600aeb5-Ubuntu SMP Mon Apr 13 17:47:15 UTC  x86_64
# annotation_files                        : ['analysis/20220622_LocationPatterns/GATfiles/Annotations/annotations_repeats.bed']
# annotations_label                       : None
# annotations_to_points                   : None
# bucket_size                             : 0
# cache                                   : None
# conditional                             : unconditional
# conditional_expansion                   : None
# conditional_extension                   : None
# counters                                : []
# enable_split_tracks                     : False
# ignore_segment_tracks                   : True
# input_filename_counts                   : None
# input_filename_descriptions             : None
# input_filename_results                  : None
# isochore_files                          : ['analysis/20220622_LocationPatterns/GATfiles/Isochores/isochores_NAHR_Med.bed']
# loglevel                                : 1
# nbuckets                                : 100000
# null                                    : default
# num_samples                             : 1000
# num_threads                             : 0
# output_bed                              : []
# output_counts_pattern                   : None
# output_filename_pattern                 : %s
# output_force                            : False
# output_order                            : fold
# output_plots_pattern                    : None
# output_samples_pattern                  : None
# output_stats                            : []
# output_tables_pattern                   : %s.tsv.gz
# overlapping_annotations                 : False
# pseudo_count                            : 1.0
# pvalue_method                           : empirical
# qvalue_lambda                           : None
# qvalue_method                           : BH
# qvalue_pi0_method                       : smoother
# random_seed                             : None
# restrict_workspace                      : False
# sample_files                            : []
# sampler                                 : annotator
# segment_files                           : ['analysis/20220622_LocationPatterns/GATfiles/Segments/LFNAHR_Med.bed']
# shift_expansion                         : 2.0
# shift_extension                         : 0
# short_help                              : None
# stderr                                  : <_io.TextIOWrapper name='<stderr>' mode='w' encoding='utf-8'>
# stdin                                   : <_io.TextIOWrapper name='<stdin>' mode='r' encoding='utf-8'>
# stdlog                                  : <_io.TextIOWrapper name='analysis/20220622_LocationPatterns/GATresults/NAHR_Med/log/LFNAHR_Med_annotations_repeats.log' mode='a' encoding='UTF-8'>
# stdout                                  : <_io.TextIOWrapper name='analysis/20220622_LocationPatterns/GATresults/NAHR_Med/tsv/LFNAHR_Med_annotations_repeats.tsv' mode='w' encoding='UTF-8'>
# timeit_file                             : None
# timeit_header                           : None
# timeit_name                             : all
# truncate_segments_to_workspace          : False
# truncate_workspace_to_annotations       : False
# workspace_files                         : ['analysis/20220622_LocationPatterns/GATfiles/Workspace/workspace_avgBherer.bed']
2022-06-22 23:37:07,396 INFO segments: reading tracks from 1 files
2022-06-22 23:37:07,396 INFO segments: read 1 tracks from 1 files
2022-06-22 23:37:07,396 INFO annotations: reading tracks from 1 files
2022-06-22 23:37:07,520 INFO annotations: read 1 tracks from 1 files
2022-06-22 23:37:07,524 INFO workspaces: reading tracks from 1 files
2022-06-22 23:37:07,524 INFO workspaces: read 1 tracks from 1 files
2022-06-22 23:37:07,524 INFO collapsing workspaces
2022-06-22 23:37:07,524 INFO isochores: reading isochores from 1 files
2022-06-22 23:37:07,526 INFO intervals loaded in 0 seconds
2022-06-22 23:37:07,526 INFO adding isochores to workspace
2022-06-22 23:37:07,527 INFO collecting observed counts
2022-06-22 23:37:07,527 INFO starting sampling
2022-06-22 23:37:07,527 INFO sampling: merged: 1/1
2022-06-22 23:37:07,527 INFO performing unconditional sampling
2022-06-22 23:37:07,527 INFO workspace without conditioning: 1090 segments, 2678195140 nucleotides
2022-06-22 23:37:07,527 INFO workspace after conditioning: 1090 segments, 2678195140 nucleotides
2022-06-22 23:37:07,528 INFO sampling started
2022-06-22 23:37:07,529 INFO 0/1000 done ( 0.00)
2022-06-22 23:37:07,588 INFO 100/1000 done (10.00)
2022-06-22 23:37:07,648 INFO 200/1000 done (20.00)
2022-06-22 23:37:07,707 INFO 300/1000 done (30.00)
2022-06-22 23:37:07,765 INFO 400/1000 done (40.00)
2022-06-22 23:37:07,825 INFO 500/1000 done (50.00)
2022-06-22 23:37:07,883 INFO 600/1000 done (60.00)
2022-06-22 23:37:07,943 INFO 700/1000 done (70.00)
2022-06-22 23:37:08,000 INFO 800/1000 done (80.00)
2022-06-22 23:37:08,057 INFO 900/1000 done (90.00)
2022-06-22 23:37:08,117 INFO sampling completed
2022-06-22 23:37:08,118 INFO sampling finished
2022-06-22 23:37:08,118 INFO computing PValue statistics
2022-06-22 23:37:08,119 INFO computing FDR statistics
# job finished in 0 seconds at Wed Jun 22 23:37:08 2022 --  1.59  0.03  0.00  0.00 -- 929b36cb-94d1-4a27-9f92-6dcdcd649eed
# output generated by /home/rgomez/anaconda3/bin/gat-run.py --segments=analysis/20220622_LocationPatterns/GATfiles/Segments/LFNAHR_Med.bed --isochores=analysis/20220622_LocationPatterns/GATfiles/Isochores/isochores_NAHR_Med.bed --annotations=analysis/20220622_LocationPatterns/GATfiles/Annotations/annotations_repeats.bed --workspace=analysis/20220622_LocationPatterns/GATfiles/Workspace/workspace_avgBherer.bed --num-samples=1000 --log=analysis/20220622_LocationPatterns/GATresults/NAHR_Med/log/LFNAHR_Med_annotations_repeats.log --stdout=analysis/20220622_LocationPatterns/GATresults/NAHR_Med/tsv/LFNAHR_Med_annotations_repeats.tsv
# job started at Wed Jun 22 23:38:06 2022 on rgomez-pc -- 022bbd6e-1985-4197-8347-051a3e9716f3
# pid: 29160, system: Linux 5.3.0-7648-generic #41~1586790036~18.04~600aeb5-Ubuntu SMP Mon Apr 13 17:47:15 UTC  x86_64
# annotation_files                        : ['analysis/20220622_LocationPatterns/GATfiles/Annotations/annotations_repeats.bed']
# annotations_label                       : None
# annotations_to_points                   : None
# bucket_size                             : 0
# cache                                   : None
# conditional                             : unconditional
# conditional_expansion                   : None
# conditional_extension                   : None
# counters                                : []
# enable_split_tracks                     : False
# ignore_segment_tracks                   : True
# input_filename_counts                   : None
# input_filename_descriptions             : None
# input_filename_results                  : None
# isochore_files                          : ['analysis/20220622_LocationPatterns/GATfiles/Isochores/isochores_NAHR_Med.bed']
# loglevel                                : 1
# nbuckets                                : 100000
# null                                    : default
# num_samples                             : 1000
# num_threads                             : 0
# output_bed                              : []
# output_counts_pattern                   : None
# output_filename_pattern                 : %s
# output_force                            : False
# output_order                            : fold
# output_plots_pattern                    : None
# output_samples_pattern                  : None
# output_stats                            : []
# output_tables_pattern                   : %s.tsv.gz
# overlapping_annotations                 : False
# pseudo_count                            : 1.0
# pvalue_method                           : empirical
# qvalue_lambda                           : None
# qvalue_method                           : BH
# qvalue_pi0_method                       : smoother
# random_seed                             : None
# restrict_workspace                      : False
# sample_files                            : []
# sampler                                 : annotator
# segment_files                           : ['analysis/20220622_LocationPatterns/GATfiles/Segments/LFNAHR_Med.bed']
# shift_expansion                         : 2.0
# shift_extension                         : 0
# short_help                              : None
# stderr                                  : <_io.TextIOWrapper name='<stderr>' mode='w' encoding='utf-8'>
# stdin                                   : <_io.TextIOWrapper name='<stdin>' mode='r' encoding='utf-8'>
# stdlog                                  : <_io.TextIOWrapper name='analysis/20220622_LocationPatterns/GATresults/NAHR_Med/log/LFNAHR_Med_annotations_repeats.log' mode='a' encoding='UTF-8'>
# stdout                                  : <_io.TextIOWrapper name='analysis/20220622_LocationPatterns/GATresults/NAHR_Med/tsv/LFNAHR_Med_annotations_repeats.tsv' mode='w' encoding='UTF-8'>
# timeit_file                             : None
# timeit_header                           : None
# timeit_name                             : all
# truncate_segments_to_workspace          : False
# truncate_workspace_to_annotations       : False
# workspace_files                         : ['analysis/20220622_LocationPatterns/GATfiles/Workspace/workspace_avgBherer.bed']
2022-06-22 23:38:06,887 INFO segments: reading tracks from 1 files
2022-06-22 23:38:06,888 INFO segments: read 1 tracks from 1 files
2022-06-22 23:38:06,888 INFO annotations: reading tracks from 1 files
2022-06-22 23:38:07,001 INFO annotations: read 1 tracks from 1 files
2022-06-22 23:38:07,005 INFO workspaces: reading tracks from 1 files
2022-06-22 23:38:07,005 INFO workspaces: read 1 tracks from 1 files
2022-06-22 23:38:07,005 INFO collapsing workspaces
2022-06-22 23:38:07,005 INFO isochores: reading isochores from 1 files
2022-06-22 23:38:07,007 INFO intervals loaded in 0 seconds
2022-06-22 23:38:07,007 INFO adding isochores to workspace
2022-06-22 23:38:07,007 INFO collecting observed counts
2022-06-22 23:38:07,007 INFO starting sampling
2022-06-22 23:38:07,007 INFO sampling: merged: 1/1
2022-06-22 23:38:07,007 INFO performing unconditional sampling
2022-06-22 23:38:07,008 INFO workspace without conditioning: 1090 segments, 2678195140 nucleotides
2022-06-22 23:38:07,008 INFO workspace after conditioning: 1090 segments, 2678195140 nucleotides
2022-06-22 23:38:07,008 INFO sampling started
2022-06-22 23:38:07,010 INFO 0/1000 done ( 0.00)
2022-06-22 23:38:07,051 INFO 100/1000 done (10.00)
2022-06-22 23:38:07,093 INFO 200/1000 done (20.00)
2022-06-22 23:38:07,135 INFO 300/1000 done (30.00)
2022-06-22 23:38:07,176 INFO 400/1000 done (40.00)
2022-06-22 23:38:07,218 INFO 500/1000 done (50.00)
2022-06-22 23:38:07,260 INFO 600/1000 done (60.00)
2022-06-22 23:38:07,301 INFO 700/1000 done (70.00)
2022-06-22 23:38:07,344 INFO 800/1000 done (80.00)
2022-06-22 23:38:07,386 INFO 900/1000 done (90.00)
2022-06-22 23:38:07,428 INFO sampling completed
2022-06-22 23:38:07,428 INFO sampling finished
2022-06-22 23:38:07,428 INFO computing PValue statistics
2022-06-22 23:38:07,429 INFO computing FDR statistics
# job finished in 0 seconds at Wed Jun 22 23:38:07 2022 --  1.28  0.02  0.00  0.00 -- 022bbd6e-1985-4197-8347-051a3e9716f3
# output generated by /home/rgomez/anaconda3/bin/gat-run.py --segments=analysis/20220622_LocationPatterns/GATfiles/Segments/LFNAHR_Med.bed --isochores=analysis/20220622_LocationPatterns/GATfiles/Isochores/isochores_NAHR_Med.bed --annotations=analysis/20220622_LocationPatterns/GATfiles/Annotations/annotations_repeats.bed --workspace=analysis/20220622_LocationPatterns/GATfiles/Workspace/workspace_avgBherer.bed --num-samples=1000 --log=analysis/20220622_LocationPatterns/GATresults/NAHR_Med/log/LFNAHR_Med_annotations_repeats.log --stdout=analysis/20220622_LocationPatterns/GATresults/NAHR_Med/tsv/LFNAHR_Med_annotations_repeats.tsv
# job started at Wed Jun 22 23:39:16 2022 on rgomez-pc -- 857be06f-a965-4cc5-873e-b5aec3092762
# pid: 29465, system: Linux 5.3.0-7648-generic #41~1586790036~18.04~600aeb5-Ubuntu SMP Mon Apr 13 17:47:15 UTC  x86_64
# annotation_files                        : ['analysis/20220622_LocationPatterns/GATfiles/Annotations/annotations_repeats.bed']
# annotations_label                       : None
# annotations_to_points                   : None
# bucket_size                             : 0
# cache                                   : None
# conditional                             : unconditional
# conditional_expansion                   : None
# conditional_extension                   : None
# counters                                : []
# enable_split_tracks                     : False
# ignore_segment_tracks                   : True
# input_filename_counts                   : None
# input_filename_descriptions             : None
# input_filename_results                  : None
# isochore_files                          : ['analysis/20220622_LocationPatterns/GATfiles/Isochores/isochores_NAHR_Med.bed']
# loglevel                                : 1
# nbuckets                                : 100000
# null                                    : default
# num_samples                             : 1000
# num_threads                             : 0
# output_bed                              : []
# output_counts_pattern                   : None
# output_filename_pattern                 : %s
# output_force                            : False
# output_order                            : fold
# output_plots_pattern                    : None
# output_samples_pattern                  : None
# output_stats                            : []
# output_tables_pattern                   : %s.tsv.gz
# overlapping_annotations                 : False
# pseudo_count                            : 1.0
# pvalue_method                           : empirical
# qvalue_lambda                           : None
# qvalue_method                           : BH
# qvalue_pi0_method                       : smoother
# random_seed                             : None
# restrict_workspace                      : False
# sample_files                            : []
# sampler                                 : annotator
# segment_files                           : ['analysis/20220622_LocationPatterns/GATfiles/Segments/LFNAHR_Med.bed']
# shift_expansion                         : 2.0
# shift_extension                         : 0
# short_help                              : None
# stderr                                  : <_io.TextIOWrapper name='<stderr>' mode='w' encoding='utf-8'>
# stdin                                   : <_io.TextIOWrapper name='<stdin>' mode='r' encoding='utf-8'>
# stdlog                                  : <_io.TextIOWrapper name='analysis/20220622_LocationPatterns/GATresults/NAHR_Med/log/LFNAHR_Med_annotations_repeats.log' mode='a' encoding='UTF-8'>
# stdout                                  : <_io.TextIOWrapper name='analysis/20220622_LocationPatterns/GATresults/NAHR_Med/tsv/LFNAHR_Med_annotations_repeats.tsv' mode='w' encoding='UTF-8'>
# timeit_file                             : None
# timeit_header                           : None
# timeit_name                             : all
# truncate_segments_to_workspace          : False
# truncate_workspace_to_annotations       : False
# workspace_files                         : ['analysis/20220622_LocationPatterns/GATfiles/Workspace/workspace_avgBherer.bed']
2022-06-22 23:39:16,845 INFO segments: reading tracks from 1 files
2022-06-22 23:39:16,846 INFO segments: read 1 tracks from 1 files
2022-06-22 23:39:16,846 INFO annotations: reading tracks from 1 files
2022-06-22 23:39:16,988 INFO annotations: read 1 tracks from 1 files
2022-06-22 23:39:16,996 INFO workspaces: reading tracks from 1 files
2022-06-22 23:39:16,997 INFO workspaces: read 1 tracks from 1 files
2022-06-22 23:39:16,997 INFO collapsing workspaces
2022-06-22 23:39:16,997 INFO isochores: reading isochores from 1 files
2022-06-22 23:39:17,002 INFO intervals loaded in 0 seconds
2022-06-22 23:39:17,002 INFO adding isochores to workspace
2022-06-22 23:39:17,002 INFO collecting observed counts
2022-06-22 23:39:17,002 INFO starting sampling
2022-06-22 23:39:17,003 INFO sampling: merged: 1/1
2022-06-22 23:39:17,003 INFO performing unconditional sampling
2022-06-22 23:39:17,003 INFO workspace without conditioning: 1090 segments, 2678195140 nucleotides
2022-06-22 23:39:17,003 INFO workspace after conditioning: 1090 segments, 2678195140 nucleotides
2022-06-22 23:39:17,004 INFO sampling started
2022-06-22 23:39:17,005 INFO 0/1000 done ( 0.00)
2022-06-22 23:39:17,032 INFO 100/1000 done (10.00)
2022-06-22 23:39:17,056 INFO 200/1000 done (20.00)
2022-06-22 23:39:17,091 INFO 300/1000 done (30.00)
2022-06-22 23:39:17,115 INFO 400/1000 done (40.00)
2022-06-22 23:39:17,139 INFO 500/1000 done (50.00)
2022-06-22 23:39:17,162 INFO 600/1000 done (60.00)
2022-06-22 23:39:17,185 INFO 700/1000 done (70.00)
2022-06-22 23:39:17,208 INFO 800/1000 done (80.00)
2022-06-22 23:39:17,231 INFO 900/1000 done (90.00)
2022-06-22 23:39:17,254 INFO sampling completed
2022-06-22 23:39:17,254 INFO sampling finished
2022-06-22 23:39:17,254 INFO computing PValue statistics
2022-06-22 23:39:17,255 INFO computing FDR statistics
# job finished in 0 seconds at Wed Jun 22 23:39:17 2022 --  1.11  0.06  0.00  0.00 -- 857be06f-a965-4cc5-873e-b5aec3092762
# output generated by /home/rgomez/anaconda3/bin/gat-run.py --segments=analysis/20220622_LocationPatterns/GATfiles/Segments/LFNAHR_Med.bed --isochores=analysis/20220622_LocationPatterns/GATfiles/Isochores/isochores_NAHR_Med.bed --annotations=analysis/20220622_LocationPatterns/GATfiles/Annotations/annotations_repeats.bed --workspace=analysis/20220622_LocationPatterns/GATfiles/Workspace/workspace_avgBherer.bed --num-samples=1000 --log=analysis/20220622_LocationPatterns/GATresults/NAHR_Med/log/LFNAHR_Med_annotations_repeats.log --stdout=analysis/20220622_LocationPatterns/GATresults/NAHR_Med/tsv/LFNAHR_Med_annotations_repeats.tsv
# job started at Wed Jun 22 23:40:28 2022 on rgomez-pc -- 176e9929-70be-427e-81e3-75e5048f2b4a
# pid: 29631, system: Linux 5.3.0-7648-generic #41~1586790036~18.04~600aeb5-Ubuntu SMP Mon Apr 13 17:47:15 UTC  x86_64
# annotation_files                        : ['analysis/20220622_LocationPatterns/GATfiles/Annotations/annotations_repeats.bed']
# annotations_label                       : None
# annotations_to_points                   : None
# bucket_size                             : 0
# cache                                   : None
# conditional                             : unconditional
# conditional_expansion                   : None
# conditional_extension                   : None
# counters                                : []
# enable_split_tracks                     : False
# ignore_segment_tracks                   : True
# input_filename_counts                   : None
# input_filename_descriptions             : None
# input_filename_results                  : None
# isochore_files                          : ['analysis/20220622_LocationPatterns/GATfiles/Isochores/isochores_NAHR_Med.bed']
# loglevel                                : 1
# nbuckets                                : 100000
# null                                    : default
# num_samples                             : 1000
# num_threads                             : 0
# output_bed                              : []
# output_counts_pattern                   : None
# output_filename_pattern                 : %s
# output_force                            : False
# output_order                            : fold
# output_plots_pattern                    : None
# output_samples_pattern                  : None
# output_stats                            : []
# output_tables_pattern                   : %s.tsv.gz
# overlapping_annotations                 : False
# pseudo_count                            : 1.0
# pvalue_method                           : empirical
# qvalue_lambda                           : None
# qvalue_method                           : BH
# qvalue_pi0_method                       : smoother
# random_seed                             : None
# restrict_workspace                      : False
# sample_files                            : []
# sampler                                 : annotator
# segment_files                           : ['analysis/20220622_LocationPatterns/GATfiles/Segments/LFNAHR_Med.bed']
# shift_expansion                         : 2.0
# shift_extension                         : 0
# short_help                              : None
# stderr                                  : <_io.TextIOWrapper name='<stderr>' mode='w' encoding='utf-8'>
# stdin                                   : <_io.TextIOWrapper name='<stdin>' mode='r' encoding='utf-8'>
# stdlog                                  : <_io.TextIOWrapper name='analysis/20220622_LocationPatterns/GATresults/NAHR_Med/log/LFNAHR_Med_annotations_repeats.log' mode='a' encoding='UTF-8'>
# stdout                                  : <_io.TextIOWrapper name='analysis/20220622_LocationPatterns/GATresults/NAHR_Med/tsv/LFNAHR_Med_annotations_repeats.tsv' mode='w' encoding='UTF-8'>
# timeit_file                             : None
# timeit_header                           : None
# timeit_name                             : all
# truncate_segments_to_workspace          : False
# truncate_workspace_to_annotations       : False
# workspace_files                         : ['analysis/20220622_LocationPatterns/GATfiles/Workspace/workspace_avgBherer.bed']
2022-06-22 23:40:28,353 INFO segments: reading tracks from 1 files
2022-06-22 23:40:28,353 INFO segments: read 1 tracks from 1 files
2022-06-22 23:40:28,353 INFO annotations: reading tracks from 1 files
2022-06-22 23:40:28,464 INFO annotations: read 1 tracks from 1 files
2022-06-22 23:40:28,468 INFO workspaces: reading tracks from 1 files
2022-06-22 23:40:28,468 INFO workspaces: read 1 tracks from 1 files
2022-06-22 23:40:28,468 INFO collapsing workspaces
2022-06-22 23:40:28,468 INFO isochores: reading isochores from 1 files
2022-06-22 23:40:28,470 INFO intervals loaded in 0 seconds
2022-06-22 23:40:28,470 INFO adding isochores to workspace
2022-06-22 23:40:28,470 INFO collecting observed counts
2022-06-22 23:40:28,470 INFO starting sampling
2022-06-22 23:40:28,470 INFO sampling: merged: 1/1
2022-06-22 23:40:28,471 INFO performing unconditional sampling
2022-06-22 23:40:28,471 INFO workspace without conditioning: 1090 segments, 2678195140 nucleotides
2022-06-22 23:40:28,471 INFO workspace after conditioning: 1090 segments, 2678195140 nucleotides
2022-06-22 23:40:28,472 INFO sampling started
2022-06-22 23:40:28,474 INFO 0/1000 done ( 0.00)
2022-06-22 23:40:28,644 INFO 100/1000 done (10.00)
2022-06-22 23:40:28,815 INFO 200/1000 done (20.00)
2022-06-22 23:40:28,985 INFO 300/1000 done (30.00)
2022-06-22 23:40:29,155 INFO 400/1000 done (40.00)
2022-06-22 23:40:29,325 INFO 500/1000 done (50.00)
2022-06-22 23:40:29,495 INFO 600/1000 done (60.00)
2022-06-22 23:40:29,665 INFO 700/1000 done (70.00)
2022-06-22 23:40:29,840 INFO 800/1000 done (80.00)
2022-06-22 23:40:30,011 INFO 900/1000 done (90.00)
2022-06-22 23:40:30,179 INFO sampling completed
2022-06-22 23:40:30,179 INFO sampling finished
2022-06-22 23:40:30,179 INFO computing PValue statistics
2022-06-22 23:40:30,180 INFO computing FDR statistics
# job finished in 1 seconds at Wed Jun 22 23:40:30 2022 --  2.55  0.04  0.00  0.00 -- 176e9929-70be-427e-81e3-75e5048f2b4a
# output generated by /home/rgomez/anaconda3/bin/gat-run.py --segments=analysis/20220622_LocationPatterns/GATfiles/Segments/LFNAHR_Med.bed --isochores=analysis/20220622_LocationPatterns/GATfiles/Isochores/isochores_NAHR_Med.bed --annotations=analysis/20220622_LocationPatterns/GATfiles/Annotations/annotations_repeats.bed --workspace=analysis/20220622_LocationPatterns/GATfiles/Workspace/workspace_avgBherer.bed --num-samples=1000 --log=analysis/20220622_LocationPatterns/GATresults/NAHR_Med/log/LFNAHR_Med_annotations_repeats.log --stdout=analysis/20220622_LocationPatterns/GATresults/NAHR_Med/tsv/LFNAHR_Med_annotations_repeats.tsv
# job started at Wed Jun 22 23:41:50 2022 on rgomez-pc -- 63bc71e9-2dc2-4583-a503-f6909d5f4c4a
# pid: 29801, system: Linux 5.3.0-7648-generic #41~1586790036~18.04~600aeb5-Ubuntu SMP Mon Apr 13 17:47:15 UTC  x86_64
# annotation_files                        : ['analysis/20220622_LocationPatterns/GATfiles/Annotations/annotations_repeats.bed']
# annotations_label                       : None
# annotations_to_points                   : None
# bucket_size                             : 0
# cache                                   : None
# conditional                             : unconditional
# conditional_expansion                   : None
# conditional_extension                   : None
# counters                                : []
# enable_split_tracks                     : False
# ignore_segment_tracks                   : True
# input_filename_counts                   : None
# input_filename_descriptions             : None
# input_filename_results                  : None
# isochore_files                          : ['analysis/20220622_LocationPatterns/GATfiles/Isochores/isochores_NAHR_Med.bed']
# loglevel                                : 1
# nbuckets                                : 100000
# null                                    : default
# num_samples                             : 1000
# num_threads                             : 0
# output_bed                              : []
# output_counts_pattern                   : None
# output_filename_pattern                 : %s
# output_force                            : False
# output_order                            : fold
# output_plots_pattern                    : None
# output_samples_pattern                  : None
# output_stats                            : []
# output_tables_pattern                   : %s.tsv.gz
# overlapping_annotations                 : False
# pseudo_count                            : 1.0
# pvalue_method                           : empirical
# qvalue_lambda                           : None
# qvalue_method                           : BH
# qvalue_pi0_method                       : smoother
# random_seed                             : None
# restrict_workspace                      : False
# sample_files                            : []
# sampler                                 : annotator
# segment_files                           : ['analysis/20220622_LocationPatterns/GATfiles/Segments/LFNAHR_Med.bed']
# shift_expansion                         : 2.0
# shift_extension                         : 0
# short_help                              : None
# stderr                                  : <_io.TextIOWrapper name='<stderr>' mode='w' encoding='utf-8'>
# stdin                                   : <_io.TextIOWrapper name='<stdin>' mode='r' encoding='utf-8'>
# stdlog                                  : <_io.TextIOWrapper name='analysis/20220622_LocationPatterns/GATresults/NAHR_Med/log/LFNAHR_Med_annotations_repeats.log' mode='a' encoding='UTF-8'>
# stdout                                  : <_io.TextIOWrapper name='analysis/20220622_LocationPatterns/GATresults/NAHR_Med/tsv/LFNAHR_Med_annotations_repeats.tsv' mode='w' encoding='UTF-8'>
# timeit_file                             : None
# timeit_header                           : None
# timeit_name                             : all
# truncate_segments_to_workspace          : False
# truncate_workspace_to_annotations       : False
# workspace_files                         : ['analysis/20220622_LocationPatterns/GATfiles/Workspace/workspace_avgBherer.bed']
2022-06-22 23:41:50,188 INFO segments: reading tracks from 1 files
2022-06-22 23:41:50,189 INFO segments: read 1 tracks from 1 files
2022-06-22 23:41:50,189 INFO annotations: reading tracks from 1 files
2022-06-22 23:41:50,317 INFO annotations: read 1 tracks from 1 files
2022-06-22 23:41:50,322 INFO workspaces: reading tracks from 1 files
2022-06-22 23:41:50,322 INFO workspaces: read 1 tracks from 1 files
2022-06-22 23:41:50,322 INFO collapsing workspaces
2022-06-22 23:41:50,322 INFO isochores: reading isochores from 1 files
2022-06-22 23:41:50,324 INFO intervals loaded in 0 seconds
2022-06-22 23:41:50,324 INFO adding isochores to workspace
2022-06-22 23:41:50,325 INFO collecting observed counts
2022-06-22 23:41:50,325 INFO starting sampling
2022-06-22 23:41:50,325 INFO sampling: merged: 1/1
2022-06-22 23:41:50,325 INFO performing unconditional sampling
2022-06-22 23:41:50,326 INFO workspace without conditioning: 1090 segments, 2678195140 nucleotides
2022-06-22 23:41:50,326 INFO workspace after conditioning: 1090 segments, 2678195140 nucleotides
2022-06-22 23:41:50,326 INFO sampling started
2022-06-22 23:41:50,329 INFO 0/1000 done ( 0.00)
2022-06-22 23:41:50,518 INFO 100/1000 done (10.00)
2022-06-22 23:41:50,709 INFO 200/1000 done (20.00)
2022-06-22 23:41:50,902 INFO 300/1000 done (30.00)
2022-06-22 23:41:51,092 INFO 400/1000 done (40.00)
2022-06-22 23:41:51,282 INFO 500/1000 done (50.00)
2022-06-22 23:41:51,470 INFO 600/1000 done (60.00)
2022-06-22 23:41:51,660 INFO 700/1000 done (70.00)
2022-06-22 23:41:51,846 INFO 800/1000 done (80.00)
2022-06-22 23:41:52,034 INFO 900/1000 done (90.00)
2022-06-22 23:41:52,221 INFO sampling completed
2022-06-22 23:41:52,221 INFO sampling finished
2022-06-22 23:41:52,221 INFO computing PValue statistics
2022-06-22 23:41:52,222 INFO computing FDR statistics
# job finished in 2 seconds at Wed Jun 22 23:41:52 2022 --  2.89  0.05  0.00  0.00 -- 63bc71e9-2dc2-4583-a503-f6909d5f4c4a
