# output generated by /home/rgomez/anaconda3/bin/gat-run.py --segments=analysis/20220516_LocationPatterns/GATfiles/Segments/HFinvs.bed --annotations=analysis/20220516_LocationPatterns/GATfiles/Annotations/annotations_CEUSpence.bed --workspace=analysis/20220516_LocationPatterns/GATfiles/Workspace/workspace_CEUSpence.bed --num-samples=1000 --log=analysis/20220516_LocationPatterns/GATresults/log/HFinvs_CEUSpence.log --stdout=analysis/20220516_LocationPatterns/GATresults/HFinvs_CEUSpence.tsv
# job started at Mon May 16 17:40:37 2022 on rgomez-pc -- c8c4765c-d157-458a-aa32-8b51963f379a
# pid: 20460, system: Linux 5.3.0-7648-generic #41~1586790036~18.04~600aeb5-Ubuntu SMP Mon Apr 13 17:47:15 UTC  x86_64
# annotation_files                        : ['analysis/20220516_LocationPatterns/GATfiles/Annotations/annotations_CEUSpence.bed']
# annotations_label                       : None
# annotations_to_points                   : None
# bucket_size                             : 0
# cache                                   : None
# conditional                             : unconditional
# conditional_expansion                   : None
# conditional_extension                   : None
# counters                                : []
# enable_split_tracks                     : False
# ignore_segment_tracks                   : True
# input_filename_counts                   : None
# input_filename_descriptions             : None
# input_filename_results                  : None
# isochore_files                          : None
# loglevel                                : 1
# nbuckets                                : 100000
# null                                    : default
# num_samples                             : 1000
# num_threads                             : 0
# output_bed                              : []
# output_counts_pattern                   : None
# output_filename_pattern                 : %s
# output_force                            : False
# output_order                            : fold
# output_plots_pattern                    : None
# output_samples_pattern                  : None
# output_stats                            : []
# output_tables_pattern                   : %s.tsv.gz
# overlapping_annotations                 : False
# pseudo_count                            : 1.0
# pvalue_method                           : empirical
# qvalue_lambda                           : None
# qvalue_method                           : BH
# qvalue_pi0_method                       : smoother
# random_seed                             : None
# restrict_workspace                      : False
# sample_files                            : []
# sampler                                 : annotator
# segment_files                           : ['analysis/20220516_LocationPatterns/GATfiles/Segments/HFinvs.bed']
# shift_expansion                         : 2.0
# shift_extension                         : 0
# short_help                              : None
# stderr                                  : <_io.TextIOWrapper name='<stderr>' mode='w' encoding='utf-8'>
# stdin                                   : <_io.TextIOWrapper name='<stdin>' mode='r' encoding='utf-8'>
# stdlog                                  : <_io.TextIOWrapper name='analysis/20220516_LocationPatterns/GATresults/log/HFinvs_CEUSpence.log' mode='a' encoding='UTF-8'>
# stdout                                  : <_io.TextIOWrapper name='analysis/20220516_LocationPatterns/GATresults/HFinvs_CEUSpence.tsv' mode='w' encoding='UTF-8'>
# timeit_file                             : None
# timeit_header                           : None
# timeit_name                             : all
# truncate_segments_to_workspace          : False
# truncate_workspace_to_annotations       : False
# workspace_files                         : ['analysis/20220516_LocationPatterns/GATfiles/Workspace/workspace_CEUSpence.bed']
2022-05-16 17:40:37,327 INFO segments: reading tracks from 1 files
2022-05-16 17:40:37,327 INFO segments: read 1 tracks from 1 files
2022-05-16 17:40:37,327 INFO annotations: reading tracks from 1 files
2022-05-16 17:40:37,714 INFO annotations: read 6 tracks from 1 files
2022-05-16 17:40:37,719 INFO workspaces: reading tracks from 1 files
2022-05-16 17:40:37,719 INFO workspaces: read 1 tracks from 1 files
2022-05-16 17:40:37,719 INFO collapsing workspaces
2022-05-16 17:40:37,719 INFO intervals loaded in 0 seconds
2022-05-16 17:40:37,721 INFO collecting observed counts
2022-05-16 17:40:37,721 INFO starting sampling
2022-05-16 17:40:37,721 INFO sampling: merged: 1/1
2022-05-16 17:40:37,721 INFO performing unconditional sampling
2022-05-16 17:40:37,722 INFO workspace without conditioning: 40 segments, 2698883317 nucleotides
2022-05-16 17:40:37,722 INFO workspace after conditioning: 40 segments, 2698883317 nucleotides
2022-05-16 17:40:37,723 INFO sampling started
2022-05-16 17:40:37,730 INFO 0/1000 done ( 0.00)
2022-05-16 17:40:38,410 INFO 100/1000 done (10.00)
2022-05-16 17:40:39,086 INFO 200/1000 done (20.00)
2022-05-16 17:40:39,768 INFO 300/1000 done (30.00)
2022-05-16 17:40:40,434 INFO 400/1000 done (40.00)
2022-05-16 17:40:41,101 INFO 500/1000 done (50.00)
2022-05-16 17:40:41,786 INFO 600/1000 done (60.00)
2022-05-16 17:40:42,477 INFO 700/1000 done (70.00)
2022-05-16 17:40:43,289 INFO 800/1000 done (80.00)
2022-05-16 17:40:44,081 INFO 900/1000 done (90.00)
2022-05-16 17:40:44,756 INFO sampling completed
2022-05-16 17:40:44,757 INFO sampling finished
2022-05-16 17:40:44,757 INFO computing PValue statistics
2022-05-16 17:40:44,762 INFO computing FDR statistics
# job finished in 7 seconds at Mon May 16 17:40:44 2022 --  8.42  0.11  0.00  0.00 -- c8c4765c-d157-458a-aa32-8b51963f379a
# output generated by /home/rgomez/anaconda3/bin/gat-run.py --segments=analysis/20220516_LocationPatterns/GATfiles/Segments/HFinvs.bed --annotations=analysis/20220516_LocationPatterns/GATfiles/Annotations/annotations_CEUSpence.bed --isochores=analysis/20220516_LocationPatterns/GATfiles/GATfiles/Isochores/genomicSuperDups_COzones_0.1/windows.txt --workspace=analysis/20220516_LocationPatterns/GATfiles/Workspace/workspace_CEUSpence.bed --num-samples=1000 --log=analysis/20220516_LocationPatterns/GATresults/log/HFinvs_CEUSpence.log --stdout=analysis/20220516_LocationPatterns/GATresults/HFinvs_CEUSpence.tsv
# job started at Mon May 16 17:47:03 2022 on rgomez-pc -- 45e39317-ee68-4d22-9379-af9c179394fb
# pid: 20586, system: Linux 5.3.0-7648-generic #41~1586790036~18.04~600aeb5-Ubuntu SMP Mon Apr 13 17:47:15 UTC  x86_64
# annotation_files                        : ['analysis/20220516_LocationPatterns/GATfiles/Annotations/annotations_CEUSpence.bed']
# annotations_label                       : None
# annotations_to_points                   : None
# bucket_size                             : 0
# cache                                   : None
# conditional                             : unconditional
# conditional_expansion                   : None
# conditional_extension                   : None
# counters                                : []
# enable_split_tracks                     : False
# ignore_segment_tracks                   : True
# input_filename_counts                   : None
# input_filename_descriptions             : None
# input_filename_results                  : None
# isochore_files                          : ['analysis/20220516_LocationPatterns/GATfiles/GATfiles/Isochores/genomicSuperDups_COzones_0.1/windows.txt']
# loglevel                                : 1
# nbuckets                                : 100000
# null                                    : default
# num_samples                             : 1000
# num_threads                             : 0
# output_bed                              : []
# output_counts_pattern                   : None
# output_filename_pattern                 : %s
# output_force                            : False
# output_order                            : fold
# output_plots_pattern                    : None
# output_samples_pattern                  : None
# output_stats                            : []
# output_tables_pattern                   : %s.tsv.gz
# overlapping_annotations                 : False
# pseudo_count                            : 1.0
# pvalue_method                           : empirical
# qvalue_lambda                           : None
# qvalue_method                           : BH
# qvalue_pi0_method                       : smoother
# random_seed                             : None
# restrict_workspace                      : False
# sample_files                            : []
# sampler                                 : annotator
# segment_files                           : ['analysis/20220516_LocationPatterns/GATfiles/Segments/HFinvs.bed']
# shift_expansion                         : 2.0
# shift_extension                         : 0
# short_help                              : None
# stderr                                  : <_io.TextIOWrapper name='<stderr>' mode='w' encoding='utf-8'>
# stdin                                   : <_io.TextIOWrapper name='<stdin>' mode='r' encoding='utf-8'>
# stdlog                                  : <_io.TextIOWrapper name='analysis/20220516_LocationPatterns/GATresults/log/HFinvs_CEUSpence.log' mode='a' encoding='UTF-8'>
# stdout                                  : <_io.TextIOWrapper name='analysis/20220516_LocationPatterns/GATresults/HFinvs_CEUSpence.tsv' mode='w' encoding='UTF-8'>
# timeit_file                             : None
# timeit_header                           : None
# timeit_name                             : all
# truncate_segments_to_workspace          : False
# truncate_workspace_to_annotations       : False
# workspace_files                         : ['analysis/20220516_LocationPatterns/GATfiles/Workspace/workspace_CEUSpence.bed']
2022-05-16 17:47:03,440 INFO segments: reading tracks from 1 files
2022-05-16 17:47:03,441 INFO segments: read 1 tracks from 1 files
2022-05-16 17:47:03,441 INFO annotations: reading tracks from 1 files
2022-05-16 17:47:03,796 INFO annotations: read 6 tracks from 1 files
2022-05-16 17:47:03,801 INFO workspaces: reading tracks from 1 files
2022-05-16 17:47:03,802 INFO workspaces: read 1 tracks from 1 files
2022-05-16 17:47:03,802 INFO collapsing workspaces
2022-05-16 17:47:03,802 INFO isochores: reading isochores from 1 files
# output generated by /home/rgomez/anaconda3/bin/gat-run.py --segments=analysis/20220516_LocationPatterns/GATfiles/Segments/HFinvs.bed --annotations=analysis/20220516_LocationPatterns/GATfiles/Annotations/annotations_CEUSpence.bed --isochores=analysis/20220516_LocationPatterns/GATfiles/Isochores/genomicSuperDups_COzones_0.1/windows.txt --workspace=analysis/20220516_LocationPatterns/GATfiles/Workspace/workspace_CEUSpence.bed --num-samples=1000 --log=analysis/20220516_LocationPatterns/GATresults/log/HFinvs_CEUSpence.log --stdout=analysis/20220516_LocationPatterns/GATresults/HFinvs_CEUSpence.tsv
# job started at Mon May 16 17:47:55 2022 on rgomez-pc -- 52898bd2-f10b-4a99-b38b-8bfab15c44bb
# pid: 20696, system: Linux 5.3.0-7648-generic #41~1586790036~18.04~600aeb5-Ubuntu SMP Mon Apr 13 17:47:15 UTC  x86_64
# annotation_files                        : ['analysis/20220516_LocationPatterns/GATfiles/Annotations/annotations_CEUSpence.bed']
# annotations_label                       : None
# annotations_to_points                   : None
# bucket_size                             : 0
# cache                                   : None
# conditional                             : unconditional
# conditional_expansion                   : None
# conditional_extension                   : None
# counters                                : []
# enable_split_tracks                     : False
# ignore_segment_tracks                   : True
# input_filename_counts                   : None
# input_filename_descriptions             : None
# input_filename_results                  : None
# isochore_files                          : ['analysis/20220516_LocationPatterns/GATfiles/Isochores/genomicSuperDups_COzones_0.1/windows.txt']
# loglevel                                : 1
# nbuckets                                : 100000
# null                                    : default
# num_samples                             : 1000
# num_threads                             : 0
# output_bed                              : []
# output_counts_pattern                   : None
# output_filename_pattern                 : %s
# output_force                            : False
# output_order                            : fold
# output_plots_pattern                    : None
# output_samples_pattern                  : None
# output_stats                            : []
# output_tables_pattern                   : %s.tsv.gz
# overlapping_annotations                 : False
# pseudo_count                            : 1.0
# pvalue_method                           : empirical
# qvalue_lambda                           : None
# qvalue_method                           : BH
# qvalue_pi0_method                       : smoother
# random_seed                             : None
# restrict_workspace                      : False
# sample_files                            : []
# sampler                                 : annotator
# segment_files                           : ['analysis/20220516_LocationPatterns/GATfiles/Segments/HFinvs.bed']
# shift_expansion                         : 2.0
# shift_extension                         : 0
# short_help                              : None
# stderr                                  : <_io.TextIOWrapper name='<stderr>' mode='w' encoding='utf-8'>
# stdin                                   : <_io.TextIOWrapper name='<stdin>' mode='r' encoding='utf-8'>
# stdlog                                  : <_io.TextIOWrapper name='analysis/20220516_LocationPatterns/GATresults/log/HFinvs_CEUSpence.log' mode='a' encoding='UTF-8'>
# stdout                                  : <_io.TextIOWrapper name='analysis/20220516_LocationPatterns/GATresults/HFinvs_CEUSpence.tsv' mode='w' encoding='UTF-8'>
# timeit_file                             : None
# timeit_header                           : None
# timeit_name                             : all
# truncate_segments_to_workspace          : False
# truncate_workspace_to_annotations       : False
# workspace_files                         : ['analysis/20220516_LocationPatterns/GATfiles/Workspace/workspace_CEUSpence.bed']
2022-05-16 17:47:55,915 INFO segments: reading tracks from 1 files
2022-05-16 17:47:55,915 INFO segments: read 1 tracks from 1 files
2022-05-16 17:47:55,915 INFO annotations: reading tracks from 1 files
2022-05-16 17:47:56,278 INFO annotations: read 6 tracks from 1 files
2022-05-16 17:47:56,283 INFO workspaces: reading tracks from 1 files
2022-05-16 17:47:56,283 INFO workspaces: read 1 tracks from 1 files
2022-05-16 17:47:56,283 INFO collapsing workspaces
2022-05-16 17:47:56,283 INFO isochores: reading isochores from 1 files
# output generated by /home/rgomez/anaconda3/bin/gat-run.py --segments=analysis/20220516_LocationPatterns/GATfiles/Segments/HFinvs.bed --annotations=analysis/20220516_LocationPatterns/GATfiles/Annotations/annotations_CEUSpence.bed --isochores=analysis/20220516_LocationPatterns/GATfiles/Isochores/isochores_genomicSuperDups.bed --workspace=analysis/20220516_LocationPatterns/GATfiles/Workspace/workspace_CEUSpence.bed --num-samples=1000 --log=analysis/20220516_LocationPatterns/GATresults/log/HFinvs_CEUSpence.log --stdout=analysis/20220516_LocationPatterns/GATresults/HFinvs_CEUSpence.tsv
# job started at Mon May 16 17:51:53 2022 on rgomez-pc -- c91a8c25-ae14-4a01-8b95-06d77587ffdd
# pid: 21029, system: Linux 5.3.0-7648-generic #41~1586790036~18.04~600aeb5-Ubuntu SMP Mon Apr 13 17:47:15 UTC  x86_64
# annotation_files                        : ['analysis/20220516_LocationPatterns/GATfiles/Annotations/annotations_CEUSpence.bed']
# annotations_label                       : None
# annotations_to_points                   : None
# bucket_size                             : 0
# cache                                   : None
# conditional                             : unconditional
# conditional_expansion                   : None
# conditional_extension                   : None
# counters                                : []
# enable_split_tracks                     : False
# ignore_segment_tracks                   : True
# input_filename_counts                   : None
# input_filename_descriptions             : None
# input_filename_results                  : None
# isochore_files                          : ['analysis/20220516_LocationPatterns/GATfiles/Isochores/isochores_genomicSuperDups.bed']
# loglevel                                : 1
# nbuckets                                : 100000
# null                                    : default
# num_samples                             : 1000
# num_threads                             : 0
# output_bed                              : []
# output_counts_pattern                   : None
# output_filename_pattern                 : %s
# output_force                            : False
# output_order                            : fold
# output_plots_pattern                    : None
# output_samples_pattern                  : None
# output_stats                            : []
# output_tables_pattern                   : %s.tsv.gz
# overlapping_annotations                 : False
# pseudo_count                            : 1.0
# pvalue_method                           : empirical
# qvalue_lambda                           : None
# qvalue_method                           : BH
# qvalue_pi0_method                       : smoother
# random_seed                             : None
# restrict_workspace                      : False
# sample_files                            : []
# sampler                                 : annotator
# segment_files                           : ['analysis/20220516_LocationPatterns/GATfiles/Segments/HFinvs.bed']
# shift_expansion                         : 2.0
# shift_extension                         : 0
# short_help                              : None
# stderr                                  : <_io.TextIOWrapper name='<stderr>' mode='w' encoding='utf-8'>
# stdin                                   : <_io.TextIOWrapper name='<stdin>' mode='r' encoding='utf-8'>
# stdlog                                  : <_io.TextIOWrapper name='analysis/20220516_LocationPatterns/GATresults/log/HFinvs_CEUSpence.log' mode='a' encoding='UTF-8'>
# stdout                                  : <_io.TextIOWrapper name='analysis/20220516_LocationPatterns/GATresults/HFinvs_CEUSpence.tsv' mode='w' encoding='UTF-8'>
# timeit_file                             : None
# timeit_header                           : None
# timeit_name                             : all
# truncate_segments_to_workspace          : False
# truncate_workspace_to_annotations       : False
# workspace_files                         : ['analysis/20220516_LocationPatterns/GATfiles/Workspace/workspace_CEUSpence.bed']
2022-05-16 17:51:53,020 INFO segments: reading tracks from 1 files
2022-05-16 17:51:53,021 INFO segments: read 1 tracks from 1 files
2022-05-16 17:51:53,021 INFO annotations: reading tracks from 1 files
2022-05-16 17:51:53,410 INFO annotations: read 6 tracks from 1 files
2022-05-16 17:51:53,417 INFO workspaces: reading tracks from 1 files
2022-05-16 17:51:53,417 INFO workspaces: read 1 tracks from 1 files
2022-05-16 17:51:53,417 INFO collapsing workspaces
2022-05-16 17:51:53,418 INFO isochores: reading isochores from 1 files
2022-05-16 17:51:53,418 INFO intervals loaded in 0 seconds
2022-05-16 17:51:53,418 INFO adding isochores to workspace
2022-05-16 17:51:53,420 INFO collecting observed counts
2022-05-16 17:51:53,420 INFO starting sampling
2022-05-16 17:51:53,420 INFO sampling: merged: 1/1
2022-05-16 17:51:53,420 INFO performing unconditional sampling
