# output generated by /home/rgomez/anaconda3/bin/gat-run.py --segments=analysis/20220516_LocationPatterns/GATfiles/Segments/HFNAHRno501invs.bed --annotations=analysis/20220516_LocationPatterns/GATfiles/Annotations/annotations_CEUSpence.bed --isochores=analysis/20220516_LocationPatterns/GATfiles/GATfiles/Isochores/genomicSuperDups_COzones_0.1/windows.txt --workspace=analysis/20220516_LocationPatterns/GATfiles/Workspace/workspace_CEUSpence.bed --num-samples=1000 --log=analysis/20220516_LocationPatterns/GATresults/log/HFNAHRno501invs_CEUSpence.log --stdout=analysis/20220516_LocationPatterns/GATresults/HFNAHRno501invs_CEUSpence.tsv
# job started at Mon May 16 17:47:06 2022 on rgomez-pc -- be6e7f15-3f42-4d2a-9ced-4ebd9c6b1000
# pid: 20603, system: Linux 5.3.0-7648-generic #41~1586790036~18.04~600aeb5-Ubuntu SMP Mon Apr 13 17:47:15 UTC  x86_64
# annotation_files                        : ['analysis/20220516_LocationPatterns/GATfiles/Annotations/annotations_CEUSpence.bed']
# annotations_label                       : None
# annotations_to_points                   : None
# bucket_size                             : 0
# cache                                   : None
# conditional                             : unconditional
# conditional_expansion                   : None
# conditional_extension                   : None
# counters                                : []
# enable_split_tracks                     : False
# ignore_segment_tracks                   : True
# input_filename_counts                   : None
# input_filename_descriptions             : None
# input_filename_results                  : None
# isochore_files                          : ['analysis/20220516_LocationPatterns/GATfiles/GATfiles/Isochores/genomicSuperDups_COzones_0.1/windows.txt']
# loglevel                                : 1
# nbuckets                                : 100000
# null                                    : default
# num_samples                             : 1000
# num_threads                             : 0
# output_bed                              : []
# output_counts_pattern                   : None
# output_filename_pattern                 : %s
# output_force                            : False
# output_order                            : fold
# output_plots_pattern                    : None
# output_samples_pattern                  : None
# output_stats                            : []
# output_tables_pattern                   : %s.tsv.gz
# overlapping_annotations                 : False
# pseudo_count                            : 1.0
# pvalue_method                           : empirical
# qvalue_lambda                           : None
# qvalue_method                           : BH
# qvalue_pi0_method                       : smoother
# random_seed                             : None
# restrict_workspace                      : False
# sample_files                            : []
# sampler                                 : annotator
# segment_files                           : ['analysis/20220516_LocationPatterns/GATfiles/Segments/HFNAHRno501invs.bed']
# shift_expansion                         : 2.0
# shift_extension                         : 0
# short_help                              : None
# stderr                                  : <_io.TextIOWrapper name='<stderr>' mode='w' encoding='utf-8'>
# stdin                                   : <_io.TextIOWrapper name='<stdin>' mode='r' encoding='utf-8'>
# stdlog                                  : <_io.TextIOWrapper name='analysis/20220516_LocationPatterns/GATresults/log/HFNAHRno501invs_CEUSpence.log' mode='a' encoding='UTF-8'>
# stdout                                  : <_io.TextIOWrapper name='analysis/20220516_LocationPatterns/GATresults/HFNAHRno501invs_CEUSpence.tsv' mode='w' encoding='UTF-8'>
# timeit_file                             : None
# timeit_header                           : None
# timeit_name                             : all
# truncate_segments_to_workspace          : False
# truncate_workspace_to_annotations       : False
# workspace_files                         : ['analysis/20220516_LocationPatterns/GATfiles/Workspace/workspace_CEUSpence.bed']
2022-05-16 17:47:06,384 INFO segments: reading tracks from 1 files
2022-05-16 17:47:06,384 INFO segments: read 1 tracks from 1 files
2022-05-16 17:47:06,384 INFO annotations: reading tracks from 1 files
2022-05-16 17:47:06,775 INFO annotations: read 6 tracks from 1 files
2022-05-16 17:47:06,780 INFO workspaces: reading tracks from 1 files
2022-05-16 17:47:06,780 INFO workspaces: read 1 tracks from 1 files
2022-05-16 17:47:06,780 INFO collapsing workspaces
2022-05-16 17:47:06,781 INFO isochores: reading isochores from 1 files
# output generated by /home/rgomez/anaconda3/bin/gat-run.py --segments=analysis/20220516_LocationPatterns/GATfiles/Segments/HFNAHRno501invs.bed --annotations=analysis/20220516_LocationPatterns/GATfiles/Annotations/annotations_CEUSpence.bed --isochores=analysis/20220516_LocationPatterns/GATfiles/Isochores/genomicSuperDups_COzones_0.1/windows.txt --workspace=analysis/20220516_LocationPatterns/GATfiles/Workspace/workspace_CEUSpence.bed --num-samples=1000 --log=analysis/20220516_LocationPatterns/GATresults/log/HFNAHRno501invs_CEUSpence.log --stdout=analysis/20220516_LocationPatterns/GATresults/HFNAHRno501invs_CEUSpence.tsv
# job started at Mon May 16 17:47:58 2022 on rgomez-pc -- 626b1b49-ac66-45bb-b96c-7d6fb4b75302
# pid: 20713, system: Linux 5.3.0-7648-generic #41~1586790036~18.04~600aeb5-Ubuntu SMP Mon Apr 13 17:47:15 UTC  x86_64
# annotation_files                        : ['analysis/20220516_LocationPatterns/GATfiles/Annotations/annotations_CEUSpence.bed']
# annotations_label                       : None
# annotations_to_points                   : None
# bucket_size                             : 0
# cache                                   : None
# conditional                             : unconditional
# conditional_expansion                   : None
# conditional_extension                   : None
# counters                                : []
# enable_split_tracks                     : False
# ignore_segment_tracks                   : True
# input_filename_counts                   : None
# input_filename_descriptions             : None
# input_filename_results                  : None
# isochore_files                          : ['analysis/20220516_LocationPatterns/GATfiles/Isochores/genomicSuperDups_COzones_0.1/windows.txt']
# loglevel                                : 1
# nbuckets                                : 100000
# null                                    : default
# num_samples                             : 1000
# num_threads                             : 0
# output_bed                              : []
# output_counts_pattern                   : None
# output_filename_pattern                 : %s
# output_force                            : False
# output_order                            : fold
# output_plots_pattern                    : None
# output_samples_pattern                  : None
# output_stats                            : []
# output_tables_pattern                   : %s.tsv.gz
# overlapping_annotations                 : False
# pseudo_count                            : 1.0
# pvalue_method                           : empirical
# qvalue_lambda                           : None
# qvalue_method                           : BH
# qvalue_pi0_method                       : smoother
# random_seed                             : None
# restrict_workspace                      : False
# sample_files                            : []
# sampler                                 : annotator
# segment_files                           : ['analysis/20220516_LocationPatterns/GATfiles/Segments/HFNAHRno501invs.bed']
# shift_expansion                         : 2.0
# shift_extension                         : 0
# short_help                              : None
# stderr                                  : <_io.TextIOWrapper name='<stderr>' mode='w' encoding='utf-8'>
# stdin                                   : <_io.TextIOWrapper name='<stdin>' mode='r' encoding='utf-8'>
# stdlog                                  : <_io.TextIOWrapper name='analysis/20220516_LocationPatterns/GATresults/log/HFNAHRno501invs_CEUSpence.log' mode='a' encoding='UTF-8'>
# stdout                                  : <_io.TextIOWrapper name='analysis/20220516_LocationPatterns/GATresults/HFNAHRno501invs_CEUSpence.tsv' mode='w' encoding='UTF-8'>
# timeit_file                             : None
# timeit_header                           : None
# timeit_name                             : all
# truncate_segments_to_workspace          : False
# truncate_workspace_to_annotations       : False
# workspace_files                         : ['analysis/20220516_LocationPatterns/GATfiles/Workspace/workspace_CEUSpence.bed']
2022-05-16 17:47:58,720 INFO segments: reading tracks from 1 files
2022-05-16 17:47:58,721 INFO segments: read 1 tracks from 1 files
2022-05-16 17:47:58,721 INFO annotations: reading tracks from 1 files
2022-05-16 17:47:59,075 INFO annotations: read 6 tracks from 1 files
2022-05-16 17:47:59,081 INFO workspaces: reading tracks from 1 files
2022-05-16 17:47:59,081 INFO workspaces: read 1 tracks from 1 files
2022-05-16 17:47:59,081 INFO collapsing workspaces
2022-05-16 17:47:59,081 INFO isochores: reading isochores from 1 files
# output generated by /home/rgomez/anaconda3/bin/gat-run.py --segments=analysis/20220516_LocationPatterns/GATfiles/Segments/HFNAHRno501invs.bed --annotations=analysis/20220516_LocationPatterns/GATfiles/Annotations/annotations_CEUSpence.bed --isochores=analysis/20220516_LocationPatterns/GATfiles/Isochores/isochores_genomicSuperDups.bed --workspace=analysis/20220516_LocationPatterns/GATfiles/Workspace/workspace_CEUSpence.bed --num-samples=1000 --log=analysis/20220516_LocationPatterns/GATresults/log/HFNAHRno501invs_CEUSpence.log --stdout=analysis/20220516_LocationPatterns/GATresults/HFNAHRno501invs_CEUSpence.tsv
# job started at Mon May 16 17:51:56 2022 on rgomez-pc -- 566299ea-8afe-4173-bae4-cc8aa37971ae
# pid: 21045, system: Linux 5.3.0-7648-generic #41~1586790036~18.04~600aeb5-Ubuntu SMP Mon Apr 13 17:47:15 UTC  x86_64
# annotation_files                        : ['analysis/20220516_LocationPatterns/GATfiles/Annotations/annotations_CEUSpence.bed']
# annotations_label                       : None
# annotations_to_points                   : None
# bucket_size                             : 0
# cache                                   : None
# conditional                             : unconditional
# conditional_expansion                   : None
# conditional_extension                   : None
# counters                                : []
# enable_split_tracks                     : False
# ignore_segment_tracks                   : True
# input_filename_counts                   : None
# input_filename_descriptions             : None
# input_filename_results                  : None
# isochore_files                          : ['analysis/20220516_LocationPatterns/GATfiles/Isochores/isochores_genomicSuperDups.bed']
# loglevel                                : 1
# nbuckets                                : 100000
# null                                    : default
# num_samples                             : 1000
# num_threads                             : 0
# output_bed                              : []
# output_counts_pattern                   : None
# output_filename_pattern                 : %s
# output_force                            : False
# output_order                            : fold
# output_plots_pattern                    : None
# output_samples_pattern                  : None
# output_stats                            : []
# output_tables_pattern                   : %s.tsv.gz
# overlapping_annotations                 : False
# pseudo_count                            : 1.0
# pvalue_method                           : empirical
# qvalue_lambda                           : None
# qvalue_method                           : BH
# qvalue_pi0_method                       : smoother
# random_seed                             : None
# restrict_workspace                      : False
# sample_files                            : []
# sampler                                 : annotator
# segment_files                           : ['analysis/20220516_LocationPatterns/GATfiles/Segments/HFNAHRno501invs.bed']
# shift_expansion                         : 2.0
# shift_extension                         : 0
# short_help                              : None
# stderr                                  : <_io.TextIOWrapper name='<stderr>' mode='w' encoding='utf-8'>
# stdin                                   : <_io.TextIOWrapper name='<stdin>' mode='r' encoding='utf-8'>
# stdlog                                  : <_io.TextIOWrapper name='analysis/20220516_LocationPatterns/GATresults/log/HFNAHRno501invs_CEUSpence.log' mode='a' encoding='UTF-8'>
# stdout                                  : <_io.TextIOWrapper name='analysis/20220516_LocationPatterns/GATresults/HFNAHRno501invs_CEUSpence.tsv' mode='w' encoding='UTF-8'>
# timeit_file                             : None
# timeit_header                           : None
# timeit_name                             : all
# truncate_segments_to_workspace          : False
# truncate_workspace_to_annotations       : False
# workspace_files                         : ['analysis/20220516_LocationPatterns/GATfiles/Workspace/workspace_CEUSpence.bed']
2022-05-16 17:51:56,048 INFO segments: reading tracks from 1 files
2022-05-16 17:51:56,049 INFO segments: read 1 tracks from 1 files
2022-05-16 17:51:56,049 INFO annotations: reading tracks from 1 files
2022-05-16 17:51:56,427 INFO annotations: read 6 tracks from 1 files
2022-05-16 17:51:56,433 INFO workspaces: reading tracks from 1 files
2022-05-16 17:51:56,433 INFO workspaces: read 1 tracks from 1 files
2022-05-16 17:51:56,433 INFO collapsing workspaces
2022-05-16 17:51:56,434 INFO isochores: reading isochores from 1 files
2022-05-16 17:51:56,434 INFO intervals loaded in 0 seconds
2022-05-16 17:51:56,434 INFO adding isochores to workspace
2022-05-16 17:51:56,436 INFO collecting observed counts
2022-05-16 17:51:56,436 INFO starting sampling
2022-05-16 17:51:56,436 INFO sampling: merged: 1/1
2022-05-16 17:51:56,436 INFO performing unconditional sampling
