# output generated by /home/rgomez/anaconda3/bin/gat-run.py --segments=analysis/20220516_LocationPatterns/GATfiles/Segments/HFNAHRinvs.bed --annotations=analysis/20220516_LocationPatterns/GATfiles/Annotations/annotations_CEUSpence.bed --workspace=analysis/20220516_LocationPatterns/GATfiles/Workspace/workspace_CEUSpence.bed --num-samples=1000 --log=analysis/20220516_LocationPatterns/GATresults/log/HFNAHRinvs_CEUSpence.log --stdout=analysis/20220516_LocationPatterns/GATresults/HFNAHRinvs_CEUSpence.tsv
# job started at Mon May 16 17:40:46 2022 on rgomez-pc -- 7d7b1d31-2ae1-4e65-8af8-3d8bfb12e8e8
# pid: 20475, system: Linux 5.3.0-7648-generic #41~1586790036~18.04~600aeb5-Ubuntu SMP Mon Apr 13 17:47:15 UTC  x86_64
# annotation_files                        : ['analysis/20220516_LocationPatterns/GATfiles/Annotations/annotations_CEUSpence.bed']
# annotations_label                       : None
# annotations_to_points                   : None
# bucket_size                             : 0
# cache                                   : None
# conditional                             : unconditional
# conditional_expansion                   : None
# conditional_extension                   : None
# counters                                : []
# enable_split_tracks                     : False
# ignore_segment_tracks                   : True
# input_filename_counts                   : None
# input_filename_descriptions             : None
# input_filename_results                  : None
# isochore_files                          : None
# loglevel                                : 1
# nbuckets                                : 100000
# null                                    : default
# num_samples                             : 1000
# num_threads                             : 0
# output_bed                              : []
# output_counts_pattern                   : None
# output_filename_pattern                 : %s
# output_force                            : False
# output_order                            : fold
# output_plots_pattern                    : None
# output_samples_pattern                  : None
# output_stats                            : []
# output_tables_pattern                   : %s.tsv.gz
# overlapping_annotations                 : False
# pseudo_count                            : 1.0
# pvalue_method                           : empirical
# qvalue_lambda                           : None
# qvalue_method                           : BH
# qvalue_pi0_method                       : smoother
# random_seed                             : None
# restrict_workspace                      : False
# sample_files                            : []
# sampler                                 : annotator
# segment_files                           : ['analysis/20220516_LocationPatterns/GATfiles/Segments/HFNAHRinvs.bed']
# shift_expansion                         : 2.0
# shift_extension                         : 0
# short_help                              : None
# stderr                                  : <_io.TextIOWrapper name='<stderr>' mode='w' encoding='utf-8'>
# stdin                                   : <_io.TextIOWrapper name='<stdin>' mode='r' encoding='utf-8'>
# stdlog                                  : <_io.TextIOWrapper name='analysis/20220516_LocationPatterns/GATresults/log/HFNAHRinvs_CEUSpence.log' mode='a' encoding='UTF-8'>
# stdout                                  : <_io.TextIOWrapper name='analysis/20220516_LocationPatterns/GATresults/HFNAHRinvs_CEUSpence.tsv' mode='w' encoding='UTF-8'>
# timeit_file                             : None
# timeit_header                           : None
# timeit_name                             : all
# truncate_segments_to_workspace          : False
# truncate_workspace_to_annotations       : False
# workspace_files                         : ['analysis/20220516_LocationPatterns/GATfiles/Workspace/workspace_CEUSpence.bed']
2022-05-16 17:40:46,052 INFO segments: reading tracks from 1 files
2022-05-16 17:40:46,052 INFO segments: read 1 tracks from 1 files
2022-05-16 17:40:46,052 INFO annotations: reading tracks from 1 files
2022-05-16 17:40:46,435 INFO annotations: read 6 tracks from 1 files
2022-05-16 17:40:46,440 INFO workspaces: reading tracks from 1 files
2022-05-16 17:40:46,441 INFO workspaces: read 1 tracks from 1 files
2022-05-16 17:40:46,441 INFO collapsing workspaces
2022-05-16 17:40:46,441 INFO intervals loaded in 0 seconds
2022-05-16 17:40:46,442 INFO collecting observed counts
2022-05-16 17:40:46,442 INFO starting sampling
2022-05-16 17:40:46,442 INFO sampling: merged: 1/1
2022-05-16 17:40:46,442 INFO performing unconditional sampling
2022-05-16 17:40:46,443 INFO workspace without conditioning: 40 segments, 2698883317 nucleotides
2022-05-16 17:40:46,443 INFO workspace after conditioning: 40 segments, 2698883317 nucleotides
2022-05-16 17:40:46,444 INFO sampling started
2022-05-16 17:40:46,448 INFO 0/1000 done ( 0.00)
2022-05-16 17:40:46,819 INFO 100/1000 done (10.00)
2022-05-16 17:40:47,195 INFO 200/1000 done (20.00)
2022-05-16 17:40:47,579 INFO 300/1000 done (30.00)
2022-05-16 17:40:47,966 INFO 400/1000 done (40.00)
2022-05-16 17:40:48,476 INFO 500/1000 done (50.00)
2022-05-16 17:40:48,913 INFO 600/1000 done (60.00)
2022-05-16 17:40:49,307 INFO 700/1000 done (70.00)
# output generated by /home/rgomez/anaconda3/bin/gat-run.py --segments=analysis/20220516_LocationPatterns/GATfiles/Segments/HFNAHRinvs.bed --annotations=analysis/20220516_LocationPatterns/GATfiles/Annotations/annotations_CEUSpence.bed --isochores=analysis/20220516_LocationPatterns/GATfiles/GATfiles/Isochores/genomicSuperDups_COzones_0.1/windows.txt --workspace=analysis/20220516_LocationPatterns/GATfiles/Workspace/workspace_CEUSpence.bed --num-samples=1000 --log=analysis/20220516_LocationPatterns/GATresults/log/HFNAHRinvs_CEUSpence.log --stdout=analysis/20220516_LocationPatterns/GATresults/HFNAHRinvs_CEUSpence.tsv
# job started at Mon May 16 17:47:04 2022 on rgomez-pc -- 9b783a03-1ad4-4f74-9ea2-f2310f5f85cd
# pid: 20595, system: Linux 5.3.0-7648-generic #41~1586790036~18.04~600aeb5-Ubuntu SMP Mon Apr 13 17:47:15 UTC  x86_64
# annotation_files                        : ['analysis/20220516_LocationPatterns/GATfiles/Annotations/annotations_CEUSpence.bed']
# annotations_label                       : None
# annotations_to_points                   : None
# bucket_size                             : 0
# cache                                   : None
# conditional                             : unconditional
# conditional_expansion                   : None
# conditional_extension                   : None
# counters                                : []
# enable_split_tracks                     : False
# ignore_segment_tracks                   : True
# input_filename_counts                   : None
# input_filename_descriptions             : None
# input_filename_results                  : None
# isochore_files                          : ['analysis/20220516_LocationPatterns/GATfiles/GATfiles/Isochores/genomicSuperDups_COzones_0.1/windows.txt']
# loglevel                                : 1
# nbuckets                                : 100000
# null                                    : default
# num_samples                             : 1000
# num_threads                             : 0
# output_bed                              : []
# output_counts_pattern                   : None
# output_filename_pattern                 : %s
# output_force                            : False
# output_order                            : fold
# output_plots_pattern                    : None
# output_samples_pattern                  : None
# output_stats                            : []
# output_tables_pattern                   : %s.tsv.gz
# overlapping_annotations                 : False
# pseudo_count                            : 1.0
# pvalue_method                           : empirical
# qvalue_lambda                           : None
# qvalue_method                           : BH
# qvalue_pi0_method                       : smoother
# random_seed                             : None
# restrict_workspace                      : False
# sample_files                            : []
# sampler                                 : annotator
# segment_files                           : ['analysis/20220516_LocationPatterns/GATfiles/Segments/HFNAHRinvs.bed']
# shift_expansion                         : 2.0
# shift_extension                         : 0
# short_help                              : None
# stderr                                  : <_io.TextIOWrapper name='<stderr>' mode='w' encoding='utf-8'>
# stdin                                   : <_io.TextIOWrapper name='<stdin>' mode='r' encoding='utf-8'>
# stdlog                                  : <_io.TextIOWrapper name='analysis/20220516_LocationPatterns/GATresults/log/HFNAHRinvs_CEUSpence.log' mode='a' encoding='UTF-8'>
# stdout                                  : <_io.TextIOWrapper name='analysis/20220516_LocationPatterns/GATresults/HFNAHRinvs_CEUSpence.tsv' mode='w' encoding='UTF-8'>
# timeit_file                             : None
# timeit_header                           : None
# timeit_name                             : all
# truncate_segments_to_workspace          : False
# truncate_workspace_to_annotations       : False
# workspace_files                         : ['analysis/20220516_LocationPatterns/GATfiles/Workspace/workspace_CEUSpence.bed']
2022-05-16 17:47:04,905 INFO segments: reading tracks from 1 files
2022-05-16 17:47:04,906 INFO segments: read 1 tracks from 1 files
2022-05-16 17:47:04,906 INFO annotations: reading tracks from 1 files
2022-05-16 17:47:05,273 INFO annotations: read 6 tracks from 1 files
2022-05-16 17:47:05,278 INFO workspaces: reading tracks from 1 files
2022-05-16 17:47:05,279 INFO workspaces: read 1 tracks from 1 files
2022-05-16 17:47:05,279 INFO collapsing workspaces
2022-05-16 17:47:05,279 INFO isochores: reading isochores from 1 files
# output generated by /home/rgomez/anaconda3/bin/gat-run.py --segments=analysis/20220516_LocationPatterns/GATfiles/Segments/HFNAHRinvs.bed --annotations=analysis/20220516_LocationPatterns/GATfiles/Annotations/annotations_CEUSpence.bed --isochores=analysis/20220516_LocationPatterns/GATfiles/Isochores/genomicSuperDups_COzones_0.1/windows.txt --workspace=analysis/20220516_LocationPatterns/GATfiles/Workspace/workspace_CEUSpence.bed --num-samples=1000 --log=analysis/20220516_LocationPatterns/GATresults/log/HFNAHRinvs_CEUSpence.log --stdout=analysis/20220516_LocationPatterns/GATresults/HFNAHRinvs_CEUSpence.tsv
# job started at Mon May 16 17:47:57 2022 on rgomez-pc -- 68d62fdb-f86e-4c3b-a2bc-2719e175bebb
# pid: 20705, system: Linux 5.3.0-7648-generic #41~1586790036~18.04~600aeb5-Ubuntu SMP Mon Apr 13 17:47:15 UTC  x86_64
# annotation_files                        : ['analysis/20220516_LocationPatterns/GATfiles/Annotations/annotations_CEUSpence.bed']
# annotations_label                       : None
# annotations_to_points                   : None
# bucket_size                             : 0
# cache                                   : None
# conditional                             : unconditional
# conditional_expansion                   : None
# conditional_extension                   : None
# counters                                : []
# enable_split_tracks                     : False
# ignore_segment_tracks                   : True
# input_filename_counts                   : None
# input_filename_descriptions             : None
# input_filename_results                  : None
# isochore_files                          : ['analysis/20220516_LocationPatterns/GATfiles/Isochores/genomicSuperDups_COzones_0.1/windows.txt']
# loglevel                                : 1
# nbuckets                                : 100000
# null                                    : default
# num_samples                             : 1000
# num_threads                             : 0
# output_bed                              : []
# output_counts_pattern                   : None
# output_filename_pattern                 : %s
# output_force                            : False
# output_order                            : fold
# output_plots_pattern                    : None
# output_samples_pattern                  : None
# output_stats                            : []
# output_tables_pattern                   : %s.tsv.gz
# overlapping_annotations                 : False
# pseudo_count                            : 1.0
# pvalue_method                           : empirical
# qvalue_lambda                           : None
# qvalue_method                           : BH
# qvalue_pi0_method                       : smoother
# random_seed                             : None
# restrict_workspace                      : False
# sample_files                            : []
# sampler                                 : annotator
# segment_files                           : ['analysis/20220516_LocationPatterns/GATfiles/Segments/HFNAHRinvs.bed']
# shift_expansion                         : 2.0
# shift_extension                         : 0
# short_help                              : None
# stderr                                  : <_io.TextIOWrapper name='<stderr>' mode='w' encoding='utf-8'>
# stdin                                   : <_io.TextIOWrapper name='<stdin>' mode='r' encoding='utf-8'>
# stdlog                                  : <_io.TextIOWrapper name='analysis/20220516_LocationPatterns/GATresults/log/HFNAHRinvs_CEUSpence.log' mode='a' encoding='UTF-8'>
# stdout                                  : <_io.TextIOWrapper name='analysis/20220516_LocationPatterns/GATresults/HFNAHRinvs_CEUSpence.tsv' mode='w' encoding='UTF-8'>
# timeit_file                             : None
# timeit_header                           : None
# timeit_name                             : all
# truncate_segments_to_workspace          : False
# truncate_workspace_to_annotations       : False
# workspace_files                         : ['analysis/20220516_LocationPatterns/GATfiles/Workspace/workspace_CEUSpence.bed']
2022-05-16 17:47:57,301 INFO segments: reading tracks from 1 files
2022-05-16 17:47:57,301 INFO segments: read 1 tracks from 1 files
2022-05-16 17:47:57,301 INFO annotations: reading tracks from 1 files
2022-05-16 17:47:57,716 INFO annotations: read 6 tracks from 1 files
2022-05-16 17:47:57,721 INFO workspaces: reading tracks from 1 files
2022-05-16 17:47:57,722 INFO workspaces: read 1 tracks from 1 files
2022-05-16 17:47:57,722 INFO collapsing workspaces
2022-05-16 17:47:57,722 INFO isochores: reading isochores from 1 files
# output generated by /home/rgomez/anaconda3/bin/gat-run.py --segments=analysis/20220516_LocationPatterns/GATfiles/Segments/HFNAHRinvs.bed --annotations=analysis/20220516_LocationPatterns/GATfiles/Annotations/annotations_CEUSpence.bed --isochores=analysis/20220516_LocationPatterns/GATfiles/Isochores/isochores_genomicSuperDups.bed --workspace=analysis/20220516_LocationPatterns/GATfiles/Workspace/workspace_CEUSpence.bed --num-samples=1000 --log=analysis/20220516_LocationPatterns/GATresults/log/HFNAHRinvs_CEUSpence.log --stdout=analysis/20220516_LocationPatterns/GATresults/HFNAHRinvs_CEUSpence.tsv
# job started at Mon May 16 17:51:54 2022 on rgomez-pc -- 0416be38-8b48-42e3-af2c-76cd6e55261e
# pid: 21037, system: Linux 5.3.0-7648-generic #41~1586790036~18.04~600aeb5-Ubuntu SMP Mon Apr 13 17:47:15 UTC  x86_64
# annotation_files                        : ['analysis/20220516_LocationPatterns/GATfiles/Annotations/annotations_CEUSpence.bed']
# annotations_label                       : None
# annotations_to_points                   : None
# bucket_size                             : 0
# cache                                   : None
# conditional                             : unconditional
# conditional_expansion                   : None
# conditional_extension                   : None
# counters                                : []
# enable_split_tracks                     : False
# ignore_segment_tracks                   : True
# input_filename_counts                   : None
# input_filename_descriptions             : None
# input_filename_results                  : None
# isochore_files                          : ['analysis/20220516_LocationPatterns/GATfiles/Isochores/isochores_genomicSuperDups.bed']
# loglevel                                : 1
# nbuckets                                : 100000
# null                                    : default
# num_samples                             : 1000
# num_threads                             : 0
# output_bed                              : []
# output_counts_pattern                   : None
# output_filename_pattern                 : %s
# output_force                            : False
# output_order                            : fold
# output_plots_pattern                    : None
# output_samples_pattern                  : None
# output_stats                            : []
# output_tables_pattern                   : %s.tsv.gz
# overlapping_annotations                 : False
# pseudo_count                            : 1.0
# pvalue_method                           : empirical
# qvalue_lambda                           : None
# qvalue_method                           : BH
# qvalue_pi0_method                       : smoother
# random_seed                             : None
# restrict_workspace                      : False
# sample_files                            : []
# sampler                                 : annotator
# segment_files                           : ['analysis/20220516_LocationPatterns/GATfiles/Segments/HFNAHRinvs.bed']
# shift_expansion                         : 2.0
# shift_extension                         : 0
# short_help                              : None
# stderr                                  : <_io.TextIOWrapper name='<stderr>' mode='w' encoding='utf-8'>
# stdin                                   : <_io.TextIOWrapper name='<stdin>' mode='r' encoding='utf-8'>
# stdlog                                  : <_io.TextIOWrapper name='analysis/20220516_LocationPatterns/GATresults/log/HFNAHRinvs_CEUSpence.log' mode='a' encoding='UTF-8'>
# stdout                                  : <_io.TextIOWrapper name='analysis/20220516_LocationPatterns/GATresults/HFNAHRinvs_CEUSpence.tsv' mode='w' encoding='UTF-8'>
# timeit_file                             : None
# timeit_header                           : None
# timeit_name                             : all
# truncate_segments_to_workspace          : False
# truncate_workspace_to_annotations       : False
# workspace_files                         : ['analysis/20220516_LocationPatterns/GATfiles/Workspace/workspace_CEUSpence.bed']
2022-05-16 17:51:54,576 INFO segments: reading tracks from 1 files
2022-05-16 17:51:54,577 INFO segments: read 1 tracks from 1 files
2022-05-16 17:51:54,577 INFO annotations: reading tracks from 1 files
2022-05-16 17:51:54,953 INFO annotations: read 6 tracks from 1 files
2022-05-16 17:51:54,958 INFO workspaces: reading tracks from 1 files
2022-05-16 17:51:54,958 INFO workspaces: read 1 tracks from 1 files
2022-05-16 17:51:54,958 INFO collapsing workspaces
2022-05-16 17:51:54,958 INFO isochores: reading isochores from 1 files
2022-05-16 17:51:54,959 INFO intervals loaded in 0 seconds
2022-05-16 17:51:54,959 INFO adding isochores to workspace
2022-05-16 17:51:54,960 INFO collecting observed counts
2022-05-16 17:51:54,960 INFO starting sampling
2022-05-16 17:51:54,961 INFO sampling: merged: 1/1
2022-05-16 17:51:54,961 INFO performing unconditional sampling
