# output generated by /home/rgomez/anaconda3/bin/gat-run.py --segments=analysis/20220621_LocationPatterns/GATfiles/Segments/segments_sim.bed --annotations=analysis/20220621_LocationPatterns/GATfiles/Annotations/annotations_sim.bed --output-counts-pattern=analysis/20220621_LocationPatterns/GATresults/Simulation/counts/segments_sim_sim_%s.tsv.gz --workspace=analysis/20220621_LocationPatterns/GATfiles/Workspace/workspace_sim.bed --num-samples=100 --log=analysis/20220621_LocationPatterns/GATresults/Simulation/log/segments_sim_sim.log --stdout=analysis/20220621_LocationPatterns/GATresults/Simulation/tsv/segments_sim_sim.tsv
# job started at Tue Jun 21 13:49:58 2022 on rgomez-pc -- c6c7333a-0a80-4f89-a088-a36acaa564f2
# pid: 6821, system: Linux 5.3.0-7648-generic #41~1586790036~18.04~600aeb5-Ubuntu SMP Mon Apr 13 17:47:15 UTC  x86_64
# annotation_files                        : ['analysis/20220621_LocationPatterns/GATfiles/Annotations/annotations_sim.bed']
# annotations_label                       : None
# annotations_to_points                   : None
# bucket_size                             : 0
# cache                                   : None
# conditional                             : unconditional
# conditional_expansion                   : None
# conditional_extension                   : None
# counters                                : []
# enable_split_tracks                     : False
# ignore_segment_tracks                   : True
# input_filename_counts                   : None
# input_filename_descriptions             : None
# input_filename_results                  : None
# isochore_files                          : None
# loglevel                                : 1
# nbuckets                                : 100000
# null                                    : default
# num_samples                             : 100
# num_threads                             : 0
# output_bed                              : []
# output_counts_pattern                   : analysis/20220621_LocationPatterns/GATresults/Simulation/counts/segments_sim_sim_%s.tsv.gz
# output_filename_pattern                 : %s
# output_force                            : False
# output_order                            : fold
# output_plots_pattern                    : None
# output_samples_pattern                  : None
# output_stats                            : []
# output_tables_pattern                   : %s.tsv.gz
# overlapping_annotations                 : False
# pseudo_count                            : 1.0
# pvalue_method                           : empirical
# qvalue_lambda                           : None
# qvalue_method                           : BH
# qvalue_pi0_method                       : smoother
# random_seed                             : None
# restrict_workspace                      : False
# sample_files                            : []
# sampler                                 : annotator
# segment_files                           : ['analysis/20220621_LocationPatterns/GATfiles/Segments/segments_sim.bed']
# shift_expansion                         : 2.0
# shift_extension                         : 0
# short_help                              : None
# stderr                                  : <_io.TextIOWrapper name='<stderr>' mode='w' encoding='utf-8'>
# stdin                                   : <_io.TextIOWrapper name='<stdin>' mode='r' encoding='utf-8'>
# stdlog                                  : <_io.TextIOWrapper name='analysis/20220621_LocationPatterns/GATresults/Simulation/log/segments_sim_sim.log' mode='a' encoding='UTF-8'>
# stdout                                  : <_io.TextIOWrapper name='analysis/20220621_LocationPatterns/GATresults/Simulation/tsv/segments_sim_sim.tsv' mode='w' encoding='UTF-8'>
# timeit_file                             : None
# timeit_header                           : None
# timeit_name                             : all
# truncate_segments_to_workspace          : False
# truncate_workspace_to_annotations       : False
# workspace_files                         : ['analysis/20220621_LocationPatterns/GATfiles/Workspace/workspace_sim.bed']
2022-06-21 13:49:58,957 INFO segments: reading tracks from 1 files
2022-06-21 13:49:58,957 INFO segments: read 1 tracks from 1 files
2022-06-21 13:49:58,957 INFO annotations: reading tracks from 1 files
2022-06-21 13:49:58,958 INFO annotations: read 1 tracks from 1 files
2022-06-21 13:49:58,958 INFO workspaces: reading tracks from 1 files
2022-06-21 13:49:58,958 INFO workspaces: read 1 tracks from 1 files
2022-06-21 13:49:58,958 INFO collapsing workspaces
2022-06-21 13:49:58,958 INFO intervals loaded in 0 seconds
2022-06-21 13:49:58,958 INFO collecting observed counts
2022-06-21 13:49:58,958 INFO starting sampling
2022-06-21 13:49:58,958 INFO sampling: merged: 1/1
2022-06-21 13:49:58,958 INFO performing unconditional sampling
2022-06-21 13:49:58,958 INFO workspace without conditioning: 1 segments, 1000 nucleotides
2022-06-21 13:49:58,958 INFO workspace after conditioning: 1 segments, 1000 nucleotides
2022-06-21 13:49:58,958 INFO sampling started
2022-06-21 13:49:58,959 INFO 0/100 done ( 0.00)
2022-06-21 13:49:58,982 INFO sampling completed
2022-06-21 13:49:58,982 INFO sampling finished
2022-06-21 13:49:58,982 INFO computing PValue statistics
2022-06-21 13:49:58,983 INFO writing counts to analysis/20220621_LocationPatterns/GATresults/Simulation/counts/segments_sim_sim_nucleotide-overlap.tsv.gz
2022-06-21 13:49:58,983 INFO computing FDR statistics
# job finished in 0 seconds at Tue Jun 21 13:49:58 2022 --  0.76  0.04  0.00  0.00 -- c6c7333a-0a80-4f89-a088-a36acaa564f2
# output generated by /home/rgomez/anaconda3/bin/gat-run.py --segments=analysis/20220621_LocationPatterns/GATfiles/Segments/segments_sim.bed --annotations=analysis/20220621_LocationPatterns/GATfiles/Annotations/annotations_sim.bed --isochores=analysis/20220621_LocationPatterns/GATfiles/Isochores/isochores_sim.bed --output-counts-pattern=analysis/20220621_LocationPatterns/GATresults/Simulation/counts/segments_sim_sim_%s.tsv.gz --workspace=analysis/20220621_LocationPatterns/GATfiles/Workspace/workspace_sim.bed --num-samples=100 --log=analysis/20220621_LocationPatterns/GATresults/Simulation/log/segments_sim_sim.log --stdout=analysis/20220621_LocationPatterns/GATresults/Simulation/tsv/segments_sim_sim.tsv
# job started at Tue Jun 21 13:53:50 2022 on rgomez-pc -- 11928e81-9a93-4850-8550-e0738b060225
# pid: 7256, system: Linux 5.3.0-7648-generic #41~1586790036~18.04~600aeb5-Ubuntu SMP Mon Apr 13 17:47:15 UTC  x86_64
# annotation_files                        : ['analysis/20220621_LocationPatterns/GATfiles/Annotations/annotations_sim.bed']
# annotations_label                       : None
# annotations_to_points                   : None
# bucket_size                             : 0
# cache                                   : None
# conditional                             : unconditional
# conditional_expansion                   : None
# conditional_extension                   : None
# counters                                : []
# enable_split_tracks                     : False
# ignore_segment_tracks                   : True
# input_filename_counts                   : None
# input_filename_descriptions             : None
# input_filename_results                  : None
# isochore_files                          : ['analysis/20220621_LocationPatterns/GATfiles/Isochores/isochores_sim.bed']
# loglevel                                : 1
# nbuckets                                : 100000
# null                                    : default
# num_samples                             : 100
# num_threads                             : 0
# output_bed                              : []
# output_counts_pattern                   : analysis/20220621_LocationPatterns/GATresults/Simulation/counts/segments_sim_sim_%s.tsv.gz
# output_filename_pattern                 : %s
# output_force                            : False
# output_order                            : fold
# output_plots_pattern                    : None
# output_samples_pattern                  : None
# output_stats                            : []
# output_tables_pattern                   : %s.tsv.gz
# overlapping_annotations                 : False
# pseudo_count                            : 1.0
# pvalue_method                           : empirical
# qvalue_lambda                           : None
# qvalue_method                           : BH
# qvalue_pi0_method                       : smoother
# random_seed                             : None
# restrict_workspace                      : False
# sample_files                            : []
# sampler                                 : annotator
# segment_files                           : ['analysis/20220621_LocationPatterns/GATfiles/Segments/segments_sim.bed']
# shift_expansion                         : 2.0
# shift_extension                         : 0
# short_help                              : None
# stderr                                  : <_io.TextIOWrapper name='<stderr>' mode='w' encoding='utf-8'>
# stdin                                   : <_io.TextIOWrapper name='<stdin>' mode='r' encoding='utf-8'>
# stdlog                                  : <_io.TextIOWrapper name='analysis/20220621_LocationPatterns/GATresults/Simulation/log/segments_sim_sim.log' mode='a' encoding='UTF-8'>
# stdout                                  : <_io.TextIOWrapper name='analysis/20220621_LocationPatterns/GATresults/Simulation/tsv/segments_sim_sim.tsv' mode='w' encoding='UTF-8'>
# timeit_file                             : None
# timeit_header                           : None
# timeit_name                             : all
# truncate_segments_to_workspace          : False
# truncate_workspace_to_annotations       : False
# workspace_files                         : ['analysis/20220621_LocationPatterns/GATfiles/Workspace/workspace_sim.bed']
2022-06-21 13:53:50,638 INFO segments: reading tracks from 1 files
2022-06-21 13:53:50,638 INFO segments: read 1 tracks from 1 files
2022-06-21 13:53:50,638 INFO annotations: reading tracks from 1 files
2022-06-21 13:53:50,638 INFO annotations: read 1 tracks from 1 files
2022-06-21 13:53:50,638 INFO workspaces: reading tracks from 1 files
2022-06-21 13:53:50,638 INFO workspaces: read 1 tracks from 1 files
2022-06-21 13:53:50,638 INFO collapsing workspaces
2022-06-21 13:53:50,638 INFO isochores: reading isochores from 1 files
2022-06-21 13:53:50,638 INFO intervals loaded in 0 seconds
2022-06-21 13:53:50,638 INFO adding isochores to workspace
2022-06-21 13:53:50,638 INFO collecting observed counts
2022-06-21 13:53:50,639 INFO starting sampling
2022-06-21 13:53:50,639 INFO sampling: merged: 1/1
2022-06-21 13:53:50,639 INFO performing unconditional sampling
# output generated by /home/rgomez/anaconda3/bin/gat-run.py --segments=analysis/20220621_LocationPatterns/GATfiles/Segments/segments_sim.bed --annotations=analysis/20220621_LocationPatterns/GATfiles/Annotations/annotations_sim.bed --isochores=analysis/20220621_LocationPatterns/GATfiles/Isochores/isochores_sim.bed --output-counts-pattern=analysis/20220621_LocationPatterns/GATresults/Simulation/counts/segments_sim_sim_%s.tsv.gz --workspace=analysis/20220621_LocationPatterns/GATfiles/Workspace/workspace_sim.bed --num-samples=100 --log=analysis/20220621_LocationPatterns/GATresults/Simulation/log/segments_sim_sim.log --stdout=analysis/20220621_LocationPatterns/GATresults/Simulation/tsv/segments_sim_sim.tsv
# job started at Tue Jun 21 13:54:24 2022 on rgomez-pc -- 6936eee7-43a8-410c-83bf-f9aab6b2c7da
# pid: 7436, system: Linux 5.3.0-7648-generic #41~1586790036~18.04~600aeb5-Ubuntu SMP Mon Apr 13 17:47:15 UTC  x86_64
# annotation_files                        : ['analysis/20220621_LocationPatterns/GATfiles/Annotations/annotations_sim.bed']
# annotations_label                       : None
# annotations_to_points                   : None
# bucket_size                             : 0
# cache                                   : None
# conditional                             : unconditional
# conditional_expansion                   : None
# conditional_extension                   : None
# counters                                : []
# enable_split_tracks                     : False
# ignore_segment_tracks                   : True
# input_filename_counts                   : None
# input_filename_descriptions             : None
# input_filename_results                  : None
# isochore_files                          : ['analysis/20220621_LocationPatterns/GATfiles/Isochores/isochores_sim.bed']
# loglevel                                : 1
# nbuckets                                : 100000
# null                                    : default
# num_samples                             : 100
# num_threads                             : 0
# output_bed                              : []
# output_counts_pattern                   : analysis/20220621_LocationPatterns/GATresults/Simulation/counts/segments_sim_sim_%s.tsv.gz
# output_filename_pattern                 : %s
# output_force                            : False
# output_order                            : fold
# output_plots_pattern                    : None
# output_samples_pattern                  : None
# output_stats                            : []
# output_tables_pattern                   : %s.tsv.gz
# overlapping_annotations                 : False
# pseudo_count                            : 1.0
# pvalue_method                           : empirical
# qvalue_lambda                           : None
# qvalue_method                           : BH
# qvalue_pi0_method                       : smoother
# random_seed                             : None
# restrict_workspace                      : False
# sample_files                            : []
# sampler                                 : annotator
# segment_files                           : ['analysis/20220621_LocationPatterns/GATfiles/Segments/segments_sim.bed']
# shift_expansion                         : 2.0
# shift_extension                         : 0
# short_help                              : None
# stderr                                  : <_io.TextIOWrapper name='<stderr>' mode='w' encoding='utf-8'>
# stdin                                   : <_io.TextIOWrapper name='<stdin>' mode='r' encoding='utf-8'>
# stdlog                                  : <_io.TextIOWrapper name='analysis/20220621_LocationPatterns/GATresults/Simulation/log/segments_sim_sim.log' mode='a' encoding='UTF-8'>
# stdout                                  : <_io.TextIOWrapper name='analysis/20220621_LocationPatterns/GATresults/Simulation/tsv/segments_sim_sim.tsv' mode='w' encoding='UTF-8'>
# timeit_file                             : None
# timeit_header                           : None
# timeit_name                             : all
# truncate_segments_to_workspace          : False
# truncate_workspace_to_annotations       : False
# workspace_files                         : ['analysis/20220621_LocationPatterns/GATfiles/Workspace/workspace_sim.bed']
2022-06-21 13:54:24,885 INFO segments: reading tracks from 1 files
2022-06-21 13:54:24,885 INFO segments: read 1 tracks from 1 files
2022-06-21 13:54:24,885 INFO annotations: reading tracks from 1 files
2022-06-21 13:54:24,885 INFO annotations: read 1 tracks from 1 files
2022-06-21 13:54:24,885 INFO workspaces: reading tracks from 1 files
2022-06-21 13:54:24,885 INFO workspaces: read 1 tracks from 1 files
2022-06-21 13:54:24,885 INFO collapsing workspaces
2022-06-21 13:54:24,885 INFO isochores: reading isochores from 1 files
2022-06-21 13:54:24,885 INFO intervals loaded in 0 seconds
2022-06-21 13:54:24,886 INFO adding isochores to workspace
2022-06-21 13:54:24,886 INFO collecting observed counts
2022-06-21 13:54:24,886 INFO starting sampling
2022-06-21 13:54:24,886 INFO sampling: merged: 1/1
2022-06-21 13:54:24,886 INFO performing unconditional sampling
2022-06-21 13:54:24,886 INFO workspace without conditioning: 2 segments, 1000 nucleotides
2022-06-21 13:54:24,886 INFO workspace after conditioning: 2 segments, 1000 nucleotides
2022-06-21 13:54:24,886 INFO sampling started
2022-06-21 13:54:24,887 INFO 0/100 done ( 0.00)
2022-06-21 13:54:24,921 INFO sampling completed
2022-06-21 13:54:24,921 INFO sampling finished
2022-06-21 13:54:24,922 INFO computing PValue statistics
2022-06-21 13:54:24,922 INFO writing counts to analysis/20220621_LocationPatterns/GATresults/Simulation/counts/segments_sim_sim_nucleotide-overlap.tsv.gz
2022-06-21 13:54:24,922 INFO computing FDR statistics
# job finished in 0 seconds at Tue Jun 21 13:54:24 2022 --  0.78  0.07  0.00  0.00 -- 6936eee7-43a8-410c-83bf-f9aab6b2c7da
# output generated by /home/rgomez/anaconda3/bin/gat-run.py --segments=analysis/20220621_LocationPatterns/GATfiles/Segments/segments_sim.bed --annotations=analysis/20220621_LocationPatterns/GATfiles/Annotations/annotations_sim.bed --isochores=analysis/20220621_LocationPatterns/GATfiles/Isochores/isochores_sim.bed --output-counts-pattern=analysis/20220621_LocationPatterns/GATresults/Simulation/counts/segments_sim_sim_%s.tsv.gz --workspace=analysis/20220621_LocationPatterns/GATfiles/Workspace/workspace_sim.bed --num-samples=100 --log=analysis/20220621_LocationPatterns/GATresults/Simulation/log/segments_sim_sim.log --stdout=analysis/20220621_LocationPatterns/GATresults/Simulation/tsv/segments_sim_sim.tsv
# job started at Tue Jun 21 14:00:01 2022 on rgomez-pc -- 7e1240b8-387c-429f-a10b-7263ab9ce768
# pid: 7950, system: Linux 5.3.0-7648-generic #41~1586790036~18.04~600aeb5-Ubuntu SMP Mon Apr 13 17:47:15 UTC  x86_64
# annotation_files                        : ['analysis/20220621_LocationPatterns/GATfiles/Annotations/annotations_sim.bed']
# annotations_label                       : None
# annotations_to_points                   : None
# bucket_size                             : 0
# cache                                   : None
# conditional                             : unconditional
# conditional_expansion                   : None
# conditional_extension                   : None
# counters                                : []
# enable_split_tracks                     : False
# ignore_segment_tracks                   : True
# input_filename_counts                   : None
# input_filename_descriptions             : None
# input_filename_results                  : None
# isochore_files                          : ['analysis/20220621_LocationPatterns/GATfiles/Isochores/isochores_sim.bed']
# loglevel                                : 1
# nbuckets                                : 100000
# null                                    : default
# num_samples                             : 100
# num_threads                             : 0
# output_bed                              : []
# output_counts_pattern                   : analysis/20220621_LocationPatterns/GATresults/Simulation/counts/segments_sim_sim_%s.tsv.gz
# output_filename_pattern                 : %s
# output_force                            : False
# output_order                            : fold
# output_plots_pattern                    : None
# output_samples_pattern                  : None
# output_stats                            : []
# output_tables_pattern                   : %s.tsv.gz
# overlapping_annotations                 : False
# pseudo_count                            : 1.0
# pvalue_method                           : empirical
# qvalue_lambda                           : None
# qvalue_method                           : BH
# qvalue_pi0_method                       : smoother
# random_seed                             : None
# restrict_workspace                      : False
# sample_files                            : []
# sampler                                 : annotator
# segment_files                           : ['analysis/20220621_LocationPatterns/GATfiles/Segments/segments_sim.bed']
# shift_expansion                         : 2.0
# shift_extension                         : 0
# short_help                              : None
# stderr                                  : <_io.TextIOWrapper name='<stderr>' mode='w' encoding='utf-8'>
# stdin                                   : <_io.TextIOWrapper name='<stdin>' mode='r' encoding='utf-8'>
# stdlog                                  : <_io.TextIOWrapper name='analysis/20220621_LocationPatterns/GATresults/Simulation/log/segments_sim_sim.log' mode='a' encoding='UTF-8'>
# stdout                                  : <_io.TextIOWrapper name='analysis/20220621_LocationPatterns/GATresults/Simulation/tsv/segments_sim_sim.tsv' mode='w' encoding='UTF-8'>
# timeit_file                             : None
# timeit_header                           : None
# timeit_name                             : all
# truncate_segments_to_workspace          : False
# truncate_workspace_to_annotations       : False
# workspace_files                         : ['analysis/20220621_LocationPatterns/GATfiles/Workspace/workspace_sim.bed']
2022-06-21 14:00:01,873 INFO segments: reading tracks from 1 files
2022-06-21 14:00:01,873 INFO segments: read 1 tracks from 1 files
2022-06-21 14:00:01,873 INFO annotations: reading tracks from 1 files
2022-06-21 14:00:01,874 INFO annotations: read 1 tracks from 1 files
2022-06-21 14:00:01,874 INFO workspaces: reading tracks from 1 files
2022-06-21 14:00:01,874 INFO workspaces: read 1 tracks from 1 files
2022-06-21 14:00:01,874 INFO collapsing workspaces
2022-06-21 14:00:01,874 INFO isochores: reading isochores from 1 files
2022-06-21 14:00:01,874 INFO intervals loaded in 0 seconds
2022-06-21 14:00:01,874 INFO adding isochores to workspace
2022-06-21 14:00:01,874 INFO collecting observed counts
2022-06-21 14:00:01,874 INFO starting sampling
2022-06-21 14:00:01,874 INFO sampling: merged: 1/1
2022-06-21 14:00:01,874 INFO performing unconditional sampling
2022-06-21 14:00:01,874 INFO workspace without conditioning: 2 segments, 1000 nucleotides
2022-06-21 14:00:01,874 INFO workspace after conditioning: 2 segments, 1000 nucleotides
2022-06-21 14:00:01,874 INFO sampling started
2022-06-21 14:00:01,875 INFO 0/100 done ( 0.00)
2022-06-21 14:00:01,919 INFO sampling completed
2022-06-21 14:00:01,919 INFO sampling finished
2022-06-21 14:00:01,919 INFO computing PValue statistics
2022-06-21 14:00:01,919 INFO writing counts to analysis/20220621_LocationPatterns/GATresults/Simulation/counts/segments_sim_sim_nucleotide-overlap.tsv.gz
2022-06-21 14:00:01,920 INFO computing FDR statistics
# job finished in 0 seconds at Tue Jun 21 14:00:01 2022 --  0.82  0.01  0.00  0.00 -- 7e1240b8-387c-429f-a10b-7263ab9ce768
# output generated by /home/rgomez/anaconda3/bin/gat-run.py --segments=analysis/20220621_LocationPatterns/GATfiles/Segments/segments_sim.bed --annotations=analysis/20220621_LocationPatterns/GATfiles/Annotations/annotations_sim.bed --isochores=analysis/20220621_LocationPatterns/GATfiles/Isochores/isochores_sim.bed --output-counts-pattern=analysis/20220621_LocationPatterns/GATresults/Simulation/counts/segments_sim_sim_%s.tsv.gz --workspace=analysis/20220621_LocationPatterns/GATfiles/Workspace/workspace_sim.bed --num-samples=100 --log=analysis/20220621_LocationPatterns/GATresults/Simulation/log/segments_sim_sim.log --stdout=analysis/20220621_LocationPatterns/GATresults/Simulation/tsv/segments_sim_sim.tsv
# job started at Tue Jun 21 14:10:17 2022 on rgomez-pc -- 07537843-760c-4550-9044-00d6feb07b2a
# pid: 8744, system: Linux 5.3.0-7648-generic #41~1586790036~18.04~600aeb5-Ubuntu SMP Mon Apr 13 17:47:15 UTC  x86_64
# annotation_files                        : ['analysis/20220621_LocationPatterns/GATfiles/Annotations/annotations_sim.bed']
# annotations_label                       : None
# annotations_to_points                   : None
# bucket_size                             : 0
# cache                                   : None
# conditional                             : unconditional
# conditional_expansion                   : None
# conditional_extension                   : None
# counters                                : []
# enable_split_tracks                     : False
# ignore_segment_tracks                   : True
# input_filename_counts                   : None
# input_filename_descriptions             : None
# input_filename_results                  : None
# isochore_files                          : ['analysis/20220621_LocationPatterns/GATfiles/Isochores/isochores_sim.bed']
# loglevel                                : 1
# nbuckets                                : 100000
# null                                    : default
# num_samples                             : 100
# num_threads                             : 0
# output_bed                              : []
# output_counts_pattern                   : analysis/20220621_LocationPatterns/GATresults/Simulation/counts/segments_sim_sim_%s.tsv.gz
# output_filename_pattern                 : %s
# output_force                            : False
# output_order                            : fold
# output_plots_pattern                    : None
# output_samples_pattern                  : None
# output_stats                            : []
# output_tables_pattern                   : %s.tsv.gz
# overlapping_annotations                 : False
# pseudo_count                            : 1.0
# pvalue_method                           : empirical
# qvalue_lambda                           : None
# qvalue_method                           : BH
# qvalue_pi0_method                       : smoother
# random_seed                             : None
# restrict_workspace                      : False
# sample_files                            : []
# sampler                                 : annotator
# segment_files                           : ['analysis/20220621_LocationPatterns/GATfiles/Segments/segments_sim.bed']
# shift_expansion                         : 2.0
# shift_extension                         : 0
# short_help                              : None
# stderr                                  : <_io.TextIOWrapper name='<stderr>' mode='w' encoding='utf-8'>
# stdin                                   : <_io.TextIOWrapper name='<stdin>' mode='r' encoding='utf-8'>
# stdlog                                  : <_io.TextIOWrapper name='analysis/20220621_LocationPatterns/GATresults/Simulation/log/segments_sim_sim.log' mode='a' encoding='UTF-8'>
# stdout                                  : <_io.TextIOWrapper name='analysis/20220621_LocationPatterns/GATresults/Simulation/tsv/segments_sim_sim.tsv' mode='w' encoding='UTF-8'>
# timeit_file                             : None
# timeit_header                           : None
# timeit_name                             : all
# truncate_segments_to_workspace          : False
# truncate_workspace_to_annotations       : False
# workspace_files                         : ['analysis/20220621_LocationPatterns/GATfiles/Workspace/workspace_sim.bed']
2022-06-21 14:10:17,077 INFO segments: reading tracks from 1 files
2022-06-21 14:10:17,077 INFO segments: read 1 tracks from 1 files
2022-06-21 14:10:17,078 INFO annotations: reading tracks from 1 files
2022-06-21 14:10:17,078 INFO annotations: read 1 tracks from 1 files
2022-06-21 14:10:17,078 INFO workspaces: reading tracks from 1 files
2022-06-21 14:10:17,078 INFO workspaces: read 1 tracks from 1 files
2022-06-21 14:10:17,078 INFO collapsing workspaces
2022-06-21 14:10:17,078 INFO isochores: reading isochores from 1 files
2022-06-21 14:10:17,078 INFO intervals loaded in 0 seconds
2022-06-21 14:10:17,078 INFO adding isochores to workspace
2022-06-21 14:10:17,078 INFO collecting observed counts
2022-06-21 14:10:17,078 INFO starting sampling
2022-06-21 14:10:17,078 INFO sampling: merged: 1/1
2022-06-21 14:10:17,078 INFO performing unconditional sampling
2022-06-21 14:10:17,078 INFO workspace without conditioning: 1 segments, 500 nucleotides
2022-06-21 14:10:17,078 INFO workspace after conditioning: 1 segments, 500 nucleotides
2022-06-21 14:10:17,079 INFO sampling started
2022-06-21 14:10:17,079 INFO 0/100 done ( 0.00)
2022-06-21 14:10:17,097 INFO sampling completed
2022-06-21 14:10:17,097 INFO sampling finished
2022-06-21 14:10:17,097 INFO computing PValue statistics
2022-06-21 14:10:17,097 INFO writing counts to analysis/20220621_LocationPatterns/GATresults/Simulation/counts/segments_sim_sim_nucleotide-overlap.tsv.gz
2022-06-21 14:10:17,097 INFO computing FDR statistics
# job finished in 0 seconds at Tue Jun 21 14:10:17 2022 --  0.74  0.05  0.00  0.00 -- 07537843-760c-4550-9044-00d6feb07b2a
