# output generated by /home/rgomez/anaconda3/bin/gat-run.py --segments=analysis/20220621_LocationPatterns/GATfiles/Segments/segmentsNH_sim.bed --annotations=analysis/20220621_LocationPatterns/GATfiles/Annotations/annotations_sim.bed --output-counts-pattern=analysis/20220621_LocationPatterns/GATresults/Simulation/counts/segmentsNH_sim_sim_%s.tsv.gz --workspace=analysis/20220621_LocationPatterns/GATfiles/Workspace/workspace_sim.bed --num-samples=100 --log=analysis/20220621_LocationPatterns/GATresults/Simulation/log/segmentsNH_sim_sim.log --stdout=analysis/20220621_LocationPatterns/GATresults/Simulation/tsv/segmentsNH_sim_sim.tsv
# job started at Tue Jun 21 13:49:58 2022 on rgomez-pc -- d93015b2-be1b-4fea-bb3e-e5607dcc0072
# pid: 6813, system: Linux 5.3.0-7648-generic #41~1586790036~18.04~600aeb5-Ubuntu SMP Mon Apr 13 17:47:15 UTC  x86_64
# annotation_files                        : ['analysis/20220621_LocationPatterns/GATfiles/Annotations/annotations_sim.bed']
# annotations_label                       : None
# annotations_to_points                   : None
# bucket_size                             : 0
# cache                                   : None
# conditional                             : unconditional
# conditional_expansion                   : None
# conditional_extension                   : None
# counters                                : []
# enable_split_tracks                     : False
# ignore_segment_tracks                   : True
# input_filename_counts                   : None
# input_filename_descriptions             : None
# input_filename_results                  : None
# isochore_files                          : None
# loglevel                                : 1
# nbuckets                                : 100000
# null                                    : default
# num_samples                             : 100
# num_threads                             : 0
# output_bed                              : []
# output_counts_pattern                   : analysis/20220621_LocationPatterns/GATresults/Simulation/counts/segmentsNH_sim_sim_%s.tsv.gz
# output_filename_pattern                 : %s
# output_force                            : False
# output_order                            : fold
# output_plots_pattern                    : None
# output_samples_pattern                  : None
# output_stats                            : []
# output_tables_pattern                   : %s.tsv.gz
# overlapping_annotations                 : False
# pseudo_count                            : 1.0
# pvalue_method                           : empirical
# qvalue_lambda                           : None
# qvalue_method                           : BH
# qvalue_pi0_method                       : smoother
# random_seed                             : None
# restrict_workspace                      : False
# sample_files                            : []
# sampler                                 : annotator
# segment_files                           : ['analysis/20220621_LocationPatterns/GATfiles/Segments/segmentsNH_sim.bed']
# shift_expansion                         : 2.0
# shift_extension                         : 0
# short_help                              : None
# stderr                                  : <_io.TextIOWrapper name='<stderr>' mode='w' encoding='utf-8'>
# stdin                                   : <_io.TextIOWrapper name='<stdin>' mode='r' encoding='utf-8'>
# stdlog                                  : <_io.TextIOWrapper name='analysis/20220621_LocationPatterns/GATresults/Simulation/log/segmentsNH_sim_sim.log' mode='a' encoding='UTF-8'>
# stdout                                  : <_io.TextIOWrapper name='analysis/20220621_LocationPatterns/GATresults/Simulation/tsv/segmentsNH_sim_sim.tsv' mode='w' encoding='UTF-8'>
# timeit_file                             : None
# timeit_header                           : None
# timeit_name                             : all
# truncate_segments_to_workspace          : False
# truncate_workspace_to_annotations       : False
# workspace_files                         : ['analysis/20220621_LocationPatterns/GATfiles/Workspace/workspace_sim.bed']
2022-06-21 13:49:58,044 INFO segments: reading tracks from 1 files
2022-06-21 13:49:58,044 INFO segments: read 1 tracks from 1 files
2022-06-21 13:49:58,044 INFO annotations: reading tracks from 1 files
2022-06-21 13:49:58,044 INFO annotations: read 1 tracks from 1 files
2022-06-21 13:49:58,044 INFO workspaces: reading tracks from 1 files
2022-06-21 13:49:58,044 INFO workspaces: read 1 tracks from 1 files
2022-06-21 13:49:58,044 INFO collapsing workspaces
2022-06-21 13:49:58,044 INFO intervals loaded in 0 seconds
2022-06-21 13:49:58,045 INFO collecting observed counts
2022-06-21 13:49:58,045 INFO starting sampling
2022-06-21 13:49:58,045 INFO sampling: merged: 1/1
2022-06-21 13:49:58,045 INFO performing unconditional sampling
2022-06-21 13:49:58,045 INFO workspace without conditioning: 1 segments, 1000 nucleotides
2022-06-21 13:49:58,045 INFO workspace after conditioning: 1 segments, 1000 nucleotides
2022-06-21 13:49:58,045 INFO sampling started
2022-06-21 13:49:58,045 INFO 0/100 done ( 0.00)
2022-06-21 13:49:58,061 INFO sampling completed
2022-06-21 13:49:58,061 INFO sampling finished
2022-06-21 13:49:58,062 INFO computing PValue statistics
2022-06-21 13:49:58,062 INFO writing counts to analysis/20220621_LocationPatterns/GATresults/Simulation/counts/segmentsNH_sim_sim_nucleotide-overlap.tsv.gz
2022-06-21 13:49:58,062 INFO computing FDR statistics
# job finished in 0 seconds at Tue Jun 21 13:49:58 2022 --  0.75  0.03  0.00  0.00 -- d93015b2-be1b-4fea-bb3e-e5607dcc0072
# output generated by /home/rgomez/anaconda3/bin/gat-run.py --segments=analysis/20220621_LocationPatterns/GATfiles/Segments/segmentsNH_sim.bed --annotations=analysis/20220621_LocationPatterns/GATfiles/Annotations/annotations_sim.bed --isochores=analysis/20220621_LocationPatterns/GATfiles/Isochores/isochores_sim.bed --output-counts-pattern=analysis/20220621_LocationPatterns/GATresults/Simulation/counts/segmentsNH_sim_sim_%s.tsv.gz --workspace=analysis/20220621_LocationPatterns/GATfiles/Workspace/workspace_sim.bed --num-samples=100 --log=analysis/20220621_LocationPatterns/GATresults/Simulation/log/segmentsNH_sim_sim.log --stdout=analysis/20220621_LocationPatterns/GATresults/Simulation/tsv/segmentsNH_sim_sim.tsv
# job started at Tue Jun 21 13:53:49 2022 on rgomez-pc -- 054a6a3f-b1e5-4d10-b5d8-b1fe824eafda
# pid: 7248, system: Linux 5.3.0-7648-generic #41~1586790036~18.04~600aeb5-Ubuntu SMP Mon Apr 13 17:47:15 UTC  x86_64
# annotation_files                        : ['analysis/20220621_LocationPatterns/GATfiles/Annotations/annotations_sim.bed']
# annotations_label                       : None
# annotations_to_points                   : None
# bucket_size                             : 0
# cache                                   : None
# conditional                             : unconditional
# conditional_expansion                   : None
# conditional_extension                   : None
# counters                                : []
# enable_split_tracks                     : False
# ignore_segment_tracks                   : True
# input_filename_counts                   : None
# input_filename_descriptions             : None
# input_filename_results                  : None
# isochore_files                          : ['analysis/20220621_LocationPatterns/GATfiles/Isochores/isochores_sim.bed']
# loglevel                                : 1
# nbuckets                                : 100000
# null                                    : default
# num_samples                             : 100
# num_threads                             : 0
# output_bed                              : []
# output_counts_pattern                   : analysis/20220621_LocationPatterns/GATresults/Simulation/counts/segmentsNH_sim_sim_%s.tsv.gz
# output_filename_pattern                 : %s
# output_force                            : False
# output_order                            : fold
# output_plots_pattern                    : None
# output_samples_pattern                  : None
# output_stats                            : []
# output_tables_pattern                   : %s.tsv.gz
# overlapping_annotations                 : False
# pseudo_count                            : 1.0
# pvalue_method                           : empirical
# qvalue_lambda                           : None
# qvalue_method                           : BH
# qvalue_pi0_method                       : smoother
# random_seed                             : None
# restrict_workspace                      : False
# sample_files                            : []
# sampler                                 : annotator
# segment_files                           : ['analysis/20220621_LocationPatterns/GATfiles/Segments/segmentsNH_sim.bed']
# shift_expansion                         : 2.0
# shift_extension                         : 0
# short_help                              : None
# stderr                                  : <_io.TextIOWrapper name='<stderr>' mode='w' encoding='utf-8'>
# stdin                                   : <_io.TextIOWrapper name='<stdin>' mode='r' encoding='utf-8'>
# stdlog                                  : <_io.TextIOWrapper name='analysis/20220621_LocationPatterns/GATresults/Simulation/log/segmentsNH_sim_sim.log' mode='a' encoding='UTF-8'>
# stdout                                  : <_io.TextIOWrapper name='analysis/20220621_LocationPatterns/GATresults/Simulation/tsv/segmentsNH_sim_sim.tsv' mode='w' encoding='UTF-8'>
# timeit_file                             : None
# timeit_header                           : None
# timeit_name                             : all
# truncate_segments_to_workspace          : False
# truncate_workspace_to_annotations       : False
# workspace_files                         : ['analysis/20220621_LocationPatterns/GATfiles/Workspace/workspace_sim.bed']
2022-06-21 13:53:49,758 INFO segments: reading tracks from 1 files
2022-06-21 13:53:49,758 INFO segments: read 1 tracks from 1 files
2022-06-21 13:53:49,758 INFO annotations: reading tracks from 1 files
2022-06-21 13:53:49,758 INFO annotations: read 1 tracks from 1 files
2022-06-21 13:53:49,758 INFO workspaces: reading tracks from 1 files
2022-06-21 13:53:49,758 INFO workspaces: read 1 tracks from 1 files
2022-06-21 13:53:49,758 INFO collapsing workspaces
2022-06-21 13:53:49,758 INFO isochores: reading isochores from 1 files
2022-06-21 13:53:49,759 INFO intervals loaded in 0 seconds
2022-06-21 13:53:49,759 INFO adding isochores to workspace
2022-06-21 13:53:49,759 INFO collecting observed counts
2022-06-21 13:53:49,759 INFO starting sampling
2022-06-21 13:53:49,759 INFO sampling: merged: 1/1
2022-06-21 13:53:49,759 INFO performing unconditional sampling
# output generated by /home/rgomez/anaconda3/bin/gat-run.py --segments=analysis/20220621_LocationPatterns/GATfiles/Segments/segmentsNH_sim.bed --annotations=analysis/20220621_LocationPatterns/GATfiles/Annotations/annotations_sim.bed --isochores=analysis/20220621_LocationPatterns/GATfiles/Isochores/isochores_sim.bed --output-counts-pattern=analysis/20220621_LocationPatterns/GATresults/Simulation/counts/segmentsNH_sim_sim_%s.tsv.gz --workspace=analysis/20220621_LocationPatterns/GATfiles/Workspace/workspace_sim.bed --num-samples=100 --log=analysis/20220621_LocationPatterns/GATresults/Simulation/log/segmentsNH_sim_sim.log --stdout=analysis/20220621_LocationPatterns/GATresults/Simulation/tsv/segmentsNH_sim_sim.tsv
# job started at Tue Jun 21 13:54:23 2022 on rgomez-pc -- 5f3d3109-ed2d-4c57-829f-de582d1f533e
# pid: 7413, system: Linux 5.3.0-7648-generic #41~1586790036~18.04~600aeb5-Ubuntu SMP Mon Apr 13 17:47:15 UTC  x86_64
# annotation_files                        : ['analysis/20220621_LocationPatterns/GATfiles/Annotations/annotations_sim.bed']
# annotations_label                       : None
# annotations_to_points                   : None
# bucket_size                             : 0
# cache                                   : None
# conditional                             : unconditional
# conditional_expansion                   : None
# conditional_extension                   : None
# counters                                : []
# enable_split_tracks                     : False
# ignore_segment_tracks                   : True
# input_filename_counts                   : None
# input_filename_descriptions             : None
# input_filename_results                  : None
# isochore_files                          : ['analysis/20220621_LocationPatterns/GATfiles/Isochores/isochores_sim.bed']
# loglevel                                : 1
# nbuckets                                : 100000
# null                                    : default
# num_samples                             : 100
# num_threads                             : 0
# output_bed                              : []
# output_counts_pattern                   : analysis/20220621_LocationPatterns/GATresults/Simulation/counts/segmentsNH_sim_sim_%s.tsv.gz
# output_filename_pattern                 : %s
# output_force                            : False
# output_order                            : fold
# output_plots_pattern                    : None
# output_samples_pattern                  : None
# output_stats                            : []
# output_tables_pattern                   : %s.tsv.gz
# overlapping_annotations                 : False
# pseudo_count                            : 1.0
# pvalue_method                           : empirical
# qvalue_lambda                           : None
# qvalue_method                           : BH
# qvalue_pi0_method                       : smoother
# random_seed                             : None
# restrict_workspace                      : False
# sample_files                            : []
# sampler                                 : annotator
# segment_files                           : ['analysis/20220621_LocationPatterns/GATfiles/Segments/segmentsNH_sim.bed']
# shift_expansion                         : 2.0
# shift_extension                         : 0
# short_help                              : None
# stderr                                  : <_io.TextIOWrapper name='<stderr>' mode='w' encoding='utf-8'>
# stdin                                   : <_io.TextIOWrapper name='<stdin>' mode='r' encoding='utf-8'>
# stdlog                                  : <_io.TextIOWrapper name='analysis/20220621_LocationPatterns/GATresults/Simulation/log/segmentsNH_sim_sim.log' mode='a' encoding='UTF-8'>
# stdout                                  : <_io.TextIOWrapper name='analysis/20220621_LocationPatterns/GATresults/Simulation/tsv/segmentsNH_sim_sim.tsv' mode='w' encoding='UTF-8'>
# timeit_file                             : None
# timeit_header                           : None
# timeit_name                             : all
# truncate_segments_to_workspace          : False
# truncate_workspace_to_annotations       : False
# workspace_files                         : ['analysis/20220621_LocationPatterns/GATfiles/Workspace/workspace_sim.bed']
2022-06-21 13:54:23,930 INFO segments: reading tracks from 1 files
2022-06-21 13:54:23,930 INFO segments: read 1 tracks from 1 files
2022-06-21 13:54:23,930 INFO annotations: reading tracks from 1 files
2022-06-21 13:54:23,930 INFO annotations: read 1 tracks from 1 files
2022-06-21 13:54:23,930 INFO workspaces: reading tracks from 1 files
2022-06-21 13:54:23,930 INFO workspaces: read 1 tracks from 1 files
2022-06-21 13:54:23,930 INFO collapsing workspaces
2022-06-21 13:54:23,930 INFO isochores: reading isochores from 1 files
2022-06-21 13:54:23,931 INFO intervals loaded in 0 seconds
2022-06-21 13:54:23,931 INFO adding isochores to workspace
2022-06-21 13:54:23,931 INFO collecting observed counts
2022-06-21 13:54:23,931 INFO starting sampling
2022-06-21 13:54:23,931 INFO sampling: merged: 1/1
2022-06-21 13:54:23,931 INFO performing unconditional sampling
2022-06-21 13:54:23,931 INFO workspace without conditioning: 2 segments, 1000 nucleotides
2022-06-21 13:54:23,931 INFO workspace after conditioning: 2 segments, 1000 nucleotides
2022-06-21 13:54:23,931 INFO sampling started
2022-06-21 13:54:23,932 INFO 0/100 done ( 0.00)
2022-06-21 13:54:23,951 INFO sampling completed
2022-06-21 13:54:23,951 INFO sampling finished
2022-06-21 13:54:23,951 INFO computing PValue statistics
2022-06-21 13:54:23,952 INFO writing counts to analysis/20220621_LocationPatterns/GATresults/Simulation/counts/segmentsNH_sim_sim_nucleotide-overlap.tsv.gz
2022-06-21 13:54:23,952 INFO computing FDR statistics
# job finished in 0 seconds at Tue Jun 21 13:54:23 2022 --  0.76  0.04  0.00  0.00 -- 5f3d3109-ed2d-4c57-829f-de582d1f533e
# output generated by /home/rgomez/anaconda3/bin/gat-run.py --segments=analysis/20220621_LocationPatterns/GATfiles/Segments/segmentsNH_sim.bed --annotations=analysis/20220621_LocationPatterns/GATfiles/Annotations/annotations_sim.bed --isochores=analysis/20220621_LocationPatterns/GATfiles/Isochores/isochores_sim.bed --output-counts-pattern=analysis/20220621_LocationPatterns/GATresults/Simulation/counts/segmentsNH_sim_sim_%s.tsv.gz --workspace=analysis/20220621_LocationPatterns/GATfiles/Workspace/workspace_sim.bed --num-samples=100 --log=analysis/20220621_LocationPatterns/GATresults/Simulation/log/segmentsNH_sim_sim.log --stdout=analysis/20220621_LocationPatterns/GATresults/Simulation/tsv/segmentsNH_sim_sim.tsv
# job started at Tue Jun 21 14:00:00 2022 on rgomez-pc -- 42b02a9e-10c4-4948-8274-abd82bba1dcf
# pid: 7942, system: Linux 5.3.0-7648-generic #41~1586790036~18.04~600aeb5-Ubuntu SMP Mon Apr 13 17:47:15 UTC  x86_64
# annotation_files                        : ['analysis/20220621_LocationPatterns/GATfiles/Annotations/annotations_sim.bed']
# annotations_label                       : None
# annotations_to_points                   : None
# bucket_size                             : 0
# cache                                   : None
# conditional                             : unconditional
# conditional_expansion                   : None
# conditional_extension                   : None
# counters                                : []
# enable_split_tracks                     : False
# ignore_segment_tracks                   : True
# input_filename_counts                   : None
# input_filename_descriptions             : None
# input_filename_results                  : None
# isochore_files                          : ['analysis/20220621_LocationPatterns/GATfiles/Isochores/isochores_sim.bed']
# loglevel                                : 1
# nbuckets                                : 100000
# null                                    : default
# num_samples                             : 100
# num_threads                             : 0
# output_bed                              : []
# output_counts_pattern                   : analysis/20220621_LocationPatterns/GATresults/Simulation/counts/segmentsNH_sim_sim_%s.tsv.gz
# output_filename_pattern                 : %s
# output_force                            : False
# output_order                            : fold
# output_plots_pattern                    : None
# output_samples_pattern                  : None
# output_stats                            : []
# output_tables_pattern                   : %s.tsv.gz
# overlapping_annotations                 : False
# pseudo_count                            : 1.0
# pvalue_method                           : empirical
# qvalue_lambda                           : None
# qvalue_method                           : BH
# qvalue_pi0_method                       : smoother
# random_seed                             : None
# restrict_workspace                      : False
# sample_files                            : []
# sampler                                 : annotator
# segment_files                           : ['analysis/20220621_LocationPatterns/GATfiles/Segments/segmentsNH_sim.bed']
# shift_expansion                         : 2.0
# shift_extension                         : 0
# short_help                              : None
# stderr                                  : <_io.TextIOWrapper name='<stderr>' mode='w' encoding='utf-8'>
# stdin                                   : <_io.TextIOWrapper name='<stdin>' mode='r' encoding='utf-8'>
# stdlog                                  : <_io.TextIOWrapper name='analysis/20220621_LocationPatterns/GATresults/Simulation/log/segmentsNH_sim_sim.log' mode='a' encoding='UTF-8'>
# stdout                                  : <_io.TextIOWrapper name='analysis/20220621_LocationPatterns/GATresults/Simulation/tsv/segmentsNH_sim_sim.tsv' mode='w' encoding='UTF-8'>
# timeit_file                             : None
# timeit_header                           : None
# timeit_name                             : all
# truncate_segments_to_workspace          : False
# truncate_workspace_to_annotations       : False
# workspace_files                         : ['analysis/20220621_LocationPatterns/GATfiles/Workspace/workspace_sim.bed']
2022-06-21 14:00:00,951 INFO segments: reading tracks from 1 files
2022-06-21 14:00:00,951 INFO segments: read 1 tracks from 1 files
2022-06-21 14:00:00,952 INFO annotations: reading tracks from 1 files
2022-06-21 14:00:00,952 INFO annotations: read 1 tracks from 1 files
2022-06-21 14:00:00,952 INFO workspaces: reading tracks from 1 files
2022-06-21 14:00:00,952 INFO workspaces: read 1 tracks from 1 files
2022-06-21 14:00:00,952 INFO collapsing workspaces
2022-06-21 14:00:00,952 INFO isochores: reading isochores from 1 files
2022-06-21 14:00:00,952 INFO intervals loaded in 0 seconds
2022-06-21 14:00:00,952 INFO adding isochores to workspace
2022-06-21 14:00:00,952 INFO collecting observed counts
2022-06-21 14:00:00,952 INFO starting sampling
2022-06-21 14:00:00,952 INFO sampling: merged: 1/1
2022-06-21 14:00:00,952 INFO performing unconditional sampling
2022-06-21 14:00:00,952 INFO workspace without conditioning: 2 segments, 1000 nucleotides
2022-06-21 14:00:00,952 INFO workspace after conditioning: 2 segments, 1000 nucleotides
2022-06-21 14:00:00,953 INFO sampling started
2022-06-21 14:00:00,953 INFO 0/100 done ( 0.00)
2022-06-21 14:00:00,972 INFO sampling completed
2022-06-21 14:00:00,972 INFO sampling finished
2022-06-21 14:00:00,972 INFO computing PValue statistics
2022-06-21 14:00:00,972 INFO writing counts to analysis/20220621_LocationPatterns/GATresults/Simulation/counts/segmentsNH_sim_sim_nucleotide-overlap.tsv.gz
2022-06-21 14:00:00,973 INFO computing FDR statistics
# job finished in 0 seconds at Tue Jun 21 14:00:00 2022 --  0.78  0.05  0.00  0.00 -- 42b02a9e-10c4-4948-8274-abd82bba1dcf
# output generated by /home/rgomez/anaconda3/bin/gat-run.py --segments=analysis/20220621_LocationPatterns/GATfiles/Segments/segmentsNH_sim.bed --annotations=analysis/20220621_LocationPatterns/GATfiles/Annotations/annotations_sim.bed --isochores=analysis/20220621_LocationPatterns/GATfiles/Isochores/isochores_sim.bed --output-counts-pattern=analysis/20220621_LocationPatterns/GATresults/Simulation/counts/segmentsNH_sim_sim_%s.tsv.gz --workspace=analysis/20220621_LocationPatterns/GATfiles/Workspace/workspace_sim.bed --num-samples=100 --log=analysis/20220621_LocationPatterns/GATresults/Simulation/log/segmentsNH_sim_sim.log --stdout=analysis/20220621_LocationPatterns/GATresults/Simulation/tsv/segmentsNH_sim_sim.tsv
# job started at Tue Jun 21 14:10:16 2022 on rgomez-pc -- d7709c10-0a70-4f09-bedf-84c459238bd8
# pid: 8735, system: Linux 5.3.0-7648-generic #41~1586790036~18.04~600aeb5-Ubuntu SMP Mon Apr 13 17:47:15 UTC  x86_64
# annotation_files                        : ['analysis/20220621_LocationPatterns/GATfiles/Annotations/annotations_sim.bed']
# annotations_label                       : None
# annotations_to_points                   : None
# bucket_size                             : 0
# cache                                   : None
# conditional                             : unconditional
# conditional_expansion                   : None
# conditional_extension                   : None
# counters                                : []
# enable_split_tracks                     : False
# ignore_segment_tracks                   : True
# input_filename_counts                   : None
# input_filename_descriptions             : None
# input_filename_results                  : None
# isochore_files                          : ['analysis/20220621_LocationPatterns/GATfiles/Isochores/isochores_sim.bed']
# loglevel                                : 1
# nbuckets                                : 100000
# null                                    : default
# num_samples                             : 100
# num_threads                             : 0
# output_bed                              : []
# output_counts_pattern                   : analysis/20220621_LocationPatterns/GATresults/Simulation/counts/segmentsNH_sim_sim_%s.tsv.gz
# output_filename_pattern                 : %s
# output_force                            : False
# output_order                            : fold
# output_plots_pattern                    : None
# output_samples_pattern                  : None
# output_stats                            : []
# output_tables_pattern                   : %s.tsv.gz
# overlapping_annotations                 : False
# pseudo_count                            : 1.0
# pvalue_method                           : empirical
# qvalue_lambda                           : None
# qvalue_method                           : BH
# qvalue_pi0_method                       : smoother
# random_seed                             : None
# restrict_workspace                      : False
# sample_files                            : []
# sampler                                 : annotator
# segment_files                           : ['analysis/20220621_LocationPatterns/GATfiles/Segments/segmentsNH_sim.bed']
# shift_expansion                         : 2.0
# shift_extension                         : 0
# short_help                              : None
# stderr                                  : <_io.TextIOWrapper name='<stderr>' mode='w' encoding='utf-8'>
# stdin                                   : <_io.TextIOWrapper name='<stdin>' mode='r' encoding='utf-8'>
# stdlog                                  : <_io.TextIOWrapper name='analysis/20220621_LocationPatterns/GATresults/Simulation/log/segmentsNH_sim_sim.log' mode='a' encoding='UTF-8'>
# stdout                                  : <_io.TextIOWrapper name='analysis/20220621_LocationPatterns/GATresults/Simulation/tsv/segmentsNH_sim_sim.tsv' mode='w' encoding='UTF-8'>
# timeit_file                             : None
# timeit_header                           : None
# timeit_name                             : all
# truncate_segments_to_workspace          : False
# truncate_workspace_to_annotations       : False
# workspace_files                         : ['analysis/20220621_LocationPatterns/GATfiles/Workspace/workspace_sim.bed']
2022-06-21 14:10:16,197 INFO segments: reading tracks from 1 files
2022-06-21 14:10:16,197 INFO segments: read 1 tracks from 1 files
2022-06-21 14:10:16,197 INFO annotations: reading tracks from 1 files
2022-06-21 14:10:16,197 INFO annotations: read 1 tracks from 1 files
2022-06-21 14:10:16,197 INFO workspaces: reading tracks from 1 files
2022-06-21 14:10:16,197 INFO workspaces: read 1 tracks from 1 files
2022-06-21 14:10:16,197 INFO collapsing workspaces
2022-06-21 14:10:16,197 INFO isochores: reading isochores from 1 files
2022-06-21 14:10:16,197 INFO intervals loaded in 0 seconds
2022-06-21 14:10:16,198 INFO adding isochores to workspace
