# output generated by /home/rgomez/anaconda3/bin/gat-run.py --segments=analysis/20220622_LocationPatterns/GATfiles/Segments/HFNAHR_1.bed --annotations=analysis/20220622_LocationPatterns/GATfiles/Annotations/annotations_repeats.bed --workspace=analysis/20220622_LocationPatterns/GATfiles/Workspace/workspace_avgBherer.bed --num-samples=1000 --log=analysis/20220622_LocationPatterns/GATresults/NAHR_1/log/HFNAHR_1_annotations_repeats.log --stdout=analysis/20220622_LocationPatterns/GATresults/NAHR_1/tsv/HFNAHR_1_annotations_repeats.tsv
# job started at Wed Jun 22 22:16:32 2022 on rgomez-pc -- 3a7f34bc-0ab7-4d23-9cf7-4eef2107f6fe
# pid: 21903, system: Linux 5.3.0-7648-generic #41~1586790036~18.04~600aeb5-Ubuntu SMP Mon Apr 13 17:47:15 UTC  x86_64
# annotation_files                        : ['analysis/20220622_LocationPatterns/GATfiles/Annotations/annotations_repeats.bed']
# annotations_label                       : None
# annotations_to_points                   : None
# bucket_size                             : 0
# cache                                   : None
# conditional                             : unconditional
# conditional_expansion                   : None
# conditional_extension                   : None
# counters                                : []
# enable_split_tracks                     : False
# ignore_segment_tracks                   : True
# input_filename_counts                   : None
# input_filename_descriptions             : None
# input_filename_results                  : None
# isochore_files                          : None
# loglevel                                : 1
# nbuckets                                : 100000
# null                                    : default
# num_samples                             : 1000
# num_threads                             : 0
# output_bed                              : []
# output_counts_pattern                   : None
# output_filename_pattern                 : %s
# output_force                            : False
# output_order                            : fold
# output_plots_pattern                    : None
# output_samples_pattern                  : None
# output_stats                            : []
# output_tables_pattern                   : %s.tsv.gz
# overlapping_annotations                 : False
# pseudo_count                            : 1.0
# pvalue_method                           : empirical
# qvalue_lambda                           : None
# qvalue_method                           : BH
# qvalue_pi0_method                       : smoother
# random_seed                             : None
# restrict_workspace                      : False
# sample_files                            : []
# sampler                                 : annotator
# segment_files                           : ['analysis/20220622_LocationPatterns/GATfiles/Segments/HFNAHR_1.bed']
# shift_expansion                         : 2.0
# shift_extension                         : 0
# short_help                              : None
# stderr                                  : <_io.TextIOWrapper name='<stderr>' mode='w' encoding='utf-8'>
# stdin                                   : <_io.TextIOWrapper name='<stdin>' mode='r' encoding='utf-8'>
# stdlog                                  : <_io.TextIOWrapper name='analysis/20220622_LocationPatterns/GATresults/NAHR_1/log/HFNAHR_1_annotations_repeats.log' mode='a' encoding='UTF-8'>
# stdout                                  : <_io.TextIOWrapper name='analysis/20220622_LocationPatterns/GATresults/NAHR_1/tsv/HFNAHR_1_annotations_repeats.tsv' mode='w' encoding='UTF-8'>
# timeit_file                             : None
# timeit_header                           : None
# timeit_name                             : all
# truncate_segments_to_workspace          : False
# truncate_workspace_to_annotations       : False
# workspace_files                         : ['analysis/20220622_LocationPatterns/GATfiles/Workspace/workspace_avgBherer.bed']
2022-06-22 22:16:32,020 INFO segments: reading tracks from 1 files
2022-06-22 22:16:32,020 INFO segments: read 1 tracks from 1 files
2022-06-22 22:16:32,020 INFO annotations: reading tracks from 1 files
2022-06-22 22:16:32,133 INFO annotations: read 1 tracks from 1 files
2022-06-22 22:16:32,137 INFO workspaces: reading tracks from 1 files
2022-06-22 22:16:32,137 INFO workspaces: read 1 tracks from 1 files
2022-06-22 22:16:32,137 INFO collapsing workspaces
2022-06-22 22:16:32,137 INFO intervals loaded in 0 seconds
2022-06-22 22:16:32,138 INFO collecting observed counts
2022-06-22 22:16:32,138 INFO starting sampling
2022-06-22 22:16:32,138 INFO sampling: merged: 1/1
2022-06-22 22:16:32,138 INFO performing unconditional sampling
2022-06-22 22:16:32,138 INFO workspace without conditioning: 39 segments, 2678195140 nucleotides
2022-06-22 22:16:32,138 INFO workspace after conditioning: 39 segments, 2678195140 nucleotides
2022-06-22 22:16:32,139 INFO sampling started
2022-06-22 22:16:32,140 INFO 0/1000 done ( 0.00)
2022-06-22 22:16:32,201 INFO 100/1000 done (10.00)
2022-06-22 22:16:32,263 INFO 200/1000 done (20.00)
2022-06-22 22:16:32,324 INFO 300/1000 done (30.00)
2022-06-22 22:16:32,385 INFO 400/1000 done (40.00)
2022-06-22 22:16:32,447 INFO 500/1000 done (50.00)
2022-06-22 22:16:32,507 INFO 600/1000 done (60.00)
2022-06-22 22:16:32,568 INFO 700/1000 done (70.00)
2022-06-22 22:16:32,629 INFO 800/1000 done (80.00)
2022-06-22 22:16:32,692 INFO 900/1000 done (90.00)
2022-06-22 22:16:32,752 INFO sampling completed
2022-06-22 22:16:32,753 INFO sampling finished
2022-06-22 22:16:32,753 INFO computing PValue statistics
2022-06-22 22:16:32,753 INFO computing FDR statistics
# job finished in 0 seconds at Wed Jun 22 22:16:32 2022 --  1.49  0.02  0.00  0.00 -- 3a7f34bc-0ab7-4d23-9cf7-4eef2107f6fe
# output generated by /home/rgomez/anaconda3/bin/gat-run.py --segments=analysis/20220622_LocationPatterns/GATfiles/Segments/HFNAHR_1.bed --annotations=analysis/20220622_LocationPatterns/GATfiles/Annotations/annotations_repeats.bed --workspace=analysis/20220622_LocationPatterns/GATfiles/Workspace/workspace_avgBherer.bed --num-samples=1000 --log=analysis/20220622_LocationPatterns/GATresults/NAHR_1/log/HFNAHR_1_annotations_repeats.log --stdout=analysis/20220622_LocationPatterns/GATresults/NAHR_1/tsv/HFNAHR_1_annotations_repeats.tsv
# job started at Wed Jun 22 22:17:48 2022 on rgomez-pc -- ffc83cee-51c9-4eac-8f82-0e2633e126b6
# pid: 22065, system: Linux 5.3.0-7648-generic #41~1586790036~18.04~600aeb5-Ubuntu SMP Mon Apr 13 17:47:15 UTC  x86_64
# annotation_files                        : ['analysis/20220622_LocationPatterns/GATfiles/Annotations/annotations_repeats.bed']
# annotations_label                       : None
# annotations_to_points                   : None
# bucket_size                             : 0
# cache                                   : None
# conditional                             : unconditional
# conditional_expansion                   : None
# conditional_extension                   : None
# counters                                : []
# enable_split_tracks                     : False
# ignore_segment_tracks                   : True
# input_filename_counts                   : None
# input_filename_descriptions             : None
# input_filename_results                  : None
# isochore_files                          : None
# loglevel                                : 1
# nbuckets                                : 100000
# null                                    : default
# num_samples                             : 1000
# num_threads                             : 0
# output_bed                              : []
# output_counts_pattern                   : None
# output_filename_pattern                 : %s
# output_force                            : False
# output_order                            : fold
# output_plots_pattern                    : None
# output_samples_pattern                  : None
# output_stats                            : []
# output_tables_pattern                   : %s.tsv.gz
# overlapping_annotations                 : False
# pseudo_count                            : 1.0
# pvalue_method                           : empirical
# qvalue_lambda                           : None
# qvalue_method                           : BH
# qvalue_pi0_method                       : smoother
# random_seed                             : None
# restrict_workspace                      : False
# sample_files                            : []
# sampler                                 : annotator
# segment_files                           : ['analysis/20220622_LocationPatterns/GATfiles/Segments/HFNAHR_1.bed']
# shift_expansion                         : 2.0
# shift_extension                         : 0
# short_help                              : None
# stderr                                  : <_io.TextIOWrapper name='<stderr>' mode='w' encoding='utf-8'>
# stdin                                   : <_io.TextIOWrapper name='<stdin>' mode='r' encoding='utf-8'>
# stdlog                                  : <_io.TextIOWrapper name='analysis/20220622_LocationPatterns/GATresults/NAHR_1/log/HFNAHR_1_annotations_repeats.log' mode='a' encoding='UTF-8'>
# stdout                                  : <_io.TextIOWrapper name='analysis/20220622_LocationPatterns/GATresults/NAHR_1/tsv/HFNAHR_1_annotations_repeats.tsv' mode='w' encoding='UTF-8'>
# timeit_file                             : None
# timeit_header                           : None
# timeit_name                             : all
# truncate_segments_to_workspace          : False
# truncate_workspace_to_annotations       : False
# workspace_files                         : ['analysis/20220622_LocationPatterns/GATfiles/Workspace/workspace_avgBherer.bed']
2022-06-22 22:17:48,814 INFO segments: reading tracks from 1 files
2022-06-22 22:17:48,815 INFO segments: read 1 tracks from 1 files
2022-06-22 22:17:48,815 INFO annotations: reading tracks from 1 files
2022-06-22 22:17:48,926 INFO annotations: read 1 tracks from 1 files
2022-06-22 22:17:48,930 INFO workspaces: reading tracks from 1 files
2022-06-22 22:17:48,930 INFO workspaces: read 1 tracks from 1 files
2022-06-22 22:17:48,930 INFO collapsing workspaces
2022-06-22 22:17:48,931 INFO intervals loaded in 0 seconds
2022-06-22 22:17:48,931 INFO collecting observed counts
2022-06-22 22:17:48,931 INFO starting sampling
2022-06-22 22:17:48,931 INFO sampling: merged: 1/1
2022-06-22 22:17:48,931 INFO performing unconditional sampling
2022-06-22 22:17:48,931 INFO workspace without conditioning: 39 segments, 2678195140 nucleotides
2022-06-22 22:17:48,931 INFO workspace after conditioning: 39 segments, 2678195140 nucleotides
2022-06-22 22:17:48,932 INFO sampling started
2022-06-22 22:17:48,933 INFO 0/1000 done ( 0.00)
2022-06-22 22:17:49,037 INFO 100/1000 done (10.00)
2022-06-22 22:17:49,140 INFO 200/1000 done (20.00)
2022-06-22 22:17:49,244 INFO 300/1000 done (30.00)
2022-06-22 22:17:49,351 INFO 400/1000 done (40.00)
2022-06-22 22:17:49,465 INFO 500/1000 done (50.00)
2022-06-22 22:17:49,567 INFO 600/1000 done (60.00)
2022-06-22 22:17:49,670 INFO 700/1000 done (70.00)
2022-06-22 22:17:49,773 INFO 800/1000 done (80.00)
2022-06-22 22:17:49,878 INFO 900/1000 done (90.00)
2022-06-22 22:17:49,983 INFO sampling completed
2022-06-22 22:17:49,983 INFO sampling finished
2022-06-22 22:17:49,983 INFO computing PValue statistics
2022-06-22 22:17:49,984 INFO computing FDR statistics
# job finished in 1 seconds at Wed Jun 22 22:17:49 2022 --  1.92  0.08  0.00  0.00 -- ffc83cee-51c9-4eac-8f82-0e2633e126b6
# output generated by /home/rgomez/anaconda3/bin/gat-run.py --segments=analysis/20220622_LocationPatterns/GATfiles/Segments/HFNAHR_1.bed --annotations=analysis/20220622_LocationPatterns/GATfiles/Annotations/annotations_repeats.bed --workspace=analysis/20220622_LocationPatterns/GATfiles/Workspace/workspace_avgBherer.bed --num-samples=1000 --log=analysis/20220622_LocationPatterns/GATresults/NAHR_1/log/HFNAHR_1_annotations_repeats.log --stdout=analysis/20220622_LocationPatterns/GATresults/NAHR_1/tsv/HFNAHR_1_annotations_repeats.tsv
# job started at Wed Jun 22 22:18:39 2022 on rgomez-pc -- c74ee7ce-b16c-4cc2-9048-96e11f6a6e73
# pid: 22194, system: Linux 5.3.0-7648-generic #41~1586790036~18.04~600aeb5-Ubuntu SMP Mon Apr 13 17:47:15 UTC  x86_64
# annotation_files                        : ['analysis/20220622_LocationPatterns/GATfiles/Annotations/annotations_repeats.bed']
# annotations_label                       : None
# annotations_to_points                   : None
# bucket_size                             : 0
# cache                                   : None
# conditional                             : unconditional
# conditional_expansion                   : None
# conditional_extension                   : None
# counters                                : []
# enable_split_tracks                     : False
# ignore_segment_tracks                   : True
# input_filename_counts                   : None
# input_filename_descriptions             : None
# input_filename_results                  : None
# isochore_files                          : None
# loglevel                                : 1
# nbuckets                                : 100000
# null                                    : default
# num_samples                             : 1000
# num_threads                             : 0
# output_bed                              : []
# output_counts_pattern                   : None
# output_filename_pattern                 : %s
# output_force                            : False
# output_order                            : fold
# output_plots_pattern                    : None
# output_samples_pattern                  : None
# output_stats                            : []
# output_tables_pattern                   : %s.tsv.gz
# overlapping_annotations                 : False
# pseudo_count                            : 1.0
# pvalue_method                           : empirical
# qvalue_lambda                           : None
# qvalue_method                           : BH
# qvalue_pi0_method                       : smoother
# random_seed                             : None
# restrict_workspace                      : False
# sample_files                            : []
# sampler                                 : annotator
# segment_files                           : ['analysis/20220622_LocationPatterns/GATfiles/Segments/HFNAHR_1.bed']
# shift_expansion                         : 2.0
# shift_extension                         : 0
# short_help                              : None
# stderr                                  : <_io.TextIOWrapper name='<stderr>' mode='w' encoding='utf-8'>
# stdin                                   : <_io.TextIOWrapper name='<stdin>' mode='r' encoding='utf-8'>
# stdlog                                  : <_io.TextIOWrapper name='analysis/20220622_LocationPatterns/GATresults/NAHR_1/log/HFNAHR_1_annotations_repeats.log' mode='a' encoding='UTF-8'>
# stdout                                  : <_io.TextIOWrapper name='analysis/20220622_LocationPatterns/GATresults/NAHR_1/tsv/HFNAHR_1_annotations_repeats.tsv' mode='w' encoding='UTF-8'>
# timeit_file                             : None
# timeit_header                           : None
# timeit_name                             : all
# truncate_segments_to_workspace          : False
# truncate_workspace_to_annotations       : False
# workspace_files                         : ['analysis/20220622_LocationPatterns/GATfiles/Workspace/workspace_avgBherer.bed']
2022-06-22 22:18:39,334 INFO segments: reading tracks from 1 files
2022-06-22 22:18:39,334 INFO segments: read 1 tracks from 1 files
2022-06-22 22:18:39,334 INFO annotations: reading tracks from 1 files
2022-06-22 22:18:39,450 INFO annotations: read 1 tracks from 1 files
2022-06-22 22:18:39,453 INFO workspaces: reading tracks from 1 files
2022-06-22 22:18:39,454 INFO workspaces: read 1 tracks from 1 files
2022-06-22 22:18:39,454 INFO collapsing workspaces
2022-06-22 22:18:39,454 INFO intervals loaded in 0 seconds
2022-06-22 22:18:39,454 INFO collecting observed counts
2022-06-22 22:18:39,454 INFO starting sampling
2022-06-22 22:18:39,454 INFO sampling: merged: 1/1
2022-06-22 22:18:39,454 INFO performing unconditional sampling
2022-06-22 22:18:39,454 INFO workspace without conditioning: 39 segments, 2678195140 nucleotides
2022-06-22 22:18:39,454 INFO workspace after conditioning: 39 segments, 2678195140 nucleotides
2022-06-22 22:18:39,455 INFO sampling started
2022-06-22 22:18:39,456 INFO 0/1000 done ( 0.00)
2022-06-22 22:18:39,550 INFO 100/1000 done (10.00)
2022-06-22 22:18:39,643 INFO 200/1000 done (20.00)
2022-06-22 22:18:39,736 INFO 300/1000 done (30.00)
2022-06-22 22:18:39,831 INFO 400/1000 done (40.00)
2022-06-22 22:18:39,926 INFO 500/1000 done (50.00)
2022-06-22 22:18:40,020 INFO 600/1000 done (60.00)
2022-06-22 22:18:40,112 INFO 700/1000 done (70.00)
2022-06-22 22:18:40,204 INFO 800/1000 done (80.00)
2022-06-22 22:18:40,296 INFO 900/1000 done (90.00)
2022-06-22 22:18:40,389 INFO sampling completed
2022-06-22 22:18:40,389 INFO sampling finished
2022-06-22 22:18:40,390 INFO computing PValue statistics
2022-06-22 22:18:40,390 INFO computing FDR statistics
# job finished in 1 seconds at Wed Jun 22 22:18:40 2022 --  1.78  0.04  0.00  0.00 -- c74ee7ce-b16c-4cc2-9048-96e11f6a6e73
# output generated by /home/rgomez/anaconda3/bin/gat-run.py --segments=analysis/20220622_LocationPatterns/GATfiles/Segments/HFNAHR_1.bed --annotations=analysis/20220622_LocationPatterns/GATfiles/Annotations/annotations_repeats.bed --workspace=analysis/20220622_LocationPatterns/GATfiles/Workspace/workspace_avgBherer.bed --num-samples=1000 --log=analysis/20220622_LocationPatterns/GATresults/NAHR_1/log/HFNAHR_1_annotations_repeats.log --stdout=analysis/20220622_LocationPatterns/GATresults/NAHR_1/tsv/HFNAHR_1_annotations_repeats.tsv
# job started at Wed Jun 22 22:20:03 2022 on rgomez-pc -- 22bc8719-2ece-4be8-a100-96ec1545db8c
# pid: 22354, system: Linux 5.3.0-7648-generic #41~1586790036~18.04~600aeb5-Ubuntu SMP Mon Apr 13 17:47:15 UTC  x86_64
# annotation_files                        : ['analysis/20220622_LocationPatterns/GATfiles/Annotations/annotations_repeats.bed']
# annotations_label                       : None
# annotations_to_points                   : None
# bucket_size                             : 0
# cache                                   : None
# conditional                             : unconditional
# conditional_expansion                   : None
# conditional_extension                   : None
# counters                                : []
# enable_split_tracks                     : False
# ignore_segment_tracks                   : True
# input_filename_counts                   : None
# input_filename_descriptions             : None
# input_filename_results                  : None
# isochore_files                          : None
# loglevel                                : 1
# nbuckets                                : 100000
# null                                    : default
# num_samples                             : 1000
# num_threads                             : 0
# output_bed                              : []
# output_counts_pattern                   : None
# output_filename_pattern                 : %s
# output_force                            : False
# output_order                            : fold
# output_plots_pattern                    : None
# output_samples_pattern                  : None
# output_stats                            : []
# output_tables_pattern                   : %s.tsv.gz
# overlapping_annotations                 : False
# pseudo_count                            : 1.0
# pvalue_method                           : empirical
# qvalue_lambda                           : None
# qvalue_method                           : BH
# qvalue_pi0_method                       : smoother
# random_seed                             : None
# restrict_workspace                      : False
# sample_files                            : []
# sampler                                 : annotator
# segment_files                           : ['analysis/20220622_LocationPatterns/GATfiles/Segments/HFNAHR_1.bed']
# shift_expansion                         : 2.0
# shift_extension                         : 0
# short_help                              : None
# stderr                                  : <_io.TextIOWrapper name='<stderr>' mode='w' encoding='utf-8'>
# stdin                                   : <_io.TextIOWrapper name='<stdin>' mode='r' encoding='utf-8'>
# stdlog                                  : <_io.TextIOWrapper name='analysis/20220622_LocationPatterns/GATresults/NAHR_1/log/HFNAHR_1_annotations_repeats.log' mode='a' encoding='UTF-8'>
# stdout                                  : <_io.TextIOWrapper name='analysis/20220622_LocationPatterns/GATresults/NAHR_1/tsv/HFNAHR_1_annotations_repeats.tsv' mode='w' encoding='UTF-8'>
# timeit_file                             : None
# timeit_header                           : None
# timeit_name                             : all
# truncate_segments_to_workspace          : False
# truncate_workspace_to_annotations       : False
# workspace_files                         : ['analysis/20220622_LocationPatterns/GATfiles/Workspace/workspace_avgBherer.bed']
2022-06-22 22:20:03,947 INFO segments: reading tracks from 1 files
2022-06-22 22:20:03,948 INFO segments: read 1 tracks from 1 files
2022-06-22 22:20:03,948 INFO annotations: reading tracks from 1 files
2022-06-22 22:20:04,059 INFO annotations: read 1 tracks from 1 files
2022-06-22 22:20:04,063 INFO workspaces: reading tracks from 1 files
2022-06-22 22:20:04,063 INFO workspaces: read 1 tracks from 1 files
2022-06-22 22:20:04,063 INFO collapsing workspaces
2022-06-22 22:20:04,063 INFO intervals loaded in 0 seconds
2022-06-22 22:20:04,063 INFO collecting observed counts
2022-06-22 22:20:04,063 INFO starting sampling
2022-06-22 22:20:04,063 INFO sampling: merged: 1/1
2022-06-22 22:20:04,063 INFO performing unconditional sampling
2022-06-22 22:20:04,064 INFO workspace without conditioning: 39 segments, 2678195140 nucleotides
2022-06-22 22:20:04,064 INFO workspace after conditioning: 39 segments, 2678195140 nucleotides
2022-06-22 22:20:04,064 INFO sampling started
2022-06-22 22:20:04,066 INFO 0/1000 done ( 0.00)
2022-06-22 22:20:04,160 INFO 100/1000 done (10.00)
2022-06-22 22:20:04,255 INFO 200/1000 done (20.00)
2022-06-22 22:20:04,347 INFO 300/1000 done (30.00)
2022-06-22 22:20:04,440 INFO 400/1000 done (40.00)
2022-06-22 22:20:04,532 INFO 500/1000 done (50.00)
2022-06-22 22:20:04,623 INFO 600/1000 done (60.00)
2022-06-22 22:20:04,718 INFO 700/1000 done (70.00)
2022-06-22 22:20:04,809 INFO 800/1000 done (80.00)
2022-06-22 22:20:04,901 INFO 900/1000 done (90.00)
2022-06-22 22:20:04,995 INFO sampling completed
2022-06-22 22:20:04,996 INFO sampling finished
2022-06-22 22:20:04,996 INFO computing PValue statistics
2022-06-22 22:20:04,996 INFO computing FDR statistics
# job finished in 1 seconds at Wed Jun 22 22:20:04 2022 --  1.77  0.05  0.00  0.00 -- 22bc8719-2ece-4be8-a100-96ec1545db8c
