# output generated by /home/rgomez/anaconda3/bin/gat-run.py --segments=analysis/20220622_LocationPatterns/GATfiles/Segments/LFNAHR_1.bed --annotations=analysis/20220622_LocationPatterns/GATfiles/Annotations/annotations_repeats.bed --workspace=analysis/20220622_LocationPatterns/GATfiles/Workspace/workspace_avgBherer.bed --num-samples=1000 --log=analysis/20220622_LocationPatterns/GATresults/NAHR_1/log/LFNAHR_1_annotations_repeats.log --stdout=analysis/20220622_LocationPatterns/GATresults/NAHR_1/tsv/LFNAHR_1_annotations_repeats.tsv
# job started at Wed Jun 22 22:16:35 2022 on rgomez-pc -- e586ebbf-670a-4ec3-bf32-e2b0e3127706
# pid: 21907, system: Linux 5.3.0-7648-generic #41~1586790036~18.04~600aeb5-Ubuntu SMP Mon Apr 13 17:47:15 UTC  x86_64
# annotation_files                        : ['analysis/20220622_LocationPatterns/GATfiles/Annotations/annotations_repeats.bed']
# annotations_label                       : None
# annotations_to_points                   : None
# bucket_size                             : 0
# cache                                   : None
# conditional                             : unconditional
# conditional_expansion                   : None
# conditional_extension                   : None
# counters                                : []
# enable_split_tracks                     : False
# ignore_segment_tracks                   : True
# input_filename_counts                   : None
# input_filename_descriptions             : None
# input_filename_results                  : None
# isochore_files                          : None
# loglevel                                : 1
# nbuckets                                : 100000
# null                                    : default
# num_samples                             : 1000
# num_threads                             : 0
# output_bed                              : []
# output_counts_pattern                   : None
# output_filename_pattern                 : %s
# output_force                            : False
# output_order                            : fold
# output_plots_pattern                    : None
# output_samples_pattern                  : None
# output_stats                            : []
# output_tables_pattern                   : %s.tsv.gz
# overlapping_annotations                 : False
# pseudo_count                            : 1.0
# pvalue_method                           : empirical
# qvalue_lambda                           : None
# qvalue_method                           : BH
# qvalue_pi0_method                       : smoother
# random_seed                             : None
# restrict_workspace                      : False
# sample_files                            : []
# sampler                                 : annotator
# segment_files                           : ['analysis/20220622_LocationPatterns/GATfiles/Segments/LFNAHR_1.bed']
# shift_expansion                         : 2.0
# shift_extension                         : 0
# short_help                              : None
# stderr                                  : <_io.TextIOWrapper name='<stderr>' mode='w' encoding='utf-8'>
# stdin                                   : <_io.TextIOWrapper name='<stdin>' mode='r' encoding='utf-8'>
# stdlog                                  : <_io.TextIOWrapper name='analysis/20220622_LocationPatterns/GATresults/NAHR_1/log/LFNAHR_1_annotations_repeats.log' mode='a' encoding='UTF-8'>
# stdout                                  : <_io.TextIOWrapper name='analysis/20220622_LocationPatterns/GATresults/NAHR_1/tsv/LFNAHR_1_annotations_repeats.tsv' mode='w' encoding='UTF-8'>
# timeit_file                             : None
# timeit_header                           : None
# timeit_name                             : all
# truncate_segments_to_workspace          : False
# truncate_workspace_to_annotations       : False
# workspace_files                         : ['analysis/20220622_LocationPatterns/GATfiles/Workspace/workspace_avgBherer.bed']
2022-06-22 22:16:35,513 INFO segments: reading tracks from 1 files
2022-06-22 22:16:35,514 INFO segments: read 1 tracks from 1 files
2022-06-22 22:16:35,514 INFO annotations: reading tracks from 1 files
2022-06-22 22:16:35,630 INFO annotations: read 1 tracks from 1 files
2022-06-22 22:16:35,634 INFO workspaces: reading tracks from 1 files
2022-06-22 22:16:35,634 INFO workspaces: read 1 tracks from 1 files
2022-06-22 22:16:35,634 INFO collapsing workspaces
2022-06-22 22:16:35,634 INFO intervals loaded in 0 seconds
2022-06-22 22:16:35,634 INFO collecting observed counts
2022-06-22 22:16:35,634 INFO starting sampling
2022-06-22 22:16:35,634 INFO sampling: merged: 1/1
2022-06-22 22:16:35,634 INFO performing unconditional sampling
2022-06-22 22:16:35,634 INFO workspace without conditioning: 39 segments, 2678195140 nucleotides
2022-06-22 22:16:35,635 INFO workspace after conditioning: 39 segments, 2678195140 nucleotides
2022-06-22 22:16:35,635 INFO sampling started
2022-06-22 22:16:35,636 INFO 0/1000 done ( 0.00)
2022-06-22 22:16:35,687 INFO 100/1000 done (10.00)
2022-06-22 22:16:35,739 INFO 200/1000 done (20.00)
2022-06-22 22:16:35,791 INFO 300/1000 done (30.00)
2022-06-22 22:16:35,841 INFO 400/1000 done (40.00)
2022-06-22 22:16:35,893 INFO 500/1000 done (50.00)
2022-06-22 22:16:35,943 INFO 600/1000 done (60.00)
2022-06-22 22:16:35,993 INFO 700/1000 done (70.00)
2022-06-22 22:16:36,045 INFO 800/1000 done (80.00)
2022-06-22 22:16:36,095 INFO 900/1000 done (90.00)
2022-06-22 22:16:36,147 INFO sampling completed
2022-06-22 22:16:36,148 INFO sampling finished
2022-06-22 22:16:36,148 INFO computing PValue statistics
2022-06-22 22:16:36,149 INFO computing FDR statistics
# job finished in 0 seconds at Wed Jun 22 22:16:36 2022 --  1.43  0.03  0.00  0.00 -- e586ebbf-670a-4ec3-bf32-e2b0e3127706
# output generated by /home/rgomez/anaconda3/bin/gat-run.py --segments=analysis/20220622_LocationPatterns/GATfiles/Segments/LFNAHR_1.bed --annotations=analysis/20220622_LocationPatterns/GATfiles/Annotations/annotations_repeats.bed --workspace=analysis/20220622_LocationPatterns/GATfiles/Workspace/workspace_avgBherer.bed --num-samples=1000 --log=analysis/20220622_LocationPatterns/GATresults/NAHR_1/log/LFNAHR_1_annotations_repeats.log --stdout=analysis/20220622_LocationPatterns/GATresults/NAHR_1/tsv/LFNAHR_1_annotations_repeats.tsv
# job started at Wed Jun 22 22:17:53 2022 on rgomez-pc -- 79bea0d0-35c5-41f5-88f0-4820c0874d92
# pid: 22072, system: Linux 5.3.0-7648-generic #41~1586790036~18.04~600aeb5-Ubuntu SMP Mon Apr 13 17:47:15 UTC  x86_64
# annotation_files                        : ['analysis/20220622_LocationPatterns/GATfiles/Annotations/annotations_repeats.bed']
# annotations_label                       : None
# annotations_to_points                   : None
# bucket_size                             : 0
# cache                                   : None
# conditional                             : unconditional
# conditional_expansion                   : None
# conditional_extension                   : None
# counters                                : []
# enable_split_tracks                     : False
# ignore_segment_tracks                   : True
# input_filename_counts                   : None
# input_filename_descriptions             : None
# input_filename_results                  : None
# isochore_files                          : None
# loglevel                                : 1
# nbuckets                                : 100000
# null                                    : default
# num_samples                             : 1000
# num_threads                             : 0
# output_bed                              : []
# output_counts_pattern                   : None
# output_filename_pattern                 : %s
# output_force                            : False
# output_order                            : fold
# output_plots_pattern                    : None
# output_samples_pattern                  : None
# output_stats                            : []
# output_tables_pattern                   : %s.tsv.gz
# overlapping_annotations                 : False
# pseudo_count                            : 1.0
# pvalue_method                           : empirical
# qvalue_lambda                           : None
# qvalue_method                           : BH
# qvalue_pi0_method                       : smoother
# random_seed                             : None
# restrict_workspace                      : False
# sample_files                            : []
# sampler                                 : annotator
# segment_files                           : ['analysis/20220622_LocationPatterns/GATfiles/Segments/LFNAHR_1.bed']
# shift_expansion                         : 2.0
# shift_extension                         : 0
# short_help                              : None
# stderr                                  : <_io.TextIOWrapper name='<stderr>' mode='w' encoding='utf-8'>
# stdin                                   : <_io.TextIOWrapper name='<stdin>' mode='r' encoding='utf-8'>
# stdlog                                  : <_io.TextIOWrapper name='analysis/20220622_LocationPatterns/GATresults/NAHR_1/log/LFNAHR_1_annotations_repeats.log' mode='a' encoding='UTF-8'>
# stdout                                  : <_io.TextIOWrapper name='analysis/20220622_LocationPatterns/GATresults/NAHR_1/tsv/LFNAHR_1_annotations_repeats.tsv' mode='w' encoding='UTF-8'>
# timeit_file                             : None
# timeit_header                           : None
# timeit_name                             : all
# truncate_segments_to_workspace          : False
# truncate_workspace_to_annotations       : False
# workspace_files                         : ['analysis/20220622_LocationPatterns/GATfiles/Workspace/workspace_avgBherer.bed']
2022-06-22 22:17:53,221 INFO segments: reading tracks from 1 files
2022-06-22 22:17:53,221 INFO segments: read 1 tracks from 1 files
2022-06-22 22:17:53,221 INFO annotations: reading tracks from 1 files
2022-06-22 22:17:53,335 INFO annotations: read 1 tracks from 1 files
2022-06-22 22:17:53,339 INFO workspaces: reading tracks from 1 files
2022-06-22 22:17:53,339 INFO workspaces: read 1 tracks from 1 files
2022-06-22 22:17:53,339 INFO collapsing workspaces
2022-06-22 22:17:53,339 INFO intervals loaded in 0 seconds
2022-06-22 22:17:53,340 INFO collecting observed counts
2022-06-22 22:17:53,340 INFO starting sampling
2022-06-22 22:17:53,340 INFO sampling: merged: 1/1
2022-06-22 22:17:53,340 INFO performing unconditional sampling
2022-06-22 22:17:53,340 INFO workspace without conditioning: 39 segments, 2678195140 nucleotides
2022-06-22 22:17:53,340 INFO workspace after conditioning: 39 segments, 2678195140 nucleotides
2022-06-22 22:17:53,340 INFO sampling started
2022-06-22 22:17:53,343 INFO 0/1000 done ( 0.00)
2022-06-22 22:17:53,484 INFO 100/1000 done (10.00)
2022-06-22 22:17:53,625 INFO 200/1000 done (20.00)
2022-06-22 22:17:53,765 INFO 300/1000 done (30.00)
2022-06-22 22:17:53,908 INFO 400/1000 done (40.00)
2022-06-22 22:17:54,048 INFO 500/1000 done (50.00)
2022-06-22 22:17:54,189 INFO 600/1000 done (60.00)
2022-06-22 22:17:54,329 INFO 700/1000 done (70.00)
2022-06-22 22:17:54,472 INFO 800/1000 done (80.00)
2022-06-22 22:17:54,612 INFO 900/1000 done (90.00)
2022-06-22 22:17:54,751 INFO sampling completed
2022-06-22 22:17:54,752 INFO sampling finished
2022-06-22 22:17:54,752 INFO computing PValue statistics
2022-06-22 22:17:54,752 INFO computing FDR statistics
# job finished in 1 seconds at Wed Jun 22 22:17:54 2022 --  2.25  0.04  0.00  0.00 -- 79bea0d0-35c5-41f5-88f0-4820c0874d92
# output generated by /home/rgomez/anaconda3/bin/gat-run.py --segments=analysis/20220622_LocationPatterns/GATfiles/Segments/LFNAHR_1.bed --annotations=analysis/20220622_LocationPatterns/GATfiles/Annotations/annotations_repeats.bed --workspace=analysis/20220622_LocationPatterns/GATfiles/Workspace/workspace_avgBherer.bed --num-samples=1000 --log=analysis/20220622_LocationPatterns/GATresults/NAHR_1/log/LFNAHR_1_annotations_repeats.log --stdout=analysis/20220622_LocationPatterns/GATresults/NAHR_1/tsv/LFNAHR_1_annotations_repeats.tsv
# job started at Wed Jun 22 22:18:43 2022 on rgomez-pc -- 3766ebb5-be2a-45ec-b7c5-4c6e4a91a5f6
# pid: 22198, system: Linux 5.3.0-7648-generic #41~1586790036~18.04~600aeb5-Ubuntu SMP Mon Apr 13 17:47:15 UTC  x86_64
# annotation_files                        : ['analysis/20220622_LocationPatterns/GATfiles/Annotations/annotations_repeats.bed']
# annotations_label                       : None
# annotations_to_points                   : None
# bucket_size                             : 0
# cache                                   : None
# conditional                             : unconditional
# conditional_expansion                   : None
# conditional_extension                   : None
# counters                                : []
# enable_split_tracks                     : False
# ignore_segment_tracks                   : True
# input_filename_counts                   : None
# input_filename_descriptions             : None
# input_filename_results                  : None
# isochore_files                          : None
# loglevel                                : 1
# nbuckets                                : 100000
# null                                    : default
# num_samples                             : 1000
# num_threads                             : 0
# output_bed                              : []
# output_counts_pattern                   : None
# output_filename_pattern                 : %s
# output_force                            : False
# output_order                            : fold
# output_plots_pattern                    : None
# output_samples_pattern                  : None
# output_stats                            : []
# output_tables_pattern                   : %s.tsv.gz
# overlapping_annotations                 : False
# pseudo_count                            : 1.0
# pvalue_method                           : empirical
# qvalue_lambda                           : None
# qvalue_method                           : BH
# qvalue_pi0_method                       : smoother
# random_seed                             : None
# restrict_workspace                      : False
# sample_files                            : []
# sampler                                 : annotator
# segment_files                           : ['analysis/20220622_LocationPatterns/GATfiles/Segments/LFNAHR_1.bed']
# shift_expansion                         : 2.0
# shift_extension                         : 0
# short_help                              : None
# stderr                                  : <_io.TextIOWrapper name='<stderr>' mode='w' encoding='utf-8'>
# stdin                                   : <_io.TextIOWrapper name='<stdin>' mode='r' encoding='utf-8'>
# stdlog                                  : <_io.TextIOWrapper name='analysis/20220622_LocationPatterns/GATresults/NAHR_1/log/LFNAHR_1_annotations_repeats.log' mode='a' encoding='UTF-8'>
# stdout                                  : <_io.TextIOWrapper name='analysis/20220622_LocationPatterns/GATresults/NAHR_1/tsv/LFNAHR_1_annotations_repeats.tsv' mode='w' encoding='UTF-8'>
# timeit_file                             : None
# timeit_header                           : None
# timeit_name                             : all
# truncate_segments_to_workspace          : False
# truncate_workspace_to_annotations       : False
# workspace_files                         : ['analysis/20220622_LocationPatterns/GATfiles/Workspace/workspace_avgBherer.bed']
2022-06-22 22:18:43,470 INFO segments: reading tracks from 1 files
2022-06-22 22:18:43,470 INFO segments: read 1 tracks from 1 files
2022-06-22 22:18:43,470 INFO annotations: reading tracks from 1 files
2022-06-22 22:18:43,585 INFO annotations: read 1 tracks from 1 files
2022-06-22 22:18:43,589 INFO workspaces: reading tracks from 1 files
2022-06-22 22:18:43,589 INFO workspaces: read 1 tracks from 1 files
2022-06-22 22:18:43,590 INFO collapsing workspaces
2022-06-22 22:18:43,590 INFO intervals loaded in 0 seconds
2022-06-22 22:18:43,590 INFO collecting observed counts
2022-06-22 22:18:43,590 INFO starting sampling
2022-06-22 22:18:43,590 INFO sampling: merged: 1/1
2022-06-22 22:18:43,590 INFO performing unconditional sampling
2022-06-22 22:18:43,590 INFO workspace without conditioning: 39 segments, 2678195140 nucleotides
2022-06-22 22:18:43,590 INFO workspace after conditioning: 39 segments, 2678195140 nucleotides
2022-06-22 22:18:43,591 INFO sampling started
2022-06-22 22:18:43,592 INFO 0/1000 done ( 0.00)
2022-06-22 22:18:43,702 INFO 100/1000 done (10.00)
2022-06-22 22:18:43,814 INFO 200/1000 done (20.00)
2022-06-22 22:18:43,924 INFO 300/1000 done (30.00)
2022-06-22 22:18:44,038 INFO 400/1000 done (40.00)
2022-06-22 22:18:44,149 INFO 500/1000 done (50.00)
2022-06-22 22:18:44,259 INFO 600/1000 done (60.00)
2022-06-22 22:18:44,371 INFO 700/1000 done (70.00)
2022-06-22 22:18:44,482 INFO 800/1000 done (80.00)
2022-06-22 22:18:44,593 INFO 900/1000 done (90.00)
2022-06-22 22:18:44,702 INFO sampling completed
2022-06-22 22:18:44,702 INFO sampling finished
2022-06-22 22:18:44,702 INFO computing PValue statistics
2022-06-22 22:18:44,703 INFO computing FDR statistics
# job finished in 1 seconds at Wed Jun 22 22:18:44 2022 --  1.98  0.03  0.00  0.00 -- 3766ebb5-be2a-45ec-b7c5-4c6e4a91a5f6
# output generated by /home/rgomez/anaconda3/bin/gat-run.py --segments=analysis/20220622_LocationPatterns/GATfiles/Segments/LFNAHR_1.bed --annotations=analysis/20220622_LocationPatterns/GATfiles/Annotations/annotations_repeats.bed --workspace=analysis/20220622_LocationPatterns/GATfiles/Workspace/workspace_avgBherer.bed --num-samples=1000 --log=analysis/20220622_LocationPatterns/GATresults/NAHR_1/log/LFNAHR_1_annotations_repeats.log --stdout=analysis/20220622_LocationPatterns/GATresults/NAHR_1/tsv/LFNAHR_1_annotations_repeats.tsv
# job started at Wed Jun 22 22:20:08 2022 on rgomez-pc -- bd10c785-c6cc-47fa-9a9c-2c77398940f2
# pid: 22360, system: Linux 5.3.0-7648-generic #41~1586790036~18.04~600aeb5-Ubuntu SMP Mon Apr 13 17:47:15 UTC  x86_64
# annotation_files                        : ['analysis/20220622_LocationPatterns/GATfiles/Annotations/annotations_repeats.bed']
# annotations_label                       : None
# annotations_to_points                   : None
# bucket_size                             : 0
# cache                                   : None
# conditional                             : unconditional
# conditional_expansion                   : None
# conditional_extension                   : None
# counters                                : []
# enable_split_tracks                     : False
# ignore_segment_tracks                   : True
# input_filename_counts                   : None
# input_filename_descriptions             : None
# input_filename_results                  : None
# isochore_files                          : None
# loglevel                                : 1
# nbuckets                                : 100000
# null                                    : default
# num_samples                             : 1000
# num_threads                             : 0
# output_bed                              : []
# output_counts_pattern                   : None
# output_filename_pattern                 : %s
# output_force                            : False
# output_order                            : fold
# output_plots_pattern                    : None
# output_samples_pattern                  : None
# output_stats                            : []
# output_tables_pattern                   : %s.tsv.gz
# overlapping_annotations                 : False
# pseudo_count                            : 1.0
# pvalue_method                           : empirical
# qvalue_lambda                           : None
# qvalue_method                           : BH
# qvalue_pi0_method                       : smoother
# random_seed                             : None
# restrict_workspace                      : False
# sample_files                            : []
# sampler                                 : annotator
# segment_files                           : ['analysis/20220622_LocationPatterns/GATfiles/Segments/LFNAHR_1.bed']
# shift_expansion                         : 2.0
# shift_extension                         : 0
# short_help                              : None
# stderr                                  : <_io.TextIOWrapper name='<stderr>' mode='w' encoding='utf-8'>
# stdin                                   : <_io.TextIOWrapper name='<stdin>' mode='r' encoding='utf-8'>
# stdlog                                  : <_io.TextIOWrapper name='analysis/20220622_LocationPatterns/GATresults/NAHR_1/log/LFNAHR_1_annotations_repeats.log' mode='a' encoding='UTF-8'>
# stdout                                  : <_io.TextIOWrapper name='analysis/20220622_LocationPatterns/GATresults/NAHR_1/tsv/LFNAHR_1_annotations_repeats.tsv' mode='w' encoding='UTF-8'>
# timeit_file                             : None
# timeit_header                           : None
# timeit_name                             : all
# truncate_segments_to_workspace          : False
# truncate_workspace_to_annotations       : False
# workspace_files                         : ['analysis/20220622_LocationPatterns/GATfiles/Workspace/workspace_avgBherer.bed']
2022-06-22 22:20:08,121 INFO segments: reading tracks from 1 files
2022-06-22 22:20:08,121 INFO segments: read 1 tracks from 1 files
2022-06-22 22:20:08,121 INFO annotations: reading tracks from 1 files
2022-06-22 22:20:08,234 INFO annotations: read 1 tracks from 1 files
2022-06-22 22:20:08,237 INFO workspaces: reading tracks from 1 files
2022-06-22 22:20:08,238 INFO workspaces: read 1 tracks from 1 files
2022-06-22 22:20:08,238 INFO collapsing workspaces
2022-06-22 22:20:08,238 INFO intervals loaded in 0 seconds
2022-06-22 22:20:08,238 INFO collecting observed counts
2022-06-22 22:20:08,238 INFO starting sampling
2022-06-22 22:20:08,238 INFO sampling: merged: 1/1
2022-06-22 22:20:08,238 INFO performing unconditional sampling
2022-06-22 22:20:08,238 INFO workspace without conditioning: 39 segments, 2678195140 nucleotides
2022-06-22 22:20:08,238 INFO workspace after conditioning: 39 segments, 2678195140 nucleotides
2022-06-22 22:20:08,239 INFO sampling started
2022-06-22 22:20:08,241 INFO 0/1000 done ( 0.00)
2022-06-22 22:20:08,322 INFO 100/1000 done (10.00)
2022-06-22 22:20:08,403 INFO 200/1000 done (20.00)
2022-06-22 22:20:08,484 INFO 300/1000 done (30.00)
2022-06-22 22:20:08,565 INFO 400/1000 done (40.00)
2022-06-22 22:20:08,649 INFO 500/1000 done (50.00)
2022-06-22 22:20:08,729 INFO 600/1000 done (60.00)
2022-06-22 22:20:08,809 INFO 700/1000 done (70.00)
2022-06-22 22:20:08,890 INFO 800/1000 done (80.00)
2022-06-22 22:20:08,971 INFO 900/1000 done (90.00)
2022-06-22 22:20:09,050 INFO sampling completed
2022-06-22 22:20:09,050 INFO sampling finished
2022-06-22 22:20:09,051 INFO computing PValue statistics
2022-06-22 22:20:09,051 INFO computing FDR statistics
# job finished in 0 seconds at Wed Jun 22 22:20:09 2022 --  1.66  0.05  0.00  0.00 -- bd10c785-c6cc-47fa-9a9c-2c77398940f2
