# output generated by /home/rgomez/anaconda3/bin/gat-run.py --segments=analysis/20220622_LocationPatterns/GATfiles/Segments/NAHR_1.bed --annotations=analysis/20220622_LocationPatterns/GATfiles/Annotations/annotations_repeats.bed --workspace=analysis/20220622_LocationPatterns/GATfiles/Workspace/workspace_avgBherer.bed --num-samples=1000 --log=analysis/20220622_LocationPatterns/GATresults/NAHR_1/log/NAHR_1_annotations_repeats.log --stdout=analysis/20220622_LocationPatterns/GATresults/NAHR_1/tsv/NAHR_1_annotations_repeats.tsv
# job started at Wed Jun 22 22:16:27 2022 on rgomez-pc -- 40e895bf-fd59-46f6-b166-4af43163dffc
# pid: 21898, system: Linux 5.3.0-7648-generic #41~1586790036~18.04~600aeb5-Ubuntu SMP Mon Apr 13 17:47:15 UTC  x86_64
# annotation_files                        : ['analysis/20220622_LocationPatterns/GATfiles/Annotations/annotations_repeats.bed']
# annotations_label                       : None
# annotations_to_points                   : None
# bucket_size                             : 0
# cache                                   : None
# conditional                             : unconditional
# conditional_expansion                   : None
# conditional_extension                   : None
# counters                                : []
# enable_split_tracks                     : False
# ignore_segment_tracks                   : True
# input_filename_counts                   : None
# input_filename_descriptions             : None
# input_filename_results                  : None
# isochore_files                          : None
# loglevel                                : 1
# nbuckets                                : 100000
# null                                    : default
# num_samples                             : 1000
# num_threads                             : 0
# output_bed                              : []
# output_counts_pattern                   : None
# output_filename_pattern                 : %s
# output_force                            : False
# output_order                            : fold
# output_plots_pattern                    : None
# output_samples_pattern                  : None
# output_stats                            : []
# output_tables_pattern                   : %s.tsv.gz
# overlapping_annotations                 : False
# pseudo_count                            : 1.0
# pvalue_method                           : empirical
# qvalue_lambda                           : None
# qvalue_method                           : BH
# qvalue_pi0_method                       : smoother
# random_seed                             : None
# restrict_workspace                      : False
# sample_files                            : []
# sampler                                 : annotator
# segment_files                           : ['analysis/20220622_LocationPatterns/GATfiles/Segments/NAHR_1.bed']
# shift_expansion                         : 2.0
# shift_extension                         : 0
# short_help                              : None
# stderr                                  : <_io.TextIOWrapper name='<stderr>' mode='w' encoding='utf-8'>
# stdin                                   : <_io.TextIOWrapper name='<stdin>' mode='r' encoding='utf-8'>
# stdlog                                  : <_io.TextIOWrapper name='analysis/20220622_LocationPatterns/GATresults/NAHR_1/log/NAHR_1_annotations_repeats.log' mode='a' encoding='UTF-8'>
# stdout                                  : <_io.TextIOWrapper name='analysis/20220622_LocationPatterns/GATresults/NAHR_1/tsv/NAHR_1_annotations_repeats.tsv' mode='w' encoding='UTF-8'>
# timeit_file                             : None
# timeit_header                           : None
# timeit_name                             : all
# truncate_segments_to_workspace          : False
# truncate_workspace_to_annotations       : False
# workspace_files                         : ['analysis/20220622_LocationPatterns/GATfiles/Workspace/workspace_avgBherer.bed']
2022-06-22 22:16:27,564 INFO segments: reading tracks from 1 files
2022-06-22 22:16:27,565 INFO segments: read 1 tracks from 1 files
2022-06-22 22:16:27,565 INFO annotations: reading tracks from 1 files
2022-06-22 22:16:27,676 INFO annotations: read 1 tracks from 1 files
2022-06-22 22:16:27,680 INFO workspaces: reading tracks from 1 files
2022-06-22 22:16:27,680 INFO workspaces: read 1 tracks from 1 files
2022-06-22 22:16:27,680 INFO collapsing workspaces
2022-06-22 22:16:27,680 INFO intervals loaded in 0 seconds
2022-06-22 22:16:27,680 INFO collecting observed counts
2022-06-22 22:16:27,680 INFO starting sampling
2022-06-22 22:16:27,680 INFO sampling: merged: 1/1
2022-06-22 22:16:27,680 INFO performing unconditional sampling
2022-06-22 22:16:27,680 INFO workspace without conditioning: 39 segments, 2678195140 nucleotides
2022-06-22 22:16:27,680 INFO workspace after conditioning: 39 segments, 2678195140 nucleotides
2022-06-22 22:16:27,681 INFO sampling started
2022-06-22 22:16:27,683 INFO 0/1000 done ( 0.00)
2022-06-22 22:16:27,795 INFO 100/1000 done (10.00)
2022-06-22 22:16:27,904 INFO 200/1000 done (20.00)
2022-06-22 22:16:28,013 INFO 300/1000 done (30.00)
2022-06-22 22:16:28,123 INFO 400/1000 done (40.00)
2022-06-22 22:16:28,233 INFO 500/1000 done (50.00)
2022-06-22 22:16:28,342 INFO 600/1000 done (60.00)
2022-06-22 22:16:28,451 INFO 700/1000 done (70.00)
2022-06-22 22:16:28,561 INFO 800/1000 done (80.00)
2022-06-22 22:16:28,669 INFO 900/1000 done (90.00)
2022-06-22 22:16:28,777 INFO sampling completed
2022-06-22 22:16:28,778 INFO sampling finished
2022-06-22 22:16:28,778 INFO computing PValue statistics
2022-06-22 22:16:28,778 INFO computing FDR statistics
# job finished in 1 seconds at Wed Jun 22 22:16:28 2022 --  2.12  0.06  0.00  0.00 -- 40e895bf-fd59-46f6-b166-4af43163dffc
# output generated by /home/rgomez/anaconda3/bin/gat-run.py --segments=analysis/20220622_LocationPatterns/GATfiles/Segments/NAHR_1.bed --annotations=analysis/20220622_LocationPatterns/GATfiles/Annotations/annotations_repeats.bed --workspace=analysis/20220622_LocationPatterns/GATfiles/Workspace/workspace_avgBherer.bed --num-samples=1000 --log=analysis/20220622_LocationPatterns/GATresults/NAHR_1/log/NAHR_1_annotations_repeats.log --stdout=analysis/20220622_LocationPatterns/GATresults/NAHR_1/tsv/NAHR_1_annotations_repeats.tsv
# job started at Wed Jun 22 22:17:41 2022 on rgomez-pc -- 40b42a3d-f245-4ae7-b758-cf963243c29b
# pid: 22060, system: Linux 5.3.0-7648-generic #41~1586790036~18.04~600aeb5-Ubuntu SMP Mon Apr 13 17:47:15 UTC  x86_64
# annotation_files                        : ['analysis/20220622_LocationPatterns/GATfiles/Annotations/annotations_repeats.bed']
# annotations_label                       : None
# annotations_to_points                   : None
# bucket_size                             : 0
# cache                                   : None
# conditional                             : unconditional
# conditional_expansion                   : None
# conditional_extension                   : None
# counters                                : []
# enable_split_tracks                     : False
# ignore_segment_tracks                   : True
# input_filename_counts                   : None
# input_filename_descriptions             : None
# input_filename_results                  : None
# isochore_files                          : None
# loglevel                                : 1
# nbuckets                                : 100000
# null                                    : default
# num_samples                             : 1000
# num_threads                             : 0
# output_bed                              : []
# output_counts_pattern                   : None
# output_filename_pattern                 : %s
# output_force                            : False
# output_order                            : fold
# output_plots_pattern                    : None
# output_samples_pattern                  : None
# output_stats                            : []
# output_tables_pattern                   : %s.tsv.gz
# overlapping_annotations                 : False
# pseudo_count                            : 1.0
# pvalue_method                           : empirical
# qvalue_lambda                           : None
# qvalue_method                           : BH
# qvalue_pi0_method                       : smoother
# random_seed                             : None
# restrict_workspace                      : False
# sample_files                            : []
# sampler                                 : annotator
# segment_files                           : ['analysis/20220622_LocationPatterns/GATfiles/Segments/NAHR_1.bed']
# shift_expansion                         : 2.0
# shift_extension                         : 0
# short_help                              : None
# stderr                                  : <_io.TextIOWrapper name='<stderr>' mode='w' encoding='utf-8'>
# stdin                                   : <_io.TextIOWrapper name='<stdin>' mode='r' encoding='utf-8'>
# stdlog                                  : <_io.TextIOWrapper name='analysis/20220622_LocationPatterns/GATresults/NAHR_1/log/NAHR_1_annotations_repeats.log' mode='a' encoding='UTF-8'>
# stdout                                  : <_io.TextIOWrapper name='analysis/20220622_LocationPatterns/GATresults/NAHR_1/tsv/NAHR_1_annotations_repeats.tsv' mode='w' encoding='UTF-8'>
# timeit_file                             : None
# timeit_header                           : None
# timeit_name                             : all
# truncate_segments_to_workspace          : False
# truncate_workspace_to_annotations       : False
# workspace_files                         : ['analysis/20220622_LocationPatterns/GATfiles/Workspace/workspace_avgBherer.bed']
2022-06-22 22:17:41,158 INFO segments: reading tracks from 1 files
2022-06-22 22:17:41,159 INFO segments: read 1 tracks from 1 files
2022-06-22 22:17:41,159 INFO annotations: reading tracks from 1 files
2022-06-22 22:17:41,281 INFO annotations: read 1 tracks from 1 files
2022-06-22 22:17:41,285 INFO workspaces: reading tracks from 1 files
2022-06-22 22:17:41,285 INFO workspaces: read 1 tracks from 1 files
2022-06-22 22:17:41,285 INFO collapsing workspaces
2022-06-22 22:17:41,285 INFO intervals loaded in 0 seconds
2022-06-22 22:17:41,285 INFO collecting observed counts
2022-06-22 22:17:41,285 INFO starting sampling
2022-06-22 22:17:41,285 INFO sampling: merged: 1/1
2022-06-22 22:17:41,285 INFO performing unconditional sampling
2022-06-22 22:17:41,285 INFO workspace without conditioning: 39 segments, 2678195140 nucleotides
2022-06-22 22:17:41,285 INFO workspace after conditioning: 39 segments, 2678195140 nucleotides
2022-06-22 22:17:41,286 INFO sampling started
2022-06-22 22:17:41,289 INFO 0/1000 done ( 0.00)
2022-06-22 22:17:41,546 INFO 100/1000 done (10.00)
2022-06-22 22:17:41,801 INFO 200/1000 done (20.00)
2022-06-22 22:17:42,065 INFO 300/1000 done (30.00)
2022-06-22 22:17:42,326 INFO 400/1000 done (40.00)
2022-06-22 22:17:42,577 INFO 500/1000 done (50.00)
2022-06-22 22:17:42,834 INFO 600/1000 done (60.00)
2022-06-22 22:17:43,089 INFO 700/1000 done (70.00)
2022-06-22 22:17:43,346 INFO 800/1000 done (80.00)
2022-06-22 22:17:43,605 INFO 900/1000 done (90.00)
2022-06-22 22:17:43,854 INFO sampling completed
2022-06-22 22:17:43,855 INFO sampling finished
2022-06-22 22:17:43,855 INFO computing PValue statistics
2022-06-22 22:17:43,855 INFO computing FDR statistics
# job finished in 2 seconds at Wed Jun 22 22:17:43 2022 --  3.49  0.04  0.00  0.00 -- 40b42a3d-f245-4ae7-b758-cf963243c29b
# output generated by /home/rgomez/anaconda3/bin/gat-run.py --segments=analysis/20220622_LocationPatterns/GATfiles/Segments/NAHR_1.bed --annotations=analysis/20220622_LocationPatterns/GATfiles/Annotations/annotations_repeats.bed --workspace=analysis/20220622_LocationPatterns/GATfiles/Workspace/workspace_avgBherer.bed --num-samples=1000 --log=analysis/20220622_LocationPatterns/GATresults/NAHR_1/log/NAHR_1_annotations_repeats.log --stdout=analysis/20220622_LocationPatterns/GATresults/NAHR_1/tsv/NAHR_1_annotations_repeats.tsv
# job started at Wed Jun 22 22:18:32 2022 on rgomez-pc -- f1366f4c-6158-40bc-849a-4057977ed4e7
# pid: 22190, system: Linux 5.3.0-7648-generic #41~1586790036~18.04~600aeb5-Ubuntu SMP Mon Apr 13 17:47:15 UTC  x86_64
# annotation_files                        : ['analysis/20220622_LocationPatterns/GATfiles/Annotations/annotations_repeats.bed']
# annotations_label                       : None
# annotations_to_points                   : None
# bucket_size                             : 0
# cache                                   : None
# conditional                             : unconditional
# conditional_expansion                   : None
# conditional_extension                   : None
# counters                                : []
# enable_split_tracks                     : False
# ignore_segment_tracks                   : True
# input_filename_counts                   : None
# input_filename_descriptions             : None
# input_filename_results                  : None
# isochore_files                          : None
# loglevel                                : 1
# nbuckets                                : 100000
# null                                    : default
# num_samples                             : 1000
# num_threads                             : 0
# output_bed                              : []
# output_counts_pattern                   : None
# output_filename_pattern                 : %s
# output_force                            : False
# output_order                            : fold
# output_plots_pattern                    : None
# output_samples_pattern                  : None
# output_stats                            : []
# output_tables_pattern                   : %s.tsv.gz
# overlapping_annotations                 : False
# pseudo_count                            : 1.0
# pvalue_method                           : empirical
# qvalue_lambda                           : None
# qvalue_method                           : BH
# qvalue_pi0_method                       : smoother
# random_seed                             : None
# restrict_workspace                      : False
# sample_files                            : []
# sampler                                 : annotator
# segment_files                           : ['analysis/20220622_LocationPatterns/GATfiles/Segments/NAHR_1.bed']
# shift_expansion                         : 2.0
# shift_extension                         : 0
# short_help                              : None
# stderr                                  : <_io.TextIOWrapper name='<stderr>' mode='w' encoding='utf-8'>
# stdin                                   : <_io.TextIOWrapper name='<stdin>' mode='r' encoding='utf-8'>
# stdlog                                  : <_io.TextIOWrapper name='analysis/20220622_LocationPatterns/GATresults/NAHR_1/log/NAHR_1_annotations_repeats.log' mode='a' encoding='UTF-8'>
# stdout                                  : <_io.TextIOWrapper name='analysis/20220622_LocationPatterns/GATresults/NAHR_1/tsv/NAHR_1_annotations_repeats.tsv' mode='w' encoding='UTF-8'>
# timeit_file                             : None
# timeit_header                           : None
# timeit_name                             : all
# truncate_segments_to_workspace          : False
# truncate_workspace_to_annotations       : False
# workspace_files                         : ['analysis/20220622_LocationPatterns/GATfiles/Workspace/workspace_avgBherer.bed']
2022-06-22 22:18:32,761 INFO segments: reading tracks from 1 files
2022-06-22 22:18:32,761 INFO segments: read 1 tracks from 1 files
2022-06-22 22:18:32,761 INFO annotations: reading tracks from 1 files
2022-06-22 22:18:32,874 INFO annotations: read 1 tracks from 1 files
2022-06-22 22:18:32,878 INFO workspaces: reading tracks from 1 files
2022-06-22 22:18:32,878 INFO workspaces: read 1 tracks from 1 files
2022-06-22 22:18:32,878 INFO collapsing workspaces
2022-06-22 22:18:32,878 INFO intervals loaded in 0 seconds
2022-06-22 22:18:32,878 INFO collecting observed counts
2022-06-22 22:18:32,878 INFO starting sampling
2022-06-22 22:18:32,878 INFO sampling: merged: 1/1
2022-06-22 22:18:32,878 INFO performing unconditional sampling
2022-06-22 22:18:32,878 INFO workspace without conditioning: 39 segments, 2678195140 nucleotides
2022-06-22 22:18:32,879 INFO workspace after conditioning: 39 segments, 2678195140 nucleotides
2022-06-22 22:18:32,879 INFO sampling started
2022-06-22 22:18:32,882 INFO 0/1000 done ( 0.00)
2022-06-22 22:18:33,085 INFO 100/1000 done (10.00)
2022-06-22 22:18:33,292 INFO 200/1000 done (20.00)
2022-06-22 22:18:33,507 INFO 300/1000 done (30.00)
2022-06-22 22:18:33,726 INFO 400/1000 done (40.00)
2022-06-22 22:18:33,930 INFO 500/1000 done (50.00)
2022-06-22 22:18:34,145 INFO 600/1000 done (60.00)
2022-06-22 22:18:34,352 INFO 700/1000 done (70.00)
2022-06-22 22:18:34,571 INFO 800/1000 done (80.00)
2022-06-22 22:18:34,775 INFO 900/1000 done (90.00)
2022-06-22 22:18:34,977 INFO sampling completed
2022-06-22 22:18:34,978 INFO sampling finished
2022-06-22 22:18:34,978 INFO computing PValue statistics
2022-06-22 22:18:34,979 INFO computing FDR statistics
# job finished in 2 seconds at Wed Jun 22 22:18:34 2022 --  3.10  0.05  0.00  0.00 -- f1366f4c-6158-40bc-849a-4057977ed4e7
# output generated by /home/rgomez/anaconda3/bin/gat-run.py --segments=analysis/20220622_LocationPatterns/GATfiles/Segments/NAHR_1.bed --annotations=analysis/20220622_LocationPatterns/GATfiles/Annotations/annotations_repeats.bed --workspace=analysis/20220622_LocationPatterns/GATfiles/Workspace/workspace_avgBherer.bed --num-samples=1000 --log=analysis/20220622_LocationPatterns/GATresults/NAHR_1/log/NAHR_1_annotations_repeats.log --stdout=analysis/20220622_LocationPatterns/GATresults/NAHR_1/tsv/NAHR_1_annotations_repeats.tsv
# job started at Wed Jun 22 22:19:57 2022 on rgomez-pc -- 82332fe8-cde5-4a70-9863-2f6c24a77149
# pid: 22349, system: Linux 5.3.0-7648-generic #41~1586790036~18.04~600aeb5-Ubuntu SMP Mon Apr 13 17:47:15 UTC  x86_64
# annotation_files                        : ['analysis/20220622_LocationPatterns/GATfiles/Annotations/annotations_repeats.bed']
# annotations_label                       : None
# annotations_to_points                   : None
# bucket_size                             : 0
# cache                                   : None
# conditional                             : unconditional
# conditional_expansion                   : None
# conditional_extension                   : None
# counters                                : []
# enable_split_tracks                     : False
# ignore_segment_tracks                   : True
# input_filename_counts                   : None
# input_filename_descriptions             : None
# input_filename_results                  : None
# isochore_files                          : None
# loglevel                                : 1
# nbuckets                                : 100000
# null                                    : default
# num_samples                             : 1000
# num_threads                             : 0
# output_bed                              : []
# output_counts_pattern                   : None
# output_filename_pattern                 : %s
# output_force                            : False
# output_order                            : fold
# output_plots_pattern                    : None
# output_samples_pattern                  : None
# output_stats                            : []
# output_tables_pattern                   : %s.tsv.gz
# overlapping_annotations                 : False
# pseudo_count                            : 1.0
# pvalue_method                           : empirical
# qvalue_lambda                           : None
# qvalue_method                           : BH
# qvalue_pi0_method                       : smoother
# random_seed                             : None
# restrict_workspace                      : False
# sample_files                            : []
# sampler                                 : annotator
# segment_files                           : ['analysis/20220622_LocationPatterns/GATfiles/Segments/NAHR_1.bed']
# shift_expansion                         : 2.0
# shift_extension                         : 0
# short_help                              : None
# stderr                                  : <_io.TextIOWrapper name='<stderr>' mode='w' encoding='utf-8'>
# stdin                                   : <_io.TextIOWrapper name='<stdin>' mode='r' encoding='utf-8'>
# stdlog                                  : <_io.TextIOWrapper name='analysis/20220622_LocationPatterns/GATresults/NAHR_1/log/NAHR_1_annotations_repeats.log' mode='a' encoding='UTF-8'>
# stdout                                  : <_io.TextIOWrapper name='analysis/20220622_LocationPatterns/GATresults/NAHR_1/tsv/NAHR_1_annotations_repeats.tsv' mode='w' encoding='UTF-8'>
# timeit_file                             : None
# timeit_header                           : None
# timeit_name                             : all
# truncate_segments_to_workspace          : False
# truncate_workspace_to_annotations       : False
# workspace_files                         : ['analysis/20220622_LocationPatterns/GATfiles/Workspace/workspace_avgBherer.bed']
2022-06-22 22:19:57,560 INFO segments: reading tracks from 1 files
2022-06-22 22:19:57,560 INFO segments: read 1 tracks from 1 files
2022-06-22 22:19:57,560 INFO annotations: reading tracks from 1 files
2022-06-22 22:19:57,671 INFO annotations: read 1 tracks from 1 files
2022-06-22 22:19:57,675 INFO workspaces: reading tracks from 1 files
2022-06-22 22:19:57,675 INFO workspaces: read 1 tracks from 1 files
2022-06-22 22:19:57,675 INFO collapsing workspaces
2022-06-22 22:19:57,675 INFO intervals loaded in 0 seconds
2022-06-22 22:19:57,675 INFO collecting observed counts
2022-06-22 22:19:57,675 INFO starting sampling
2022-06-22 22:19:57,675 INFO sampling: merged: 1/1
2022-06-22 22:19:57,676 INFO performing unconditional sampling
2022-06-22 22:19:57,676 INFO workspace without conditioning: 39 segments, 2678195140 nucleotides
2022-06-22 22:19:57,676 INFO workspace after conditioning: 39 segments, 2678195140 nucleotides
2022-06-22 22:19:57,676 INFO sampling started
2022-06-22 22:19:57,679 INFO 0/1000 done ( 0.00)
2022-06-22 22:19:57,881 INFO 100/1000 done (10.00)
2022-06-22 22:19:58,082 INFO 200/1000 done (20.00)
2022-06-22 22:19:58,282 INFO 300/1000 done (30.00)
2022-06-22 22:19:58,501 INFO 400/1000 done (40.00)
2022-06-22 22:19:58,711 INFO 500/1000 done (50.00)
2022-06-22 22:19:58,911 INFO 600/1000 done (60.00)
2022-06-22 22:19:59,114 INFO 700/1000 done (70.00)
2022-06-22 22:19:59,328 INFO 800/1000 done (80.00)
2022-06-22 22:19:59,533 INFO 900/1000 done (90.00)
2022-06-22 22:19:59,746 INFO sampling completed
2022-06-22 22:19:59,746 INFO sampling finished
2022-06-22 22:19:59,746 INFO computing PValue statistics
2022-06-22 22:19:59,747 INFO computing FDR statistics
# job finished in 2 seconds at Wed Jun 22 22:19:59 2022 --  2.96  0.03  0.00  0.00 -- 82332fe8-cde5-4a70-9863-2f6c24a77149
