# output generated by /home/rgomez/anaconda3/bin/gat-run.py --segments=analysis/20220622_LocationPatterns/GATfiles/Segments/HFNHinvs.bed --annotations=analysis/20220622_LocationPatterns/GATfiles/Annotations/annotations_repeats.bed --workspace=analysis/20220622_LocationPatterns/GATfiles/Workspace/workspace_avgBherer.bed --output-counts-pattern=analysis/20220622_LocationPatterns/GATresults/NHinvs_comparable/counts/HFNHinvs_annotations_repeats%s.tsv.gz --num-samples=1000 --log=analysis/20220622_LocationPatterns/GATresults/NHinvs_comparable/log/HFNHinvs_annotations_repeats.log --stdout=analysis/20220622_LocationPatterns/GATresults/NHinvs_comparable/tsv/HFNHinvs_annotations_repeats.tsv
# job started at Thu Jun 23 13:03:52 2022 on rgomez-pc -- 9a6e1b58-2d78-467b-bfda-7a3e57329ae8
# pid: 27860, system: Linux 5.3.0-7648-generic #41~1586790036~18.04~600aeb5-Ubuntu SMP Mon Apr 13 17:47:15 UTC  x86_64
# annotation_files                        : ['analysis/20220622_LocationPatterns/GATfiles/Annotations/annotations_repeats.bed']
# annotations_label                       : None
# annotations_to_points                   : None
# bucket_size                             : 0
# cache                                   : None
# conditional                             : unconditional
# conditional_expansion                   : None
# conditional_extension                   : None
# counters                                : []
# enable_split_tracks                     : False
# ignore_segment_tracks                   : True
# input_filename_counts                   : None
# input_filename_descriptions             : None
# input_filename_results                  : None
# isochore_files                          : None
# loglevel                                : 1
# nbuckets                                : 100000
# null                                    : default
# num_samples                             : 1000
# num_threads                             : 0
# output_bed                              : []
# output_counts_pattern                   : analysis/20220622_LocationPatterns/GATresults/NHinvs_comparable/counts/HFNHinvs_annotations_repeats%s.tsv.gz
# output_filename_pattern                 : %s
# output_force                            : False
# output_order                            : fold
# output_plots_pattern                    : None
# output_samples_pattern                  : None
# output_stats                            : []
# output_tables_pattern                   : %s.tsv.gz
# overlapping_annotations                 : False
# pseudo_count                            : 1.0
# pvalue_method                           : empirical
# qvalue_lambda                           : None
# qvalue_method                           : BH
# qvalue_pi0_method                       : smoother
# random_seed                             : None
# restrict_workspace                      : False
# sample_files                            : []
# sampler                                 : annotator
# segment_files                           : ['analysis/20220622_LocationPatterns/GATfiles/Segments/HFNHinvs.bed']
# shift_expansion                         : 2.0
# shift_extension                         : 0
# short_help                              : None
# stderr                                  : <_io.TextIOWrapper name='<stderr>' mode='w' encoding='utf-8'>
# stdin                                   : <_io.TextIOWrapper name='<stdin>' mode='r' encoding='utf-8'>
# stdlog                                  : <_io.TextIOWrapper name='analysis/20220622_LocationPatterns/GATresults/NHinvs_comparable/log/HFNHinvs_annotations_repeats.log' mode='a' encoding='UTF-8'>
# stdout                                  : <_io.TextIOWrapper name='analysis/20220622_LocationPatterns/GATresults/NHinvs_comparable/tsv/HFNHinvs_annotations_repeats.tsv' mode='w' encoding='UTF-8'>
# timeit_file                             : None
# timeit_header                           : None
# timeit_name                             : all
# truncate_segments_to_workspace          : False
# truncate_workspace_to_annotations       : False
# workspace_files                         : ['analysis/20220622_LocationPatterns/GATfiles/Workspace/workspace_avgBherer.bed']
2022-06-23 13:03:52,159 INFO segments: reading tracks from 1 files
2022-06-23 13:03:52,159 INFO segments: read 1 tracks from 1 files
2022-06-23 13:03:52,159 INFO annotations: reading tracks from 1 files
2022-06-23 13:03:52,276 INFO annotations: read 1 tracks from 1 files
2022-06-23 13:03:52,279 INFO workspaces: reading tracks from 1 files
2022-06-23 13:03:52,280 INFO workspaces: read 1 tracks from 1 files
2022-06-23 13:03:52,280 INFO collapsing workspaces
2022-06-23 13:03:52,280 INFO intervals loaded in 0 seconds
2022-06-23 13:03:52,280 INFO collecting observed counts
2022-06-23 13:03:52,280 INFO starting sampling
2022-06-23 13:03:52,280 INFO sampling: merged: 1/1
2022-06-23 13:03:52,280 INFO performing unconditional sampling
2022-06-23 13:03:52,280 INFO workspace without conditioning: 39 segments, 2678195140 nucleotides
2022-06-23 13:03:52,280 INFO workspace after conditioning: 39 segments, 2678195140 nucleotides
2022-06-23 13:03:52,281 INFO sampling started
2022-06-23 13:03:52,284 INFO 0/1000 done ( 0.00)
2022-06-23 13:03:52,495 INFO 100/1000 done (10.00)
2022-06-23 13:03:52,701 INFO 200/1000 done (20.00)
2022-06-23 13:03:52,908 INFO 300/1000 done (30.00)
2022-06-23 13:03:53,118 INFO 400/1000 done (40.00)
2022-06-23 13:03:53,326 INFO 500/1000 done (50.00)
2022-06-23 13:03:53,534 INFO 600/1000 done (60.00)
2022-06-23 13:03:53,741 INFO 700/1000 done (70.00)
2022-06-23 13:03:53,947 INFO 800/1000 done (80.00)
2022-06-23 13:03:54,154 INFO 900/1000 done (90.00)
2022-06-23 13:03:54,359 INFO sampling completed
2022-06-23 13:03:54,359 INFO sampling finished
2022-06-23 13:03:54,359 INFO computing PValue statistics
2022-06-23 13:03:54,360 INFO writing counts to analysis/20220622_LocationPatterns/GATresults/NHinvs_comparable/counts/HFNHinvs_annotations_repeatsnucleotide-overlap.tsv.gz
2022-06-23 13:03:54,361 INFO computing FDR statistics
# job finished in 2 seconds at Thu Jun 23 13:03:54 2022 --  2.94  0.05  0.00  0.00 -- 9a6e1b58-2d78-467b-bfda-7a3e57329ae8
# output generated by /home/rgomez/anaconda3/bin/gat-run.py --segments=analysis/20220622_LocationPatterns/GATfiles/Segments/HFNHinvs.bed --annotations=analysis/20220622_LocationPatterns/GATfiles/Annotations/annotations_repeats.bed --workspace=analysis/20220622_LocationPatterns/GATfiles/Workspace/workspace_avgBherer.bed --output-counts-pattern=analysis/20220622_LocationPatterns/GATresults/NHinvs_comparable/counts/HFNHinvs_annotations_repeats%s.tsv.gz --num-samples=1000 --log=analysis/20220622_LocationPatterns/GATresults/NHinvs_comparable/log/HFNHinvs_annotations_repeats.log --stdout=analysis/20220622_LocationPatterns/GATresults/NHinvs_comparable/tsv/HFNHinvs_annotations_repeats.tsv
# job started at Thu Jun 23 13:04:58 2022 on rgomez-pc -- 3439d0fb-06ca-4bdb-8b2a-5f70f84a7cc5
# pid: 27998, system: Linux 5.3.0-7648-generic #41~1586790036~18.04~600aeb5-Ubuntu SMP Mon Apr 13 17:47:15 UTC  x86_64
# annotation_files                        : ['analysis/20220622_LocationPatterns/GATfiles/Annotations/annotations_repeats.bed']
# annotations_label                       : None
# annotations_to_points                   : None
# bucket_size                             : 0
# cache                                   : None
# conditional                             : unconditional
# conditional_expansion                   : None
# conditional_extension                   : None
# counters                                : []
# enable_split_tracks                     : False
# ignore_segment_tracks                   : True
# input_filename_counts                   : None
# input_filename_descriptions             : None
# input_filename_results                  : None
# isochore_files                          : None
# loglevel                                : 1
# nbuckets                                : 100000
# null                                    : default
# num_samples                             : 1000
# num_threads                             : 0
# output_bed                              : []
# output_counts_pattern                   : analysis/20220622_LocationPatterns/GATresults/NHinvs_comparable/counts/HFNHinvs_annotations_repeats%s.tsv.gz
# output_filename_pattern                 : %s
# output_force                            : False
# output_order                            : fold
# output_plots_pattern                    : None
# output_samples_pattern                  : None
# output_stats                            : []
# output_tables_pattern                   : %s.tsv.gz
# overlapping_annotations                 : False
# pseudo_count                            : 1.0
# pvalue_method                           : empirical
# qvalue_lambda                           : None
# qvalue_method                           : BH
# qvalue_pi0_method                       : smoother
# random_seed                             : None
# restrict_workspace                      : False
# sample_files                            : []
# sampler                                 : annotator
# segment_files                           : ['analysis/20220622_LocationPatterns/GATfiles/Segments/HFNHinvs.bed']
# shift_expansion                         : 2.0
# shift_extension                         : 0
# short_help                              : None
# stderr                                  : <_io.TextIOWrapper name='<stderr>' mode='w' encoding='utf-8'>
# stdin                                   : <_io.TextIOWrapper name='<stdin>' mode='r' encoding='utf-8'>
# stdlog                                  : <_io.TextIOWrapper name='analysis/20220622_LocationPatterns/GATresults/NHinvs_comparable/log/HFNHinvs_annotations_repeats.log' mode='a' encoding='UTF-8'>
# stdout                                  : <_io.TextIOWrapper name='analysis/20220622_LocationPatterns/GATresults/NHinvs_comparable/tsv/HFNHinvs_annotations_repeats.tsv' mode='w' encoding='UTF-8'>
# timeit_file                             : None
# timeit_header                           : None
# timeit_name                             : all
# truncate_segments_to_workspace          : False
# truncate_workspace_to_annotations       : False
# workspace_files                         : ['analysis/20220622_LocationPatterns/GATfiles/Workspace/workspace_avgBherer.bed']
2022-06-23 13:04:58,563 INFO segments: reading tracks from 1 files
2022-06-23 13:04:58,563 INFO segments: read 1 tracks from 1 files
2022-06-23 13:04:58,563 INFO annotations: reading tracks from 1 files
2022-06-23 13:04:58,679 INFO annotations: read 1 tracks from 1 files
2022-06-23 13:04:58,683 INFO workspaces: reading tracks from 1 files
2022-06-23 13:04:58,684 INFO workspaces: read 1 tracks from 1 files
2022-06-23 13:04:58,684 INFO collapsing workspaces
2022-06-23 13:04:58,684 INFO intervals loaded in 0 seconds
2022-06-23 13:04:58,684 INFO collecting observed counts
2022-06-23 13:04:58,684 INFO starting sampling
2022-06-23 13:04:58,684 INFO sampling: merged: 1/1
2022-06-23 13:04:58,684 INFO performing unconditional sampling
2022-06-23 13:04:58,684 INFO workspace without conditioning: 39 segments, 2678195140 nucleotides
2022-06-23 13:04:58,684 INFO workspace after conditioning: 39 segments, 2678195140 nucleotides
2022-06-23 13:04:58,685 INFO sampling started
2022-06-23 13:04:58,688 INFO 0/1000 done ( 0.00)
2022-06-23 13:04:58,897 INFO 100/1000 done (10.00)
2022-06-23 13:04:59,099 INFO 200/1000 done (20.00)
2022-06-23 13:04:59,301 INFO 300/1000 done (30.00)
2022-06-23 13:04:59,509 INFO 400/1000 done (40.00)
2022-06-23 13:04:59,708 INFO 500/1000 done (50.00)
2022-06-23 13:04:59,909 INFO 600/1000 done (60.00)
2022-06-23 13:05:00,109 INFO 700/1000 done (70.00)
2022-06-23 13:05:00,311 INFO 800/1000 done (80.00)
2022-06-23 13:05:00,511 INFO 900/1000 done (90.00)
2022-06-23 13:05:00,708 INFO sampling completed
2022-06-23 13:05:00,709 INFO sampling finished
2022-06-23 13:05:00,709 INFO computing PValue statistics
2022-06-23 13:05:00,710 INFO writing counts to analysis/20220622_LocationPatterns/GATresults/NHinvs_comparable/counts/HFNHinvs_annotations_repeatsnucleotide-overlap.tsv.gz
2022-06-23 13:05:00,711 INFO computing FDR statistics
# job finished in 2 seconds at Thu Jun 23 13:05:00 2022 --  2.91  0.04  0.00  0.00 -- 3439d0fb-06ca-4bdb-8b2a-5f70f84a7cc5
