# output generated by /home/rgomez/anaconda3/bin/gat-run.py --segments=analysis/20220622_LocationPatterns/GATfiles/Segments/LFNHinvs.bed --annotations=analysis/20220622_LocationPatterns/GATfiles/Annotations/annotations_repeats.bed --workspace=analysis/20220622_LocationPatterns/GATfiles/Workspace/workspace_avgBherer.bed --output-counts-pattern=analysis/20220622_LocationPatterns/GATresults/NHinvs_comparable/counts/LFNHinvs_annotations_repeats%s.tsv.gz --num-samples=1000 --log=analysis/20220622_LocationPatterns/GATresults/NHinvs_comparable/log/LFNHinvs_annotations_repeats.log --stdout=analysis/20220622_LocationPatterns/GATresults/NHinvs_comparable/tsv/LFNHinvs_annotations_repeats.tsv
# job started at Thu Jun 23 13:03:58 2022 on rgomez-pc -- 382e08cc-f817-4eff-b7d1-d8afd32725e6
# pid: 27865, system: Linux 5.3.0-7648-generic #41~1586790036~18.04~600aeb5-Ubuntu SMP Mon Apr 13 17:47:15 UTC  x86_64
# annotation_files                        : ['analysis/20220622_LocationPatterns/GATfiles/Annotations/annotations_repeats.bed']
# annotations_label                       : None
# annotations_to_points                   : None
# bucket_size                             : 0
# cache                                   : None
# conditional                             : unconditional
# conditional_expansion                   : None
# conditional_extension                   : None
# counters                                : []
# enable_split_tracks                     : False
# ignore_segment_tracks                   : True
# input_filename_counts                   : None
# input_filename_descriptions             : None
# input_filename_results                  : None
# isochore_files                          : None
# loglevel                                : 1
# nbuckets                                : 100000
# null                                    : default
# num_samples                             : 1000
# num_threads                             : 0
# output_bed                              : []
# output_counts_pattern                   : analysis/20220622_LocationPatterns/GATresults/NHinvs_comparable/counts/LFNHinvs_annotations_repeats%s.tsv.gz
# output_filename_pattern                 : %s
# output_force                            : False
# output_order                            : fold
# output_plots_pattern                    : None
# output_samples_pattern                  : None
# output_stats                            : []
# output_tables_pattern                   : %s.tsv.gz
# overlapping_annotations                 : False
# pseudo_count                            : 1.0
# pvalue_method                           : empirical
# qvalue_lambda                           : None
# qvalue_method                           : BH
# qvalue_pi0_method                       : smoother
# random_seed                             : None
# restrict_workspace                      : False
# sample_files                            : []
# sampler                                 : annotator
# segment_files                           : ['analysis/20220622_LocationPatterns/GATfiles/Segments/LFNHinvs.bed']
# shift_expansion                         : 2.0
# shift_extension                         : 0
# short_help                              : None
# stderr                                  : <_io.TextIOWrapper name='<stderr>' mode='w' encoding='utf-8'>
# stdin                                   : <_io.TextIOWrapper name='<stdin>' mode='r' encoding='utf-8'>
# stdlog                                  : <_io.TextIOWrapper name='analysis/20220622_LocationPatterns/GATresults/NHinvs_comparable/log/LFNHinvs_annotations_repeats.log' mode='a' encoding='UTF-8'>
# stdout                                  : <_io.TextIOWrapper name='analysis/20220622_LocationPatterns/GATresults/NHinvs_comparable/tsv/LFNHinvs_annotations_repeats.tsv' mode='w' encoding='UTF-8'>
# timeit_file                             : None
# timeit_header                           : None
# timeit_name                             : all
# truncate_segments_to_workspace          : False
# truncate_workspace_to_annotations       : False
# workspace_files                         : ['analysis/20220622_LocationPatterns/GATfiles/Workspace/workspace_avgBherer.bed']
2022-06-23 13:03:58,669 INFO segments: reading tracks from 1 files
2022-06-23 13:03:58,670 INFO segments: read 1 tracks from 1 files
2022-06-23 13:03:58,670 INFO annotations: reading tracks from 1 files
2022-06-23 13:03:58,793 INFO annotations: read 1 tracks from 1 files
2022-06-23 13:03:58,797 INFO workspaces: reading tracks from 1 files
2022-06-23 13:03:58,797 INFO workspaces: read 1 tracks from 1 files
2022-06-23 13:03:58,797 INFO collapsing workspaces
2022-06-23 13:03:58,798 INFO intervals loaded in 0 seconds
2022-06-23 13:03:58,798 INFO collecting observed counts
2022-06-23 13:03:58,798 INFO starting sampling
2022-06-23 13:03:58,798 INFO sampling: merged: 1/1
2022-06-23 13:03:58,798 INFO performing unconditional sampling
2022-06-23 13:03:58,798 INFO workspace without conditioning: 39 segments, 2678195140 nucleotides
2022-06-23 13:03:58,798 INFO workspace after conditioning: 39 segments, 2678195140 nucleotides
2022-06-23 13:03:58,798 INFO sampling started
2022-06-23 13:03:58,802 INFO 0/1000 done ( 0.00)
2022-06-23 13:03:59,076 INFO 100/1000 done (10.00)
2022-06-23 13:03:59,351 INFO 200/1000 done (20.00)
2022-06-23 13:03:59,626 INFO 300/1000 done (30.00)
2022-06-23 13:03:59,914 INFO 400/1000 done (40.00)
2022-06-23 13:04:00,188 INFO 500/1000 done (50.00)
2022-06-23 13:04:00,464 INFO 600/1000 done (60.00)
2022-06-23 13:04:00,739 INFO 700/1000 done (70.00)
2022-06-23 13:04:01,013 INFO 800/1000 done (80.00)
2022-06-23 13:04:01,290 INFO 900/1000 done (90.00)
2022-06-23 13:04:01,561 INFO sampling completed
2022-06-23 13:04:01,562 INFO sampling finished
2022-06-23 13:04:01,562 INFO computing PValue statistics
2022-06-23 13:04:01,563 INFO writing counts to analysis/20220622_LocationPatterns/GATresults/NHinvs_comparable/counts/LFNHinvs_annotations_repeatsnucleotide-overlap.tsv.gz
2022-06-23 13:04:01,564 INFO computing FDR statistics
# job finished in 2 seconds at Thu Jun 23 13:04:01 2022 --  3.64  0.03  0.00  0.00 -- 382e08cc-f817-4eff-b7d1-d8afd32725e6
# output generated by /home/rgomez/anaconda3/bin/gat-run.py --segments=analysis/20220622_LocationPatterns/GATfiles/Segments/LFNHinvs.bed --annotations=analysis/20220622_LocationPatterns/GATfiles/Annotations/annotations_repeats.bed --workspace=analysis/20220622_LocationPatterns/GATfiles/Workspace/workspace_avgBherer.bed --output-counts-pattern=analysis/20220622_LocationPatterns/GATresults/NHinvs_comparable/counts/LFNHinvs_annotations_repeats%s.tsv.gz --num-samples=1000 --log=analysis/20220622_LocationPatterns/GATresults/NHinvs_comparable/log/LFNHinvs_annotations_repeats.log --stdout=analysis/20220622_LocationPatterns/GATresults/NHinvs_comparable/tsv/LFNHinvs_annotations_repeats.tsv
# job started at Thu Jun 23 13:05:05 2022 on rgomez-pc -- fd580d49-abf4-400a-9dcd-bd102d4f4fc3
# pid: 28002, system: Linux 5.3.0-7648-generic #41~1586790036~18.04~600aeb5-Ubuntu SMP Mon Apr 13 17:47:15 UTC  x86_64
# annotation_files                        : ['analysis/20220622_LocationPatterns/GATfiles/Annotations/annotations_repeats.bed']
# annotations_label                       : None
# annotations_to_points                   : None
# bucket_size                             : 0
# cache                                   : None
# conditional                             : unconditional
# conditional_expansion                   : None
# conditional_extension                   : None
# counters                                : []
# enable_split_tracks                     : False
# ignore_segment_tracks                   : True
# input_filename_counts                   : None
# input_filename_descriptions             : None
# input_filename_results                  : None
# isochore_files                          : None
# loglevel                                : 1
# nbuckets                                : 100000
# null                                    : default
# num_samples                             : 1000
# num_threads                             : 0
# output_bed                              : []
# output_counts_pattern                   : analysis/20220622_LocationPatterns/GATresults/NHinvs_comparable/counts/LFNHinvs_annotations_repeats%s.tsv.gz
# output_filename_pattern                 : %s
# output_force                            : False
# output_order                            : fold
# output_plots_pattern                    : None
# output_samples_pattern                  : None
# output_stats                            : []
# output_tables_pattern                   : %s.tsv.gz
# overlapping_annotations                 : False
# pseudo_count                            : 1.0
# pvalue_method                           : empirical
# qvalue_lambda                           : None
# qvalue_method                           : BH
# qvalue_pi0_method                       : smoother
# random_seed                             : None
# restrict_workspace                      : False
# sample_files                            : []
# sampler                                 : annotator
# segment_files                           : ['analysis/20220622_LocationPatterns/GATfiles/Segments/LFNHinvs.bed']
# shift_expansion                         : 2.0
# shift_extension                         : 0
# short_help                              : None
# stderr                                  : <_io.TextIOWrapper name='<stderr>' mode='w' encoding='utf-8'>
# stdin                                   : <_io.TextIOWrapper name='<stdin>' mode='r' encoding='utf-8'>
# stdlog                                  : <_io.TextIOWrapper name='analysis/20220622_LocationPatterns/GATresults/NHinvs_comparable/log/LFNHinvs_annotations_repeats.log' mode='a' encoding='UTF-8'>
# stdout                                  : <_io.TextIOWrapper name='analysis/20220622_LocationPatterns/GATresults/NHinvs_comparable/tsv/LFNHinvs_annotations_repeats.tsv' mode='w' encoding='UTF-8'>
# timeit_file                             : None
# timeit_header                           : None
# timeit_name                             : all
# truncate_segments_to_workspace          : False
# truncate_workspace_to_annotations       : False
# workspace_files                         : ['analysis/20220622_LocationPatterns/GATfiles/Workspace/workspace_avgBherer.bed']
2022-06-23 13:05:05,020 INFO segments: reading tracks from 1 files
2022-06-23 13:05:05,020 INFO segments: read 1 tracks from 1 files
2022-06-23 13:05:05,020 INFO annotations: reading tracks from 1 files
2022-06-23 13:05:05,135 INFO annotations: read 1 tracks from 1 files
2022-06-23 13:05:05,138 INFO workspaces: reading tracks from 1 files
2022-06-23 13:05:05,139 INFO workspaces: read 1 tracks from 1 files
2022-06-23 13:05:05,139 INFO collapsing workspaces
2022-06-23 13:05:05,139 INFO intervals loaded in 0 seconds
2022-06-23 13:05:05,139 INFO collecting observed counts
2022-06-23 13:05:05,139 INFO starting sampling
2022-06-23 13:05:05,139 INFO sampling: merged: 1/1
2022-06-23 13:05:05,139 INFO performing unconditional sampling
2022-06-23 13:05:05,139 INFO workspace without conditioning: 39 segments, 2678195140 nucleotides
2022-06-23 13:05:05,139 INFO workspace after conditioning: 39 segments, 2678195140 nucleotides
2022-06-23 13:05:05,140 INFO sampling started
2022-06-23 13:05:05,143 INFO 0/1000 done ( 0.00)
2022-06-23 13:05:05,427 INFO 100/1000 done (10.00)
2022-06-23 13:05:05,710 INFO 200/1000 done (20.00)
2022-06-23 13:05:05,992 INFO 300/1000 done (30.00)
2022-06-23 13:05:06,274 INFO 400/1000 done (40.00)
2022-06-23 13:05:06,558 INFO 500/1000 done (50.00)
2022-06-23 13:05:06,841 INFO 600/1000 done (60.00)
2022-06-23 13:05:07,125 INFO 700/1000 done (70.00)
2022-06-23 13:05:07,411 INFO 800/1000 done (80.00)
2022-06-23 13:05:07,697 INFO 900/1000 done (90.00)
2022-06-23 13:05:07,979 INFO sampling completed
2022-06-23 13:05:07,979 INFO sampling finished
2022-06-23 13:05:07,980 INFO computing PValue statistics
2022-06-23 13:05:07,980 INFO writing counts to analysis/20220622_LocationPatterns/GATresults/NHinvs_comparable/counts/LFNHinvs_annotations_repeatsnucleotide-overlap.tsv.gz
2022-06-23 13:05:07,981 INFO computing FDR statistics
# job finished in 2 seconds at Thu Jun 23 13:05:07 2022 --  3.72  0.03  0.00  0.00 -- fd580d49-abf4-400a-9dcd-bd102d4f4fc3
