# output generated by /home/rgomez/anaconda3/bin/gat-run.py --segments=analysis/20220621_LocationPatterns/GATfiles/Segments/HFno501invs.bed --annotations=analysis/20220621_LocationPatterns/GATfiles/Annotations/genomicSuperDups_coords_normal.bed --output-counts-pattern=analysis/20220621_LocationPatterns/GATresults/LowIsochores0.1/counts/HFno501invs_femBherer_%s.tsv.gz --isochores=analysis/20220621_LocationPatterns/GATfiles/Isochores/genomicSuperDups_COzones_0.1/Low.bed --workspace=analysis/20220621_LocationPatterns/GATfiles/Workspace/workspace_femBherer.bed --num-samples=100 --log=analysis/20220621_LocationPatterns/GATresults/LowIsochores0.1/log/HFno501invs_femBherer.log --stdout=analysis/20220621_LocationPatterns/GATresults/LowIsochores0.1/tsv/HFno501invs_femBherer.tsv
# job started at Tue Jun 21 09:21:46 2022 on rgomez-pc -- 577ccaac-268e-467f-9fc2-5e6bf887dba7
# pid: 16049, system: Linux 5.3.0-7648-generic #41~1586790036~18.04~600aeb5-Ubuntu SMP Mon Apr 13 17:47:15 UTC  x86_64
# annotation_files                        : ['analysis/20220621_LocationPatterns/GATfiles/Annotations/genomicSuperDups_coords_normal.bed']
# annotations_label                       : None
# annotations_to_points                   : None
# bucket_size                             : 0
# cache                                   : None
# conditional                             : unconditional
# conditional_expansion                   : None
# conditional_extension                   : None
# counters                                : []
# enable_split_tracks                     : False
# ignore_segment_tracks                   : True
# input_filename_counts                   : None
# input_filename_descriptions             : None
# input_filename_results                  : None
# isochore_files                          : ['analysis/20220621_LocationPatterns/GATfiles/Isochores/genomicSuperDups_COzones_0.1/Low.bed']
# loglevel                                : 1
# nbuckets                                : 100000
# null                                    : default
# num_samples                             : 100
# num_threads                             : 0
# output_bed                              : []
# output_counts_pattern                   : analysis/20220621_LocationPatterns/GATresults/LowIsochores0.1/counts/HFno501invs_femBherer_%s.tsv.gz
# output_filename_pattern                 : %s
# output_force                            : False
# output_order                            : fold
# output_plots_pattern                    : None
# output_samples_pattern                  : None
# output_stats                            : []
# output_tables_pattern                   : %s.tsv.gz
# overlapping_annotations                 : False
# pseudo_count                            : 1.0
# pvalue_method                           : empirical
# qvalue_lambda                           : None
# qvalue_method                           : BH
# qvalue_pi0_method                       : smoother
# random_seed                             : None
# restrict_workspace                      : False
# sample_files                            : []
# sampler                                 : annotator
# segment_files                           : ['analysis/20220621_LocationPatterns/GATfiles/Segments/HFno501invs.bed']
# shift_expansion                         : 2.0
# shift_extension                         : 0
# short_help                              : None
# stderr                                  : <_io.TextIOWrapper name='<stderr>' mode='w' encoding='utf-8'>
# stdin                                   : <_io.TextIOWrapper name='<stdin>' mode='r' encoding='utf-8'>
# stdlog                                  : <_io.TextIOWrapper name='analysis/20220621_LocationPatterns/GATresults/LowIsochores0.1/log/HFno501invs_femBherer.log' mode='a' encoding='UTF-8'>
# stdout                                  : <_io.TextIOWrapper name='analysis/20220621_LocationPatterns/GATresults/LowIsochores0.1/tsv/HFno501invs_femBherer.tsv' mode='w' encoding='UTF-8'>
# timeit_file                             : None
# timeit_header                           : None
# timeit_name                             : all
# truncate_segments_to_workspace          : False
# truncate_workspace_to_annotations       : False
# workspace_files                         : ['analysis/20220621_LocationPatterns/GATfiles/Workspace/workspace_femBherer.bed']
2022-06-21 09:21:46,033 INFO segments: reading tracks from 1 files
2022-06-21 09:21:46,033 INFO segments: read 1 tracks from 1 files
2022-06-21 09:21:46,033 INFO annotations: reading tracks from 1 files
2022-06-21 09:21:46,158 INFO annotations: read 1 tracks from 1 files
2022-06-21 09:21:46,163 INFO workspaces: reading tracks from 1 files
2022-06-21 09:21:46,163 INFO workspaces: read 1 tracks from 1 files
2022-06-21 09:21:46,163 INFO collapsing workspaces
2022-06-21 09:21:46,163 INFO isochores: reading isochores from 1 files
# output generated by /home/rgomez/anaconda3/bin/gat-run.py --segments=analysis/20220621_LocationPatterns/GATfiles/Segments/HFno501invs.bed --annotations=analysis/20220621_LocationPatterns/GATfiles/Annotations/genomicSuperDups_coords_normal.bed --output-counts-pattern=analysis/20220621_LocationPatterns/GATresults/LowIsochores0.1/counts/HFno501invs_femBherer_%s.tsv.gz --isochores=analysis/20220621_LocationPatterns/GATfiles/Isochores/genomicSuperDups_COzones_0.1/Low.txt --workspace=analysis/20220621_LocationPatterns/GATfiles/Workspace/workspace_femBherer.bed --num-samples=100 --log=analysis/20220621_LocationPatterns/GATresults/LowIsochores0.1/log/HFno501invs_femBherer.log --stdout=analysis/20220621_LocationPatterns/GATresults/LowIsochores0.1/tsv/HFno501invs_femBherer.tsv
# job started at Tue Jun 21 09:23:09 2022 on rgomez-pc -- b6e674b4-2cef-403e-9b44-c834e8b56f53
# pid: 16254, system: Linux 5.3.0-7648-generic #41~1586790036~18.04~600aeb5-Ubuntu SMP Mon Apr 13 17:47:15 UTC  x86_64
# annotation_files                        : ['analysis/20220621_LocationPatterns/GATfiles/Annotations/genomicSuperDups_coords_normal.bed']
# annotations_label                       : None
# annotations_to_points                   : None
# bucket_size                             : 0
# cache                                   : None
# conditional                             : unconditional
# conditional_expansion                   : None
# conditional_extension                   : None
# counters                                : []
# enable_split_tracks                     : False
# ignore_segment_tracks                   : True
# input_filename_counts                   : None
# input_filename_descriptions             : None
# input_filename_results                  : None
# isochore_files                          : ['analysis/20220621_LocationPatterns/GATfiles/Isochores/genomicSuperDups_COzones_0.1/Low.txt']
# loglevel                                : 1
# nbuckets                                : 100000
# null                                    : default
# num_samples                             : 100
# num_threads                             : 0
# output_bed                              : []
# output_counts_pattern                   : analysis/20220621_LocationPatterns/GATresults/LowIsochores0.1/counts/HFno501invs_femBherer_%s.tsv.gz
# output_filename_pattern                 : %s
# output_force                            : False
# output_order                            : fold
# output_plots_pattern                    : None
# output_samples_pattern                  : None
# output_stats                            : []
# output_tables_pattern                   : %s.tsv.gz
# overlapping_annotations                 : False
# pseudo_count                            : 1.0
# pvalue_method                           : empirical
# qvalue_lambda                           : None
# qvalue_method                           : BH
# qvalue_pi0_method                       : smoother
# random_seed                             : None
# restrict_workspace                      : False
# sample_files                            : []
# sampler                                 : annotator
# segment_files                           : ['analysis/20220621_LocationPatterns/GATfiles/Segments/HFno501invs.bed']
# shift_expansion                         : 2.0
# shift_extension                         : 0
# short_help                              : None
# stderr                                  : <_io.TextIOWrapper name='<stderr>' mode='w' encoding='utf-8'>
# stdin                                   : <_io.TextIOWrapper name='<stdin>' mode='r' encoding='utf-8'>
# stdlog                                  : <_io.TextIOWrapper name='analysis/20220621_LocationPatterns/GATresults/LowIsochores0.1/log/HFno501invs_femBherer.log' mode='a' encoding='UTF-8'>
# stdout                                  : <_io.TextIOWrapper name='analysis/20220621_LocationPatterns/GATresults/LowIsochores0.1/tsv/HFno501invs_femBherer.tsv' mode='w' encoding='UTF-8'>
# timeit_file                             : None
# timeit_header                           : None
# timeit_name                             : all
# truncate_segments_to_workspace          : False
# truncate_workspace_to_annotations       : False
# workspace_files                         : ['analysis/20220621_LocationPatterns/GATfiles/Workspace/workspace_femBherer.bed']
2022-06-21 09:23:09,074 INFO segments: reading tracks from 1 files
2022-06-21 09:23:09,075 INFO segments: read 1 tracks from 1 files
2022-06-21 09:23:09,075 INFO annotations: reading tracks from 1 files
2022-06-21 09:23:09,199 INFO annotations: read 1 tracks from 1 files
2022-06-21 09:23:09,203 INFO workspaces: reading tracks from 1 files
2022-06-21 09:23:09,204 INFO workspaces: read 1 tracks from 1 files
2022-06-21 09:23:09,204 INFO collapsing workspaces
2022-06-21 09:23:09,204 INFO isochores: reading isochores from 1 files
# output generated by /home/rgomez/anaconda3/bin/gat-run.py --segments=analysis/20220621_LocationPatterns/GATfiles/Segments/HFno501invs.bed --annotations=analysis/20220621_LocationPatterns/GATfiles/Annotations/genomicSuperDups_coords_normal.bed --output-counts-pattern=analysis/20220621_LocationPatterns/GATresults/LowIsochores0.1/counts/HFno501invs_femBherer_%s.tsv.gz --isochores=analysis/20220621_LocationPatterns/GATfiles/Isochores/genomicSuperDups_COzones_0.1/Low.txt --workspace=analysis/20220621_LocationPatterns/GATfiles/Workspace/workspace_femBherer.bed --num-samples=100 --log=analysis/20220621_LocationPatterns/GATresults/LowIsochores0.1/log/HFno501invs_femBherer.log --stdout=analysis/20220621_LocationPatterns/GATresults/LowIsochores0.1/tsv/HFno501invs_femBherer.tsv
# job started at Tue Jun 21 09:25:50 2022 on rgomez-pc -- aaa69167-978a-415e-8a8f-669d09ac4ba1
# pid: 16657, system: Linux 5.3.0-7648-generic #41~1586790036~18.04~600aeb5-Ubuntu SMP Mon Apr 13 17:47:15 UTC  x86_64
# annotation_files                        : ['analysis/20220621_LocationPatterns/GATfiles/Annotations/genomicSuperDups_coords_normal.bed']
# annotations_label                       : None
# annotations_to_points                   : None
# bucket_size                             : 0
# cache                                   : None
# conditional                             : unconditional
# conditional_expansion                   : None
# conditional_extension                   : None
# counters                                : []
# enable_split_tracks                     : False
# ignore_segment_tracks                   : True
# input_filename_counts                   : None
# input_filename_descriptions             : None
# input_filename_results                  : None
# isochore_files                          : ['analysis/20220621_LocationPatterns/GATfiles/Isochores/genomicSuperDups_COzones_0.1/Low.txt']
# loglevel                                : 1
# nbuckets                                : 100000
# null                                    : default
# num_samples                             : 100
# num_threads                             : 0
# output_bed                              : []
# output_counts_pattern                   : analysis/20220621_LocationPatterns/GATresults/LowIsochores0.1/counts/HFno501invs_femBherer_%s.tsv.gz
# output_filename_pattern                 : %s
# output_force                            : False
# output_order                            : fold
# output_plots_pattern                    : None
# output_samples_pattern                  : None
# output_stats                            : []
# output_tables_pattern                   : %s.tsv.gz
# overlapping_annotations                 : False
# pseudo_count                            : 1.0
# pvalue_method                           : empirical
# qvalue_lambda                           : None
# qvalue_method                           : BH
# qvalue_pi0_method                       : smoother
# random_seed                             : None
# restrict_workspace                      : False
# sample_files                            : []
# sampler                                 : annotator
# segment_files                           : ['analysis/20220621_LocationPatterns/GATfiles/Segments/HFno501invs.bed']
# shift_expansion                         : 2.0
# shift_extension                         : 0
# short_help                              : None
# stderr                                  : <_io.TextIOWrapper name='<stderr>' mode='w' encoding='utf-8'>
# stdin                                   : <_io.TextIOWrapper name='<stdin>' mode='r' encoding='utf-8'>
# stdlog                                  : <_io.TextIOWrapper name='analysis/20220621_LocationPatterns/GATresults/LowIsochores0.1/log/HFno501invs_femBherer.log' mode='a' encoding='UTF-8'>
# stdout                                  : <_io.TextIOWrapper name='analysis/20220621_LocationPatterns/GATresults/LowIsochores0.1/tsv/HFno501invs_femBherer.tsv' mode='w' encoding='UTF-8'>
# timeit_file                             : None
# timeit_header                           : None
# timeit_name                             : all
# truncate_segments_to_workspace          : False
# truncate_workspace_to_annotations       : False
# workspace_files                         : ['analysis/20220621_LocationPatterns/GATfiles/Workspace/workspace_femBherer.bed']
2022-06-21 09:25:50,083 INFO segments: reading tracks from 1 files
2022-06-21 09:25:50,084 INFO segments: read 1 tracks from 1 files
2022-06-21 09:25:50,084 INFO annotations: reading tracks from 1 files
2022-06-21 09:25:50,206 INFO annotations: read 1 tracks from 1 files
2022-06-21 09:25:50,210 INFO workspaces: reading tracks from 1 files
2022-06-21 09:25:50,211 INFO workspaces: read 1 tracks from 1 files
2022-06-21 09:25:50,211 INFO collapsing workspaces
2022-06-21 09:25:50,211 INFO isochores: reading isochores from 1 files
2022-06-21 09:25:50,211 INFO intervals loaded in 0 seconds
2022-06-21 09:25:50,211 INFO adding isochores to workspace
2022-06-21 09:25:50,211 INFO collecting observed counts
2022-06-21 09:25:50,211 INFO starting sampling
2022-06-21 09:25:50,212 INFO sampling: merged: 1/1
2022-06-21 09:25:50,212 INFO performing unconditional sampling
2022-06-21 09:25:50,212 INFO workspace without conditioning: 47 segments, 2191977138 nucleotides
2022-06-21 09:25:50,212 INFO workspace after conditioning: 47 segments, 2191977138 nucleotides
2022-06-21 09:25:50,212 INFO sampling started
2022-06-21 09:25:50,215 INFO 0/100 done ( 0.00)
2022-06-21 09:25:50,458 INFO sampling completed
2022-06-21 09:25:50,458 INFO sampling finished
2022-06-21 09:25:50,458 INFO computing PValue statistics
2022-06-21 09:25:50,458 INFO writing counts to analysis/20220621_LocationPatterns/GATresults/LowIsochores0.1/counts/HFno501invs_femBherer_nucleotide-overlap.tsv.gz
2022-06-21 09:25:50,459 INFO computing FDR statistics
# job finished in 0 seconds at Tue Jun 21 09:25:50 2022 --  1.12  0.04  0.00  0.00 -- aaa69167-978a-415e-8a8f-669d09ac4ba1
