# output generated by /home/rgomez/anaconda3/bin/gat-run.py --segments=analysis/20220621_LocationPatterns/GATfiles/Segments/LFNAHRinvs.bed --annotations=analysis/20220621_LocationPatterns/GATfiles/Annotations/genomicSuperDups_coords_normal.bed --output-counts-pattern=analysis/20220621_LocationPatterns/GATresults/LowIsochores0.1/counts/LFNAHRinvs_CEUSpence_%s.tsv.gz --isochores=analysis/20220621_LocationPatterns/GATfiles/Isochores/genomicSuperDups_COzones_0.1/Low.bed --workspace=analysis/20220621_LocationPatterns/GATfiles/Workspace/workspace_CEUSpence.bed --num-samples=100 --log=analysis/20220621_LocationPatterns/GATresults/LowIsochores0.1/log/LFNAHRinvs_CEUSpence.log --stdout=analysis/20220621_LocationPatterns/GATresults/LowIsochores0.1/tsv/LFNAHRinvs_CEUSpence.tsv
# job started at Tue Jun 21 09:21:53 2022 on rgomez-pc -- bb9e57d2-871a-456c-92b2-30ab3a62e80a
# pid: 16081, system: Linux 5.3.0-7648-generic #41~1586790036~18.04~600aeb5-Ubuntu SMP Mon Apr 13 17:47:15 UTC  x86_64
# annotation_files                        : ['analysis/20220621_LocationPatterns/GATfiles/Annotations/genomicSuperDups_coords_normal.bed']
# annotations_label                       : None
# annotations_to_points                   : None
# bucket_size                             : 0
# cache                                   : None
# conditional                             : unconditional
# conditional_expansion                   : None
# conditional_extension                   : None
# counters                                : []
# enable_split_tracks                     : False
# ignore_segment_tracks                   : True
# input_filename_counts                   : None
# input_filename_descriptions             : None
# input_filename_results                  : None
# isochore_files                          : ['analysis/20220621_LocationPatterns/GATfiles/Isochores/genomicSuperDups_COzones_0.1/Low.bed']
# loglevel                                : 1
# nbuckets                                : 100000
# null                                    : default
# num_samples                             : 100
# num_threads                             : 0
# output_bed                              : []
# output_counts_pattern                   : analysis/20220621_LocationPatterns/GATresults/LowIsochores0.1/counts/LFNAHRinvs_CEUSpence_%s.tsv.gz
# output_filename_pattern                 : %s
# output_force                            : False
# output_order                            : fold
# output_plots_pattern                    : None
# output_samples_pattern                  : None
# output_stats                            : []
# output_tables_pattern                   : %s.tsv.gz
# overlapping_annotations                 : False
# pseudo_count                            : 1.0
# pvalue_method                           : empirical
# qvalue_lambda                           : None
# qvalue_method                           : BH
# qvalue_pi0_method                       : smoother
# random_seed                             : None
# restrict_workspace                      : False
# sample_files                            : []
# sampler                                 : annotator
# segment_files                           : ['analysis/20220621_LocationPatterns/GATfiles/Segments/LFNAHRinvs.bed']
# shift_expansion                         : 2.0
# shift_extension                         : 0
# short_help                              : None
# stderr                                  : <_io.TextIOWrapper name='<stderr>' mode='w' encoding='utf-8'>
# stdin                                   : <_io.TextIOWrapper name='<stdin>' mode='r' encoding='utf-8'>
# stdlog                                  : <_io.TextIOWrapper name='analysis/20220621_LocationPatterns/GATresults/LowIsochores0.1/log/LFNAHRinvs_CEUSpence.log' mode='a' encoding='UTF-8'>
# stdout                                  : <_io.TextIOWrapper name='analysis/20220621_LocationPatterns/GATresults/LowIsochores0.1/tsv/LFNAHRinvs_CEUSpence.tsv' mode='w' encoding='UTF-8'>
# timeit_file                             : None
# timeit_header                           : None
# timeit_name                             : all
# truncate_segments_to_workspace          : False
# truncate_workspace_to_annotations       : False
# workspace_files                         : ['analysis/20220621_LocationPatterns/GATfiles/Workspace/workspace_CEUSpence.bed']
2022-06-21 09:21:53,267 INFO segments: reading tracks from 1 files
2022-06-21 09:21:53,267 INFO segments: read 1 tracks from 1 files
2022-06-21 09:21:53,267 INFO annotations: reading tracks from 1 files
2022-06-21 09:21:53,411 INFO annotations: read 1 tracks from 1 files
2022-06-21 09:21:53,415 INFO workspaces: reading tracks from 1 files
2022-06-21 09:21:53,415 INFO workspaces: read 1 tracks from 1 files
2022-06-21 09:21:53,415 INFO collapsing workspaces
2022-06-21 09:21:53,415 INFO isochores: reading isochores from 1 files
# output generated by /home/rgomez/anaconda3/bin/gat-run.py --segments=analysis/20220621_LocationPatterns/GATfiles/Segments/LFNAHRinvs.bed --annotations=analysis/20220621_LocationPatterns/GATfiles/Annotations/genomicSuperDups_coords_normal.bed --output-counts-pattern=analysis/20220621_LocationPatterns/GATresults/LowIsochores0.1/counts/LFNAHRinvs_CEUSpence_%s.tsv.gz --isochores=analysis/20220621_LocationPatterns/GATfiles/Isochores/genomicSuperDups_COzones_0.1/Low.txt --workspace=analysis/20220621_LocationPatterns/GATfiles/Workspace/workspace_CEUSpence.bed --num-samples=100 --log=analysis/20220621_LocationPatterns/GATresults/LowIsochores0.1/log/LFNAHRinvs_CEUSpence.log --stdout=analysis/20220621_LocationPatterns/GATresults/LowIsochores0.1/tsv/LFNAHRinvs_CEUSpence.tsv
# job started at Tue Jun 21 09:23:16 2022 on rgomez-pc -- f0ad6a19-fa63-41d3-96b0-729ace90aeab
# pid: 16287, system: Linux 5.3.0-7648-generic #41~1586790036~18.04~600aeb5-Ubuntu SMP Mon Apr 13 17:47:15 UTC  x86_64
# annotation_files                        : ['analysis/20220621_LocationPatterns/GATfiles/Annotations/genomicSuperDups_coords_normal.bed']
# annotations_label                       : None
# annotations_to_points                   : None
# bucket_size                             : 0
# cache                                   : None
# conditional                             : unconditional
# conditional_expansion                   : None
# conditional_extension                   : None
# counters                                : []
# enable_split_tracks                     : False
# ignore_segment_tracks                   : True
# input_filename_counts                   : None
# input_filename_descriptions             : None
# input_filename_results                  : None
# isochore_files                          : ['analysis/20220621_LocationPatterns/GATfiles/Isochores/genomicSuperDups_COzones_0.1/Low.txt']
# loglevel                                : 1
# nbuckets                                : 100000
# null                                    : default
# num_samples                             : 100
# num_threads                             : 0
# output_bed                              : []
# output_counts_pattern                   : analysis/20220621_LocationPatterns/GATresults/LowIsochores0.1/counts/LFNAHRinvs_CEUSpence_%s.tsv.gz
# output_filename_pattern                 : %s
# output_force                            : False
# output_order                            : fold
# output_plots_pattern                    : None
# output_samples_pattern                  : None
# output_stats                            : []
# output_tables_pattern                   : %s.tsv.gz
# overlapping_annotations                 : False
# pseudo_count                            : 1.0
# pvalue_method                           : empirical
# qvalue_lambda                           : None
# qvalue_method                           : BH
# qvalue_pi0_method                       : smoother
# random_seed                             : None
# restrict_workspace                      : False
# sample_files                            : []
# sampler                                 : annotator
# segment_files                           : ['analysis/20220621_LocationPatterns/GATfiles/Segments/LFNAHRinvs.bed']
# shift_expansion                         : 2.0
# shift_extension                         : 0
# short_help                              : None
# stderr                                  : <_io.TextIOWrapper name='<stderr>' mode='w' encoding='utf-8'>
# stdin                                   : <_io.TextIOWrapper name='<stdin>' mode='r' encoding='utf-8'>
# stdlog                                  : <_io.TextIOWrapper name='analysis/20220621_LocationPatterns/GATresults/LowIsochores0.1/log/LFNAHRinvs_CEUSpence.log' mode='a' encoding='UTF-8'>
# stdout                                  : <_io.TextIOWrapper name='analysis/20220621_LocationPatterns/GATresults/LowIsochores0.1/tsv/LFNAHRinvs_CEUSpence.tsv' mode='w' encoding='UTF-8'>
# timeit_file                             : None
# timeit_header                           : None
# timeit_name                             : all
# truncate_segments_to_workspace          : False
# truncate_workspace_to_annotations       : False
# workspace_files                         : ['analysis/20220621_LocationPatterns/GATfiles/Workspace/workspace_CEUSpence.bed']
2022-06-21 09:23:16,354 INFO segments: reading tracks from 1 files
2022-06-21 09:23:16,355 INFO segments: read 1 tracks from 1 files
2022-06-21 09:23:16,355 INFO annotations: reading tracks from 1 files
2022-06-21 09:23:16,476 INFO annotations: read 1 tracks from 1 files
2022-06-21 09:23:16,480 INFO workspaces: reading tracks from 1 files
2022-06-21 09:23:16,480 INFO workspaces: read 1 tracks from 1 files
2022-06-21 09:23:16,480 INFO collapsing workspaces
2022-06-21 09:23:16,480 INFO isochores: reading isochores from 1 files
# output generated by /home/rgomez/anaconda3/bin/gat-run.py --segments=analysis/20220621_LocationPatterns/GATfiles/Segments/LFNAHRinvs.bed --annotations=analysis/20220621_LocationPatterns/GATfiles/Annotations/genomicSuperDups_coords_normal.bed --output-counts-pattern=analysis/20220621_LocationPatterns/GATresults/LowIsochores0.1/counts/LFNAHRinvs_CEUSpence_%s.tsv.gz --isochores=analysis/20220621_LocationPatterns/GATfiles/Isochores/genomicSuperDups_COzones_0.1/Low.txt --workspace=analysis/20220621_LocationPatterns/GATfiles/Workspace/workspace_CEUSpence.bed --num-samples=100 --log=analysis/20220621_LocationPatterns/GATresults/LowIsochores0.1/log/LFNAHRinvs_CEUSpence.log --stdout=analysis/20220621_LocationPatterns/GATresults/LowIsochores0.1/tsv/LFNAHRinvs_CEUSpence.tsv
# job started at Tue Jun 21 09:25:59 2022 on rgomez-pc -- a55a2f15-6229-4518-93f8-4230ee26cafb
# pid: 16691, system: Linux 5.3.0-7648-generic #41~1586790036~18.04~600aeb5-Ubuntu SMP Mon Apr 13 17:47:15 UTC  x86_64
# annotation_files                        : ['analysis/20220621_LocationPatterns/GATfiles/Annotations/genomicSuperDups_coords_normal.bed']
# annotations_label                       : None
# annotations_to_points                   : None
# bucket_size                             : 0
# cache                                   : None
# conditional                             : unconditional
# conditional_expansion                   : None
# conditional_extension                   : None
# counters                                : []
# enable_split_tracks                     : False
# ignore_segment_tracks                   : True
# input_filename_counts                   : None
# input_filename_descriptions             : None
# input_filename_results                  : None
# isochore_files                          : ['analysis/20220621_LocationPatterns/GATfiles/Isochores/genomicSuperDups_COzones_0.1/Low.txt']
# loglevel                                : 1
# nbuckets                                : 100000
# null                                    : default
# num_samples                             : 100
# num_threads                             : 0
# output_bed                              : []
# output_counts_pattern                   : analysis/20220621_LocationPatterns/GATresults/LowIsochores0.1/counts/LFNAHRinvs_CEUSpence_%s.tsv.gz
# output_filename_pattern                 : %s
# output_force                            : False
# output_order                            : fold
# output_plots_pattern                    : None
# output_samples_pattern                  : None
# output_stats                            : []
# output_tables_pattern                   : %s.tsv.gz
# overlapping_annotations                 : False
# pseudo_count                            : 1.0
# pvalue_method                           : empirical
# qvalue_lambda                           : None
# qvalue_method                           : BH
# qvalue_pi0_method                       : smoother
# random_seed                             : None
# restrict_workspace                      : False
# sample_files                            : []
# sampler                                 : annotator
# segment_files                           : ['analysis/20220621_LocationPatterns/GATfiles/Segments/LFNAHRinvs.bed']
# shift_expansion                         : 2.0
# shift_extension                         : 0
# short_help                              : None
# stderr                                  : <_io.TextIOWrapper name='<stderr>' mode='w' encoding='utf-8'>
# stdin                                   : <_io.TextIOWrapper name='<stdin>' mode='r' encoding='utf-8'>
# stdlog                                  : <_io.TextIOWrapper name='analysis/20220621_LocationPatterns/GATresults/LowIsochores0.1/log/LFNAHRinvs_CEUSpence.log' mode='a' encoding='UTF-8'>
# stdout                                  : <_io.TextIOWrapper name='analysis/20220621_LocationPatterns/GATresults/LowIsochores0.1/tsv/LFNAHRinvs_CEUSpence.tsv' mode='w' encoding='UTF-8'>
# timeit_file                             : None
# timeit_header                           : None
# timeit_name                             : all
# truncate_segments_to_workspace          : False
# truncate_workspace_to_annotations       : False
# workspace_files                         : ['analysis/20220621_LocationPatterns/GATfiles/Workspace/workspace_CEUSpence.bed']
2022-06-21 09:25:59,982 INFO segments: reading tracks from 1 files
2022-06-21 09:25:59,982 INFO segments: read 1 tracks from 1 files
2022-06-21 09:25:59,982 INFO annotations: reading tracks from 1 files
2022-06-21 09:26:00,112 INFO annotations: read 1 tracks from 1 files
2022-06-21 09:26:00,117 INFO workspaces: reading tracks from 1 files
2022-06-21 09:26:00,117 INFO workspaces: read 1 tracks from 1 files
2022-06-21 09:26:00,117 INFO collapsing workspaces
2022-06-21 09:26:00,117 INFO isochores: reading isochores from 1 files
2022-06-21 09:26:00,117 INFO intervals loaded in 0 seconds
2022-06-21 09:26:00,117 INFO adding isochores to workspace
2022-06-21 09:26:00,117 INFO collecting observed counts
2022-06-21 09:26:00,118 INFO starting sampling
2022-06-21 09:26:00,118 INFO sampling: merged: 1/1
2022-06-21 09:26:00,118 INFO performing unconditional sampling
2022-06-21 09:26:00,118 INFO workspace without conditioning: 45 segments, 2066883390 nucleotides
2022-06-21 09:26:00,118 INFO workspace after conditioning: 45 segments, 2066883390 nucleotides
2022-06-21 09:26:00,118 INFO sampling started
2022-06-21 09:26:00,120 INFO 0/100 done ( 0.00)
2022-06-21 09:26:00,266 INFO sampling completed
2022-06-21 09:26:00,266 INFO sampling finished
2022-06-21 09:26:00,266 INFO computing PValue statistics
2022-06-21 09:26:00,267 INFO writing counts to analysis/20220621_LocationPatterns/GATresults/LowIsochores0.1/counts/LFNAHRinvs_CEUSpence_nucleotide-overlap.tsv.gz
2022-06-21 09:26:00,267 INFO computing FDR statistics
# job finished in 0 seconds at Tue Jun 21 09:26:00 2022 --  1.04  0.04  0.00  0.00 -- a55a2f15-6229-4518-93f8-4230ee26cafb
