# output generated by /home/rgomez/anaconda3/bin/gat-run.py --segments=analysis/20220621_LocationPatterns/GATfiles/Segments/NAHRno501invs.bed --annotations=analysis/20220621_LocationPatterns/GATfiles/Annotations/genomicSuperDups_coords_normal.bed --output-counts-pattern=analysis/20220621_LocationPatterns/GATresults/LowIsochores0.1/counts/NAHRno501invs_femBherer_%s.tsv.gz --isochores=analysis/20220621_LocationPatterns/GATfiles/Isochores/genomicSuperDups_COzones_0.1/Low.bed --workspace=analysis/20220621_LocationPatterns/GATfiles/Workspace/workspace_femBherer.bed --num-samples=100 --log=analysis/20220621_LocationPatterns/GATresults/LowIsochores0.1/log/NAHRno501invs_femBherer.log --stdout=analysis/20220621_LocationPatterns/GATresults/LowIsochores0.1/tsv/NAHRno501invs_femBherer.tsv
# job started at Tue Jun 21 09:22:04 2022 on rgomez-pc -- e2ec3d27-9b9a-4f02-8158-f2dda534d30e
# pid: 16130, system: Linux 5.3.0-7648-generic #41~1586790036~18.04~600aeb5-Ubuntu SMP Mon Apr 13 17:47:15 UTC  x86_64
# annotation_files                        : ['analysis/20220621_LocationPatterns/GATfiles/Annotations/genomicSuperDups_coords_normal.bed']
# annotations_label                       : None
# annotations_to_points                   : None
# bucket_size                             : 0
# cache                                   : None
# conditional                             : unconditional
# conditional_expansion                   : None
# conditional_extension                   : None
# counters                                : []
# enable_split_tracks                     : False
# ignore_segment_tracks                   : True
# input_filename_counts                   : None
# input_filename_descriptions             : None
# input_filename_results                  : None
# isochore_files                          : ['analysis/20220621_LocationPatterns/GATfiles/Isochores/genomicSuperDups_COzones_0.1/Low.bed']
# loglevel                                : 1
# nbuckets                                : 100000
# null                                    : default
# num_samples                             : 100
# num_threads                             : 0
# output_bed                              : []
# output_counts_pattern                   : analysis/20220621_LocationPatterns/GATresults/LowIsochores0.1/counts/NAHRno501invs_femBherer_%s.tsv.gz
# output_filename_pattern                 : %s
# output_force                            : False
# output_order                            : fold
# output_plots_pattern                    : None
# output_samples_pattern                  : None
# output_stats                            : []
# output_tables_pattern                   : %s.tsv.gz
# overlapping_annotations                 : False
# pseudo_count                            : 1.0
# pvalue_method                           : empirical
# qvalue_lambda                           : None
# qvalue_method                           : BH
# qvalue_pi0_method                       : smoother
# random_seed                             : None
# restrict_workspace                      : False
# sample_files                            : []
# sampler                                 : annotator
# segment_files                           : ['analysis/20220621_LocationPatterns/GATfiles/Segments/NAHRno501invs.bed']
# shift_expansion                         : 2.0
# shift_extension                         : 0
# short_help                              : None
# stderr                                  : <_io.TextIOWrapper name='<stderr>' mode='w' encoding='utf-8'>
# stdin                                   : <_io.TextIOWrapper name='<stdin>' mode='r' encoding='utf-8'>
# stdlog                                  : <_io.TextIOWrapper name='analysis/20220621_LocationPatterns/GATresults/LowIsochores0.1/log/NAHRno501invs_femBherer.log' mode='a' encoding='UTF-8'>
# stdout                                  : <_io.TextIOWrapper name='analysis/20220621_LocationPatterns/GATresults/LowIsochores0.1/tsv/NAHRno501invs_femBherer.tsv' mode='w' encoding='UTF-8'>
# timeit_file                             : None
# timeit_header                           : None
# timeit_name                             : all
# truncate_segments_to_workspace          : False
# truncate_workspace_to_annotations       : False
# workspace_files                         : ['analysis/20220621_LocationPatterns/GATfiles/Workspace/workspace_femBherer.bed']
2022-06-21 09:22:04,720 INFO segments: reading tracks from 1 files
2022-06-21 09:22:04,720 INFO segments: read 1 tracks from 1 files
2022-06-21 09:22:04,720 INFO annotations: reading tracks from 1 files
2022-06-21 09:22:04,844 INFO annotations: read 1 tracks from 1 files
2022-06-21 09:22:04,848 INFO workspaces: reading tracks from 1 files
2022-06-21 09:22:04,848 INFO workspaces: read 1 tracks from 1 files
2022-06-21 09:22:04,848 INFO collapsing workspaces
2022-06-21 09:22:04,849 INFO isochores: reading isochores from 1 files
# output generated by /home/rgomez/anaconda3/bin/gat-run.py --segments=analysis/20220621_LocationPatterns/GATfiles/Segments/NAHRno501invs.bed --annotations=analysis/20220621_LocationPatterns/GATfiles/Annotations/genomicSuperDups_coords_normal.bed --output-counts-pattern=analysis/20220621_LocationPatterns/GATresults/LowIsochores0.1/counts/NAHRno501invs_femBherer_%s.tsv.gz --isochores=analysis/20220621_LocationPatterns/GATfiles/Isochores/genomicSuperDups_COzones_0.1/Low.txt --workspace=analysis/20220621_LocationPatterns/GATfiles/Workspace/workspace_femBherer.bed --num-samples=100 --log=analysis/20220621_LocationPatterns/GATresults/LowIsochores0.1/log/NAHRno501invs_femBherer.log --stdout=analysis/20220621_LocationPatterns/GATresults/LowIsochores0.1/tsv/NAHRno501invs_femBherer.tsv
# job started at Tue Jun 21 09:23:27 2022 on rgomez-pc -- 4b1acf61-9320-42cf-be70-1b4e4c7b2757
# pid: 16337, system: Linux 5.3.0-7648-generic #41~1586790036~18.04~600aeb5-Ubuntu SMP Mon Apr 13 17:47:15 UTC  x86_64
# annotation_files                        : ['analysis/20220621_LocationPatterns/GATfiles/Annotations/genomicSuperDups_coords_normal.bed']
# annotations_label                       : None
# annotations_to_points                   : None
# bucket_size                             : 0
# cache                                   : None
# conditional                             : unconditional
# conditional_expansion                   : None
# conditional_extension                   : None
# counters                                : []
# enable_split_tracks                     : False
# ignore_segment_tracks                   : True
# input_filename_counts                   : None
# input_filename_descriptions             : None
# input_filename_results                  : None
# isochore_files                          : ['analysis/20220621_LocationPatterns/GATfiles/Isochores/genomicSuperDups_COzones_0.1/Low.txt']
# loglevel                                : 1
# nbuckets                                : 100000
# null                                    : default
# num_samples                             : 100
# num_threads                             : 0
# output_bed                              : []
# output_counts_pattern                   : analysis/20220621_LocationPatterns/GATresults/LowIsochores0.1/counts/NAHRno501invs_femBherer_%s.tsv.gz
# output_filename_pattern                 : %s
# output_force                            : False
# output_order                            : fold
# output_plots_pattern                    : None
# output_samples_pattern                  : None
# output_stats                            : []
# output_tables_pattern                   : %s.tsv.gz
# overlapping_annotations                 : False
# pseudo_count                            : 1.0
# pvalue_method                           : empirical
# qvalue_lambda                           : None
# qvalue_method                           : BH
# qvalue_pi0_method                       : smoother
# random_seed                             : None
# restrict_workspace                      : False
# sample_files                            : []
# sampler                                 : annotator
# segment_files                           : ['analysis/20220621_LocationPatterns/GATfiles/Segments/NAHRno501invs.bed']
# shift_expansion                         : 2.0
# shift_extension                         : 0
# short_help                              : None
# stderr                                  : <_io.TextIOWrapper name='<stderr>' mode='w' encoding='utf-8'>
# stdin                                   : <_io.TextIOWrapper name='<stdin>' mode='r' encoding='utf-8'>
# stdlog                                  : <_io.TextIOWrapper name='analysis/20220621_LocationPatterns/GATresults/LowIsochores0.1/log/NAHRno501invs_femBherer.log' mode='a' encoding='UTF-8'>
# stdout                                  : <_io.TextIOWrapper name='analysis/20220621_LocationPatterns/GATresults/LowIsochores0.1/tsv/NAHRno501invs_femBherer.tsv' mode='w' encoding='UTF-8'>
# timeit_file                             : None
# timeit_header                           : None
# timeit_name                             : all
# truncate_segments_to_workspace          : False
# truncate_workspace_to_annotations       : False
# workspace_files                         : ['analysis/20220621_LocationPatterns/GATfiles/Workspace/workspace_femBherer.bed']
2022-06-21 09:23:27,830 INFO segments: reading tracks from 1 files
2022-06-21 09:23:27,831 INFO segments: read 1 tracks from 1 files
2022-06-21 09:23:27,831 INFO annotations: reading tracks from 1 files
2022-06-21 09:23:27,962 INFO annotations: read 1 tracks from 1 files
2022-06-21 09:23:27,966 INFO workspaces: reading tracks from 1 files
2022-06-21 09:23:27,966 INFO workspaces: read 1 tracks from 1 files
2022-06-21 09:23:27,966 INFO collapsing workspaces
2022-06-21 09:23:27,966 INFO isochores: reading isochores from 1 files
# output generated by /home/rgomez/anaconda3/bin/gat-run.py --segments=analysis/20220621_LocationPatterns/GATfiles/Segments/NAHRno501invs.bed --annotations=analysis/20220621_LocationPatterns/GATfiles/Annotations/genomicSuperDups_coords_normal.bed --output-counts-pattern=analysis/20220621_LocationPatterns/GATresults/LowIsochores0.1/counts/NAHRno501invs_femBherer_%s.tsv.gz --isochores=analysis/20220621_LocationPatterns/GATfiles/Isochores/genomicSuperDups_COzones_0.1/Low.txt --workspace=analysis/20220621_LocationPatterns/GATfiles/Workspace/workspace_femBherer.bed --num-samples=100 --log=analysis/20220621_LocationPatterns/GATresults/LowIsochores0.1/log/NAHRno501invs_femBherer.log --stdout=analysis/20220621_LocationPatterns/GATresults/LowIsochores0.1/tsv/NAHRno501invs_femBherer.tsv
# job started at Tue Jun 21 09:26:13 2022 on rgomez-pc -- d4b232db-896e-4f1c-8012-13dbf442bb4b
# pid: 16799, system: Linux 5.3.0-7648-generic #41~1586790036~18.04~600aeb5-Ubuntu SMP Mon Apr 13 17:47:15 UTC  x86_64
# annotation_files                        : ['analysis/20220621_LocationPatterns/GATfiles/Annotations/genomicSuperDups_coords_normal.bed']
# annotations_label                       : None
# annotations_to_points                   : None
# bucket_size                             : 0
# cache                                   : None
# conditional                             : unconditional
# conditional_expansion                   : None
# conditional_extension                   : None
# counters                                : []
# enable_split_tracks                     : False
# ignore_segment_tracks                   : True
# input_filename_counts                   : None
# input_filename_descriptions             : None
# input_filename_results                  : None
# isochore_files                          : ['analysis/20220621_LocationPatterns/GATfiles/Isochores/genomicSuperDups_COzones_0.1/Low.txt']
# loglevel                                : 1
# nbuckets                                : 100000
# null                                    : default
# num_samples                             : 100
# num_threads                             : 0
# output_bed                              : []
# output_counts_pattern                   : analysis/20220621_LocationPatterns/GATresults/LowIsochores0.1/counts/NAHRno501invs_femBherer_%s.tsv.gz
# output_filename_pattern                 : %s
# output_force                            : False
# output_order                            : fold
# output_plots_pattern                    : None
# output_samples_pattern                  : None
# output_stats                            : []
# output_tables_pattern                   : %s.tsv.gz
# overlapping_annotations                 : False
# pseudo_count                            : 1.0
# pvalue_method                           : empirical
# qvalue_lambda                           : None
# qvalue_method                           : BH
# qvalue_pi0_method                       : smoother
# random_seed                             : None
# restrict_workspace                      : False
# sample_files                            : []
# sampler                                 : annotator
# segment_files                           : ['analysis/20220621_LocationPatterns/GATfiles/Segments/NAHRno501invs.bed']
# shift_expansion                         : 2.0
# shift_extension                         : 0
# short_help                              : None
# stderr                                  : <_io.TextIOWrapper name='<stderr>' mode='w' encoding='utf-8'>
# stdin                                   : <_io.TextIOWrapper name='<stdin>' mode='r' encoding='utf-8'>
# stdlog                                  : <_io.TextIOWrapper name='analysis/20220621_LocationPatterns/GATresults/LowIsochores0.1/log/NAHRno501invs_femBherer.log' mode='a' encoding='UTF-8'>
# stdout                                  : <_io.TextIOWrapper name='analysis/20220621_LocationPatterns/GATresults/LowIsochores0.1/tsv/NAHRno501invs_femBherer.tsv' mode='w' encoding='UTF-8'>
# timeit_file                             : None
# timeit_header                           : None
# timeit_name                             : all
# truncate_segments_to_workspace          : False
# truncate_workspace_to_annotations       : False
# workspace_files                         : ['analysis/20220621_LocationPatterns/GATfiles/Workspace/workspace_femBherer.bed']
2022-06-21 09:26:13,772 INFO segments: reading tracks from 1 files
2022-06-21 09:26:13,772 INFO segments: read 1 tracks from 1 files
2022-06-21 09:26:13,772 INFO annotations: reading tracks from 1 files
2022-06-21 09:26:13,897 INFO annotations: read 1 tracks from 1 files
2022-06-21 09:26:13,902 INFO workspaces: reading tracks from 1 files
2022-06-21 09:26:13,902 INFO workspaces: read 1 tracks from 1 files
2022-06-21 09:26:13,902 INFO collapsing workspaces
2022-06-21 09:26:13,902 INFO isochores: reading isochores from 1 files
2022-06-21 09:26:13,902 INFO intervals loaded in 0 seconds
2022-06-21 09:26:13,902 INFO adding isochores to workspace
2022-06-21 09:26:13,902 INFO collecting observed counts
2022-06-21 09:26:13,903 INFO starting sampling
2022-06-21 09:26:13,903 INFO sampling: merged: 1/1
2022-06-21 09:26:13,903 INFO performing unconditional sampling
2022-06-21 09:26:13,903 INFO workspace without conditioning: 47 segments, 2191977138 nucleotides
2022-06-21 09:26:13,903 INFO workspace after conditioning: 47 segments, 2191977138 nucleotides
2022-06-21 09:26:13,903 INFO sampling started
2022-06-21 09:26:13,906 INFO 0/100 done ( 0.00)
2022-06-21 09:26:14,153 INFO sampling completed
2022-06-21 09:26:14,153 INFO sampling finished
2022-06-21 09:26:14,153 INFO computing PValue statistics
2022-06-21 09:26:14,154 INFO writing counts to analysis/20220621_LocationPatterns/GATresults/LowIsochores0.1/counts/NAHRno501invs_femBherer_nucleotide-overlap.tsv.gz
2022-06-21 09:26:14,154 INFO computing FDR statistics
# job finished in 0 seconds at Tue Jun 21 09:26:14 2022 --  1.15  0.02  0.00  0.00 -- d4b232db-896e-4f1c-8012-13dbf442bb4b
