# output generated by /home/rgomez/anaconda3/bin/gat-run.py --segments=analysis/20220621_LocationPatterns/GATfiles/Segments/HFNAHRno501invs.bed --annotations=analysis/20220621_LocationPatterns/GATfiles/Annotations/genomicSuperDups_coords_normal.bed --output-counts-pattern=analysis/20220621_LocationPatterns/GATresults/HighIsochores0.1/counts/HFNAHRno501invs_CEUSpence_%s.tsv.gz --isochores=analysis/20220621_LocationPatterns/GATfiles/Isochores/genomicSuperDups_COzones_0.1/High.txt --workspace=analysis/20220621_LocationPatterns/GATfiles/Workspace/workspace_CEUSpence.bed --num-samples=100 --log=analysis/20220621_LocationPatterns/GATresults/HighIsochores0.1/log/HFNAHRno501invs_CEUSpence.log --stdout=analysis/20220621_LocationPatterns/GATresults/HighIsochores0.1/tsv/HFNAHRno501invs_CEUSpence.tsv
# job started at Tue Jun 21 09:28:36 2022 on rgomez-pc -- ae687c6c-ccfb-42a0-970d-3f8f0eb51f77
# pid: 17368, system: Linux 5.3.0-7648-generic #41~1586790036~18.04~600aeb5-Ubuntu SMP Mon Apr 13 17:47:15 UTC  x86_64
# annotation_files                        : ['analysis/20220621_LocationPatterns/GATfiles/Annotations/genomicSuperDups_coords_normal.bed']
# annotations_label                       : None
# annotations_to_points                   : None
# bucket_size                             : 0
# cache                                   : None
# conditional                             : unconditional
# conditional_expansion                   : None
# conditional_extension                   : None
# counters                                : []
# enable_split_tracks                     : False
# ignore_segment_tracks                   : True
# input_filename_counts                   : None
# input_filename_descriptions             : None
# input_filename_results                  : None
# isochore_files                          : ['analysis/20220621_LocationPatterns/GATfiles/Isochores/genomicSuperDups_COzones_0.1/High.txt']
# loglevel                                : 1
# nbuckets                                : 100000
# null                                    : default
# num_samples                             : 100
# num_threads                             : 0
# output_bed                              : []
# output_counts_pattern                   : analysis/20220621_LocationPatterns/GATresults/HighIsochores0.1/counts/HFNAHRno501invs_CEUSpence_%s.tsv.gz
# output_filename_pattern                 : %s
# output_force                            : False
# output_order                            : fold
# output_plots_pattern                    : None
# output_samples_pattern                  : None
# output_stats                            : []
# output_tables_pattern                   : %s.tsv.gz
# overlapping_annotations                 : False
# pseudo_count                            : 1.0
# pvalue_method                           : empirical
# qvalue_lambda                           : None
# qvalue_method                           : BH
# qvalue_pi0_method                       : smoother
# random_seed                             : None
# restrict_workspace                      : False
# sample_files                            : []
# sampler                                 : annotator
# segment_files                           : ['analysis/20220621_LocationPatterns/GATfiles/Segments/HFNAHRno501invs.bed']
# shift_expansion                         : 2.0
# shift_extension                         : 0
# short_help                              : None
# stderr                                  : <_io.TextIOWrapper name='<stderr>' mode='w' encoding='utf-8'>
# stdin                                   : <_io.TextIOWrapper name='<stdin>' mode='r' encoding='utf-8'>
# stdlog                                  : <_io.TextIOWrapper name='analysis/20220621_LocationPatterns/GATresults/HighIsochores0.1/log/HFNAHRno501invs_CEUSpence.log' mode='a' encoding='UTF-8'>
# stdout                                  : <_io.TextIOWrapper name='analysis/20220621_LocationPatterns/GATresults/HighIsochores0.1/tsv/HFNAHRno501invs_CEUSpence.tsv' mode='w' encoding='UTF-8'>
# timeit_file                             : None
# timeit_header                           : None
# timeit_name                             : all
# truncate_segments_to_workspace          : False
# truncate_workspace_to_annotations       : False
# workspace_files                         : ['analysis/20220621_LocationPatterns/GATfiles/Workspace/workspace_CEUSpence.bed']
2022-06-21 09:28:36,063 INFO segments: reading tracks from 1 files
2022-06-21 09:28:36,063 INFO segments: read 1 tracks from 1 files
2022-06-21 09:28:36,063 INFO annotations: reading tracks from 1 files
2022-06-21 09:28:36,190 INFO annotations: read 1 tracks from 1 files
2022-06-21 09:28:36,194 INFO workspaces: reading tracks from 1 files
2022-06-21 09:28:36,195 INFO workspaces: read 1 tracks from 1 files
2022-06-21 09:28:36,195 INFO collapsing workspaces
2022-06-21 09:28:36,195 INFO isochores: reading isochores from 1 files
# output generated by /home/rgomez/anaconda3/bin/gat-run.py --segments=analysis/20220621_LocationPatterns/GATfiles/Segments/HFNAHRno501invs.bed --annotations=analysis/20220621_LocationPatterns/GATfiles/Annotations/genomicSuperDups_coords_normal.bed --output-counts-pattern=analysis/20220621_LocationPatterns/GATresults/HighIsochores0.1/counts/HFNAHRno501invs_CEUSpence_%s.tsv.gz --isochores=analysis/20220621_LocationPatterns/GATfiles/Isochores/genomicSuperDups_COzones_0.1/High.txt --workspace=analysis/20220621_LocationPatterns/GATfiles/Workspace/workspace_CEUSpence.bed --num-samples=100 --log=analysis/20220621_LocationPatterns/GATresults/HighIsochores0.1/log/HFNAHRno501invs_CEUSpence.log --stdout=analysis/20220621_LocationPatterns/GATresults/HighIsochores0.1/tsv/HFNAHRno501invs_CEUSpence.tsv
# job started at Tue Jun 21 09:29:52 2022 on rgomez-pc -- ccbfd1e1-2943-4af5-af6e-55cab9a9417d
# pid: 17564, system: Linux 5.3.0-7648-generic #41~1586790036~18.04~600aeb5-Ubuntu SMP Mon Apr 13 17:47:15 UTC  x86_64
# annotation_files                        : ['analysis/20220621_LocationPatterns/GATfiles/Annotations/genomicSuperDups_coords_normal.bed']
# annotations_label                       : None
# annotations_to_points                   : None
# bucket_size                             : 0
# cache                                   : None
# conditional                             : unconditional
# conditional_expansion                   : None
# conditional_extension                   : None
# counters                                : []
# enable_split_tracks                     : False
# ignore_segment_tracks                   : True
# input_filename_counts                   : None
# input_filename_descriptions             : None
# input_filename_results                  : None
# isochore_files                          : ['analysis/20220621_LocationPatterns/GATfiles/Isochores/genomicSuperDups_COzones_0.1/High.txt']
# loglevel                                : 1
# nbuckets                                : 100000
# null                                    : default
# num_samples                             : 100
# num_threads                             : 0
# output_bed                              : []
# output_counts_pattern                   : analysis/20220621_LocationPatterns/GATresults/HighIsochores0.1/counts/HFNAHRno501invs_CEUSpence_%s.tsv.gz
# output_filename_pattern                 : %s
# output_force                            : False
# output_order                            : fold
# output_plots_pattern                    : None
# output_samples_pattern                  : None
# output_stats                            : []
# output_tables_pattern                   : %s.tsv.gz
# overlapping_annotations                 : False
# pseudo_count                            : 1.0
# pvalue_method                           : empirical
# qvalue_lambda                           : None
# qvalue_method                           : BH
# qvalue_pi0_method                       : smoother
# random_seed                             : None
# restrict_workspace                      : False
# sample_files                            : []
# sampler                                 : annotator
# segment_files                           : ['analysis/20220621_LocationPatterns/GATfiles/Segments/HFNAHRno501invs.bed']
# shift_expansion                         : 2.0
# shift_extension                         : 0
# short_help                              : None
# stderr                                  : <_io.TextIOWrapper name='<stderr>' mode='w' encoding='utf-8'>
# stdin                                   : <_io.TextIOWrapper name='<stdin>' mode='r' encoding='utf-8'>
# stdlog                                  : <_io.TextIOWrapper name='analysis/20220621_LocationPatterns/GATresults/HighIsochores0.1/log/HFNAHRno501invs_CEUSpence.log' mode='a' encoding='UTF-8'>
# stdout                                  : <_io.TextIOWrapper name='analysis/20220621_LocationPatterns/GATresults/HighIsochores0.1/tsv/HFNAHRno501invs_CEUSpence.tsv' mode='w' encoding='UTF-8'>
# timeit_file                             : None
# timeit_header                           : None
# timeit_name                             : all
# truncate_segments_to_workspace          : False
# truncate_workspace_to_annotations       : False
# workspace_files                         : ['analysis/20220621_LocationPatterns/GATfiles/Workspace/workspace_CEUSpence.bed']
2022-06-21 09:29:52,135 INFO segments: reading tracks from 1 files
2022-06-21 09:29:52,136 INFO segments: read 1 tracks from 1 files
2022-06-21 09:29:52,136 INFO annotations: reading tracks from 1 files
2022-06-21 09:29:52,259 INFO annotations: read 1 tracks from 1 files
2022-06-21 09:29:52,263 INFO workspaces: reading tracks from 1 files
2022-06-21 09:29:52,263 INFO workspaces: read 1 tracks from 1 files
2022-06-21 09:29:52,263 INFO collapsing workspaces
2022-06-21 09:29:52,263 INFO isochores: reading isochores from 1 files
2022-06-21 09:29:52,264 INFO intervals loaded in 0 seconds
2022-06-21 09:29:52,264 INFO adding isochores to workspace
2022-06-21 09:29:52,264 INFO collecting observed counts
2022-06-21 09:29:52,264 INFO starting sampling
2022-06-21 09:29:52,264 INFO sampling: merged: 1/1
2022-06-21 09:29:52,264 INFO performing unconditional sampling
2022-06-21 09:29:52,264 INFO workspace without conditioning: 45 segments, 631999927 nucleotides
2022-06-21 09:29:52,264 INFO workspace after conditioning: 45 segments, 631999927 nucleotides
2022-06-21 09:29:52,264 INFO sampling started
2022-06-21 09:29:52,266 INFO 0/100 done ( 0.00)
2022-06-21 09:29:52,460 INFO sampling completed
2022-06-21 09:29:52,461 INFO sampling finished
2022-06-21 09:29:52,461 INFO computing PValue statistics
2022-06-21 09:29:52,461 INFO writing counts to analysis/20220621_LocationPatterns/GATresults/HighIsochores0.1/counts/HFNAHRno501invs_CEUSpence_nucleotide-overlap.tsv.gz
2022-06-21 09:29:52,461 INFO computing FDR statistics
# job finished in 0 seconds at Tue Jun 21 09:29:52 2022 --  1.08  0.04  0.00  0.00 -- ccbfd1e1-2943-4af5-af6e-55cab9a9417d
