# output generated by /home/rgomez/anaconda3/bin/gat-run.py --segments=analysis/20220621_LocationPatterns/GATfiles/Segments/NAHRinvs.bed --annotations=analysis/20220621_LocationPatterns/GATfiles/Annotations/genomicSuperDups_coords_normal.bed --output-counts-pattern=analysis/20220621_LocationPatterns/GATresults/HighIsochores0.1/counts/NAHRinvs_femBherer_%s.tsv.gz --isochores=analysis/20220621_LocationPatterns/GATfiles/Isochores/genomicSuperDups_COzones_0.1/High.txt --workspace=analysis/20220621_LocationPatterns/GATfiles/Workspace/workspace_femBherer.bed --num-samples=100 --log=analysis/20220621_LocationPatterns/GATresults/HighIsochores0.1/log/NAHRinvs_femBherer.log --stdout=analysis/20220621_LocationPatterns/GATresults/HighIsochores0.1/tsv/NAHRinvs_femBherer.tsv
# job started at Tue Jun 21 09:28:59 2022 on rgomez-pc -- ef57b6d0-8c80-489a-bd0e-2586b966146a
# pid: 17457, system: Linux 5.3.0-7648-generic #41~1586790036~18.04~600aeb5-Ubuntu SMP Mon Apr 13 17:47:15 UTC  x86_64
# annotation_files                        : ['analysis/20220621_LocationPatterns/GATfiles/Annotations/genomicSuperDups_coords_normal.bed']
# annotations_label                       : None
# annotations_to_points                   : None
# bucket_size                             : 0
# cache                                   : None
# conditional                             : unconditional
# conditional_expansion                   : None
# conditional_extension                   : None
# counters                                : []
# enable_split_tracks                     : False
# ignore_segment_tracks                   : True
# input_filename_counts                   : None
# input_filename_descriptions             : None
# input_filename_results                  : None
# isochore_files                          : ['analysis/20220621_LocationPatterns/GATfiles/Isochores/genomicSuperDups_COzones_0.1/High.txt']
# loglevel                                : 1
# nbuckets                                : 100000
# null                                    : default
# num_samples                             : 100
# num_threads                             : 0
# output_bed                              : []
# output_counts_pattern                   : analysis/20220621_LocationPatterns/GATresults/HighIsochores0.1/counts/NAHRinvs_femBherer_%s.tsv.gz
# output_filename_pattern                 : %s
# output_force                            : False
# output_order                            : fold
# output_plots_pattern                    : None
# output_samples_pattern                  : None
# output_stats                            : []
# output_tables_pattern                   : %s.tsv.gz
# overlapping_annotations                 : False
# pseudo_count                            : 1.0
# pvalue_method                           : empirical
# qvalue_lambda                           : None
# qvalue_method                           : BH
# qvalue_pi0_method                       : smoother
# random_seed                             : None
# restrict_workspace                      : False
# sample_files                            : []
# sampler                                 : annotator
# segment_files                           : ['analysis/20220621_LocationPatterns/GATfiles/Segments/NAHRinvs.bed']
# shift_expansion                         : 2.0
# shift_extension                         : 0
# short_help                              : None
# stderr                                  : <_io.TextIOWrapper name='<stderr>' mode='w' encoding='utf-8'>
# stdin                                   : <_io.TextIOWrapper name='<stdin>' mode='r' encoding='utf-8'>
# stdlog                                  : <_io.TextIOWrapper name='analysis/20220621_LocationPatterns/GATresults/HighIsochores0.1/log/NAHRinvs_femBherer.log' mode='a' encoding='UTF-8'>
# stdout                                  : <_io.TextIOWrapper name='analysis/20220621_LocationPatterns/GATresults/HighIsochores0.1/tsv/NAHRinvs_femBherer.tsv' mode='w' encoding='UTF-8'>
# timeit_file                             : None
# timeit_header                           : None
# timeit_name                             : all
# truncate_segments_to_workspace          : False
# truncate_workspace_to_annotations       : False
# workspace_files                         : ['analysis/20220621_LocationPatterns/GATfiles/Workspace/workspace_femBherer.bed']
2022-06-21 09:28:59,914 INFO segments: reading tracks from 1 files
2022-06-21 09:28:59,915 INFO segments: read 1 tracks from 1 files
2022-06-21 09:28:59,915 INFO annotations: reading tracks from 1 files
2022-06-21 09:29:00,038 INFO annotations: read 1 tracks from 1 files
2022-06-21 09:29:00,042 INFO workspaces: reading tracks from 1 files
2022-06-21 09:29:00,043 INFO workspaces: read 1 tracks from 1 files
2022-06-21 09:29:00,043 INFO collapsing workspaces
2022-06-21 09:29:00,043 INFO isochores: reading isochores from 1 files
# output generated by /home/rgomez/anaconda3/bin/gat-run.py --segments=analysis/20220621_LocationPatterns/GATfiles/Segments/NAHRinvs.bed --annotations=analysis/20220621_LocationPatterns/GATfiles/Annotations/genomicSuperDups_coords_normal.bed --output-counts-pattern=analysis/20220621_LocationPatterns/GATresults/HighIsochores0.1/counts/NAHRinvs_femBherer_%s.tsv.gz --isochores=analysis/20220621_LocationPatterns/GATfiles/Isochores/genomicSuperDups_COzones_0.1/High.txt --workspace=analysis/20220621_LocationPatterns/GATfiles/Workspace/workspace_femBherer.bed --num-samples=100 --log=analysis/20220621_LocationPatterns/GATresults/HighIsochores0.1/log/NAHRinvs_femBherer.log --stdout=analysis/20220621_LocationPatterns/GATresults/HighIsochores0.1/tsv/NAHRinvs_femBherer.tsv
# job started at Tue Jun 21 09:30:19 2022 on rgomez-pc -- 8ace388d-279d-4fa1-ada3-fd96b7b9bd03
# pid: 17665, system: Linux 5.3.0-7648-generic #41~1586790036~18.04~600aeb5-Ubuntu SMP Mon Apr 13 17:47:15 UTC  x86_64
# annotation_files                        : ['analysis/20220621_LocationPatterns/GATfiles/Annotations/genomicSuperDups_coords_normal.bed']
# annotations_label                       : None
# annotations_to_points                   : None
# bucket_size                             : 0
# cache                                   : None
# conditional                             : unconditional
# conditional_expansion                   : None
# conditional_extension                   : None
# counters                                : []
# enable_split_tracks                     : False
# ignore_segment_tracks                   : True
# input_filename_counts                   : None
# input_filename_descriptions             : None
# input_filename_results                  : None
# isochore_files                          : ['analysis/20220621_LocationPatterns/GATfiles/Isochores/genomicSuperDups_COzones_0.1/High.txt']
# loglevel                                : 1
# nbuckets                                : 100000
# null                                    : default
# num_samples                             : 100
# num_threads                             : 0
# output_bed                              : []
# output_counts_pattern                   : analysis/20220621_LocationPatterns/GATresults/HighIsochores0.1/counts/NAHRinvs_femBherer_%s.tsv.gz
# output_filename_pattern                 : %s
# output_force                            : False
# output_order                            : fold
# output_plots_pattern                    : None
# output_samples_pattern                  : None
# output_stats                            : []
# output_tables_pattern                   : %s.tsv.gz
# overlapping_annotations                 : False
# pseudo_count                            : 1.0
# pvalue_method                           : empirical
# qvalue_lambda                           : None
# qvalue_method                           : BH
# qvalue_pi0_method                       : smoother
# random_seed                             : None
# restrict_workspace                      : False
# sample_files                            : []
# sampler                                 : annotator
# segment_files                           : ['analysis/20220621_LocationPatterns/GATfiles/Segments/NAHRinvs.bed']
# shift_expansion                         : 2.0
# shift_extension                         : 0
# short_help                              : None
# stderr                                  : <_io.TextIOWrapper name='<stderr>' mode='w' encoding='utf-8'>
# stdin                                   : <_io.TextIOWrapper name='<stdin>' mode='r' encoding='utf-8'>
# stdlog                                  : <_io.TextIOWrapper name='analysis/20220621_LocationPatterns/GATresults/HighIsochores0.1/log/NAHRinvs_femBherer.log' mode='a' encoding='UTF-8'>
# stdout                                  : <_io.TextIOWrapper name='analysis/20220621_LocationPatterns/GATresults/HighIsochores0.1/tsv/NAHRinvs_femBherer.tsv' mode='w' encoding='UTF-8'>
# timeit_file                             : None
# timeit_header                           : None
# timeit_name                             : all
# truncate_segments_to_workspace          : False
# truncate_workspace_to_annotations       : False
# workspace_files                         : ['analysis/20220621_LocationPatterns/GATfiles/Workspace/workspace_femBherer.bed']
2022-06-21 09:30:19,792 INFO segments: reading tracks from 1 files
2022-06-21 09:30:19,793 INFO segments: read 1 tracks from 1 files
2022-06-21 09:30:19,793 INFO annotations: reading tracks from 1 files
2022-06-21 09:30:19,914 INFO annotations: read 1 tracks from 1 files
2022-06-21 09:30:19,918 INFO workspaces: reading tracks from 1 files
2022-06-21 09:30:19,919 INFO workspaces: read 1 tracks from 1 files
2022-06-21 09:30:19,919 INFO collapsing workspaces
2022-06-21 09:30:19,919 INFO isochores: reading isochores from 1 files
2022-06-21 09:30:19,919 INFO intervals loaded in 0 seconds
2022-06-21 09:30:19,919 INFO adding isochores to workspace
2022-06-21 09:30:19,919 INFO collecting observed counts
2022-06-21 09:30:19,919 INFO starting sampling
2022-06-21 09:30:19,919 INFO sampling: merged: 1/1
2022-06-21 09:30:19,919 INFO performing unconditional sampling
2022-06-21 09:30:19,920 INFO workspace without conditioning: 45 segments, 634433337 nucleotides
2022-06-21 09:30:19,920 INFO workspace after conditioning: 45 segments, 634433337 nucleotides
2022-06-21 09:30:19,920 INFO sampling started
2022-06-21 09:30:19,922 INFO 0/100 done ( 0.00)
2022-06-21 09:30:20,142 INFO sampling completed
2022-06-21 09:30:20,143 INFO sampling finished
2022-06-21 09:30:20,143 INFO computing PValue statistics
2022-06-21 09:30:20,143 INFO writing counts to analysis/20220621_LocationPatterns/GATresults/HighIsochores0.1/counts/NAHRinvs_femBherer_nucleotide-overlap.tsv.gz
2022-06-21 09:30:20,144 INFO computing FDR statistics
# job finished in 0 seconds at Tue Jun 21 09:30:20 2022 --  1.14  0.03  0.00  0.00 -- 8ace388d-279d-4fa1-ada3-fd96b7b9bd03
