# output generated by /home/rgomez/anaconda3/bin/gat-run.py --segments=analysis/20220622_LocationPatterns/GATfiles/Segments/HFNHinvs.bed --annotations=analysis/20220622_LocationPatterns/GATfiles/Annotations/annotations_repeats.bed --workspace=analysis/20220622_LocationPatterns/GATfiles/Workspace/workspace_avgBherer.bed --isochores=analysis/20220622_LocationPatterns/GATfiles/Isochores/isochores_NAHR_All_comparable.bed --output-counts-pattern=analysis/20220622_LocationPatterns/GATresults/NHinvs_comparable_i/counts/HFNHinvs_annotations_repeats%s.tsv.gz --num-samples=1000 --log=analysis/20220622_LocationPatterns/GATresults/NHinvs_comparable_i/log/HFNHinvs_annotations_repeats.log --stdout=analysis/20220622_LocationPatterns/GATresults/NHinvs_comparable_i/tsv/HFNHinvs_annotations_repeats.tsv
# job started at Thu Jun 23 13:07:44 2022 on rgomez-pc -- 9473ff07-7a16-4fd9-86df-3ce196386d0f
# pid: 28250, system: Linux 5.3.0-7648-generic #41~1586790036~18.04~600aeb5-Ubuntu SMP Mon Apr 13 17:47:15 UTC  x86_64
# annotation_files                        : ['analysis/20220622_LocationPatterns/GATfiles/Annotations/annotations_repeats.bed']
# annotations_label                       : None
# annotations_to_points                   : None
# bucket_size                             : 0
# cache                                   : None
# conditional                             : unconditional
# conditional_expansion                   : None
# conditional_extension                   : None
# counters                                : []
# enable_split_tracks                     : False
# ignore_segment_tracks                   : True
# input_filename_counts                   : None
# input_filename_descriptions             : None
# input_filename_results                  : None
# isochore_files                          : ['analysis/20220622_LocationPatterns/GATfiles/Isochores/isochores_NAHR_All_comparable.bed']
# loglevel                                : 1
# nbuckets                                : 100000
# null                                    : default
# num_samples                             : 1000
# num_threads                             : 0
# output_bed                              : []
# output_counts_pattern                   : analysis/20220622_LocationPatterns/GATresults/NHinvs_comparable_i/counts/HFNHinvs_annotations_repeats%s.tsv.gz
# output_filename_pattern                 : %s
# output_force                            : False
# output_order                            : fold
# output_plots_pattern                    : None
# output_samples_pattern                  : None
# output_stats                            : []
# output_tables_pattern                   : %s.tsv.gz
# overlapping_annotations                 : False
# pseudo_count                            : 1.0
# pvalue_method                           : empirical
# qvalue_lambda                           : None
# qvalue_method                           : BH
# qvalue_pi0_method                       : smoother
# random_seed                             : None
# restrict_workspace                      : False
# sample_files                            : []
# sampler                                 : annotator
# segment_files                           : ['analysis/20220622_LocationPatterns/GATfiles/Segments/HFNHinvs.bed']
# shift_expansion                         : 2.0
# shift_extension                         : 0
# short_help                              : None
# stderr                                  : <_io.TextIOWrapper name='<stderr>' mode='w' encoding='utf-8'>
# stdin                                   : <_io.TextIOWrapper name='<stdin>' mode='r' encoding='utf-8'>
# stdlog                                  : <_io.TextIOWrapper name='analysis/20220622_LocationPatterns/GATresults/NHinvs_comparable_i/log/HFNHinvs_annotations_repeats.log' mode='a' encoding='UTF-8'>
# stdout                                  : <_io.TextIOWrapper name='analysis/20220622_LocationPatterns/GATresults/NHinvs_comparable_i/tsv/HFNHinvs_annotations_repeats.tsv' mode='w' encoding='UTF-8'>
# timeit_file                             : None
# timeit_header                           : None
# timeit_name                             : all
# truncate_segments_to_workspace          : False
# truncate_workspace_to_annotations       : False
# workspace_files                         : ['analysis/20220622_LocationPatterns/GATfiles/Workspace/workspace_avgBherer.bed']
2022-06-23 13:07:44,659 INFO segments: reading tracks from 1 files
2022-06-23 13:07:44,659 INFO segments: read 1 tracks from 1 files
2022-06-23 13:07:44,659 INFO annotations: reading tracks from 1 files
2022-06-23 13:07:44,781 INFO annotations: read 1 tracks from 1 files
2022-06-23 13:07:44,785 INFO workspaces: reading tracks from 1 files
2022-06-23 13:07:44,785 INFO workspaces: read 1 tracks from 1 files
2022-06-23 13:07:44,785 INFO collapsing workspaces
2022-06-23 13:07:44,785 INFO isochores: reading isochores from 1 files
2022-06-23 13:07:44,787 INFO intervals loaded in 0 seconds
2022-06-23 13:07:44,787 INFO adding isochores to workspace
2022-06-23 13:07:44,788 INFO collecting observed counts
2022-06-23 13:07:44,788 INFO starting sampling
2022-06-23 13:07:44,788 INFO sampling: merged: 1/1
2022-06-23 13:07:44,788 INFO performing unconditional sampling
2022-06-23 13:07:44,789 INFO workspace without conditioning: 1090 segments, 2678195140 nucleotides
2022-06-23 13:07:44,789 INFO workspace after conditioning: 1090 segments, 2678195140 nucleotides
2022-06-23 13:07:44,789 INFO sampling started
2022-06-23 13:07:44,792 INFO 0/1000 done ( 0.00)
2022-06-23 13:07:45,030 INFO 100/1000 done (10.00)
2022-06-23 13:07:45,266 INFO 200/1000 done (20.00)
2022-06-23 13:07:45,503 INFO 300/1000 done (30.00)
2022-06-23 13:07:45,739 INFO 400/1000 done (40.00)
2022-06-23 13:07:45,974 INFO 500/1000 done (50.00)
2022-06-23 13:07:46,210 INFO 600/1000 done (60.00)
2022-06-23 13:07:46,447 INFO 700/1000 done (70.00)
2022-06-23 13:07:46,683 INFO 800/1000 done (80.00)
2022-06-23 13:07:46,922 INFO 900/1000 done (90.00)
2022-06-23 13:07:47,156 INFO sampling completed
2022-06-23 13:07:47,157 INFO sampling finished
2022-06-23 13:07:47,157 INFO computing PValue statistics
2022-06-23 13:07:47,158 INFO writing counts to analysis/20220622_LocationPatterns/GATresults/NHinvs_comparable_i/counts/HFNHinvs_annotations_repeatsnucleotide-overlap.tsv.gz
2022-06-23 13:07:47,159 INFO computing FDR statistics
# job finished in 2 seconds at Thu Jun 23 13:07:47 2022 --  3.26  0.04  0.00  0.00 -- 9473ff07-7a16-4fd9-86df-3ce196386d0f
