# output generated by /home/rgomez/anaconda3/bin/gat-run.py --segments=analysis/20220622_LocationPatterns/GATfiles/Segments/NHinvs.bed --annotations=analysis/20220622_LocationPatterns/GATfiles/Annotations/annotations_avgBherer.bed --workspace=analysis/20220622_LocationPatterns/GATfiles/Workspace/workspace_avgBherer.bed --isochores=analysis/20220622_LocationPatterns/GATfiles/Isochores/isochores_NAHR_All_comparable.bed --output-counts-pattern=analysis/20220622_LocationPatterns/GATresults/NHinvs_comparable_i/counts/NHinvs_annotations_avgBherer%s.tsv.gz --num-samples=1000 --log=analysis/20220622_LocationPatterns/GATresults/NHinvs_comparable_i/log/NHinvs_annotations_avgBherer.log --stdout=analysis/20220622_LocationPatterns/GATresults/NHinvs_comparable_i/tsv/NHinvs_annotations_avgBherer.tsv
# job started at Thu Jun 23 13:07:38 2022 on rgomez-pc -- eacae7a8-24b5-4f2f-8bbe-c62cae44a950
# pid: 28246, system: Linux 5.3.0-7648-generic #41~1586790036~18.04~600aeb5-Ubuntu SMP Mon Apr 13 17:47:15 UTC  x86_64
# annotation_files                        : ['analysis/20220622_LocationPatterns/GATfiles/Annotations/annotations_avgBherer.bed']
# annotations_label                       : None
# annotations_to_points                   : None
# bucket_size                             : 0
# cache                                   : None
# conditional                             : unconditional
# conditional_expansion                   : None
# conditional_extension                   : None
# counters                                : []
# enable_split_tracks                     : False
# ignore_segment_tracks                   : True
# input_filename_counts                   : None
# input_filename_descriptions             : None
# input_filename_results                  : None
# isochore_files                          : ['analysis/20220622_LocationPatterns/GATfiles/Isochores/isochores_NAHR_All_comparable.bed']
# loglevel                                : 1
# nbuckets                                : 100000
# null                                    : default
# num_samples                             : 1000
# num_threads                             : 0
# output_bed                              : []
# output_counts_pattern                   : analysis/20220622_LocationPatterns/GATresults/NHinvs_comparable_i/counts/NHinvs_annotations_avgBherer%s.tsv.gz
# output_filename_pattern                 : %s
# output_force                            : False
# output_order                            : fold
# output_plots_pattern                    : None
# output_samples_pattern                  : None
# output_stats                            : []
# output_tables_pattern                   : %s.tsv.gz
# overlapping_annotations                 : False
# pseudo_count                            : 1.0
# pvalue_method                           : empirical
# qvalue_lambda                           : None
# qvalue_method                           : BH
# qvalue_pi0_method                       : smoother
# random_seed                             : None
# restrict_workspace                      : False
# sample_files                            : []
# sampler                                 : annotator
# segment_files                           : ['analysis/20220622_LocationPatterns/GATfiles/Segments/NHinvs.bed']
# shift_expansion                         : 2.0
# shift_extension                         : 0
# short_help                              : None
# stderr                                  : <_io.TextIOWrapper name='<stderr>' mode='w' encoding='utf-8'>
# stdin                                   : <_io.TextIOWrapper name='<stdin>' mode='r' encoding='utf-8'>
# stdlog                                  : <_io.TextIOWrapper name='analysis/20220622_LocationPatterns/GATresults/NHinvs_comparable_i/log/NHinvs_annotations_avgBherer.log' mode='a' encoding='UTF-8'>
# stdout                                  : <_io.TextIOWrapper name='analysis/20220622_LocationPatterns/GATresults/NHinvs_comparable_i/tsv/NHinvs_annotations_avgBherer.tsv' mode='w' encoding='UTF-8'>
# timeit_file                             : None
# timeit_header                           : None
# timeit_name                             : all
# truncate_segments_to_workspace          : False
# truncate_workspace_to_annotations       : False
# workspace_files                         : ['analysis/20220622_LocationPatterns/GATfiles/Workspace/workspace_avgBherer.bed']
2022-06-23 13:07:38,457 INFO segments: reading tracks from 1 files
2022-06-23 13:07:38,458 INFO segments: read 1 tracks from 1 files
2022-06-23 13:07:38,458 INFO annotations: reading tracks from 1 files
2022-06-23 13:07:38,731 INFO annotations: read 6 tracks from 1 files
2022-06-23 13:07:38,735 INFO workspaces: reading tracks from 1 files
2022-06-23 13:07:38,735 INFO workspaces: read 1 tracks from 1 files
2022-06-23 13:07:38,735 INFO collapsing workspaces
2022-06-23 13:07:38,736 INFO isochores: reading isochores from 1 files
2022-06-23 13:07:38,738 INFO intervals loaded in 0 seconds
2022-06-23 13:07:38,738 INFO adding isochores to workspace
2022-06-23 13:07:38,741 INFO collecting observed counts
2022-06-23 13:07:38,741 INFO starting sampling
2022-06-23 13:07:38,742 INFO sampling: merged: 1/1
2022-06-23 13:07:38,742 INFO performing unconditional sampling
2022-06-23 13:07:38,748 INFO workspace without conditioning: 1090 segments, 2678195140 nucleotides
2022-06-23 13:07:38,748 INFO workspace after conditioning: 1090 segments, 2678195140 nucleotides
2022-06-23 13:07:38,748 INFO sampling started
2022-06-23 13:07:38,754 INFO 0/1000 done ( 0.00)
2022-06-23 13:07:39,255 INFO 100/1000 done (10.00)
2022-06-23 13:07:39,753 INFO 200/1000 done (20.00)
2022-06-23 13:07:40,256 INFO 300/1000 done (30.00)
2022-06-23 13:07:40,764 INFO 400/1000 done (40.00)
2022-06-23 13:07:41,257 INFO 500/1000 done (50.00)
2022-06-23 13:07:41,755 INFO 600/1000 done (60.00)
2022-06-23 13:07:42,253 INFO 700/1000 done (70.00)
2022-06-23 13:07:42,749 INFO 800/1000 done (80.00)
2022-06-23 13:07:43,245 INFO 900/1000 done (90.00)
2022-06-23 13:07:43,738 INFO sampling completed
2022-06-23 13:07:43,739 INFO sampling finished
2022-06-23 13:07:43,739 INFO computing PValue statistics
2022-06-23 13:07:43,743 INFO writing counts to analysis/20220622_LocationPatterns/GATresults/NHinvs_comparable_i/counts/NHinvs_annotations_avgBherernucleotide-overlap.tsv.gz
2022-06-23 13:07:43,748 INFO computing FDR statistics
# job finished in 5 seconds at Thu Jun 23 13:07:43 2022 --  6.06  0.03  0.00  0.00 -- eacae7a8-24b5-4f2f-8bbe-c62cae44a950
