# output generated by /home/rgomez/anaconda3/bin/gat-run.py --segments=analysis/20220622_LocationPatterns/GATfiles/Segments/LFNAHR_NHlike.bed --annotations=analysis/20220622_LocationPatterns/GATfiles/Annotations/annotations_avgBherer.bed --workspace=analysis/20220622_LocationPatterns/GATfiles/Workspace/workspace_avgBherer.bed --num-samples=1000 --log=analysis/20220622_LocationPatterns/GATresults/NAHR_NHlike/log/LFNAHR_NHlike_annotations_avgBherer.log --stdout=analysis/20220622_LocationPatterns/GATresults/NAHR_NHlike/tsv/LFNAHR_NHlike_annotations_avgBherer.tsv
# job started at Wed Jun 22 22:03:24 2022 on rgomez-pc -- 76092f98-cb5a-47b0-8c11-05ab5f79397a
# pid: 20594, system: Linux 5.3.0-7648-generic #41~1586790036~18.04~600aeb5-Ubuntu SMP Mon Apr 13 17:47:15 UTC  x86_64
# annotation_files                        : ['analysis/20220622_LocationPatterns/GATfiles/Annotations/annotations_avgBherer.bed']
# annotations_label                       : None
# annotations_to_points                   : None
# bucket_size                             : 0
# cache                                   : None
# conditional                             : unconditional
# conditional_expansion                   : None
# conditional_extension                   : None
# counters                                : []
# enable_split_tracks                     : False
# ignore_segment_tracks                   : True
# input_filename_counts                   : None
# input_filename_descriptions             : None
# input_filename_results                  : None
# isochore_files                          : None
# loglevel                                : 1
# nbuckets                                : 100000
# null                                    : default
# num_samples                             : 1000
# num_threads                             : 0
# output_bed                              : []
# output_counts_pattern                   : None
# output_filename_pattern                 : %s
# output_force                            : False
# output_order                            : fold
# output_plots_pattern                    : None
# output_samples_pattern                  : None
# output_stats                            : []
# output_tables_pattern                   : %s.tsv.gz
# overlapping_annotations                 : False
# pseudo_count                            : 1.0
# pvalue_method                           : empirical
# qvalue_lambda                           : None
# qvalue_method                           : BH
# qvalue_pi0_method                       : smoother
# random_seed                             : None
# restrict_workspace                      : False
# sample_files                            : []
# sampler                                 : annotator
# segment_files                           : ['analysis/20220622_LocationPatterns/GATfiles/Segments/LFNAHR_NHlike.bed']
# shift_expansion                         : 2.0
# shift_extension                         : 0
# short_help                              : None
# stderr                                  : <_io.TextIOWrapper name='<stderr>' mode='w' encoding='utf-8'>
# stdin                                   : <_io.TextIOWrapper name='<stdin>' mode='r' encoding='utf-8'>
# stdlog                                  : <_io.TextIOWrapper name='analysis/20220622_LocationPatterns/GATresults/NAHR_NHlike/log/LFNAHR_NHlike_annotations_avgBherer.log' mode='a' encoding='UTF-8'>
# stdout                                  : <_io.TextIOWrapper name='analysis/20220622_LocationPatterns/GATresults/NAHR_NHlike/tsv/LFNAHR_NHlike_annotations_avgBherer.tsv' mode='w' encoding='UTF-8'>
# timeit_file                             : None
# timeit_header                           : None
# timeit_name                             : all
# truncate_segments_to_workspace          : False
# truncate_workspace_to_annotations       : False
# workspace_files                         : ['analysis/20220622_LocationPatterns/GATfiles/Workspace/workspace_avgBherer.bed']
# output generated by /home/rgomez/anaconda3/bin/gat-run.py --segments=analysis/20220622_LocationPatterns/GATfiles/Segments/LFNAHR_NHlike.bed --annotations=analysis/20220622_LocationPatterns/GATfiles/Annotations/annotations_avgBherer.bed --workspace=analysis/20220622_LocationPatterns/GATfiles/Workspace/workspace_avgBherer.bed --num-samples=1000 --log=analysis/20220622_LocationPatterns/GATresults/NAHR_NHlike/log/LFNAHR_NHlike_annotations_avgBherer.log --stdout=analysis/20220622_LocationPatterns/GATresults/NAHR_NHlike/tsv/LFNAHR_NHlike_annotations_avgBherer.tsv
# job started at Wed Jun 22 22:05:26 2022 on rgomez-pc -- 30b84551-a43a-46bb-99c9-43c3fec60043
# pid: 20780, system: Linux 5.3.0-7648-generic #41~1586790036~18.04~600aeb5-Ubuntu SMP Mon Apr 13 17:47:15 UTC  x86_64
# annotation_files                        : ['analysis/20220622_LocationPatterns/GATfiles/Annotations/annotations_avgBherer.bed']
# annotations_label                       : None
# annotations_to_points                   : None
# bucket_size                             : 0
# cache                                   : None
# conditional                             : unconditional
# conditional_expansion                   : None
# conditional_extension                   : None
# counters                                : []
# enable_split_tracks                     : False
# ignore_segment_tracks                   : True
# input_filename_counts                   : None
# input_filename_descriptions             : None
# input_filename_results                  : None
# isochore_files                          : None
# loglevel                                : 1
# nbuckets                                : 100000
# null                                    : default
# num_samples                             : 1000
# num_threads                             : 0
# output_bed                              : []
# output_counts_pattern                   : None
# output_filename_pattern                 : %s
# output_force                            : False
# output_order                            : fold
# output_plots_pattern                    : None
# output_samples_pattern                  : None
# output_stats                            : []
# output_tables_pattern                   : %s.tsv.gz
# overlapping_annotations                 : False
# pseudo_count                            : 1.0
# pvalue_method                           : empirical
# qvalue_lambda                           : None
# qvalue_method                           : BH
# qvalue_pi0_method                       : smoother
# random_seed                             : None
# restrict_workspace                      : False
# sample_files                            : []
# sampler                                 : annotator
# segment_files                           : ['analysis/20220622_LocationPatterns/GATfiles/Segments/LFNAHR_NHlike.bed']
# shift_expansion                         : 2.0
# shift_extension                         : 0
# short_help                              : None
# stderr                                  : <_io.TextIOWrapper name='<stderr>' mode='w' encoding='utf-8'>
# stdin                                   : <_io.TextIOWrapper name='<stdin>' mode='r' encoding='utf-8'>
# stdlog                                  : <_io.TextIOWrapper name='analysis/20220622_LocationPatterns/GATresults/NAHR_NHlike/log/LFNAHR_NHlike_annotations_avgBherer.log' mode='a' encoding='UTF-8'>
# stdout                                  : <_io.TextIOWrapper name='analysis/20220622_LocationPatterns/GATresults/NAHR_NHlike/tsv/LFNAHR_NHlike_annotations_avgBherer.tsv' mode='w' encoding='UTF-8'>
# timeit_file                             : None
# timeit_header                           : None
# timeit_name                             : all
# truncate_segments_to_workspace          : False
# truncate_workspace_to_annotations       : False
# workspace_files                         : ['analysis/20220622_LocationPatterns/GATfiles/Workspace/workspace_avgBherer.bed']
2022-06-22 22:05:26,106 INFO segments: reading tracks from 1 files
2022-06-22 22:05:26,107 INFO segments: read 1 tracks from 1 files
2022-06-22 22:05:26,107 INFO annotations: reading tracks from 1 files
2022-06-22 22:05:26,378 INFO annotations: read 6 tracks from 1 files
2022-06-22 22:05:26,382 INFO workspaces: reading tracks from 1 files
2022-06-22 22:05:26,383 INFO workspaces: read 1 tracks from 1 files
2022-06-22 22:05:26,383 INFO collapsing workspaces
2022-06-22 22:05:26,383 INFO intervals loaded in 0 seconds
2022-06-22 22:05:26,384 INFO collecting observed counts
2022-06-22 22:05:26,384 INFO starting sampling
2022-06-22 22:05:26,384 INFO sampling: merged: 1/1
2022-06-22 22:05:26,384 INFO performing unconditional sampling
2022-06-22 22:05:26,385 INFO workspace without conditioning: 39 segments, 2678195140 nucleotides
2022-06-22 22:05:26,385 INFO workspace after conditioning: 39 segments, 2678195140 nucleotides
2022-06-22 22:05:26,385 INFO sampling started
2022-06-22 22:05:26,387 INFO 0/1000 done ( 0.00)
2022-06-22 22:05:26,450 INFO 100/1000 done (10.00)
2022-06-22 22:05:26,514 INFO 200/1000 done (20.00)
2022-06-22 22:05:26,578 INFO 300/1000 done (30.00)
2022-06-22 22:05:26,641 INFO 400/1000 done (40.00)
2022-06-22 22:05:26,704 INFO 500/1000 done (50.00)
2022-06-22 22:05:26,768 INFO 600/1000 done (60.00)
2022-06-22 22:05:26,831 INFO 700/1000 done (70.00)
2022-06-22 22:05:26,897 INFO 800/1000 done (80.00)
2022-06-22 22:05:26,962 INFO 900/1000 done (90.00)
2022-06-22 22:05:27,026 INFO sampling completed
2022-06-22 22:05:27,027 INFO sampling finished
2022-06-22 22:05:27,027 INFO computing PValue statistics
2022-06-22 22:05:27,030 INFO computing FDR statistics
# job finished in 0 seconds at Wed Jun 22 22:05:27 2022 --  1.68  0.05  0.00  0.00 -- 30b84551-a43a-46bb-99c9-43c3fec60043
# output generated by /home/rgomez/anaconda3/bin/gat-run.py --segments=analysis/20220622_LocationPatterns/GATfiles/Segments/LFNAHR_NHlike.bed --annotations=analysis/20220622_LocationPatterns/GATfiles/Annotations/annotations_avgBherer.bed --workspace=analysis/20220622_LocationPatterns/GATfiles/Workspace/workspace_avgBherer.bed --num-samples=1000 --log=analysis/20220622_LocationPatterns/GATresults/NAHR_NHlike/log/LFNAHR_NHlike_annotations_avgBherer.log --stdout=analysis/20220622_LocationPatterns/GATresults/NAHR_NHlike/tsv/LFNAHR_NHlike_annotations_avgBherer.tsv
# job started at Wed Jun 22 22:07:09 2022 on rgomez-pc -- fab6e3ee-b409-46b8-8a24-e5ab91bbddda
# pid: 21001, system: Linux 5.3.0-7648-generic #41~1586790036~18.04~600aeb5-Ubuntu SMP Mon Apr 13 17:47:15 UTC  x86_64
# annotation_files                        : ['analysis/20220622_LocationPatterns/GATfiles/Annotations/annotations_avgBherer.bed']
# annotations_label                       : None
# annotations_to_points                   : None
# bucket_size                             : 0
# cache                                   : None
# conditional                             : unconditional
# conditional_expansion                   : None
# conditional_extension                   : None
# counters                                : []
# enable_split_tracks                     : False
# ignore_segment_tracks                   : True
# input_filename_counts                   : None
# input_filename_descriptions             : None
# input_filename_results                  : None
# isochore_files                          : None
# loglevel                                : 1
# nbuckets                                : 100000
# null                                    : default
# num_samples                             : 1000
# num_threads                             : 0
# output_bed                              : []
# output_counts_pattern                   : None
# output_filename_pattern                 : %s
# output_force                            : False
# output_order                            : fold
# output_plots_pattern                    : None
# output_samples_pattern                  : None
# output_stats                            : []
# output_tables_pattern                   : %s.tsv.gz
# overlapping_annotations                 : False
# pseudo_count                            : 1.0
# pvalue_method                           : empirical
# qvalue_lambda                           : None
# qvalue_method                           : BH
# qvalue_pi0_method                       : smoother
# random_seed                             : None
# restrict_workspace                      : False
# sample_files                            : []
# sampler                                 : annotator
# segment_files                           : ['analysis/20220622_LocationPatterns/GATfiles/Segments/LFNAHR_NHlike.bed']
# shift_expansion                         : 2.0
# shift_extension                         : 0
# short_help                              : None
# stderr                                  : <_io.TextIOWrapper name='<stderr>' mode='w' encoding='utf-8'>
# stdin                                   : <_io.TextIOWrapper name='<stdin>' mode='r' encoding='utf-8'>
# stdlog                                  : <_io.TextIOWrapper name='analysis/20220622_LocationPatterns/GATresults/NAHR_NHlike/log/LFNAHR_NHlike_annotations_avgBherer.log' mode='a' encoding='UTF-8'>
# stdout                                  : <_io.TextIOWrapper name='analysis/20220622_LocationPatterns/GATresults/NAHR_NHlike/tsv/LFNAHR_NHlike_annotations_avgBherer.tsv' mode='w' encoding='UTF-8'>
# timeit_file                             : None
# timeit_header                           : None
# timeit_name                             : all
# truncate_segments_to_workspace          : False
# truncate_workspace_to_annotations       : False
# workspace_files                         : ['analysis/20220622_LocationPatterns/GATfiles/Workspace/workspace_avgBherer.bed']
2022-06-22 22:07:09,788 INFO segments: reading tracks from 1 files
2022-06-22 22:07:09,788 INFO segments: read 1 tracks from 1 files
2022-06-22 22:07:09,788 INFO annotations: reading tracks from 1 files
2022-06-22 22:07:10,062 INFO annotations: read 6 tracks from 1 files
2022-06-22 22:07:10,066 INFO workspaces: reading tracks from 1 files
2022-06-22 22:07:10,067 INFO workspaces: read 1 tracks from 1 files
2022-06-22 22:07:10,067 INFO collapsing workspaces
2022-06-22 22:07:10,067 INFO intervals loaded in 0 seconds
2022-06-22 22:07:10,068 INFO collecting observed counts
2022-06-22 22:07:10,068 INFO starting sampling
2022-06-22 22:07:10,068 INFO sampling: merged: 1/1
2022-06-22 22:07:10,068 INFO performing unconditional sampling
2022-06-22 22:07:10,069 INFO workspace without conditioning: 39 segments, 2678195140 nucleotides
2022-06-22 22:07:10,069 INFO workspace after conditioning: 39 segments, 2678195140 nucleotides
2022-06-22 22:07:10,069 INFO sampling started
2022-06-22 22:07:10,070 INFO 0/1000 done ( 0.00)
2022-06-22 22:07:10,136 INFO 100/1000 done (10.00)
2022-06-22 22:07:10,212 INFO 200/1000 done (20.00)
2022-06-22 22:07:10,296 INFO 300/1000 done (30.00)
2022-06-22 22:07:10,375 INFO 400/1000 done (40.00)
2022-06-22 22:07:10,444 INFO 500/1000 done (50.00)
2022-06-22 22:07:10,510 INFO 600/1000 done (60.00)
2022-06-22 22:07:10,577 INFO 700/1000 done (70.00)
2022-06-22 22:07:10,642 INFO 800/1000 done (80.00)
2022-06-22 22:07:10,709 INFO 900/1000 done (90.00)
2022-06-22 22:07:10,777 INFO sampling completed
2022-06-22 22:07:10,778 INFO sampling finished
2022-06-22 22:07:10,778 INFO computing PValue statistics
2022-06-22 22:07:10,781 INFO computing FDR statistics
# job finished in 0 seconds at Wed Jun 22 22:07:10 2022 --  1.78  0.08  0.00  0.00 -- fab6e3ee-b409-46b8-8a24-e5ab91bbddda
# output generated by /home/rgomez/anaconda3/bin/gat-run.py --segments=analysis/20220622_LocationPatterns/GATfiles/Segments/LFNAHR_NHlike.bed --annotations=analysis/20220622_LocationPatterns/GATfiles/Annotations/annotations_avgBherer.bed --workspace=analysis/20220622_LocationPatterns/GATfiles/Workspace/workspace_avgBherer.bed --num-samples=1000 --log=analysis/20220622_LocationPatterns/GATresults/NAHR_NHlike/log/LFNAHR_NHlike_annotations_avgBherer.log --stdout=analysis/20220622_LocationPatterns/GATresults/NAHR_NHlike/tsv/LFNAHR_NHlike_annotations_avgBherer.tsv
# job started at Wed Jun 22 22:07:55 2022 on rgomez-pc -- 5ebf8576-6e45-408a-a591-a9ce621b3644
# pid: 21110, system: Linux 5.3.0-7648-generic #41~1586790036~18.04~600aeb5-Ubuntu SMP Mon Apr 13 17:47:15 UTC  x86_64
# annotation_files                        : ['analysis/20220622_LocationPatterns/GATfiles/Annotations/annotations_avgBherer.bed']
# annotations_label                       : None
# annotations_to_points                   : None
# bucket_size                             : 0
# cache                                   : None
# conditional                             : unconditional
# conditional_expansion                   : None
# conditional_extension                   : None
# counters                                : []
# enable_split_tracks                     : False
# ignore_segment_tracks                   : True
# input_filename_counts                   : None
# input_filename_descriptions             : None
# input_filename_results                  : None
# isochore_files                          : None
# loglevel                                : 1
# nbuckets                                : 100000
# null                                    : default
# num_samples                             : 1000
# num_threads                             : 0
# output_bed                              : []
# output_counts_pattern                   : None
# output_filename_pattern                 : %s
# output_force                            : False
# output_order                            : fold
# output_plots_pattern                    : None
# output_samples_pattern                  : None
# output_stats                            : []
# output_tables_pattern                   : %s.tsv.gz
# overlapping_annotations                 : False
# pseudo_count                            : 1.0
# pvalue_method                           : empirical
# qvalue_lambda                           : None
# qvalue_method                           : BH
# qvalue_pi0_method                       : smoother
# random_seed                             : None
# restrict_workspace                      : False
# sample_files                            : []
# sampler                                 : annotator
# segment_files                           : ['analysis/20220622_LocationPatterns/GATfiles/Segments/LFNAHR_NHlike.bed']
# shift_expansion                         : 2.0
# shift_extension                         : 0
# short_help                              : None
# stderr                                  : <_io.TextIOWrapper name='<stderr>' mode='w' encoding='utf-8'>
# stdin                                   : <_io.TextIOWrapper name='<stdin>' mode='r' encoding='utf-8'>
# stdlog                                  : <_io.TextIOWrapper name='analysis/20220622_LocationPatterns/GATresults/NAHR_NHlike/log/LFNAHR_NHlike_annotations_avgBherer.log' mode='a' encoding='UTF-8'>
# stdout                                  : <_io.TextIOWrapper name='analysis/20220622_LocationPatterns/GATresults/NAHR_NHlike/tsv/LFNAHR_NHlike_annotations_avgBherer.tsv' mode='w' encoding='UTF-8'>
# timeit_file                             : None
# timeit_header                           : None
# timeit_name                             : all
# truncate_segments_to_workspace          : False
# truncate_workspace_to_annotations       : False
# workspace_files                         : ['analysis/20220622_LocationPatterns/GATfiles/Workspace/workspace_avgBherer.bed']
2022-06-22 22:07:55,182 INFO segments: reading tracks from 1 files
2022-06-22 22:07:55,182 INFO segments: read 1 tracks from 1 files
2022-06-22 22:07:55,182 INFO annotations: reading tracks from 1 files
2022-06-22 22:07:55,461 INFO annotations: read 6 tracks from 1 files
2022-06-22 22:07:55,465 INFO workspaces: reading tracks from 1 files
2022-06-22 22:07:55,465 INFO workspaces: read 1 tracks from 1 files
2022-06-22 22:07:55,465 INFO collapsing workspaces
2022-06-22 22:07:55,466 INFO intervals loaded in 0 seconds
2022-06-22 22:07:55,467 INFO collecting observed counts
2022-06-22 22:07:55,467 INFO starting sampling
2022-06-22 22:07:55,467 INFO sampling: merged: 1/1
2022-06-22 22:07:55,467 INFO performing unconditional sampling
2022-06-22 22:07:55,467 INFO workspace without conditioning: 39 segments, 2678195140 nucleotides
2022-06-22 22:07:55,468 INFO workspace after conditioning: 39 segments, 2678195140 nucleotides
2022-06-22 22:07:55,468 INFO sampling started
2022-06-22 22:07:55,469 INFO 0/1000 done ( 0.00)
2022-06-22 22:07:55,536 INFO 100/1000 done (10.00)
2022-06-22 22:07:55,601 INFO 200/1000 done (20.00)
2022-06-22 22:07:55,672 INFO 300/1000 done (30.00)
2022-06-22 22:07:55,736 INFO 400/1000 done (40.00)
2022-06-22 22:07:55,804 INFO 500/1000 done (50.00)
2022-06-22 22:07:55,869 INFO 600/1000 done (60.00)
2022-06-22 22:07:55,936 INFO 700/1000 done (70.00)
2022-06-22 22:07:56,001 INFO 800/1000 done (80.00)
2022-06-22 22:07:56,068 INFO 900/1000 done (90.00)
2022-06-22 22:07:56,133 INFO sampling completed
2022-06-22 22:07:56,134 INFO sampling finished
2022-06-22 22:07:56,134 INFO computing PValue statistics
2022-06-22 22:07:56,138 INFO computing FDR statistics
# job finished in 0 seconds at Wed Jun 22 22:07:56 2022 --  1.94  0.06  0.00  0.00 -- 5ebf8576-6e45-408a-a591-a9ce621b3644
