# output generated by /home/rgomez/anaconda3/bin/gat-run.py --segments=analysis/20220621_LocationPatterns/GATfiles/Segments/HFno501invs.bed --annotations=analysis/20220621_LocationPatterns/GATfiles/Annotations/genomicSuperDups_coords_normal.bed --output-counts-pattern=analysis/20220621_LocationPatterns/GATresults/LowIsochores0.1/counts/HFno501invs_avgBherer_%s.tsv.gz --isochores=analysis/20220621_LocationPatterns/GATfiles/Isochores/genomicSuperDups_COzones_0.1/Low.bed --workspace=analysis/20220621_LocationPatterns/GATfiles/Workspace/workspace_avgBherer.bed --num-samples=100 --log=analysis/20220621_LocationPatterns/GATresults/LowIsochores0.1/log/HFno501invs_avgBherer.log --stdout=analysis/20220621_LocationPatterns/GATresults/LowIsochores0.1/tsv/HFno501invs_avgBherer.tsv
# job started at Tue Jun 21 09:21:44 2022 on rgomez-pc -- d55ff8c1-053b-4436-853a-c63f93506d83
# pid: 16047, system: Linux 5.3.0-7648-generic #41~1586790036~18.04~600aeb5-Ubuntu SMP Mon Apr 13 17:47:15 UTC  x86_64
# annotation_files                        : ['analysis/20220621_LocationPatterns/GATfiles/Annotations/genomicSuperDups_coords_normal.bed']
# annotations_label                       : None
# annotations_to_points                   : None
# bucket_size                             : 0
# cache                                   : None
# conditional                             : unconditional
# conditional_expansion                   : None
# conditional_extension                   : None
# counters                                : []
# enable_split_tracks                     : False
# ignore_segment_tracks                   : True
# input_filename_counts                   : None
# input_filename_descriptions             : None
# input_filename_results                  : None
# isochore_files                          : ['analysis/20220621_LocationPatterns/GATfiles/Isochores/genomicSuperDups_COzones_0.1/Low.bed']
# loglevel                                : 1
# nbuckets                                : 100000
# null                                    : default
# num_samples                             : 100
# num_threads                             : 0
# output_bed                              : []
# output_counts_pattern                   : analysis/20220621_LocationPatterns/GATresults/LowIsochores0.1/counts/HFno501invs_avgBherer_%s.tsv.gz
# output_filename_pattern                 : %s
# output_force                            : False
# output_order                            : fold
# output_plots_pattern                    : None
# output_samples_pattern                  : None
# output_stats                            : []
# output_tables_pattern                   : %s.tsv.gz
# overlapping_annotations                 : False
# pseudo_count                            : 1.0
# pvalue_method                           : empirical
# qvalue_lambda                           : None
# qvalue_method                           : BH
# qvalue_pi0_method                       : smoother
# random_seed                             : None
# restrict_workspace                      : False
# sample_files                            : []
# sampler                                 : annotator
# segment_files                           : ['analysis/20220621_LocationPatterns/GATfiles/Segments/HFno501invs.bed']
# shift_expansion                         : 2.0
# shift_extension                         : 0
# short_help                              : None
# stderr                                  : <_io.TextIOWrapper name='<stderr>' mode='w' encoding='utf-8'>
# stdin                                   : <_io.TextIOWrapper name='<stdin>' mode='r' encoding='utf-8'>
# stdlog                                  : <_io.TextIOWrapper name='analysis/20220621_LocationPatterns/GATresults/LowIsochores0.1/log/HFno501invs_avgBherer.log' mode='a' encoding='UTF-8'>
# stdout                                  : <_io.TextIOWrapper name='analysis/20220621_LocationPatterns/GATresults/LowIsochores0.1/tsv/HFno501invs_avgBherer.tsv' mode='w' encoding='UTF-8'>
# timeit_file                             : None
# timeit_header                           : None
# timeit_name                             : all
# truncate_segments_to_workspace          : False
# truncate_workspace_to_annotations       : False
# workspace_files                         : ['analysis/20220621_LocationPatterns/GATfiles/Workspace/workspace_avgBherer.bed']
2022-06-21 09:21:44,999 INFO segments: reading tracks from 1 files
2022-06-21 09:21:45,000 INFO segments: read 1 tracks from 1 files
2022-06-21 09:21:45,000 INFO annotations: reading tracks from 1 files
2022-06-21 09:21:45,120 INFO annotations: read 1 tracks from 1 files
2022-06-21 09:21:45,124 INFO workspaces: reading tracks from 1 files
2022-06-21 09:21:45,124 INFO workspaces: read 1 tracks from 1 files
2022-06-21 09:21:45,124 INFO collapsing workspaces
2022-06-21 09:21:45,124 INFO isochores: reading isochores from 1 files
# output generated by /home/rgomez/anaconda3/bin/gat-run.py --segments=analysis/20220621_LocationPatterns/GATfiles/Segments/HFno501invs.bed --annotations=analysis/20220621_LocationPatterns/GATfiles/Annotations/genomicSuperDups_coords_normal.bed --output-counts-pattern=analysis/20220621_LocationPatterns/GATresults/LowIsochores0.1/counts/HFno501invs_avgBherer_%s.tsv.gz --isochores=analysis/20220621_LocationPatterns/GATfiles/Isochores/genomicSuperDups_COzones_0.1/Low.txt --workspace=analysis/20220621_LocationPatterns/GATfiles/Workspace/workspace_avgBherer.bed --num-samples=100 --log=analysis/20220621_LocationPatterns/GATresults/LowIsochores0.1/log/HFno501invs_avgBherer.log --stdout=analysis/20220621_LocationPatterns/GATresults/LowIsochores0.1/tsv/HFno501invs_avgBherer.tsv
# job started at Tue Jun 21 09:23:08 2022 on rgomez-pc -- 6323358b-8318-4e7f-b852-fd2350fca5ca
# pid: 16252, system: Linux 5.3.0-7648-generic #41~1586790036~18.04~600aeb5-Ubuntu SMP Mon Apr 13 17:47:15 UTC  x86_64
# annotation_files                        : ['analysis/20220621_LocationPatterns/GATfiles/Annotations/genomicSuperDups_coords_normal.bed']
# annotations_label                       : None
# annotations_to_points                   : None
# bucket_size                             : 0
# cache                                   : None
# conditional                             : unconditional
# conditional_expansion                   : None
# conditional_extension                   : None
# counters                                : []
# enable_split_tracks                     : False
# ignore_segment_tracks                   : True
# input_filename_counts                   : None
# input_filename_descriptions             : None
# input_filename_results                  : None
# isochore_files                          : ['analysis/20220621_LocationPatterns/GATfiles/Isochores/genomicSuperDups_COzones_0.1/Low.txt']
# loglevel                                : 1
# nbuckets                                : 100000
# null                                    : default
# num_samples                             : 100
# num_threads                             : 0
# output_bed                              : []
# output_counts_pattern                   : analysis/20220621_LocationPatterns/GATresults/LowIsochores0.1/counts/HFno501invs_avgBherer_%s.tsv.gz
# output_filename_pattern                 : %s
# output_force                            : False
# output_order                            : fold
# output_plots_pattern                    : None
# output_samples_pattern                  : None
# output_stats                            : []
# output_tables_pattern                   : %s.tsv.gz
# overlapping_annotations                 : False
# pseudo_count                            : 1.0
# pvalue_method                           : empirical
# qvalue_lambda                           : None
# qvalue_method                           : BH
# qvalue_pi0_method                       : smoother
# random_seed                             : None
# restrict_workspace                      : False
# sample_files                            : []
# sampler                                 : annotator
# segment_files                           : ['analysis/20220621_LocationPatterns/GATfiles/Segments/HFno501invs.bed']
# shift_expansion                         : 2.0
# shift_extension                         : 0
# short_help                              : None
# stderr                                  : <_io.TextIOWrapper name='<stderr>' mode='w' encoding='utf-8'>
# stdin                                   : <_io.TextIOWrapper name='<stdin>' mode='r' encoding='utf-8'>
# stdlog                                  : <_io.TextIOWrapper name='analysis/20220621_LocationPatterns/GATresults/LowIsochores0.1/log/HFno501invs_avgBherer.log' mode='a' encoding='UTF-8'>
# stdout                                  : <_io.TextIOWrapper name='analysis/20220621_LocationPatterns/GATresults/LowIsochores0.1/tsv/HFno501invs_avgBherer.tsv' mode='w' encoding='UTF-8'>
# timeit_file                             : None
# timeit_header                           : None
# timeit_name                             : all
# truncate_segments_to_workspace          : False
# truncate_workspace_to_annotations       : False
# workspace_files                         : ['analysis/20220621_LocationPatterns/GATfiles/Workspace/workspace_avgBherer.bed']
2022-06-21 09:23:08,035 INFO segments: reading tracks from 1 files
2022-06-21 09:23:08,035 INFO segments: read 1 tracks from 1 files
2022-06-21 09:23:08,035 INFO annotations: reading tracks from 1 files
2022-06-21 09:23:08,163 INFO annotations: read 1 tracks from 1 files
2022-06-21 09:23:08,167 INFO workspaces: reading tracks from 1 files
2022-06-21 09:23:08,168 INFO workspaces: read 1 tracks from 1 files
2022-06-21 09:23:08,168 INFO collapsing workspaces
2022-06-21 09:23:08,168 INFO isochores: reading isochores from 1 files
# output generated by /home/rgomez/anaconda3/bin/gat-run.py --segments=analysis/20220621_LocationPatterns/GATfiles/Segments/HFno501invs.bed --annotations=analysis/20220621_LocationPatterns/GATfiles/Annotations/genomicSuperDups_coords_normal.bed --output-counts-pattern=analysis/20220621_LocationPatterns/GATresults/LowIsochores0.1/counts/HFno501invs_avgBherer_%s.tsv.gz --isochores=analysis/20220621_LocationPatterns/GATfiles/Isochores/genomicSuperDups_COzones_0.1/Low.txt --workspace=analysis/20220621_LocationPatterns/GATfiles/Workspace/workspace_avgBherer.bed --num-samples=100 --log=analysis/20220621_LocationPatterns/GATresults/LowIsochores0.1/log/HFno501invs_avgBherer.log --stdout=analysis/20220621_LocationPatterns/GATresults/LowIsochores0.1/tsv/HFno501invs_avgBherer.tsv
# job started at Tue Jun 21 09:25:48 2022 on rgomez-pc -- 82068825-4aac-44e3-8cde-76a56a2edba8
# pid: 16655, system: Linux 5.3.0-7648-generic #41~1586790036~18.04~600aeb5-Ubuntu SMP Mon Apr 13 17:47:15 UTC  x86_64
# annotation_files                        : ['analysis/20220621_LocationPatterns/GATfiles/Annotations/genomicSuperDups_coords_normal.bed']
# annotations_label                       : None
# annotations_to_points                   : None
# bucket_size                             : 0
# cache                                   : None
# conditional                             : unconditional
# conditional_expansion                   : None
# conditional_extension                   : None
# counters                                : []
# enable_split_tracks                     : False
# ignore_segment_tracks                   : True
# input_filename_counts                   : None
# input_filename_descriptions             : None
# input_filename_results                  : None
# isochore_files                          : ['analysis/20220621_LocationPatterns/GATfiles/Isochores/genomicSuperDups_COzones_0.1/Low.txt']
# loglevel                                : 1
# nbuckets                                : 100000
# null                                    : default
# num_samples                             : 100
# num_threads                             : 0
# output_bed                              : []
# output_counts_pattern                   : analysis/20220621_LocationPatterns/GATresults/LowIsochores0.1/counts/HFno501invs_avgBherer_%s.tsv.gz
# output_filename_pattern                 : %s
# output_force                            : False
# output_order                            : fold
# output_plots_pattern                    : None
# output_samples_pattern                  : None
# output_stats                            : []
# output_tables_pattern                   : %s.tsv.gz
# overlapping_annotations                 : False
# pseudo_count                            : 1.0
# pvalue_method                           : empirical
# qvalue_lambda                           : None
# qvalue_method                           : BH
# qvalue_pi0_method                       : smoother
# random_seed                             : None
# restrict_workspace                      : False
# sample_files                            : []
# sampler                                 : annotator
# segment_files                           : ['analysis/20220621_LocationPatterns/GATfiles/Segments/HFno501invs.bed']
# shift_expansion                         : 2.0
# shift_extension                         : 0
# short_help                              : None
# stderr                                  : <_io.TextIOWrapper name='<stderr>' mode='w' encoding='utf-8'>
# stdin                                   : <_io.TextIOWrapper name='<stdin>' mode='r' encoding='utf-8'>
# stdlog                                  : <_io.TextIOWrapper name='analysis/20220621_LocationPatterns/GATresults/LowIsochores0.1/log/HFno501invs_avgBherer.log' mode='a' encoding='UTF-8'>
# stdout                                  : <_io.TextIOWrapper name='analysis/20220621_LocationPatterns/GATresults/LowIsochores0.1/tsv/HFno501invs_avgBherer.tsv' mode='w' encoding='UTF-8'>
# timeit_file                             : None
# timeit_header                           : None
# timeit_name                             : all
# truncate_segments_to_workspace          : False
# truncate_workspace_to_annotations       : False
# workspace_files                         : ['analysis/20220621_LocationPatterns/GATfiles/Workspace/workspace_avgBherer.bed']
2022-06-21 09:25:48,841 INFO segments: reading tracks from 1 files
2022-06-21 09:25:48,841 INFO segments: read 1 tracks from 1 files
2022-06-21 09:25:48,842 INFO annotations: reading tracks from 1 files
2022-06-21 09:25:48,965 INFO annotations: read 1 tracks from 1 files
2022-06-21 09:25:48,969 INFO workspaces: reading tracks from 1 files
2022-06-21 09:25:48,969 INFO workspaces: read 1 tracks from 1 files
2022-06-21 09:25:48,969 INFO collapsing workspaces
2022-06-21 09:25:48,969 INFO isochores: reading isochores from 1 files
2022-06-21 09:25:48,969 INFO intervals loaded in 0 seconds
2022-06-21 09:25:48,969 INFO adding isochores to workspace
2022-06-21 09:25:48,969 INFO collecting observed counts
2022-06-21 09:25:48,969 INFO starting sampling
2022-06-21 09:25:48,969 INFO sampling: merged: 1/1
2022-06-21 09:25:48,970 INFO performing unconditional sampling
2022-06-21 09:25:48,970 INFO workspace without conditioning: 45 segments, 2062487887 nucleotides
2022-06-21 09:25:48,970 INFO workspace after conditioning: 45 segments, 2062487887 nucleotides
2022-06-21 09:25:48,970 INFO sampling started
2022-06-21 09:25:48,972 INFO 0/100 done ( 0.00)
2022-06-21 09:25:49,185 INFO sampling completed
2022-06-21 09:25:49,185 INFO sampling finished
2022-06-21 09:25:49,186 INFO computing PValue statistics
2022-06-21 09:25:49,186 INFO writing counts to analysis/20220621_LocationPatterns/GATresults/LowIsochores0.1/counts/HFno501invs_avgBherer_nucleotide-overlap.tsv.gz
2022-06-21 09:25:49,186 INFO computing FDR statistics
# job finished in 0 seconds at Tue Jun 21 09:25:49 2022 --  1.10  0.04  0.00  0.00 -- 82068825-4aac-44e3-8cde-76a56a2edba8
