# output generated by /home/rgomez/anaconda3/bin/gat-run.py --segments=analysis/20220622_LocationPatterns/GATfiles/Segments/HFNHinvs.bed --annotations=analysis/20220622_LocationPatterns/GATfiles/Annotations/annotations_repeats.bed --workspace=analysis/20220622_LocationPatterns/GATfiles/Workspace/workspace_avgBherer.bed --num-samples=10 --log=analysis/20220622_LocationPatterns/GATresults/NHinvs/log/HFNHinvs_annotations_repeats.log --stdout=analysis/20220622_LocationPatterns/GATresults/NHinvs/tsv/HFNHinvs_annotations_repeats.tsv
# job started at Wed Jun 22 21:40:29 2022 on rgomez-pc -- eafab86f-c196-4c8c-b292-60de7bcddd2a
# pid: 19454, system: Linux 5.3.0-7648-generic #41~1586790036~18.04~600aeb5-Ubuntu SMP Mon Apr 13 17:47:15 UTC  x86_64
# annotation_files                        : ['analysis/20220622_LocationPatterns/GATfiles/Annotations/annotations_repeats.bed']
# annotations_label                       : None
# annotations_to_points                   : None
# bucket_size                             : 0
# cache                                   : None
# conditional                             : unconditional
# conditional_expansion                   : None
# conditional_extension                   : None
# counters                                : []
# enable_split_tracks                     : False
# ignore_segment_tracks                   : True
# input_filename_counts                   : None
# input_filename_descriptions             : None
# input_filename_results                  : None
# isochore_files                          : None
# loglevel                                : 1
# nbuckets                                : 100000
# null                                    : default
# num_samples                             : 10
# num_threads                             : 0
# output_bed                              : []
# output_counts_pattern                   : None
# output_filename_pattern                 : %s
# output_force                            : False
# output_order                            : fold
# output_plots_pattern                    : None
# output_samples_pattern                  : None
# output_stats                            : []
# output_tables_pattern                   : %s.tsv.gz
# overlapping_annotations                 : False
# pseudo_count                            : 1.0
# pvalue_method                           : empirical
# qvalue_lambda                           : None
# qvalue_method                           : BH
# qvalue_pi0_method                       : smoother
# random_seed                             : None
# restrict_workspace                      : False
# sample_files                            : []
# sampler                                 : annotator
# segment_files                           : ['analysis/20220622_LocationPatterns/GATfiles/Segments/HFNHinvs.bed']
# shift_expansion                         : 2.0
# shift_extension                         : 0
# short_help                              : None
# stderr                                  : <_io.TextIOWrapper name='<stderr>' mode='w' encoding='utf-8'>
# stdin                                   : <_io.TextIOWrapper name='<stdin>' mode='r' encoding='utf-8'>
# stdlog                                  : <_io.TextIOWrapper name='analysis/20220622_LocationPatterns/GATresults/NHinvs/log/HFNHinvs_annotations_repeats.log' mode='a' encoding='UTF-8'>
# stdout                                  : <_io.TextIOWrapper name='analysis/20220622_LocationPatterns/GATresults/NHinvs/tsv/HFNHinvs_annotations_repeats.tsv' mode='w' encoding='UTF-8'>
# timeit_file                             : None
# timeit_header                           : None
# timeit_name                             : all
# truncate_segments_to_workspace          : False
# truncate_workspace_to_annotations       : False
# workspace_files                         : ['analysis/20220622_LocationPatterns/GATfiles/Workspace/workspace_avgBherer.bed']
2022-06-22 21:40:29,987 INFO segments: reading tracks from 1 files
2022-06-22 21:40:29,987 INFO segments: read 1 tracks from 1 files
2022-06-22 21:40:29,987 INFO annotations: reading tracks from 1 files
2022-06-22 21:40:30,100 INFO annotations: read 1 tracks from 1 files
2022-06-22 21:40:30,104 INFO workspaces: reading tracks from 1 files
2022-06-22 21:40:30,104 INFO workspaces: read 1 tracks from 1 files
2022-06-22 21:40:30,104 INFO collapsing workspaces
2022-06-22 21:40:30,105 INFO intervals loaded in 0 seconds
2022-06-22 21:40:30,105 INFO collecting observed counts
2022-06-22 21:40:30,105 INFO starting sampling
2022-06-22 21:40:30,105 INFO sampling: merged: 1/1
2022-06-22 21:40:30,105 INFO performing unconditional sampling
2022-06-22 21:40:30,105 INFO workspace without conditioning: 39 segments, 2678195140 nucleotides
2022-06-22 21:40:30,105 INFO workspace after conditioning: 39 segments, 2678195140 nucleotides
2022-06-22 21:40:30,105 INFO sampling started
2022-06-22 21:40:30,108 INFO 0/10 done ( 0.00)
2022-06-22 21:40:30,125 INFO sampling completed
2022-06-22 21:40:30,125 INFO sampling finished
2022-06-22 21:40:30,125 INFO computing PValue statistics
2022-06-22 21:40:30,126 INFO computing FDR statistics
# job finished in 0 seconds at Wed Jun 22 21:40:30 2022 --  0.86  0.06  0.00  0.00 -- eafab86f-c196-4c8c-b292-60de7bcddd2a
# output generated by /home/rgomez/anaconda3/bin/gat-run.py --segments=analysis/20220622_LocationPatterns/GATfiles/Segments/HFNHinvs.bed --annotations=analysis/20220622_LocationPatterns/GATfiles/Annotations/annotations_repeats.bed --workspace=analysis/20220622_LocationPatterns/GATfiles/Workspace/workspace_avgBherer.bed --num-samples=1000 --log=analysis/20220622_LocationPatterns/GATresults/NHinvs/log/HFNHinvs_annotations_repeats.log --stdout=analysis/20220622_LocationPatterns/GATresults/NHinvs/tsv/HFNHinvs_annotations_repeats.tsv
# job started at Wed Jun 22 21:42:01 2022 on rgomez-pc -- 932238cf-3b1c-4aea-973c-3f4bf989c285
# pid: 19697, system: Linux 5.3.0-7648-generic #41~1586790036~18.04~600aeb5-Ubuntu SMP Mon Apr 13 17:47:15 UTC  x86_64
# annotation_files                        : ['analysis/20220622_LocationPatterns/GATfiles/Annotations/annotations_repeats.bed']
# annotations_label                       : None
# annotations_to_points                   : None
# bucket_size                             : 0
# cache                                   : None
# conditional                             : unconditional
# conditional_expansion                   : None
# conditional_extension                   : None
# counters                                : []
# enable_split_tracks                     : False
# ignore_segment_tracks                   : True
# input_filename_counts                   : None
# input_filename_descriptions             : None
# input_filename_results                  : None
# isochore_files                          : None
# loglevel                                : 1
# nbuckets                                : 100000
# null                                    : default
# num_samples                             : 1000
# num_threads                             : 0
# output_bed                              : []
# output_counts_pattern                   : None
# output_filename_pattern                 : %s
# output_force                            : False
# output_order                            : fold
# output_plots_pattern                    : None
# output_samples_pattern                  : None
# output_stats                            : []
# output_tables_pattern                   : %s.tsv.gz
# overlapping_annotations                 : False
# pseudo_count                            : 1.0
# pvalue_method                           : empirical
# qvalue_lambda                           : None
# qvalue_method                           : BH
# qvalue_pi0_method                       : smoother
# random_seed                             : None
# restrict_workspace                      : False
# sample_files                            : []
# sampler                                 : annotator
# segment_files                           : ['analysis/20220622_LocationPatterns/GATfiles/Segments/HFNHinvs.bed']
# shift_expansion                         : 2.0
# shift_extension                         : 0
# short_help                              : None
# stderr                                  : <_io.TextIOWrapper name='<stderr>' mode='w' encoding='utf-8'>
# stdin                                   : <_io.TextIOWrapper name='<stdin>' mode='r' encoding='utf-8'>
# stdlog                                  : <_io.TextIOWrapper name='analysis/20220622_LocationPatterns/GATresults/NHinvs/log/HFNHinvs_annotations_repeats.log' mode='a' encoding='UTF-8'>
# stdout                                  : <_io.TextIOWrapper name='analysis/20220622_LocationPatterns/GATresults/NHinvs/tsv/HFNHinvs_annotations_repeats.tsv' mode='w' encoding='UTF-8'>
# timeit_file                             : None
# timeit_header                           : None
# timeit_name                             : all
# truncate_segments_to_workspace          : False
# truncate_workspace_to_annotations       : False
# workspace_files                         : ['analysis/20220622_LocationPatterns/GATfiles/Workspace/workspace_avgBherer.bed']
2022-06-22 21:42:01,135 INFO segments: reading tracks from 1 files
2022-06-22 21:42:01,135 INFO segments: read 1 tracks from 1 files
2022-06-22 21:42:01,135 INFO annotations: reading tracks from 1 files
2022-06-22 21:42:01,252 INFO annotations: read 1 tracks from 1 files
2022-06-22 21:42:01,256 INFO workspaces: reading tracks from 1 files
2022-06-22 21:42:01,257 INFO workspaces: read 1 tracks from 1 files
2022-06-22 21:42:01,257 INFO collapsing workspaces
2022-06-22 21:42:01,257 INFO intervals loaded in 0 seconds
2022-06-22 21:42:01,257 INFO collecting observed counts
2022-06-22 21:42:01,257 INFO starting sampling
2022-06-22 21:42:01,257 INFO sampling: merged: 1/1
2022-06-22 21:42:01,257 INFO performing unconditional sampling
2022-06-22 21:42:01,257 INFO workspace without conditioning: 39 segments, 2678195140 nucleotides
2022-06-22 21:42:01,257 INFO workspace after conditioning: 39 segments, 2678195140 nucleotides
2022-06-22 21:42:01,258 INFO sampling started
2022-06-22 21:42:01,260 INFO 0/1000 done ( 0.00)
2022-06-22 21:42:01,454 INFO 100/1000 done (10.00)
2022-06-22 21:42:01,651 INFO 200/1000 done (20.00)
2022-06-22 21:42:01,843 INFO 300/1000 done (30.00)
2022-06-22 21:42:02,041 INFO 400/1000 done (40.00)
2022-06-22 21:42:02,238 INFO 500/1000 done (50.00)
2022-06-22 21:42:02,432 INFO 600/1000 done (60.00)
2022-06-22 21:42:02,630 INFO 700/1000 done (70.00)
2022-06-22 21:42:02,824 INFO 800/1000 done (80.00)
2022-06-22 21:42:03,018 INFO 900/1000 done (90.00)
2022-06-22 21:42:03,213 INFO sampling completed
2022-06-22 21:42:03,214 INFO sampling finished
2022-06-22 21:42:03,214 INFO computing PValue statistics
2022-06-22 21:42:03,214 INFO computing FDR statistics
# job finished in 2 seconds at Wed Jun 22 21:42:03 2022 --  2.81  0.05  0.00  0.00 -- 932238cf-3b1c-4aea-973c-3f4bf989c285
