# output generated by /home/rgomez/anaconda3/bin/gat-run.py --segments=analysis/20220602_LocationPatterns/GATfiles/Segments/LFNHinvs.bed --annotations=analysis/20220602_LocationPatterns/GATfiles/Annotations/annotations_avgBherer.bed --workspace=analysis/20220602_LocationPatterns/GATfiles/Workspace/workspace_avgBherer.bed --output-counts-pattern=analysis/20220602_LocationPatterns/GATresults/NHinvs_comparable/counts/LFNHinvs_annotations_avgBherer%s.tsv.gz --num-samples=1000 --log=analysis/20220602_LocationPatterns/GATresults/NHinvs_comparable/log/LFNHinvs_annotations_avgBherer.log --stdout=analysis/20220602_LocationPatterns/GATresults/NHinvs_comparable/tsv/LFNHinvs_annotations_avgBherer.tsv
# job started at Thu Jun 23 13:02:21 2022 on rgomez-pc -- dcc85de2-a96d-4e79-8ca0-e27d97b4f275
# pid: 27622, system: Linux 5.3.0-7648-generic #41~1586790036~18.04~600aeb5-Ubuntu SMP Mon Apr 13 17:47:15 UTC  x86_64
# annotation_files                        : ['analysis/20220602_LocationPatterns/GATfiles/Annotations/annotations_avgBherer.bed']
# annotations_label                       : None
# annotations_to_points                   : None
# bucket_size                             : 0
# cache                                   : None
# conditional                             : unconditional
# conditional_expansion                   : None
# conditional_extension                   : None
# counters                                : []
# enable_split_tracks                     : False
# ignore_segment_tracks                   : True
# input_filename_counts                   : None
# input_filename_descriptions             : None
# input_filename_results                  : None
# isochore_files                          : None
# loglevel                                : 1
# nbuckets                                : 100000
# null                                    : default
# num_samples                             : 1000
# num_threads                             : 0
# output_bed                              : []
# output_counts_pattern                   : analysis/20220602_LocationPatterns/GATresults/NHinvs_comparable/counts/LFNHinvs_annotations_avgBherer%s.tsv.gz
# output_filename_pattern                 : %s
# output_force                            : False
# output_order                            : fold
# output_plots_pattern                    : None
# output_samples_pattern                  : None
# output_stats                            : []
# output_tables_pattern                   : %s.tsv.gz
# overlapping_annotations                 : False
# pseudo_count                            : 1.0
# pvalue_method                           : empirical
# qvalue_lambda                           : None
# qvalue_method                           : BH
# qvalue_pi0_method                       : smoother
# random_seed                             : None
# restrict_workspace                      : False
# sample_files                            : []
# sampler                                 : annotator
# segment_files                           : ['analysis/20220602_LocationPatterns/GATfiles/Segments/LFNHinvs.bed']
# shift_expansion                         : 2.0
# shift_extension                         : 0
# short_help                              : None
# stderr                                  : <_io.TextIOWrapper name='<stderr>' mode='w' encoding='utf-8'>
# stdin                                   : <_io.TextIOWrapper name='<stdin>' mode='r' encoding='utf-8'>
# stdlog                                  : <_io.TextIOWrapper name='analysis/20220602_LocationPatterns/GATresults/NHinvs_comparable/log/LFNHinvs_annotations_avgBherer.log' mode='a' encoding='UTF-8'>
# stdout                                  : <_io.TextIOWrapper name='analysis/20220602_LocationPatterns/GATresults/NHinvs_comparable/tsv/LFNHinvs_annotations_avgBherer.tsv' mode='w' encoding='UTF-8'>
# timeit_file                             : None
# timeit_header                           : None
# timeit_name                             : all
# truncate_segments_to_workspace          : False
# truncate_workspace_to_annotations       : False
# workspace_files                         : ['analysis/20220602_LocationPatterns/GATfiles/Workspace/workspace_avgBherer.bed']
# output generated by /home/rgomez/anaconda3/bin/gat-run.py --segments=analysis/20220602_LocationPatterns/GATfiles/Segments/LFNHinvs.bed --annotations=analysis/20220602_LocationPatterns/GATfiles/Annotations/annotations_avgBherer.bed --workspace=analysis/20220602_LocationPatterns/GATfiles/Workspace/workspace_avgBherer.bed --output-counts-pattern=analysis/20220602_LocationPatterns/GATresults/NHinvs_comparable/counts/LFNHinvs_annotations_avgBherer%s.tsv.gz --num-samples=1000 --log=analysis/20220602_LocationPatterns/GATresults/NHinvs_comparable/log/LFNHinvs_annotations_avgBherer.log --stdout=analysis/20220602_LocationPatterns/GATresults/NHinvs_comparable/tsv/LFNHinvs_annotations_avgBherer.tsv
# job started at Thu Jun 23 13:02:58 2022 on rgomez-pc -- f3c7719a-9ab9-45b8-a970-cab71698354a
# pid: 27731, system: Linux 5.3.0-7648-generic #41~1586790036~18.04~600aeb5-Ubuntu SMP Mon Apr 13 17:47:15 UTC  x86_64
# annotation_files                        : ['analysis/20220602_LocationPatterns/GATfiles/Annotations/annotations_avgBherer.bed']
# annotations_label                       : None
# annotations_to_points                   : None
# bucket_size                             : 0
# cache                                   : None
# conditional                             : unconditional
# conditional_expansion                   : None
# conditional_extension                   : None
# counters                                : []
# enable_split_tracks                     : False
# ignore_segment_tracks                   : True
# input_filename_counts                   : None
# input_filename_descriptions             : None
# input_filename_results                  : None
# isochore_files                          : None
# loglevel                                : 1
# nbuckets                                : 100000
# null                                    : default
# num_samples                             : 1000
# num_threads                             : 0
# output_bed                              : []
# output_counts_pattern                   : analysis/20220602_LocationPatterns/GATresults/NHinvs_comparable/counts/LFNHinvs_annotations_avgBherer%s.tsv.gz
# output_filename_pattern                 : %s
# output_force                            : False
# output_order                            : fold
# output_plots_pattern                    : None
# output_samples_pattern                  : None
# output_stats                            : []
# output_tables_pattern                   : %s.tsv.gz
# overlapping_annotations                 : False
# pseudo_count                            : 1.0
# pvalue_method                           : empirical
# qvalue_lambda                           : None
# qvalue_method                           : BH
# qvalue_pi0_method                       : smoother
# random_seed                             : None
# restrict_workspace                      : False
# sample_files                            : []
# sampler                                 : annotator
# segment_files                           : ['analysis/20220602_LocationPatterns/GATfiles/Segments/LFNHinvs.bed']
# shift_expansion                         : 2.0
# shift_extension                         : 0
# short_help                              : None
# stderr                                  : <_io.TextIOWrapper name='<stderr>' mode='w' encoding='utf-8'>
# stdin                                   : <_io.TextIOWrapper name='<stdin>' mode='r' encoding='utf-8'>
# stdlog                                  : <_io.TextIOWrapper name='analysis/20220602_LocationPatterns/GATresults/NHinvs_comparable/log/LFNHinvs_annotations_avgBherer.log' mode='a' encoding='UTF-8'>
# stdout                                  : <_io.TextIOWrapper name='analysis/20220602_LocationPatterns/GATresults/NHinvs_comparable/tsv/LFNHinvs_annotations_avgBherer.tsv' mode='w' encoding='UTF-8'>
# timeit_file                             : None
# timeit_header                           : None
# timeit_name                             : all
# truncate_segments_to_workspace          : False
# truncate_workspace_to_annotations       : False
# workspace_files                         : ['analysis/20220602_LocationPatterns/GATfiles/Workspace/workspace_avgBherer.bed']
