# output generated by /home/rgomez/anaconda3/bin/gat-run.py --segments=analysis/20220621_LocationPatterns/GATfiles/Segments/segmentsNAHR_sim.bed --annotations=analysis/20220621_LocationPatterns/GATfiles/Annotations/annotations_sim.bed --output-counts-pattern=analysis/20220621_LocationPatterns/GATresults/Simulation/counts/segmentsNAHR_sim_sim_%s.tsv.gz --workspace=analysis/20220621_LocationPatterns/GATfiles/Workspace/workspace_sim.bed --num-samples=100 --log=analysis/20220621_LocationPatterns/GATresults/Simulation/log/segmentsNAHR_sim_sim.log --stdout=analysis/20220621_LocationPatterns/GATresults/Simulation/tsv/segmentsNAHR_sim_sim.tsv
# job started at Tue Jun 21 13:49:57 2022 on rgomez-pc -- 4ba39800-c1b8-4e6c-a7b6-c4da7c1346ea
# pid: 6805, system: Linux 5.3.0-7648-generic #41~1586790036~18.04~600aeb5-Ubuntu SMP Mon Apr 13 17:47:15 UTC  x86_64
# annotation_files                        : ['analysis/20220621_LocationPatterns/GATfiles/Annotations/annotations_sim.bed']
# annotations_label                       : None
# annotations_to_points                   : None
# bucket_size                             : 0
# cache                                   : None
# conditional                             : unconditional
# conditional_expansion                   : None
# conditional_extension                   : None
# counters                                : []
# enable_split_tracks                     : False
# ignore_segment_tracks                   : True
# input_filename_counts                   : None
# input_filename_descriptions             : None
# input_filename_results                  : None
# isochore_files                          : None
# loglevel                                : 1
# nbuckets                                : 100000
# null                                    : default
# num_samples                             : 100
# num_threads                             : 0
# output_bed                              : []
# output_counts_pattern                   : analysis/20220621_LocationPatterns/GATresults/Simulation/counts/segmentsNAHR_sim_sim_%s.tsv.gz
# output_filename_pattern                 : %s
# output_force                            : False
# output_order                            : fold
# output_plots_pattern                    : None
# output_samples_pattern                  : None
# output_stats                            : []
# output_tables_pattern                   : %s.tsv.gz
# overlapping_annotations                 : False
# pseudo_count                            : 1.0
# pvalue_method                           : empirical
# qvalue_lambda                           : None
# qvalue_method                           : BH
# qvalue_pi0_method                       : smoother
# random_seed                             : None
# restrict_workspace                      : False
# sample_files                            : []
# sampler                                 : annotator
# segment_files                           : ['analysis/20220621_LocationPatterns/GATfiles/Segments/segmentsNAHR_sim.bed']
# shift_expansion                         : 2.0
# shift_extension                         : 0
# short_help                              : None
# stderr                                  : <_io.TextIOWrapper name='<stderr>' mode='w' encoding='utf-8'>
# stdin                                   : <_io.TextIOWrapper name='<stdin>' mode='r' encoding='utf-8'>
# stdlog                                  : <_io.TextIOWrapper name='analysis/20220621_LocationPatterns/GATresults/Simulation/log/segmentsNAHR_sim_sim.log' mode='a' encoding='UTF-8'>
# stdout                                  : <_io.TextIOWrapper name='analysis/20220621_LocationPatterns/GATresults/Simulation/tsv/segmentsNAHR_sim_sim.tsv' mode='w' encoding='UTF-8'>
# timeit_file                             : None
# timeit_header                           : None
# timeit_name                             : all
# truncate_segments_to_workspace          : False
# truncate_workspace_to_annotations       : False
# workspace_files                         : ['analysis/20220621_LocationPatterns/GATfiles/Workspace/workspace_sim.bed']
2022-06-21 13:49:57,146 INFO segments: reading tracks from 1 files
2022-06-21 13:49:57,146 INFO segments: read 1 tracks from 1 files
2022-06-21 13:49:57,146 INFO annotations: reading tracks from 1 files
2022-06-21 13:49:57,146 INFO annotations: read 1 tracks from 1 files
2022-06-21 13:49:57,146 INFO workspaces: reading tracks from 1 files
2022-06-21 13:49:57,146 INFO workspaces: read 1 tracks from 1 files
2022-06-21 13:49:57,146 INFO collapsing workspaces
2022-06-21 13:49:57,147 INFO intervals loaded in 0 seconds
2022-06-21 13:49:57,147 INFO collecting observed counts
2022-06-21 13:49:57,147 INFO starting sampling
2022-06-21 13:49:57,147 INFO sampling: merged: 1/1
2022-06-21 13:49:57,147 INFO performing unconditional sampling
2022-06-21 13:49:57,147 INFO workspace without conditioning: 1 segments, 1000 nucleotides
2022-06-21 13:49:57,147 INFO workspace after conditioning: 1 segments, 1000 nucleotides
2022-06-21 13:49:57,147 INFO sampling started
2022-06-21 13:49:57,148 INFO 0/100 done ( 0.00)
2022-06-21 13:49:57,164 INFO sampling completed
2022-06-21 13:49:57,165 INFO sampling finished
2022-06-21 13:49:57,165 INFO computing PValue statistics
2022-06-21 13:49:57,165 INFO writing counts to analysis/20220621_LocationPatterns/GATresults/Simulation/counts/segmentsNAHR_sim_sim_nucleotide-overlap.tsv.gz
2022-06-21 13:49:57,165 INFO computing FDR statistics
# job finished in 0 seconds at Tue Jun 21 13:49:57 2022 --  0.92  0.05  0.00  0.00 -- 4ba39800-c1b8-4e6c-a7b6-c4da7c1346ea
# output generated by /home/rgomez/anaconda3/bin/gat-run.py --segments=analysis/20220621_LocationPatterns/GATfiles/Segments/segmentsNAHR_sim.bed --annotations=analysis/20220621_LocationPatterns/GATfiles/Annotations/annotations_sim.bed --isochores=analysis/20220621_LocationPatterns/GATfiles/Isochores/isochores_sim.bed --output-counts-pattern=analysis/20220621_LocationPatterns/GATresults/Simulation/counts/segmentsNAHR_sim_sim_%s.tsv.gz --workspace=analysis/20220621_LocationPatterns/GATfiles/Workspace/workspace_sim.bed --num-samples=100 --log=analysis/20220621_LocationPatterns/GATresults/Simulation/log/segmentsNAHR_sim_sim.log --stdout=analysis/20220621_LocationPatterns/GATresults/Simulation/tsv/segmentsNAHR_sim_sim.tsv
# job started at Tue Jun 21 13:53:48 2022 on rgomez-pc -- 0bd535d4-3803-4c7a-b5b7-ff49ed9844e1
# pid: 7239, system: Linux 5.3.0-7648-generic #41~1586790036~18.04~600aeb5-Ubuntu SMP Mon Apr 13 17:47:15 UTC  x86_64
# annotation_files                        : ['analysis/20220621_LocationPatterns/GATfiles/Annotations/annotations_sim.bed']
# annotations_label                       : None
# annotations_to_points                   : None
# bucket_size                             : 0
# cache                                   : None
# conditional                             : unconditional
# conditional_expansion                   : None
# conditional_extension                   : None
# counters                                : []
# enable_split_tracks                     : False
# ignore_segment_tracks                   : True
# input_filename_counts                   : None
# input_filename_descriptions             : None
# input_filename_results                  : None
# isochore_files                          : ['analysis/20220621_LocationPatterns/GATfiles/Isochores/isochores_sim.bed']
# loglevel                                : 1
# nbuckets                                : 100000
# null                                    : default
# num_samples                             : 100
# num_threads                             : 0
# output_bed                              : []
# output_counts_pattern                   : analysis/20220621_LocationPatterns/GATresults/Simulation/counts/segmentsNAHR_sim_sim_%s.tsv.gz
# output_filename_pattern                 : %s
# output_force                            : False
# output_order                            : fold
# output_plots_pattern                    : None
# output_samples_pattern                  : None
# output_stats                            : []
# output_tables_pattern                   : %s.tsv.gz
# overlapping_annotations                 : False
# pseudo_count                            : 1.0
# pvalue_method                           : empirical
# qvalue_lambda                           : None
# qvalue_method                           : BH
# qvalue_pi0_method                       : smoother
# random_seed                             : None
# restrict_workspace                      : False
# sample_files                            : []
# sampler                                 : annotator
# segment_files                           : ['analysis/20220621_LocationPatterns/GATfiles/Segments/segmentsNAHR_sim.bed']
# shift_expansion                         : 2.0
# shift_extension                         : 0
# short_help                              : None
# stderr                                  : <_io.TextIOWrapper name='<stderr>' mode='w' encoding='utf-8'>
# stdin                                   : <_io.TextIOWrapper name='<stdin>' mode='r' encoding='utf-8'>
# stdlog                                  : <_io.TextIOWrapper name='analysis/20220621_LocationPatterns/GATresults/Simulation/log/segmentsNAHR_sim_sim.log' mode='a' encoding='UTF-8'>
# stdout                                  : <_io.TextIOWrapper name='analysis/20220621_LocationPatterns/GATresults/Simulation/tsv/segmentsNAHR_sim_sim.tsv' mode='w' encoding='UTF-8'>
# timeit_file                             : None
# timeit_header                           : None
# timeit_name                             : all
# truncate_segments_to_workspace          : False
# truncate_workspace_to_annotations       : False
# workspace_files                         : ['analysis/20220621_LocationPatterns/GATfiles/Workspace/workspace_sim.bed']
2022-06-21 13:53:48,862 INFO segments: reading tracks from 1 files
2022-06-21 13:53:48,862 INFO segments: read 1 tracks from 1 files
2022-06-21 13:53:48,862 INFO annotations: reading tracks from 1 files
2022-06-21 13:53:48,863 INFO annotations: read 1 tracks from 1 files
2022-06-21 13:53:48,863 INFO workspaces: reading tracks from 1 files
2022-06-21 13:53:48,863 INFO workspaces: read 1 tracks from 1 files
2022-06-21 13:53:48,863 INFO collapsing workspaces
2022-06-21 13:53:48,863 INFO isochores: reading isochores from 1 files
2022-06-21 13:53:48,863 INFO intervals loaded in 0 seconds
2022-06-21 13:53:48,863 INFO adding isochores to workspace
2022-06-21 13:53:48,863 INFO collecting observed counts
2022-06-21 13:53:48,863 INFO starting sampling
2022-06-21 13:53:48,863 INFO sampling: merged: 1/1
2022-06-21 13:53:48,863 INFO performing unconditional sampling
# output generated by /home/rgomez/anaconda3/bin/gat-run.py --segments=analysis/20220621_LocationPatterns/GATfiles/Segments/segmentsNAHR_sim.bed --annotations=analysis/20220621_LocationPatterns/GATfiles/Annotations/annotations_sim.bed --isochores=analysis/20220621_LocationPatterns/GATfiles/Isochores/isochores_sim.bed --output-counts-pattern=analysis/20220621_LocationPatterns/GATresults/Simulation/counts/segmentsNAHR_sim_sim_%s.tsv.gz --workspace=analysis/20220621_LocationPatterns/GATfiles/Workspace/workspace_sim.bed --num-samples=100 --log=analysis/20220621_LocationPatterns/GATresults/Simulation/log/segmentsNAHR_sim_sim.log --stdout=analysis/20220621_LocationPatterns/GATresults/Simulation/tsv/segmentsNAHR_sim_sim.tsv
# job started at Tue Jun 21 13:54:23 2022 on rgomez-pc -- 8ac89d6b-20c0-4947-9b3b-7d960979b1cd
# pid: 7405, system: Linux 5.3.0-7648-generic #41~1586790036~18.04~600aeb5-Ubuntu SMP Mon Apr 13 17:47:15 UTC  x86_64
# annotation_files                        : ['analysis/20220621_LocationPatterns/GATfiles/Annotations/annotations_sim.bed']
# annotations_label                       : None
# annotations_to_points                   : None
# bucket_size                             : 0
# cache                                   : None
# conditional                             : unconditional
# conditional_expansion                   : None
# conditional_extension                   : None
# counters                                : []
# enable_split_tracks                     : False
# ignore_segment_tracks                   : True
# input_filename_counts                   : None
# input_filename_descriptions             : None
# input_filename_results                  : None
# isochore_files                          : ['analysis/20220621_LocationPatterns/GATfiles/Isochores/isochores_sim.bed']
# loglevel                                : 1
# nbuckets                                : 100000
# null                                    : default
# num_samples                             : 100
# num_threads                             : 0
# output_bed                              : []
# output_counts_pattern                   : analysis/20220621_LocationPatterns/GATresults/Simulation/counts/segmentsNAHR_sim_sim_%s.tsv.gz
# output_filename_pattern                 : %s
# output_force                            : False
# output_order                            : fold
# output_plots_pattern                    : None
# output_samples_pattern                  : None
# output_stats                            : []
# output_tables_pattern                   : %s.tsv.gz
# overlapping_annotations                 : False
# pseudo_count                            : 1.0
# pvalue_method                           : empirical
# qvalue_lambda                           : None
# qvalue_method                           : BH
# qvalue_pi0_method                       : smoother
# random_seed                             : None
# restrict_workspace                      : False
# sample_files                            : []
# sampler                                 : annotator
# segment_files                           : ['analysis/20220621_LocationPatterns/GATfiles/Segments/segmentsNAHR_sim.bed']
# shift_expansion                         : 2.0
# shift_extension                         : 0
# short_help                              : None
# stderr                                  : <_io.TextIOWrapper name='<stderr>' mode='w' encoding='utf-8'>
# stdin                                   : <_io.TextIOWrapper name='<stdin>' mode='r' encoding='utf-8'>
# stdlog                                  : <_io.TextIOWrapper name='analysis/20220621_LocationPatterns/GATresults/Simulation/log/segmentsNAHR_sim_sim.log' mode='a' encoding='UTF-8'>
# stdout                                  : <_io.TextIOWrapper name='analysis/20220621_LocationPatterns/GATresults/Simulation/tsv/segmentsNAHR_sim_sim.tsv' mode='w' encoding='UTF-8'>
# timeit_file                             : None
# timeit_header                           : None
# timeit_name                             : all
# truncate_segments_to_workspace          : False
# truncate_workspace_to_annotations       : False
# workspace_files                         : ['analysis/20220621_LocationPatterns/GATfiles/Workspace/workspace_sim.bed']
2022-06-21 13:54:23,020 INFO segments: reading tracks from 1 files
2022-06-21 13:54:23,021 INFO segments: read 1 tracks from 1 files
2022-06-21 13:54:23,021 INFO annotations: reading tracks from 1 files
2022-06-21 13:54:23,021 INFO annotations: read 1 tracks from 1 files
2022-06-21 13:54:23,021 INFO workspaces: reading tracks from 1 files
2022-06-21 13:54:23,021 INFO workspaces: read 1 tracks from 1 files
2022-06-21 13:54:23,021 INFO collapsing workspaces
2022-06-21 13:54:23,021 INFO isochores: reading isochores from 1 files
2022-06-21 13:54:23,021 INFO intervals loaded in 0 seconds
2022-06-21 13:54:23,021 INFO adding isochores to workspace
2022-06-21 13:54:23,021 INFO collecting observed counts
2022-06-21 13:54:23,021 INFO starting sampling
2022-06-21 13:54:23,022 INFO sampling: merged: 1/1
2022-06-21 13:54:23,022 INFO performing unconditional sampling
2022-06-21 13:54:23,022 INFO workspace without conditioning: 2 segments, 1000 nucleotides
2022-06-21 13:54:23,022 INFO workspace after conditioning: 2 segments, 1000 nucleotides
2022-06-21 13:54:23,022 INFO sampling started
2022-06-21 13:54:23,022 INFO 0/100 done ( 0.00)
2022-06-21 13:54:23,040 INFO sampling completed
2022-06-21 13:54:23,040 INFO sampling finished
2022-06-21 13:54:23,040 INFO computing PValue statistics
2022-06-21 13:54:23,041 INFO writing counts to analysis/20220621_LocationPatterns/GATresults/Simulation/counts/segmentsNAHR_sim_sim_nucleotide-overlap.tsv.gz
2022-06-21 13:54:23,041 INFO computing FDR statistics
# job finished in 0 seconds at Tue Jun 21 13:54:23 2022 --  0.85  0.04  0.00  0.00 -- 8ac89d6b-20c0-4947-9b3b-7d960979b1cd
# output generated by /home/rgomez/anaconda3/bin/gat-run.py --segments=analysis/20220621_LocationPatterns/GATfiles/Segments/segmentsNAHR_sim.bed --annotations=analysis/20220621_LocationPatterns/GATfiles/Annotations/annotations_sim.bed --isochores=analysis/20220621_LocationPatterns/GATfiles/Isochores/isochores_sim.bed --output-counts-pattern=analysis/20220621_LocationPatterns/GATresults/Simulation/counts/segmentsNAHR_sim_sim_%s.tsv.gz --workspace=analysis/20220621_LocationPatterns/GATfiles/Workspace/workspace_sim.bed --num-samples=100 --log=analysis/20220621_LocationPatterns/GATresults/Simulation/log/segmentsNAHR_sim_sim.log --stdout=analysis/20220621_LocationPatterns/GATresults/Simulation/tsv/segmentsNAHR_sim_sim.tsv
# job started at Tue Jun 21 14:00:00 2022 on rgomez-pc -- 08cb4ecc-667a-4947-8d98-c4ecfa7534e8
# pid: 7933, system: Linux 5.3.0-7648-generic #41~1586790036~18.04~600aeb5-Ubuntu SMP Mon Apr 13 17:47:15 UTC  x86_64
# annotation_files                        : ['analysis/20220621_LocationPatterns/GATfiles/Annotations/annotations_sim.bed']
# annotations_label                       : None
# annotations_to_points                   : None
# bucket_size                             : 0
# cache                                   : None
# conditional                             : unconditional
# conditional_expansion                   : None
# conditional_extension                   : None
# counters                                : []
# enable_split_tracks                     : False
# ignore_segment_tracks                   : True
# input_filename_counts                   : None
# input_filename_descriptions             : None
# input_filename_results                  : None
# isochore_files                          : ['analysis/20220621_LocationPatterns/GATfiles/Isochores/isochores_sim.bed']
# loglevel                                : 1
# nbuckets                                : 100000
# null                                    : default
# num_samples                             : 100
# num_threads                             : 0
# output_bed                              : []
# output_counts_pattern                   : analysis/20220621_LocationPatterns/GATresults/Simulation/counts/segmentsNAHR_sim_sim_%s.tsv.gz
# output_filename_pattern                 : %s
# output_force                            : False
# output_order                            : fold
# output_plots_pattern                    : None
# output_samples_pattern                  : None
# output_stats                            : []
# output_tables_pattern                   : %s.tsv.gz
# overlapping_annotations                 : False
# pseudo_count                            : 1.0
# pvalue_method                           : empirical
# qvalue_lambda                           : None
# qvalue_method                           : BH
# qvalue_pi0_method                       : smoother
# random_seed                             : None
# restrict_workspace                      : False
# sample_files                            : []
# sampler                                 : annotator
# segment_files                           : ['analysis/20220621_LocationPatterns/GATfiles/Segments/segmentsNAHR_sim.bed']
# shift_expansion                         : 2.0
# shift_extension                         : 0
# short_help                              : None
# stderr                                  : <_io.TextIOWrapper name='<stderr>' mode='w' encoding='utf-8'>
# stdin                                   : <_io.TextIOWrapper name='<stdin>' mode='r' encoding='utf-8'>
# stdlog                                  : <_io.TextIOWrapper name='analysis/20220621_LocationPatterns/GATresults/Simulation/log/segmentsNAHR_sim_sim.log' mode='a' encoding='UTF-8'>
# stdout                                  : <_io.TextIOWrapper name='analysis/20220621_LocationPatterns/GATresults/Simulation/tsv/segmentsNAHR_sim_sim.tsv' mode='w' encoding='UTF-8'>
# timeit_file                             : None
# timeit_header                           : None
# timeit_name                             : all
# truncate_segments_to_workspace          : False
# truncate_workspace_to_annotations       : False
# workspace_files                         : ['analysis/20220621_LocationPatterns/GATfiles/Workspace/workspace_sim.bed']
2022-06-21 14:00:00,020 INFO segments: reading tracks from 1 files
2022-06-21 14:00:00,020 INFO segments: read 1 tracks from 1 files
2022-06-21 14:00:00,020 INFO annotations: reading tracks from 1 files
2022-06-21 14:00:00,020 INFO annotations: read 1 tracks from 1 files
2022-06-21 14:00:00,020 INFO workspaces: reading tracks from 1 files
2022-06-21 14:00:00,020 INFO workspaces: read 1 tracks from 1 files
2022-06-21 14:00:00,021 INFO collapsing workspaces
2022-06-21 14:00:00,021 INFO isochores: reading isochores from 1 files
2022-06-21 14:00:00,021 INFO intervals loaded in 0 seconds
2022-06-21 14:00:00,021 INFO adding isochores to workspace
2022-06-21 14:00:00,021 INFO collecting observed counts
2022-06-21 14:00:00,021 INFO starting sampling
2022-06-21 14:00:00,021 INFO sampling: merged: 1/1
2022-06-21 14:00:00,021 INFO performing unconditional sampling
2022-06-21 14:00:00,021 INFO workspace without conditioning: 2 segments, 1000 nucleotides
2022-06-21 14:00:00,021 INFO workspace after conditioning: 2 segments, 1000 nucleotides
2022-06-21 14:00:00,021 INFO sampling started
2022-06-21 14:00:00,022 INFO 0/100 done ( 0.00)
2022-06-21 14:00:00,040 INFO sampling completed
2022-06-21 14:00:00,040 INFO sampling finished
2022-06-21 14:00:00,040 INFO computing PValue statistics
2022-06-21 14:00:00,040 INFO writing counts to analysis/20220621_LocationPatterns/GATresults/Simulation/counts/segmentsNAHR_sim_sim_nucleotide-overlap.tsv.gz
2022-06-21 14:00:00,041 INFO computing FDR statistics
# job finished in 0 seconds at Tue Jun 21 14:00:00 2022 --  0.79  0.03  0.00  0.00 -- 08cb4ecc-667a-4947-8d98-c4ecfa7534e8
# output generated by /home/rgomez/anaconda3/bin/gat-run.py --segments=analysis/20220621_LocationPatterns/GATfiles/Segments/segmentsNAHR_sim.bed --annotations=analysis/20220621_LocationPatterns/GATfiles/Annotations/annotations_sim.bed --isochores=analysis/20220621_LocationPatterns/GATfiles/Isochores/isochores_sim.bed --output-counts-pattern=analysis/20220621_LocationPatterns/GATresults/Simulation/counts/segmentsNAHR_sim_sim_%s.tsv.gz --workspace=analysis/20220621_LocationPatterns/GATfiles/Workspace/workspace_sim.bed --num-samples=100 --log=analysis/20220621_LocationPatterns/GATresults/Simulation/log/segmentsNAHR_sim_sim.log --stdout=analysis/20220621_LocationPatterns/GATresults/Simulation/tsv/segmentsNAHR_sim_sim.tsv
# job started at Tue Jun 21 14:10:15 2022 on rgomez-pc -- dc3eee92-74fc-4ed9-9c63-624ccfc4335e
# pid: 8727, system: Linux 5.3.0-7648-generic #41~1586790036~18.04~600aeb5-Ubuntu SMP Mon Apr 13 17:47:15 UTC  x86_64
# annotation_files                        : ['analysis/20220621_LocationPatterns/GATfiles/Annotations/annotations_sim.bed']
# annotations_label                       : None
# annotations_to_points                   : None
# bucket_size                             : 0
# cache                                   : None
# conditional                             : unconditional
# conditional_expansion                   : None
# conditional_extension                   : None
# counters                                : []
# enable_split_tracks                     : False
# ignore_segment_tracks                   : True
# input_filename_counts                   : None
# input_filename_descriptions             : None
# input_filename_results                  : None
# isochore_files                          : ['analysis/20220621_LocationPatterns/GATfiles/Isochores/isochores_sim.bed']
# loglevel                                : 1
# nbuckets                                : 100000
# null                                    : default
# num_samples                             : 100
# num_threads                             : 0
# output_bed                              : []
# output_counts_pattern                   : analysis/20220621_LocationPatterns/GATresults/Simulation/counts/segmentsNAHR_sim_sim_%s.tsv.gz
# output_filename_pattern                 : %s
# output_force                            : False
# output_order                            : fold
# output_plots_pattern                    : None
# output_samples_pattern                  : None
# output_stats                            : []
# output_tables_pattern                   : %s.tsv.gz
# overlapping_annotations                 : False
# pseudo_count                            : 1.0
# pvalue_method                           : empirical
# qvalue_lambda                           : None
# qvalue_method                           : BH
# qvalue_pi0_method                       : smoother
# random_seed                             : None
# restrict_workspace                      : False
# sample_files                            : []
# sampler                                 : annotator
# segment_files                           : ['analysis/20220621_LocationPatterns/GATfiles/Segments/segmentsNAHR_sim.bed']
# shift_expansion                         : 2.0
# shift_extension                         : 0
# short_help                              : None
# stderr                                  : <_io.TextIOWrapper name='<stderr>' mode='w' encoding='utf-8'>
# stdin                                   : <_io.TextIOWrapper name='<stdin>' mode='r' encoding='utf-8'>
# stdlog                                  : <_io.TextIOWrapper name='analysis/20220621_LocationPatterns/GATresults/Simulation/log/segmentsNAHR_sim_sim.log' mode='a' encoding='UTF-8'>
# stdout                                  : <_io.TextIOWrapper name='analysis/20220621_LocationPatterns/GATresults/Simulation/tsv/segmentsNAHR_sim_sim.tsv' mode='w' encoding='UTF-8'>
# timeit_file                             : None
# timeit_header                           : None
# timeit_name                             : all
# truncate_segments_to_workspace          : False
# truncate_workspace_to_annotations       : False
# workspace_files                         : ['analysis/20220621_LocationPatterns/GATfiles/Workspace/workspace_sim.bed']
2022-06-21 14:10:15,274 INFO segments: reading tracks from 1 files
2022-06-21 14:10:15,274 INFO segments: read 1 tracks from 1 files
2022-06-21 14:10:15,274 INFO annotations: reading tracks from 1 files
2022-06-21 14:10:15,275 INFO annotations: read 1 tracks from 1 files
2022-06-21 14:10:15,275 INFO workspaces: reading tracks from 1 files
2022-06-21 14:10:15,275 INFO workspaces: read 1 tracks from 1 files
2022-06-21 14:10:15,275 INFO collapsing workspaces
2022-06-21 14:10:15,275 INFO isochores: reading isochores from 1 files
2022-06-21 14:10:15,275 INFO intervals loaded in 0 seconds
2022-06-21 14:10:15,275 INFO adding isochores to workspace
2022-06-21 14:10:15,275 INFO collecting observed counts
2022-06-21 14:10:15,275 INFO starting sampling
2022-06-21 14:10:15,275 INFO sampling: merged: 1/1
2022-06-21 14:10:15,275 INFO performing unconditional sampling
2022-06-21 14:10:15,275 INFO workspace without conditioning: 1 segments, 500 nucleotides
2022-06-21 14:10:15,275 INFO workspace after conditioning: 1 segments, 500 nucleotides
2022-06-21 14:10:15,275 INFO sampling started
2022-06-21 14:10:15,276 INFO 0/100 done ( 0.00)
2022-06-21 14:10:15,293 INFO sampling completed
2022-06-21 14:10:15,294 INFO sampling finished
2022-06-21 14:10:15,294 INFO computing PValue statistics
2022-06-21 14:10:15,294 INFO writing counts to analysis/20220621_LocationPatterns/GATresults/Simulation/counts/segmentsNAHR_sim_sim_nucleotide-overlap.tsv.gz
2022-06-21 14:10:15,294 INFO computing FDR statistics
# job finished in 0 seconds at Tue Jun 21 14:10:15 2022 --  0.76  0.03  0.00  0.00 -- dc3eee92-74fc-4ed9-9c63-624ccfc4335e
